[2025-01-13T23:25:48.786+0000] {processor.py:186} INFO - Started process (PID=113) to work on /home/airflow/.local/lib/python3.12/site-packages/airflow/example_dags/example_nested_branch_dag.py
[2025-01-13T23:25:48.788+0000] {processor.py:914} INFO - Processing file /home/airflow/.local/lib/python3.12/site-packages/airflow/example_dags/example_nested_branch_dag.py for tasks to queue
[2025-01-13T23:25:48.791+0000] {logging_mixin.py:190} INFO - [2025-01-13T23:25:48.790+0000] {dagbag.py:588} INFO - Filling up the DagBag from /home/airflow/.local/lib/python3.12/site-packages/airflow/example_dags/example_nested_branch_dag.py
[2025-01-13T23:25:48.804+0000] {processor.py:925} INFO - DAG(s) 'example_nested_branch_dag' retrieved from /home/airflow/.local/lib/python3.12/site-packages/airflow/example_dags/example_nested_branch_dag.py
[2025-01-13T23:25:48.828+0000] {logging_mixin.py:190} INFO - [2025-01-13T23:25:48.828+0000] {dag.py:3239} INFO - Sync 1 DAGs
[2025-01-13T23:25:48.861+0000] {logging_mixin.py:190} INFO - [2025-01-13T23:25:48.860+0000] {dag.py:4180} INFO - Setting next_dagrun for example_nested_branch_dag to 2025-01-12 00:00:00+00:00, run_after=2025-01-13 00:00:00+00:00
[2025-01-13T23:25:48.884+0000] {processor.py:208} INFO - Processing /home/airflow/.local/lib/python3.12/site-packages/airflow/example_dags/example_nested_branch_dag.py took 0.104 seconds
[2025-01-13T23:26:20.098+0000] {processor.py:186} INFO - Started process (PID=177) to work on /home/airflow/.local/lib/python3.12/site-packages/airflow/example_dags/example_nested_branch_dag.py
[2025-01-13T23:26:20.100+0000] {processor.py:914} INFO - Processing file /home/airflow/.local/lib/python3.12/site-packages/airflow/example_dags/example_nested_branch_dag.py for tasks to queue
[2025-01-13T23:26:20.103+0000] {logging_mixin.py:190} INFO - [2025-01-13T23:26:20.102+0000] {dagbag.py:588} INFO - Filling up the DagBag from /home/airflow/.local/lib/python3.12/site-packages/airflow/example_dags/example_nested_branch_dag.py
[2025-01-13T23:26:20.113+0000] {processor.py:925} INFO - DAG(s) 'example_nested_branch_dag' retrieved from /home/airflow/.local/lib/python3.12/site-packages/airflow/example_dags/example_nested_branch_dag.py
[2025-01-13T23:26:20.136+0000] {logging_mixin.py:190} INFO - [2025-01-13T23:26:20.136+0000] {dag.py:3239} INFO - Sync 1 DAGs
[2025-01-13T23:26:20.164+0000] {logging_mixin.py:190} INFO - [2025-01-13T23:26:20.164+0000] {dag.py:4180} INFO - Setting next_dagrun for example_nested_branch_dag to 2025-01-12 00:00:00+00:00, run_after=2025-01-13 00:00:00+00:00
[2025-01-13T23:26:20.183+0000] {processor.py:208} INFO - Processing /home/airflow/.local/lib/python3.12/site-packages/airflow/example_dags/example_nested_branch_dag.py took 0.089 seconds
[2025-01-13T23:26:51.243+0000] {processor.py:186} INFO - Started process (PID=241) to work on /home/airflow/.local/lib/python3.12/site-packages/airflow/example_dags/example_nested_branch_dag.py
[2025-01-13T23:26:51.244+0000] {processor.py:914} INFO - Processing file /home/airflow/.local/lib/python3.12/site-packages/airflow/example_dags/example_nested_branch_dag.py for tasks to queue
[2025-01-13T23:26:51.247+0000] {logging_mixin.py:190} INFO - [2025-01-13T23:26:51.246+0000] {dagbag.py:588} INFO - Filling up the DagBag from /home/airflow/.local/lib/python3.12/site-packages/airflow/example_dags/example_nested_branch_dag.py
[2025-01-13T23:26:51.257+0000] {processor.py:925} INFO - DAG(s) 'example_nested_branch_dag' retrieved from /home/airflow/.local/lib/python3.12/site-packages/airflow/example_dags/example_nested_branch_dag.py
[2025-01-13T23:26:51.277+0000] {logging_mixin.py:190} INFO - [2025-01-13T23:26:51.277+0000] {dag.py:3239} INFO - Sync 1 DAGs
[2025-01-13T23:26:51.294+0000] {logging_mixin.py:190} INFO - [2025-01-13T23:26:51.294+0000] {dag.py:4180} INFO - Setting next_dagrun for example_nested_branch_dag to 2025-01-12 00:00:00+00:00, run_after=2025-01-13 00:00:00+00:00
[2025-01-13T23:26:51.314+0000] {processor.py:208} INFO - Processing /home/airflow/.local/lib/python3.12/site-packages/airflow/example_dags/example_nested_branch_dag.py took 0.076 seconds
[2025-01-13T23:27:22.381+0000] {processor.py:186} INFO - Started process (PID=305) to work on /home/airflow/.local/lib/python3.12/site-packages/airflow/example_dags/example_nested_branch_dag.py
[2025-01-13T23:27:22.382+0000] {processor.py:914} INFO - Processing file /home/airflow/.local/lib/python3.12/site-packages/airflow/example_dags/example_nested_branch_dag.py for tasks to queue
[2025-01-13T23:27:22.385+0000] {logging_mixin.py:190} INFO - [2025-01-13T23:27:22.385+0000] {dagbag.py:588} INFO - Filling up the DagBag from /home/airflow/.local/lib/python3.12/site-packages/airflow/example_dags/example_nested_branch_dag.py
[2025-01-13T23:27:22.394+0000] {processor.py:925} INFO - DAG(s) 'example_nested_branch_dag' retrieved from /home/airflow/.local/lib/python3.12/site-packages/airflow/example_dags/example_nested_branch_dag.py
[2025-01-13T23:27:22.411+0000] {logging_mixin.py:190} INFO - [2025-01-13T23:27:22.411+0000] {dag.py:3239} INFO - Sync 1 DAGs
[2025-01-13T23:27:22.430+0000] {logging_mixin.py:190} INFO - [2025-01-13T23:27:22.429+0000] {dag.py:4180} INFO - Setting next_dagrun for example_nested_branch_dag to 2025-01-12 00:00:00+00:00, run_after=2025-01-13 00:00:00+00:00
[2025-01-13T23:27:22.448+0000] {processor.py:208} INFO - Processing /home/airflow/.local/lib/python3.12/site-packages/airflow/example_dags/example_nested_branch_dag.py took 0.072 seconds
[2025-01-13T23:27:53.471+0000] {processor.py:186} INFO - Started process (PID=369) to work on /home/airflow/.local/lib/python3.12/site-packages/airflow/example_dags/example_nested_branch_dag.py
[2025-01-13T23:27:53.472+0000] {processor.py:914} INFO - Processing file /home/airflow/.local/lib/python3.12/site-packages/airflow/example_dags/example_nested_branch_dag.py for tasks to queue
[2025-01-13T23:27:53.474+0000] {logging_mixin.py:190} INFO - [2025-01-13T23:27:53.474+0000] {dagbag.py:588} INFO - Filling up the DagBag from /home/airflow/.local/lib/python3.12/site-packages/airflow/example_dags/example_nested_branch_dag.py
[2025-01-13T23:27:53.481+0000] {processor.py:925} INFO - DAG(s) 'example_nested_branch_dag' retrieved from /home/airflow/.local/lib/python3.12/site-packages/airflow/example_dags/example_nested_branch_dag.py
[2025-01-13T23:27:53.495+0000] {logging_mixin.py:190} INFO - [2025-01-13T23:27:53.495+0000] {dag.py:3239} INFO - Sync 1 DAGs
[2025-01-13T23:27:53.510+0000] {logging_mixin.py:190} INFO - [2025-01-13T23:27:53.510+0000] {dag.py:4180} INFO - Setting next_dagrun for example_nested_branch_dag to 2025-01-12 00:00:00+00:00, run_after=2025-01-13 00:00:00+00:00
[2025-01-13T23:27:53.524+0000] {processor.py:208} INFO - Processing /home/airflow/.local/lib/python3.12/site-packages/airflow/example_dags/example_nested_branch_dag.py took 0.057 seconds
[2025-01-13T23:28:24.772+0000] {processor.py:186} INFO - Started process (PID=432) to work on /home/airflow/.local/lib/python3.12/site-packages/airflow/example_dags/example_nested_branch_dag.py
[2025-01-13T23:28:24.773+0000] {processor.py:914} INFO - Processing file /home/airflow/.local/lib/python3.12/site-packages/airflow/example_dags/example_nested_branch_dag.py for tasks to queue
[2025-01-13T23:28:24.776+0000] {logging_mixin.py:190} INFO - [2025-01-13T23:28:24.775+0000] {dagbag.py:588} INFO - Filling up the DagBag from /home/airflow/.local/lib/python3.12/site-packages/airflow/example_dags/example_nested_branch_dag.py
[2025-01-13T23:28:24.784+0000] {processor.py:925} INFO - DAG(s) 'example_nested_branch_dag' retrieved from /home/airflow/.local/lib/python3.12/site-packages/airflow/example_dags/example_nested_branch_dag.py
[2025-01-13T23:28:24.798+0000] {logging_mixin.py:190} INFO - [2025-01-13T23:28:24.798+0000] {dag.py:3239} INFO - Sync 1 DAGs
[2025-01-13T23:28:24.816+0000] {logging_mixin.py:190} INFO - [2025-01-13T23:28:24.816+0000] {dag.py:4180} INFO - Setting next_dagrun for example_nested_branch_dag to 2025-01-12 00:00:00+00:00, run_after=2025-01-13 00:00:00+00:00
[2025-01-13T23:28:24.830+0000] {processor.py:208} INFO - Processing /home/airflow/.local/lib/python3.12/site-packages/airflow/example_dags/example_nested_branch_dag.py took 0.062 seconds
[2025-01-13T23:28:55.683+0000] {processor.py:186} INFO - Started process (PID=496) to work on /home/airflow/.local/lib/python3.12/site-packages/airflow/example_dags/example_nested_branch_dag.py
[2025-01-13T23:28:55.685+0000] {processor.py:914} INFO - Processing file /home/airflow/.local/lib/python3.12/site-packages/airflow/example_dags/example_nested_branch_dag.py for tasks to queue
[2025-01-13T23:28:55.687+0000] {logging_mixin.py:190} INFO - [2025-01-13T23:28:55.687+0000] {dagbag.py:588} INFO - Filling up the DagBag from /home/airflow/.local/lib/python3.12/site-packages/airflow/example_dags/example_nested_branch_dag.py
[2025-01-13T23:28:55.699+0000] {processor.py:925} INFO - DAG(s) 'example_nested_branch_dag' retrieved from /home/airflow/.local/lib/python3.12/site-packages/airflow/example_dags/example_nested_branch_dag.py
[2025-01-13T23:28:55.716+0000] {logging_mixin.py:190} INFO - [2025-01-13T23:28:55.716+0000] {dag.py:3239} INFO - Sync 1 DAGs
[2025-01-13T23:28:55.732+0000] {logging_mixin.py:190} INFO - [2025-01-13T23:28:55.732+0000] {dag.py:4180} INFO - Setting next_dagrun for example_nested_branch_dag to 2025-01-12 00:00:00+00:00, run_after=2025-01-13 00:00:00+00:00
[2025-01-13T23:28:55.747+0000] {processor.py:208} INFO - Processing /home/airflow/.local/lib/python3.12/site-packages/airflow/example_dags/example_nested_branch_dag.py took 0.071 seconds
[2025-01-13T23:29:26.466+0000] {processor.py:186} INFO - Started process (PID=559) to work on /home/airflow/.local/lib/python3.12/site-packages/airflow/example_dags/example_nested_branch_dag.py
[2025-01-13T23:29:26.467+0000] {processor.py:914} INFO - Processing file /home/airflow/.local/lib/python3.12/site-packages/airflow/example_dags/example_nested_branch_dag.py for tasks to queue
[2025-01-13T23:29:26.469+0000] {logging_mixin.py:190} INFO - [2025-01-13T23:29:26.469+0000] {dagbag.py:588} INFO - Filling up the DagBag from /home/airflow/.local/lib/python3.12/site-packages/airflow/example_dags/example_nested_branch_dag.py
[2025-01-13T23:29:26.477+0000] {processor.py:925} INFO - DAG(s) 'example_nested_branch_dag' retrieved from /home/airflow/.local/lib/python3.12/site-packages/airflow/example_dags/example_nested_branch_dag.py
[2025-01-13T23:29:26.495+0000] {logging_mixin.py:190} INFO - [2025-01-13T23:29:26.495+0000] {dag.py:3239} INFO - Sync 1 DAGs
[2025-01-13T23:29:26.513+0000] {logging_mixin.py:190} INFO - [2025-01-13T23:29:26.512+0000] {dag.py:4180} INFO - Setting next_dagrun for example_nested_branch_dag to 2025-01-12 00:00:00+00:00, run_after=2025-01-13 00:00:00+00:00
[2025-01-13T23:29:26.527+0000] {processor.py:208} INFO - Processing /home/airflow/.local/lib/python3.12/site-packages/airflow/example_dags/example_nested_branch_dag.py took 0.067 seconds
[2025-01-13T23:29:57.458+0000] {processor.py:186} INFO - Started process (PID=623) to work on /home/airflow/.local/lib/python3.12/site-packages/airflow/example_dags/example_nested_branch_dag.py
[2025-01-13T23:29:57.460+0000] {processor.py:914} INFO - Processing file /home/airflow/.local/lib/python3.12/site-packages/airflow/example_dags/example_nested_branch_dag.py for tasks to queue
[2025-01-13T23:29:57.462+0000] {logging_mixin.py:190} INFO - [2025-01-13T23:29:57.462+0000] {dagbag.py:588} INFO - Filling up the DagBag from /home/airflow/.local/lib/python3.12/site-packages/airflow/example_dags/example_nested_branch_dag.py
[2025-01-13T23:29:57.472+0000] {processor.py:925} INFO - DAG(s) 'example_nested_branch_dag' retrieved from /home/airflow/.local/lib/python3.12/site-packages/airflow/example_dags/example_nested_branch_dag.py
[2025-01-13T23:29:57.493+0000] {logging_mixin.py:190} INFO - [2025-01-13T23:29:57.493+0000] {dag.py:3239} INFO - Sync 1 DAGs
[2025-01-13T23:29:57.512+0000] {logging_mixin.py:190} INFO - [2025-01-13T23:29:57.512+0000] {dag.py:4180} INFO - Setting next_dagrun for example_nested_branch_dag to 2025-01-12 00:00:00+00:00, run_after=2025-01-13 00:00:00+00:00
[2025-01-13T23:29:57.530+0000] {processor.py:208} INFO - Processing /home/airflow/.local/lib/python3.12/site-packages/airflow/example_dags/example_nested_branch_dag.py took 0.076 seconds
[2025-01-13T23:30:29.018+0000] {processor.py:186} INFO - Started process (PID=687) to work on /home/airflow/.local/lib/python3.12/site-packages/airflow/example_dags/example_nested_branch_dag.py
[2025-01-13T23:30:29.020+0000] {processor.py:914} INFO - Processing file /home/airflow/.local/lib/python3.12/site-packages/airflow/example_dags/example_nested_branch_dag.py for tasks to queue
[2025-01-13T23:30:29.022+0000] {logging_mixin.py:190} INFO - [2025-01-13T23:30:29.022+0000] {dagbag.py:588} INFO - Filling up the DagBag from /home/airflow/.local/lib/python3.12/site-packages/airflow/example_dags/example_nested_branch_dag.py
[2025-01-13T23:30:29.033+0000] {processor.py:925} INFO - DAG(s) 'example_nested_branch_dag' retrieved from /home/airflow/.local/lib/python3.12/site-packages/airflow/example_dags/example_nested_branch_dag.py
[2025-01-13T23:30:29.059+0000] {logging_mixin.py:190} INFO - [2025-01-13T23:30:29.058+0000] {dag.py:3239} INFO - Sync 1 DAGs
[2025-01-13T23:30:29.083+0000] {logging_mixin.py:190} INFO - [2025-01-13T23:30:29.083+0000] {dag.py:4180} INFO - Setting next_dagrun for example_nested_branch_dag to 2025-01-12 00:00:00+00:00, run_after=2025-01-13 00:00:00+00:00
[2025-01-13T23:30:29.102+0000] {processor.py:208} INFO - Processing /home/airflow/.local/lib/python3.12/site-packages/airflow/example_dags/example_nested_branch_dag.py took 0.091 seconds
[2025-01-13T23:30:59.487+0000] {processor.py:186} INFO - Started process (PID=751) to work on /home/airflow/.local/lib/python3.12/site-packages/airflow/example_dags/example_nested_branch_dag.py
[2025-01-13T23:30:59.488+0000] {processor.py:914} INFO - Processing file /home/airflow/.local/lib/python3.12/site-packages/airflow/example_dags/example_nested_branch_dag.py for tasks to queue
[2025-01-13T23:30:59.491+0000] {logging_mixin.py:190} INFO - [2025-01-13T23:30:59.491+0000] {dagbag.py:588} INFO - Filling up the DagBag from /home/airflow/.local/lib/python3.12/site-packages/airflow/example_dags/example_nested_branch_dag.py
[2025-01-13T23:30:59.499+0000] {processor.py:925} INFO - DAG(s) 'example_nested_branch_dag' retrieved from /home/airflow/.local/lib/python3.12/site-packages/airflow/example_dags/example_nested_branch_dag.py
[2025-01-13T23:30:59.515+0000] {logging_mixin.py:190} INFO - [2025-01-13T23:30:59.515+0000] {dag.py:3239} INFO - Sync 1 DAGs
[2025-01-13T23:30:59.530+0000] {logging_mixin.py:190} INFO - [2025-01-13T23:30:59.530+0000] {dag.py:4180} INFO - Setting next_dagrun for example_nested_branch_dag to 2025-01-12 00:00:00+00:00, run_after=2025-01-13 00:00:00+00:00
[2025-01-13T23:30:59.555+0000] {processor.py:208} INFO - Processing /home/airflow/.local/lib/python3.12/site-packages/airflow/example_dags/example_nested_branch_dag.py took 0.072 seconds
[2025-01-13T23:31:30.296+0000] {processor.py:186} INFO - Started process (PID=815) to work on /home/airflow/.local/lib/python3.12/site-packages/airflow/example_dags/example_nested_branch_dag.py
[2025-01-13T23:31:30.297+0000] {processor.py:914} INFO - Processing file /home/airflow/.local/lib/python3.12/site-packages/airflow/example_dags/example_nested_branch_dag.py for tasks to queue
[2025-01-13T23:31:30.299+0000] {logging_mixin.py:190} INFO - [2025-01-13T23:31:30.299+0000] {dagbag.py:588} INFO - Filling up the DagBag from /home/airflow/.local/lib/python3.12/site-packages/airflow/example_dags/example_nested_branch_dag.py
[2025-01-13T23:31:30.307+0000] {processor.py:925} INFO - DAG(s) 'example_nested_branch_dag' retrieved from /home/airflow/.local/lib/python3.12/site-packages/airflow/example_dags/example_nested_branch_dag.py
[2025-01-13T23:31:30.323+0000] {logging_mixin.py:190} INFO - [2025-01-13T23:31:30.322+0000] {dag.py:3239} INFO - Sync 1 DAGs
[2025-01-13T23:31:30.340+0000] {logging_mixin.py:190} INFO - [2025-01-13T23:31:30.340+0000] {dag.py:4180} INFO - Setting next_dagrun for example_nested_branch_dag to 2025-01-12 00:00:00+00:00, run_after=2025-01-13 00:00:00+00:00
[2025-01-13T23:31:30.351+0000] {processor.py:208} INFO - Processing /home/airflow/.local/lib/python3.12/site-packages/airflow/example_dags/example_nested_branch_dag.py took 0.059 seconds
[2025-01-13T23:32:01.021+0000] {processor.py:186} INFO - Started process (PID=878) to work on /home/airflow/.local/lib/python3.12/site-packages/airflow/example_dags/example_nested_branch_dag.py
[2025-01-13T23:32:01.023+0000] {processor.py:914} INFO - Processing file /home/airflow/.local/lib/python3.12/site-packages/airflow/example_dags/example_nested_branch_dag.py for tasks to queue
[2025-01-13T23:32:01.025+0000] {logging_mixin.py:190} INFO - [2025-01-13T23:32:01.024+0000] {dagbag.py:588} INFO - Filling up the DagBag from /home/airflow/.local/lib/python3.12/site-packages/airflow/example_dags/example_nested_branch_dag.py
[2025-01-13T23:32:01.032+0000] {processor.py:925} INFO - DAG(s) 'example_nested_branch_dag' retrieved from /home/airflow/.local/lib/python3.12/site-packages/airflow/example_dags/example_nested_branch_dag.py
[2025-01-13T23:32:01.049+0000] {logging_mixin.py:190} INFO - [2025-01-13T23:32:01.049+0000] {dag.py:3239} INFO - Sync 1 DAGs
[2025-01-13T23:32:01.066+0000] {logging_mixin.py:190} INFO - [2025-01-13T23:32:01.066+0000] {dag.py:4180} INFO - Setting next_dagrun for example_nested_branch_dag to 2025-01-12 00:00:00+00:00, run_after=2025-01-13 00:00:00+00:00
[2025-01-13T23:32:01.081+0000] {processor.py:208} INFO - Processing /home/airflow/.local/lib/python3.12/site-packages/airflow/example_dags/example_nested_branch_dag.py took 0.063 seconds
[2025-01-13T23:32:31.950+0000] {processor.py:186} INFO - Started process (PID=942) to work on /home/airflow/.local/lib/python3.12/site-packages/airflow/example_dags/example_nested_branch_dag.py
[2025-01-13T23:32:31.951+0000] {processor.py:914} INFO - Processing file /home/airflow/.local/lib/python3.12/site-packages/airflow/example_dags/example_nested_branch_dag.py for tasks to queue
[2025-01-13T23:32:31.953+0000] {logging_mixin.py:190} INFO - [2025-01-13T23:32:31.953+0000] {dagbag.py:588} INFO - Filling up the DagBag from /home/airflow/.local/lib/python3.12/site-packages/airflow/example_dags/example_nested_branch_dag.py
[2025-01-13T23:32:31.961+0000] {processor.py:925} INFO - DAG(s) 'example_nested_branch_dag' retrieved from /home/airflow/.local/lib/python3.12/site-packages/airflow/example_dags/example_nested_branch_dag.py
[2025-01-13T23:32:31.978+0000] {logging_mixin.py:190} INFO - [2025-01-13T23:32:31.978+0000] {dag.py:3239} INFO - Sync 1 DAGs
[2025-01-13T23:32:31.994+0000] {logging_mixin.py:190} INFO - [2025-01-13T23:32:31.994+0000] {dag.py:4180} INFO - Setting next_dagrun for example_nested_branch_dag to 2025-01-12 00:00:00+00:00, run_after=2025-01-13 00:00:00+00:00
[2025-01-13T23:32:32.008+0000] {processor.py:208} INFO - Processing /home/airflow/.local/lib/python3.12/site-packages/airflow/example_dags/example_nested_branch_dag.py took 0.061 seconds
[2025-01-13T23:33:02.622+0000] {processor.py:186} INFO - Started process (PID=1006) to work on /home/airflow/.local/lib/python3.12/site-packages/airflow/example_dags/example_nested_branch_dag.py
[2025-01-13T23:33:02.623+0000] {processor.py:914} INFO - Processing file /home/airflow/.local/lib/python3.12/site-packages/airflow/example_dags/example_nested_branch_dag.py for tasks to queue
[2025-01-13T23:33:02.625+0000] {logging_mixin.py:190} INFO - [2025-01-13T23:33:02.625+0000] {dagbag.py:588} INFO - Filling up the DagBag from /home/airflow/.local/lib/python3.12/site-packages/airflow/example_dags/example_nested_branch_dag.py
[2025-01-13T23:33:02.633+0000] {processor.py:925} INFO - DAG(s) 'example_nested_branch_dag' retrieved from /home/airflow/.local/lib/python3.12/site-packages/airflow/example_dags/example_nested_branch_dag.py
[2025-01-13T23:33:02.650+0000] {logging_mixin.py:190} INFO - [2025-01-13T23:33:02.650+0000] {dag.py:3239} INFO - Sync 1 DAGs
[2025-01-13T23:33:02.668+0000] {logging_mixin.py:190} INFO - [2025-01-13T23:33:02.668+0000] {dag.py:4180} INFO - Setting next_dagrun for example_nested_branch_dag to 2025-01-12 00:00:00+00:00, run_after=2025-01-13 00:00:00+00:00
[2025-01-13T23:33:02.684+0000] {processor.py:208} INFO - Processing /home/airflow/.local/lib/python3.12/site-packages/airflow/example_dags/example_nested_branch_dag.py took 0.066 seconds
[2025-01-13T23:33:33.956+0000] {processor.py:186} INFO - Started process (PID=1070) to work on /home/airflow/.local/lib/python3.12/site-packages/airflow/example_dags/example_nested_branch_dag.py
[2025-01-13T23:33:33.957+0000] {processor.py:914} INFO - Processing file /home/airflow/.local/lib/python3.12/site-packages/airflow/example_dags/example_nested_branch_dag.py for tasks to queue
[2025-01-13T23:33:33.960+0000] {logging_mixin.py:190} INFO - [2025-01-13T23:33:33.960+0000] {dagbag.py:588} INFO - Filling up the DagBag from /home/airflow/.local/lib/python3.12/site-packages/airflow/example_dags/example_nested_branch_dag.py
[2025-01-13T23:33:33.972+0000] {processor.py:925} INFO - DAG(s) 'example_nested_branch_dag' retrieved from /home/airflow/.local/lib/python3.12/site-packages/airflow/example_dags/example_nested_branch_dag.py
[2025-01-13T23:33:33.993+0000] {logging_mixin.py:190} INFO - [2025-01-13T23:33:33.993+0000] {dag.py:3239} INFO - Sync 1 DAGs
[2025-01-13T23:33:34.017+0000] {logging_mixin.py:190} INFO - [2025-01-13T23:33:34.016+0000] {dag.py:4180} INFO - Setting next_dagrun for example_nested_branch_dag to 2025-01-12 00:00:00+00:00, run_after=2025-01-13 00:00:00+00:00
[2025-01-13T23:33:34.039+0000] {processor.py:208} INFO - Processing /home/airflow/.local/lib/python3.12/site-packages/airflow/example_dags/example_nested_branch_dag.py took 0.090 seconds
[2025-01-13T23:34:04.977+0000] {processor.py:186} INFO - Started process (PID=1134) to work on /home/airflow/.local/lib/python3.12/site-packages/airflow/example_dags/example_nested_branch_dag.py
[2025-01-13T23:34:04.978+0000] {processor.py:914} INFO - Processing file /home/airflow/.local/lib/python3.12/site-packages/airflow/example_dags/example_nested_branch_dag.py for tasks to queue
[2025-01-13T23:34:04.981+0000] {logging_mixin.py:190} INFO - [2025-01-13T23:34:04.981+0000] {dagbag.py:588} INFO - Filling up the DagBag from /home/airflow/.local/lib/python3.12/site-packages/airflow/example_dags/example_nested_branch_dag.py
[2025-01-13T23:34:04.989+0000] {processor.py:925} INFO - DAG(s) 'example_nested_branch_dag' retrieved from /home/airflow/.local/lib/python3.12/site-packages/airflow/example_dags/example_nested_branch_dag.py
[2025-01-13T23:34:05.007+0000] {logging_mixin.py:190} INFO - [2025-01-13T23:34:05.007+0000] {dag.py:3239} INFO - Sync 1 DAGs
[2025-01-13T23:34:05.027+0000] {logging_mixin.py:190} INFO - [2025-01-13T23:34:05.027+0000] {dag.py:4180} INFO - Setting next_dagrun for example_nested_branch_dag to 2025-01-12 00:00:00+00:00, run_after=2025-01-13 00:00:00+00:00
[2025-01-13T23:34:05.048+0000] {processor.py:208} INFO - Processing /home/airflow/.local/lib/python3.12/site-packages/airflow/example_dags/example_nested_branch_dag.py took 0.076 seconds
[2025-01-13T23:34:36.133+0000] {processor.py:186} INFO - Started process (PID=1198) to work on /home/airflow/.local/lib/python3.12/site-packages/airflow/example_dags/example_nested_branch_dag.py
[2025-01-13T23:34:36.134+0000] {processor.py:914} INFO - Processing file /home/airflow/.local/lib/python3.12/site-packages/airflow/example_dags/example_nested_branch_dag.py for tasks to queue
[2025-01-13T23:34:36.137+0000] {logging_mixin.py:190} INFO - [2025-01-13T23:34:36.137+0000] {dagbag.py:588} INFO - Filling up the DagBag from /home/airflow/.local/lib/python3.12/site-packages/airflow/example_dags/example_nested_branch_dag.py
[2025-01-13T23:34:36.145+0000] {processor.py:925} INFO - DAG(s) 'example_nested_branch_dag' retrieved from /home/airflow/.local/lib/python3.12/site-packages/airflow/example_dags/example_nested_branch_dag.py
[2025-01-13T23:34:36.165+0000] {logging_mixin.py:190} INFO - [2025-01-13T23:34:36.165+0000] {dag.py:3239} INFO - Sync 1 DAGs
[2025-01-13T23:34:36.190+0000] {logging_mixin.py:190} INFO - [2025-01-13T23:34:36.190+0000] {dag.py:4180} INFO - Setting next_dagrun for example_nested_branch_dag to 2025-01-12 00:00:00+00:00, run_after=2025-01-13 00:00:00+00:00
[2025-01-13T23:34:36.211+0000] {processor.py:208} INFO - Processing /home/airflow/.local/lib/python3.12/site-packages/airflow/example_dags/example_nested_branch_dag.py took 0.083 seconds
[2025-01-13T23:35:07.052+0000] {processor.py:186} INFO - Started process (PID=1262) to work on /home/airflow/.local/lib/python3.12/site-packages/airflow/example_dags/example_nested_branch_dag.py
[2025-01-13T23:35:07.053+0000] {processor.py:914} INFO - Processing file /home/airflow/.local/lib/python3.12/site-packages/airflow/example_dags/example_nested_branch_dag.py for tasks to queue
[2025-01-13T23:35:07.056+0000] {logging_mixin.py:190} INFO - [2025-01-13T23:35:07.055+0000] {dagbag.py:588} INFO - Filling up the DagBag from /home/airflow/.local/lib/python3.12/site-packages/airflow/example_dags/example_nested_branch_dag.py
[2025-01-13T23:35:07.065+0000] {processor.py:925} INFO - DAG(s) 'example_nested_branch_dag' retrieved from /home/airflow/.local/lib/python3.12/site-packages/airflow/example_dags/example_nested_branch_dag.py
[2025-01-13T23:35:07.092+0000] {logging_mixin.py:190} INFO - [2025-01-13T23:35:07.091+0000] {dag.py:3239} INFO - Sync 1 DAGs
[2025-01-13T23:35:07.116+0000] {logging_mixin.py:190} INFO - [2025-01-13T23:35:07.116+0000] {dag.py:4180} INFO - Setting next_dagrun for example_nested_branch_dag to 2025-01-12 00:00:00+00:00, run_after=2025-01-13 00:00:00+00:00
[2025-01-13T23:35:07.138+0000] {processor.py:208} INFO - Processing /home/airflow/.local/lib/python3.12/site-packages/airflow/example_dags/example_nested_branch_dag.py took 0.091 seconds
[2025-01-13T23:35:37.739+0000] {processor.py:186} INFO - Started process (PID=1326) to work on /home/airflow/.local/lib/python3.12/site-packages/airflow/example_dags/example_nested_branch_dag.py
[2025-01-13T23:35:37.740+0000] {processor.py:914} INFO - Processing file /home/airflow/.local/lib/python3.12/site-packages/airflow/example_dags/example_nested_branch_dag.py for tasks to queue
[2025-01-13T23:35:37.743+0000] {logging_mixin.py:190} INFO - [2025-01-13T23:35:37.742+0000] {dagbag.py:588} INFO - Filling up the DagBag from /home/airflow/.local/lib/python3.12/site-packages/airflow/example_dags/example_nested_branch_dag.py
[2025-01-13T23:35:37.752+0000] {processor.py:925} INFO - DAG(s) 'example_nested_branch_dag' retrieved from /home/airflow/.local/lib/python3.12/site-packages/airflow/example_dags/example_nested_branch_dag.py
[2025-01-13T23:35:37.769+0000] {logging_mixin.py:190} INFO - [2025-01-13T23:35:37.768+0000] {dag.py:3239} INFO - Sync 1 DAGs
[2025-01-13T23:35:37.793+0000] {logging_mixin.py:190} INFO - [2025-01-13T23:35:37.792+0000] {dag.py:4180} INFO - Setting next_dagrun for example_nested_branch_dag to 2025-01-12 00:00:00+00:00, run_after=2025-01-13 00:00:00+00:00
[2025-01-13T23:35:37.811+0000] {processor.py:208} INFO - Processing /home/airflow/.local/lib/python3.12/site-packages/airflow/example_dags/example_nested_branch_dag.py took 0.077 seconds
[2025-01-13T23:36:09.016+0000] {processor.py:186} INFO - Started process (PID=1390) to work on /home/airflow/.local/lib/python3.12/site-packages/airflow/example_dags/example_nested_branch_dag.py
[2025-01-13T23:36:09.017+0000] {processor.py:914} INFO - Processing file /home/airflow/.local/lib/python3.12/site-packages/airflow/example_dags/example_nested_branch_dag.py for tasks to queue
[2025-01-13T23:36:09.020+0000] {logging_mixin.py:190} INFO - [2025-01-13T23:36:09.019+0000] {dagbag.py:588} INFO - Filling up the DagBag from /home/airflow/.local/lib/python3.12/site-packages/airflow/example_dags/example_nested_branch_dag.py
[2025-01-13T23:36:09.028+0000] {processor.py:925} INFO - DAG(s) 'example_nested_branch_dag' retrieved from /home/airflow/.local/lib/python3.12/site-packages/airflow/example_dags/example_nested_branch_dag.py
[2025-01-13T23:36:09.048+0000] {logging_mixin.py:190} INFO - [2025-01-13T23:36:09.048+0000] {dag.py:3239} INFO - Sync 1 DAGs
[2025-01-13T23:36:09.066+0000] {logging_mixin.py:190} INFO - [2025-01-13T23:36:09.066+0000] {dag.py:4180} INFO - Setting next_dagrun for example_nested_branch_dag to 2025-01-12 00:00:00+00:00, run_after=2025-01-13 00:00:00+00:00
[2025-01-13T23:36:09.081+0000] {processor.py:208} INFO - Processing /home/airflow/.local/lib/python3.12/site-packages/airflow/example_dags/example_nested_branch_dag.py took 0.070 seconds
[2025-01-13T23:36:39.792+0000] {processor.py:186} INFO - Started process (PID=1454) to work on /home/airflow/.local/lib/python3.12/site-packages/airflow/example_dags/example_nested_branch_dag.py
[2025-01-13T23:36:39.793+0000] {processor.py:914} INFO - Processing file /home/airflow/.local/lib/python3.12/site-packages/airflow/example_dags/example_nested_branch_dag.py for tasks to queue
[2025-01-13T23:36:39.796+0000] {logging_mixin.py:190} INFO - [2025-01-13T23:36:39.795+0000] {dagbag.py:588} INFO - Filling up the DagBag from /home/airflow/.local/lib/python3.12/site-packages/airflow/example_dags/example_nested_branch_dag.py
[2025-01-13T23:36:39.804+0000] {processor.py:925} INFO - DAG(s) 'example_nested_branch_dag' retrieved from /home/airflow/.local/lib/python3.12/site-packages/airflow/example_dags/example_nested_branch_dag.py
[2025-01-13T23:36:39.826+0000] {logging_mixin.py:190} INFO - [2025-01-13T23:36:39.826+0000] {dag.py:3239} INFO - Sync 1 DAGs
[2025-01-13T23:36:39.847+0000] {logging_mixin.py:190} INFO - [2025-01-13T23:36:39.847+0000] {dag.py:4180} INFO - Setting next_dagrun for example_nested_branch_dag to 2025-01-12 00:00:00+00:00, run_after=2025-01-13 00:00:00+00:00
[2025-01-13T23:36:39.863+0000] {processor.py:208} INFO - Processing /home/airflow/.local/lib/python3.12/site-packages/airflow/example_dags/example_nested_branch_dag.py took 0.075 seconds
[2025-01-13T23:37:10.677+0000] {processor.py:186} INFO - Started process (PID=1518) to work on /home/airflow/.local/lib/python3.12/site-packages/airflow/example_dags/example_nested_branch_dag.py
[2025-01-13T23:37:10.678+0000] {processor.py:914} INFO - Processing file /home/airflow/.local/lib/python3.12/site-packages/airflow/example_dags/example_nested_branch_dag.py for tasks to queue
[2025-01-13T23:37:10.680+0000] {logging_mixin.py:190} INFO - [2025-01-13T23:37:10.680+0000] {dagbag.py:588} INFO - Filling up the DagBag from /home/airflow/.local/lib/python3.12/site-packages/airflow/example_dags/example_nested_branch_dag.py
[2025-01-13T23:37:10.689+0000] {processor.py:925} INFO - DAG(s) 'example_nested_branch_dag' retrieved from /home/airflow/.local/lib/python3.12/site-packages/airflow/example_dags/example_nested_branch_dag.py
[2025-01-13T23:37:10.716+0000] {logging_mixin.py:190} INFO - [2025-01-13T23:37:10.716+0000] {dag.py:3239} INFO - Sync 1 DAGs
[2025-01-13T23:37:10.740+0000] {logging_mixin.py:190} INFO - [2025-01-13T23:37:10.740+0000] {dag.py:4180} INFO - Setting next_dagrun for example_nested_branch_dag to 2025-01-12 00:00:00+00:00, run_after=2025-01-13 00:00:00+00:00
[2025-01-13T23:37:10.756+0000] {processor.py:208} INFO - Processing /home/airflow/.local/lib/python3.12/site-packages/airflow/example_dags/example_nested_branch_dag.py took 0.084 seconds
[2025-01-13T23:37:41.850+0000] {processor.py:186} INFO - Started process (PID=1582) to work on /home/airflow/.local/lib/python3.12/site-packages/airflow/example_dags/example_nested_branch_dag.py
[2025-01-13T23:37:41.852+0000] {processor.py:914} INFO - Processing file /home/airflow/.local/lib/python3.12/site-packages/airflow/example_dags/example_nested_branch_dag.py for tasks to queue
[2025-01-13T23:37:41.855+0000] {logging_mixin.py:190} INFO - [2025-01-13T23:37:41.855+0000] {dagbag.py:588} INFO - Filling up the DagBag from /home/airflow/.local/lib/python3.12/site-packages/airflow/example_dags/example_nested_branch_dag.py
[2025-01-13T23:37:41.868+0000] {processor.py:925} INFO - DAG(s) 'example_nested_branch_dag' retrieved from /home/airflow/.local/lib/python3.12/site-packages/airflow/example_dags/example_nested_branch_dag.py
[2025-01-13T23:37:41.894+0000] {logging_mixin.py:190} INFO - [2025-01-13T23:37:41.894+0000] {dag.py:3239} INFO - Sync 1 DAGs
[2025-01-13T23:37:41.925+0000] {logging_mixin.py:190} INFO - [2025-01-13T23:37:41.925+0000] {dag.py:4180} INFO - Setting next_dagrun for example_nested_branch_dag to 2025-01-12 00:00:00+00:00, run_after=2025-01-13 00:00:00+00:00
[2025-01-13T23:37:41.950+0000] {processor.py:208} INFO - Processing /home/airflow/.local/lib/python3.12/site-packages/airflow/example_dags/example_nested_branch_dag.py took 0.107 seconds
[2025-01-13T23:38:13.120+0000] {processor.py:186} INFO - Started process (PID=1646) to work on /home/airflow/.local/lib/python3.12/site-packages/airflow/example_dags/example_nested_branch_dag.py
[2025-01-13T23:38:13.121+0000] {processor.py:914} INFO - Processing file /home/airflow/.local/lib/python3.12/site-packages/airflow/example_dags/example_nested_branch_dag.py for tasks to queue
[2025-01-13T23:38:13.124+0000] {logging_mixin.py:190} INFO - [2025-01-13T23:38:13.123+0000] {dagbag.py:588} INFO - Filling up the DagBag from /home/airflow/.local/lib/python3.12/site-packages/airflow/example_dags/example_nested_branch_dag.py
[2025-01-13T23:38:13.135+0000] {processor.py:925} INFO - DAG(s) 'example_nested_branch_dag' retrieved from /home/airflow/.local/lib/python3.12/site-packages/airflow/example_dags/example_nested_branch_dag.py
[2025-01-13T23:38:13.154+0000] {logging_mixin.py:190} INFO - [2025-01-13T23:38:13.154+0000] {dag.py:3239} INFO - Sync 1 DAGs
[2025-01-13T23:38:13.178+0000] {logging_mixin.py:190} INFO - [2025-01-13T23:38:13.178+0000] {dag.py:4180} INFO - Setting next_dagrun for example_nested_branch_dag to 2025-01-12 00:00:00+00:00, run_after=2025-01-13 00:00:00+00:00
[2025-01-13T23:38:13.199+0000] {processor.py:208} INFO - Processing /home/airflow/.local/lib/python3.12/site-packages/airflow/example_dags/example_nested_branch_dag.py took 0.083 seconds
[2025-01-13T23:38:44.067+0000] {processor.py:186} INFO - Started process (PID=1710) to work on /home/airflow/.local/lib/python3.12/site-packages/airflow/example_dags/example_nested_branch_dag.py
[2025-01-13T23:38:44.068+0000] {processor.py:914} INFO - Processing file /home/airflow/.local/lib/python3.12/site-packages/airflow/example_dags/example_nested_branch_dag.py for tasks to queue
[2025-01-13T23:38:44.070+0000] {logging_mixin.py:190} INFO - [2025-01-13T23:38:44.070+0000] {dagbag.py:588} INFO - Filling up the DagBag from /home/airflow/.local/lib/python3.12/site-packages/airflow/example_dags/example_nested_branch_dag.py
[2025-01-13T23:38:44.077+0000] {processor.py:925} INFO - DAG(s) 'example_nested_branch_dag' retrieved from /home/airflow/.local/lib/python3.12/site-packages/airflow/example_dags/example_nested_branch_dag.py
[2025-01-13T23:38:44.095+0000] {logging_mixin.py:190} INFO - [2025-01-13T23:38:44.095+0000] {dag.py:3239} INFO - Sync 1 DAGs
[2025-01-13T23:38:44.116+0000] {logging_mixin.py:190} INFO - [2025-01-13T23:38:44.116+0000] {dag.py:4180} INFO - Setting next_dagrun for example_nested_branch_dag to 2025-01-12 00:00:00+00:00, run_after=2025-01-13 00:00:00+00:00
[2025-01-13T23:38:44.133+0000] {processor.py:208} INFO - Processing /home/airflow/.local/lib/python3.12/site-packages/airflow/example_dags/example_nested_branch_dag.py took 0.071 seconds
[2025-01-13T23:39:15.258+0000] {processor.py:186} INFO - Started process (PID=1774) to work on /home/airflow/.local/lib/python3.12/site-packages/airflow/example_dags/example_nested_branch_dag.py
[2025-01-13T23:39:15.259+0000] {processor.py:914} INFO - Processing file /home/airflow/.local/lib/python3.12/site-packages/airflow/example_dags/example_nested_branch_dag.py for tasks to queue
[2025-01-13T23:39:15.262+0000] {logging_mixin.py:190} INFO - [2025-01-13T23:39:15.262+0000] {dagbag.py:588} INFO - Filling up the DagBag from /home/airflow/.local/lib/python3.12/site-packages/airflow/example_dags/example_nested_branch_dag.py
[2025-01-13T23:39:15.276+0000] {processor.py:925} INFO - DAG(s) 'example_nested_branch_dag' retrieved from /home/airflow/.local/lib/python3.12/site-packages/airflow/example_dags/example_nested_branch_dag.py
[2025-01-13T23:39:15.298+0000] {logging_mixin.py:190} INFO - [2025-01-13T23:39:15.297+0000] {dag.py:3239} INFO - Sync 1 DAGs
[2025-01-13T23:39:15.320+0000] {logging_mixin.py:190} INFO - [2025-01-13T23:39:15.319+0000] {dag.py:4180} INFO - Setting next_dagrun for example_nested_branch_dag to 2025-01-12 00:00:00+00:00, run_after=2025-01-13 00:00:00+00:00
[2025-01-13T23:39:15.341+0000] {processor.py:208} INFO - Processing /home/airflow/.local/lib/python3.12/site-packages/airflow/example_dags/example_nested_branch_dag.py took 0.087 seconds
[2025-01-13T23:39:46.586+0000] {processor.py:186} INFO - Started process (PID=1838) to work on /home/airflow/.local/lib/python3.12/site-packages/airflow/example_dags/example_nested_branch_dag.py
[2025-01-13T23:39:46.588+0000] {processor.py:914} INFO - Processing file /home/airflow/.local/lib/python3.12/site-packages/airflow/example_dags/example_nested_branch_dag.py for tasks to queue
[2025-01-13T23:39:46.591+0000] {logging_mixin.py:190} INFO - [2025-01-13T23:39:46.591+0000] {dagbag.py:588} INFO - Filling up the DagBag from /home/airflow/.local/lib/python3.12/site-packages/airflow/example_dags/example_nested_branch_dag.py
[2025-01-13T23:39:46.599+0000] {processor.py:925} INFO - DAG(s) 'example_nested_branch_dag' retrieved from /home/airflow/.local/lib/python3.12/site-packages/airflow/example_dags/example_nested_branch_dag.py
[2025-01-13T23:39:46.620+0000] {logging_mixin.py:190} INFO - [2025-01-13T23:39:46.620+0000] {dag.py:3239} INFO - Sync 1 DAGs
[2025-01-13T23:39:46.640+0000] {logging_mixin.py:190} INFO - [2025-01-13T23:39:46.640+0000] {dag.py:4180} INFO - Setting next_dagrun for example_nested_branch_dag to 2025-01-12 00:00:00+00:00, run_after=2025-01-13 00:00:00+00:00
[2025-01-13T23:39:46.657+0000] {processor.py:208} INFO - Processing /home/airflow/.local/lib/python3.12/site-packages/airflow/example_dags/example_nested_branch_dag.py took 0.075 seconds
[2025-01-13T23:40:18.110+0000] {processor.py:186} INFO - Started process (PID=1902) to work on /home/airflow/.local/lib/python3.12/site-packages/airflow/example_dags/example_nested_branch_dag.py
[2025-01-13T23:40:18.111+0000] {processor.py:914} INFO - Processing file /home/airflow/.local/lib/python3.12/site-packages/airflow/example_dags/example_nested_branch_dag.py for tasks to queue
[2025-01-13T23:40:18.113+0000] {logging_mixin.py:190} INFO - [2025-01-13T23:40:18.113+0000] {dagbag.py:588} INFO - Filling up the DagBag from /home/airflow/.local/lib/python3.12/site-packages/airflow/example_dags/example_nested_branch_dag.py
[2025-01-13T23:40:18.123+0000] {processor.py:925} INFO - DAG(s) 'example_nested_branch_dag' retrieved from /home/airflow/.local/lib/python3.12/site-packages/airflow/example_dags/example_nested_branch_dag.py
[2025-01-13T23:40:18.145+0000] {logging_mixin.py:190} INFO - [2025-01-13T23:40:18.144+0000] {dag.py:3239} INFO - Sync 1 DAGs
[2025-01-13T23:40:18.165+0000] {logging_mixin.py:190} INFO - [2025-01-13T23:40:18.165+0000] {dag.py:4180} INFO - Setting next_dagrun for example_nested_branch_dag to 2025-01-12 00:00:00+00:00, run_after=2025-01-13 00:00:00+00:00
[2025-01-13T23:40:18.180+0000] {processor.py:208} INFO - Processing /home/airflow/.local/lib/python3.12/site-packages/airflow/example_dags/example_nested_branch_dag.py took 0.075 seconds
[2025-01-13T23:40:49.569+0000] {processor.py:186} INFO - Started process (PID=1972) to work on /home/airflow/.local/lib/python3.12/site-packages/airflow/example_dags/example_nested_branch_dag.py
[2025-01-13T23:40:49.570+0000] {processor.py:914} INFO - Processing file /home/airflow/.local/lib/python3.12/site-packages/airflow/example_dags/example_nested_branch_dag.py for tasks to queue
[2025-01-13T23:40:49.574+0000] {logging_mixin.py:190} INFO - [2025-01-13T23:40:49.574+0000] {dagbag.py:588} INFO - Filling up the DagBag from /home/airflow/.local/lib/python3.12/site-packages/airflow/example_dags/example_nested_branch_dag.py
[2025-01-13T23:40:49.587+0000] {processor.py:925} INFO - DAG(s) 'example_nested_branch_dag' retrieved from /home/airflow/.local/lib/python3.12/site-packages/airflow/example_dags/example_nested_branch_dag.py
[2025-01-13T23:40:49.612+0000] {logging_mixin.py:190} INFO - [2025-01-13T23:40:49.612+0000] {dag.py:3239} INFO - Sync 1 DAGs
[2025-01-13T23:40:49.641+0000] {logging_mixin.py:190} INFO - [2025-01-13T23:40:49.641+0000] {dag.py:4180} INFO - Setting next_dagrun for example_nested_branch_dag to 2025-01-12 00:00:00+00:00, run_after=2025-01-13 00:00:00+00:00
[2025-01-13T23:40:49.669+0000] {processor.py:208} INFO - Processing /home/airflow/.local/lib/python3.12/site-packages/airflow/example_dags/example_nested_branch_dag.py took 0.107 seconds
[2025-01-13T23:41:20.824+0000] {processor.py:186} INFO - Started process (PID=2036) to work on /home/airflow/.local/lib/python3.12/site-packages/airflow/example_dags/example_nested_branch_dag.py
[2025-01-13T23:41:20.825+0000] {processor.py:914} INFO - Processing file /home/airflow/.local/lib/python3.12/site-packages/airflow/example_dags/example_nested_branch_dag.py for tasks to queue
[2025-01-13T23:41:20.828+0000] {logging_mixin.py:190} INFO - [2025-01-13T23:41:20.828+0000] {dagbag.py:588} INFO - Filling up the DagBag from /home/airflow/.local/lib/python3.12/site-packages/airflow/example_dags/example_nested_branch_dag.py
[2025-01-13T23:41:20.843+0000] {processor.py:925} INFO - DAG(s) 'example_nested_branch_dag' retrieved from /home/airflow/.local/lib/python3.12/site-packages/airflow/example_dags/example_nested_branch_dag.py
[2025-01-13T23:41:20.871+0000] {logging_mixin.py:190} INFO - [2025-01-13T23:41:20.870+0000] {dag.py:3239} INFO - Sync 1 DAGs
[2025-01-13T23:41:20.898+0000] {logging_mixin.py:190} INFO - [2025-01-13T23:41:20.898+0000] {dag.py:4180} INFO - Setting next_dagrun for example_nested_branch_dag to 2025-01-12 00:00:00+00:00, run_after=2025-01-13 00:00:00+00:00
[2025-01-13T23:41:20.927+0000] {processor.py:208} INFO - Processing /home/airflow/.local/lib/python3.12/site-packages/airflow/example_dags/example_nested_branch_dag.py took 0.110 seconds
[2025-01-13T23:41:52.378+0000] {processor.py:186} INFO - Started process (PID=2100) to work on /home/airflow/.local/lib/python3.12/site-packages/airflow/example_dags/example_nested_branch_dag.py
[2025-01-13T23:41:52.379+0000] {processor.py:914} INFO - Processing file /home/airflow/.local/lib/python3.12/site-packages/airflow/example_dags/example_nested_branch_dag.py for tasks to queue
[2025-01-13T23:41:52.382+0000] {logging_mixin.py:190} INFO - [2025-01-13T23:41:52.381+0000] {dagbag.py:588} INFO - Filling up the DagBag from /home/airflow/.local/lib/python3.12/site-packages/airflow/example_dags/example_nested_branch_dag.py
[2025-01-13T23:41:52.395+0000] {processor.py:925} INFO - DAG(s) 'example_nested_branch_dag' retrieved from /home/airflow/.local/lib/python3.12/site-packages/airflow/example_dags/example_nested_branch_dag.py
[2025-01-13T23:41:52.417+0000] {logging_mixin.py:190} INFO - [2025-01-13T23:41:52.417+0000] {dag.py:3239} INFO - Sync 1 DAGs
[2025-01-13T23:41:52.444+0000] {logging_mixin.py:190} INFO - [2025-01-13T23:41:52.443+0000] {dag.py:4180} INFO - Setting next_dagrun for example_nested_branch_dag to 2025-01-12 00:00:00+00:00, run_after=2025-01-13 00:00:00+00:00
[2025-01-13T23:41:52.472+0000] {processor.py:208} INFO - Processing /home/airflow/.local/lib/python3.12/site-packages/airflow/example_dags/example_nested_branch_dag.py took 0.101 seconds
[2025-01-13T23:42:24.075+0000] {processor.py:186} INFO - Started process (PID=2164) to work on /home/airflow/.local/lib/python3.12/site-packages/airflow/example_dags/example_nested_branch_dag.py
[2025-01-13T23:42:24.076+0000] {processor.py:914} INFO - Processing file /home/airflow/.local/lib/python3.12/site-packages/airflow/example_dags/example_nested_branch_dag.py for tasks to queue
[2025-01-13T23:42:24.078+0000] {logging_mixin.py:190} INFO - [2025-01-13T23:42:24.078+0000] {dagbag.py:588} INFO - Filling up the DagBag from /home/airflow/.local/lib/python3.12/site-packages/airflow/example_dags/example_nested_branch_dag.py
[2025-01-13T23:42:24.087+0000] {processor.py:925} INFO - DAG(s) 'example_nested_branch_dag' retrieved from /home/airflow/.local/lib/python3.12/site-packages/airflow/example_dags/example_nested_branch_dag.py
[2025-01-13T23:42:24.102+0000] {logging_mixin.py:190} INFO - [2025-01-13T23:42:24.102+0000] {dag.py:3239} INFO - Sync 1 DAGs
[2025-01-13T23:42:24.118+0000] {logging_mixin.py:190} INFO - [2025-01-13T23:42:24.118+0000] {dag.py:4180} INFO - Setting next_dagrun for example_nested_branch_dag to 2025-01-12 00:00:00+00:00, run_after=2025-01-13 00:00:00+00:00
[2025-01-13T23:42:24.139+0000] {processor.py:208} INFO - Processing /home/airflow/.local/lib/python3.12/site-packages/airflow/example_dags/example_nested_branch_dag.py took 0.069 seconds
[2025-01-13T23:42:54.632+0000] {processor.py:186} INFO - Started process (PID=2227) to work on /home/airflow/.local/lib/python3.12/site-packages/airflow/example_dags/example_nested_branch_dag.py
[2025-01-13T23:42:54.633+0000] {processor.py:914} INFO - Processing file /home/airflow/.local/lib/python3.12/site-packages/airflow/example_dags/example_nested_branch_dag.py for tasks to queue
[2025-01-13T23:42:54.636+0000] {logging_mixin.py:190} INFO - [2025-01-13T23:42:54.636+0000] {dagbag.py:588} INFO - Filling up the DagBag from /home/airflow/.local/lib/python3.12/site-packages/airflow/example_dags/example_nested_branch_dag.py
[2025-01-13T23:42:54.647+0000] {processor.py:925} INFO - DAG(s) 'example_nested_branch_dag' retrieved from /home/airflow/.local/lib/python3.12/site-packages/airflow/example_dags/example_nested_branch_dag.py
[2025-01-13T23:42:54.669+0000] {logging_mixin.py:190} INFO - [2025-01-13T23:42:54.669+0000] {dag.py:3239} INFO - Sync 1 DAGs
[2025-01-13T23:42:54.691+0000] {logging_mixin.py:190} INFO - [2025-01-13T23:42:54.691+0000] {dag.py:4180} INFO - Setting next_dagrun for example_nested_branch_dag to 2025-01-12 00:00:00+00:00, run_after=2025-01-13 00:00:00+00:00
[2025-01-13T23:42:54.709+0000] {processor.py:208} INFO - Processing /home/airflow/.local/lib/python3.12/site-packages/airflow/example_dags/example_nested_branch_dag.py took 0.081 seconds
[2025-01-13T23:43:25.794+0000] {processor.py:186} INFO - Started process (PID=2291) to work on /home/airflow/.local/lib/python3.12/site-packages/airflow/example_dags/example_nested_branch_dag.py
[2025-01-13T23:43:25.796+0000] {processor.py:914} INFO - Processing file /home/airflow/.local/lib/python3.12/site-packages/airflow/example_dags/example_nested_branch_dag.py for tasks to queue
[2025-01-13T23:43:25.798+0000] {logging_mixin.py:190} INFO - [2025-01-13T23:43:25.798+0000] {dagbag.py:588} INFO - Filling up the DagBag from /home/airflow/.local/lib/python3.12/site-packages/airflow/example_dags/example_nested_branch_dag.py
[2025-01-13T23:43:25.808+0000] {processor.py:925} INFO - DAG(s) 'example_nested_branch_dag' retrieved from /home/airflow/.local/lib/python3.12/site-packages/airflow/example_dags/example_nested_branch_dag.py
[2025-01-13T23:43:25.828+0000] {logging_mixin.py:190} INFO - [2025-01-13T23:43:25.827+0000] {dag.py:3239} INFO - Sync 1 DAGs
[2025-01-13T23:43:25.845+0000] {logging_mixin.py:190} INFO - [2025-01-13T23:43:25.845+0000] {dag.py:4180} INFO - Setting next_dagrun for example_nested_branch_dag to 2025-01-12 00:00:00+00:00, run_after=2025-01-13 00:00:00+00:00
[2025-01-13T23:43:25.864+0000] {processor.py:208} INFO - Processing /home/airflow/.local/lib/python3.12/site-packages/airflow/example_dags/example_nested_branch_dag.py took 0.073 seconds
[2025-01-13T23:43:56.697+0000] {processor.py:186} INFO - Started process (PID=2355) to work on /home/airflow/.local/lib/python3.12/site-packages/airflow/example_dags/example_nested_branch_dag.py
[2025-01-13T23:43:56.698+0000] {processor.py:914} INFO - Processing file /home/airflow/.local/lib/python3.12/site-packages/airflow/example_dags/example_nested_branch_dag.py for tasks to queue
[2025-01-13T23:43:56.701+0000] {logging_mixin.py:190} INFO - [2025-01-13T23:43:56.700+0000] {dagbag.py:588} INFO - Filling up the DagBag from /home/airflow/.local/lib/python3.12/site-packages/airflow/example_dags/example_nested_branch_dag.py
[2025-01-13T23:43:56.708+0000] {processor.py:925} INFO - DAG(s) 'example_nested_branch_dag' retrieved from /home/airflow/.local/lib/python3.12/site-packages/airflow/example_dags/example_nested_branch_dag.py
[2025-01-13T23:43:56.727+0000] {logging_mixin.py:190} INFO - [2025-01-13T23:43:56.726+0000] {dag.py:3239} INFO - Sync 1 DAGs
[2025-01-13T23:43:56.744+0000] {logging_mixin.py:190} INFO - [2025-01-13T23:43:56.743+0000] {dag.py:4180} INFO - Setting next_dagrun for example_nested_branch_dag to 2025-01-12 00:00:00+00:00, run_after=2025-01-13 00:00:00+00:00
[2025-01-13T23:43:56.760+0000] {processor.py:208} INFO - Processing /home/airflow/.local/lib/python3.12/site-packages/airflow/example_dags/example_nested_branch_dag.py took 0.069 seconds
[2025-01-13T23:44:27.580+0000] {processor.py:186} INFO - Started process (PID=2419) to work on /home/airflow/.local/lib/python3.12/site-packages/airflow/example_dags/example_nested_branch_dag.py
[2025-01-13T23:44:27.581+0000] {processor.py:914} INFO - Processing file /home/airflow/.local/lib/python3.12/site-packages/airflow/example_dags/example_nested_branch_dag.py for tasks to queue
[2025-01-13T23:44:27.583+0000] {logging_mixin.py:190} INFO - [2025-01-13T23:44:27.583+0000] {dagbag.py:588} INFO - Filling up the DagBag from /home/airflow/.local/lib/python3.12/site-packages/airflow/example_dags/example_nested_branch_dag.py
[2025-01-13T23:44:27.592+0000] {processor.py:925} INFO - DAG(s) 'example_nested_branch_dag' retrieved from /home/airflow/.local/lib/python3.12/site-packages/airflow/example_dags/example_nested_branch_dag.py
[2025-01-13T23:44:27.607+0000] {logging_mixin.py:190} INFO - [2025-01-13T23:44:27.607+0000] {dag.py:3239} INFO - Sync 1 DAGs
[2025-01-13T23:44:27.622+0000] {logging_mixin.py:190} INFO - [2025-01-13T23:44:27.622+0000] {dag.py:4180} INFO - Setting next_dagrun for example_nested_branch_dag to 2025-01-12 00:00:00+00:00, run_after=2025-01-13 00:00:00+00:00
[2025-01-13T23:44:27.636+0000] {processor.py:208} INFO - Processing /home/airflow/.local/lib/python3.12/site-packages/airflow/example_dags/example_nested_branch_dag.py took 0.061 seconds
[2025-01-13T23:44:58.879+0000] {processor.py:186} INFO - Started process (PID=2482) to work on /home/airflow/.local/lib/python3.12/site-packages/airflow/example_dags/example_nested_branch_dag.py
[2025-01-13T23:44:58.880+0000] {processor.py:914} INFO - Processing file /home/airflow/.local/lib/python3.12/site-packages/airflow/example_dags/example_nested_branch_dag.py for tasks to queue
[2025-01-13T23:44:58.882+0000] {logging_mixin.py:190} INFO - [2025-01-13T23:44:58.882+0000] {dagbag.py:588} INFO - Filling up the DagBag from /home/airflow/.local/lib/python3.12/site-packages/airflow/example_dags/example_nested_branch_dag.py
[2025-01-13T23:44:58.889+0000] {processor.py:925} INFO - DAG(s) 'example_nested_branch_dag' retrieved from /home/airflow/.local/lib/python3.12/site-packages/airflow/example_dags/example_nested_branch_dag.py
[2025-01-13T23:44:58.905+0000] {logging_mixin.py:190} INFO - [2025-01-13T23:44:58.905+0000] {dag.py:3239} INFO - Sync 1 DAGs
[2025-01-13T23:44:58.922+0000] {logging_mixin.py:190} INFO - [2025-01-13T23:44:58.921+0000] {dag.py:4180} INFO - Setting next_dagrun for example_nested_branch_dag to 2025-01-12 00:00:00+00:00, run_after=2025-01-13 00:00:00+00:00
[2025-01-13T23:44:58.935+0000] {processor.py:208} INFO - Processing /home/airflow/.local/lib/python3.12/site-packages/airflow/example_dags/example_nested_branch_dag.py took 0.060 seconds
[2025-01-13T23:45:29.980+0000] {processor.py:186} INFO - Started process (PID=2546) to work on /home/airflow/.local/lib/python3.12/site-packages/airflow/example_dags/example_nested_branch_dag.py
[2025-01-13T23:45:29.981+0000] {processor.py:914} INFO - Processing file /home/airflow/.local/lib/python3.12/site-packages/airflow/example_dags/example_nested_branch_dag.py for tasks to queue
[2025-01-13T23:45:29.983+0000] {logging_mixin.py:190} INFO - [2025-01-13T23:45:29.983+0000] {dagbag.py:588} INFO - Filling up the DagBag from /home/airflow/.local/lib/python3.12/site-packages/airflow/example_dags/example_nested_branch_dag.py
[2025-01-13T23:45:29.991+0000] {processor.py:925} INFO - DAG(s) 'example_nested_branch_dag' retrieved from /home/airflow/.local/lib/python3.12/site-packages/airflow/example_dags/example_nested_branch_dag.py
[2025-01-13T23:45:30.008+0000] {logging_mixin.py:190} INFO - [2025-01-13T23:45:30.008+0000] {dag.py:3239} INFO - Sync 1 DAGs
[2025-01-13T23:45:30.026+0000] {logging_mixin.py:190} INFO - [2025-01-13T23:45:30.025+0000] {dag.py:4180} INFO - Setting next_dagrun for example_nested_branch_dag to 2025-01-12 00:00:00+00:00, run_after=2025-01-13 00:00:00+00:00
[2025-01-13T23:45:30.042+0000] {processor.py:208} INFO - Processing /home/airflow/.local/lib/python3.12/site-packages/airflow/example_dags/example_nested_branch_dag.py took 0.066 seconds
[2025-01-13T23:46:00.542+0000] {processor.py:186} INFO - Started process (PID=2610) to work on /home/airflow/.local/lib/python3.12/site-packages/airflow/example_dags/example_nested_branch_dag.py
[2025-01-13T23:46:00.543+0000] {processor.py:914} INFO - Processing file /home/airflow/.local/lib/python3.12/site-packages/airflow/example_dags/example_nested_branch_dag.py for tasks to queue
[2025-01-13T23:46:00.545+0000] {logging_mixin.py:190} INFO - [2025-01-13T23:46:00.545+0000] {dagbag.py:588} INFO - Filling up the DagBag from /home/airflow/.local/lib/python3.12/site-packages/airflow/example_dags/example_nested_branch_dag.py
[2025-01-13T23:46:00.553+0000] {processor.py:925} INFO - DAG(s) 'example_nested_branch_dag' retrieved from /home/airflow/.local/lib/python3.12/site-packages/airflow/example_dags/example_nested_branch_dag.py
[2025-01-13T23:46:00.566+0000] {logging_mixin.py:190} INFO - [2025-01-13T23:46:00.566+0000] {dag.py:3239} INFO - Sync 1 DAGs
[2025-01-13T23:46:00.584+0000] {logging_mixin.py:190} INFO - [2025-01-13T23:46:00.584+0000] {dag.py:4180} INFO - Setting next_dagrun for example_nested_branch_dag to 2025-01-12 00:00:00+00:00, run_after=2025-01-13 00:00:00+00:00
[2025-01-13T23:46:00.598+0000] {processor.py:208} INFO - Processing /home/airflow/.local/lib/python3.12/site-packages/airflow/example_dags/example_nested_branch_dag.py took 0.059 seconds
[2025-01-13T23:46:32.018+0000] {processor.py:186} INFO - Started process (PID=2673) to work on /home/airflow/.local/lib/python3.12/site-packages/airflow/example_dags/example_nested_branch_dag.py
[2025-01-13T23:46:32.020+0000] {processor.py:914} INFO - Processing file /home/airflow/.local/lib/python3.12/site-packages/airflow/example_dags/example_nested_branch_dag.py for tasks to queue
[2025-01-13T23:46:32.022+0000] {logging_mixin.py:190} INFO - [2025-01-13T23:46:32.021+0000] {dagbag.py:588} INFO - Filling up the DagBag from /home/airflow/.local/lib/python3.12/site-packages/airflow/example_dags/example_nested_branch_dag.py
[2025-01-13T23:46:32.029+0000] {processor.py:925} INFO - DAG(s) 'example_nested_branch_dag' retrieved from /home/airflow/.local/lib/python3.12/site-packages/airflow/example_dags/example_nested_branch_dag.py
[2025-01-13T23:46:32.046+0000] {logging_mixin.py:190} INFO - [2025-01-13T23:46:32.046+0000] {dag.py:3239} INFO - Sync 1 DAGs
[2025-01-13T23:46:32.063+0000] {logging_mixin.py:190} INFO - [2025-01-13T23:46:32.063+0000] {dag.py:4180} INFO - Setting next_dagrun for example_nested_branch_dag to 2025-01-12 00:00:00+00:00, run_after=2025-01-13 00:00:00+00:00
[2025-01-13T23:46:32.078+0000] {processor.py:208} INFO - Processing /home/airflow/.local/lib/python3.12/site-packages/airflow/example_dags/example_nested_branch_dag.py took 0.063 seconds
[2025-01-13T23:47:03.317+0000] {processor.py:186} INFO - Started process (PID=2737) to work on /home/airflow/.local/lib/python3.12/site-packages/airflow/example_dags/example_nested_branch_dag.py
[2025-01-13T23:47:03.318+0000] {processor.py:914} INFO - Processing file /home/airflow/.local/lib/python3.12/site-packages/airflow/example_dags/example_nested_branch_dag.py for tasks to queue
[2025-01-13T23:47:03.320+0000] {logging_mixin.py:190} INFO - [2025-01-13T23:47:03.320+0000] {dagbag.py:588} INFO - Filling up the DagBag from /home/airflow/.local/lib/python3.12/site-packages/airflow/example_dags/example_nested_branch_dag.py
[2025-01-13T23:47:03.329+0000] {processor.py:925} INFO - DAG(s) 'example_nested_branch_dag' retrieved from /home/airflow/.local/lib/python3.12/site-packages/airflow/example_dags/example_nested_branch_dag.py
[2025-01-13T23:47:03.346+0000] {logging_mixin.py:190} INFO - [2025-01-13T23:47:03.346+0000] {dag.py:3239} INFO - Sync 1 DAGs
[2025-01-13T23:47:03.363+0000] {logging_mixin.py:190} INFO - [2025-01-13T23:47:03.363+0000] {dag.py:4180} INFO - Setting next_dagrun for example_nested_branch_dag to 2025-01-12 00:00:00+00:00, run_after=2025-01-13 00:00:00+00:00
[2025-01-13T23:47:03.378+0000] {processor.py:208} INFO - Processing /home/airflow/.local/lib/python3.12/site-packages/airflow/example_dags/example_nested_branch_dag.py took 0.065 seconds
[2025-01-13T23:47:34.684+0000] {processor.py:186} INFO - Started process (PID=2801) to work on /home/airflow/.local/lib/python3.12/site-packages/airflow/example_dags/example_nested_branch_dag.py
[2025-01-13T23:47:34.686+0000] {processor.py:914} INFO - Processing file /home/airflow/.local/lib/python3.12/site-packages/airflow/example_dags/example_nested_branch_dag.py for tasks to queue
[2025-01-13T23:47:34.688+0000] {logging_mixin.py:190} INFO - [2025-01-13T23:47:34.688+0000] {dagbag.py:588} INFO - Filling up the DagBag from /home/airflow/.local/lib/python3.12/site-packages/airflow/example_dags/example_nested_branch_dag.py
[2025-01-13T23:47:34.699+0000] {processor.py:925} INFO - DAG(s) 'example_nested_branch_dag' retrieved from /home/airflow/.local/lib/python3.12/site-packages/airflow/example_dags/example_nested_branch_dag.py
[2025-01-13T23:47:34.716+0000] {logging_mixin.py:190} INFO - [2025-01-13T23:47:34.716+0000] {dag.py:3239} INFO - Sync 1 DAGs
[2025-01-13T23:47:34.734+0000] {logging_mixin.py:190} INFO - [2025-01-13T23:47:34.734+0000] {dag.py:4180} INFO - Setting next_dagrun for example_nested_branch_dag to 2025-01-12 00:00:00+00:00, run_after=2025-01-13 00:00:00+00:00
[2025-01-13T23:47:34.752+0000] {processor.py:208} INFO - Processing /home/airflow/.local/lib/python3.12/site-packages/airflow/example_dags/example_nested_branch_dag.py took 0.071 seconds
[2025-01-13T23:48:05.792+0000] {processor.py:186} INFO - Started process (PID=2865) to work on /home/airflow/.local/lib/python3.12/site-packages/airflow/example_dags/example_nested_branch_dag.py
[2025-01-13T23:48:05.794+0000] {processor.py:914} INFO - Processing file /home/airflow/.local/lib/python3.12/site-packages/airflow/example_dags/example_nested_branch_dag.py for tasks to queue
[2025-01-13T23:48:05.796+0000] {logging_mixin.py:190} INFO - [2025-01-13T23:48:05.795+0000] {dagbag.py:588} INFO - Filling up the DagBag from /home/airflow/.local/lib/python3.12/site-packages/airflow/example_dags/example_nested_branch_dag.py
[2025-01-13T23:48:05.810+0000] {processor.py:925} INFO - DAG(s) 'example_nested_branch_dag' retrieved from /home/airflow/.local/lib/python3.12/site-packages/airflow/example_dags/example_nested_branch_dag.py
[2025-01-13T23:48:05.826+0000] {logging_mixin.py:190} INFO - [2025-01-13T23:48:05.826+0000] {dag.py:3239} INFO - Sync 1 DAGs
[2025-01-13T23:48:05.842+0000] {logging_mixin.py:190} INFO - [2025-01-13T23:48:05.842+0000] {dag.py:4180} INFO - Setting next_dagrun for example_nested_branch_dag to 2025-01-12 00:00:00+00:00, run_after=2025-01-13 00:00:00+00:00
[2025-01-13T23:48:05.855+0000] {processor.py:208} INFO - Processing /home/airflow/.local/lib/python3.12/site-packages/airflow/example_dags/example_nested_branch_dag.py took 0.067 seconds
[2025-01-13T23:48:36.921+0000] {processor.py:186} INFO - Started process (PID=2929) to work on /home/airflow/.local/lib/python3.12/site-packages/airflow/example_dags/example_nested_branch_dag.py
[2025-01-13T23:48:36.922+0000] {processor.py:914} INFO - Processing file /home/airflow/.local/lib/python3.12/site-packages/airflow/example_dags/example_nested_branch_dag.py for tasks to queue
[2025-01-13T23:48:36.925+0000] {logging_mixin.py:190} INFO - [2025-01-13T23:48:36.924+0000] {dagbag.py:588} INFO - Filling up the DagBag from /home/airflow/.local/lib/python3.12/site-packages/airflow/example_dags/example_nested_branch_dag.py
[2025-01-13T23:48:36.935+0000] {processor.py:925} INFO - DAG(s) 'example_nested_branch_dag' retrieved from /home/airflow/.local/lib/python3.12/site-packages/airflow/example_dags/example_nested_branch_dag.py
[2025-01-13T23:48:36.953+0000] {logging_mixin.py:190} INFO - [2025-01-13T23:48:36.953+0000] {dag.py:3239} INFO - Sync 1 DAGs
[2025-01-13T23:48:36.972+0000] {logging_mixin.py:190} INFO - [2025-01-13T23:48:36.972+0000] {dag.py:4180} INFO - Setting next_dagrun for example_nested_branch_dag to 2025-01-12 00:00:00+00:00, run_after=2025-01-13 00:00:00+00:00
[2025-01-13T23:48:37.148+0000] {processor.py:208} INFO - Processing /home/airflow/.local/lib/python3.12/site-packages/airflow/example_dags/example_nested_branch_dag.py took 0.231 seconds
[2025-01-13T23:49:08.185+0000] {processor.py:186} INFO - Started process (PID=2994) to work on /home/airflow/.local/lib/python3.12/site-packages/airflow/example_dags/example_nested_branch_dag.py
[2025-01-13T23:49:08.186+0000] {processor.py:914} INFO - Processing file /home/airflow/.local/lib/python3.12/site-packages/airflow/example_dags/example_nested_branch_dag.py for tasks to queue
[2025-01-13T23:49:08.189+0000] {logging_mixin.py:190} INFO - [2025-01-13T23:49:08.189+0000] {dagbag.py:588} INFO - Filling up the DagBag from /home/airflow/.local/lib/python3.12/site-packages/airflow/example_dags/example_nested_branch_dag.py
[2025-01-13T23:49:08.202+0000] {processor.py:925} INFO - DAG(s) 'example_nested_branch_dag' retrieved from /home/airflow/.local/lib/python3.12/site-packages/airflow/example_dags/example_nested_branch_dag.py
[2025-01-13T23:49:08.224+0000] {logging_mixin.py:190} INFO - [2025-01-13T23:49:08.223+0000] {dag.py:3239} INFO - Sync 1 DAGs
[2025-01-13T23:49:08.245+0000] {logging_mixin.py:190} INFO - [2025-01-13T23:49:08.245+0000] {dag.py:4180} INFO - Setting next_dagrun for example_nested_branch_dag to 2025-01-12 00:00:00+00:00, run_after=2025-01-13 00:00:00+00:00
[2025-01-13T23:49:08.268+0000] {processor.py:208} INFO - Processing /home/airflow/.local/lib/python3.12/site-packages/airflow/example_dags/example_nested_branch_dag.py took 0.089 seconds
[2025-01-13T23:49:38.948+0000] {processor.py:186} INFO - Started process (PID=3058) to work on /home/airflow/.local/lib/python3.12/site-packages/airflow/example_dags/example_nested_branch_dag.py
[2025-01-13T23:49:38.949+0000] {processor.py:914} INFO - Processing file /home/airflow/.local/lib/python3.12/site-packages/airflow/example_dags/example_nested_branch_dag.py for tasks to queue
[2025-01-13T23:49:38.951+0000] {logging_mixin.py:190} INFO - [2025-01-13T23:49:38.951+0000] {dagbag.py:588} INFO - Filling up the DagBag from /home/airflow/.local/lib/python3.12/site-packages/airflow/example_dags/example_nested_branch_dag.py
[2025-01-13T23:49:38.960+0000] {processor.py:925} INFO - DAG(s) 'example_nested_branch_dag' retrieved from /home/airflow/.local/lib/python3.12/site-packages/airflow/example_dags/example_nested_branch_dag.py
[2025-01-13T23:49:38.978+0000] {logging_mixin.py:190} INFO - [2025-01-13T23:49:38.977+0000] {dag.py:3239} INFO - Sync 1 DAGs
[2025-01-13T23:49:38.995+0000] {logging_mixin.py:190} INFO - [2025-01-13T23:49:38.995+0000] {dag.py:4180} INFO - Setting next_dagrun for example_nested_branch_dag to 2025-01-12 00:00:00+00:00, run_after=2025-01-13 00:00:00+00:00
[2025-01-13T23:49:39.010+0000] {processor.py:208} INFO - Processing /home/airflow/.local/lib/python3.12/site-packages/airflow/example_dags/example_nested_branch_dag.py took 0.067 seconds
[2025-01-13T23:50:09.600+0000] {processor.py:186} INFO - Started process (PID=3121) to work on /home/airflow/.local/lib/python3.12/site-packages/airflow/example_dags/example_nested_branch_dag.py
[2025-01-13T23:50:09.602+0000] {processor.py:914} INFO - Processing file /home/airflow/.local/lib/python3.12/site-packages/airflow/example_dags/example_nested_branch_dag.py for tasks to queue
[2025-01-13T23:50:09.604+0000] {logging_mixin.py:190} INFO - [2025-01-13T23:50:09.604+0000] {dagbag.py:588} INFO - Filling up the DagBag from /home/airflow/.local/lib/python3.12/site-packages/airflow/example_dags/example_nested_branch_dag.py
[2025-01-13T23:50:09.615+0000] {processor.py:925} INFO - DAG(s) 'example_nested_branch_dag' retrieved from /home/airflow/.local/lib/python3.12/site-packages/airflow/example_dags/example_nested_branch_dag.py
[2025-01-13T23:50:09.636+0000] {logging_mixin.py:190} INFO - [2025-01-13T23:50:09.636+0000] {dag.py:3239} INFO - Sync 1 DAGs
[2025-01-13T23:50:09.662+0000] {logging_mixin.py:190} INFO - [2025-01-13T23:50:09.662+0000] {dag.py:4180} INFO - Setting next_dagrun for example_nested_branch_dag to 2025-01-12 00:00:00+00:00, run_after=2025-01-13 00:00:00+00:00
[2025-01-13T23:50:09.685+0000] {processor.py:208} INFO - Processing /home/airflow/.local/lib/python3.12/site-packages/airflow/example_dags/example_nested_branch_dag.py took 0.089 seconds
[2025-01-13T23:50:41.498+0000] {processor.py:186} INFO - Started process (PID=3189) to work on /home/airflow/.local/lib/python3.12/site-packages/airflow/example_dags/example_nested_branch_dag.py
[2025-01-13T23:50:41.500+0000] {processor.py:914} INFO - Processing file /home/airflow/.local/lib/python3.12/site-packages/airflow/example_dags/example_nested_branch_dag.py for tasks to queue
[2025-01-13T23:50:41.502+0000] {logging_mixin.py:190} INFO - [2025-01-13T23:50:41.502+0000] {dagbag.py:588} INFO - Filling up the DagBag from /home/airflow/.local/lib/python3.12/site-packages/airflow/example_dags/example_nested_branch_dag.py
[2025-01-13T23:50:41.696+0000] {processor.py:925} INFO - DAG(s) 'example_nested_branch_dag' retrieved from /home/airflow/.local/lib/python3.12/site-packages/airflow/example_dags/example_nested_branch_dag.py
[2025-01-13T23:50:41.725+0000] {logging_mixin.py:190} INFO - [2025-01-13T23:50:41.725+0000] {dag.py:3239} INFO - Sync 1 DAGs
[2025-01-13T23:50:41.752+0000] {logging_mixin.py:190} INFO - [2025-01-13T23:50:41.751+0000] {dag.py:4180} INFO - Setting next_dagrun for example_nested_branch_dag to 2025-01-12 00:00:00+00:00, run_after=2025-01-13 00:00:00+00:00
[2025-01-13T23:50:41.780+0000] {processor.py:208} INFO - Processing /home/airflow/.local/lib/python3.12/site-packages/airflow/example_dags/example_nested_branch_dag.py took 0.288 seconds
[2025-01-13T23:51:12.648+0000] {processor.py:186} INFO - Started process (PID=3253) to work on /home/airflow/.local/lib/python3.12/site-packages/airflow/example_dags/example_nested_branch_dag.py
[2025-01-13T23:51:12.649+0000] {processor.py:914} INFO - Processing file /home/airflow/.local/lib/python3.12/site-packages/airflow/example_dags/example_nested_branch_dag.py for tasks to queue
[2025-01-13T23:51:12.651+0000] {logging_mixin.py:190} INFO - [2025-01-13T23:51:12.651+0000] {dagbag.py:588} INFO - Filling up the DagBag from /home/airflow/.local/lib/python3.12/site-packages/airflow/example_dags/example_nested_branch_dag.py
[2025-01-13T23:51:12.663+0000] {processor.py:925} INFO - DAG(s) 'example_nested_branch_dag' retrieved from /home/airflow/.local/lib/python3.12/site-packages/airflow/example_dags/example_nested_branch_dag.py
[2025-01-13T23:51:12.681+0000] {logging_mixin.py:190} INFO - [2025-01-13T23:51:12.681+0000] {dag.py:3239} INFO - Sync 1 DAGs
[2025-01-13T23:51:12.699+0000] {logging_mixin.py:190} INFO - [2025-01-13T23:51:12.699+0000] {dag.py:4180} INFO - Setting next_dagrun for example_nested_branch_dag to 2025-01-12 00:00:00+00:00, run_after=2025-01-13 00:00:00+00:00
[2025-01-13T23:51:12.719+0000] {processor.py:208} INFO - Processing /home/airflow/.local/lib/python3.12/site-packages/airflow/example_dags/example_nested_branch_dag.py took 0.077 seconds
[2025-01-13T23:51:43.348+0000] {processor.py:186} INFO - Started process (PID=3319) to work on /home/airflow/.local/lib/python3.12/site-packages/airflow/example_dags/example_nested_branch_dag.py
[2025-01-13T23:51:43.349+0000] {processor.py:914} INFO - Processing file /home/airflow/.local/lib/python3.12/site-packages/airflow/example_dags/example_nested_branch_dag.py for tasks to queue
[2025-01-13T23:51:43.352+0000] {logging_mixin.py:190} INFO - [2025-01-13T23:51:43.352+0000] {dagbag.py:588} INFO - Filling up the DagBag from /home/airflow/.local/lib/python3.12/site-packages/airflow/example_dags/example_nested_branch_dag.py
[2025-01-13T23:51:43.362+0000] {processor.py:925} INFO - DAG(s) 'example_nested_branch_dag' retrieved from /home/airflow/.local/lib/python3.12/site-packages/airflow/example_dags/example_nested_branch_dag.py
[2025-01-13T23:51:43.384+0000] {logging_mixin.py:190} INFO - [2025-01-13T23:51:43.384+0000] {dag.py:3239} INFO - Sync 1 DAGs
[2025-01-13T23:51:43.402+0000] {logging_mixin.py:190} INFO - [2025-01-13T23:51:43.401+0000] {dag.py:4180} INFO - Setting next_dagrun for example_nested_branch_dag to 2025-01-12 00:00:00+00:00, run_after=2025-01-13 00:00:00+00:00
[2025-01-13T23:51:43.418+0000] {processor.py:208} INFO - Processing /home/airflow/.local/lib/python3.12/site-packages/airflow/example_dags/example_nested_branch_dag.py took 0.076 seconds
[2025-01-13T23:52:14.594+0000] {processor.py:186} INFO - Started process (PID=3388) to work on /home/airflow/.local/lib/python3.12/site-packages/airflow/example_dags/example_nested_branch_dag.py
[2025-01-13T23:52:14.596+0000] {processor.py:914} INFO - Processing file /home/airflow/.local/lib/python3.12/site-packages/airflow/example_dags/example_nested_branch_dag.py for tasks to queue
[2025-01-13T23:52:14.598+0000] {logging_mixin.py:190} INFO - [2025-01-13T23:52:14.598+0000] {dagbag.py:588} INFO - Filling up the DagBag from /home/airflow/.local/lib/python3.12/site-packages/airflow/example_dags/example_nested_branch_dag.py
[2025-01-13T23:52:14.613+0000] {processor.py:925} INFO - DAG(s) 'example_nested_branch_dag' retrieved from /home/airflow/.local/lib/python3.12/site-packages/airflow/example_dags/example_nested_branch_dag.py
[2025-01-13T23:52:14.636+0000] {logging_mixin.py:190} INFO - [2025-01-13T23:52:14.636+0000] {dag.py:3239} INFO - Sync 1 DAGs
[2025-01-13T23:52:14.666+0000] {logging_mixin.py:190} INFO - [2025-01-13T23:52:14.665+0000] {dag.py:4180} INFO - Setting next_dagrun for example_nested_branch_dag to 2025-01-12 00:00:00+00:00, run_after=2025-01-13 00:00:00+00:00
[2025-01-13T23:52:14.689+0000] {processor.py:208} INFO - Processing /home/airflow/.local/lib/python3.12/site-packages/airflow/example_dags/example_nested_branch_dag.py took 0.101 seconds
[2025-01-13T23:52:44.919+0000] {processor.py:186} INFO - Started process (PID=3452) to work on /home/airflow/.local/lib/python3.12/site-packages/airflow/example_dags/example_nested_branch_dag.py
[2025-01-13T23:52:44.919+0000] {processor.py:914} INFO - Processing file /home/airflow/.local/lib/python3.12/site-packages/airflow/example_dags/example_nested_branch_dag.py for tasks to queue
[2025-01-13T23:52:44.921+0000] {logging_mixin.py:190} INFO - [2025-01-13T23:52:44.921+0000] {dagbag.py:588} INFO - Filling up the DagBag from /home/airflow/.local/lib/python3.12/site-packages/airflow/example_dags/example_nested_branch_dag.py
[2025-01-13T23:52:44.932+0000] {processor.py:925} INFO - DAG(s) 'example_nested_branch_dag' retrieved from /home/airflow/.local/lib/python3.12/site-packages/airflow/example_dags/example_nested_branch_dag.py
[2025-01-13T23:52:44.951+0000] {logging_mixin.py:190} INFO - [2025-01-13T23:52:44.950+0000] {dag.py:3239} INFO - Sync 1 DAGs
[2025-01-13T23:52:44.972+0000] {logging_mixin.py:190} INFO - [2025-01-13T23:52:44.971+0000] {dag.py:4180} INFO - Setting next_dagrun for example_nested_branch_dag to 2025-01-12 00:00:00+00:00, run_after=2025-01-13 00:00:00+00:00
[2025-01-13T23:52:44.991+0000] {processor.py:208} INFO - Processing /home/airflow/.local/lib/python3.12/site-packages/airflow/example_dags/example_nested_branch_dag.py took 0.076 seconds
[2025-01-13T23:53:15.470+0000] {processor.py:186} INFO - Started process (PID=3516) to work on /home/airflow/.local/lib/python3.12/site-packages/airflow/example_dags/example_nested_branch_dag.py
[2025-01-13T23:53:15.471+0000] {processor.py:914} INFO - Processing file /home/airflow/.local/lib/python3.12/site-packages/airflow/example_dags/example_nested_branch_dag.py for tasks to queue
[2025-01-13T23:53:15.473+0000] {logging_mixin.py:190} INFO - [2025-01-13T23:53:15.473+0000] {dagbag.py:588} INFO - Filling up the DagBag from /home/airflow/.local/lib/python3.12/site-packages/airflow/example_dags/example_nested_branch_dag.py
[2025-01-13T23:53:15.486+0000] {processor.py:925} INFO - DAG(s) 'example_nested_branch_dag' retrieved from /home/airflow/.local/lib/python3.12/site-packages/airflow/example_dags/example_nested_branch_dag.py
[2025-01-13T23:53:15.505+0000] {logging_mixin.py:190} INFO - [2025-01-13T23:53:15.505+0000] {dag.py:3239} INFO - Sync 1 DAGs
[2025-01-13T23:53:15.522+0000] {logging_mixin.py:190} INFO - [2025-01-13T23:53:15.521+0000] {dag.py:4180} INFO - Setting next_dagrun for example_nested_branch_dag to 2025-01-12 00:00:00+00:00, run_after=2025-01-13 00:00:00+00:00
[2025-01-13T23:53:15.535+0000] {processor.py:208} INFO - Processing /home/airflow/.local/lib/python3.12/site-packages/airflow/example_dags/example_nested_branch_dag.py took 0.070 seconds
[2025-01-13T23:53:46.238+0000] {processor.py:186} INFO - Started process (PID=3580) to work on /home/airflow/.local/lib/python3.12/site-packages/airflow/example_dags/example_nested_branch_dag.py
[2025-01-13T23:53:46.239+0000] {processor.py:914} INFO - Processing file /home/airflow/.local/lib/python3.12/site-packages/airflow/example_dags/example_nested_branch_dag.py for tasks to queue
[2025-01-13T23:53:46.241+0000] {logging_mixin.py:190} INFO - [2025-01-13T23:53:46.241+0000] {dagbag.py:588} INFO - Filling up the DagBag from /home/airflow/.local/lib/python3.12/site-packages/airflow/example_dags/example_nested_branch_dag.py
[2025-01-13T23:53:46.250+0000] {processor.py:925} INFO - DAG(s) 'example_nested_branch_dag' retrieved from /home/airflow/.local/lib/python3.12/site-packages/airflow/example_dags/example_nested_branch_dag.py
[2025-01-13T23:53:46.269+0000] {logging_mixin.py:190} INFO - [2025-01-13T23:53:46.268+0000] {dag.py:3239} INFO - Sync 1 DAGs
[2025-01-13T23:53:46.293+0000] {logging_mixin.py:190} INFO - [2025-01-13T23:53:46.292+0000] {dag.py:4180} INFO - Setting next_dagrun for example_nested_branch_dag to 2025-01-12 00:00:00+00:00, run_after=2025-01-13 00:00:00+00:00
[2025-01-13T23:53:46.310+0000] {processor.py:208} INFO - Processing /home/airflow/.local/lib/python3.12/site-packages/airflow/example_dags/example_nested_branch_dag.py took 0.076 seconds
[2025-01-13T23:54:17.546+0000] {processor.py:186} INFO - Started process (PID=3647) to work on /home/airflow/.local/lib/python3.12/site-packages/airflow/example_dags/example_nested_branch_dag.py
[2025-01-13T23:54:17.547+0000] {processor.py:914} INFO - Processing file /home/airflow/.local/lib/python3.12/site-packages/airflow/example_dags/example_nested_branch_dag.py for tasks to queue
[2025-01-13T23:54:17.550+0000] {logging_mixin.py:190} INFO - [2025-01-13T23:54:17.549+0000] {dagbag.py:588} INFO - Filling up the DagBag from /home/airflow/.local/lib/python3.12/site-packages/airflow/example_dags/example_nested_branch_dag.py
[2025-01-13T23:54:17.559+0000] {processor.py:925} INFO - DAG(s) 'example_nested_branch_dag' retrieved from /home/airflow/.local/lib/python3.12/site-packages/airflow/example_dags/example_nested_branch_dag.py
[2025-01-13T23:54:17.584+0000] {logging_mixin.py:190} INFO - [2025-01-13T23:54:17.584+0000] {dag.py:3239} INFO - Sync 1 DAGs
[2025-01-13T23:54:17.612+0000] {logging_mixin.py:190} INFO - [2025-01-13T23:54:17.611+0000] {dag.py:4180} INFO - Setting next_dagrun for example_nested_branch_dag to 2025-01-12 00:00:00+00:00, run_after=2025-01-13 00:00:00+00:00
[2025-01-13T23:54:17.636+0000] {processor.py:208} INFO - Processing /home/airflow/.local/lib/python3.12/site-packages/airflow/example_dags/example_nested_branch_dag.py took 0.096 seconds
[2025-01-13T23:54:48.501+0000] {processor.py:186} INFO - Started process (PID=3713) to work on /home/airflow/.local/lib/python3.12/site-packages/airflow/example_dags/example_nested_branch_dag.py
[2025-01-13T23:54:48.502+0000] {processor.py:914} INFO - Processing file /home/airflow/.local/lib/python3.12/site-packages/airflow/example_dags/example_nested_branch_dag.py for tasks to queue
[2025-01-13T23:54:48.504+0000] {logging_mixin.py:190} INFO - [2025-01-13T23:54:48.504+0000] {dagbag.py:588} INFO - Filling up the DagBag from /home/airflow/.local/lib/python3.12/site-packages/airflow/example_dags/example_nested_branch_dag.py
[2025-01-13T23:54:48.513+0000] {processor.py:925} INFO - DAG(s) 'example_nested_branch_dag' retrieved from /home/airflow/.local/lib/python3.12/site-packages/airflow/example_dags/example_nested_branch_dag.py
[2025-01-13T23:54:48.532+0000] {logging_mixin.py:190} INFO - [2025-01-13T23:54:48.531+0000] {dag.py:3239} INFO - Sync 1 DAGs
[2025-01-13T23:54:48.549+0000] {logging_mixin.py:190} INFO - [2025-01-13T23:54:48.549+0000] {dag.py:4180} INFO - Setting next_dagrun for example_nested_branch_dag to 2025-01-12 00:00:00+00:00, run_after=2025-01-13 00:00:00+00:00
[2025-01-13T23:54:48.569+0000] {processor.py:208} INFO - Processing /home/airflow/.local/lib/python3.12/site-packages/airflow/example_dags/example_nested_branch_dag.py took 0.072 seconds
[2025-01-13T23:55:19.211+0000] {processor.py:186} INFO - Started process (PID=3778) to work on /home/airflow/.local/lib/python3.12/site-packages/airflow/example_dags/example_nested_branch_dag.py
[2025-01-13T23:55:19.213+0000] {processor.py:914} INFO - Processing file /home/airflow/.local/lib/python3.12/site-packages/airflow/example_dags/example_nested_branch_dag.py for tasks to queue
[2025-01-13T23:55:19.215+0000] {logging_mixin.py:190} INFO - [2025-01-13T23:55:19.215+0000] {dagbag.py:588} INFO - Filling up the DagBag from /home/airflow/.local/lib/python3.12/site-packages/airflow/example_dags/example_nested_branch_dag.py
[2025-01-13T23:55:19.225+0000] {processor.py:925} INFO - DAG(s) 'example_nested_branch_dag' retrieved from /home/airflow/.local/lib/python3.12/site-packages/airflow/example_dags/example_nested_branch_dag.py
[2025-01-13T23:55:19.241+0000] {logging_mixin.py:190} INFO - [2025-01-13T23:55:19.241+0000] {dag.py:3239} INFO - Sync 1 DAGs
[2025-01-13T23:55:19.261+0000] {logging_mixin.py:190} INFO - [2025-01-13T23:55:19.261+0000] {dag.py:4180} INFO - Setting next_dagrun for example_nested_branch_dag to 2025-01-12 00:00:00+00:00, run_after=2025-01-13 00:00:00+00:00
[2025-01-13T23:55:19.279+0000] {processor.py:208} INFO - Processing /home/airflow/.local/lib/python3.12/site-packages/airflow/example_dags/example_nested_branch_dag.py took 0.072 seconds
[2025-01-13T23:55:50.019+0000] {processor.py:186} INFO - Started process (PID=3848) to work on /home/airflow/.local/lib/python3.12/site-packages/airflow/example_dags/example_nested_branch_dag.py
[2025-01-13T23:55:50.020+0000] {processor.py:914} INFO - Processing file /home/airflow/.local/lib/python3.12/site-packages/airflow/example_dags/example_nested_branch_dag.py for tasks to queue
[2025-01-13T23:55:50.023+0000] {logging_mixin.py:190} INFO - [2025-01-13T23:55:50.023+0000] {dagbag.py:588} INFO - Filling up the DagBag from /home/airflow/.local/lib/python3.12/site-packages/airflow/example_dags/example_nested_branch_dag.py
[2025-01-13T23:55:50.033+0000] {processor.py:925} INFO - DAG(s) 'example_nested_branch_dag' retrieved from /home/airflow/.local/lib/python3.12/site-packages/airflow/example_dags/example_nested_branch_dag.py
[2025-01-13T23:55:50.058+0000] {logging_mixin.py:190} INFO - [2025-01-13T23:55:50.058+0000] {dag.py:3239} INFO - Sync 1 DAGs
[2025-01-13T23:55:50.080+0000] {logging_mixin.py:190} INFO - [2025-01-13T23:55:50.079+0000] {dag.py:4180} INFO - Setting next_dagrun for example_nested_branch_dag to 2025-01-12 00:00:00+00:00, run_after=2025-01-13 00:00:00+00:00
[2025-01-13T23:55:50.109+0000] {processor.py:208} INFO - Processing /home/airflow/.local/lib/python3.12/site-packages/airflow/example_dags/example_nested_branch_dag.py took 0.095 seconds
[2025-01-13T23:56:20.429+0000] {processor.py:186} INFO - Started process (PID=3912) to work on /home/airflow/.local/lib/python3.12/site-packages/airflow/example_dags/example_nested_branch_dag.py
[2025-01-13T23:56:20.431+0000] {processor.py:914} INFO - Processing file /home/airflow/.local/lib/python3.12/site-packages/airflow/example_dags/example_nested_branch_dag.py for tasks to queue
[2025-01-13T23:56:20.433+0000] {logging_mixin.py:190} INFO - [2025-01-13T23:56:20.433+0000] {dagbag.py:588} INFO - Filling up the DagBag from /home/airflow/.local/lib/python3.12/site-packages/airflow/example_dags/example_nested_branch_dag.py
[2025-01-13T23:56:20.446+0000] {processor.py:925} INFO - DAG(s) 'example_nested_branch_dag' retrieved from /home/airflow/.local/lib/python3.12/site-packages/airflow/example_dags/example_nested_branch_dag.py
[2025-01-13T23:56:20.475+0000] {logging_mixin.py:190} INFO - [2025-01-13T23:56:20.475+0000] {dag.py:3239} INFO - Sync 1 DAGs
[2025-01-13T23:56:20.504+0000] {logging_mixin.py:190} INFO - [2025-01-13T23:56:20.504+0000] {dag.py:4180} INFO - Setting next_dagrun for example_nested_branch_dag to 2025-01-12 00:00:00+00:00, run_after=2025-01-13 00:00:00+00:00
[2025-01-13T23:56:20.530+0000] {processor.py:208} INFO - Processing /home/airflow/.local/lib/python3.12/site-packages/airflow/example_dags/example_nested_branch_dag.py took 0.106 seconds
[2025-01-13T23:56:51.079+0000] {processor.py:186} INFO - Started process (PID=3976) to work on /home/airflow/.local/lib/python3.12/site-packages/airflow/example_dags/example_nested_branch_dag.py
[2025-01-13T23:56:51.080+0000] {processor.py:914} INFO - Processing file /home/airflow/.local/lib/python3.12/site-packages/airflow/example_dags/example_nested_branch_dag.py for tasks to queue
[2025-01-13T23:56:51.085+0000] {logging_mixin.py:190} INFO - [2025-01-13T23:56:51.084+0000] {dagbag.py:588} INFO - Filling up the DagBag from /home/airflow/.local/lib/python3.12/site-packages/airflow/example_dags/example_nested_branch_dag.py
[2025-01-13T23:56:51.100+0000] {processor.py:925} INFO - DAG(s) 'example_nested_branch_dag' retrieved from /home/airflow/.local/lib/python3.12/site-packages/airflow/example_dags/example_nested_branch_dag.py
[2025-01-13T23:56:51.129+0000] {logging_mixin.py:190} INFO - [2025-01-13T23:56:51.129+0000] {dag.py:3239} INFO - Sync 1 DAGs
[2025-01-13T23:56:51.163+0000] {logging_mixin.py:190} INFO - [2025-01-13T23:56:51.163+0000] {dag.py:4180} INFO - Setting next_dagrun for example_nested_branch_dag to 2025-01-12 00:00:00+00:00, run_after=2025-01-13 00:00:00+00:00
[2025-01-13T23:56:51.194+0000] {processor.py:208} INFO - Processing /home/airflow/.local/lib/python3.12/site-packages/airflow/example_dags/example_nested_branch_dag.py took 0.124 seconds
[2025-01-13T23:57:21.494+0000] {processor.py:186} INFO - Started process (PID=4040) to work on /home/airflow/.local/lib/python3.12/site-packages/airflow/example_dags/example_nested_branch_dag.py
[2025-01-13T23:57:21.496+0000] {processor.py:914} INFO - Processing file /home/airflow/.local/lib/python3.12/site-packages/airflow/example_dags/example_nested_branch_dag.py for tasks to queue
[2025-01-13T23:57:21.500+0000] {logging_mixin.py:190} INFO - [2025-01-13T23:57:21.500+0000] {dagbag.py:588} INFO - Filling up the DagBag from /home/airflow/.local/lib/python3.12/site-packages/airflow/example_dags/example_nested_branch_dag.py
[2025-01-13T23:57:21.513+0000] {processor.py:925} INFO - DAG(s) 'example_nested_branch_dag' retrieved from /home/airflow/.local/lib/python3.12/site-packages/airflow/example_dags/example_nested_branch_dag.py
[2025-01-13T23:57:21.542+0000] {logging_mixin.py:190} INFO - [2025-01-13T23:57:21.541+0000] {dag.py:3239} INFO - Sync 1 DAGs
[2025-01-13T23:57:21.574+0000] {logging_mixin.py:190} INFO - [2025-01-13T23:57:21.574+0000] {dag.py:4180} INFO - Setting next_dagrun for example_nested_branch_dag to 2025-01-12 00:00:00+00:00, run_after=2025-01-13 00:00:00+00:00
[2025-01-13T23:57:21.603+0000] {processor.py:208} INFO - Processing /home/airflow/.local/lib/python3.12/site-packages/airflow/example_dags/example_nested_branch_dag.py took 0.115 seconds
[2025-01-13T23:57:52.679+0000] {processor.py:186} INFO - Started process (PID=4106) to work on /home/airflow/.local/lib/python3.12/site-packages/airflow/example_dags/example_nested_branch_dag.py
[2025-01-13T23:57:52.680+0000] {processor.py:914} INFO - Processing file /home/airflow/.local/lib/python3.12/site-packages/airflow/example_dags/example_nested_branch_dag.py for tasks to queue
[2025-01-13T23:57:52.684+0000] {logging_mixin.py:190} INFO - [2025-01-13T23:57:52.683+0000] {dagbag.py:588} INFO - Filling up the DagBag from /home/airflow/.local/lib/python3.12/site-packages/airflow/example_dags/example_nested_branch_dag.py
[2025-01-13T23:57:52.693+0000] {processor.py:925} INFO - DAG(s) 'example_nested_branch_dag' retrieved from /home/airflow/.local/lib/python3.12/site-packages/airflow/example_dags/example_nested_branch_dag.py
[2025-01-13T23:57:52.713+0000] {logging_mixin.py:190} INFO - [2025-01-13T23:57:52.712+0000] {dag.py:3239} INFO - Sync 1 DAGs
[2025-01-13T23:57:52.731+0000] {logging_mixin.py:190} INFO - [2025-01-13T23:57:52.731+0000] {dag.py:4180} INFO - Setting next_dagrun for example_nested_branch_dag to 2025-01-12 00:00:00+00:00, run_after=2025-01-13 00:00:00+00:00
[2025-01-13T23:57:52.749+0000] {processor.py:208} INFO - Processing /home/airflow/.local/lib/python3.12/site-packages/airflow/example_dags/example_nested_branch_dag.py took 0.074 seconds
[2025-01-13T23:58:23.343+0000] {processor.py:186} INFO - Started process (PID=4168) to work on /home/airflow/.local/lib/python3.12/site-packages/airflow/example_dags/example_nested_branch_dag.py
[2025-01-13T23:58:23.344+0000] {processor.py:914} INFO - Processing file /home/airflow/.local/lib/python3.12/site-packages/airflow/example_dags/example_nested_branch_dag.py for tasks to queue
[2025-01-13T23:58:23.348+0000] {logging_mixin.py:190} INFO - [2025-01-13T23:58:23.348+0000] {dagbag.py:588} INFO - Filling up the DagBag from /home/airflow/.local/lib/python3.12/site-packages/airflow/example_dags/example_nested_branch_dag.py
[2025-01-13T23:58:23.358+0000] {processor.py:925} INFO - DAG(s) 'example_nested_branch_dag' retrieved from /home/airflow/.local/lib/python3.12/site-packages/airflow/example_dags/example_nested_branch_dag.py
[2025-01-13T23:58:23.378+0000] {logging_mixin.py:190} INFO - [2025-01-13T23:58:23.378+0000] {dag.py:3239} INFO - Sync 1 DAGs
[2025-01-13T23:58:23.397+0000] {logging_mixin.py:190} INFO - [2025-01-13T23:58:23.397+0000] {dag.py:4180} INFO - Setting next_dagrun for example_nested_branch_dag to 2025-01-12 00:00:00+00:00, run_after=2025-01-13 00:00:00+00:00
[2025-01-13T23:58:23.415+0000] {processor.py:208} INFO - Processing /home/airflow/.local/lib/python3.12/site-packages/airflow/example_dags/example_nested_branch_dag.py took 0.076 seconds
[2025-01-13T23:58:53.914+0000] {processor.py:186} INFO - Started process (PID=4232) to work on /home/airflow/.local/lib/python3.12/site-packages/airflow/example_dags/example_nested_branch_dag.py
[2025-01-13T23:58:53.915+0000] {processor.py:914} INFO - Processing file /home/airflow/.local/lib/python3.12/site-packages/airflow/example_dags/example_nested_branch_dag.py for tasks to queue
[2025-01-13T23:58:53.918+0000] {logging_mixin.py:190} INFO - [2025-01-13T23:58:53.918+0000] {dagbag.py:588} INFO - Filling up the DagBag from /home/airflow/.local/lib/python3.12/site-packages/airflow/example_dags/example_nested_branch_dag.py
[2025-01-13T23:58:53.926+0000] {processor.py:925} INFO - DAG(s) 'example_nested_branch_dag' retrieved from /home/airflow/.local/lib/python3.12/site-packages/airflow/example_dags/example_nested_branch_dag.py
[2025-01-13T23:58:53.947+0000] {logging_mixin.py:190} INFO - [2025-01-13T23:58:53.947+0000] {dag.py:3239} INFO - Sync 1 DAGs
[2025-01-13T23:58:53.968+0000] {logging_mixin.py:190} INFO - [2025-01-13T23:58:53.968+0000] {dag.py:4180} INFO - Setting next_dagrun for example_nested_branch_dag to 2025-01-12 00:00:00+00:00, run_after=2025-01-13 00:00:00+00:00
[2025-01-13T23:58:53.988+0000] {processor.py:208} INFO - Processing /home/airflow/.local/lib/python3.12/site-packages/airflow/example_dags/example_nested_branch_dag.py took 0.078 seconds
[2025-01-13T23:59:24.584+0000] {processor.py:186} INFO - Started process (PID=4296) to work on /home/airflow/.local/lib/python3.12/site-packages/airflow/example_dags/example_nested_branch_dag.py
[2025-01-13T23:59:24.586+0000] {processor.py:914} INFO - Processing file /home/airflow/.local/lib/python3.12/site-packages/airflow/example_dags/example_nested_branch_dag.py for tasks to queue
[2025-01-13T23:59:24.589+0000] {logging_mixin.py:190} INFO - [2025-01-13T23:59:24.588+0000] {dagbag.py:588} INFO - Filling up the DagBag from /home/airflow/.local/lib/python3.12/site-packages/airflow/example_dags/example_nested_branch_dag.py
[2025-01-13T23:59:24.600+0000] {processor.py:925} INFO - DAG(s) 'example_nested_branch_dag' retrieved from /home/airflow/.local/lib/python3.12/site-packages/airflow/example_dags/example_nested_branch_dag.py
[2025-01-13T23:59:24.628+0000] {logging_mixin.py:190} INFO - [2025-01-13T23:59:24.627+0000] {dag.py:3239} INFO - Sync 1 DAGs
[2025-01-13T23:59:24.657+0000] {logging_mixin.py:190} INFO - [2025-01-13T23:59:24.657+0000] {dag.py:4180} INFO - Setting next_dagrun for example_nested_branch_dag to 2025-01-12 00:00:00+00:00, run_after=2025-01-13 00:00:00+00:00
[2025-01-13T23:59:24.687+0000] {processor.py:208} INFO - Processing /home/airflow/.local/lib/python3.12/site-packages/airflow/example_dags/example_nested_branch_dag.py took 0.108 seconds
[2025-01-13T23:59:54.882+0000] {processor.py:186} INFO - Started process (PID=4360) to work on /home/airflow/.local/lib/python3.12/site-packages/airflow/example_dags/example_nested_branch_dag.py
[2025-01-13T23:59:54.883+0000] {processor.py:914} INFO - Processing file /home/airflow/.local/lib/python3.12/site-packages/airflow/example_dags/example_nested_branch_dag.py for tasks to queue
[2025-01-13T23:59:54.887+0000] {logging_mixin.py:190} INFO - [2025-01-13T23:59:54.886+0000] {dagbag.py:588} INFO - Filling up the DagBag from /home/airflow/.local/lib/python3.12/site-packages/airflow/example_dags/example_nested_branch_dag.py
[2025-01-13T23:59:54.897+0000] {processor.py:925} INFO - DAG(s) 'example_nested_branch_dag' retrieved from /home/airflow/.local/lib/python3.12/site-packages/airflow/example_dags/example_nested_branch_dag.py
[2025-01-13T23:59:54.918+0000] {logging_mixin.py:190} INFO - [2025-01-13T23:59:54.918+0000] {dag.py:3239} INFO - Sync 1 DAGs
[2025-01-13T23:59:54.941+0000] {logging_mixin.py:190} INFO - [2025-01-13T23:59:54.940+0000] {dag.py:4180} INFO - Setting next_dagrun for example_nested_branch_dag to 2025-01-12 00:00:00+00:00, run_after=2025-01-13 00:00:00+00:00
[2025-01-13T23:59:54.959+0000] {processor.py:208} INFO - Processing /home/airflow/.local/lib/python3.12/site-packages/airflow/example_dags/example_nested_branch_dag.py took 0.083 seconds
