[2025-01-13T23:25:46.554+0000] {processor.py:186} INFO - Started process (PID=95) to work on /home/airflow/.local/lib/python3.12/site-packages/airflow/example_dags/example_latest_only.py
[2025-01-13T23:25:46.555+0000] {processor.py:914} INFO - Processing file /home/airflow/.local/lib/python3.12/site-packages/airflow/example_dags/example_latest_only.py for tasks to queue
[2025-01-13T23:25:46.559+0000] {logging_mixin.py:190} INFO - [2025-01-13T23:25:46.558+0000] {dagbag.py:588} INFO - Filling up the DagBag from /home/airflow/.local/lib/python3.12/site-packages/airflow/example_dags/example_latest_only.py
[2025-01-13T23:25:46.569+0000] {processor.py:925} INFO - DAG(s) 'latest_only' retrieved from /home/airflow/.local/lib/python3.12/site-packages/airflow/example_dags/example_latest_only.py
[2025-01-13T23:25:46.604+0000] {logging_mixin.py:190} INFO - [2025-01-13T23:25:46.604+0000] {dag.py:3239} INFO - Sync 1 DAGs
[2025-01-13T23:25:46.637+0000] {logging_mixin.py:190} INFO - [2025-01-13T23:25:46.637+0000] {dag.py:4180} INFO - Setting next_dagrun for latest_only to 2025-01-13 16:00:00+00:00, run_after=2025-01-13 20:00:00+00:00
[2025-01-13T23:25:46.664+0000] {processor.py:208} INFO - Processing /home/airflow/.local/lib/python3.12/site-packages/airflow/example_dags/example_latest_only.py took 0.116 seconds
[2025-01-13T23:26:16.901+0000] {processor.py:186} INFO - Started process (PID=159) to work on /home/airflow/.local/lib/python3.12/site-packages/airflow/example_dags/example_latest_only.py
[2025-01-13T23:26:16.903+0000] {processor.py:914} INFO - Processing file /home/airflow/.local/lib/python3.12/site-packages/airflow/example_dags/example_latest_only.py for tasks to queue
[2025-01-13T23:26:16.904+0000] {logging_mixin.py:190} INFO - [2025-01-13T23:26:16.904+0000] {dagbag.py:588} INFO - Filling up the DagBag from /home/airflow/.local/lib/python3.12/site-packages/airflow/example_dags/example_latest_only.py
[2025-01-13T23:26:16.910+0000] {processor.py:925} INFO - DAG(s) 'latest_only' retrieved from /home/airflow/.local/lib/python3.12/site-packages/airflow/example_dags/example_latest_only.py
[2025-01-13T23:26:16.937+0000] {logging_mixin.py:190} INFO - [2025-01-13T23:26:16.937+0000] {dag.py:3239} INFO - Sync 1 DAGs
[2025-01-13T23:26:16.972+0000] {logging_mixin.py:190} INFO - [2025-01-13T23:26:16.971+0000] {dag.py:4180} INFO - Setting next_dagrun for latest_only to 2025-01-13 16:00:00+00:00, run_after=2025-01-13 20:00:00+00:00
[2025-01-13T23:26:16.991+0000] {processor.py:208} INFO - Processing /home/airflow/.local/lib/python3.12/site-packages/airflow/example_dags/example_latest_only.py took 0.094 seconds
[2025-01-13T23:26:47.208+0000] {processor.py:186} INFO - Started process (PID=229) to work on /home/airflow/.local/lib/python3.12/site-packages/airflow/example_dags/example_latest_only.py
[2025-01-13T23:26:47.209+0000] {processor.py:914} INFO - Processing file /home/airflow/.local/lib/python3.12/site-packages/airflow/example_dags/example_latest_only.py for tasks to queue
[2025-01-13T23:26:47.212+0000] {logging_mixin.py:190} INFO - [2025-01-13T23:26:47.212+0000] {dagbag.py:588} INFO - Filling up the DagBag from /home/airflow/.local/lib/python3.12/site-packages/airflow/example_dags/example_latest_only.py
[2025-01-13T23:26:47.217+0000] {processor.py:925} INFO - DAG(s) 'latest_only' retrieved from /home/airflow/.local/lib/python3.12/site-packages/airflow/example_dags/example_latest_only.py
[2025-01-13T23:26:47.234+0000] {logging_mixin.py:190} INFO - [2025-01-13T23:26:47.234+0000] {dag.py:3239} INFO - Sync 1 DAGs
[2025-01-13T23:26:47.251+0000] {logging_mixin.py:190} INFO - [2025-01-13T23:26:47.251+0000] {dag.py:4180} INFO - Setting next_dagrun for latest_only to 2025-01-13 16:00:00+00:00, run_after=2025-01-13 20:00:00+00:00
[2025-01-13T23:26:47.266+0000] {processor.py:208} INFO - Processing /home/airflow/.local/lib/python3.12/site-packages/airflow/example_dags/example_latest_only.py took 0.062 seconds
[2025-01-13T23:27:18.222+0000] {processor.py:186} INFO - Started process (PID=293) to work on /home/airflow/.local/lib/python3.12/site-packages/airflow/example_dags/example_latest_only.py
[2025-01-13T23:27:18.223+0000] {processor.py:914} INFO - Processing file /home/airflow/.local/lib/python3.12/site-packages/airflow/example_dags/example_latest_only.py for tasks to queue
[2025-01-13T23:27:18.225+0000] {logging_mixin.py:190} INFO - [2025-01-13T23:27:18.224+0000] {dagbag.py:588} INFO - Filling up the DagBag from /home/airflow/.local/lib/python3.12/site-packages/airflow/example_dags/example_latest_only.py
[2025-01-13T23:27:18.230+0000] {processor.py:925} INFO - DAG(s) 'latest_only' retrieved from /home/airflow/.local/lib/python3.12/site-packages/airflow/example_dags/example_latest_only.py
[2025-01-13T23:27:18.245+0000] {logging_mixin.py:190} INFO - [2025-01-13T23:27:18.244+0000] {dag.py:3239} INFO - Sync 1 DAGs
[2025-01-13T23:27:18.259+0000] {logging_mixin.py:190} INFO - [2025-01-13T23:27:18.259+0000] {dag.py:4180} INFO - Setting next_dagrun for latest_only to 2025-01-13 16:00:00+00:00, run_after=2025-01-13 20:00:00+00:00
[2025-01-13T23:27:18.274+0000] {processor.py:208} INFO - Processing /home/airflow/.local/lib/python3.12/site-packages/airflow/example_dags/example_latest_only.py took 0.056 seconds
[2025-01-13T23:27:49.295+0000] {processor.py:186} INFO - Started process (PID=357) to work on /home/airflow/.local/lib/python3.12/site-packages/airflow/example_dags/example_latest_only.py
[2025-01-13T23:27:49.296+0000] {processor.py:914} INFO - Processing file /home/airflow/.local/lib/python3.12/site-packages/airflow/example_dags/example_latest_only.py for tasks to queue
[2025-01-13T23:27:49.298+0000] {logging_mixin.py:190} INFO - [2025-01-13T23:27:49.298+0000] {dagbag.py:588} INFO - Filling up the DagBag from /home/airflow/.local/lib/python3.12/site-packages/airflow/example_dags/example_latest_only.py
[2025-01-13T23:27:49.304+0000] {processor.py:925} INFO - DAG(s) 'latest_only' retrieved from /home/airflow/.local/lib/python3.12/site-packages/airflow/example_dags/example_latest_only.py
[2025-01-13T23:27:49.321+0000] {logging_mixin.py:190} INFO - [2025-01-13T23:27:49.321+0000] {dag.py:3239} INFO - Sync 1 DAGs
[2025-01-13T23:27:49.342+0000] {logging_mixin.py:190} INFO - [2025-01-13T23:27:49.340+0000] {dag.py:4180} INFO - Setting next_dagrun for latest_only to 2025-01-13 16:00:00+00:00, run_after=2025-01-13 20:00:00+00:00
[2025-01-13T23:27:49.369+0000] {processor.py:208} INFO - Processing /home/airflow/.local/lib/python3.12/site-packages/airflow/example_dags/example_latest_only.py took 0.078 seconds
[2025-01-13T23:28:20.539+0000] {processor.py:186} INFO - Started process (PID=420) to work on /home/airflow/.local/lib/python3.12/site-packages/airflow/example_dags/example_latest_only.py
[2025-01-13T23:28:20.540+0000] {processor.py:914} INFO - Processing file /home/airflow/.local/lib/python3.12/site-packages/airflow/example_dags/example_latest_only.py for tasks to queue
[2025-01-13T23:28:20.542+0000] {logging_mixin.py:190} INFO - [2025-01-13T23:28:20.541+0000] {dagbag.py:588} INFO - Filling up the DagBag from /home/airflow/.local/lib/python3.12/site-packages/airflow/example_dags/example_latest_only.py
[2025-01-13T23:28:20.548+0000] {processor.py:925} INFO - DAG(s) 'latest_only' retrieved from /home/airflow/.local/lib/python3.12/site-packages/airflow/example_dags/example_latest_only.py
[2025-01-13T23:28:20.570+0000] {logging_mixin.py:190} INFO - [2025-01-13T23:28:20.570+0000] {dag.py:3239} INFO - Sync 1 DAGs
[2025-01-13T23:28:20.588+0000] {logging_mixin.py:190} INFO - [2025-01-13T23:28:20.588+0000] {dag.py:4180} INFO - Setting next_dagrun for latest_only to 2025-01-13 16:00:00+00:00, run_after=2025-01-13 20:00:00+00:00
[2025-01-13T23:28:20.605+0000] {processor.py:208} INFO - Processing /home/airflow/.local/lib/python3.12/site-packages/airflow/example_dags/example_latest_only.py took 0.070 seconds
[2025-01-13T23:28:51.501+0000] {processor.py:186} INFO - Started process (PID=484) to work on /home/airflow/.local/lib/python3.12/site-packages/airflow/example_dags/example_latest_only.py
[2025-01-13T23:28:51.502+0000] {processor.py:914} INFO - Processing file /home/airflow/.local/lib/python3.12/site-packages/airflow/example_dags/example_latest_only.py for tasks to queue
[2025-01-13T23:28:51.505+0000] {logging_mixin.py:190} INFO - [2025-01-13T23:28:51.504+0000] {dagbag.py:588} INFO - Filling up the DagBag from /home/airflow/.local/lib/python3.12/site-packages/airflow/example_dags/example_latest_only.py
[2025-01-13T23:28:51.510+0000] {processor.py:925} INFO - DAG(s) 'latest_only' retrieved from /home/airflow/.local/lib/python3.12/site-packages/airflow/example_dags/example_latest_only.py
[2025-01-13T23:28:51.531+0000] {logging_mixin.py:190} INFO - [2025-01-13T23:28:51.531+0000] {dag.py:3239} INFO - Sync 1 DAGs
[2025-01-13T23:28:51.552+0000] {logging_mixin.py:190} INFO - [2025-01-13T23:28:51.552+0000] {dag.py:4180} INFO - Setting next_dagrun for latest_only to 2025-01-13 16:00:00+00:00, run_after=2025-01-13 20:00:00+00:00
[2025-01-13T23:28:51.570+0000] {processor.py:208} INFO - Processing /home/airflow/.local/lib/python3.12/site-packages/airflow/example_dags/example_latest_only.py took 0.073 seconds
[2025-01-13T23:29:22.362+0000] {processor.py:186} INFO - Started process (PID=547) to work on /home/airflow/.local/lib/python3.12/site-packages/airflow/example_dags/example_latest_only.py
[2025-01-13T23:29:22.363+0000] {processor.py:914} INFO - Processing file /home/airflow/.local/lib/python3.12/site-packages/airflow/example_dags/example_latest_only.py for tasks to queue
[2025-01-13T23:29:22.366+0000] {logging_mixin.py:190} INFO - [2025-01-13T23:29:22.366+0000] {dagbag.py:588} INFO - Filling up the DagBag from /home/airflow/.local/lib/python3.12/site-packages/airflow/example_dags/example_latest_only.py
[2025-01-13T23:29:22.372+0000] {processor.py:925} INFO - DAG(s) 'latest_only' retrieved from /home/airflow/.local/lib/python3.12/site-packages/airflow/example_dags/example_latest_only.py
[2025-01-13T23:29:22.387+0000] {logging_mixin.py:190} INFO - [2025-01-13T23:29:22.387+0000] {dag.py:3239} INFO - Sync 1 DAGs
[2025-01-13T23:29:22.405+0000] {logging_mixin.py:190} INFO - [2025-01-13T23:29:22.405+0000] {dag.py:4180} INFO - Setting next_dagrun for latest_only to 2025-01-13 16:00:00+00:00, run_after=2025-01-13 20:00:00+00:00
[2025-01-13T23:29:22.422+0000] {processor.py:208} INFO - Processing /home/airflow/.local/lib/python3.12/site-packages/airflow/example_dags/example_latest_only.py took 0.063 seconds
[2025-01-13T23:29:53.316+0000] {processor.py:186} INFO - Started process (PID=611) to work on /home/airflow/.local/lib/python3.12/site-packages/airflow/example_dags/example_latest_only.py
[2025-01-13T23:29:53.317+0000] {processor.py:914} INFO - Processing file /home/airflow/.local/lib/python3.12/site-packages/airflow/example_dags/example_latest_only.py for tasks to queue
[2025-01-13T23:29:53.319+0000] {logging_mixin.py:190} INFO - [2025-01-13T23:29:53.319+0000] {dagbag.py:588} INFO - Filling up the DagBag from /home/airflow/.local/lib/python3.12/site-packages/airflow/example_dags/example_latest_only.py
[2025-01-13T23:29:53.325+0000] {processor.py:925} INFO - DAG(s) 'latest_only' retrieved from /home/airflow/.local/lib/python3.12/site-packages/airflow/example_dags/example_latest_only.py
[2025-01-13T23:29:53.340+0000] {logging_mixin.py:190} INFO - [2025-01-13T23:29:53.340+0000] {dag.py:3239} INFO - Sync 1 DAGs
[2025-01-13T23:29:53.358+0000] {logging_mixin.py:190} INFO - [2025-01-13T23:29:53.358+0000] {dag.py:4180} INFO - Setting next_dagrun for latest_only to 2025-01-13 16:00:00+00:00, run_after=2025-01-13 20:00:00+00:00
[2025-01-13T23:29:53.374+0000] {processor.py:208} INFO - Processing /home/airflow/.local/lib/python3.12/site-packages/airflow/example_dags/example_latest_only.py took 0.061 seconds
[2025-01-13T23:30:23.458+0000] {processor.py:186} INFO - Started process (PID=674) to work on /home/airflow/.local/lib/python3.12/site-packages/airflow/example_dags/example_latest_only.py
[2025-01-13T23:30:23.459+0000] {processor.py:914} INFO - Processing file /home/airflow/.local/lib/python3.12/site-packages/airflow/example_dags/example_latest_only.py for tasks to queue
[2025-01-13T23:30:23.462+0000] {logging_mixin.py:190} INFO - [2025-01-13T23:30:23.461+0000] {dagbag.py:588} INFO - Filling up the DagBag from /home/airflow/.local/lib/python3.12/site-packages/airflow/example_dags/example_latest_only.py
[2025-01-13T23:30:23.467+0000] {processor.py:925} INFO - DAG(s) 'latest_only' retrieved from /home/airflow/.local/lib/python3.12/site-packages/airflow/example_dags/example_latest_only.py
[2025-01-13T23:30:23.485+0000] {logging_mixin.py:190} INFO - [2025-01-13T23:30:23.484+0000] {dag.py:3239} INFO - Sync 1 DAGs
[2025-01-13T23:30:23.502+0000] {logging_mixin.py:190} INFO - [2025-01-13T23:30:23.501+0000] {dag.py:4180} INFO - Setting next_dagrun for latest_only to 2025-01-13 16:00:00+00:00, run_after=2025-01-13 20:00:00+00:00
[2025-01-13T23:30:23.517+0000] {processor.py:208} INFO - Processing /home/airflow/.local/lib/python3.12/site-packages/airflow/example_dags/example_latest_only.py took 0.063 seconds
[2025-01-13T23:30:53.747+0000] {processor.py:186} INFO - Started process (PID=738) to work on /home/airflow/.local/lib/python3.12/site-packages/airflow/example_dags/example_latest_only.py
[2025-01-13T23:30:53.748+0000] {processor.py:914} INFO - Processing file /home/airflow/.local/lib/python3.12/site-packages/airflow/example_dags/example_latest_only.py for tasks to queue
[2025-01-13T23:30:53.750+0000] {logging_mixin.py:190} INFO - [2025-01-13T23:30:53.750+0000] {dagbag.py:588} INFO - Filling up the DagBag from /home/airflow/.local/lib/python3.12/site-packages/airflow/example_dags/example_latest_only.py
[2025-01-13T23:30:53.756+0000] {processor.py:925} INFO - DAG(s) 'latest_only' retrieved from /home/airflow/.local/lib/python3.12/site-packages/airflow/example_dags/example_latest_only.py
[2025-01-13T23:30:53.774+0000] {logging_mixin.py:190} INFO - [2025-01-13T23:30:53.774+0000] {dag.py:3239} INFO - Sync 1 DAGs
[2025-01-13T23:30:53.793+0000] {logging_mixin.py:190} INFO - [2025-01-13T23:30:53.793+0000] {dag.py:4180} INFO - Setting next_dagrun for latest_only to 2025-01-13 16:00:00+00:00, run_after=2025-01-13 20:00:00+00:00
[2025-01-13T23:30:53.808+0000] {processor.py:208} INFO - Processing /home/airflow/.local/lib/python3.12/site-packages/airflow/example_dags/example_latest_only.py took 0.065 seconds
[2025-01-13T23:31:24.626+0000] {processor.py:186} INFO - Started process (PID=802) to work on /home/airflow/.local/lib/python3.12/site-packages/airflow/example_dags/example_latest_only.py
[2025-01-13T23:31:24.627+0000] {processor.py:914} INFO - Processing file /home/airflow/.local/lib/python3.12/site-packages/airflow/example_dags/example_latest_only.py for tasks to queue
[2025-01-13T23:31:24.629+0000] {logging_mixin.py:190} INFO - [2025-01-13T23:31:24.629+0000] {dagbag.py:588} INFO - Filling up the DagBag from /home/airflow/.local/lib/python3.12/site-packages/airflow/example_dags/example_latest_only.py
[2025-01-13T23:31:24.635+0000] {processor.py:925} INFO - DAG(s) 'latest_only' retrieved from /home/airflow/.local/lib/python3.12/site-packages/airflow/example_dags/example_latest_only.py
[2025-01-13T23:31:24.650+0000] {logging_mixin.py:190} INFO - [2025-01-13T23:31:24.650+0000] {dag.py:3239} INFO - Sync 1 DAGs
[2025-01-13T23:31:24.667+0000] {logging_mixin.py:190} INFO - [2025-01-13T23:31:24.666+0000] {dag.py:4180} INFO - Setting next_dagrun for latest_only to 2025-01-13 16:00:00+00:00, run_after=2025-01-13 20:00:00+00:00
[2025-01-13T23:31:24.687+0000] {processor.py:208} INFO - Processing /home/airflow/.local/lib/python3.12/site-packages/airflow/example_dags/example_latest_only.py took 0.065 seconds
[2025-01-13T23:31:55.284+0000] {processor.py:186} INFO - Started process (PID=865) to work on /home/airflow/.local/lib/python3.12/site-packages/airflow/example_dags/example_latest_only.py
[2025-01-13T23:31:55.285+0000] {processor.py:914} INFO - Processing file /home/airflow/.local/lib/python3.12/site-packages/airflow/example_dags/example_latest_only.py for tasks to queue
[2025-01-13T23:31:55.287+0000] {logging_mixin.py:190} INFO - [2025-01-13T23:31:55.287+0000] {dagbag.py:588} INFO - Filling up the DagBag from /home/airflow/.local/lib/python3.12/site-packages/airflow/example_dags/example_latest_only.py
[2025-01-13T23:31:55.294+0000] {processor.py:925} INFO - DAG(s) 'latest_only' retrieved from /home/airflow/.local/lib/python3.12/site-packages/airflow/example_dags/example_latest_only.py
[2025-01-13T23:31:55.313+0000] {logging_mixin.py:190} INFO - [2025-01-13T23:31:55.313+0000] {dag.py:3239} INFO - Sync 1 DAGs
[2025-01-13T23:31:55.329+0000] {logging_mixin.py:190} INFO - [2025-01-13T23:31:55.329+0000] {dag.py:4180} INFO - Setting next_dagrun for latest_only to 2025-01-13 16:00:00+00:00, run_after=2025-01-13 20:00:00+00:00
[2025-01-13T23:31:55.345+0000] {processor.py:208} INFO - Processing /home/airflow/.local/lib/python3.12/site-packages/airflow/example_dags/example_latest_only.py took 0.066 seconds
[2025-01-13T23:32:25.478+0000] {processor.py:186} INFO - Started process (PID=928) to work on /home/airflow/.local/lib/python3.12/site-packages/airflow/example_dags/example_latest_only.py
[2025-01-13T23:32:25.479+0000] {processor.py:914} INFO - Processing file /home/airflow/.local/lib/python3.12/site-packages/airflow/example_dags/example_latest_only.py for tasks to queue
[2025-01-13T23:32:25.480+0000] {logging_mixin.py:190} INFO - [2025-01-13T23:32:25.480+0000] {dagbag.py:588} INFO - Filling up the DagBag from /home/airflow/.local/lib/python3.12/site-packages/airflow/example_dags/example_latest_only.py
[2025-01-13T23:32:25.486+0000] {processor.py:925} INFO - DAG(s) 'latest_only' retrieved from /home/airflow/.local/lib/python3.12/site-packages/airflow/example_dags/example_latest_only.py
[2025-01-13T23:32:25.500+0000] {logging_mixin.py:190} INFO - [2025-01-13T23:32:25.500+0000] {dag.py:3239} INFO - Sync 1 DAGs
[2025-01-13T23:32:25.515+0000] {logging_mixin.py:190} INFO - [2025-01-13T23:32:25.515+0000] {dag.py:4180} INFO - Setting next_dagrun for latest_only to 2025-01-13 16:00:00+00:00, run_after=2025-01-13 20:00:00+00:00
[2025-01-13T23:32:25.528+0000] {processor.py:208} INFO - Processing /home/airflow/.local/lib/python3.12/site-packages/airflow/example_dags/example_latest_only.py took 0.054 seconds
[2025-01-13T23:32:55.666+0000] {processor.py:186} INFO - Started process (PID=992) to work on /home/airflow/.local/lib/python3.12/site-packages/airflow/example_dags/example_latest_only.py
[2025-01-13T23:32:55.667+0000] {processor.py:914} INFO - Processing file /home/airflow/.local/lib/python3.12/site-packages/airflow/example_dags/example_latest_only.py for tasks to queue
[2025-01-13T23:32:55.669+0000] {logging_mixin.py:190} INFO - [2025-01-13T23:32:55.669+0000] {dagbag.py:588} INFO - Filling up the DagBag from /home/airflow/.local/lib/python3.12/site-packages/airflow/example_dags/example_latest_only.py
[2025-01-13T23:32:55.674+0000] {processor.py:925} INFO - DAG(s) 'latest_only' retrieved from /home/airflow/.local/lib/python3.12/site-packages/airflow/example_dags/example_latest_only.py
[2025-01-13T23:32:55.686+0000] {logging_mixin.py:190} INFO - [2025-01-13T23:32:55.686+0000] {dag.py:3239} INFO - Sync 1 DAGs
[2025-01-13T23:32:55.701+0000] {logging_mixin.py:190} INFO - [2025-01-13T23:32:55.700+0000] {dag.py:4180} INFO - Setting next_dagrun for latest_only to 2025-01-13 16:00:00+00:00, run_after=2025-01-13 20:00:00+00:00
[2025-01-13T23:32:55.715+0000] {processor.py:208} INFO - Processing /home/airflow/.local/lib/python3.12/site-packages/airflow/example_dags/example_latest_only.py took 0.053 seconds
[2025-01-13T23:33:25.952+0000] {processor.py:186} INFO - Started process (PID=1056) to work on /home/airflow/.local/lib/python3.12/site-packages/airflow/example_dags/example_latest_only.py
[2025-01-13T23:33:25.953+0000] {processor.py:914} INFO - Processing file /home/airflow/.local/lib/python3.12/site-packages/airflow/example_dags/example_latest_only.py for tasks to queue
[2025-01-13T23:33:25.955+0000] {logging_mixin.py:190} INFO - [2025-01-13T23:33:25.955+0000] {dagbag.py:588} INFO - Filling up the DagBag from /home/airflow/.local/lib/python3.12/site-packages/airflow/example_dags/example_latest_only.py
[2025-01-13T23:33:25.962+0000] {processor.py:925} INFO - DAG(s) 'latest_only' retrieved from /home/airflow/.local/lib/python3.12/site-packages/airflow/example_dags/example_latest_only.py
[2025-01-13T23:33:25.982+0000] {logging_mixin.py:190} INFO - [2025-01-13T23:33:25.982+0000] {dag.py:3239} INFO - Sync 1 DAGs
[2025-01-13T23:33:26.000+0000] {logging_mixin.py:190} INFO - [2025-01-13T23:33:26.000+0000] {dag.py:4180} INFO - Setting next_dagrun for latest_only to 2025-01-13 16:00:00+00:00, run_after=2025-01-13 20:00:00+00:00
[2025-01-13T23:33:26.014+0000] {processor.py:208} INFO - Processing /home/airflow/.local/lib/python3.12/site-packages/airflow/example_dags/example_latest_only.py took 0.066 seconds
[2025-01-13T23:33:56.206+0000] {processor.py:186} INFO - Started process (PID=1120) to work on /home/airflow/.local/lib/python3.12/site-packages/airflow/example_dags/example_latest_only.py
[2025-01-13T23:33:56.207+0000] {processor.py:914} INFO - Processing file /home/airflow/.local/lib/python3.12/site-packages/airflow/example_dags/example_latest_only.py for tasks to queue
[2025-01-13T23:33:56.209+0000] {logging_mixin.py:190} INFO - [2025-01-13T23:33:56.209+0000] {dagbag.py:588} INFO - Filling up the DagBag from /home/airflow/.local/lib/python3.12/site-packages/airflow/example_dags/example_latest_only.py
[2025-01-13T23:33:56.216+0000] {processor.py:925} INFO - DAG(s) 'latest_only' retrieved from /home/airflow/.local/lib/python3.12/site-packages/airflow/example_dags/example_latest_only.py
[2025-01-13T23:33:56.236+0000] {logging_mixin.py:190} INFO - [2025-01-13T23:33:56.235+0000] {dag.py:3239} INFO - Sync 1 DAGs
[2025-01-13T23:33:56.253+0000] {logging_mixin.py:190} INFO - [2025-01-13T23:33:56.253+0000] {dag.py:4180} INFO - Setting next_dagrun for latest_only to 2025-01-13 16:00:00+00:00, run_after=2025-01-13 20:00:00+00:00
[2025-01-13T23:33:56.276+0000] {processor.py:208} INFO - Processing /home/airflow/.local/lib/python3.12/site-packages/airflow/example_dags/example_latest_only.py took 0.075 seconds
[2025-01-13T23:34:27.228+0000] {processor.py:186} INFO - Started process (PID=1184) to work on /home/airflow/.local/lib/python3.12/site-packages/airflow/example_dags/example_latest_only.py
[2025-01-13T23:34:27.230+0000] {processor.py:914} INFO - Processing file /home/airflow/.local/lib/python3.12/site-packages/airflow/example_dags/example_latest_only.py for tasks to queue
[2025-01-13T23:34:27.232+0000] {logging_mixin.py:190} INFO - [2025-01-13T23:34:27.232+0000] {dagbag.py:588} INFO - Filling up the DagBag from /home/airflow/.local/lib/python3.12/site-packages/airflow/example_dags/example_latest_only.py
[2025-01-13T23:34:27.240+0000] {processor.py:925} INFO - DAG(s) 'latest_only' retrieved from /home/airflow/.local/lib/python3.12/site-packages/airflow/example_dags/example_latest_only.py
[2025-01-13T23:34:27.259+0000] {logging_mixin.py:190} INFO - [2025-01-13T23:34:27.259+0000] {dag.py:3239} INFO - Sync 1 DAGs
[2025-01-13T23:34:27.279+0000] {logging_mixin.py:190} INFO - [2025-01-13T23:34:27.279+0000] {dag.py:4180} INFO - Setting next_dagrun for latest_only to 2025-01-13 16:00:00+00:00, run_after=2025-01-13 20:00:00+00:00
[2025-01-13T23:34:27.300+0000] {processor.py:208} INFO - Processing /home/airflow/.local/lib/python3.12/site-packages/airflow/example_dags/example_latest_only.py took 0.076 seconds
[2025-01-13T23:34:57.681+0000] {processor.py:186} INFO - Started process (PID=1248) to work on /home/airflow/.local/lib/python3.12/site-packages/airflow/example_dags/example_latest_only.py
[2025-01-13T23:34:57.683+0000] {processor.py:914} INFO - Processing file /home/airflow/.local/lib/python3.12/site-packages/airflow/example_dags/example_latest_only.py for tasks to queue
[2025-01-13T23:34:57.684+0000] {logging_mixin.py:190} INFO - [2025-01-13T23:34:57.684+0000] {dagbag.py:588} INFO - Filling up the DagBag from /home/airflow/.local/lib/python3.12/site-packages/airflow/example_dags/example_latest_only.py
[2025-01-13T23:34:57.689+0000] {processor.py:925} INFO - DAG(s) 'latest_only' retrieved from /home/airflow/.local/lib/python3.12/site-packages/airflow/example_dags/example_latest_only.py
[2025-01-13T23:34:57.707+0000] {logging_mixin.py:190} INFO - [2025-01-13T23:34:57.707+0000] {dag.py:3239} INFO - Sync 1 DAGs
[2025-01-13T23:34:57.731+0000] {logging_mixin.py:190} INFO - [2025-01-13T23:34:57.730+0000] {dag.py:4180} INFO - Setting next_dagrun for latest_only to 2025-01-13 16:00:00+00:00, run_after=2025-01-13 20:00:00+00:00
[2025-01-13T23:34:57.746+0000] {processor.py:208} INFO - Processing /home/airflow/.local/lib/python3.12/site-packages/airflow/example_dags/example_latest_only.py took 0.071 seconds
[2025-01-13T23:35:27.943+0000] {processor.py:186} INFO - Started process (PID=1312) to work on /home/airflow/.local/lib/python3.12/site-packages/airflow/example_dags/example_latest_only.py
[2025-01-13T23:35:27.945+0000] {processor.py:914} INFO - Processing file /home/airflow/.local/lib/python3.12/site-packages/airflow/example_dags/example_latest_only.py for tasks to queue
[2025-01-13T23:35:27.947+0000] {logging_mixin.py:190} INFO - [2025-01-13T23:35:27.947+0000] {dagbag.py:588} INFO - Filling up the DagBag from /home/airflow/.local/lib/python3.12/site-packages/airflow/example_dags/example_latest_only.py
[2025-01-13T23:35:27.955+0000] {processor.py:925} INFO - DAG(s) 'latest_only' retrieved from /home/airflow/.local/lib/python3.12/site-packages/airflow/example_dags/example_latest_only.py
[2025-01-13T23:35:27.976+0000] {logging_mixin.py:190} INFO - [2025-01-13T23:35:27.975+0000] {dag.py:3239} INFO - Sync 1 DAGs
[2025-01-13T23:35:27.997+0000] {logging_mixin.py:190} INFO - [2025-01-13T23:35:27.997+0000] {dag.py:4180} INFO - Setting next_dagrun for latest_only to 2025-01-13 16:00:00+00:00, run_after=2025-01-13 20:00:00+00:00
[2025-01-13T23:35:28.018+0000] {processor.py:208} INFO - Processing /home/airflow/.local/lib/python3.12/site-packages/airflow/example_dags/example_latest_only.py took 0.081 seconds
[2025-01-13T23:35:58.737+0000] {processor.py:186} INFO - Started process (PID=1376) to work on /home/airflow/.local/lib/python3.12/site-packages/airflow/example_dags/example_latest_only.py
[2025-01-13T23:35:58.738+0000] {processor.py:914} INFO - Processing file /home/airflow/.local/lib/python3.12/site-packages/airflow/example_dags/example_latest_only.py for tasks to queue
[2025-01-13T23:35:58.743+0000] {logging_mixin.py:190} INFO - [2025-01-13T23:35:58.742+0000] {dagbag.py:588} INFO - Filling up the DagBag from /home/airflow/.local/lib/python3.12/site-packages/airflow/example_dags/example_latest_only.py
[2025-01-13T23:35:58.752+0000] {processor.py:925} INFO - DAG(s) 'latest_only' retrieved from /home/airflow/.local/lib/python3.12/site-packages/airflow/example_dags/example_latest_only.py
[2025-01-13T23:35:58.799+0000] {logging_mixin.py:190} INFO - [2025-01-13T23:35:58.798+0000] {dag.py:3239} INFO - Sync 1 DAGs
[2025-01-13T23:35:58.862+0000] {logging_mixin.py:190} INFO - [2025-01-13T23:35:58.862+0000] {dag.py:4180} INFO - Setting next_dagrun for latest_only to 2025-01-13 16:00:00+00:00, run_after=2025-01-13 20:00:00+00:00
[2025-01-13T23:35:58.901+0000] {processor.py:208} INFO - Processing /home/airflow/.local/lib/python3.12/site-packages/airflow/example_dags/example_latest_only.py took 0.174 seconds
[2025-01-13T23:36:29.053+0000] {processor.py:186} INFO - Started process (PID=1440) to work on /home/airflow/.local/lib/python3.12/site-packages/airflow/example_dags/example_latest_only.py
[2025-01-13T23:36:29.054+0000] {processor.py:914} INFO - Processing file /home/airflow/.local/lib/python3.12/site-packages/airflow/example_dags/example_latest_only.py for tasks to queue
[2025-01-13T23:36:29.056+0000] {logging_mixin.py:190} INFO - [2025-01-13T23:36:29.055+0000] {dagbag.py:588} INFO - Filling up the DagBag from /home/airflow/.local/lib/python3.12/site-packages/airflow/example_dags/example_latest_only.py
[2025-01-13T23:36:29.062+0000] {processor.py:925} INFO - DAG(s) 'latest_only' retrieved from /home/airflow/.local/lib/python3.12/site-packages/airflow/example_dags/example_latest_only.py
[2025-01-13T23:36:29.084+0000] {logging_mixin.py:190} INFO - [2025-01-13T23:36:29.084+0000] {dag.py:3239} INFO - Sync 1 DAGs
[2025-01-13T23:36:29.107+0000] {logging_mixin.py:190} INFO - [2025-01-13T23:36:29.107+0000] {dag.py:4180} INFO - Setting next_dagrun for latest_only to 2025-01-13 16:00:00+00:00, run_after=2025-01-13 20:00:00+00:00
[2025-01-13T23:36:29.136+0000] {processor.py:208} INFO - Processing /home/airflow/.local/lib/python3.12/site-packages/airflow/example_dags/example_latest_only.py took 0.088 seconds
[2025-01-13T23:36:59.574+0000] {processor.py:186} INFO - Started process (PID=1505) to work on /home/airflow/.local/lib/python3.12/site-packages/airflow/example_dags/example_latest_only.py
[2025-01-13T23:36:59.575+0000] {processor.py:914} INFO - Processing file /home/airflow/.local/lib/python3.12/site-packages/airflow/example_dags/example_latest_only.py for tasks to queue
[2025-01-13T23:36:59.577+0000] {logging_mixin.py:190} INFO - [2025-01-13T23:36:59.577+0000] {dagbag.py:588} INFO - Filling up the DagBag from /home/airflow/.local/lib/python3.12/site-packages/airflow/example_dags/example_latest_only.py
[2025-01-13T23:36:59.583+0000] {processor.py:925} INFO - DAG(s) 'latest_only' retrieved from /home/airflow/.local/lib/python3.12/site-packages/airflow/example_dags/example_latest_only.py
[2025-01-13T23:36:59.606+0000] {logging_mixin.py:190} INFO - [2025-01-13T23:36:59.606+0000] {dag.py:3239} INFO - Sync 1 DAGs
[2025-01-13T23:36:59.629+0000] {logging_mixin.py:190} INFO - [2025-01-13T23:36:59.628+0000] {dag.py:4180} INFO - Setting next_dagrun for latest_only to 2025-01-13 16:00:00+00:00, run_after=2025-01-13 20:00:00+00:00
[2025-01-13T23:36:59.652+0000] {processor.py:208} INFO - Processing /home/airflow/.local/lib/python3.12/site-packages/airflow/example_dags/example_latest_only.py took 0.083 seconds
[2025-01-13T23:37:29.937+0000] {processor.py:186} INFO - Started process (PID=1568) to work on /home/airflow/.local/lib/python3.12/site-packages/airflow/example_dags/example_latest_only.py
[2025-01-13T23:37:29.939+0000] {processor.py:914} INFO - Processing file /home/airflow/.local/lib/python3.12/site-packages/airflow/example_dags/example_latest_only.py for tasks to queue
[2025-01-13T23:37:29.942+0000] {logging_mixin.py:190} INFO - [2025-01-13T23:37:29.942+0000] {dagbag.py:588} INFO - Filling up the DagBag from /home/airflow/.local/lib/python3.12/site-packages/airflow/example_dags/example_latest_only.py
[2025-01-13T23:37:29.956+0000] {processor.py:925} INFO - DAG(s) 'latest_only' retrieved from /home/airflow/.local/lib/python3.12/site-packages/airflow/example_dags/example_latest_only.py
[2025-01-13T23:37:29.985+0000] {logging_mixin.py:190} INFO - [2025-01-13T23:37:29.985+0000] {dag.py:3239} INFO - Sync 1 DAGs
[2025-01-13T23:37:30.026+0000] {logging_mixin.py:190} INFO - [2025-01-13T23:37:30.025+0000] {dag.py:4180} INFO - Setting next_dagrun for latest_only to 2025-01-13 16:00:00+00:00, run_after=2025-01-13 20:00:00+00:00
[2025-01-13T23:37:30.099+0000] {processor.py:208} INFO - Processing /home/airflow/.local/lib/python3.12/site-packages/airflow/example_dags/example_latest_only.py took 0.171 seconds
[2025-01-13T23:38:00.832+0000] {processor.py:186} INFO - Started process (PID=1632) to work on /home/airflow/.local/lib/python3.12/site-packages/airflow/example_dags/example_latest_only.py
[2025-01-13T23:38:00.834+0000] {processor.py:914} INFO - Processing file /home/airflow/.local/lib/python3.12/site-packages/airflow/example_dags/example_latest_only.py for tasks to queue
[2025-01-13T23:38:00.836+0000] {logging_mixin.py:190} INFO - [2025-01-13T23:38:00.836+0000] {dagbag.py:588} INFO - Filling up the DagBag from /home/airflow/.local/lib/python3.12/site-packages/airflow/example_dags/example_latest_only.py
[2025-01-13T23:38:00.845+0000] {processor.py:925} INFO - DAG(s) 'latest_only' retrieved from /home/airflow/.local/lib/python3.12/site-packages/airflow/example_dags/example_latest_only.py
[2025-01-13T23:38:00.868+0000] {logging_mixin.py:190} INFO - [2025-01-13T23:38:00.867+0000] {dag.py:3239} INFO - Sync 1 DAGs
[2025-01-13T23:38:00.893+0000] {logging_mixin.py:190} INFO - [2025-01-13T23:38:00.893+0000] {dag.py:4180} INFO - Setting next_dagrun for latest_only to 2025-01-13 16:00:00+00:00, run_after=2025-01-13 20:00:00+00:00
[2025-01-13T23:38:00.920+0000] {processor.py:208} INFO - Processing /home/airflow/.local/lib/python3.12/site-packages/airflow/example_dags/example_latest_only.py took 0.093 seconds
[2025-01-13T23:38:31.071+0000] {processor.py:186} INFO - Started process (PID=1696) to work on /home/airflow/.local/lib/python3.12/site-packages/airflow/example_dags/example_latest_only.py
[2025-01-13T23:38:31.073+0000] {processor.py:914} INFO - Processing file /home/airflow/.local/lib/python3.12/site-packages/airflow/example_dags/example_latest_only.py for tasks to queue
[2025-01-13T23:38:31.076+0000] {logging_mixin.py:190} INFO - [2025-01-13T23:38:31.076+0000] {dagbag.py:588} INFO - Filling up the DagBag from /home/airflow/.local/lib/python3.12/site-packages/airflow/example_dags/example_latest_only.py
[2025-01-13T23:38:31.085+0000] {processor.py:925} INFO - DAG(s) 'latest_only' retrieved from /home/airflow/.local/lib/python3.12/site-packages/airflow/example_dags/example_latest_only.py
[2025-01-13T23:38:31.105+0000] {logging_mixin.py:190} INFO - [2025-01-13T23:38:31.104+0000] {dag.py:3239} INFO - Sync 1 DAGs
[2025-01-13T23:38:31.122+0000] {logging_mixin.py:190} INFO - [2025-01-13T23:38:31.122+0000] {dag.py:4180} INFO - Setting next_dagrun for latest_only to 2025-01-13 16:00:00+00:00, run_after=2025-01-13 20:00:00+00:00
[2025-01-13T23:38:31.148+0000] {processor.py:208} INFO - Processing /home/airflow/.local/lib/python3.12/site-packages/airflow/example_dags/example_latest_only.py took 0.083 seconds
[2025-01-13T23:39:01.235+0000] {processor.py:186} INFO - Started process (PID=1760) to work on /home/airflow/.local/lib/python3.12/site-packages/airflow/example_dags/example_latest_only.py
[2025-01-13T23:39:01.236+0000] {processor.py:914} INFO - Processing file /home/airflow/.local/lib/python3.12/site-packages/airflow/example_dags/example_latest_only.py for tasks to queue
[2025-01-13T23:39:01.238+0000] {logging_mixin.py:190} INFO - [2025-01-13T23:39:01.238+0000] {dagbag.py:588} INFO - Filling up the DagBag from /home/airflow/.local/lib/python3.12/site-packages/airflow/example_dags/example_latest_only.py
[2025-01-13T23:39:01.244+0000] {processor.py:925} INFO - DAG(s) 'latest_only' retrieved from /home/airflow/.local/lib/python3.12/site-packages/airflow/example_dags/example_latest_only.py
[2025-01-13T23:39:01.259+0000] {logging_mixin.py:190} INFO - [2025-01-13T23:39:01.259+0000] {dag.py:3239} INFO - Sync 1 DAGs
[2025-01-13T23:39:01.278+0000] {logging_mixin.py:190} INFO - [2025-01-13T23:39:01.278+0000] {dag.py:4180} INFO - Setting next_dagrun for latest_only to 2025-01-13 16:00:00+00:00, run_after=2025-01-13 20:00:00+00:00
[2025-01-13T23:39:01.293+0000] {processor.py:208} INFO - Processing /home/airflow/.local/lib/python3.12/site-packages/airflow/example_dags/example_latest_only.py took 0.062 seconds
[2025-01-13T23:39:31.718+0000] {processor.py:186} INFO - Started process (PID=1824) to work on /home/airflow/.local/lib/python3.12/site-packages/airflow/example_dags/example_latest_only.py
[2025-01-13T23:39:31.719+0000] {processor.py:914} INFO - Processing file /home/airflow/.local/lib/python3.12/site-packages/airflow/example_dags/example_latest_only.py for tasks to queue
[2025-01-13T23:39:31.722+0000] {logging_mixin.py:190} INFO - [2025-01-13T23:39:31.721+0000] {dagbag.py:588} INFO - Filling up the DagBag from /home/airflow/.local/lib/python3.12/site-packages/airflow/example_dags/example_latest_only.py
[2025-01-13T23:39:31.728+0000] {processor.py:925} INFO - DAG(s) 'latest_only' retrieved from /home/airflow/.local/lib/python3.12/site-packages/airflow/example_dags/example_latest_only.py
[2025-01-13T23:39:31.743+0000] {logging_mixin.py:190} INFO - [2025-01-13T23:39:31.742+0000] {dag.py:3239} INFO - Sync 1 DAGs
[2025-01-13T23:39:31.762+0000] {logging_mixin.py:190} INFO - [2025-01-13T23:39:31.762+0000] {dag.py:4180} INFO - Setting next_dagrun for latest_only to 2025-01-13 16:00:00+00:00, run_after=2025-01-13 20:00:00+00:00
[2025-01-13T23:39:31.779+0000] {processor.py:208} INFO - Processing /home/airflow/.local/lib/python3.12/site-packages/airflow/example_dags/example_latest_only.py took 0.067 seconds
[2025-01-13T23:40:02.052+0000] {processor.py:186} INFO - Started process (PID=1888) to work on /home/airflow/.local/lib/python3.12/site-packages/airflow/example_dags/example_latest_only.py
[2025-01-13T23:40:02.054+0000] {processor.py:914} INFO - Processing file /home/airflow/.local/lib/python3.12/site-packages/airflow/example_dags/example_latest_only.py for tasks to queue
[2025-01-13T23:40:02.056+0000] {logging_mixin.py:190} INFO - [2025-01-13T23:40:02.056+0000] {dagbag.py:588} INFO - Filling up the DagBag from /home/airflow/.local/lib/python3.12/site-packages/airflow/example_dags/example_latest_only.py
[2025-01-13T23:40:02.063+0000] {processor.py:925} INFO - DAG(s) 'latest_only' retrieved from /home/airflow/.local/lib/python3.12/site-packages/airflow/example_dags/example_latest_only.py
[2025-01-13T23:40:02.087+0000] {logging_mixin.py:190} INFO - [2025-01-13T23:40:02.087+0000] {dag.py:3239} INFO - Sync 1 DAGs
[2025-01-13T23:40:02.113+0000] {logging_mixin.py:190} INFO - [2025-01-13T23:40:02.112+0000] {dag.py:4180} INFO - Setting next_dagrun for latest_only to 2025-01-13 16:00:00+00:00, run_after=2025-01-13 20:00:00+00:00
[2025-01-13T23:40:02.136+0000] {processor.py:208} INFO - Processing /home/airflow/.local/lib/python3.12/site-packages/airflow/example_dags/example_latest_only.py took 0.088 seconds
[2025-01-13T23:40:32.439+0000] {processor.py:186} INFO - Started process (PID=1952) to work on /home/airflow/.local/lib/python3.12/site-packages/airflow/example_dags/example_latest_only.py
[2025-01-13T23:40:32.440+0000] {processor.py:914} INFO - Processing file /home/airflow/.local/lib/python3.12/site-packages/airflow/example_dags/example_latest_only.py for tasks to queue
[2025-01-13T23:40:32.443+0000] {logging_mixin.py:190} INFO - [2025-01-13T23:40:32.443+0000] {dagbag.py:588} INFO - Filling up the DagBag from /home/airflow/.local/lib/python3.12/site-packages/airflow/example_dags/example_latest_only.py
[2025-01-13T23:40:32.450+0000] {processor.py:925} INFO - DAG(s) 'latest_only' retrieved from /home/airflow/.local/lib/python3.12/site-packages/airflow/example_dags/example_latest_only.py
[2025-01-13T23:40:32.470+0000] {logging_mixin.py:190} INFO - [2025-01-13T23:40:32.469+0000] {dag.py:3239} INFO - Sync 1 DAGs
[2025-01-13T23:40:32.492+0000] {logging_mixin.py:190} INFO - [2025-01-13T23:40:32.492+0000] {dag.py:4180} INFO - Setting next_dagrun for latest_only to 2025-01-13 16:00:00+00:00, run_after=2025-01-13 20:00:00+00:00
[2025-01-13T23:40:32.512+0000] {processor.py:208} INFO - Processing /home/airflow/.local/lib/python3.12/site-packages/airflow/example_dags/example_latest_only.py took 0.080 seconds
[2025-01-13T23:41:03.518+0000] {processor.py:186} INFO - Started process (PID=2016) to work on /home/airflow/.local/lib/python3.12/site-packages/airflow/example_dags/example_latest_only.py
[2025-01-13T23:41:03.519+0000] {processor.py:914} INFO - Processing file /home/airflow/.local/lib/python3.12/site-packages/airflow/example_dags/example_latest_only.py for tasks to queue
[2025-01-13T23:41:03.521+0000] {logging_mixin.py:190} INFO - [2025-01-13T23:41:03.521+0000] {dagbag.py:588} INFO - Filling up the DagBag from /home/airflow/.local/lib/python3.12/site-packages/airflow/example_dags/example_latest_only.py
[2025-01-13T23:41:03.530+0000] {processor.py:925} INFO - DAG(s) 'latest_only' retrieved from /home/airflow/.local/lib/python3.12/site-packages/airflow/example_dags/example_latest_only.py
[2025-01-13T23:41:03.553+0000] {logging_mixin.py:190} INFO - [2025-01-13T23:41:03.552+0000] {dag.py:3239} INFO - Sync 1 DAGs
[2025-01-13T23:41:03.576+0000] {logging_mixin.py:190} INFO - [2025-01-13T23:41:03.576+0000] {dag.py:4180} INFO - Setting next_dagrun for latest_only to 2025-01-13 16:00:00+00:00, run_after=2025-01-13 20:00:00+00:00
[2025-01-13T23:41:03.596+0000] {processor.py:208} INFO - Processing /home/airflow/.local/lib/python3.12/site-packages/airflow/example_dags/example_latest_only.py took 0.083 seconds
[2025-01-13T23:41:33.890+0000] {processor.py:186} INFO - Started process (PID=2080) to work on /home/airflow/.local/lib/python3.12/site-packages/airflow/example_dags/example_latest_only.py
[2025-01-13T23:41:33.891+0000] {processor.py:914} INFO - Processing file /home/airflow/.local/lib/python3.12/site-packages/airflow/example_dags/example_latest_only.py for tasks to queue
[2025-01-13T23:41:33.894+0000] {logging_mixin.py:190} INFO - [2025-01-13T23:41:33.894+0000] {dagbag.py:588} INFO - Filling up the DagBag from /home/airflow/.local/lib/python3.12/site-packages/airflow/example_dags/example_latest_only.py
[2025-01-13T23:41:33.903+0000] {processor.py:925} INFO - DAG(s) 'latest_only' retrieved from /home/airflow/.local/lib/python3.12/site-packages/airflow/example_dags/example_latest_only.py
[2025-01-13T23:41:33.933+0000] {logging_mixin.py:190} INFO - [2025-01-13T23:41:33.933+0000] {dag.py:3239} INFO - Sync 1 DAGs
[2025-01-13T23:41:33.964+0000] {logging_mixin.py:190} INFO - [2025-01-13T23:41:33.964+0000] {dag.py:4180} INFO - Setting next_dagrun for latest_only to 2025-01-13 16:00:00+00:00, run_after=2025-01-13 20:00:00+00:00
[2025-01-13T23:41:33.990+0000] {processor.py:208} INFO - Processing /home/airflow/.local/lib/python3.12/site-packages/airflow/example_dags/example_latest_only.py took 0.109 seconds
[2025-01-13T23:42:04.165+0000] {processor.py:186} INFO - Started process (PID=2144) to work on /home/airflow/.local/lib/python3.12/site-packages/airflow/example_dags/example_latest_only.py
[2025-01-13T23:42:04.166+0000] {processor.py:914} INFO - Processing file /home/airflow/.local/lib/python3.12/site-packages/airflow/example_dags/example_latest_only.py for tasks to queue
[2025-01-13T23:42:04.170+0000] {logging_mixin.py:190} INFO - [2025-01-13T23:42:04.170+0000] {dagbag.py:588} INFO - Filling up the DagBag from /home/airflow/.local/lib/python3.12/site-packages/airflow/example_dags/example_latest_only.py
[2025-01-13T23:42:04.177+0000] {processor.py:925} INFO - DAG(s) 'latest_only' retrieved from /home/airflow/.local/lib/python3.12/site-packages/airflow/example_dags/example_latest_only.py
[2025-01-13T23:42:04.198+0000] {logging_mixin.py:190} INFO - [2025-01-13T23:42:04.198+0000] {dag.py:3239} INFO - Sync 1 DAGs
[2025-01-13T23:42:04.223+0000] {logging_mixin.py:190} INFO - [2025-01-13T23:42:04.223+0000] {dag.py:4180} INFO - Setting next_dagrun for latest_only to 2025-01-13 16:00:00+00:00, run_after=2025-01-13 20:00:00+00:00
[2025-01-13T23:42:04.252+0000] {processor.py:208} INFO - Processing /home/airflow/.local/lib/python3.12/site-packages/airflow/example_dags/example_latest_only.py took 0.093 seconds
[2025-01-13T23:42:34.881+0000] {processor.py:186} INFO - Started process (PID=2208) to work on /home/airflow/.local/lib/python3.12/site-packages/airflow/example_dags/example_latest_only.py
[2025-01-13T23:42:34.882+0000] {processor.py:914} INFO - Processing file /home/airflow/.local/lib/python3.12/site-packages/airflow/example_dags/example_latest_only.py for tasks to queue
[2025-01-13T23:42:34.884+0000] {logging_mixin.py:190} INFO - [2025-01-13T23:42:34.884+0000] {dagbag.py:588} INFO - Filling up the DagBag from /home/airflow/.local/lib/python3.12/site-packages/airflow/example_dags/example_latest_only.py
[2025-01-13T23:42:34.889+0000] {processor.py:925} INFO - DAG(s) 'latest_only' retrieved from /home/airflow/.local/lib/python3.12/site-packages/airflow/example_dags/example_latest_only.py
[2025-01-13T23:42:34.906+0000] {logging_mixin.py:190} INFO - [2025-01-13T23:42:34.906+0000] {dag.py:3239} INFO - Sync 1 DAGs
[2025-01-13T23:42:34.923+0000] {logging_mixin.py:190} INFO - [2025-01-13T23:42:34.922+0000] {dag.py:4180} INFO - Setting next_dagrun for latest_only to 2025-01-13 16:00:00+00:00, run_after=2025-01-13 20:00:00+00:00
[2025-01-13T23:42:34.939+0000] {processor.py:208} INFO - Processing /home/airflow/.local/lib/python3.12/site-packages/airflow/example_dags/example_latest_only.py took 0.062 seconds
[2025-01-13T23:43:05.047+0000] {processor.py:186} INFO - Started process (PID=2271) to work on /home/airflow/.local/lib/python3.12/site-packages/airflow/example_dags/example_latest_only.py
[2025-01-13T23:43:05.048+0000] {processor.py:914} INFO - Processing file /home/airflow/.local/lib/python3.12/site-packages/airflow/example_dags/example_latest_only.py for tasks to queue
[2025-01-13T23:43:05.050+0000] {logging_mixin.py:190} INFO - [2025-01-13T23:43:05.050+0000] {dagbag.py:588} INFO - Filling up the DagBag from /home/airflow/.local/lib/python3.12/site-packages/airflow/example_dags/example_latest_only.py
[2025-01-13T23:43:05.055+0000] {processor.py:925} INFO - DAG(s) 'latest_only' retrieved from /home/airflow/.local/lib/python3.12/site-packages/airflow/example_dags/example_latest_only.py
[2025-01-13T23:43:05.071+0000] {logging_mixin.py:190} INFO - [2025-01-13T23:43:05.071+0000] {dag.py:3239} INFO - Sync 1 DAGs
[2025-01-13T23:43:05.087+0000] {logging_mixin.py:190} INFO - [2025-01-13T23:43:05.087+0000] {dag.py:4180} INFO - Setting next_dagrun for latest_only to 2025-01-13 16:00:00+00:00, run_after=2025-01-13 20:00:00+00:00
[2025-01-13T23:43:05.104+0000] {processor.py:208} INFO - Processing /home/airflow/.local/lib/python3.12/site-packages/airflow/example_dags/example_latest_only.py took 0.061 seconds
[2025-01-13T23:43:35.934+0000] {processor.py:186} INFO - Started process (PID=2335) to work on /home/airflow/.local/lib/python3.12/site-packages/airflow/example_dags/example_latest_only.py
[2025-01-13T23:43:35.936+0000] {processor.py:914} INFO - Processing file /home/airflow/.local/lib/python3.12/site-packages/airflow/example_dags/example_latest_only.py for tasks to queue
[2025-01-13T23:43:35.937+0000] {logging_mixin.py:190} INFO - [2025-01-13T23:43:35.937+0000] {dagbag.py:588} INFO - Filling up the DagBag from /home/airflow/.local/lib/python3.12/site-packages/airflow/example_dags/example_latest_only.py
[2025-01-13T23:43:35.943+0000] {processor.py:925} INFO - DAG(s) 'latest_only' retrieved from /home/airflow/.local/lib/python3.12/site-packages/airflow/example_dags/example_latest_only.py
[2025-01-13T23:43:35.961+0000] {logging_mixin.py:190} INFO - [2025-01-13T23:43:35.961+0000] {dag.py:3239} INFO - Sync 1 DAGs
[2025-01-13T23:43:35.981+0000] {logging_mixin.py:190} INFO - [2025-01-13T23:43:35.981+0000] {dag.py:4180} INFO - Setting next_dagrun for latest_only to 2025-01-13 16:00:00+00:00, run_after=2025-01-13 20:00:00+00:00
[2025-01-13T23:43:35.999+0000] {processor.py:208} INFO - Processing /home/airflow/.local/lib/python3.12/site-packages/airflow/example_dags/example_latest_only.py took 0.068 seconds
[2025-01-13T23:44:06.735+0000] {processor.py:186} INFO - Started process (PID=2399) to work on /home/airflow/.local/lib/python3.12/site-packages/airflow/example_dags/example_latest_only.py
[2025-01-13T23:44:06.736+0000] {processor.py:914} INFO - Processing file /home/airflow/.local/lib/python3.12/site-packages/airflow/example_dags/example_latest_only.py for tasks to queue
[2025-01-13T23:44:06.738+0000] {logging_mixin.py:190} INFO - [2025-01-13T23:44:06.738+0000] {dagbag.py:588} INFO - Filling up the DagBag from /home/airflow/.local/lib/python3.12/site-packages/airflow/example_dags/example_latest_only.py
[2025-01-13T23:44:06.747+0000] {processor.py:925} INFO - DAG(s) 'latest_only' retrieved from /home/airflow/.local/lib/python3.12/site-packages/airflow/example_dags/example_latest_only.py
[2025-01-13T23:44:06.772+0000] {logging_mixin.py:190} INFO - [2025-01-13T23:44:06.772+0000] {dag.py:3239} INFO - Sync 1 DAGs
[2025-01-13T23:44:06.795+0000] {logging_mixin.py:190} INFO - [2025-01-13T23:44:06.795+0000] {dag.py:4180} INFO - Setting next_dagrun for latest_only to 2025-01-13 16:00:00+00:00, run_after=2025-01-13 20:00:00+00:00
[2025-01-13T23:44:06.819+0000] {processor.py:208} INFO - Processing /home/airflow/.local/lib/python3.12/site-packages/airflow/example_dags/example_latest_only.py took 0.088 seconds
[2025-01-13T23:44:37.007+0000] {processor.py:186} INFO - Started process (PID=2463) to work on /home/airflow/.local/lib/python3.12/site-packages/airflow/example_dags/example_latest_only.py
[2025-01-13T23:44:37.009+0000] {processor.py:914} INFO - Processing file /home/airflow/.local/lib/python3.12/site-packages/airflow/example_dags/example_latest_only.py for tasks to queue
[2025-01-13T23:44:37.011+0000] {logging_mixin.py:190} INFO - [2025-01-13T23:44:37.010+0000] {dagbag.py:588} INFO - Filling up the DagBag from /home/airflow/.local/lib/python3.12/site-packages/airflow/example_dags/example_latest_only.py
[2025-01-13T23:44:37.016+0000] {processor.py:925} INFO - DAG(s) 'latest_only' retrieved from /home/airflow/.local/lib/python3.12/site-packages/airflow/example_dags/example_latest_only.py
[2025-01-13T23:44:37.034+0000] {logging_mixin.py:190} INFO - [2025-01-13T23:44:37.033+0000] {dag.py:3239} INFO - Sync 1 DAGs
[2025-01-13T23:44:37.051+0000] {logging_mixin.py:190} INFO - [2025-01-13T23:44:37.051+0000] {dag.py:4180} INFO - Setting next_dagrun for latest_only to 2025-01-13 16:00:00+00:00, run_after=2025-01-13 20:00:00+00:00
[2025-01-13T23:44:37.065+0000] {processor.py:208} INFO - Processing /home/airflow/.local/lib/python3.12/site-packages/airflow/example_dags/example_latest_only.py took 0.061 seconds
[2025-01-13T23:45:07.204+0000] {processor.py:186} INFO - Started process (PID=2526) to work on /home/airflow/.local/lib/python3.12/site-packages/airflow/example_dags/example_latest_only.py
[2025-01-13T23:45:07.205+0000] {processor.py:914} INFO - Processing file /home/airflow/.local/lib/python3.12/site-packages/airflow/example_dags/example_latest_only.py for tasks to queue
[2025-01-13T23:45:07.208+0000] {logging_mixin.py:190} INFO - [2025-01-13T23:45:07.207+0000] {dagbag.py:588} INFO - Filling up the DagBag from /home/airflow/.local/lib/python3.12/site-packages/airflow/example_dags/example_latest_only.py
[2025-01-13T23:45:07.213+0000] {processor.py:925} INFO - DAG(s) 'latest_only' retrieved from /home/airflow/.local/lib/python3.12/site-packages/airflow/example_dags/example_latest_only.py
[2025-01-13T23:45:07.229+0000] {logging_mixin.py:190} INFO - [2025-01-13T23:45:07.229+0000] {dag.py:3239} INFO - Sync 1 DAGs
[2025-01-13T23:45:07.248+0000] {logging_mixin.py:190} INFO - [2025-01-13T23:45:07.248+0000] {dag.py:4180} INFO - Setting next_dagrun for latest_only to 2025-01-13 16:00:00+00:00, run_after=2025-01-13 20:00:00+00:00
[2025-01-13T23:45:07.264+0000] {processor.py:208} INFO - Processing /home/airflow/.local/lib/python3.12/site-packages/airflow/example_dags/example_latest_only.py took 0.064 seconds
[2025-01-13T23:45:37.514+0000] {processor.py:186} INFO - Started process (PID=2590) to work on /home/airflow/.local/lib/python3.12/site-packages/airflow/example_dags/example_latest_only.py
[2025-01-13T23:45:37.515+0000] {processor.py:914} INFO - Processing file /home/airflow/.local/lib/python3.12/site-packages/airflow/example_dags/example_latest_only.py for tasks to queue
[2025-01-13T23:45:37.518+0000] {logging_mixin.py:190} INFO - [2025-01-13T23:45:37.518+0000] {dagbag.py:588} INFO - Filling up the DagBag from /home/airflow/.local/lib/python3.12/site-packages/airflow/example_dags/example_latest_only.py
[2025-01-13T23:45:37.524+0000] {processor.py:925} INFO - DAG(s) 'latest_only' retrieved from /home/airflow/.local/lib/python3.12/site-packages/airflow/example_dags/example_latest_only.py
[2025-01-13T23:45:37.541+0000] {logging_mixin.py:190} INFO - [2025-01-13T23:45:37.541+0000] {dag.py:3239} INFO - Sync 1 DAGs
[2025-01-13T23:45:37.557+0000] {logging_mixin.py:190} INFO - [2025-01-13T23:45:37.557+0000] {dag.py:4180} INFO - Setting next_dagrun for latest_only to 2025-01-13 16:00:00+00:00, run_after=2025-01-13 20:00:00+00:00
[2025-01-13T23:45:37.572+0000] {processor.py:208} INFO - Processing /home/airflow/.local/lib/python3.12/site-packages/airflow/example_dags/example_latest_only.py took 0.063 seconds
[2025-01-13T23:46:08.171+0000] {processor.py:186} INFO - Started process (PID=2654) to work on /home/airflow/.local/lib/python3.12/site-packages/airflow/example_dags/example_latest_only.py
[2025-01-13T23:46:08.172+0000] {processor.py:914} INFO - Processing file /home/airflow/.local/lib/python3.12/site-packages/airflow/example_dags/example_latest_only.py for tasks to queue
[2025-01-13T23:46:08.175+0000] {logging_mixin.py:190} INFO - [2025-01-13T23:46:08.174+0000] {dagbag.py:588} INFO - Filling up the DagBag from /home/airflow/.local/lib/python3.12/site-packages/airflow/example_dags/example_latest_only.py
[2025-01-13T23:46:08.180+0000] {processor.py:925} INFO - DAG(s) 'latest_only' retrieved from /home/airflow/.local/lib/python3.12/site-packages/airflow/example_dags/example_latest_only.py
[2025-01-13T23:46:08.195+0000] {logging_mixin.py:190} INFO - [2025-01-13T23:46:08.195+0000] {dag.py:3239} INFO - Sync 1 DAGs
[2025-01-13T23:46:08.211+0000] {logging_mixin.py:190} INFO - [2025-01-13T23:46:08.211+0000] {dag.py:4180} INFO - Setting next_dagrun for latest_only to 2025-01-13 16:00:00+00:00, run_after=2025-01-13 20:00:00+00:00
[2025-01-13T23:46:08.226+0000] {processor.py:208} INFO - Processing /home/airflow/.local/lib/python3.12/site-packages/airflow/example_dags/example_latest_only.py took 0.059 seconds
[2025-01-13T23:46:38.590+0000] {processor.py:186} INFO - Started process (PID=2717) to work on /home/airflow/.local/lib/python3.12/site-packages/airflow/example_dags/example_latest_only.py
[2025-01-13T23:46:38.591+0000] {processor.py:914} INFO - Processing file /home/airflow/.local/lib/python3.12/site-packages/airflow/example_dags/example_latest_only.py for tasks to queue
[2025-01-13T23:46:38.594+0000] {logging_mixin.py:190} INFO - [2025-01-13T23:46:38.593+0000] {dagbag.py:588} INFO - Filling up the DagBag from /home/airflow/.local/lib/python3.12/site-packages/airflow/example_dags/example_latest_only.py
[2025-01-13T23:46:38.600+0000] {processor.py:925} INFO - DAG(s) 'latest_only' retrieved from /home/airflow/.local/lib/python3.12/site-packages/airflow/example_dags/example_latest_only.py
[2025-01-13T23:46:38.615+0000] {logging_mixin.py:190} INFO - [2025-01-13T23:46:38.615+0000] {dag.py:3239} INFO - Sync 1 DAGs
[2025-01-13T23:46:38.632+0000] {logging_mixin.py:190} INFO - [2025-01-13T23:46:38.632+0000] {dag.py:4180} INFO - Setting next_dagrun for latest_only to 2025-01-13 16:00:00+00:00, run_after=2025-01-13 20:00:00+00:00
[2025-01-13T23:46:38.645+0000] {processor.py:208} INFO - Processing /home/airflow/.local/lib/python3.12/site-packages/airflow/example_dags/example_latest_only.py took 0.059 seconds
[2025-01-13T23:47:08.701+0000] {processor.py:186} INFO - Started process (PID=2781) to work on /home/airflow/.local/lib/python3.12/site-packages/airflow/example_dags/example_latest_only.py
[2025-01-13T23:47:08.702+0000] {processor.py:914} INFO - Processing file /home/airflow/.local/lib/python3.12/site-packages/airflow/example_dags/example_latest_only.py for tasks to queue
[2025-01-13T23:47:08.704+0000] {logging_mixin.py:190} INFO - [2025-01-13T23:47:08.704+0000] {dagbag.py:588} INFO - Filling up the DagBag from /home/airflow/.local/lib/python3.12/site-packages/airflow/example_dags/example_latest_only.py
[2025-01-13T23:47:08.709+0000] {processor.py:925} INFO - DAG(s) 'latest_only' retrieved from /home/airflow/.local/lib/python3.12/site-packages/airflow/example_dags/example_latest_only.py
[2025-01-13T23:47:08.722+0000] {logging_mixin.py:190} INFO - [2025-01-13T23:47:08.721+0000] {dag.py:3239} INFO - Sync 1 DAGs
[2025-01-13T23:47:08.736+0000] {logging_mixin.py:190} INFO - [2025-01-13T23:47:08.736+0000] {dag.py:4180} INFO - Setting next_dagrun for latest_only to 2025-01-13 16:00:00+00:00, run_after=2025-01-13 20:00:00+00:00
[2025-01-13T23:47:08.749+0000] {processor.py:208} INFO - Processing /home/airflow/.local/lib/python3.12/site-packages/airflow/example_dags/example_latest_only.py took 0.051 seconds
[2025-01-13T23:47:39.676+0000] {processor.py:186} INFO - Started process (PID=2845) to work on /home/airflow/.local/lib/python3.12/site-packages/airflow/example_dags/example_latest_only.py
[2025-01-13T23:47:39.677+0000] {processor.py:914} INFO - Processing file /home/airflow/.local/lib/python3.12/site-packages/airflow/example_dags/example_latest_only.py for tasks to queue
[2025-01-13T23:47:39.679+0000] {logging_mixin.py:190} INFO - [2025-01-13T23:47:39.679+0000] {dagbag.py:588} INFO - Filling up the DagBag from /home/airflow/.local/lib/python3.12/site-packages/airflow/example_dags/example_latest_only.py
[2025-01-13T23:47:39.684+0000] {processor.py:925} INFO - DAG(s) 'latest_only' retrieved from /home/airflow/.local/lib/python3.12/site-packages/airflow/example_dags/example_latest_only.py
[2025-01-13T23:47:39.701+0000] {logging_mixin.py:190} INFO - [2025-01-13T23:47:39.701+0000] {dag.py:3239} INFO - Sync 1 DAGs
[2025-01-13T23:47:39.718+0000] {logging_mixin.py:190} INFO - [2025-01-13T23:47:39.718+0000] {dag.py:4180} INFO - Setting next_dagrun for latest_only to 2025-01-13 16:00:00+00:00, run_after=2025-01-13 20:00:00+00:00
[2025-01-13T23:47:39.734+0000] {processor.py:208} INFO - Processing /home/airflow/.local/lib/python3.12/site-packages/airflow/example_dags/example_latest_only.py took 0.061 seconds
[2025-01-13T23:48:10.472+0000] {processor.py:186} INFO - Started process (PID=2909) to work on /home/airflow/.local/lib/python3.12/site-packages/airflow/example_dags/example_latest_only.py
[2025-01-13T23:48:10.473+0000] {processor.py:914} INFO - Processing file /home/airflow/.local/lib/python3.12/site-packages/airflow/example_dags/example_latest_only.py for tasks to queue
[2025-01-13T23:48:10.474+0000] {logging_mixin.py:190} INFO - [2025-01-13T23:48:10.474+0000] {dagbag.py:588} INFO - Filling up the DagBag from /home/airflow/.local/lib/python3.12/site-packages/airflow/example_dags/example_latest_only.py
[2025-01-13T23:48:10.479+0000] {processor.py:925} INFO - DAG(s) 'latest_only' retrieved from /home/airflow/.local/lib/python3.12/site-packages/airflow/example_dags/example_latest_only.py
[2025-01-13T23:48:10.493+0000] {logging_mixin.py:190} INFO - [2025-01-13T23:48:10.492+0000] {dag.py:3239} INFO - Sync 1 DAGs
[2025-01-13T23:48:10.508+0000] {logging_mixin.py:190} INFO - [2025-01-13T23:48:10.507+0000] {dag.py:4180} INFO - Setting next_dagrun for latest_only to 2025-01-13 16:00:00+00:00, run_after=2025-01-13 20:00:00+00:00
[2025-01-13T23:48:10.521+0000] {processor.py:208} INFO - Processing /home/airflow/.local/lib/python3.12/site-packages/airflow/example_dags/example_latest_only.py took 0.053 seconds
[2025-01-13T23:48:41.342+0000] {processor.py:186} INFO - Started process (PID=2973) to work on /home/airflow/.local/lib/python3.12/site-packages/airflow/example_dags/example_latest_only.py
[2025-01-13T23:48:41.343+0000] {processor.py:914} INFO - Processing file /home/airflow/.local/lib/python3.12/site-packages/airflow/example_dags/example_latest_only.py for tasks to queue
[2025-01-13T23:48:41.345+0000] {logging_mixin.py:190} INFO - [2025-01-13T23:48:41.345+0000] {dagbag.py:588} INFO - Filling up the DagBag from /home/airflow/.local/lib/python3.12/site-packages/airflow/example_dags/example_latest_only.py
[2025-01-13T23:48:41.352+0000] {processor.py:925} INFO - DAG(s) 'latest_only' retrieved from /home/airflow/.local/lib/python3.12/site-packages/airflow/example_dags/example_latest_only.py
[2025-01-13T23:48:41.368+0000] {logging_mixin.py:190} INFO - [2025-01-13T23:48:41.368+0000] {dag.py:3239} INFO - Sync 1 DAGs
[2025-01-13T23:48:41.388+0000] {logging_mixin.py:190} INFO - [2025-01-13T23:48:41.388+0000] {dag.py:4180} INFO - Setting next_dagrun for latest_only to 2025-01-13 16:00:00+00:00, run_after=2025-01-13 20:00:00+00:00
[2025-01-13T23:48:41.403+0000] {processor.py:208} INFO - Processing /home/airflow/.local/lib/python3.12/site-packages/airflow/example_dags/example_latest_only.py took 0.066 seconds
[2025-01-13T23:49:13.419+0000] {processor.py:186} INFO - Started process (PID=3037) to work on /home/airflow/.local/lib/python3.12/site-packages/airflow/example_dags/example_latest_only.py
[2025-01-13T23:49:13.420+0000] {processor.py:914} INFO - Processing file /home/airflow/.local/lib/python3.12/site-packages/airflow/example_dags/example_latest_only.py for tasks to queue
[2025-01-13T23:49:13.423+0000] {logging_mixin.py:190} INFO - [2025-01-13T23:49:13.423+0000] {dagbag.py:588} INFO - Filling up the DagBag from /home/airflow/.local/lib/python3.12/site-packages/airflow/example_dags/example_latest_only.py
[2025-01-13T23:49:13.429+0000] {processor.py:925} INFO - DAG(s) 'latest_only' retrieved from /home/airflow/.local/lib/python3.12/site-packages/airflow/example_dags/example_latest_only.py
[2025-01-13T23:49:13.455+0000] {logging_mixin.py:190} INFO - [2025-01-13T23:49:13.455+0000] {dag.py:3239} INFO - Sync 1 DAGs
[2025-01-13T23:49:13.476+0000] {logging_mixin.py:190} INFO - [2025-01-13T23:49:13.475+0000] {dag.py:4180} INFO - Setting next_dagrun for latest_only to 2025-01-13 16:00:00+00:00, run_after=2025-01-13 20:00:00+00:00
[2025-01-13T23:49:13.497+0000] {processor.py:208} INFO - Processing /home/airflow/.local/lib/python3.12/site-packages/airflow/example_dags/example_latest_only.py took 0.083 seconds
[2025-01-13T23:49:44.240+0000] {processor.py:186} INFO - Started process (PID=3101) to work on /home/airflow/.local/lib/python3.12/site-packages/airflow/example_dags/example_latest_only.py
[2025-01-13T23:49:44.241+0000] {processor.py:914} INFO - Processing file /home/airflow/.local/lib/python3.12/site-packages/airflow/example_dags/example_latest_only.py for tasks to queue
[2025-01-13T23:49:44.243+0000] {logging_mixin.py:190} INFO - [2025-01-13T23:49:44.243+0000] {dagbag.py:588} INFO - Filling up the DagBag from /home/airflow/.local/lib/python3.12/site-packages/airflow/example_dags/example_latest_only.py
[2025-01-13T23:49:44.249+0000] {processor.py:925} INFO - DAG(s) 'latest_only' retrieved from /home/airflow/.local/lib/python3.12/site-packages/airflow/example_dags/example_latest_only.py
[2025-01-13T23:49:44.267+0000] {logging_mixin.py:190} INFO - [2025-01-13T23:49:44.267+0000] {dag.py:3239} INFO - Sync 1 DAGs
[2025-01-13T23:49:44.418+0000] {logging_mixin.py:190} INFO - [2025-01-13T23:49:44.418+0000] {dag.py:4180} INFO - Setting next_dagrun for latest_only to 2025-01-13 16:00:00+00:00, run_after=2025-01-13 20:00:00+00:00
[2025-01-13T23:49:44.434+0000] {processor.py:208} INFO - Processing /home/airflow/.local/lib/python3.12/site-packages/airflow/example_dags/example_latest_only.py took 0.198 seconds
[2025-01-13T23:50:16.343+0000] {processor.py:186} INFO - Started process (PID=3165) to work on /home/airflow/.local/lib/python3.12/site-packages/airflow/example_dags/example_latest_only.py
[2025-01-13T23:50:16.344+0000] {processor.py:914} INFO - Processing file /home/airflow/.local/lib/python3.12/site-packages/airflow/example_dags/example_latest_only.py for tasks to queue
[2025-01-13T23:50:16.347+0000] {logging_mixin.py:190} INFO - [2025-01-13T23:50:16.347+0000] {dagbag.py:588} INFO - Filling up the DagBag from /home/airflow/.local/lib/python3.12/site-packages/airflow/example_dags/example_latest_only.py
[2025-01-13T23:50:16.355+0000] {processor.py:925} INFO - DAG(s) 'latest_only' retrieved from /home/airflow/.local/lib/python3.12/site-packages/airflow/example_dags/example_latest_only.py
[2025-01-13T23:50:16.384+0000] {logging_mixin.py:190} INFO - [2025-01-13T23:50:16.383+0000] {dag.py:3239} INFO - Sync 1 DAGs
[2025-01-13T23:50:16.589+0000] {logging_mixin.py:190} INFO - [2025-01-13T23:50:16.588+0000] {dag.py:4180} INFO - Setting next_dagrun for latest_only to 2025-01-13 16:00:00+00:00, run_after=2025-01-13 20:00:00+00:00
[2025-01-13T23:50:16.614+0000] {processor.py:208} INFO - Processing /home/airflow/.local/lib/python3.12/site-packages/airflow/example_dags/example_latest_only.py took 0.277 seconds
[2025-01-13T23:50:47.492+0000] {processor.py:186} INFO - Started process (PID=3229) to work on /home/airflow/.local/lib/python3.12/site-packages/airflow/example_dags/example_latest_only.py
[2025-01-13T23:50:47.493+0000] {processor.py:914} INFO - Processing file /home/airflow/.local/lib/python3.12/site-packages/airflow/example_dags/example_latest_only.py for tasks to queue
[2025-01-13T23:50:47.496+0000] {logging_mixin.py:190} INFO - [2025-01-13T23:50:47.495+0000] {dagbag.py:588} INFO - Filling up the DagBag from /home/airflow/.local/lib/python3.12/site-packages/airflow/example_dags/example_latest_only.py
[2025-01-13T23:50:47.503+0000] {processor.py:925} INFO - DAG(s) 'latest_only' retrieved from /home/airflow/.local/lib/python3.12/site-packages/airflow/example_dags/example_latest_only.py
[2025-01-13T23:50:47.526+0000] {logging_mixin.py:190} INFO - [2025-01-13T23:50:47.526+0000] {dag.py:3239} INFO - Sync 1 DAGs
[2025-01-13T23:50:47.551+0000] {logging_mixin.py:190} INFO - [2025-01-13T23:50:47.551+0000] {dag.py:4180} INFO - Setting next_dagrun for latest_only to 2025-01-13 16:00:00+00:00, run_after=2025-01-13 20:00:00+00:00
[2025-01-13T23:50:47.587+0000] {processor.py:208} INFO - Processing /home/airflow/.local/lib/python3.12/site-packages/airflow/example_dags/example_latest_only.py took 0.102 seconds
[2025-01-13T23:51:18.289+0000] {processor.py:186} INFO - Started process (PID=3293) to work on /home/airflow/.local/lib/python3.12/site-packages/airflow/example_dags/example_latest_only.py
[2025-01-13T23:51:18.290+0000] {processor.py:914} INFO - Processing file /home/airflow/.local/lib/python3.12/site-packages/airflow/example_dags/example_latest_only.py for tasks to queue
[2025-01-13T23:51:18.292+0000] {logging_mixin.py:190} INFO - [2025-01-13T23:51:18.292+0000] {dagbag.py:588} INFO - Filling up the DagBag from /home/airflow/.local/lib/python3.12/site-packages/airflow/example_dags/example_latest_only.py
[2025-01-13T23:51:18.299+0000] {processor.py:925} INFO - DAG(s) 'latest_only' retrieved from /home/airflow/.local/lib/python3.12/site-packages/airflow/example_dags/example_latest_only.py
[2025-01-13T23:51:18.317+0000] {logging_mixin.py:190} INFO - [2025-01-13T23:51:18.317+0000] {dag.py:3239} INFO - Sync 1 DAGs
[2025-01-13T23:51:18.335+0000] {logging_mixin.py:190} INFO - [2025-01-13T23:51:18.335+0000] {dag.py:4180} INFO - Setting next_dagrun for latest_only to 2025-01-13 16:00:00+00:00, run_after=2025-01-13 20:00:00+00:00
[2025-01-13T23:51:18.369+0000] {processor.py:208} INFO - Processing /home/airflow/.local/lib/python3.12/site-packages/airflow/example_dags/example_latest_only.py took 0.084 seconds
[2025-01-13T23:51:48.645+0000] {processor.py:186} INFO - Started process (PID=3357) to work on /home/airflow/.local/lib/python3.12/site-packages/airflow/example_dags/example_latest_only.py
[2025-01-13T23:51:48.646+0000] {processor.py:914} INFO - Processing file /home/airflow/.local/lib/python3.12/site-packages/airflow/example_dags/example_latest_only.py for tasks to queue
[2025-01-13T23:51:48.648+0000] {logging_mixin.py:190} INFO - [2025-01-13T23:51:48.648+0000] {dagbag.py:588} INFO - Filling up the DagBag from /home/airflow/.local/lib/python3.12/site-packages/airflow/example_dags/example_latest_only.py
[2025-01-13T23:51:48.653+0000] {processor.py:925} INFO - DAG(s) 'latest_only' retrieved from /home/airflow/.local/lib/python3.12/site-packages/airflow/example_dags/example_latest_only.py
[2025-01-13T23:51:48.671+0000] {logging_mixin.py:190} INFO - [2025-01-13T23:51:48.671+0000] {dag.py:3239} INFO - Sync 1 DAGs
[2025-01-13T23:51:48.689+0000] {logging_mixin.py:190} INFO - [2025-01-13T23:51:48.688+0000] {dag.py:4180} INFO - Setting next_dagrun for latest_only to 2025-01-13 16:00:00+00:00, run_after=2025-01-13 20:00:00+00:00
[2025-01-13T23:51:48.705+0000] {processor.py:208} INFO - Processing /home/airflow/.local/lib/python3.12/site-packages/airflow/example_dags/example_latest_only.py took 0.064 seconds
[2025-01-13T23:52:19.466+0000] {processor.py:186} INFO - Started process (PID=3427) to work on /home/airflow/.local/lib/python3.12/site-packages/airflow/example_dags/example_latest_only.py
[2025-01-13T23:52:19.467+0000] {processor.py:914} INFO - Processing file /home/airflow/.local/lib/python3.12/site-packages/airflow/example_dags/example_latest_only.py for tasks to queue
[2025-01-13T23:52:19.472+0000] {logging_mixin.py:190} INFO - [2025-01-13T23:52:19.471+0000] {dagbag.py:588} INFO - Filling up the DagBag from /home/airflow/.local/lib/python3.12/site-packages/airflow/example_dags/example_latest_only.py
[2025-01-13T23:52:19.481+0000] {processor.py:925} INFO - DAG(s) 'latest_only' retrieved from /home/airflow/.local/lib/python3.12/site-packages/airflow/example_dags/example_latest_only.py
[2025-01-13T23:52:19.502+0000] {logging_mixin.py:190} INFO - [2025-01-13T23:52:19.501+0000] {dag.py:3239} INFO - Sync 1 DAGs
[2025-01-13T23:52:19.523+0000] {logging_mixin.py:190} INFO - [2025-01-13T23:52:19.523+0000] {dag.py:4180} INFO - Setting next_dagrun for latest_only to 2025-01-13 16:00:00+00:00, run_after=2025-01-13 20:00:00+00:00
[2025-01-13T23:52:19.545+0000] {processor.py:208} INFO - Processing /home/airflow/.local/lib/python3.12/site-packages/airflow/example_dags/example_latest_only.py took 0.085 seconds
[2025-01-13T23:52:49.988+0000] {processor.py:186} INFO - Started process (PID=3491) to work on /home/airflow/.local/lib/python3.12/site-packages/airflow/example_dags/example_latest_only.py
[2025-01-13T23:52:49.989+0000] {processor.py:914} INFO - Processing file /home/airflow/.local/lib/python3.12/site-packages/airflow/example_dags/example_latest_only.py for tasks to queue
[2025-01-13T23:52:49.992+0000] {logging_mixin.py:190} INFO - [2025-01-13T23:52:49.991+0000] {dagbag.py:588} INFO - Filling up the DagBag from /home/airflow/.local/lib/python3.12/site-packages/airflow/example_dags/example_latest_only.py
[2025-01-13T23:52:49.997+0000] {processor.py:925} INFO - DAG(s) 'latest_only' retrieved from /home/airflow/.local/lib/python3.12/site-packages/airflow/example_dags/example_latest_only.py
[2025-01-13T23:52:50.017+0000] {logging_mixin.py:190} INFO - [2025-01-13T23:52:50.016+0000] {dag.py:3239} INFO - Sync 1 DAGs
[2025-01-13T23:52:50.035+0000] {logging_mixin.py:190} INFO - [2025-01-13T23:52:50.035+0000] {dag.py:4180} INFO - Setting next_dagrun for latest_only to 2025-01-13 16:00:00+00:00, run_after=2025-01-13 20:00:00+00:00
[2025-01-13T23:52:50.064+0000] {processor.py:208} INFO - Processing /home/airflow/.local/lib/python3.12/site-packages/airflow/example_dags/example_latest_only.py took 0.080 seconds
[2025-01-13T23:53:20.432+0000] {processor.py:186} INFO - Started process (PID=3555) to work on /home/airflow/.local/lib/python3.12/site-packages/airflow/example_dags/example_latest_only.py
[2025-01-13T23:53:20.433+0000] {processor.py:914} INFO - Processing file /home/airflow/.local/lib/python3.12/site-packages/airflow/example_dags/example_latest_only.py for tasks to queue
[2025-01-13T23:53:20.436+0000] {logging_mixin.py:190} INFO - [2025-01-13T23:53:20.435+0000] {dagbag.py:588} INFO - Filling up the DagBag from /home/airflow/.local/lib/python3.12/site-packages/airflow/example_dags/example_latest_only.py
[2025-01-13T23:53:20.442+0000] {processor.py:925} INFO - DAG(s) 'latest_only' retrieved from /home/airflow/.local/lib/python3.12/site-packages/airflow/example_dags/example_latest_only.py
[2025-01-13T23:53:20.465+0000] {logging_mixin.py:190} INFO - [2025-01-13T23:53:20.465+0000] {dag.py:3239} INFO - Sync 1 DAGs
[2025-01-13T23:53:20.483+0000] {logging_mixin.py:190} INFO - [2025-01-13T23:53:20.483+0000] {dag.py:4180} INFO - Setting next_dagrun for latest_only to 2025-01-13 16:00:00+00:00, run_after=2025-01-13 20:00:00+00:00
[2025-01-13T23:53:20.515+0000] {processor.py:208} INFO - Processing /home/airflow/.local/lib/python3.12/site-packages/airflow/example_dags/example_latest_only.py took 0.087 seconds
[2025-01-13T23:53:51.003+0000] {processor.py:186} INFO - Started process (PID=3619) to work on /home/airflow/.local/lib/python3.12/site-packages/airflow/example_dags/example_latest_only.py
[2025-01-13T23:53:51.004+0000] {processor.py:914} INFO - Processing file /home/airflow/.local/lib/python3.12/site-packages/airflow/example_dags/example_latest_only.py for tasks to queue
[2025-01-13T23:53:51.007+0000] {logging_mixin.py:190} INFO - [2025-01-13T23:53:51.007+0000] {dagbag.py:588} INFO - Filling up the DagBag from /home/airflow/.local/lib/python3.12/site-packages/airflow/example_dags/example_latest_only.py
[2025-01-13T23:53:51.018+0000] {processor.py:925} INFO - DAG(s) 'latest_only' retrieved from /home/airflow/.local/lib/python3.12/site-packages/airflow/example_dags/example_latest_only.py
[2025-01-13T23:53:51.044+0000] {logging_mixin.py:190} INFO - [2025-01-13T23:53:51.043+0000] {dag.py:3239} INFO - Sync 1 DAGs
[2025-01-13T23:53:51.070+0000] {logging_mixin.py:190} INFO - [2025-01-13T23:53:51.069+0000] {dag.py:4180} INFO - Setting next_dagrun for latest_only to 2025-01-13 16:00:00+00:00, run_after=2025-01-13 20:00:00+00:00
[2025-01-13T23:53:51.093+0000] {processor.py:208} INFO - Processing /home/airflow/.local/lib/python3.12/site-packages/airflow/example_dags/example_latest_only.py took 0.097 seconds
[2025-01-13T23:54:21.534+0000] {processor.py:186} INFO - Started process (PID=3683) to work on /home/airflow/.local/lib/python3.12/site-packages/airflow/example_dags/example_latest_only.py
[2025-01-13T23:54:21.535+0000] {processor.py:914} INFO - Processing file /home/airflow/.local/lib/python3.12/site-packages/airflow/example_dags/example_latest_only.py for tasks to queue
[2025-01-13T23:54:21.538+0000] {logging_mixin.py:190} INFO - [2025-01-13T23:54:21.538+0000] {dagbag.py:588} INFO - Filling up the DagBag from /home/airflow/.local/lib/python3.12/site-packages/airflow/example_dags/example_latest_only.py
[2025-01-13T23:54:21.546+0000] {processor.py:925} INFO - DAG(s) 'latest_only' retrieved from /home/airflow/.local/lib/python3.12/site-packages/airflow/example_dags/example_latest_only.py
[2025-01-13T23:54:21.567+0000] {logging_mixin.py:190} INFO - [2025-01-13T23:54:21.567+0000] {dag.py:3239} INFO - Sync 1 DAGs
[2025-01-13T23:54:21.590+0000] {logging_mixin.py:190} INFO - [2025-01-13T23:54:21.590+0000] {dag.py:4180} INFO - Setting next_dagrun for latest_only to 2025-01-13 16:00:00+00:00, run_after=2025-01-13 20:00:00+00:00
[2025-01-13T23:54:21.618+0000] {processor.py:208} INFO - Processing /home/airflow/.local/lib/python3.12/site-packages/airflow/example_dags/example_latest_only.py took 0.089 seconds
[2025-01-13T23:54:52.071+0000] {processor.py:186} INFO - Started process (PID=3747) to work on /home/airflow/.local/lib/python3.12/site-packages/airflow/example_dags/example_latest_only.py
[2025-01-13T23:54:52.073+0000] {processor.py:914} INFO - Processing file /home/airflow/.local/lib/python3.12/site-packages/airflow/example_dags/example_latest_only.py for tasks to queue
[2025-01-13T23:54:52.075+0000] {logging_mixin.py:190} INFO - [2025-01-13T23:54:52.075+0000] {dagbag.py:588} INFO - Filling up the DagBag from /home/airflow/.local/lib/python3.12/site-packages/airflow/example_dags/example_latest_only.py
[2025-01-13T23:54:52.081+0000] {processor.py:925} INFO - DAG(s) 'latest_only' retrieved from /home/airflow/.local/lib/python3.12/site-packages/airflow/example_dags/example_latest_only.py
[2025-01-13T23:54:52.101+0000] {logging_mixin.py:190} INFO - [2025-01-13T23:54:52.100+0000] {dag.py:3239} INFO - Sync 1 DAGs
[2025-01-13T23:54:52.119+0000] {logging_mixin.py:190} INFO - [2025-01-13T23:54:52.119+0000] {dag.py:4180} INFO - Setting next_dagrun for latest_only to 2025-01-13 16:00:00+00:00, run_after=2025-01-13 20:00:00+00:00
[2025-01-13T23:54:52.140+0000] {processor.py:208} INFO - Processing /home/airflow/.local/lib/python3.12/site-packages/airflow/example_dags/example_latest_only.py took 0.073 seconds
[2025-01-13T23:55:22.857+0000] {processor.py:186} INFO - Started process (PID=3811) to work on /home/airflow/.local/lib/python3.12/site-packages/airflow/example_dags/example_latest_only.py
[2025-01-13T23:55:22.858+0000] {processor.py:914} INFO - Processing file /home/airflow/.local/lib/python3.12/site-packages/airflow/example_dags/example_latest_only.py for tasks to queue
[2025-01-13T23:55:22.861+0000] {logging_mixin.py:190} INFO - [2025-01-13T23:55:22.860+0000] {dagbag.py:588} INFO - Filling up the DagBag from /home/airflow/.local/lib/python3.12/site-packages/airflow/example_dags/example_latest_only.py
[2025-01-13T23:55:22.869+0000] {processor.py:925} INFO - DAG(s) 'latest_only' retrieved from /home/airflow/.local/lib/python3.12/site-packages/airflow/example_dags/example_latest_only.py
[2025-01-13T23:55:22.889+0000] {logging_mixin.py:190} INFO - [2025-01-13T23:55:22.888+0000] {dag.py:3239} INFO - Sync 1 DAGs
[2025-01-13T23:55:22.915+0000] {logging_mixin.py:190} INFO - [2025-01-13T23:55:22.915+0000] {dag.py:4180} INFO - Setting next_dagrun for latest_only to 2025-01-13 16:00:00+00:00, run_after=2025-01-13 20:00:00+00:00
[2025-01-13T23:55:22.938+0000] {processor.py:208} INFO - Processing /home/airflow/.local/lib/python3.12/site-packages/airflow/example_dags/example_latest_only.py took 0.087 seconds
[2025-01-13T23:55:53.903+0000] {processor.py:186} INFO - Started process (PID=3875) to work on /home/airflow/.local/lib/python3.12/site-packages/airflow/example_dags/example_latest_only.py
[2025-01-13T23:55:53.905+0000] {processor.py:914} INFO - Processing file /home/airflow/.local/lib/python3.12/site-packages/airflow/example_dags/example_latest_only.py for tasks to queue
[2025-01-13T23:55:53.907+0000] {logging_mixin.py:190} INFO - [2025-01-13T23:55:53.907+0000] {dagbag.py:588} INFO - Filling up the DagBag from /home/airflow/.local/lib/python3.12/site-packages/airflow/example_dags/example_latest_only.py
[2025-01-13T23:55:53.914+0000] {processor.py:925} INFO - DAG(s) 'latest_only' retrieved from /home/airflow/.local/lib/python3.12/site-packages/airflow/example_dags/example_latest_only.py
[2025-01-13T23:55:53.937+0000] {logging_mixin.py:190} INFO - [2025-01-13T23:55:53.937+0000] {dag.py:3239} INFO - Sync 1 DAGs
[2025-01-13T23:55:53.965+0000] {logging_mixin.py:190} INFO - [2025-01-13T23:55:53.965+0000] {dag.py:4180} INFO - Setting next_dagrun for latest_only to 2025-01-13 16:00:00+00:00, run_after=2025-01-13 20:00:00+00:00
[2025-01-13T23:55:53.985+0000] {processor.py:208} INFO - Processing /home/airflow/.local/lib/python3.12/site-packages/airflow/example_dags/example_latest_only.py took 0.087 seconds
[2025-01-13T23:56:24.698+0000] {processor.py:186} INFO - Started process (PID=3939) to work on /home/airflow/.local/lib/python3.12/site-packages/airflow/example_dags/example_latest_only.py
[2025-01-13T23:56:24.699+0000] {processor.py:914} INFO - Processing file /home/airflow/.local/lib/python3.12/site-packages/airflow/example_dags/example_latest_only.py for tasks to queue
[2025-01-13T23:56:24.702+0000] {logging_mixin.py:190} INFO - [2025-01-13T23:56:24.702+0000] {dagbag.py:588} INFO - Filling up the DagBag from /home/airflow/.local/lib/python3.12/site-packages/airflow/example_dags/example_latest_only.py
[2025-01-13T23:56:24.709+0000] {processor.py:925} INFO - DAG(s) 'latest_only' retrieved from /home/airflow/.local/lib/python3.12/site-packages/airflow/example_dags/example_latest_only.py
[2025-01-13T23:56:24.731+0000] {logging_mixin.py:190} INFO - [2025-01-13T23:56:24.731+0000] {dag.py:3239} INFO - Sync 1 DAGs
[2025-01-13T23:56:24.759+0000] {logging_mixin.py:190} INFO - [2025-01-13T23:56:24.758+0000] {dag.py:4180} INFO - Setting next_dagrun for latest_only to 2025-01-13 16:00:00+00:00, run_after=2025-01-13 20:00:00+00:00
[2025-01-13T23:56:24.783+0000] {processor.py:208} INFO - Processing /home/airflow/.local/lib/python3.12/site-packages/airflow/example_dags/example_latest_only.py took 0.092 seconds
[2025-01-13T23:56:55.291+0000] {processor.py:186} INFO - Started process (PID=4003) to work on /home/airflow/.local/lib/python3.12/site-packages/airflow/example_dags/example_latest_only.py
[2025-01-13T23:56:55.292+0000] {processor.py:914} INFO - Processing file /home/airflow/.local/lib/python3.12/site-packages/airflow/example_dags/example_latest_only.py for tasks to queue
[2025-01-13T23:56:55.296+0000] {logging_mixin.py:190} INFO - [2025-01-13T23:56:55.296+0000] {dagbag.py:588} INFO - Filling up the DagBag from /home/airflow/.local/lib/python3.12/site-packages/airflow/example_dags/example_latest_only.py
[2025-01-13T23:56:55.306+0000] {processor.py:925} INFO - DAG(s) 'latest_only' retrieved from /home/airflow/.local/lib/python3.12/site-packages/airflow/example_dags/example_latest_only.py
[2025-01-13T23:56:55.336+0000] {logging_mixin.py:190} INFO - [2025-01-13T23:56:55.335+0000] {dag.py:3239} INFO - Sync 1 DAGs
[2025-01-13T23:56:55.374+0000] {logging_mixin.py:190} INFO - [2025-01-13T23:56:55.374+0000] {dag.py:4180} INFO - Setting next_dagrun for latest_only to 2025-01-13 16:00:00+00:00, run_after=2025-01-13 20:00:00+00:00
[2025-01-13T23:56:55.403+0000] {processor.py:208} INFO - Processing /home/airflow/.local/lib/python3.12/site-packages/airflow/example_dags/example_latest_only.py took 0.118 seconds
[2025-01-13T23:57:25.575+0000] {processor.py:186} INFO - Started process (PID=4067) to work on /home/airflow/.local/lib/python3.12/site-packages/airflow/example_dags/example_latest_only.py
[2025-01-13T23:57:25.577+0000] {processor.py:914} INFO - Processing file /home/airflow/.local/lib/python3.12/site-packages/airflow/example_dags/example_latest_only.py for tasks to queue
[2025-01-13T23:57:25.580+0000] {logging_mixin.py:190} INFO - [2025-01-13T23:57:25.580+0000] {dagbag.py:588} INFO - Filling up the DagBag from /home/airflow/.local/lib/python3.12/site-packages/airflow/example_dags/example_latest_only.py
[2025-01-13T23:57:25.587+0000] {processor.py:925} INFO - DAG(s) 'latest_only' retrieved from /home/airflow/.local/lib/python3.12/site-packages/airflow/example_dags/example_latest_only.py
[2025-01-13T23:57:25.614+0000] {logging_mixin.py:190} INFO - [2025-01-13T23:57:25.613+0000] {dag.py:3239} INFO - Sync 1 DAGs
[2025-01-13T23:57:25.643+0000] {logging_mixin.py:190} INFO - [2025-01-13T23:57:25.643+0000] {dag.py:4180} INFO - Setting next_dagrun for latest_only to 2025-01-13 16:00:00+00:00, run_after=2025-01-13 20:00:00+00:00
[2025-01-13T23:57:25.668+0000] {processor.py:208} INFO - Processing /home/airflow/.local/lib/python3.12/site-packages/airflow/example_dags/example_latest_only.py took 0.099 seconds
[2025-01-13T23:57:56.407+0000] {processor.py:186} INFO - Started process (PID=4131) to work on /home/airflow/.local/lib/python3.12/site-packages/airflow/example_dags/example_latest_only.py
[2025-01-13T23:57:56.409+0000] {processor.py:914} INFO - Processing file /home/airflow/.local/lib/python3.12/site-packages/airflow/example_dags/example_latest_only.py for tasks to queue
[2025-01-13T23:57:56.411+0000] {logging_mixin.py:190} INFO - [2025-01-13T23:57:56.411+0000] {dagbag.py:588} INFO - Filling up the DagBag from /home/airflow/.local/lib/python3.12/site-packages/airflow/example_dags/example_latest_only.py
[2025-01-13T23:57:56.417+0000] {processor.py:925} INFO - DAG(s) 'latest_only' retrieved from /home/airflow/.local/lib/python3.12/site-packages/airflow/example_dags/example_latest_only.py
[2025-01-13T23:57:56.440+0000] {logging_mixin.py:190} INFO - [2025-01-13T23:57:56.440+0000] {dag.py:3239} INFO - Sync 1 DAGs
[2025-01-13T23:57:56.463+0000] {logging_mixin.py:190} INFO - [2025-01-13T23:57:56.462+0000] {dag.py:4180} INFO - Setting next_dagrun for latest_only to 2025-01-13 16:00:00+00:00, run_after=2025-01-13 20:00:00+00:00
[2025-01-13T23:57:56.492+0000] {processor.py:208} INFO - Processing /home/airflow/.local/lib/python3.12/site-packages/airflow/example_dags/example_latest_only.py took 0.090 seconds
[2025-01-13T23:58:27.144+0000] {processor.py:186} INFO - Started process (PID=4194) to work on /home/airflow/.local/lib/python3.12/site-packages/airflow/example_dags/example_latest_only.py
[2025-01-13T23:58:27.146+0000] {processor.py:914} INFO - Processing file /home/airflow/.local/lib/python3.12/site-packages/airflow/example_dags/example_latest_only.py for tasks to queue
[2025-01-13T23:58:27.148+0000] {logging_mixin.py:190} INFO - [2025-01-13T23:58:27.148+0000] {dagbag.py:588} INFO - Filling up the DagBag from /home/airflow/.local/lib/python3.12/site-packages/airflow/example_dags/example_latest_only.py
[2025-01-13T23:58:27.157+0000] {processor.py:925} INFO - DAG(s) 'latest_only' retrieved from /home/airflow/.local/lib/python3.12/site-packages/airflow/example_dags/example_latest_only.py
[2025-01-13T23:58:27.178+0000] {logging_mixin.py:190} INFO - [2025-01-13T23:58:27.177+0000] {dag.py:3239} INFO - Sync 1 DAGs
[2025-01-13T23:58:27.196+0000] {logging_mixin.py:190} INFO - [2025-01-13T23:58:27.196+0000] {dag.py:4180} INFO - Setting next_dagrun for latest_only to 2025-01-13 16:00:00+00:00, run_after=2025-01-13 20:00:00+00:00
[2025-01-13T23:58:27.228+0000] {processor.py:208} INFO - Processing /home/airflow/.local/lib/python3.12/site-packages/airflow/example_dags/example_latest_only.py took 0.088 seconds
[2025-01-13T23:58:57.418+0000] {processor.py:186} INFO - Started process (PID=4258) to work on /home/airflow/.local/lib/python3.12/site-packages/airflow/example_dags/example_latest_only.py
[2025-01-13T23:58:57.419+0000] {processor.py:914} INFO - Processing file /home/airflow/.local/lib/python3.12/site-packages/airflow/example_dags/example_latest_only.py for tasks to queue
[2025-01-13T23:58:57.421+0000] {logging_mixin.py:190} INFO - [2025-01-13T23:58:57.421+0000] {dagbag.py:588} INFO - Filling up the DagBag from /home/airflow/.local/lib/python3.12/site-packages/airflow/example_dags/example_latest_only.py
[2025-01-13T23:58:57.427+0000] {processor.py:925} INFO - DAG(s) 'latest_only' retrieved from /home/airflow/.local/lib/python3.12/site-packages/airflow/example_dags/example_latest_only.py
[2025-01-13T23:58:57.445+0000] {logging_mixin.py:190} INFO - [2025-01-13T23:58:57.444+0000] {dag.py:3239} INFO - Sync 1 DAGs
[2025-01-13T23:58:57.463+0000] {logging_mixin.py:190} INFO - [2025-01-13T23:58:57.463+0000] {dag.py:4180} INFO - Setting next_dagrun for latest_only to 2025-01-13 16:00:00+00:00, run_after=2025-01-13 20:00:00+00:00
[2025-01-13T23:58:57.477+0000] {processor.py:208} INFO - Processing /home/airflow/.local/lib/python3.12/site-packages/airflow/example_dags/example_latest_only.py took 0.064 seconds
[2025-01-13T23:59:28.332+0000] {processor.py:186} INFO - Started process (PID=4322) to work on /home/airflow/.local/lib/python3.12/site-packages/airflow/example_dags/example_latest_only.py
[2025-01-13T23:59:28.333+0000] {processor.py:914} INFO - Processing file /home/airflow/.local/lib/python3.12/site-packages/airflow/example_dags/example_latest_only.py for tasks to queue
[2025-01-13T23:59:28.336+0000] {logging_mixin.py:190} INFO - [2025-01-13T23:59:28.336+0000] {dagbag.py:588} INFO - Filling up the DagBag from /home/airflow/.local/lib/python3.12/site-packages/airflow/example_dags/example_latest_only.py
[2025-01-13T23:59:28.347+0000] {processor.py:925} INFO - DAG(s) 'latest_only' retrieved from /home/airflow/.local/lib/python3.12/site-packages/airflow/example_dags/example_latest_only.py
[2025-01-13T23:59:28.371+0000] {logging_mixin.py:190} INFO - [2025-01-13T23:59:28.371+0000] {dag.py:3239} INFO - Sync 1 DAGs
[2025-01-13T23:59:28.412+0000] {logging_mixin.py:190} INFO - [2025-01-13T23:59:28.411+0000] {dag.py:4180} INFO - Setting next_dagrun for latest_only to 2025-01-13 16:00:00+00:00, run_after=2025-01-13 20:00:00+00:00
[2025-01-13T23:59:28.449+0000] {processor.py:208} INFO - Processing /home/airflow/.local/lib/python3.12/site-packages/airflow/example_dags/example_latest_only.py took 0.123 seconds
[2025-01-13T23:59:59.614+0000] {processor.py:186} INFO - Started process (PID=4386) to work on /home/airflow/.local/lib/python3.12/site-packages/airflow/example_dags/example_latest_only.py
[2025-01-13T23:59:59.615+0000] {processor.py:914} INFO - Processing file /home/airflow/.local/lib/python3.12/site-packages/airflow/example_dags/example_latest_only.py for tasks to queue
[2025-01-13T23:59:59.617+0000] {logging_mixin.py:190} INFO - [2025-01-13T23:59:59.617+0000] {dagbag.py:588} INFO - Filling up the DagBag from /home/airflow/.local/lib/python3.12/site-packages/airflow/example_dags/example_latest_only.py
[2025-01-13T23:59:59.625+0000] {processor.py:925} INFO - DAG(s) 'latest_only' retrieved from /home/airflow/.local/lib/python3.12/site-packages/airflow/example_dags/example_latest_only.py
[2025-01-13T23:59:59.645+0000] {logging_mixin.py:190} INFO - [2025-01-13T23:59:59.645+0000] {dag.py:3239} INFO - Sync 1 DAGs
[2025-01-13T23:59:59.667+0000] {logging_mixin.py:190} INFO - [2025-01-13T23:59:59.667+0000] {dag.py:4180} INFO - Setting next_dagrun for latest_only to 2025-01-13 16:00:00+00:00, run_after=2025-01-13 20:00:00+00:00
[2025-01-13T23:59:59.684+0000] {processor.py:208} INFO - Processing /home/airflow/.local/lib/python3.12/site-packages/airflow/example_dags/example_latest_only.py took 0.075 seconds
