[2025-01-13T23:25:46.956+0000] {processor.py:186} INFO - Started process (PID=105) to work on /home/airflow/.local/lib/python3.12/site-packages/airflow/example_dags/example_branch_labels.py
[2025-01-13T23:25:46.960+0000] {processor.py:914} INFO - Processing file /home/airflow/.local/lib/python3.12/site-packages/airflow/example_dags/example_branch_labels.py for tasks to queue
[2025-01-13T23:25:46.975+0000] {logging_mixin.py:190} INFO - [2025-01-13T23:25:46.974+0000] {dagbag.py:588} INFO - Filling up the DagBag from /home/airflow/.local/lib/python3.12/site-packages/airflow/example_dags/example_branch_labels.py
[2025-01-13T23:25:46.993+0000] {processor.py:925} INFO - DAG(s) 'example_branch_labels' retrieved from /home/airflow/.local/lib/python3.12/site-packages/airflow/example_dags/example_branch_labels.py
[2025-01-13T23:25:47.041+0000] {logging_mixin.py:190} INFO - [2025-01-13T23:25:47.041+0000] {dag.py:3239} INFO - Sync 1 DAGs
[2025-01-13T23:25:47.134+0000] {logging_mixin.py:190} INFO - [2025-01-13T23:25:47.134+0000] {dag.py:4180} INFO - Setting next_dagrun for example_branch_labels to 2025-01-12 00:00:00+00:00, run_after=2025-01-13 00:00:00+00:00
[2025-01-13T23:25:47.187+0000] {processor.py:208} INFO - Processing /home/airflow/.local/lib/python3.12/site-packages/airflow/example_dags/example_branch_labels.py took 0.253 seconds
[2025-01-13T23:26:18.154+0000] {processor.py:186} INFO - Started process (PID=169) to work on /home/airflow/.local/lib/python3.12/site-packages/airflow/example_dags/example_branch_labels.py
[2025-01-13T23:26:18.155+0000] {processor.py:914} INFO - Processing file /home/airflow/.local/lib/python3.12/site-packages/airflow/example_dags/example_branch_labels.py for tasks to queue
[2025-01-13T23:26:18.157+0000] {logging_mixin.py:190} INFO - [2025-01-13T23:26:18.157+0000] {dagbag.py:588} INFO - Filling up the DagBag from /home/airflow/.local/lib/python3.12/site-packages/airflow/example_dags/example_branch_labels.py
[2025-01-13T23:26:18.164+0000] {processor.py:925} INFO - DAG(s) 'example_branch_labels' retrieved from /home/airflow/.local/lib/python3.12/site-packages/airflow/example_dags/example_branch_labels.py
[2025-01-13T23:26:18.183+0000] {logging_mixin.py:190} INFO - [2025-01-13T23:26:18.183+0000] {dag.py:3239} INFO - Sync 1 DAGs
[2025-01-13T23:26:18.206+0000] {logging_mixin.py:190} INFO - [2025-01-13T23:26:18.206+0000] {dag.py:4180} INFO - Setting next_dagrun for example_branch_labels to 2025-01-12 00:00:00+00:00, run_after=2025-01-13 00:00:00+00:00
[2025-01-13T23:26:18.227+0000] {processor.py:208} INFO - Processing /home/airflow/.local/lib/python3.12/site-packages/airflow/example_dags/example_branch_labels.py took 0.077 seconds
[2025-01-13T23:26:48.420+0000] {processor.py:186} INFO - Started process (PID=233) to work on /home/airflow/.local/lib/python3.12/site-packages/airflow/example_dags/example_branch_labels.py
[2025-01-13T23:26:48.422+0000] {processor.py:914} INFO - Processing file /home/airflow/.local/lib/python3.12/site-packages/airflow/example_dags/example_branch_labels.py for tasks to queue
[2025-01-13T23:26:48.424+0000] {logging_mixin.py:190} INFO - [2025-01-13T23:26:48.423+0000] {dagbag.py:588} INFO - Filling up the DagBag from /home/airflow/.local/lib/python3.12/site-packages/airflow/example_dags/example_branch_labels.py
[2025-01-13T23:26:48.431+0000] {processor.py:925} INFO - DAG(s) 'example_branch_labels' retrieved from /home/airflow/.local/lib/python3.12/site-packages/airflow/example_dags/example_branch_labels.py
[2025-01-13T23:26:48.449+0000] {logging_mixin.py:190} INFO - [2025-01-13T23:26:48.449+0000] {dag.py:3239} INFO - Sync 1 DAGs
[2025-01-13T23:26:48.465+0000] {logging_mixin.py:190} INFO - [2025-01-13T23:26:48.465+0000] {dag.py:4180} INFO - Setting next_dagrun for example_branch_labels to 2025-01-12 00:00:00+00:00, run_after=2025-01-13 00:00:00+00:00
[2025-01-13T23:26:48.489+0000] {processor.py:208} INFO - Processing /home/airflow/.local/lib/python3.12/site-packages/airflow/example_dags/example_branch_labels.py took 0.073 seconds
[2025-01-13T23:27:19.476+0000] {processor.py:186} INFO - Started process (PID=297) to work on /home/airflow/.local/lib/python3.12/site-packages/airflow/example_dags/example_branch_labels.py
[2025-01-13T23:27:19.514+0000] {processor.py:914} INFO - Processing file /home/airflow/.local/lib/python3.12/site-packages/airflow/example_dags/example_branch_labels.py for tasks to queue
[2025-01-13T23:27:19.524+0000] {logging_mixin.py:190} INFO - [2025-01-13T23:27:19.523+0000] {dagbag.py:588} INFO - Filling up the DagBag from /home/airflow/.local/lib/python3.12/site-packages/airflow/example_dags/example_branch_labels.py
[2025-01-13T23:27:19.535+0000] {processor.py:925} INFO - DAG(s) 'example_branch_labels' retrieved from /home/airflow/.local/lib/python3.12/site-packages/airflow/example_dags/example_branch_labels.py
[2025-01-13T23:27:19.551+0000] {logging_mixin.py:190} INFO - [2025-01-13T23:27:19.551+0000] {dag.py:3239} INFO - Sync 1 DAGs
[2025-01-13T23:27:19.578+0000] {logging_mixin.py:190} INFO - [2025-01-13T23:27:19.578+0000] {dag.py:4180} INFO - Setting next_dagrun for example_branch_labels to 2025-01-12 00:00:00+00:00, run_after=2025-01-13 00:00:00+00:00
[2025-01-13T23:27:19.615+0000] {processor.py:208} INFO - Processing /home/airflow/.local/lib/python3.12/site-packages/airflow/example_dags/example_branch_labels.py took 0.143 seconds
[2025-01-13T23:27:50.557+0000] {processor.py:186} INFO - Started process (PID=361) to work on /home/airflow/.local/lib/python3.12/site-packages/airflow/example_dags/example_branch_labels.py
[2025-01-13T23:27:50.559+0000] {processor.py:914} INFO - Processing file /home/airflow/.local/lib/python3.12/site-packages/airflow/example_dags/example_branch_labels.py for tasks to queue
[2025-01-13T23:27:50.561+0000] {logging_mixin.py:190} INFO - [2025-01-13T23:27:50.561+0000] {dagbag.py:588} INFO - Filling up the DagBag from /home/airflow/.local/lib/python3.12/site-packages/airflow/example_dags/example_branch_labels.py
[2025-01-13T23:27:50.570+0000] {processor.py:925} INFO - DAG(s) 'example_branch_labels' retrieved from /home/airflow/.local/lib/python3.12/site-packages/airflow/example_dags/example_branch_labels.py
[2025-01-13T23:27:50.590+0000] {logging_mixin.py:190} INFO - [2025-01-13T23:27:50.590+0000] {dag.py:3239} INFO - Sync 1 DAGs
[2025-01-13T23:27:50.609+0000] {logging_mixin.py:190} INFO - [2025-01-13T23:27:50.609+0000] {dag.py:4180} INFO - Setting next_dagrun for example_branch_labels to 2025-01-12 00:00:00+00:00, run_after=2025-01-13 00:00:00+00:00
[2025-01-13T23:27:50.628+0000] {processor.py:208} INFO - Processing /home/airflow/.local/lib/python3.12/site-packages/airflow/example_dags/example_branch_labels.py took 0.076 seconds
[2025-01-13T23:28:20.817+0000] {processor.py:186} INFO - Started process (PID=424) to work on /home/airflow/.local/lib/python3.12/site-packages/airflow/example_dags/example_branch_labels.py
[2025-01-13T23:28:20.818+0000] {processor.py:914} INFO - Processing file /home/airflow/.local/lib/python3.12/site-packages/airflow/example_dags/example_branch_labels.py for tasks to queue
[2025-01-13T23:28:20.821+0000] {logging_mixin.py:190} INFO - [2025-01-13T23:28:20.821+0000] {dagbag.py:588} INFO - Filling up the DagBag from /home/airflow/.local/lib/python3.12/site-packages/airflow/example_dags/example_branch_labels.py
[2025-01-13T23:28:20.830+0000] {processor.py:925} INFO - DAG(s) 'example_branch_labels' retrieved from /home/airflow/.local/lib/python3.12/site-packages/airflow/example_dags/example_branch_labels.py
[2025-01-13T23:28:20.851+0000] {logging_mixin.py:190} INFO - [2025-01-13T23:28:20.851+0000] {dag.py:3239} INFO - Sync 1 DAGs
[2025-01-13T23:28:20.871+0000] {logging_mixin.py:190} INFO - [2025-01-13T23:28:20.871+0000] {dag.py:4180} INFO - Setting next_dagrun for example_branch_labels to 2025-01-12 00:00:00+00:00, run_after=2025-01-13 00:00:00+00:00
[2025-01-13T23:28:20.893+0000] {processor.py:208} INFO - Processing /home/airflow/.local/lib/python3.12/site-packages/airflow/example_dags/example_branch_labels.py took 0.081 seconds
[2025-01-13T23:28:51.742+0000] {processor.py:186} INFO - Started process (PID=488) to work on /home/airflow/.local/lib/python3.12/site-packages/airflow/example_dags/example_branch_labels.py
[2025-01-13T23:28:51.743+0000] {processor.py:914} INFO - Processing file /home/airflow/.local/lib/python3.12/site-packages/airflow/example_dags/example_branch_labels.py for tasks to queue
[2025-01-13T23:28:51.746+0000] {logging_mixin.py:190} INFO - [2025-01-13T23:28:51.745+0000] {dagbag.py:588} INFO - Filling up the DagBag from /home/airflow/.local/lib/python3.12/site-packages/airflow/example_dags/example_branch_labels.py
[2025-01-13T23:28:51.753+0000] {processor.py:925} INFO - DAG(s) 'example_branch_labels' retrieved from /home/airflow/.local/lib/python3.12/site-packages/airflow/example_dags/example_branch_labels.py
[2025-01-13T23:28:51.775+0000] {logging_mixin.py:190} INFO - [2025-01-13T23:28:51.775+0000] {dag.py:3239} INFO - Sync 1 DAGs
[2025-01-13T23:28:51.794+0000] {logging_mixin.py:190} INFO - [2025-01-13T23:28:51.794+0000] {dag.py:4180} INFO - Setting next_dagrun for example_branch_labels to 2025-01-12 00:00:00+00:00, run_after=2025-01-13 00:00:00+00:00
[2025-01-13T23:28:51.813+0000] {processor.py:208} INFO - Processing /home/airflow/.local/lib/python3.12/site-packages/airflow/example_dags/example_branch_labels.py took 0.075 seconds
[2025-01-13T23:29:22.569+0000] {processor.py:186} INFO - Started process (PID=551) to work on /home/airflow/.local/lib/python3.12/site-packages/airflow/example_dags/example_branch_labels.py
[2025-01-13T23:29:22.570+0000] {processor.py:914} INFO - Processing file /home/airflow/.local/lib/python3.12/site-packages/airflow/example_dags/example_branch_labels.py for tasks to queue
[2025-01-13T23:29:22.572+0000] {logging_mixin.py:190} INFO - [2025-01-13T23:29:22.572+0000] {dagbag.py:588} INFO - Filling up the DagBag from /home/airflow/.local/lib/python3.12/site-packages/airflow/example_dags/example_branch_labels.py
[2025-01-13T23:29:22.579+0000] {processor.py:925} INFO - DAG(s) 'example_branch_labels' retrieved from /home/airflow/.local/lib/python3.12/site-packages/airflow/example_dags/example_branch_labels.py
[2025-01-13T23:29:22.593+0000] {logging_mixin.py:190} INFO - [2025-01-13T23:29:22.593+0000] {dag.py:3239} INFO - Sync 1 DAGs
[2025-01-13T23:29:22.608+0000] {logging_mixin.py:190} INFO - [2025-01-13T23:29:22.608+0000] {dag.py:4180} INFO - Setting next_dagrun for example_branch_labels to 2025-01-12 00:00:00+00:00, run_after=2025-01-13 00:00:00+00:00
[2025-01-13T23:29:22.620+0000] {processor.py:208} INFO - Processing /home/airflow/.local/lib/python3.12/site-packages/airflow/example_dags/example_branch_labels.py took 0.055 seconds
[2025-01-13T23:29:53.595+0000] {processor.py:186} INFO - Started process (PID=615) to work on /home/airflow/.local/lib/python3.12/site-packages/airflow/example_dags/example_branch_labels.py
[2025-01-13T23:29:53.596+0000] {processor.py:914} INFO - Processing file /home/airflow/.local/lib/python3.12/site-packages/airflow/example_dags/example_branch_labels.py for tasks to queue
[2025-01-13T23:29:53.598+0000] {logging_mixin.py:190} INFO - [2025-01-13T23:29:53.598+0000] {dagbag.py:588} INFO - Filling up the DagBag from /home/airflow/.local/lib/python3.12/site-packages/airflow/example_dags/example_branch_labels.py
[2025-01-13T23:29:53.605+0000] {processor.py:925} INFO - DAG(s) 'example_branch_labels' retrieved from /home/airflow/.local/lib/python3.12/site-packages/airflow/example_dags/example_branch_labels.py
[2025-01-13T23:29:53.620+0000] {logging_mixin.py:190} INFO - [2025-01-13T23:29:53.619+0000] {dag.py:3239} INFO - Sync 1 DAGs
[2025-01-13T23:29:53.642+0000] {logging_mixin.py:190} INFO - [2025-01-13T23:29:53.642+0000] {dag.py:4180} INFO - Setting next_dagrun for example_branch_labels to 2025-01-12 00:00:00+00:00, run_after=2025-01-13 00:00:00+00:00
[2025-01-13T23:29:53.662+0000] {processor.py:208} INFO - Processing /home/airflow/.local/lib/python3.12/site-packages/airflow/example_dags/example_branch_labels.py took 0.071 seconds
[2025-01-13T23:30:23.906+0000] {processor.py:186} INFO - Started process (PID=679) to work on /home/airflow/.local/lib/python3.12/site-packages/airflow/example_dags/example_branch_labels.py
[2025-01-13T23:30:23.907+0000] {processor.py:914} INFO - Processing file /home/airflow/.local/lib/python3.12/site-packages/airflow/example_dags/example_branch_labels.py for tasks to queue
[2025-01-13T23:30:23.909+0000] {logging_mixin.py:190} INFO - [2025-01-13T23:30:23.909+0000] {dagbag.py:588} INFO - Filling up the DagBag from /home/airflow/.local/lib/python3.12/site-packages/airflow/example_dags/example_branch_labels.py
[2025-01-13T23:30:23.918+0000] {processor.py:925} INFO - DAG(s) 'example_branch_labels' retrieved from /home/airflow/.local/lib/python3.12/site-packages/airflow/example_dags/example_branch_labels.py
[2025-01-13T23:30:23.936+0000] {logging_mixin.py:190} INFO - [2025-01-13T23:30:23.936+0000] {dag.py:3239} INFO - Sync 1 DAGs
[2025-01-13T23:30:23.965+0000] {logging_mixin.py:190} INFO - [2025-01-13T23:30:23.965+0000] {dag.py:4180} INFO - Setting next_dagrun for example_branch_labels to 2025-01-12 00:00:00+00:00, run_after=2025-01-13 00:00:00+00:00
[2025-01-13T23:30:23.980+0000] {processor.py:208} INFO - Processing /home/airflow/.local/lib/python3.12/site-packages/airflow/example_dags/example_branch_labels.py took 0.079 seconds
[2025-01-13T23:30:54.022+0000] {processor.py:186} INFO - Started process (PID=742) to work on /home/airflow/.local/lib/python3.12/site-packages/airflow/example_dags/example_branch_labels.py
[2025-01-13T23:30:54.023+0000] {processor.py:914} INFO - Processing file /home/airflow/.local/lib/python3.12/site-packages/airflow/example_dags/example_branch_labels.py for tasks to queue
[2025-01-13T23:30:54.025+0000] {logging_mixin.py:190} INFO - [2025-01-13T23:30:54.025+0000] {dagbag.py:588} INFO - Filling up the DagBag from /home/airflow/.local/lib/python3.12/site-packages/airflow/example_dags/example_branch_labels.py
[2025-01-13T23:30:54.033+0000] {processor.py:925} INFO - DAG(s) 'example_branch_labels' retrieved from /home/airflow/.local/lib/python3.12/site-packages/airflow/example_dags/example_branch_labels.py
[2025-01-13T23:30:54.051+0000] {logging_mixin.py:190} INFO - [2025-01-13T23:30:54.051+0000] {dag.py:3239} INFO - Sync 1 DAGs
[2025-01-13T23:30:54.070+0000] {logging_mixin.py:190} INFO - [2025-01-13T23:30:54.069+0000] {dag.py:4180} INFO - Setting next_dagrun for example_branch_labels to 2025-01-12 00:00:00+00:00, run_after=2025-01-13 00:00:00+00:00
[2025-01-13T23:30:54.085+0000] {processor.py:208} INFO - Processing /home/airflow/.local/lib/python3.12/site-packages/airflow/example_dags/example_branch_labels.py took 0.068 seconds
[2025-01-13T23:31:24.925+0000] {processor.py:186} INFO - Started process (PID=806) to work on /home/airflow/.local/lib/python3.12/site-packages/airflow/example_dags/example_branch_labels.py
[2025-01-13T23:31:24.926+0000] {processor.py:914} INFO - Processing file /home/airflow/.local/lib/python3.12/site-packages/airflow/example_dags/example_branch_labels.py for tasks to queue
[2025-01-13T23:31:24.928+0000] {logging_mixin.py:190} INFO - [2025-01-13T23:31:24.928+0000] {dagbag.py:588} INFO - Filling up the DagBag from /home/airflow/.local/lib/python3.12/site-packages/airflow/example_dags/example_branch_labels.py
[2025-01-13T23:31:24.936+0000] {processor.py:925} INFO - DAG(s) 'example_branch_labels' retrieved from /home/airflow/.local/lib/python3.12/site-packages/airflow/example_dags/example_branch_labels.py
[2025-01-13T23:31:24.956+0000] {logging_mixin.py:190} INFO - [2025-01-13T23:31:24.956+0000] {dag.py:3239} INFO - Sync 1 DAGs
[2025-01-13T23:31:24.975+0000] {logging_mixin.py:190} INFO - [2025-01-13T23:31:24.974+0000] {dag.py:4180} INFO - Setting next_dagrun for example_branch_labels to 2025-01-12 00:00:00+00:00, run_after=2025-01-13 00:00:00+00:00
[2025-01-13T23:31:24.989+0000] {processor.py:208} INFO - Processing /home/airflow/.local/lib/python3.12/site-packages/airflow/example_dags/example_branch_labels.py took 0.068 seconds
[2025-01-13T23:31:55.580+0000] {processor.py:186} INFO - Started process (PID=869) to work on /home/airflow/.local/lib/python3.12/site-packages/airflow/example_dags/example_branch_labels.py
[2025-01-13T23:31:55.581+0000] {processor.py:914} INFO - Processing file /home/airflow/.local/lib/python3.12/site-packages/airflow/example_dags/example_branch_labels.py for tasks to queue
[2025-01-13T23:31:55.583+0000] {logging_mixin.py:190} INFO - [2025-01-13T23:31:55.583+0000] {dagbag.py:588} INFO - Filling up the DagBag from /home/airflow/.local/lib/python3.12/site-packages/airflow/example_dags/example_branch_labels.py
[2025-01-13T23:31:55.590+0000] {processor.py:925} INFO - DAG(s) 'example_branch_labels' retrieved from /home/airflow/.local/lib/python3.12/site-packages/airflow/example_dags/example_branch_labels.py
[2025-01-13T23:31:55.605+0000] {logging_mixin.py:190} INFO - [2025-01-13T23:31:55.605+0000] {dag.py:3239} INFO - Sync 1 DAGs
[2025-01-13T23:31:55.621+0000] {logging_mixin.py:190} INFO - [2025-01-13T23:31:55.621+0000] {dag.py:4180} INFO - Setting next_dagrun for example_branch_labels to 2025-01-12 00:00:00+00:00, run_after=2025-01-13 00:00:00+00:00
[2025-01-13T23:31:55.638+0000] {processor.py:208} INFO - Processing /home/airflow/.local/lib/python3.12/site-packages/airflow/example_dags/example_branch_labels.py took 0.062 seconds
[2025-01-13T23:32:25.934+0000] {processor.py:186} INFO - Started process (PID=933) to work on /home/airflow/.local/lib/python3.12/site-packages/airflow/example_dags/example_branch_labels.py
[2025-01-13T23:32:25.936+0000] {processor.py:914} INFO - Processing file /home/airflow/.local/lib/python3.12/site-packages/airflow/example_dags/example_branch_labels.py for tasks to queue
[2025-01-13T23:32:25.938+0000] {logging_mixin.py:190} INFO - [2025-01-13T23:32:25.937+0000] {dagbag.py:588} INFO - Filling up the DagBag from /home/airflow/.local/lib/python3.12/site-packages/airflow/example_dags/example_branch_labels.py
[2025-01-13T23:32:25.945+0000] {processor.py:925} INFO - DAG(s) 'example_branch_labels' retrieved from /home/airflow/.local/lib/python3.12/site-packages/airflow/example_dags/example_branch_labels.py
[2025-01-13T23:32:25.963+0000] {logging_mixin.py:190} INFO - [2025-01-13T23:32:25.963+0000] {dag.py:3239} INFO - Sync 1 DAGs
[2025-01-13T23:32:25.983+0000] {logging_mixin.py:190} INFO - [2025-01-13T23:32:25.983+0000] {dag.py:4180} INFO - Setting next_dagrun for example_branch_labels to 2025-01-12 00:00:00+00:00, run_after=2025-01-13 00:00:00+00:00
[2025-01-13T23:32:26.001+0000] {processor.py:208} INFO - Processing /home/airflow/.local/lib/python3.12/site-packages/airflow/example_dags/example_branch_labels.py took 0.070 seconds
[2025-01-13T23:32:56.149+0000] {processor.py:186} INFO - Started process (PID=996) to work on /home/airflow/.local/lib/python3.12/site-packages/airflow/example_dags/example_branch_labels.py
[2025-01-13T23:32:56.150+0000] {processor.py:914} INFO - Processing file /home/airflow/.local/lib/python3.12/site-packages/airflow/example_dags/example_branch_labels.py for tasks to queue
[2025-01-13T23:32:56.153+0000] {logging_mixin.py:190} INFO - [2025-01-13T23:32:56.152+0000] {dagbag.py:588} INFO - Filling up the DagBag from /home/airflow/.local/lib/python3.12/site-packages/airflow/example_dags/example_branch_labels.py
[2025-01-13T23:32:56.166+0000] {processor.py:925} INFO - DAG(s) 'example_branch_labels' retrieved from /home/airflow/.local/lib/python3.12/site-packages/airflow/example_dags/example_branch_labels.py
[2025-01-13T23:32:56.185+0000] {logging_mixin.py:190} INFO - [2025-01-13T23:32:56.185+0000] {dag.py:3239} INFO - Sync 1 DAGs
[2025-01-13T23:32:56.201+0000] {logging_mixin.py:190} INFO - [2025-01-13T23:32:56.201+0000] {dag.py:4180} INFO - Setting next_dagrun for example_branch_labels to 2025-01-12 00:00:00+00:00, run_after=2025-01-13 00:00:00+00:00
[2025-01-13T23:32:56.218+0000] {processor.py:208} INFO - Processing /home/airflow/.local/lib/python3.12/site-packages/airflow/example_dags/example_branch_labels.py took 0.073 seconds
[2025-01-13T23:33:26.297+0000] {processor.py:186} INFO - Started process (PID=1060) to work on /home/airflow/.local/lib/python3.12/site-packages/airflow/example_dags/example_branch_labels.py
[2025-01-13T23:33:26.298+0000] {processor.py:914} INFO - Processing file /home/airflow/.local/lib/python3.12/site-packages/airflow/example_dags/example_branch_labels.py for tasks to queue
[2025-01-13T23:33:26.301+0000] {logging_mixin.py:190} INFO - [2025-01-13T23:33:26.300+0000] {dagbag.py:588} INFO - Filling up the DagBag from /home/airflow/.local/lib/python3.12/site-packages/airflow/example_dags/example_branch_labels.py
[2025-01-13T23:33:26.307+0000] {processor.py:925} INFO - DAG(s) 'example_branch_labels' retrieved from /home/airflow/.local/lib/python3.12/site-packages/airflow/example_dags/example_branch_labels.py
[2025-01-13T23:33:26.324+0000] {logging_mixin.py:190} INFO - [2025-01-13T23:33:26.324+0000] {dag.py:3239} INFO - Sync 1 DAGs
[2025-01-13T23:33:26.339+0000] {logging_mixin.py:190} INFO - [2025-01-13T23:33:26.339+0000] {dag.py:4180} INFO - Setting next_dagrun for example_branch_labels to 2025-01-12 00:00:00+00:00, run_after=2025-01-13 00:00:00+00:00
[2025-01-13T23:33:26.353+0000] {processor.py:208} INFO - Processing /home/airflow/.local/lib/python3.12/site-packages/airflow/example_dags/example_branch_labels.py took 0.061 seconds
[2025-01-13T23:33:56.443+0000] {processor.py:186} INFO - Started process (PID=1124) to work on /home/airflow/.local/lib/python3.12/site-packages/airflow/example_dags/example_branch_labels.py
[2025-01-13T23:33:56.444+0000] {processor.py:914} INFO - Processing file /home/airflow/.local/lib/python3.12/site-packages/airflow/example_dags/example_branch_labels.py for tasks to queue
[2025-01-13T23:33:56.446+0000] {logging_mixin.py:190} INFO - [2025-01-13T23:33:56.446+0000] {dagbag.py:588} INFO - Filling up the DagBag from /home/airflow/.local/lib/python3.12/site-packages/airflow/example_dags/example_branch_labels.py
[2025-01-13T23:33:56.454+0000] {processor.py:925} INFO - DAG(s) 'example_branch_labels' retrieved from /home/airflow/.local/lib/python3.12/site-packages/airflow/example_dags/example_branch_labels.py
[2025-01-13T23:33:56.474+0000] {logging_mixin.py:190} INFO - [2025-01-13T23:33:56.474+0000] {dag.py:3239} INFO - Sync 1 DAGs
[2025-01-13T23:33:56.495+0000] {logging_mixin.py:190} INFO - [2025-01-13T23:33:56.495+0000] {dag.py:4180} INFO - Setting next_dagrun for example_branch_labels to 2025-01-12 00:00:00+00:00, run_after=2025-01-13 00:00:00+00:00
[2025-01-13T23:33:56.521+0000] {processor.py:208} INFO - Processing /home/airflow/.local/lib/python3.12/site-packages/airflow/example_dags/example_branch_labels.py took 0.082 seconds
[2025-01-13T23:34:27.479+0000] {processor.py:186} INFO - Started process (PID=1188) to work on /home/airflow/.local/lib/python3.12/site-packages/airflow/example_dags/example_branch_labels.py
[2025-01-13T23:34:27.481+0000] {processor.py:914} INFO - Processing file /home/airflow/.local/lib/python3.12/site-packages/airflow/example_dags/example_branch_labels.py for tasks to queue
[2025-01-13T23:34:27.483+0000] {logging_mixin.py:190} INFO - [2025-01-13T23:34:27.483+0000] {dagbag.py:588} INFO - Filling up the DagBag from /home/airflow/.local/lib/python3.12/site-packages/airflow/example_dags/example_branch_labels.py
[2025-01-13T23:34:27.491+0000] {processor.py:925} INFO - DAG(s) 'example_branch_labels' retrieved from /home/airflow/.local/lib/python3.12/site-packages/airflow/example_dags/example_branch_labels.py
[2025-01-13T23:34:27.513+0000] {logging_mixin.py:190} INFO - [2025-01-13T23:34:27.512+0000] {dag.py:3239} INFO - Sync 1 DAGs
[2025-01-13T23:34:27.531+0000] {logging_mixin.py:190} INFO - [2025-01-13T23:34:27.531+0000] {dag.py:4180} INFO - Setting next_dagrun for example_branch_labels to 2025-01-12 00:00:00+00:00, run_after=2025-01-13 00:00:00+00:00
[2025-01-13T23:34:27.553+0000] {processor.py:208} INFO - Processing /home/airflow/.local/lib/python3.12/site-packages/airflow/example_dags/example_branch_labels.py took 0.078 seconds
[2025-01-13T23:34:57.912+0000] {processor.py:186} INFO - Started process (PID=1252) to work on /home/airflow/.local/lib/python3.12/site-packages/airflow/example_dags/example_branch_labels.py
[2025-01-13T23:34:57.914+0000] {processor.py:914} INFO - Processing file /home/airflow/.local/lib/python3.12/site-packages/airflow/example_dags/example_branch_labels.py for tasks to queue
[2025-01-13T23:34:57.916+0000] {logging_mixin.py:190} INFO - [2025-01-13T23:34:57.916+0000] {dagbag.py:588} INFO - Filling up the DagBag from /home/airflow/.local/lib/python3.12/site-packages/airflow/example_dags/example_branch_labels.py
[2025-01-13T23:34:57.923+0000] {processor.py:925} INFO - DAG(s) 'example_branch_labels' retrieved from /home/airflow/.local/lib/python3.12/site-packages/airflow/example_dags/example_branch_labels.py
[2025-01-13T23:34:57.940+0000] {logging_mixin.py:190} INFO - [2025-01-13T23:34:57.940+0000] {dag.py:3239} INFO - Sync 1 DAGs
[2025-01-13T23:34:57.963+0000] {logging_mixin.py:190} INFO - [2025-01-13T23:34:57.962+0000] {dag.py:4180} INFO - Setting next_dagrun for example_branch_labels to 2025-01-12 00:00:00+00:00, run_after=2025-01-13 00:00:00+00:00
[2025-01-13T23:34:57.980+0000] {processor.py:208} INFO - Processing /home/airflow/.local/lib/python3.12/site-packages/airflow/example_dags/example_branch_labels.py took 0.072 seconds
[2025-01-13T23:35:28.348+0000] {processor.py:186} INFO - Started process (PID=1316) to work on /home/airflow/.local/lib/python3.12/site-packages/airflow/example_dags/example_branch_labels.py
[2025-01-13T23:35:28.349+0000] {processor.py:914} INFO - Processing file /home/airflow/.local/lib/python3.12/site-packages/airflow/example_dags/example_branch_labels.py for tasks to queue
[2025-01-13T23:35:28.351+0000] {logging_mixin.py:190} INFO - [2025-01-13T23:35:28.351+0000] {dagbag.py:588} INFO - Filling up the DagBag from /home/airflow/.local/lib/python3.12/site-packages/airflow/example_dags/example_branch_labels.py
[2025-01-13T23:35:28.360+0000] {processor.py:925} INFO - DAG(s) 'example_branch_labels' retrieved from /home/airflow/.local/lib/python3.12/site-packages/airflow/example_dags/example_branch_labels.py
[2025-01-13T23:35:28.384+0000] {logging_mixin.py:190} INFO - [2025-01-13T23:35:28.384+0000] {dag.py:3239} INFO - Sync 1 DAGs
[2025-01-13T23:35:28.405+0000] {logging_mixin.py:190} INFO - [2025-01-13T23:35:28.405+0000] {dag.py:4180} INFO - Setting next_dagrun for example_branch_labels to 2025-01-12 00:00:00+00:00, run_after=2025-01-13 00:00:00+00:00
[2025-01-13T23:35:28.424+0000] {processor.py:208} INFO - Processing /home/airflow/.local/lib/python3.12/site-packages/airflow/example_dags/example_branch_labels.py took 0.081 seconds
[2025-01-13T23:35:59.134+0000] {processor.py:186} INFO - Started process (PID=1380) to work on /home/airflow/.local/lib/python3.12/site-packages/airflow/example_dags/example_branch_labels.py
[2025-01-13T23:35:59.136+0000] {processor.py:914} INFO - Processing file /home/airflow/.local/lib/python3.12/site-packages/airflow/example_dags/example_branch_labels.py for tasks to queue
[2025-01-13T23:35:59.139+0000] {logging_mixin.py:190} INFO - [2025-01-13T23:35:59.139+0000] {dagbag.py:588} INFO - Filling up the DagBag from /home/airflow/.local/lib/python3.12/site-packages/airflow/example_dags/example_branch_labels.py
[2025-01-13T23:35:59.154+0000] {processor.py:925} INFO - DAG(s) 'example_branch_labels' retrieved from /home/airflow/.local/lib/python3.12/site-packages/airflow/example_dags/example_branch_labels.py
[2025-01-13T23:35:59.183+0000] {logging_mixin.py:190} INFO - [2025-01-13T23:35:59.182+0000] {dag.py:3239} INFO - Sync 1 DAGs
[2025-01-13T23:35:59.213+0000] {logging_mixin.py:190} INFO - [2025-01-13T23:35:59.213+0000] {dag.py:4180} INFO - Setting next_dagrun for example_branch_labels to 2025-01-12 00:00:00+00:00, run_after=2025-01-13 00:00:00+00:00
[2025-01-13T23:35:59.235+0000] {processor.py:208} INFO - Processing /home/airflow/.local/lib/python3.12/site-packages/airflow/example_dags/example_branch_labels.py took 0.110 seconds
[2025-01-13T23:36:29.328+0000] {processor.py:186} INFO - Started process (PID=1444) to work on /home/airflow/.local/lib/python3.12/site-packages/airflow/example_dags/example_branch_labels.py
[2025-01-13T23:36:29.329+0000] {processor.py:914} INFO - Processing file /home/airflow/.local/lib/python3.12/site-packages/airflow/example_dags/example_branch_labels.py for tasks to queue
[2025-01-13T23:36:29.332+0000] {logging_mixin.py:190} INFO - [2025-01-13T23:36:29.331+0000] {dagbag.py:588} INFO - Filling up the DagBag from /home/airflow/.local/lib/python3.12/site-packages/airflow/example_dags/example_branch_labels.py
[2025-01-13T23:36:29.339+0000] {processor.py:925} INFO - DAG(s) 'example_branch_labels' retrieved from /home/airflow/.local/lib/python3.12/site-packages/airflow/example_dags/example_branch_labels.py
[2025-01-13T23:36:29.356+0000] {logging_mixin.py:190} INFO - [2025-01-13T23:36:29.356+0000] {dag.py:3239} INFO - Sync 1 DAGs
[2025-01-13T23:36:29.377+0000] {logging_mixin.py:190} INFO - [2025-01-13T23:36:29.376+0000] {dag.py:4180} INFO - Setting next_dagrun for example_branch_labels to 2025-01-12 00:00:00+00:00, run_after=2025-01-13 00:00:00+00:00
[2025-01-13T23:36:29.397+0000] {processor.py:208} INFO - Processing /home/airflow/.local/lib/python3.12/site-packages/airflow/example_dags/example_branch_labels.py took 0.074 seconds
[2025-01-13T23:36:59.732+0000] {processor.py:186} INFO - Started process (PID=1508) to work on /home/airflow/.local/lib/python3.12/site-packages/airflow/example_dags/example_branch_labels.py
[2025-01-13T23:36:59.733+0000] {processor.py:914} INFO - Processing file /home/airflow/.local/lib/python3.12/site-packages/airflow/example_dags/example_branch_labels.py for tasks to queue
[2025-01-13T23:36:59.736+0000] {logging_mixin.py:190} INFO - [2025-01-13T23:36:59.736+0000] {dagbag.py:588} INFO - Filling up the DagBag from /home/airflow/.local/lib/python3.12/site-packages/airflow/example_dags/example_branch_labels.py
[2025-01-13T23:36:59.744+0000] {processor.py:925} INFO - DAG(s) 'example_branch_labels' retrieved from /home/airflow/.local/lib/python3.12/site-packages/airflow/example_dags/example_branch_labels.py
[2025-01-13T23:36:59.767+0000] {logging_mixin.py:190} INFO - [2025-01-13T23:36:59.767+0000] {dag.py:3239} INFO - Sync 1 DAGs
[2025-01-13T23:36:59.792+0000] {logging_mixin.py:190} INFO - [2025-01-13T23:36:59.792+0000] {dag.py:4180} INFO - Setting next_dagrun for example_branch_labels to 2025-01-12 00:00:00+00:00, run_after=2025-01-13 00:00:00+00:00
[2025-01-13T23:36:59.812+0000] {processor.py:208} INFO - Processing /home/airflow/.local/lib/python3.12/site-packages/airflow/example_dags/example_branch_labels.py took 0.085 seconds
[2025-01-13T23:37:30.385+0000] {processor.py:186} INFO - Started process (PID=1572) to work on /home/airflow/.local/lib/python3.12/site-packages/airflow/example_dags/example_branch_labels.py
[2025-01-13T23:37:30.386+0000] {processor.py:914} INFO - Processing file /home/airflow/.local/lib/python3.12/site-packages/airflow/example_dags/example_branch_labels.py for tasks to queue
[2025-01-13T23:37:30.391+0000] {logging_mixin.py:190} INFO - [2025-01-13T23:37:30.390+0000] {dagbag.py:588} INFO - Filling up the DagBag from /home/airflow/.local/lib/python3.12/site-packages/airflow/example_dags/example_branch_labels.py
[2025-01-13T23:37:30.407+0000] {processor.py:925} INFO - DAG(s) 'example_branch_labels' retrieved from /home/airflow/.local/lib/python3.12/site-packages/airflow/example_dags/example_branch_labels.py
[2025-01-13T23:37:30.440+0000] {logging_mixin.py:190} INFO - [2025-01-13T23:37:30.439+0000] {dag.py:3239} INFO - Sync 1 DAGs
[2025-01-13T23:37:30.472+0000] {logging_mixin.py:190} INFO - [2025-01-13T23:37:30.472+0000] {dag.py:4180} INFO - Setting next_dagrun for example_branch_labels to 2025-01-12 00:00:00+00:00, run_after=2025-01-13 00:00:00+00:00
[2025-01-13T23:37:30.508+0000] {processor.py:208} INFO - Processing /home/airflow/.local/lib/python3.12/site-packages/airflow/example_dags/example_branch_labels.py took 0.130 seconds
[2025-01-13T23:38:01.313+0000] {processor.py:186} INFO - Started process (PID=1636) to work on /home/airflow/.local/lib/python3.12/site-packages/airflow/example_dags/example_branch_labels.py
[2025-01-13T23:38:01.315+0000] {processor.py:914} INFO - Processing file /home/airflow/.local/lib/python3.12/site-packages/airflow/example_dags/example_branch_labels.py for tasks to queue
[2025-01-13T23:38:01.318+0000] {logging_mixin.py:190} INFO - [2025-01-13T23:38:01.317+0000] {dagbag.py:588} INFO - Filling up the DagBag from /home/airflow/.local/lib/python3.12/site-packages/airflow/example_dags/example_branch_labels.py
[2025-01-13T23:38:01.329+0000] {processor.py:925} INFO - DAG(s) 'example_branch_labels' retrieved from /home/airflow/.local/lib/python3.12/site-packages/airflow/example_dags/example_branch_labels.py
[2025-01-13T23:38:01.359+0000] {logging_mixin.py:190} INFO - [2025-01-13T23:38:01.358+0000] {dag.py:3239} INFO - Sync 1 DAGs
[2025-01-13T23:38:01.384+0000] {logging_mixin.py:190} INFO - [2025-01-13T23:38:01.384+0000] {dag.py:4180} INFO - Setting next_dagrun for example_branch_labels to 2025-01-12 00:00:00+00:00, run_after=2025-01-13 00:00:00+00:00
[2025-01-13T23:38:01.410+0000] {processor.py:208} INFO - Processing /home/airflow/.local/lib/python3.12/site-packages/airflow/example_dags/example_branch_labels.py took 0.104 seconds
[2025-01-13T23:38:32.329+0000] {processor.py:186} INFO - Started process (PID=1700) to work on /home/airflow/.local/lib/python3.12/site-packages/airflow/example_dags/example_branch_labels.py
[2025-01-13T23:38:32.330+0000] {processor.py:914} INFO - Processing file /home/airflow/.local/lib/python3.12/site-packages/airflow/example_dags/example_branch_labels.py for tasks to queue
[2025-01-13T23:38:32.331+0000] {logging_mixin.py:190} INFO - [2025-01-13T23:38:32.331+0000] {dagbag.py:588} INFO - Filling up the DagBag from /home/airflow/.local/lib/python3.12/site-packages/airflow/example_dags/example_branch_labels.py
[2025-01-13T23:38:32.338+0000] {processor.py:925} INFO - DAG(s) 'example_branch_labels' retrieved from /home/airflow/.local/lib/python3.12/site-packages/airflow/example_dags/example_branch_labels.py
[2025-01-13T23:38:32.356+0000] {logging_mixin.py:190} INFO - [2025-01-13T23:38:32.356+0000] {dag.py:3239} INFO - Sync 1 DAGs
[2025-01-13T23:38:32.373+0000] {logging_mixin.py:190} INFO - [2025-01-13T23:38:32.373+0000] {dag.py:4180} INFO - Setting next_dagrun for example_branch_labels to 2025-01-12 00:00:00+00:00, run_after=2025-01-13 00:00:00+00:00
[2025-01-13T23:38:32.389+0000] {processor.py:208} INFO - Processing /home/airflow/.local/lib/python3.12/site-packages/airflow/example_dags/example_branch_labels.py took 0.064 seconds
[2025-01-13T23:39:02.470+0000] {processor.py:186} INFO - Started process (PID=1764) to work on /home/airflow/.local/lib/python3.12/site-packages/airflow/example_dags/example_branch_labels.py
[2025-01-13T23:39:02.471+0000] {processor.py:914} INFO - Processing file /home/airflow/.local/lib/python3.12/site-packages/airflow/example_dags/example_branch_labels.py for tasks to queue
[2025-01-13T23:39:02.473+0000] {logging_mixin.py:190} INFO - [2025-01-13T23:39:02.472+0000] {dagbag.py:588} INFO - Filling up the DagBag from /home/airflow/.local/lib/python3.12/site-packages/airflow/example_dags/example_branch_labels.py
[2025-01-13T23:39:02.479+0000] {processor.py:925} INFO - DAG(s) 'example_branch_labels' retrieved from /home/airflow/.local/lib/python3.12/site-packages/airflow/example_dags/example_branch_labels.py
[2025-01-13T23:39:02.493+0000] {logging_mixin.py:190} INFO - [2025-01-13T23:39:02.493+0000] {dag.py:3239} INFO - Sync 1 DAGs
[2025-01-13T23:39:02.508+0000] {logging_mixin.py:190} INFO - [2025-01-13T23:39:02.507+0000] {dag.py:4180} INFO - Setting next_dagrun for example_branch_labels to 2025-01-12 00:00:00+00:00, run_after=2025-01-13 00:00:00+00:00
[2025-01-13T23:39:02.521+0000] {processor.py:208} INFO - Processing /home/airflow/.local/lib/python3.12/site-packages/airflow/example_dags/example_branch_labels.py took 0.055 seconds
[2025-01-13T23:39:32.940+0000] {processor.py:186} INFO - Started process (PID=1828) to work on /home/airflow/.local/lib/python3.12/site-packages/airflow/example_dags/example_branch_labels.py
[2025-01-13T23:39:32.942+0000] {processor.py:914} INFO - Processing file /home/airflow/.local/lib/python3.12/site-packages/airflow/example_dags/example_branch_labels.py for tasks to queue
[2025-01-13T23:39:32.944+0000] {logging_mixin.py:190} INFO - [2025-01-13T23:39:32.943+0000] {dagbag.py:588} INFO - Filling up the DagBag from /home/airflow/.local/lib/python3.12/site-packages/airflow/example_dags/example_branch_labels.py
[2025-01-13T23:39:32.950+0000] {processor.py:925} INFO - DAG(s) 'example_branch_labels' retrieved from /home/airflow/.local/lib/python3.12/site-packages/airflow/example_dags/example_branch_labels.py
[2025-01-13T23:39:32.965+0000] {logging_mixin.py:190} INFO - [2025-01-13T23:39:32.965+0000] {dag.py:3239} INFO - Sync 1 DAGs
[2025-01-13T23:39:32.981+0000] {logging_mixin.py:190} INFO - [2025-01-13T23:39:32.981+0000] {dag.py:4180} INFO - Setting next_dagrun for example_branch_labels to 2025-01-12 00:00:00+00:00, run_after=2025-01-13 00:00:00+00:00
[2025-01-13T23:39:32.994+0000] {processor.py:208} INFO - Processing /home/airflow/.local/lib/python3.12/site-packages/airflow/example_dags/example_branch_labels.py took 0.057 seconds
[2025-01-13T23:40:03.384+0000] {processor.py:186} INFO - Started process (PID=1892) to work on /home/airflow/.local/lib/python3.12/site-packages/airflow/example_dags/example_branch_labels.py
[2025-01-13T23:40:03.385+0000] {processor.py:914} INFO - Processing file /home/airflow/.local/lib/python3.12/site-packages/airflow/example_dags/example_branch_labels.py for tasks to queue
[2025-01-13T23:40:03.387+0000] {logging_mixin.py:190} INFO - [2025-01-13T23:40:03.387+0000] {dagbag.py:588} INFO - Filling up the DagBag from /home/airflow/.local/lib/python3.12/site-packages/airflow/example_dags/example_branch_labels.py
[2025-01-13T23:40:03.396+0000] {processor.py:925} INFO - DAG(s) 'example_branch_labels' retrieved from /home/airflow/.local/lib/python3.12/site-packages/airflow/example_dags/example_branch_labels.py
[2025-01-13T23:40:03.419+0000] {logging_mixin.py:190} INFO - [2025-01-13T23:40:03.419+0000] {dag.py:3239} INFO - Sync 1 DAGs
[2025-01-13T23:40:03.436+0000] {logging_mixin.py:190} INFO - [2025-01-13T23:40:03.435+0000] {dag.py:4180} INFO - Setting next_dagrun for example_branch_labels to 2025-01-12 00:00:00+00:00, run_after=2025-01-13 00:00:00+00:00
[2025-01-13T23:40:03.451+0000] {processor.py:208} INFO - Processing /home/airflow/.local/lib/python3.12/site-packages/airflow/example_dags/example_branch_labels.py took 0.072 seconds
[2025-01-13T23:40:33.696+0000] {processor.py:186} INFO - Started process (PID=1956) to work on /home/airflow/.local/lib/python3.12/site-packages/airflow/example_dags/example_branch_labels.py
[2025-01-13T23:40:33.697+0000] {processor.py:914} INFO - Processing file /home/airflow/.local/lib/python3.12/site-packages/airflow/example_dags/example_branch_labels.py for tasks to queue
[2025-01-13T23:40:33.700+0000] {logging_mixin.py:190} INFO - [2025-01-13T23:40:33.699+0000] {dagbag.py:588} INFO - Filling up the DagBag from /home/airflow/.local/lib/python3.12/site-packages/airflow/example_dags/example_branch_labels.py
[2025-01-13T23:40:33.708+0000] {processor.py:925} INFO - DAG(s) 'example_branch_labels' retrieved from /home/airflow/.local/lib/python3.12/site-packages/airflow/example_dags/example_branch_labels.py
[2025-01-13T23:40:33.724+0000] {logging_mixin.py:190} INFO - [2025-01-13T23:40:33.724+0000] {dag.py:3239} INFO - Sync 1 DAGs
[2025-01-13T23:40:33.740+0000] {logging_mixin.py:190} INFO - [2025-01-13T23:40:33.740+0000] {dag.py:4180} INFO - Setting next_dagrun for example_branch_labels to 2025-01-12 00:00:00+00:00, run_after=2025-01-13 00:00:00+00:00
[2025-01-13T23:40:33.754+0000] {processor.py:208} INFO - Processing /home/airflow/.local/lib/python3.12/site-packages/airflow/example_dags/example_branch_labels.py took 0.063 seconds
[2025-01-13T23:41:04.732+0000] {processor.py:186} INFO - Started process (PID=2020) to work on /home/airflow/.local/lib/python3.12/site-packages/airflow/example_dags/example_branch_labels.py
[2025-01-13T23:41:04.733+0000] {processor.py:914} INFO - Processing file /home/airflow/.local/lib/python3.12/site-packages/airflow/example_dags/example_branch_labels.py for tasks to queue
[2025-01-13T23:41:04.736+0000] {logging_mixin.py:190} INFO - [2025-01-13T23:41:04.735+0000] {dagbag.py:588} INFO - Filling up the DagBag from /home/airflow/.local/lib/python3.12/site-packages/airflow/example_dags/example_branch_labels.py
[2025-01-13T23:41:04.749+0000] {processor.py:925} INFO - DAG(s) 'example_branch_labels' retrieved from /home/airflow/.local/lib/python3.12/site-packages/airflow/example_dags/example_branch_labels.py
[2025-01-13T23:41:04.778+0000] {logging_mixin.py:190} INFO - [2025-01-13T23:41:04.777+0000] {dag.py:3239} INFO - Sync 1 DAGs
[2025-01-13T23:41:04.807+0000] {logging_mixin.py:190} INFO - [2025-01-13T23:41:04.806+0000] {dag.py:4180} INFO - Setting next_dagrun for example_branch_labels to 2025-01-12 00:00:00+00:00, run_after=2025-01-13 00:00:00+00:00
[2025-01-13T23:41:04.831+0000] {processor.py:208} INFO - Processing /home/airflow/.local/lib/python3.12/site-packages/airflow/example_dags/example_branch_labels.py took 0.106 seconds
[2025-01-13T23:41:35.223+0000] {processor.py:186} INFO - Started process (PID=2084) to work on /home/airflow/.local/lib/python3.12/site-packages/airflow/example_dags/example_branch_labels.py
[2025-01-13T23:41:35.224+0000] {processor.py:914} INFO - Processing file /home/airflow/.local/lib/python3.12/site-packages/airflow/example_dags/example_branch_labels.py for tasks to queue
[2025-01-13T23:41:35.228+0000] {logging_mixin.py:190} INFO - [2025-01-13T23:41:35.227+0000] {dagbag.py:588} INFO - Filling up the DagBag from /home/airflow/.local/lib/python3.12/site-packages/airflow/example_dags/example_branch_labels.py
[2025-01-13T23:41:35.236+0000] {processor.py:925} INFO - DAG(s) 'example_branch_labels' retrieved from /home/airflow/.local/lib/python3.12/site-packages/airflow/example_dags/example_branch_labels.py
[2025-01-13T23:41:35.260+0000] {logging_mixin.py:190} INFO - [2025-01-13T23:41:35.260+0000] {dag.py:3239} INFO - Sync 1 DAGs
[2025-01-13T23:41:35.286+0000] {logging_mixin.py:190} INFO - [2025-01-13T23:41:35.286+0000] {dag.py:4180} INFO - Setting next_dagrun for example_branch_labels to 2025-01-12 00:00:00+00:00, run_after=2025-01-13 00:00:00+00:00
[2025-01-13T23:41:35.306+0000] {processor.py:208} INFO - Processing /home/airflow/.local/lib/python3.12/site-packages/airflow/example_dags/example_branch_labels.py took 0.089 seconds
[2025-01-13T23:42:05.493+0000] {processor.py:186} INFO - Started process (PID=2148) to work on /home/airflow/.local/lib/python3.12/site-packages/airflow/example_dags/example_branch_labels.py
[2025-01-13T23:42:05.494+0000] {processor.py:914} INFO - Processing file /home/airflow/.local/lib/python3.12/site-packages/airflow/example_dags/example_branch_labels.py for tasks to queue
[2025-01-13T23:42:05.497+0000] {logging_mixin.py:190} INFO - [2025-01-13T23:42:05.496+0000] {dagbag.py:588} INFO - Filling up the DagBag from /home/airflow/.local/lib/python3.12/site-packages/airflow/example_dags/example_branch_labels.py
[2025-01-13T23:42:05.506+0000] {processor.py:925} INFO - DAG(s) 'example_branch_labels' retrieved from /home/airflow/.local/lib/python3.12/site-packages/airflow/example_dags/example_branch_labels.py
[2025-01-13T23:42:05.527+0000] {logging_mixin.py:190} INFO - [2025-01-13T23:42:05.527+0000] {dag.py:3239} INFO - Sync 1 DAGs
[2025-01-13T23:42:05.559+0000] {logging_mixin.py:190} INFO - [2025-01-13T23:42:05.559+0000] {dag.py:4180} INFO - Setting next_dagrun for example_branch_labels to 2025-01-12 00:00:00+00:00, run_after=2025-01-13 00:00:00+00:00
[2025-01-13T23:42:05.583+0000] {processor.py:208} INFO - Processing /home/airflow/.local/lib/python3.12/site-packages/airflow/example_dags/example_branch_labels.py took 0.097 seconds
[2025-01-13T23:42:36.050+0000] {processor.py:186} INFO - Started process (PID=2212) to work on /home/airflow/.local/lib/python3.12/site-packages/airflow/example_dags/example_branch_labels.py
[2025-01-13T23:42:36.051+0000] {processor.py:914} INFO - Processing file /home/airflow/.local/lib/python3.12/site-packages/airflow/example_dags/example_branch_labels.py for tasks to queue
[2025-01-13T23:42:36.053+0000] {logging_mixin.py:190} INFO - [2025-01-13T23:42:36.053+0000] {dagbag.py:588} INFO - Filling up the DagBag from /home/airflow/.local/lib/python3.12/site-packages/airflow/example_dags/example_branch_labels.py
[2025-01-13T23:42:36.061+0000] {processor.py:925} INFO - DAG(s) 'example_branch_labels' retrieved from /home/airflow/.local/lib/python3.12/site-packages/airflow/example_dags/example_branch_labels.py
[2025-01-13T23:42:36.076+0000] {logging_mixin.py:190} INFO - [2025-01-13T23:42:36.076+0000] {dag.py:3239} INFO - Sync 1 DAGs
[2025-01-13T23:42:36.090+0000] {logging_mixin.py:190} INFO - [2025-01-13T23:42:36.090+0000] {dag.py:4180} INFO - Setting next_dagrun for example_branch_labels to 2025-01-12 00:00:00+00:00, run_after=2025-01-13 00:00:00+00:00
[2025-01-13T23:42:36.103+0000] {processor.py:208} INFO - Processing /home/airflow/.local/lib/python3.12/site-packages/airflow/example_dags/example_branch_labels.py took 0.057 seconds
[2025-01-13T23:43:06.284+0000] {processor.py:186} INFO - Started process (PID=2275) to work on /home/airflow/.local/lib/python3.12/site-packages/airflow/example_dags/example_branch_labels.py
[2025-01-13T23:43:06.285+0000] {processor.py:914} INFO - Processing file /home/airflow/.local/lib/python3.12/site-packages/airflow/example_dags/example_branch_labels.py for tasks to queue
[2025-01-13T23:43:06.286+0000] {logging_mixin.py:190} INFO - [2025-01-13T23:43:06.286+0000] {dagbag.py:588} INFO - Filling up the DagBag from /home/airflow/.local/lib/python3.12/site-packages/airflow/example_dags/example_branch_labels.py
[2025-01-13T23:43:06.293+0000] {processor.py:925} INFO - DAG(s) 'example_branch_labels' retrieved from /home/airflow/.local/lib/python3.12/site-packages/airflow/example_dags/example_branch_labels.py
[2025-01-13T23:43:06.306+0000] {logging_mixin.py:190} INFO - [2025-01-13T23:43:06.306+0000] {dag.py:3239} INFO - Sync 1 DAGs
[2025-01-13T23:43:06.320+0000] {logging_mixin.py:190} INFO - [2025-01-13T23:43:06.320+0000] {dag.py:4180} INFO - Setting next_dagrun for example_branch_labels to 2025-01-12 00:00:00+00:00, run_after=2025-01-13 00:00:00+00:00
[2025-01-13T23:43:06.332+0000] {processor.py:208} INFO - Processing /home/airflow/.local/lib/python3.12/site-packages/airflow/example_dags/example_branch_labels.py took 0.053 seconds
[2025-01-13T23:43:37.234+0000] {processor.py:186} INFO - Started process (PID=2339) to work on /home/airflow/.local/lib/python3.12/site-packages/airflow/example_dags/example_branch_labels.py
[2025-01-13T23:43:37.235+0000] {processor.py:914} INFO - Processing file /home/airflow/.local/lib/python3.12/site-packages/airflow/example_dags/example_branch_labels.py for tasks to queue
[2025-01-13T23:43:37.237+0000] {logging_mixin.py:190} INFO - [2025-01-13T23:43:37.237+0000] {dagbag.py:588} INFO - Filling up the DagBag from /home/airflow/.local/lib/python3.12/site-packages/airflow/example_dags/example_branch_labels.py
[2025-01-13T23:43:37.247+0000] {processor.py:925} INFO - DAG(s) 'example_branch_labels' retrieved from /home/airflow/.local/lib/python3.12/site-packages/airflow/example_dags/example_branch_labels.py
[2025-01-13T23:43:37.265+0000] {logging_mixin.py:190} INFO - [2025-01-13T23:43:37.265+0000] {dag.py:3239} INFO - Sync 1 DAGs
[2025-01-13T23:43:37.282+0000] {logging_mixin.py:190} INFO - [2025-01-13T23:43:37.282+0000] {dag.py:4180} INFO - Setting next_dagrun for example_branch_labels to 2025-01-12 00:00:00+00:00, run_after=2025-01-13 00:00:00+00:00
[2025-01-13T23:43:37.299+0000] {processor.py:208} INFO - Processing /home/airflow/.local/lib/python3.12/site-packages/airflow/example_dags/example_branch_labels.py took 0.069 seconds
[2025-01-13T23:44:07.991+0000] {processor.py:186} INFO - Started process (PID=2403) to work on /home/airflow/.local/lib/python3.12/site-packages/airflow/example_dags/example_branch_labels.py
[2025-01-13T23:44:07.992+0000] {processor.py:914} INFO - Processing file /home/airflow/.local/lib/python3.12/site-packages/airflow/example_dags/example_branch_labels.py for tasks to queue
[2025-01-13T23:44:07.995+0000] {logging_mixin.py:190} INFO - [2025-01-13T23:44:07.994+0000] {dagbag.py:588} INFO - Filling up the DagBag from /home/airflow/.local/lib/python3.12/site-packages/airflow/example_dags/example_branch_labels.py
[2025-01-13T23:44:08.003+0000] {processor.py:925} INFO - DAG(s) 'example_branch_labels' retrieved from /home/airflow/.local/lib/python3.12/site-packages/airflow/example_dags/example_branch_labels.py
[2025-01-13T23:44:08.018+0000] {logging_mixin.py:190} INFO - [2025-01-13T23:44:08.018+0000] {dag.py:3239} INFO - Sync 1 DAGs
[2025-01-13T23:44:08.035+0000] {logging_mixin.py:190} INFO - [2025-01-13T23:44:08.035+0000] {dag.py:4180} INFO - Setting next_dagrun for example_branch_labels to 2025-01-12 00:00:00+00:00, run_after=2025-01-13 00:00:00+00:00
[2025-01-13T23:44:08.052+0000] {processor.py:208} INFO - Processing /home/airflow/.local/lib/python3.12/site-packages/airflow/example_dags/example_branch_labels.py took 0.065 seconds
[2025-01-13T23:44:38.251+0000] {processor.py:186} INFO - Started process (PID=2467) to work on /home/airflow/.local/lib/python3.12/site-packages/airflow/example_dags/example_branch_labels.py
[2025-01-13T23:44:38.252+0000] {processor.py:914} INFO - Processing file /home/airflow/.local/lib/python3.12/site-packages/airflow/example_dags/example_branch_labels.py for tasks to queue
[2025-01-13T23:44:38.254+0000] {logging_mixin.py:190} INFO - [2025-01-13T23:44:38.253+0000] {dagbag.py:588} INFO - Filling up the DagBag from /home/airflow/.local/lib/python3.12/site-packages/airflow/example_dags/example_branch_labels.py
[2025-01-13T23:44:38.262+0000] {processor.py:925} INFO - DAG(s) 'example_branch_labels' retrieved from /home/airflow/.local/lib/python3.12/site-packages/airflow/example_dags/example_branch_labels.py
[2025-01-13T23:44:38.279+0000] {logging_mixin.py:190} INFO - [2025-01-13T23:44:38.279+0000] {dag.py:3239} INFO - Sync 1 DAGs
[2025-01-13T23:44:38.301+0000] {logging_mixin.py:190} INFO - [2025-01-13T23:44:38.301+0000] {dag.py:4180} INFO - Setting next_dagrun for example_branch_labels to 2025-01-12 00:00:00+00:00, run_after=2025-01-13 00:00:00+00:00
[2025-01-13T23:44:38.317+0000] {processor.py:208} INFO - Processing /home/airflow/.local/lib/python3.12/site-packages/airflow/example_dags/example_branch_labels.py took 0.070 seconds
[2025-01-13T23:45:08.477+0000] {processor.py:186} INFO - Started process (PID=2530) to work on /home/airflow/.local/lib/python3.12/site-packages/airflow/example_dags/example_branch_labels.py
[2025-01-13T23:45:08.478+0000] {processor.py:914} INFO - Processing file /home/airflow/.local/lib/python3.12/site-packages/airflow/example_dags/example_branch_labels.py for tasks to queue
[2025-01-13T23:45:08.479+0000] {logging_mixin.py:190} INFO - [2025-01-13T23:45:08.479+0000] {dagbag.py:588} INFO - Filling up the DagBag from /home/airflow/.local/lib/python3.12/site-packages/airflow/example_dags/example_branch_labels.py
[2025-01-13T23:45:08.485+0000] {processor.py:925} INFO - DAG(s) 'example_branch_labels' retrieved from /home/airflow/.local/lib/python3.12/site-packages/airflow/example_dags/example_branch_labels.py
[2025-01-13T23:45:08.498+0000] {logging_mixin.py:190} INFO - [2025-01-13T23:45:08.498+0000] {dag.py:3239} INFO - Sync 1 DAGs
[2025-01-13T23:45:08.512+0000] {logging_mixin.py:190} INFO - [2025-01-13T23:45:08.512+0000] {dag.py:4180} INFO - Setting next_dagrun for example_branch_labels to 2025-01-12 00:00:00+00:00, run_after=2025-01-13 00:00:00+00:00
[2025-01-13T23:45:08.525+0000] {processor.py:208} INFO - Processing /home/airflow/.local/lib/python3.12/site-packages/airflow/example_dags/example_branch_labels.py took 0.052 seconds
[2025-01-13T23:45:38.760+0000] {processor.py:186} INFO - Started process (PID=2594) to work on /home/airflow/.local/lib/python3.12/site-packages/airflow/example_dags/example_branch_labels.py
[2025-01-13T23:45:38.761+0000] {processor.py:914} INFO - Processing file /home/airflow/.local/lib/python3.12/site-packages/airflow/example_dags/example_branch_labels.py for tasks to queue
[2025-01-13T23:45:38.763+0000] {logging_mixin.py:190} INFO - [2025-01-13T23:45:38.763+0000] {dagbag.py:588} INFO - Filling up the DagBag from /home/airflow/.local/lib/python3.12/site-packages/airflow/example_dags/example_branch_labels.py
[2025-01-13T23:45:38.769+0000] {processor.py:925} INFO - DAG(s) 'example_branch_labels' retrieved from /home/airflow/.local/lib/python3.12/site-packages/airflow/example_dags/example_branch_labels.py
[2025-01-13T23:45:38.785+0000] {logging_mixin.py:190} INFO - [2025-01-13T23:45:38.785+0000] {dag.py:3239} INFO - Sync 1 DAGs
[2025-01-13T23:45:38.801+0000] {logging_mixin.py:190} INFO - [2025-01-13T23:45:38.801+0000] {dag.py:4180} INFO - Setting next_dagrun for example_branch_labels to 2025-01-12 00:00:00+00:00, run_after=2025-01-13 00:00:00+00:00
[2025-01-13T23:45:38.815+0000] {processor.py:208} INFO - Processing /home/airflow/.local/lib/python3.12/site-packages/airflow/example_dags/example_branch_labels.py took 0.059 seconds
[2025-01-13T23:46:09.405+0000] {processor.py:186} INFO - Started process (PID=2658) to work on /home/airflow/.local/lib/python3.12/site-packages/airflow/example_dags/example_branch_labels.py
[2025-01-13T23:46:09.406+0000] {processor.py:914} INFO - Processing file /home/airflow/.local/lib/python3.12/site-packages/airflow/example_dags/example_branch_labels.py for tasks to queue
[2025-01-13T23:46:09.408+0000] {logging_mixin.py:190} INFO - [2025-01-13T23:46:09.408+0000] {dagbag.py:588} INFO - Filling up the DagBag from /home/airflow/.local/lib/python3.12/site-packages/airflow/example_dags/example_branch_labels.py
[2025-01-13T23:46:09.415+0000] {processor.py:925} INFO - DAG(s) 'example_branch_labels' retrieved from /home/airflow/.local/lib/python3.12/site-packages/airflow/example_dags/example_branch_labels.py
[2025-01-13T23:46:09.429+0000] {logging_mixin.py:190} INFO - [2025-01-13T23:46:09.429+0000] {dag.py:3239} INFO - Sync 1 DAGs
[2025-01-13T23:46:09.450+0000] {logging_mixin.py:190} INFO - [2025-01-13T23:46:09.449+0000] {dag.py:4180} INFO - Setting next_dagrun for example_branch_labels to 2025-01-12 00:00:00+00:00, run_after=2025-01-13 00:00:00+00:00
[2025-01-13T23:46:09.468+0000] {processor.py:208} INFO - Processing /home/airflow/.local/lib/python3.12/site-packages/airflow/example_dags/example_branch_labels.py took 0.067 seconds
[2025-01-13T23:46:39.810+0000] {processor.py:186} INFO - Started process (PID=2721) to work on /home/airflow/.local/lib/python3.12/site-packages/airflow/example_dags/example_branch_labels.py
[2025-01-13T23:46:39.811+0000] {processor.py:914} INFO - Processing file /home/airflow/.local/lib/python3.12/site-packages/airflow/example_dags/example_branch_labels.py for tasks to queue
[2025-01-13T23:46:39.813+0000] {logging_mixin.py:190} INFO - [2025-01-13T23:46:39.813+0000] {dagbag.py:588} INFO - Filling up the DagBag from /home/airflow/.local/lib/python3.12/site-packages/airflow/example_dags/example_branch_labels.py
[2025-01-13T23:46:39.820+0000] {processor.py:925} INFO - DAG(s) 'example_branch_labels' retrieved from /home/airflow/.local/lib/python3.12/site-packages/airflow/example_dags/example_branch_labels.py
[2025-01-13T23:46:39.834+0000] {logging_mixin.py:190} INFO - [2025-01-13T23:46:39.833+0000] {dag.py:3239} INFO - Sync 1 DAGs
[2025-01-13T23:46:39.849+0000] {logging_mixin.py:190} INFO - [2025-01-13T23:46:39.848+0000] {dag.py:4180} INFO - Setting next_dagrun for example_branch_labels to 2025-01-12 00:00:00+00:00, run_after=2025-01-13 00:00:00+00:00
[2025-01-13T23:46:39.860+0000] {processor.py:208} INFO - Processing /home/airflow/.local/lib/python3.12/site-packages/airflow/example_dags/example_branch_labels.py took 0.053 seconds
[2025-01-13T23:47:10.096+0000] {processor.py:186} INFO - Started process (PID=2785) to work on /home/airflow/.local/lib/python3.12/site-packages/airflow/example_dags/example_branch_labels.py
[2025-01-13T23:47:10.097+0000] {processor.py:914} INFO - Processing file /home/airflow/.local/lib/python3.12/site-packages/airflow/example_dags/example_branch_labels.py for tasks to queue
[2025-01-13T23:47:10.099+0000] {logging_mixin.py:190} INFO - [2025-01-13T23:47:10.098+0000] {dagbag.py:588} INFO - Filling up the DagBag from /home/airflow/.local/lib/python3.12/site-packages/airflow/example_dags/example_branch_labels.py
[2025-01-13T23:47:10.105+0000] {processor.py:925} INFO - DAG(s) 'example_branch_labels' retrieved from /home/airflow/.local/lib/python3.12/site-packages/airflow/example_dags/example_branch_labels.py
[2025-01-13T23:47:10.119+0000] {logging_mixin.py:190} INFO - [2025-01-13T23:47:10.119+0000] {dag.py:3239} INFO - Sync 1 DAGs
[2025-01-13T23:47:10.134+0000] {logging_mixin.py:190} INFO - [2025-01-13T23:47:10.134+0000] {dag.py:4180} INFO - Setting next_dagrun for example_branch_labels to 2025-01-12 00:00:00+00:00, run_after=2025-01-13 00:00:00+00:00
[2025-01-13T23:47:10.146+0000] {processor.py:208} INFO - Processing /home/airflow/.local/lib/python3.12/site-packages/airflow/example_dags/example_branch_labels.py took 0.054 seconds
[2025-01-13T23:47:40.947+0000] {processor.py:186} INFO - Started process (PID=2849) to work on /home/airflow/.local/lib/python3.12/site-packages/airflow/example_dags/example_branch_labels.py
[2025-01-13T23:47:40.948+0000] {processor.py:914} INFO - Processing file /home/airflow/.local/lib/python3.12/site-packages/airflow/example_dags/example_branch_labels.py for tasks to queue
[2025-01-13T23:47:40.950+0000] {logging_mixin.py:190} INFO - [2025-01-13T23:47:40.950+0000] {dagbag.py:588} INFO - Filling up the DagBag from /home/airflow/.local/lib/python3.12/site-packages/airflow/example_dags/example_branch_labels.py
[2025-01-13T23:47:40.958+0000] {processor.py:925} INFO - DAG(s) 'example_branch_labels' retrieved from /home/airflow/.local/lib/python3.12/site-packages/airflow/example_dags/example_branch_labels.py
[2025-01-13T23:47:40.976+0000] {logging_mixin.py:190} INFO - [2025-01-13T23:47:40.976+0000] {dag.py:3239} INFO - Sync 1 DAGs
[2025-01-13T23:47:40.995+0000] {logging_mixin.py:190} INFO - [2025-01-13T23:47:40.995+0000] {dag.py:4180} INFO - Setting next_dagrun for example_branch_labels to 2025-01-12 00:00:00+00:00, run_after=2025-01-13 00:00:00+00:00
[2025-01-13T23:47:41.013+0000] {processor.py:208} INFO - Processing /home/airflow/.local/lib/python3.12/site-packages/airflow/example_dags/example_branch_labels.py took 0.070 seconds
[2025-01-13T23:48:11.691+0000] {processor.py:186} INFO - Started process (PID=2913) to work on /home/airflow/.local/lib/python3.12/site-packages/airflow/example_dags/example_branch_labels.py
[2025-01-13T23:48:11.692+0000] {processor.py:914} INFO - Processing file /home/airflow/.local/lib/python3.12/site-packages/airflow/example_dags/example_branch_labels.py for tasks to queue
[2025-01-13T23:48:11.694+0000] {logging_mixin.py:190} INFO - [2025-01-13T23:48:11.694+0000] {dagbag.py:588} INFO - Filling up the DagBag from /home/airflow/.local/lib/python3.12/site-packages/airflow/example_dags/example_branch_labels.py
[2025-01-13T23:48:11.704+0000] {processor.py:925} INFO - DAG(s) 'example_branch_labels' retrieved from /home/airflow/.local/lib/python3.12/site-packages/airflow/example_dags/example_branch_labels.py
[2025-01-13T23:48:11.719+0000] {logging_mixin.py:190} INFO - [2025-01-13T23:48:11.719+0000] {dag.py:3239} INFO - Sync 1 DAGs
[2025-01-13T23:48:11.737+0000] {logging_mixin.py:190} INFO - [2025-01-13T23:48:11.737+0000] {dag.py:4180} INFO - Setting next_dagrun for example_branch_labels to 2025-01-12 00:00:00+00:00, run_after=2025-01-13 00:00:00+00:00
[2025-01-13T23:48:11.750+0000] {processor.py:208} INFO - Processing /home/airflow/.local/lib/python3.12/site-packages/airflow/example_dags/example_branch_labels.py took 0.064 seconds
[2025-01-13T23:48:42.670+0000] {processor.py:186} INFO - Started process (PID=2977) to work on /home/airflow/.local/lib/python3.12/site-packages/airflow/example_dags/example_branch_labels.py
[2025-01-13T23:48:42.671+0000] {processor.py:914} INFO - Processing file /home/airflow/.local/lib/python3.12/site-packages/airflow/example_dags/example_branch_labels.py for tasks to queue
[2025-01-13T23:48:42.675+0000] {logging_mixin.py:190} INFO - [2025-01-13T23:48:42.674+0000] {dagbag.py:588} INFO - Filling up the DagBag from /home/airflow/.local/lib/python3.12/site-packages/airflow/example_dags/example_branch_labels.py
[2025-01-13T23:48:42.686+0000] {processor.py:925} INFO - DAG(s) 'example_branch_labels' retrieved from /home/airflow/.local/lib/python3.12/site-packages/airflow/example_dags/example_branch_labels.py
[2025-01-13T23:48:42.709+0000] {logging_mixin.py:190} INFO - [2025-01-13T23:48:42.708+0000] {dag.py:3239} INFO - Sync 1 DAGs
[2025-01-13T23:48:42.730+0000] {logging_mixin.py:190} INFO - [2025-01-13T23:48:42.730+0000] {dag.py:4180} INFO - Setting next_dagrun for example_branch_labels to 2025-01-12 00:00:00+00:00, run_after=2025-01-13 00:00:00+00:00
[2025-01-13T23:48:42.749+0000] {processor.py:208} INFO - Processing /home/airflow/.local/lib/python3.12/site-packages/airflow/example_dags/example_branch_labels.py took 0.084 seconds
[2025-01-13T23:49:13.698+0000] {processor.py:186} INFO - Started process (PID=3041) to work on /home/airflow/.local/lib/python3.12/site-packages/airflow/example_dags/example_branch_labels.py
[2025-01-13T23:49:13.699+0000] {processor.py:914} INFO - Processing file /home/airflow/.local/lib/python3.12/site-packages/airflow/example_dags/example_branch_labels.py for tasks to queue
[2025-01-13T23:49:13.701+0000] {logging_mixin.py:190} INFO - [2025-01-13T23:49:13.701+0000] {dagbag.py:588} INFO - Filling up the DagBag from /home/airflow/.local/lib/python3.12/site-packages/airflow/example_dags/example_branch_labels.py
[2025-01-13T23:49:13.713+0000] {processor.py:925} INFO - DAG(s) 'example_branch_labels' retrieved from /home/airflow/.local/lib/python3.12/site-packages/airflow/example_dags/example_branch_labels.py
[2025-01-13T23:49:13.734+0000] {logging_mixin.py:190} INFO - [2025-01-13T23:49:13.734+0000] {dag.py:3239} INFO - Sync 1 DAGs
[2025-01-13T23:49:13.763+0000] {logging_mixin.py:190} INFO - [2025-01-13T23:49:13.763+0000] {dag.py:4180} INFO - Setting next_dagrun for example_branch_labels to 2025-01-12 00:00:00+00:00, run_after=2025-01-13 00:00:00+00:00
[2025-01-13T23:49:13.784+0000] {processor.py:208} INFO - Processing /home/airflow/.local/lib/python3.12/site-packages/airflow/example_dags/example_branch_labels.py took 0.090 seconds
[2025-01-13T23:49:44.760+0000] {processor.py:186} INFO - Started process (PID=3105) to work on /home/airflow/.local/lib/python3.12/site-packages/airflow/example_dags/example_branch_labels.py
[2025-01-13T23:49:44.761+0000] {processor.py:914} INFO - Processing file /home/airflow/.local/lib/python3.12/site-packages/airflow/example_dags/example_branch_labels.py for tasks to queue
[2025-01-13T23:49:44.764+0000] {logging_mixin.py:190} INFO - [2025-01-13T23:49:44.764+0000] {dagbag.py:588} INFO - Filling up the DagBag from /home/airflow/.local/lib/python3.12/site-packages/airflow/example_dags/example_branch_labels.py
[2025-01-13T23:49:44.772+0000] {processor.py:925} INFO - DAG(s) 'example_branch_labels' retrieved from /home/airflow/.local/lib/python3.12/site-packages/airflow/example_dags/example_branch_labels.py
[2025-01-13T23:49:44.791+0000] {logging_mixin.py:190} INFO - [2025-01-13T23:49:44.791+0000] {dag.py:3239} INFO - Sync 1 DAGs
[2025-01-13T23:49:44.948+0000] {logging_mixin.py:190} INFO - [2025-01-13T23:49:44.948+0000] {dag.py:4180} INFO - Setting next_dagrun for example_branch_labels to 2025-01-12 00:00:00+00:00, run_after=2025-01-13 00:00:00+00:00
[2025-01-13T23:49:44.964+0000] {processor.py:208} INFO - Processing /home/airflow/.local/lib/python3.12/site-packages/airflow/example_dags/example_branch_labels.py took 0.209 seconds
[2025-01-13T23:50:17.338+0000] {processor.py:186} INFO - Started process (PID=3169) to work on /home/airflow/.local/lib/python3.12/site-packages/airflow/example_dags/example_branch_labels.py
[2025-01-13T23:50:17.340+0000] {processor.py:914} INFO - Processing file /home/airflow/.local/lib/python3.12/site-packages/airflow/example_dags/example_branch_labels.py for tasks to queue
[2025-01-13T23:50:17.343+0000] {logging_mixin.py:190} INFO - [2025-01-13T23:50:17.343+0000] {dagbag.py:588} INFO - Filling up the DagBag from /home/airflow/.local/lib/python3.12/site-packages/airflow/example_dags/example_branch_labels.py
[2025-01-13T23:50:17.354+0000] {processor.py:925} INFO - DAG(s) 'example_branch_labels' retrieved from /home/airflow/.local/lib/python3.12/site-packages/airflow/example_dags/example_branch_labels.py
[2025-01-13T23:50:17.378+0000] {logging_mixin.py:190} INFO - [2025-01-13T23:50:17.378+0000] {dag.py:3239} INFO - Sync 1 DAGs
[2025-01-13T23:50:17.575+0000] {logging_mixin.py:190} INFO - [2025-01-13T23:50:17.574+0000] {dag.py:4180} INFO - Setting next_dagrun for example_branch_labels to 2025-01-12 00:00:00+00:00, run_after=2025-01-13 00:00:00+00:00
[2025-01-13T23:50:17.601+0000] {processor.py:208} INFO - Processing /home/airflow/.local/lib/python3.12/site-packages/airflow/example_dags/example_branch_labels.py took 0.268 seconds
[2025-01-13T23:50:47.971+0000] {processor.py:186} INFO - Started process (PID=3233) to work on /home/airflow/.local/lib/python3.12/site-packages/airflow/example_dags/example_branch_labels.py
[2025-01-13T23:50:47.972+0000] {processor.py:914} INFO - Processing file /home/airflow/.local/lib/python3.12/site-packages/airflow/example_dags/example_branch_labels.py for tasks to queue
[2025-01-13T23:50:47.975+0000] {logging_mixin.py:190} INFO - [2025-01-13T23:50:47.975+0000] {dagbag.py:588} INFO - Filling up the DagBag from /home/airflow/.local/lib/python3.12/site-packages/airflow/example_dags/example_branch_labels.py
[2025-01-13T23:50:47.985+0000] {processor.py:925} INFO - DAG(s) 'example_branch_labels' retrieved from /home/airflow/.local/lib/python3.12/site-packages/airflow/example_dags/example_branch_labels.py
[2025-01-13T23:50:48.008+0000] {logging_mixin.py:190} INFO - [2025-01-13T23:50:48.008+0000] {dag.py:3239} INFO - Sync 1 DAGs
[2025-01-13T23:50:48.034+0000] {logging_mixin.py:190} INFO - [2025-01-13T23:50:48.033+0000] {dag.py:4180} INFO - Setting next_dagrun for example_branch_labels to 2025-01-12 00:00:00+00:00, run_after=2025-01-13 00:00:00+00:00
[2025-01-13T23:50:48.056+0000] {processor.py:208} INFO - Processing /home/airflow/.local/lib/python3.12/site-packages/airflow/example_dags/example_branch_labels.py took 0.091 seconds
[2025-01-13T23:51:18.639+0000] {processor.py:186} INFO - Started process (PID=3297) to work on /home/airflow/.local/lib/python3.12/site-packages/airflow/example_dags/example_branch_labels.py
[2025-01-13T23:51:18.641+0000] {processor.py:914} INFO - Processing file /home/airflow/.local/lib/python3.12/site-packages/airflow/example_dags/example_branch_labels.py for tasks to queue
[2025-01-13T23:51:18.644+0000] {logging_mixin.py:190} INFO - [2025-01-13T23:51:18.643+0000] {dagbag.py:588} INFO - Filling up the DagBag from /home/airflow/.local/lib/python3.12/site-packages/airflow/example_dags/example_branch_labels.py
[2025-01-13T23:51:18.651+0000] {processor.py:925} INFO - DAG(s) 'example_branch_labels' retrieved from /home/airflow/.local/lib/python3.12/site-packages/airflow/example_dags/example_branch_labels.py
[2025-01-13T23:51:18.667+0000] {logging_mixin.py:190} INFO - [2025-01-13T23:51:18.667+0000] {dag.py:3239} INFO - Sync 1 DAGs
[2025-01-13T23:51:18.685+0000] {logging_mixin.py:190} INFO - [2025-01-13T23:51:18.684+0000] {dag.py:4180} INFO - Setting next_dagrun for example_branch_labels to 2025-01-12 00:00:00+00:00, run_after=2025-01-13 00:00:00+00:00
[2025-01-13T23:51:18.700+0000] {processor.py:208} INFO - Processing /home/airflow/.local/lib/python3.12/site-packages/airflow/example_dags/example_branch_labels.py took 0.065 seconds
[2025-01-13T23:51:48.962+0000] {processor.py:186} INFO - Started process (PID=3361) to work on /home/airflow/.local/lib/python3.12/site-packages/airflow/example_dags/example_branch_labels.py
[2025-01-13T23:51:48.963+0000] {processor.py:914} INFO - Processing file /home/airflow/.local/lib/python3.12/site-packages/airflow/example_dags/example_branch_labels.py for tasks to queue
[2025-01-13T23:51:48.965+0000] {logging_mixin.py:190} INFO - [2025-01-13T23:51:48.964+0000] {dagbag.py:588} INFO - Filling up the DagBag from /home/airflow/.local/lib/python3.12/site-packages/airflow/example_dags/example_branch_labels.py
[2025-01-13T23:51:48.971+0000] {processor.py:925} INFO - DAG(s) 'example_branch_labels' retrieved from /home/airflow/.local/lib/python3.12/site-packages/airflow/example_dags/example_branch_labels.py
[2025-01-13T23:51:48.985+0000] {logging_mixin.py:190} INFO - [2025-01-13T23:51:48.985+0000] {dag.py:3239} INFO - Sync 1 DAGs
[2025-01-13T23:51:49.001+0000] {logging_mixin.py:190} INFO - [2025-01-13T23:51:49.001+0000] {dag.py:4180} INFO - Setting next_dagrun for example_branch_labels to 2025-01-12 00:00:00+00:00, run_after=2025-01-13 00:00:00+00:00
[2025-01-13T23:51:49.018+0000] {processor.py:208} INFO - Processing /home/airflow/.local/lib/python3.12/site-packages/airflow/example_dags/example_branch_labels.py took 0.060 seconds
[2025-01-13T23:52:19.885+0000] {processor.py:186} INFO - Started process (PID=3431) to work on /home/airflow/.local/lib/python3.12/site-packages/airflow/example_dags/example_branch_labels.py
[2025-01-13T23:52:19.886+0000] {processor.py:914} INFO - Processing file /home/airflow/.local/lib/python3.12/site-packages/airflow/example_dags/example_branch_labels.py for tasks to queue
[2025-01-13T23:52:19.890+0000] {logging_mixin.py:190} INFO - [2025-01-13T23:52:19.890+0000] {dagbag.py:588} INFO - Filling up the DagBag from /home/airflow/.local/lib/python3.12/site-packages/airflow/example_dags/example_branch_labels.py
[2025-01-13T23:52:19.901+0000] {processor.py:925} INFO - DAG(s) 'example_branch_labels' retrieved from /home/airflow/.local/lib/python3.12/site-packages/airflow/example_dags/example_branch_labels.py
[2025-01-13T23:52:19.920+0000] {logging_mixin.py:190} INFO - [2025-01-13T23:52:19.920+0000] {dag.py:3239} INFO - Sync 1 DAGs
[2025-01-13T23:52:19.945+0000] {logging_mixin.py:190} INFO - [2025-01-13T23:52:19.944+0000] {dag.py:4180} INFO - Setting next_dagrun for example_branch_labels to 2025-01-12 00:00:00+00:00, run_after=2025-01-13 00:00:00+00:00
[2025-01-13T23:52:19.967+0000] {processor.py:208} INFO - Processing /home/airflow/.local/lib/python3.12/site-packages/airflow/example_dags/example_branch_labels.py took 0.087 seconds
[2025-01-13T23:52:50.227+0000] {processor.py:186} INFO - Started process (PID=3495) to work on /home/airflow/.local/lib/python3.12/site-packages/airflow/example_dags/example_branch_labels.py
[2025-01-13T23:52:50.229+0000] {processor.py:914} INFO - Processing file /home/airflow/.local/lib/python3.12/site-packages/airflow/example_dags/example_branch_labels.py for tasks to queue
[2025-01-13T23:52:50.231+0000] {logging_mixin.py:190} INFO - [2025-01-13T23:52:50.231+0000] {dagbag.py:588} INFO - Filling up the DagBag from /home/airflow/.local/lib/python3.12/site-packages/airflow/example_dags/example_branch_labels.py
[2025-01-13T23:52:50.238+0000] {processor.py:925} INFO - DAG(s) 'example_branch_labels' retrieved from /home/airflow/.local/lib/python3.12/site-packages/airflow/example_dags/example_branch_labels.py
[2025-01-13T23:52:50.255+0000] {logging_mixin.py:190} INFO - [2025-01-13T23:52:50.254+0000] {dag.py:3239} INFO - Sync 1 DAGs
[2025-01-13T23:52:50.270+0000] {logging_mixin.py:190} INFO - [2025-01-13T23:52:50.270+0000] {dag.py:4180} INFO - Setting next_dagrun for example_branch_labels to 2025-01-12 00:00:00+00:00, run_after=2025-01-13 00:00:00+00:00
[2025-01-13T23:52:50.284+0000] {processor.py:208} INFO - Processing /home/airflow/.local/lib/python3.12/site-packages/airflow/example_dags/example_branch_labels.py took 0.061 seconds
[2025-01-13T23:53:20.807+0000] {processor.py:186} INFO - Started process (PID=3559) to work on /home/airflow/.local/lib/python3.12/site-packages/airflow/example_dags/example_branch_labels.py
[2025-01-13T23:53:20.808+0000] {processor.py:914} INFO - Processing file /home/airflow/.local/lib/python3.12/site-packages/airflow/example_dags/example_branch_labels.py for tasks to queue
[2025-01-13T23:53:20.811+0000] {logging_mixin.py:190} INFO - [2025-01-13T23:53:20.811+0000] {dagbag.py:588} INFO - Filling up the DagBag from /home/airflow/.local/lib/python3.12/site-packages/airflow/example_dags/example_branch_labels.py
[2025-01-13T23:53:20.820+0000] {processor.py:925} INFO - DAG(s) 'example_branch_labels' retrieved from /home/airflow/.local/lib/python3.12/site-packages/airflow/example_dags/example_branch_labels.py
[2025-01-13T23:53:20.834+0000] {logging_mixin.py:190} INFO - [2025-01-13T23:53:20.834+0000] {dag.py:3239} INFO - Sync 1 DAGs
[2025-01-13T23:53:20.849+0000] {logging_mixin.py:190} INFO - [2025-01-13T23:53:20.849+0000] {dag.py:4180} INFO - Setting next_dagrun for example_branch_labels to 2025-01-12 00:00:00+00:00, run_after=2025-01-13 00:00:00+00:00
[2025-01-13T23:53:20.864+0000] {processor.py:208} INFO - Processing /home/airflow/.local/lib/python3.12/site-packages/airflow/example_dags/example_branch_labels.py took 0.062 seconds
[2025-01-13T23:53:51.469+0000] {processor.py:186} INFO - Started process (PID=3623) to work on /home/airflow/.local/lib/python3.12/site-packages/airflow/example_dags/example_branch_labels.py
[2025-01-13T23:53:51.470+0000] {processor.py:914} INFO - Processing file /home/airflow/.local/lib/python3.12/site-packages/airflow/example_dags/example_branch_labels.py for tasks to queue
[2025-01-13T23:53:51.472+0000] {logging_mixin.py:190} INFO - [2025-01-13T23:53:51.472+0000] {dagbag.py:588} INFO - Filling up the DagBag from /home/airflow/.local/lib/python3.12/site-packages/airflow/example_dags/example_branch_labels.py
[2025-01-13T23:53:51.480+0000] {processor.py:925} INFO - DAG(s) 'example_branch_labels' retrieved from /home/airflow/.local/lib/python3.12/site-packages/airflow/example_dags/example_branch_labels.py
[2025-01-13T23:53:51.498+0000] {logging_mixin.py:190} INFO - [2025-01-13T23:53:51.498+0000] {dag.py:3239} INFO - Sync 1 DAGs
[2025-01-13T23:53:51.519+0000] {logging_mixin.py:190} INFO - [2025-01-13T23:53:51.519+0000] {dag.py:4180} INFO - Setting next_dagrun for example_branch_labels to 2025-01-12 00:00:00+00:00, run_after=2025-01-13 00:00:00+00:00
[2025-01-13T23:53:51.538+0000] {processor.py:208} INFO - Processing /home/airflow/.local/lib/python3.12/site-packages/airflow/example_dags/example_branch_labels.py took 0.074 seconds
[2025-01-13T23:54:21.989+0000] {processor.py:186} INFO - Started process (PID=3687) to work on /home/airflow/.local/lib/python3.12/site-packages/airflow/example_dags/example_branch_labels.py
[2025-01-13T23:54:21.991+0000] {processor.py:914} INFO - Processing file /home/airflow/.local/lib/python3.12/site-packages/airflow/example_dags/example_branch_labels.py for tasks to queue
[2025-01-13T23:54:21.995+0000] {logging_mixin.py:190} INFO - [2025-01-13T23:54:21.994+0000] {dagbag.py:588} INFO - Filling up the DagBag from /home/airflow/.local/lib/python3.12/site-packages/airflow/example_dags/example_branch_labels.py
[2025-01-13T23:54:22.004+0000] {processor.py:925} INFO - DAG(s) 'example_branch_labels' retrieved from /home/airflow/.local/lib/python3.12/site-packages/airflow/example_dags/example_branch_labels.py
[2025-01-13T23:54:22.024+0000] {logging_mixin.py:190} INFO - [2025-01-13T23:54:22.024+0000] {dag.py:3239} INFO - Sync 1 DAGs
[2025-01-13T23:54:22.049+0000] {logging_mixin.py:190} INFO - [2025-01-13T23:54:22.048+0000] {dag.py:4180} INFO - Setting next_dagrun for example_branch_labels to 2025-01-12 00:00:00+00:00, run_after=2025-01-13 00:00:00+00:00
[2025-01-13T23:54:22.070+0000] {processor.py:208} INFO - Processing /home/airflow/.local/lib/python3.12/site-packages/airflow/example_dags/example_branch_labels.py took 0.088 seconds
[2025-01-13T23:54:52.434+0000] {processor.py:186} INFO - Started process (PID=3752) to work on /home/airflow/.local/lib/python3.12/site-packages/airflow/example_dags/example_branch_labels.py
[2025-01-13T23:54:52.436+0000] {processor.py:914} INFO - Processing file /home/airflow/.local/lib/python3.12/site-packages/airflow/example_dags/example_branch_labels.py for tasks to queue
[2025-01-13T23:54:52.439+0000] {logging_mixin.py:190} INFO - [2025-01-13T23:54:52.439+0000] {dagbag.py:588} INFO - Filling up the DagBag from /home/airflow/.local/lib/python3.12/site-packages/airflow/example_dags/example_branch_labels.py
[2025-01-13T23:54:52.447+0000] {processor.py:925} INFO - DAG(s) 'example_branch_labels' retrieved from /home/airflow/.local/lib/python3.12/site-packages/airflow/example_dags/example_branch_labels.py
[2025-01-13T23:54:52.474+0000] {logging_mixin.py:190} INFO - [2025-01-13T23:54:52.474+0000] {dag.py:3239} INFO - Sync 1 DAGs
[2025-01-13T23:54:52.504+0000] {logging_mixin.py:190} INFO - [2025-01-13T23:54:52.504+0000] {dag.py:4180} INFO - Setting next_dagrun for example_branch_labels to 2025-01-12 00:00:00+00:00, run_after=2025-01-13 00:00:00+00:00
[2025-01-13T23:54:52.531+0000] {processor.py:208} INFO - Processing /home/airflow/.local/lib/python3.12/site-packages/airflow/example_dags/example_branch_labels.py took 0.104 seconds
[2025-01-13T23:55:23.240+0000] {processor.py:186} INFO - Started process (PID=3815) to work on /home/airflow/.local/lib/python3.12/site-packages/airflow/example_dags/example_branch_labels.py
[2025-01-13T23:55:23.242+0000] {processor.py:914} INFO - Processing file /home/airflow/.local/lib/python3.12/site-packages/airflow/example_dags/example_branch_labels.py for tasks to queue
[2025-01-13T23:55:23.245+0000] {logging_mixin.py:190} INFO - [2025-01-13T23:55:23.245+0000] {dagbag.py:588} INFO - Filling up the DagBag from /home/airflow/.local/lib/python3.12/site-packages/airflow/example_dags/example_branch_labels.py
[2025-01-13T23:55:23.253+0000] {processor.py:925} INFO - DAG(s) 'example_branch_labels' retrieved from /home/airflow/.local/lib/python3.12/site-packages/airflow/example_dags/example_branch_labels.py
[2025-01-13T23:55:23.273+0000] {logging_mixin.py:190} INFO - [2025-01-13T23:55:23.272+0000] {dag.py:3239} INFO - Sync 1 DAGs
[2025-01-13T23:55:23.295+0000] {logging_mixin.py:190} INFO - [2025-01-13T23:55:23.295+0000] {dag.py:4180} INFO - Setting next_dagrun for example_branch_labels to 2025-01-12 00:00:00+00:00, run_after=2025-01-13 00:00:00+00:00
[2025-01-13T23:55:23.317+0000] {processor.py:208} INFO - Processing /home/airflow/.local/lib/python3.12/site-packages/airflow/example_dags/example_branch_labels.py took 0.082 seconds
[2025-01-13T23:55:54.336+0000] {processor.py:186} INFO - Started process (PID=3879) to work on /home/airflow/.local/lib/python3.12/site-packages/airflow/example_dags/example_branch_labels.py
[2025-01-13T23:55:54.337+0000] {processor.py:914} INFO - Processing file /home/airflow/.local/lib/python3.12/site-packages/airflow/example_dags/example_branch_labels.py for tasks to queue
[2025-01-13T23:55:54.341+0000] {logging_mixin.py:190} INFO - [2025-01-13T23:55:54.340+0000] {dagbag.py:588} INFO - Filling up the DagBag from /home/airflow/.local/lib/python3.12/site-packages/airflow/example_dags/example_branch_labels.py
[2025-01-13T23:55:54.349+0000] {processor.py:925} INFO - DAG(s) 'example_branch_labels' retrieved from /home/airflow/.local/lib/python3.12/site-packages/airflow/example_dags/example_branch_labels.py
[2025-01-13T23:55:54.372+0000] {logging_mixin.py:190} INFO - [2025-01-13T23:55:54.372+0000] {dag.py:3239} INFO - Sync 1 DAGs
[2025-01-13T23:55:54.395+0000] {logging_mixin.py:190} INFO - [2025-01-13T23:55:54.394+0000] {dag.py:4180} INFO - Setting next_dagrun for example_branch_labels to 2025-01-12 00:00:00+00:00, run_after=2025-01-13 00:00:00+00:00
[2025-01-13T23:55:54.418+0000] {processor.py:208} INFO - Processing /home/airflow/.local/lib/python3.12/site-packages/airflow/example_dags/example_branch_labels.py took 0.086 seconds
[2025-01-13T23:56:25.011+0000] {processor.py:186} INFO - Started process (PID=3943) to work on /home/airflow/.local/lib/python3.12/site-packages/airflow/example_dags/example_branch_labels.py
[2025-01-13T23:56:25.013+0000] {processor.py:914} INFO - Processing file /home/airflow/.local/lib/python3.12/site-packages/airflow/example_dags/example_branch_labels.py for tasks to queue
[2025-01-13T23:56:25.017+0000] {logging_mixin.py:190} INFO - [2025-01-13T23:56:25.016+0000] {dagbag.py:588} INFO - Filling up the DagBag from /home/airflow/.local/lib/python3.12/site-packages/airflow/example_dags/example_branch_labels.py
[2025-01-13T23:56:25.031+0000] {processor.py:925} INFO - DAG(s) 'example_branch_labels' retrieved from /home/airflow/.local/lib/python3.12/site-packages/airflow/example_dags/example_branch_labels.py
[2025-01-13T23:56:25.062+0000] {logging_mixin.py:190} INFO - [2025-01-13T23:56:25.061+0000] {dag.py:3239} INFO - Sync 1 DAGs
[2025-01-13T23:56:25.096+0000] {logging_mixin.py:190} INFO - [2025-01-13T23:56:25.096+0000] {dag.py:4180} INFO - Setting next_dagrun for example_branch_labels to 2025-01-12 00:00:00+00:00, run_after=2025-01-13 00:00:00+00:00
[2025-01-13T23:56:25.121+0000] {processor.py:208} INFO - Processing /home/airflow/.local/lib/python3.12/site-packages/airflow/example_dags/example_branch_labels.py took 0.117 seconds
[2025-01-13T23:56:55.783+0000] {processor.py:186} INFO - Started process (PID=4007) to work on /home/airflow/.local/lib/python3.12/site-packages/airflow/example_dags/example_branch_labels.py
[2025-01-13T23:56:55.784+0000] {processor.py:914} INFO - Processing file /home/airflow/.local/lib/python3.12/site-packages/airflow/example_dags/example_branch_labels.py for tasks to queue
[2025-01-13T23:56:55.788+0000] {logging_mixin.py:190} INFO - [2025-01-13T23:56:55.788+0000] {dagbag.py:588} INFO - Filling up the DagBag from /home/airflow/.local/lib/python3.12/site-packages/airflow/example_dags/example_branch_labels.py
[2025-01-13T23:56:55.801+0000] {processor.py:925} INFO - DAG(s) 'example_branch_labels' retrieved from /home/airflow/.local/lib/python3.12/site-packages/airflow/example_dags/example_branch_labels.py
[2025-01-13T23:56:55.825+0000] {logging_mixin.py:190} INFO - [2025-01-13T23:56:55.825+0000] {dag.py:3239} INFO - Sync 1 DAGs
[2025-01-13T23:56:55.853+0000] {logging_mixin.py:190} INFO - [2025-01-13T23:56:55.853+0000] {dag.py:4180} INFO - Setting next_dagrun for example_branch_labels to 2025-01-12 00:00:00+00:00, run_after=2025-01-13 00:00:00+00:00
[2025-01-13T23:56:55.880+0000] {processor.py:208} INFO - Processing /home/airflow/.local/lib/python3.12/site-packages/airflow/example_dags/example_branch_labels.py took 0.104 seconds
[2025-01-13T23:57:26.058+0000] {processor.py:186} INFO - Started process (PID=4071) to work on /home/airflow/.local/lib/python3.12/site-packages/airflow/example_dags/example_branch_labels.py
[2025-01-13T23:57:26.060+0000] {processor.py:914} INFO - Processing file /home/airflow/.local/lib/python3.12/site-packages/airflow/example_dags/example_branch_labels.py for tasks to queue
[2025-01-13T23:57:26.063+0000] {logging_mixin.py:190} INFO - [2025-01-13T23:57:26.063+0000] {dagbag.py:588} INFO - Filling up the DagBag from /home/airflow/.local/lib/python3.12/site-packages/airflow/example_dags/example_branch_labels.py
[2025-01-13T23:57:26.075+0000] {processor.py:925} INFO - DAG(s) 'example_branch_labels' retrieved from /home/airflow/.local/lib/python3.12/site-packages/airflow/example_dags/example_branch_labels.py
[2025-01-13T23:57:26.102+0000] {logging_mixin.py:190} INFO - [2025-01-13T23:57:26.102+0000] {dag.py:3239} INFO - Sync 1 DAGs
[2025-01-13T23:57:26.125+0000] {logging_mixin.py:190} INFO - [2025-01-13T23:57:26.125+0000] {dag.py:4180} INFO - Setting next_dagrun for example_branch_labels to 2025-01-12 00:00:00+00:00, run_after=2025-01-13 00:00:00+00:00
[2025-01-13T23:57:26.149+0000] {processor.py:208} INFO - Processing /home/airflow/.local/lib/python3.12/site-packages/airflow/example_dags/example_branch_labels.py took 0.097 seconds
[2025-01-13T23:57:56.657+0000] {processor.py:186} INFO - Started process (PID=4135) to work on /home/airflow/.local/lib/python3.12/site-packages/airflow/example_dags/example_branch_labels.py
[2025-01-13T23:57:56.659+0000] {processor.py:914} INFO - Processing file /home/airflow/.local/lib/python3.12/site-packages/airflow/example_dags/example_branch_labels.py for tasks to queue
[2025-01-13T23:57:56.661+0000] {logging_mixin.py:190} INFO - [2025-01-13T23:57:56.660+0000] {dagbag.py:588} INFO - Filling up the DagBag from /home/airflow/.local/lib/python3.12/site-packages/airflow/example_dags/example_branch_labels.py
[2025-01-13T23:57:56.668+0000] {processor.py:925} INFO - DAG(s) 'example_branch_labels' retrieved from /home/airflow/.local/lib/python3.12/site-packages/airflow/example_dags/example_branch_labels.py
[2025-01-13T23:57:56.691+0000] {logging_mixin.py:190} INFO - [2025-01-13T23:57:56.691+0000] {dag.py:3239} INFO - Sync 1 DAGs
[2025-01-13T23:57:56.710+0000] {logging_mixin.py:190} INFO - [2025-01-13T23:57:56.710+0000] {dag.py:4180} INFO - Setting next_dagrun for example_branch_labels to 2025-01-12 00:00:00+00:00, run_after=2025-01-13 00:00:00+00:00
[2025-01-13T23:57:56.726+0000] {processor.py:208} INFO - Processing /home/airflow/.local/lib/python3.12/site-packages/airflow/example_dags/example_branch_labels.py took 0.073 seconds
[2025-01-13T23:58:27.410+0000] {processor.py:186} INFO - Started process (PID=4198) to work on /home/airflow/.local/lib/python3.12/site-packages/airflow/example_dags/example_branch_labels.py
[2025-01-13T23:58:27.411+0000] {processor.py:914} INFO - Processing file /home/airflow/.local/lib/python3.12/site-packages/airflow/example_dags/example_branch_labels.py for tasks to queue
[2025-01-13T23:58:27.413+0000] {logging_mixin.py:190} INFO - [2025-01-13T23:58:27.413+0000] {dagbag.py:588} INFO - Filling up the DagBag from /home/airflow/.local/lib/python3.12/site-packages/airflow/example_dags/example_branch_labels.py
[2025-01-13T23:58:27.421+0000] {processor.py:925} INFO - DAG(s) 'example_branch_labels' retrieved from /home/airflow/.local/lib/python3.12/site-packages/airflow/example_dags/example_branch_labels.py
[2025-01-13T23:58:27.442+0000] {logging_mixin.py:190} INFO - [2025-01-13T23:58:27.442+0000] {dag.py:3239} INFO - Sync 1 DAGs
[2025-01-13T23:58:27.462+0000] {logging_mixin.py:190} INFO - [2025-01-13T23:58:27.462+0000] {dag.py:4180} INFO - Setting next_dagrun for example_branch_labels to 2025-01-12 00:00:00+00:00, run_after=2025-01-13 00:00:00+00:00
[2025-01-13T23:58:27.486+0000] {processor.py:208} INFO - Processing /home/airflow/.local/lib/python3.12/site-packages/airflow/example_dags/example_branch_labels.py took 0.080 seconds
[2025-01-13T23:58:57.667+0000] {processor.py:186} INFO - Started process (PID=4262) to work on /home/airflow/.local/lib/python3.12/site-packages/airflow/example_dags/example_branch_labels.py
[2025-01-13T23:58:57.668+0000] {processor.py:914} INFO - Processing file /home/airflow/.local/lib/python3.12/site-packages/airflow/example_dags/example_branch_labels.py for tasks to queue
[2025-01-13T23:58:57.671+0000] {logging_mixin.py:190} INFO - [2025-01-13T23:58:57.670+0000] {dagbag.py:588} INFO - Filling up the DagBag from /home/airflow/.local/lib/python3.12/site-packages/airflow/example_dags/example_branch_labels.py
[2025-01-13T23:58:57.679+0000] {processor.py:925} INFO - DAG(s) 'example_branch_labels' retrieved from /home/airflow/.local/lib/python3.12/site-packages/airflow/example_dags/example_branch_labels.py
[2025-01-13T23:58:57.700+0000] {logging_mixin.py:190} INFO - [2025-01-13T23:58:57.699+0000] {dag.py:3239} INFO - Sync 1 DAGs
[2025-01-13T23:58:57.722+0000] {logging_mixin.py:190} INFO - [2025-01-13T23:58:57.721+0000] {dag.py:4180} INFO - Setting next_dagrun for example_branch_labels to 2025-01-12 00:00:00+00:00, run_after=2025-01-13 00:00:00+00:00
[2025-01-13T23:58:57.741+0000] {processor.py:208} INFO - Processing /home/airflow/.local/lib/python3.12/site-packages/airflow/example_dags/example_branch_labels.py took 0.079 seconds
[2025-01-13T23:59:28.710+0000] {processor.py:186} INFO - Started process (PID=4326) to work on /home/airflow/.local/lib/python3.12/site-packages/airflow/example_dags/example_branch_labels.py
[2025-01-13T23:59:28.711+0000] {processor.py:914} INFO - Processing file /home/airflow/.local/lib/python3.12/site-packages/airflow/example_dags/example_branch_labels.py for tasks to queue
[2025-01-13T23:59:28.715+0000] {logging_mixin.py:190} INFO - [2025-01-13T23:59:28.714+0000] {dagbag.py:588} INFO - Filling up the DagBag from /home/airflow/.local/lib/python3.12/site-packages/airflow/example_dags/example_branch_labels.py
[2025-01-13T23:59:28.728+0000] {processor.py:925} INFO - DAG(s) 'example_branch_labels' retrieved from /home/airflow/.local/lib/python3.12/site-packages/airflow/example_dags/example_branch_labels.py
[2025-01-13T23:59:28.765+0000] {logging_mixin.py:190} INFO - [2025-01-13T23:59:28.765+0000] {dag.py:3239} INFO - Sync 1 DAGs
[2025-01-13T23:59:28.799+0000] {logging_mixin.py:190} INFO - [2025-01-13T23:59:28.799+0000] {dag.py:4180} INFO - Setting next_dagrun for example_branch_labels to 2025-01-12 00:00:00+00:00, run_after=2025-01-13 00:00:00+00:00
[2025-01-13T23:59:28.825+0000] {processor.py:208} INFO - Processing /home/airflow/.local/lib/python3.12/site-packages/airflow/example_dags/example_branch_labels.py took 0.123 seconds
[2025-01-13T23:59:59.976+0000] {processor.py:186} INFO - Started process (PID=4390) to work on /home/airflow/.local/lib/python3.12/site-packages/airflow/example_dags/example_branch_labels.py
[2025-01-13T23:59:59.978+0000] {processor.py:914} INFO - Processing file /home/airflow/.local/lib/python3.12/site-packages/airflow/example_dags/example_branch_labels.py for tasks to queue
[2025-01-13T23:59:59.981+0000] {logging_mixin.py:190} INFO - [2025-01-13T23:59:59.981+0000] {dagbag.py:588} INFO - Filling up the DagBag from /home/airflow/.local/lib/python3.12/site-packages/airflow/example_dags/example_branch_labels.py
[2025-01-13T23:59:59.992+0000] {processor.py:925} INFO - DAG(s) 'example_branch_labels' retrieved from /home/airflow/.local/lib/python3.12/site-packages/airflow/example_dags/example_branch_labels.py
[2025-01-14T00:00:00.019+0000] {logging_mixin.py:190} INFO - [2025-01-14T00:00:00.019+0000] {dag.py:3239} INFO - Sync 1 DAGs
[2025-01-14T00:00:00.042+0000] {logging_mixin.py:190} INFO - [2025-01-14T00:00:00.042+0000] {dag.py:4180} INFO - Setting next_dagrun for example_branch_labels to 2025-01-13 00:00:00+00:00, run_after=2025-01-14 00:00:00+00:00
[2025-01-14T00:00:00.064+0000] {processor.py:208} INFO - Processing /home/airflow/.local/lib/python3.12/site-packages/airflow/example_dags/example_branch_labels.py took 0.096 seconds
