[2025-01-13T23:25:44.447+0000] {processor.py:186} INFO - Started process (PID=75) to work on /home/airflow/.local/lib/python3.12/site-packages/airflow/example_dags/example_task_group.py
[2025-01-13T23:25:44.448+0000] {processor.py:914} INFO - Processing file /home/airflow/.local/lib/python3.12/site-packages/airflow/example_dags/example_task_group.py for tasks to queue
[2025-01-13T23:25:44.452+0000] {logging_mixin.py:190} INFO - [2025-01-13T23:25:44.451+0000] {dagbag.py:588} INFO - Filling up the DagBag from /home/airflow/.local/lib/python3.12/site-packages/airflow/example_dags/example_task_group.py
[2025-01-13T23:25:44.462+0000] {processor.py:925} INFO - DAG(s) 'example_task_group' retrieved from /home/airflow/.local/lib/python3.12/site-packages/airflow/example_dags/example_task_group.py
[2025-01-13T23:25:44.499+0000] {logging_mixin.py:190} INFO - [2025-01-13T23:25:44.498+0000] {dag.py:3239} INFO - Sync 1 DAGs
[2025-01-13T23:25:44.515+0000] {logging_mixin.py:190} INFO - [2025-01-13T23:25:44.515+0000] {dag.py:4180} INFO - Setting next_dagrun for example_task_group to None, run_after=None
[2025-01-13T23:25:44.539+0000] {processor.py:208} INFO - Processing /home/airflow/.local/lib/python3.12/site-packages/airflow/example_dags/example_task_group.py took 0.098 seconds
[2025-01-13T23:26:15.057+0000] {processor.py:186} INFO - Started process (PID=139) to work on /home/airflow/.local/lib/python3.12/site-packages/airflow/example_dags/example_task_group.py
[2025-01-13T23:26:15.058+0000] {processor.py:914} INFO - Processing file /home/airflow/.local/lib/python3.12/site-packages/airflow/example_dags/example_task_group.py for tasks to queue
[2025-01-13T23:26:15.060+0000] {logging_mixin.py:190} INFO - [2025-01-13T23:26:15.060+0000] {dagbag.py:588} INFO - Filling up the DagBag from /home/airflow/.local/lib/python3.12/site-packages/airflow/example_dags/example_task_group.py
[2025-01-13T23:26:15.067+0000] {processor.py:925} INFO - DAG(s) 'example_task_group' retrieved from /home/airflow/.local/lib/python3.12/site-packages/airflow/example_dags/example_task_group.py
[2025-01-13T23:26:15.086+0000] {logging_mixin.py:190} INFO - [2025-01-13T23:26:15.086+0000] {dag.py:3239} INFO - Sync 1 DAGs
[2025-01-13T23:26:15.098+0000] {logging_mixin.py:190} INFO - [2025-01-13T23:26:15.098+0000] {dag.py:4180} INFO - Setting next_dagrun for example_task_group to None, run_after=None
[2025-01-13T23:26:15.115+0000] {processor.py:208} INFO - Processing /home/airflow/.local/lib/python3.12/site-packages/airflow/example_dags/example_task_group.py took 0.062 seconds
[2025-01-13T23:26:46.072+0000] {processor.py:186} INFO - Started process (PID=203) to work on /home/airflow/.local/lib/python3.12/site-packages/airflow/example_dags/example_task_group.py
[2025-01-13T23:26:46.073+0000] {processor.py:914} INFO - Processing file /home/airflow/.local/lib/python3.12/site-packages/airflow/example_dags/example_task_group.py for tasks to queue
[2025-01-13T23:26:46.075+0000] {logging_mixin.py:190} INFO - [2025-01-13T23:26:46.075+0000] {dagbag.py:588} INFO - Filling up the DagBag from /home/airflow/.local/lib/python3.12/site-packages/airflow/example_dags/example_task_group.py
[2025-01-13T23:26:46.081+0000] {processor.py:925} INFO - DAG(s) 'example_task_group' retrieved from /home/airflow/.local/lib/python3.12/site-packages/airflow/example_dags/example_task_group.py
[2025-01-13T23:26:46.098+0000] {logging_mixin.py:190} INFO - [2025-01-13T23:26:46.098+0000] {dag.py:3239} INFO - Sync 1 DAGs
[2025-01-13T23:26:46.109+0000] {logging_mixin.py:190} INFO - [2025-01-13T23:26:46.109+0000] {dag.py:4180} INFO - Setting next_dagrun for example_task_group to None, run_after=None
[2025-01-13T23:26:46.125+0000] {processor.py:208} INFO - Processing /home/airflow/.local/lib/python3.12/site-packages/airflow/example_dags/example_task_group.py took 0.056 seconds
[2025-01-13T23:27:16.768+0000] {processor.py:186} INFO - Started process (PID=267) to work on /home/airflow/.local/lib/python3.12/site-packages/airflow/example_dags/example_task_group.py
[2025-01-13T23:27:16.770+0000] {processor.py:914} INFO - Processing file /home/airflow/.local/lib/python3.12/site-packages/airflow/example_dags/example_task_group.py for tasks to queue
[2025-01-13T23:27:16.772+0000] {logging_mixin.py:190} INFO - [2025-01-13T23:27:16.772+0000] {dagbag.py:588} INFO - Filling up the DagBag from /home/airflow/.local/lib/python3.12/site-packages/airflow/example_dags/example_task_group.py
[2025-01-13T23:27:16.779+0000] {processor.py:925} INFO - DAG(s) 'example_task_group' retrieved from /home/airflow/.local/lib/python3.12/site-packages/airflow/example_dags/example_task_group.py
[2025-01-13T23:27:16.798+0000] {logging_mixin.py:190} INFO - [2025-01-13T23:27:16.798+0000] {dag.py:3239} INFO - Sync 1 DAGs
[2025-01-13T23:27:16.809+0000] {logging_mixin.py:190} INFO - [2025-01-13T23:27:16.809+0000] {dag.py:4180} INFO - Setting next_dagrun for example_task_group to None, run_after=None
[2025-01-13T23:27:16.827+0000] {processor.py:208} INFO - Processing /home/airflow/.local/lib/python3.12/site-packages/airflow/example_dags/example_task_group.py took 0.063 seconds
[2025-01-13T23:27:47.469+0000] {processor.py:186} INFO - Started process (PID=337) to work on /home/airflow/.local/lib/python3.12/site-packages/airflow/example_dags/example_task_group.py
[2025-01-13T23:27:47.470+0000] {processor.py:914} INFO - Processing file /home/airflow/.local/lib/python3.12/site-packages/airflow/example_dags/example_task_group.py for tasks to queue
[2025-01-13T23:27:47.472+0000] {logging_mixin.py:190} INFO - [2025-01-13T23:27:47.472+0000] {dagbag.py:588} INFO - Filling up the DagBag from /home/airflow/.local/lib/python3.12/site-packages/airflow/example_dags/example_task_group.py
[2025-01-13T23:27:47.483+0000] {processor.py:925} INFO - DAG(s) 'example_task_group' retrieved from /home/airflow/.local/lib/python3.12/site-packages/airflow/example_dags/example_task_group.py
[2025-01-13T23:27:47.508+0000] {logging_mixin.py:190} INFO - [2025-01-13T23:27:47.508+0000] {dag.py:3239} INFO - Sync 1 DAGs
[2025-01-13T23:27:47.523+0000] {logging_mixin.py:190} INFO - [2025-01-13T23:27:47.523+0000] {dag.py:4180} INFO - Setting next_dagrun for example_task_group to None, run_after=None
[2025-01-13T23:27:47.547+0000] {processor.py:208} INFO - Processing /home/airflow/.local/lib/python3.12/site-packages/airflow/example_dags/example_task_group.py took 0.082 seconds
[2025-01-13T23:28:17.727+0000] {processor.py:186} INFO - Started process (PID=399) to work on /home/airflow/.local/lib/python3.12/site-packages/airflow/example_dags/example_task_group.py
[2025-01-13T23:28:17.728+0000] {processor.py:914} INFO - Processing file /home/airflow/.local/lib/python3.12/site-packages/airflow/example_dags/example_task_group.py for tasks to queue
[2025-01-13T23:28:17.731+0000] {logging_mixin.py:190} INFO - [2025-01-13T23:28:17.731+0000] {dagbag.py:588} INFO - Filling up the DagBag from /home/airflow/.local/lib/python3.12/site-packages/airflow/example_dags/example_task_group.py
[2025-01-13T23:28:17.739+0000] {processor.py:925} INFO - DAG(s) 'example_task_group' retrieved from /home/airflow/.local/lib/python3.12/site-packages/airflow/example_dags/example_task_group.py
[2025-01-13T23:28:17.759+0000] {logging_mixin.py:190} INFO - [2025-01-13T23:28:17.759+0000] {dag.py:3239} INFO - Sync 1 DAGs
[2025-01-13T23:28:17.770+0000] {logging_mixin.py:190} INFO - [2025-01-13T23:28:17.770+0000] {dag.py:4180} INFO - Setting next_dagrun for example_task_group to None, run_after=None
[2025-01-13T23:28:17.795+0000] {processor.py:208} INFO - Processing /home/airflow/.local/lib/python3.12/site-packages/airflow/example_dags/example_task_group.py took 0.071 seconds
[2025-01-13T23:28:47.910+0000] {processor.py:186} INFO - Started process (PID=463) to work on /home/airflow/.local/lib/python3.12/site-packages/airflow/example_dags/example_task_group.py
[2025-01-13T23:28:47.911+0000] {processor.py:914} INFO - Processing file /home/airflow/.local/lib/python3.12/site-packages/airflow/example_dags/example_task_group.py for tasks to queue
[2025-01-13T23:28:47.913+0000] {logging_mixin.py:190} INFO - [2025-01-13T23:28:47.913+0000] {dagbag.py:588} INFO - Filling up the DagBag from /home/airflow/.local/lib/python3.12/site-packages/airflow/example_dags/example_task_group.py
[2025-01-13T23:28:47.920+0000] {processor.py:925} INFO - DAG(s) 'example_task_group' retrieved from /home/airflow/.local/lib/python3.12/site-packages/airflow/example_dags/example_task_group.py
[2025-01-13T23:28:47.948+0000] {logging_mixin.py:190} INFO - [2025-01-13T23:28:47.948+0000] {dag.py:3239} INFO - Sync 1 DAGs
[2025-01-13T23:28:47.958+0000] {logging_mixin.py:190} INFO - [2025-01-13T23:28:47.958+0000] {dag.py:4180} INFO - Setting next_dagrun for example_task_group to None, run_after=None
[2025-01-13T23:28:47.977+0000] {processor.py:208} INFO - Processing /home/airflow/.local/lib/python3.12/site-packages/airflow/example_dags/example_task_group.py took 0.071 seconds
[2025-01-13T23:29:18.458+0000] {processor.py:186} INFO - Started process (PID=526) to work on /home/airflow/.local/lib/python3.12/site-packages/airflow/example_dags/example_task_group.py
[2025-01-13T23:29:18.459+0000] {processor.py:914} INFO - Processing file /home/airflow/.local/lib/python3.12/site-packages/airflow/example_dags/example_task_group.py for tasks to queue
[2025-01-13T23:29:18.461+0000] {logging_mixin.py:190} INFO - [2025-01-13T23:29:18.461+0000] {dagbag.py:588} INFO - Filling up the DagBag from /home/airflow/.local/lib/python3.12/site-packages/airflow/example_dags/example_task_group.py
[2025-01-13T23:29:18.467+0000] {processor.py:925} INFO - DAG(s) 'example_task_group' retrieved from /home/airflow/.local/lib/python3.12/site-packages/airflow/example_dags/example_task_group.py
[2025-01-13T23:29:18.485+0000] {logging_mixin.py:190} INFO - [2025-01-13T23:29:18.484+0000] {dag.py:3239} INFO - Sync 1 DAGs
[2025-01-13T23:29:18.497+0000] {logging_mixin.py:190} INFO - [2025-01-13T23:29:18.496+0000] {dag.py:4180} INFO - Setting next_dagrun for example_task_group to None, run_after=None
[2025-01-13T23:29:18.515+0000] {processor.py:208} INFO - Processing /home/airflow/.local/lib/python3.12/site-packages/airflow/example_dags/example_task_group.py took 0.060 seconds
[2025-01-13T23:29:48.962+0000] {processor.py:186} INFO - Started process (PID=590) to work on /home/airflow/.local/lib/python3.12/site-packages/airflow/example_dags/example_task_group.py
[2025-01-13T23:29:48.963+0000] {processor.py:914} INFO - Processing file /home/airflow/.local/lib/python3.12/site-packages/airflow/example_dags/example_task_group.py for tasks to queue
[2025-01-13T23:29:48.966+0000] {logging_mixin.py:190} INFO - [2025-01-13T23:29:48.965+0000] {dagbag.py:588} INFO - Filling up the DagBag from /home/airflow/.local/lib/python3.12/site-packages/airflow/example_dags/example_task_group.py
[2025-01-13T23:29:48.973+0000] {processor.py:925} INFO - DAG(s) 'example_task_group' retrieved from /home/airflow/.local/lib/python3.12/site-packages/airflow/example_dags/example_task_group.py
[2025-01-13T23:29:48.990+0000] {logging_mixin.py:190} INFO - [2025-01-13T23:29:48.990+0000] {dag.py:3239} INFO - Sync 1 DAGs
[2025-01-13T23:29:49.001+0000] {logging_mixin.py:190} INFO - [2025-01-13T23:29:49.001+0000] {dag.py:4180} INFO - Setting next_dagrun for example_task_group to None, run_after=None
[2025-01-13T23:29:49.019+0000] {processor.py:208} INFO - Processing /home/airflow/.local/lib/python3.12/site-packages/airflow/example_dags/example_task_group.py took 0.061 seconds
[2025-01-13T23:30:19.282+0000] {processor.py:186} INFO - Started process (PID=654) to work on /home/airflow/.local/lib/python3.12/site-packages/airflow/example_dags/example_task_group.py
[2025-01-13T23:30:19.283+0000] {processor.py:914} INFO - Processing file /home/airflow/.local/lib/python3.12/site-packages/airflow/example_dags/example_task_group.py for tasks to queue
[2025-01-13T23:30:19.285+0000] {logging_mixin.py:190} INFO - [2025-01-13T23:30:19.284+0000] {dagbag.py:588} INFO - Filling up the DagBag from /home/airflow/.local/lib/python3.12/site-packages/airflow/example_dags/example_task_group.py
[2025-01-13T23:30:19.290+0000] {processor.py:925} INFO - DAG(s) 'example_task_group' retrieved from /home/airflow/.local/lib/python3.12/site-packages/airflow/example_dags/example_task_group.py
[2025-01-13T23:30:19.305+0000] {logging_mixin.py:190} INFO - [2025-01-13T23:30:19.305+0000] {dag.py:3239} INFO - Sync 1 DAGs
[2025-01-13T23:30:19.315+0000] {logging_mixin.py:190} INFO - [2025-01-13T23:30:19.315+0000] {dag.py:4180} INFO - Setting next_dagrun for example_task_group to None, run_after=None
[2025-01-13T23:30:19.351+0000] {processor.py:208} INFO - Processing /home/airflow/.local/lib/python3.12/site-packages/airflow/example_dags/example_task_group.py took 0.073 seconds
[2025-01-13T23:30:50.181+0000] {processor.py:186} INFO - Started process (PID=718) to work on /home/airflow/.local/lib/python3.12/site-packages/airflow/example_dags/example_task_group.py
[2025-01-13T23:30:50.182+0000] {processor.py:914} INFO - Processing file /home/airflow/.local/lib/python3.12/site-packages/airflow/example_dags/example_task_group.py for tasks to queue
[2025-01-13T23:30:50.184+0000] {logging_mixin.py:190} INFO - [2025-01-13T23:30:50.183+0000] {dagbag.py:588} INFO - Filling up the DagBag from /home/airflow/.local/lib/python3.12/site-packages/airflow/example_dags/example_task_group.py
[2025-01-13T23:30:50.195+0000] {processor.py:925} INFO - DAG(s) 'example_task_group' retrieved from /home/airflow/.local/lib/python3.12/site-packages/airflow/example_dags/example_task_group.py
[2025-01-13T23:30:50.225+0000] {logging_mixin.py:190} INFO - [2025-01-13T23:30:50.225+0000] {dag.py:3239} INFO - Sync 1 DAGs
[2025-01-13T23:30:50.237+0000] {logging_mixin.py:190} INFO - [2025-01-13T23:30:50.237+0000] {dag.py:4180} INFO - Setting next_dagrun for example_task_group to None, run_after=None
[2025-01-13T23:30:50.267+0000] {processor.py:208} INFO - Processing /home/airflow/.local/lib/python3.12/site-packages/airflow/example_dags/example_task_group.py took 0.090 seconds
[2025-01-13T23:31:20.652+0000] {processor.py:186} INFO - Started process (PID=782) to work on /home/airflow/.local/lib/python3.12/site-packages/airflow/example_dags/example_task_group.py
[2025-01-13T23:31:20.653+0000] {processor.py:914} INFO - Processing file /home/airflow/.local/lib/python3.12/site-packages/airflow/example_dags/example_task_group.py for tasks to queue
[2025-01-13T23:31:20.655+0000] {logging_mixin.py:190} INFO - [2025-01-13T23:31:20.655+0000] {dagbag.py:588} INFO - Filling up the DagBag from /home/airflow/.local/lib/python3.12/site-packages/airflow/example_dags/example_task_group.py
[2025-01-13T23:31:20.662+0000] {processor.py:925} INFO - DAG(s) 'example_task_group' retrieved from /home/airflow/.local/lib/python3.12/site-packages/airflow/example_dags/example_task_group.py
[2025-01-13T23:31:20.679+0000] {logging_mixin.py:190} INFO - [2025-01-13T23:31:20.679+0000] {dag.py:3239} INFO - Sync 1 DAGs
[2025-01-13T23:31:20.691+0000] {logging_mixin.py:190} INFO - [2025-01-13T23:31:20.691+0000] {dag.py:4180} INFO - Setting next_dagrun for example_task_group to None, run_after=None
[2025-01-13T23:31:20.723+0000] {processor.py:208} INFO - Processing /home/airflow/.local/lib/python3.12/site-packages/airflow/example_dags/example_task_group.py took 0.074 seconds
[2025-01-13T23:31:51.071+0000] {processor.py:186} INFO - Started process (PID=845) to work on /home/airflow/.local/lib/python3.12/site-packages/airflow/example_dags/example_task_group.py
[2025-01-13T23:31:51.071+0000] {processor.py:914} INFO - Processing file /home/airflow/.local/lib/python3.12/site-packages/airflow/example_dags/example_task_group.py for tasks to queue
[2025-01-13T23:31:51.073+0000] {logging_mixin.py:190} INFO - [2025-01-13T23:31:51.073+0000] {dagbag.py:588} INFO - Filling up the DagBag from /home/airflow/.local/lib/python3.12/site-packages/airflow/example_dags/example_task_group.py
[2025-01-13T23:31:51.079+0000] {processor.py:925} INFO - DAG(s) 'example_task_group' retrieved from /home/airflow/.local/lib/python3.12/site-packages/airflow/example_dags/example_task_group.py
[2025-01-13T23:31:51.097+0000] {logging_mixin.py:190} INFO - [2025-01-13T23:31:51.097+0000] {dag.py:3239} INFO - Sync 1 DAGs
[2025-01-13T23:31:51.106+0000] {logging_mixin.py:190} INFO - [2025-01-13T23:31:51.106+0000] {dag.py:4180} INFO - Setting next_dagrun for example_task_group to None, run_after=None
[2025-01-13T23:31:51.134+0000] {processor.py:208} INFO - Processing /home/airflow/.local/lib/python3.12/site-packages/airflow/example_dags/example_task_group.py took 0.067 seconds
[2025-01-13T23:32:22.084+0000] {processor.py:186} INFO - Started process (PID=909) to work on /home/airflow/.local/lib/python3.12/site-packages/airflow/example_dags/example_task_group.py
[2025-01-13T23:32:22.092+0000] {processor.py:914} INFO - Processing file /home/airflow/.local/lib/python3.12/site-packages/airflow/example_dags/example_task_group.py for tasks to queue
[2025-01-13T23:32:22.095+0000] {logging_mixin.py:190} INFO - [2025-01-13T23:32:22.095+0000] {dagbag.py:588} INFO - Filling up the DagBag from /home/airflow/.local/lib/python3.12/site-packages/airflow/example_dags/example_task_group.py
[2025-01-13T23:32:22.103+0000] {processor.py:925} INFO - DAG(s) 'example_task_group' retrieved from /home/airflow/.local/lib/python3.12/site-packages/airflow/example_dags/example_task_group.py
[2025-01-13T23:32:22.120+0000] {logging_mixin.py:190} INFO - [2025-01-13T23:32:22.120+0000] {dag.py:3239} INFO - Sync 1 DAGs
[2025-01-13T23:32:22.131+0000] {logging_mixin.py:190} INFO - [2025-01-13T23:32:22.131+0000] {dag.py:4180} INFO - Setting next_dagrun for example_task_group to None, run_after=None
[2025-01-13T23:32:22.162+0000] {processor.py:208} INFO - Processing /home/airflow/.local/lib/python3.12/site-packages/airflow/example_dags/example_task_group.py took 0.082 seconds
[2025-01-13T23:32:52.577+0000] {processor.py:186} INFO - Started process (PID=973) to work on /home/airflow/.local/lib/python3.12/site-packages/airflow/example_dags/example_task_group.py
[2025-01-13T23:32:52.578+0000] {processor.py:914} INFO - Processing file /home/airflow/.local/lib/python3.12/site-packages/airflow/example_dags/example_task_group.py for tasks to queue
[2025-01-13T23:32:52.579+0000] {logging_mixin.py:190} INFO - [2025-01-13T23:32:52.579+0000] {dagbag.py:588} INFO - Filling up the DagBag from /home/airflow/.local/lib/python3.12/site-packages/airflow/example_dags/example_task_group.py
[2025-01-13T23:32:52.585+0000] {processor.py:925} INFO - DAG(s) 'example_task_group' retrieved from /home/airflow/.local/lib/python3.12/site-packages/airflow/example_dags/example_task_group.py
[2025-01-13T23:32:52.601+0000] {logging_mixin.py:190} INFO - [2025-01-13T23:32:52.601+0000] {dag.py:3239} INFO - Sync 1 DAGs
[2025-01-13T23:32:52.619+0000] {logging_mixin.py:190} INFO - [2025-01-13T23:32:52.619+0000] {dag.py:4180} INFO - Setting next_dagrun for example_task_group to None, run_after=None
[2025-01-13T23:32:52.648+0000] {processor.py:208} INFO - Processing /home/airflow/.local/lib/python3.12/site-packages/airflow/example_dags/example_task_group.py took 0.075 seconds
[2025-01-13T23:33:22.878+0000] {processor.py:186} INFO - Started process (PID=1037) to work on /home/airflow/.local/lib/python3.12/site-packages/airflow/example_dags/example_task_group.py
[2025-01-13T23:33:22.880+0000] {processor.py:914} INFO - Processing file /home/airflow/.local/lib/python3.12/site-packages/airflow/example_dags/example_task_group.py for tasks to queue
[2025-01-13T23:33:22.882+0000] {logging_mixin.py:190} INFO - [2025-01-13T23:33:22.881+0000] {dagbag.py:588} INFO - Filling up the DagBag from /home/airflow/.local/lib/python3.12/site-packages/airflow/example_dags/example_task_group.py
[2025-01-13T23:33:22.893+0000] {processor.py:925} INFO - DAG(s) 'example_task_group' retrieved from /home/airflow/.local/lib/python3.12/site-packages/airflow/example_dags/example_task_group.py
[2025-01-13T23:33:22.915+0000] {logging_mixin.py:190} INFO - [2025-01-13T23:33:22.915+0000] {dag.py:3239} INFO - Sync 1 DAGs
[2025-01-13T23:33:22.925+0000] {logging_mixin.py:190} INFO - [2025-01-13T23:33:22.925+0000] {dag.py:4180} INFO - Setting next_dagrun for example_task_group to None, run_after=None
[2025-01-13T23:33:22.944+0000] {processor.py:208} INFO - Processing /home/airflow/.local/lib/python3.12/site-packages/airflow/example_dags/example_task_group.py took 0.069 seconds
[2025-01-13T23:33:53.054+0000] {processor.py:186} INFO - Started process (PID=1101) to work on /home/airflow/.local/lib/python3.12/site-packages/airflow/example_dags/example_task_group.py
[2025-01-13T23:33:53.056+0000] {processor.py:914} INFO - Processing file /home/airflow/.local/lib/python3.12/site-packages/airflow/example_dags/example_task_group.py for tasks to queue
[2025-01-13T23:33:53.058+0000] {logging_mixin.py:190} INFO - [2025-01-13T23:33:53.057+0000] {dagbag.py:588} INFO - Filling up the DagBag from /home/airflow/.local/lib/python3.12/site-packages/airflow/example_dags/example_task_group.py
[2025-01-13T23:33:53.064+0000] {processor.py:925} INFO - DAG(s) 'example_task_group' retrieved from /home/airflow/.local/lib/python3.12/site-packages/airflow/example_dags/example_task_group.py
[2025-01-13T23:33:53.083+0000] {logging_mixin.py:190} INFO - [2025-01-13T23:33:53.082+0000] {dag.py:3239} INFO - Sync 1 DAGs
[2025-01-13T23:33:53.097+0000] {logging_mixin.py:190} INFO - [2025-01-13T23:33:53.097+0000] {dag.py:4180} INFO - Setting next_dagrun for example_task_group to None, run_after=None
[2025-01-13T23:33:53.116+0000] {processor.py:208} INFO - Processing /home/airflow/.local/lib/python3.12/site-packages/airflow/example_dags/example_task_group.py took 0.066 seconds
[2025-01-13T23:34:24.001+0000] {processor.py:186} INFO - Started process (PID=1165) to work on /home/airflow/.local/lib/python3.12/site-packages/airflow/example_dags/example_task_group.py
[2025-01-13T23:34:24.003+0000] {processor.py:914} INFO - Processing file /home/airflow/.local/lib/python3.12/site-packages/airflow/example_dags/example_task_group.py for tasks to queue
[2025-01-13T23:34:24.005+0000] {logging_mixin.py:190} INFO - [2025-01-13T23:34:24.005+0000] {dagbag.py:588} INFO - Filling up the DagBag from /home/airflow/.local/lib/python3.12/site-packages/airflow/example_dags/example_task_group.py
[2025-01-13T23:34:24.016+0000] {processor.py:925} INFO - DAG(s) 'example_task_group' retrieved from /home/airflow/.local/lib/python3.12/site-packages/airflow/example_dags/example_task_group.py
[2025-01-13T23:34:24.041+0000] {logging_mixin.py:190} INFO - [2025-01-13T23:34:24.041+0000] {dag.py:3239} INFO - Sync 1 DAGs
[2025-01-13T23:34:24.059+0000] {logging_mixin.py:190} INFO - [2025-01-13T23:34:24.059+0000] {dag.py:4180} INFO - Setting next_dagrun for example_task_group to None, run_after=None
[2025-01-13T23:34:24.082+0000] {processor.py:208} INFO - Processing /home/airflow/.local/lib/python3.12/site-packages/airflow/example_dags/example_task_group.py took 0.088 seconds
[2025-01-13T23:34:54.471+0000] {processor.py:186} INFO - Started process (PID=1229) to work on /home/airflow/.local/lib/python3.12/site-packages/airflow/example_dags/example_task_group.py
[2025-01-13T23:34:54.472+0000] {processor.py:914} INFO - Processing file /home/airflow/.local/lib/python3.12/site-packages/airflow/example_dags/example_task_group.py for tasks to queue
[2025-01-13T23:34:54.475+0000] {logging_mixin.py:190} INFO - [2025-01-13T23:34:54.475+0000] {dagbag.py:588} INFO - Filling up the DagBag from /home/airflow/.local/lib/python3.12/site-packages/airflow/example_dags/example_task_group.py
[2025-01-13T23:34:54.485+0000] {processor.py:925} INFO - DAG(s) 'example_task_group' retrieved from /home/airflow/.local/lib/python3.12/site-packages/airflow/example_dags/example_task_group.py
[2025-01-13T23:34:54.507+0000] {logging_mixin.py:190} INFO - [2025-01-13T23:34:54.507+0000] {dag.py:3239} INFO - Sync 1 DAGs
[2025-01-13T23:34:54.522+0000] {logging_mixin.py:190} INFO - [2025-01-13T23:34:54.522+0000] {dag.py:4180} INFO - Setting next_dagrun for example_task_group to None, run_after=None
[2025-01-13T23:34:54.543+0000] {processor.py:208} INFO - Processing /home/airflow/.local/lib/python3.12/site-packages/airflow/example_dags/example_task_group.py took 0.078 seconds
[2025-01-13T23:35:25.610+0000] {processor.py:186} INFO - Started process (PID=1293) to work on /home/airflow/.local/lib/python3.12/site-packages/airflow/example_dags/example_task_group.py
[2025-01-13T23:35:25.611+0000] {processor.py:914} INFO - Processing file /home/airflow/.local/lib/python3.12/site-packages/airflow/example_dags/example_task_group.py for tasks to queue
[2025-01-13T23:35:25.614+0000] {logging_mixin.py:190} INFO - [2025-01-13T23:35:25.613+0000] {dagbag.py:588} INFO - Filling up the DagBag from /home/airflow/.local/lib/python3.12/site-packages/airflow/example_dags/example_task_group.py
[2025-01-13T23:35:25.621+0000] {processor.py:925} INFO - DAG(s) 'example_task_group' retrieved from /home/airflow/.local/lib/python3.12/site-packages/airflow/example_dags/example_task_group.py
[2025-01-13T23:35:25.646+0000] {logging_mixin.py:190} INFO - [2025-01-13T23:35:25.646+0000] {dag.py:3239} INFO - Sync 1 DAGs
[2025-01-13T23:35:25.665+0000] {logging_mixin.py:190} INFO - [2025-01-13T23:35:25.665+0000] {dag.py:4180} INFO - Setting next_dagrun for example_task_group to None, run_after=None
[2025-01-13T23:35:25.687+0000] {processor.py:208} INFO - Processing /home/airflow/.local/lib/python3.12/site-packages/airflow/example_dags/example_task_group.py took 0.083 seconds
[2025-01-13T23:35:56.187+0000] {processor.py:186} INFO - Started process (PID=1357) to work on /home/airflow/.local/lib/python3.12/site-packages/airflow/example_dags/example_task_group.py
[2025-01-13T23:35:56.188+0000] {processor.py:914} INFO - Processing file /home/airflow/.local/lib/python3.12/site-packages/airflow/example_dags/example_task_group.py for tasks to queue
[2025-01-13T23:35:56.191+0000] {logging_mixin.py:190} INFO - [2025-01-13T23:35:56.191+0000] {dagbag.py:588} INFO - Filling up the DagBag from /home/airflow/.local/lib/python3.12/site-packages/airflow/example_dags/example_task_group.py
[2025-01-13T23:35:56.199+0000] {processor.py:925} INFO - DAG(s) 'example_task_group' retrieved from /home/airflow/.local/lib/python3.12/site-packages/airflow/example_dags/example_task_group.py
[2025-01-13T23:35:56.222+0000] {logging_mixin.py:190} INFO - [2025-01-13T23:35:56.222+0000] {dag.py:3239} INFO - Sync 1 DAGs
[2025-01-13T23:35:56.234+0000] {logging_mixin.py:190} INFO - [2025-01-13T23:35:56.234+0000] {dag.py:4180} INFO - Setting next_dagrun for example_task_group to None, run_after=None
[2025-01-13T23:35:56.261+0000] {processor.py:208} INFO - Processing /home/airflow/.local/lib/python3.12/site-packages/airflow/example_dags/example_task_group.py took 0.080 seconds
[2025-01-13T23:36:26.530+0000] {processor.py:186} INFO - Started process (PID=1421) to work on /home/airflow/.local/lib/python3.12/site-packages/airflow/example_dags/example_task_group.py
[2025-01-13T23:36:26.532+0000] {processor.py:914} INFO - Processing file /home/airflow/.local/lib/python3.12/site-packages/airflow/example_dags/example_task_group.py for tasks to queue
[2025-01-13T23:36:26.536+0000] {logging_mixin.py:190} INFO - [2025-01-13T23:36:26.535+0000] {dagbag.py:588} INFO - Filling up the DagBag from /home/airflow/.local/lib/python3.12/site-packages/airflow/example_dags/example_task_group.py
[2025-01-13T23:36:26.544+0000] {processor.py:925} INFO - DAG(s) 'example_task_group' retrieved from /home/airflow/.local/lib/python3.12/site-packages/airflow/example_dags/example_task_group.py
[2025-01-13T23:36:26.564+0000] {logging_mixin.py:190} INFO - [2025-01-13T23:36:26.563+0000] {dag.py:3239} INFO - Sync 1 DAGs
[2025-01-13T23:36:26.575+0000] {logging_mixin.py:190} INFO - [2025-01-13T23:36:26.575+0000] {dag.py:4180} INFO - Setting next_dagrun for example_task_group to None, run_after=None
[2025-01-13T23:36:26.599+0000] {processor.py:208} INFO - Processing /home/airflow/.local/lib/python3.12/site-packages/airflow/example_dags/example_task_group.py took 0.075 seconds
[2025-01-13T23:36:56.903+0000] {processor.py:186} INFO - Started process (PID=1485) to work on /home/airflow/.local/lib/python3.12/site-packages/airflow/example_dags/example_task_group.py
[2025-01-13T23:36:56.904+0000] {processor.py:914} INFO - Processing file /home/airflow/.local/lib/python3.12/site-packages/airflow/example_dags/example_task_group.py for tasks to queue
[2025-01-13T23:36:56.907+0000] {logging_mixin.py:190} INFO - [2025-01-13T23:36:56.906+0000] {dagbag.py:588} INFO - Filling up the DagBag from /home/airflow/.local/lib/python3.12/site-packages/airflow/example_dags/example_task_group.py
[2025-01-13T23:36:56.915+0000] {processor.py:925} INFO - DAG(s) 'example_task_group' retrieved from /home/airflow/.local/lib/python3.12/site-packages/airflow/example_dags/example_task_group.py
[2025-01-13T23:36:56.942+0000] {logging_mixin.py:190} INFO - [2025-01-13T23:36:56.942+0000] {dag.py:3239} INFO - Sync 1 DAGs
[2025-01-13T23:36:56.960+0000] {logging_mixin.py:190} INFO - [2025-01-13T23:36:56.960+0000] {dag.py:4180} INFO - Setting next_dagrun for example_task_group to None, run_after=None
[2025-01-13T23:36:56.978+0000] {processor.py:208} INFO - Processing /home/airflow/.local/lib/python3.12/site-packages/airflow/example_dags/example_task_group.py took 0.080 seconds
[2025-01-13T23:37:27.470+0000] {processor.py:186} INFO - Started process (PID=1549) to work on /home/airflow/.local/lib/python3.12/site-packages/airflow/example_dags/example_task_group.py
[2025-01-13T23:37:27.472+0000] {processor.py:914} INFO - Processing file /home/airflow/.local/lib/python3.12/site-packages/airflow/example_dags/example_task_group.py for tasks to queue
[2025-01-13T23:37:27.476+0000] {logging_mixin.py:190} INFO - [2025-01-13T23:37:27.475+0000] {dagbag.py:588} INFO - Filling up the DagBag from /home/airflow/.local/lib/python3.12/site-packages/airflow/example_dags/example_task_group.py
[2025-01-13T23:37:27.489+0000] {processor.py:925} INFO - DAG(s) 'example_task_group' retrieved from /home/airflow/.local/lib/python3.12/site-packages/airflow/example_dags/example_task_group.py
[2025-01-13T23:37:27.517+0000] {logging_mixin.py:190} INFO - [2025-01-13T23:37:27.516+0000] {dag.py:3239} INFO - Sync 1 DAGs
[2025-01-13T23:37:27.531+0000] {logging_mixin.py:190} INFO - [2025-01-13T23:37:27.531+0000] {dag.py:4180} INFO - Setting next_dagrun for example_task_group to None, run_after=None
[2025-01-13T23:37:27.558+0000] {processor.py:208} INFO - Processing /home/airflow/.local/lib/python3.12/site-packages/airflow/example_dags/example_task_group.py took 0.094 seconds
[2025-01-13T23:37:58.108+0000] {processor.py:186} INFO - Started process (PID=1613) to work on /home/airflow/.local/lib/python3.12/site-packages/airflow/example_dags/example_task_group.py
[2025-01-13T23:37:58.109+0000] {processor.py:914} INFO - Processing file /home/airflow/.local/lib/python3.12/site-packages/airflow/example_dags/example_task_group.py for tasks to queue
[2025-01-13T23:37:58.113+0000] {logging_mixin.py:190} INFO - [2025-01-13T23:37:58.113+0000] {dagbag.py:588} INFO - Filling up the DagBag from /home/airflow/.local/lib/python3.12/site-packages/airflow/example_dags/example_task_group.py
[2025-01-13T23:37:58.125+0000] {processor.py:925} INFO - DAG(s) 'example_task_group' retrieved from /home/airflow/.local/lib/python3.12/site-packages/airflow/example_dags/example_task_group.py
[2025-01-13T23:37:58.156+0000] {logging_mixin.py:190} INFO - [2025-01-13T23:37:58.156+0000] {dag.py:3239} INFO - Sync 1 DAGs
[2025-01-13T23:37:58.171+0000] {logging_mixin.py:190} INFO - [2025-01-13T23:37:58.171+0000] {dag.py:4180} INFO - Setting next_dagrun for example_task_group to None, run_after=None
[2025-01-13T23:37:58.200+0000] {processor.py:208} INFO - Processing /home/airflow/.local/lib/python3.12/site-packages/airflow/example_dags/example_task_group.py took 0.100 seconds
[2025-01-13T23:38:28.443+0000] {processor.py:186} INFO - Started process (PID=1677) to work on /home/airflow/.local/lib/python3.12/site-packages/airflow/example_dags/example_task_group.py
[2025-01-13T23:38:28.444+0000] {processor.py:914} INFO - Processing file /home/airflow/.local/lib/python3.12/site-packages/airflow/example_dags/example_task_group.py for tasks to queue
[2025-01-13T23:38:28.446+0000] {logging_mixin.py:190} INFO - [2025-01-13T23:38:28.446+0000] {dagbag.py:588} INFO - Filling up the DagBag from /home/airflow/.local/lib/python3.12/site-packages/airflow/example_dags/example_task_group.py
[2025-01-13T23:38:28.452+0000] {processor.py:925} INFO - DAG(s) 'example_task_group' retrieved from /home/airflow/.local/lib/python3.12/site-packages/airflow/example_dags/example_task_group.py
[2025-01-13T23:38:28.472+0000] {logging_mixin.py:190} INFO - [2025-01-13T23:38:28.471+0000] {dag.py:3239} INFO - Sync 1 DAGs
[2025-01-13T23:38:28.484+0000] {logging_mixin.py:190} INFO - [2025-01-13T23:38:28.484+0000] {dag.py:4180} INFO - Setting next_dagrun for example_task_group to None, run_after=None
[2025-01-13T23:38:28.503+0000] {processor.py:208} INFO - Processing /home/airflow/.local/lib/python3.12/site-packages/airflow/example_dags/example_task_group.py took 0.064 seconds
[2025-01-13T23:38:59.172+0000] {processor.py:186} INFO - Started process (PID=1741) to work on /home/airflow/.local/lib/python3.12/site-packages/airflow/example_dags/example_task_group.py
[2025-01-13T23:38:59.173+0000] {processor.py:914} INFO - Processing file /home/airflow/.local/lib/python3.12/site-packages/airflow/example_dags/example_task_group.py for tasks to queue
[2025-01-13T23:38:59.176+0000] {logging_mixin.py:190} INFO - [2025-01-13T23:38:59.176+0000] {dagbag.py:588} INFO - Filling up the DagBag from /home/airflow/.local/lib/python3.12/site-packages/airflow/example_dags/example_task_group.py
[2025-01-13T23:38:59.184+0000] {processor.py:925} INFO - DAG(s) 'example_task_group' retrieved from /home/airflow/.local/lib/python3.12/site-packages/airflow/example_dags/example_task_group.py
[2025-01-13T23:38:59.207+0000] {logging_mixin.py:190} INFO - [2025-01-13T23:38:59.206+0000] {dag.py:3239} INFO - Sync 1 DAGs
[2025-01-13T23:38:59.219+0000] {logging_mixin.py:190} INFO - [2025-01-13T23:38:59.219+0000] {dag.py:4180} INFO - Setting next_dagrun for example_task_group to None, run_after=None
[2025-01-13T23:38:59.239+0000] {processor.py:208} INFO - Processing /home/airflow/.local/lib/python3.12/site-packages/airflow/example_dags/example_task_group.py took 0.072 seconds
[2025-01-13T23:39:29.654+0000] {processor.py:186} INFO - Started process (PID=1805) to work on /home/airflow/.local/lib/python3.12/site-packages/airflow/example_dags/example_task_group.py
[2025-01-13T23:39:29.655+0000] {processor.py:914} INFO - Processing file /home/airflow/.local/lib/python3.12/site-packages/airflow/example_dags/example_task_group.py for tasks to queue
[2025-01-13T23:39:29.657+0000] {logging_mixin.py:190} INFO - [2025-01-13T23:39:29.657+0000] {dagbag.py:588} INFO - Filling up the DagBag from /home/airflow/.local/lib/python3.12/site-packages/airflow/example_dags/example_task_group.py
[2025-01-13T23:39:29.663+0000] {processor.py:925} INFO - DAG(s) 'example_task_group' retrieved from /home/airflow/.local/lib/python3.12/site-packages/airflow/example_dags/example_task_group.py
[2025-01-13T23:39:29.678+0000] {logging_mixin.py:190} INFO - [2025-01-13T23:39:29.678+0000] {dag.py:3239} INFO - Sync 1 DAGs
[2025-01-13T23:39:29.687+0000] {logging_mixin.py:190} INFO - [2025-01-13T23:39:29.687+0000] {dag.py:4180} INFO - Setting next_dagrun for example_task_group to None, run_after=None
[2025-01-13T23:39:29.703+0000] {processor.py:208} INFO - Processing /home/airflow/.local/lib/python3.12/site-packages/airflow/example_dags/example_task_group.py took 0.052 seconds
[2025-01-13T23:40:00.612+0000] {processor.py:186} INFO - Started process (PID=1869) to work on /home/airflow/.local/lib/python3.12/site-packages/airflow/example_dags/example_task_group.py
[2025-01-13T23:40:00.614+0000] {processor.py:914} INFO - Processing file /home/airflow/.local/lib/python3.12/site-packages/airflow/example_dags/example_task_group.py for tasks to queue
[2025-01-13T23:40:00.617+0000] {logging_mixin.py:190} INFO - [2025-01-13T23:40:00.617+0000] {dagbag.py:588} INFO - Filling up the DagBag from /home/airflow/.local/lib/python3.12/site-packages/airflow/example_dags/example_task_group.py
[2025-01-13T23:40:00.624+0000] {processor.py:925} INFO - DAG(s) 'example_task_group' retrieved from /home/airflow/.local/lib/python3.12/site-packages/airflow/example_dags/example_task_group.py
[2025-01-13T23:40:00.644+0000] {logging_mixin.py:190} INFO - [2025-01-13T23:40:00.644+0000] {dag.py:3239} INFO - Sync 1 DAGs
[2025-01-13T23:40:00.656+0000] {logging_mixin.py:190} INFO - [2025-01-13T23:40:00.656+0000] {dag.py:4180} INFO - Setting next_dagrun for example_task_group to None, run_after=None
[2025-01-13T23:40:00.676+0000] {processor.py:208} INFO - Processing /home/airflow/.local/lib/python3.12/site-packages/airflow/example_dags/example_task_group.py took 0.067 seconds
[2025-01-13T23:40:31.232+0000] {processor.py:186} INFO - Started process (PID=1933) to work on /home/airflow/.local/lib/python3.12/site-packages/airflow/example_dags/example_task_group.py
[2025-01-13T23:40:31.234+0000] {processor.py:914} INFO - Processing file /home/airflow/.local/lib/python3.12/site-packages/airflow/example_dags/example_task_group.py for tasks to queue
[2025-01-13T23:40:31.237+0000] {logging_mixin.py:190} INFO - [2025-01-13T23:40:31.236+0000] {dagbag.py:588} INFO - Filling up the DagBag from /home/airflow/.local/lib/python3.12/site-packages/airflow/example_dags/example_task_group.py
[2025-01-13T23:40:31.246+0000] {processor.py:925} INFO - DAG(s) 'example_task_group' retrieved from /home/airflow/.local/lib/python3.12/site-packages/airflow/example_dags/example_task_group.py
[2025-01-13T23:40:31.268+0000] {logging_mixin.py:190} INFO - [2025-01-13T23:40:31.268+0000] {dag.py:3239} INFO - Sync 1 DAGs
[2025-01-13T23:40:31.283+0000] {logging_mixin.py:190} INFO - [2025-01-13T23:40:31.283+0000] {dag.py:4180} INFO - Setting next_dagrun for example_task_group to None, run_after=None
[2025-01-13T23:40:31.304+0000] {processor.py:208} INFO - Processing /home/airflow/.local/lib/python3.12/site-packages/airflow/example_dags/example_task_group.py took 0.077 seconds
[2025-01-13T23:41:02.002+0000] {processor.py:186} INFO - Started process (PID=1997) to work on /home/airflow/.local/lib/python3.12/site-packages/airflow/example_dags/example_task_group.py
[2025-01-13T23:41:02.004+0000] {processor.py:914} INFO - Processing file /home/airflow/.local/lib/python3.12/site-packages/airflow/example_dags/example_task_group.py for tasks to queue
[2025-01-13T23:41:02.006+0000] {logging_mixin.py:190} INFO - [2025-01-13T23:41:02.006+0000] {dagbag.py:588} INFO - Filling up the DagBag from /home/airflow/.local/lib/python3.12/site-packages/airflow/example_dags/example_task_group.py
[2025-01-13T23:41:02.015+0000] {processor.py:925} INFO - DAG(s) 'example_task_group' retrieved from /home/airflow/.local/lib/python3.12/site-packages/airflow/example_dags/example_task_group.py
[2025-01-13T23:41:02.041+0000] {logging_mixin.py:190} INFO - [2025-01-13T23:41:02.041+0000] {dag.py:3239} INFO - Sync 1 DAGs
[2025-01-13T23:41:02.057+0000] {logging_mixin.py:190} INFO - [2025-01-13T23:41:02.057+0000] {dag.py:4180} INFO - Setting next_dagrun for example_task_group to None, run_after=None
[2025-01-13T23:41:02.084+0000] {processor.py:208} INFO - Processing /home/airflow/.local/lib/python3.12/site-packages/airflow/example_dags/example_task_group.py took 0.088 seconds
[2025-01-13T23:41:32.280+0000] {processor.py:186} INFO - Started process (PID=2061) to work on /home/airflow/.local/lib/python3.12/site-packages/airflow/example_dags/example_task_group.py
[2025-01-13T23:41:32.282+0000] {processor.py:914} INFO - Processing file /home/airflow/.local/lib/python3.12/site-packages/airflow/example_dags/example_task_group.py for tasks to queue
[2025-01-13T23:41:32.286+0000] {logging_mixin.py:190} INFO - [2025-01-13T23:41:32.285+0000] {dagbag.py:588} INFO - Filling up the DagBag from /home/airflow/.local/lib/python3.12/site-packages/airflow/example_dags/example_task_group.py
[2025-01-13T23:41:32.301+0000] {processor.py:925} INFO - DAG(s) 'example_task_group' retrieved from /home/airflow/.local/lib/python3.12/site-packages/airflow/example_dags/example_task_group.py
[2025-01-13T23:41:32.330+0000] {logging_mixin.py:190} INFO - [2025-01-13T23:41:32.330+0000] {dag.py:3239} INFO - Sync 1 DAGs
[2025-01-13T23:41:32.347+0000] {logging_mixin.py:190} INFO - [2025-01-13T23:41:32.347+0000] {dag.py:4180} INFO - Setting next_dagrun for example_task_group to None, run_after=None
[2025-01-13T23:41:32.376+0000] {processor.py:208} INFO - Processing /home/airflow/.local/lib/python3.12/site-packages/airflow/example_dags/example_task_group.py took 0.105 seconds
[2025-01-13T23:42:02.639+0000] {processor.py:186} INFO - Started process (PID=2125) to work on /home/airflow/.local/lib/python3.12/site-packages/airflow/example_dags/example_task_group.py
[2025-01-13T23:42:02.641+0000] {processor.py:914} INFO - Processing file /home/airflow/.local/lib/python3.12/site-packages/airflow/example_dags/example_task_group.py for tasks to queue
[2025-01-13T23:42:02.645+0000] {logging_mixin.py:190} INFO - [2025-01-13T23:42:02.644+0000] {dagbag.py:588} INFO - Filling up the DagBag from /home/airflow/.local/lib/python3.12/site-packages/airflow/example_dags/example_task_group.py
[2025-01-13T23:42:02.655+0000] {processor.py:925} INFO - DAG(s) 'example_task_group' retrieved from /home/airflow/.local/lib/python3.12/site-packages/airflow/example_dags/example_task_group.py
[2025-01-13T23:42:02.677+0000] {logging_mixin.py:190} INFO - [2025-01-13T23:42:02.676+0000] {dag.py:3239} INFO - Sync 1 DAGs
[2025-01-13T23:42:02.694+0000] {logging_mixin.py:190} INFO - [2025-01-13T23:42:02.693+0000] {dag.py:4180} INFO - Setting next_dagrun for example_task_group to None, run_after=None
[2025-01-13T23:42:02.720+0000] {processor.py:208} INFO - Processing /home/airflow/.local/lib/python3.12/site-packages/airflow/example_dags/example_task_group.py took 0.088 seconds
[2025-01-13T23:42:33.336+0000] {processor.py:186} INFO - Started process (PID=2189) to work on /home/airflow/.local/lib/python3.12/site-packages/airflow/example_dags/example_task_group.py
[2025-01-13T23:42:33.337+0000] {processor.py:914} INFO - Processing file /home/airflow/.local/lib/python3.12/site-packages/airflow/example_dags/example_task_group.py for tasks to queue
[2025-01-13T23:42:33.339+0000] {logging_mixin.py:190} INFO - [2025-01-13T23:42:33.339+0000] {dagbag.py:588} INFO - Filling up the DagBag from /home/airflow/.local/lib/python3.12/site-packages/airflow/example_dags/example_task_group.py
[2025-01-13T23:42:33.346+0000] {processor.py:925} INFO - DAG(s) 'example_task_group' retrieved from /home/airflow/.local/lib/python3.12/site-packages/airflow/example_dags/example_task_group.py
[2025-01-13T23:42:33.364+0000] {logging_mixin.py:190} INFO - [2025-01-13T23:42:33.363+0000] {dag.py:3239} INFO - Sync 1 DAGs
[2025-01-13T23:42:33.376+0000] {logging_mixin.py:190} INFO - [2025-01-13T23:42:33.375+0000] {dag.py:4180} INFO - Setting next_dagrun for example_task_group to None, run_after=None
[2025-01-13T23:42:33.395+0000] {processor.py:208} INFO - Processing /home/airflow/.local/lib/python3.12/site-packages/airflow/example_dags/example_task_group.py took 0.065 seconds
[2025-01-13T23:43:04.099+0000] {processor.py:186} INFO - Started process (PID=2252) to work on /home/airflow/.local/lib/python3.12/site-packages/airflow/example_dags/example_task_group.py
[2025-01-13T23:43:04.101+0000] {processor.py:914} INFO - Processing file /home/airflow/.local/lib/python3.12/site-packages/airflow/example_dags/example_task_group.py for tasks to queue
[2025-01-13T23:43:04.103+0000] {logging_mixin.py:190} INFO - [2025-01-13T23:43:04.103+0000] {dagbag.py:588} INFO - Filling up the DagBag from /home/airflow/.local/lib/python3.12/site-packages/airflow/example_dags/example_task_group.py
[2025-01-13T23:43:04.110+0000] {processor.py:925} INFO - DAG(s) 'example_task_group' retrieved from /home/airflow/.local/lib/python3.12/site-packages/airflow/example_dags/example_task_group.py
[2025-01-13T23:43:04.130+0000] {logging_mixin.py:190} INFO - [2025-01-13T23:43:04.130+0000] {dag.py:3239} INFO - Sync 1 DAGs
[2025-01-13T23:43:04.143+0000] {logging_mixin.py:190} INFO - [2025-01-13T23:43:04.142+0000] {dag.py:4180} INFO - Setting next_dagrun for example_task_group to None, run_after=None
[2025-01-13T23:43:04.162+0000] {processor.py:208} INFO - Processing /home/airflow/.local/lib/python3.12/site-packages/airflow/example_dags/example_task_group.py took 0.067 seconds
[2025-01-13T23:43:34.452+0000] {processor.py:186} INFO - Started process (PID=2316) to work on /home/airflow/.local/lib/python3.12/site-packages/airflow/example_dags/example_task_group.py
[2025-01-13T23:43:34.453+0000] {processor.py:914} INFO - Processing file /home/airflow/.local/lib/python3.12/site-packages/airflow/example_dags/example_task_group.py for tasks to queue
[2025-01-13T23:43:34.456+0000] {logging_mixin.py:190} INFO - [2025-01-13T23:43:34.456+0000] {dagbag.py:588} INFO - Filling up the DagBag from /home/airflow/.local/lib/python3.12/site-packages/airflow/example_dags/example_task_group.py
[2025-01-13T23:43:34.466+0000] {processor.py:925} INFO - DAG(s) 'example_task_group' retrieved from /home/airflow/.local/lib/python3.12/site-packages/airflow/example_dags/example_task_group.py
[2025-01-13T23:43:34.490+0000] {logging_mixin.py:190} INFO - [2025-01-13T23:43:34.490+0000] {dag.py:3239} INFO - Sync 1 DAGs
[2025-01-13T23:43:34.505+0000] {logging_mixin.py:190} INFO - [2025-01-13T23:43:34.504+0000] {dag.py:4180} INFO - Setting next_dagrun for example_task_group to None, run_after=None
[2025-01-13T23:43:34.530+0000] {processor.py:208} INFO - Processing /home/airflow/.local/lib/python3.12/site-packages/airflow/example_dags/example_task_group.py took 0.084 seconds
[2025-01-13T23:44:04.635+0000] {processor.py:186} INFO - Started process (PID=2380) to work on /home/airflow/.local/lib/python3.12/site-packages/airflow/example_dags/example_task_group.py
[2025-01-13T23:44:04.636+0000] {processor.py:914} INFO - Processing file /home/airflow/.local/lib/python3.12/site-packages/airflow/example_dags/example_task_group.py for tasks to queue
[2025-01-13T23:44:04.638+0000] {logging_mixin.py:190} INFO - [2025-01-13T23:44:04.637+0000] {dagbag.py:588} INFO - Filling up the DagBag from /home/airflow/.local/lib/python3.12/site-packages/airflow/example_dags/example_task_group.py
[2025-01-13T23:44:04.645+0000] {processor.py:925} INFO - DAG(s) 'example_task_group' retrieved from /home/airflow/.local/lib/python3.12/site-packages/airflow/example_dags/example_task_group.py
[2025-01-13T23:44:04.664+0000] {logging_mixin.py:190} INFO - [2025-01-13T23:44:04.664+0000] {dag.py:3239} INFO - Sync 1 DAGs
[2025-01-13T23:44:04.677+0000] {logging_mixin.py:190} INFO - [2025-01-13T23:44:04.677+0000] {dag.py:4180} INFO - Setting next_dagrun for example_task_group to None, run_after=None
[2025-01-13T23:44:04.694+0000] {processor.py:208} INFO - Processing /home/airflow/.local/lib/python3.12/site-packages/airflow/example_dags/example_task_group.py took 0.064 seconds
[2025-01-13T23:44:35.004+0000] {processor.py:186} INFO - Started process (PID=2444) to work on /home/airflow/.local/lib/python3.12/site-packages/airflow/example_dags/example_task_group.py
[2025-01-13T23:44:35.005+0000] {processor.py:914} INFO - Processing file /home/airflow/.local/lib/python3.12/site-packages/airflow/example_dags/example_task_group.py for tasks to queue
[2025-01-13T23:44:35.007+0000] {logging_mixin.py:190} INFO - [2025-01-13T23:44:35.007+0000] {dagbag.py:588} INFO - Filling up the DagBag from /home/airflow/.local/lib/python3.12/site-packages/airflow/example_dags/example_task_group.py
[2025-01-13T23:44:35.014+0000] {processor.py:925} INFO - DAG(s) 'example_task_group' retrieved from /home/airflow/.local/lib/python3.12/site-packages/airflow/example_dags/example_task_group.py
[2025-01-13T23:44:35.031+0000] {logging_mixin.py:190} INFO - [2025-01-13T23:44:35.031+0000] {dag.py:3239} INFO - Sync 1 DAGs
[2025-01-13T23:44:35.042+0000] {logging_mixin.py:190} INFO - [2025-01-13T23:44:35.042+0000] {dag.py:4180} INFO - Setting next_dagrun for example_task_group to None, run_after=None
[2025-01-13T23:44:35.056+0000] {processor.py:208} INFO - Processing /home/airflow/.local/lib/python3.12/site-packages/airflow/example_dags/example_task_group.py took 0.055 seconds
[2025-01-13T23:45:05.342+0000] {processor.py:186} INFO - Started process (PID=2507) to work on /home/airflow/.local/lib/python3.12/site-packages/airflow/example_dags/example_task_group.py
[2025-01-13T23:45:05.343+0000] {processor.py:914} INFO - Processing file /home/airflow/.local/lib/python3.12/site-packages/airflow/example_dags/example_task_group.py for tasks to queue
[2025-01-13T23:45:05.345+0000] {logging_mixin.py:190} INFO - [2025-01-13T23:45:05.345+0000] {dagbag.py:588} INFO - Filling up the DagBag from /home/airflow/.local/lib/python3.12/site-packages/airflow/example_dags/example_task_group.py
[2025-01-13T23:45:05.351+0000] {processor.py:925} INFO - DAG(s) 'example_task_group' retrieved from /home/airflow/.local/lib/python3.12/site-packages/airflow/example_dags/example_task_group.py
[2025-01-13T23:45:05.367+0000] {logging_mixin.py:190} INFO - [2025-01-13T23:45:05.367+0000] {dag.py:3239} INFO - Sync 1 DAGs
[2025-01-13T23:45:05.378+0000] {logging_mixin.py:190} INFO - [2025-01-13T23:45:05.378+0000] {dag.py:4180} INFO - Setting next_dagrun for example_task_group to None, run_after=None
[2025-01-13T23:45:05.393+0000] {processor.py:208} INFO - Processing /home/airflow/.local/lib/python3.12/site-packages/airflow/example_dags/example_task_group.py took 0.055 seconds
[2025-01-13T23:45:35.476+0000] {processor.py:186} INFO - Started process (PID=2571) to work on /home/airflow/.local/lib/python3.12/site-packages/airflow/example_dags/example_task_group.py
[2025-01-13T23:45:35.476+0000] {processor.py:914} INFO - Processing file /home/airflow/.local/lib/python3.12/site-packages/airflow/example_dags/example_task_group.py for tasks to queue
[2025-01-13T23:45:35.478+0000] {logging_mixin.py:190} INFO - [2025-01-13T23:45:35.478+0000] {dagbag.py:588} INFO - Filling up the DagBag from /home/airflow/.local/lib/python3.12/site-packages/airflow/example_dags/example_task_group.py
[2025-01-13T23:45:35.484+0000] {processor.py:925} INFO - DAG(s) 'example_task_group' retrieved from /home/airflow/.local/lib/python3.12/site-packages/airflow/example_dags/example_task_group.py
[2025-01-13T23:45:35.502+0000] {logging_mixin.py:190} INFO - [2025-01-13T23:45:35.502+0000] {dag.py:3239} INFO - Sync 1 DAGs
[2025-01-13T23:45:35.512+0000] {logging_mixin.py:190} INFO - [2025-01-13T23:45:35.511+0000] {dag.py:4180} INFO - Setting next_dagrun for example_task_group to None, run_after=None
[2025-01-13T23:45:35.528+0000] {processor.py:208} INFO - Processing /home/airflow/.local/lib/python3.12/site-packages/airflow/example_dags/example_task_group.py took 0.056 seconds
[2025-01-13T23:46:06.186+0000] {processor.py:186} INFO - Started process (PID=2635) to work on /home/airflow/.local/lib/python3.12/site-packages/airflow/example_dags/example_task_group.py
[2025-01-13T23:46:06.188+0000] {processor.py:914} INFO - Processing file /home/airflow/.local/lib/python3.12/site-packages/airflow/example_dags/example_task_group.py for tasks to queue
[2025-01-13T23:46:06.190+0000] {logging_mixin.py:190} INFO - [2025-01-13T23:46:06.190+0000] {dagbag.py:588} INFO - Filling up the DagBag from /home/airflow/.local/lib/python3.12/site-packages/airflow/example_dags/example_task_group.py
[2025-01-13T23:46:06.195+0000] {processor.py:925} INFO - DAG(s) 'example_task_group' retrieved from /home/airflow/.local/lib/python3.12/site-packages/airflow/example_dags/example_task_group.py
[2025-01-13T23:46:06.213+0000] {logging_mixin.py:190} INFO - [2025-01-13T23:46:06.213+0000] {dag.py:3239} INFO - Sync 1 DAGs
[2025-01-13T23:46:06.222+0000] {logging_mixin.py:190} INFO - [2025-01-13T23:46:06.222+0000] {dag.py:4180} INFO - Setting next_dagrun for example_task_group to None, run_after=None
[2025-01-13T23:46:06.236+0000] {processor.py:208} INFO - Processing /home/airflow/.local/lib/python3.12/site-packages/airflow/example_dags/example_task_group.py took 0.054 seconds
[2025-01-13T23:46:36.369+0000] {processor.py:186} INFO - Started process (PID=2698) to work on /home/airflow/.local/lib/python3.12/site-packages/airflow/example_dags/example_task_group.py
[2025-01-13T23:46:36.370+0000] {processor.py:914} INFO - Processing file /home/airflow/.local/lib/python3.12/site-packages/airflow/example_dags/example_task_group.py for tasks to queue
[2025-01-13T23:46:36.372+0000] {logging_mixin.py:190} INFO - [2025-01-13T23:46:36.371+0000] {dagbag.py:588} INFO - Filling up the DagBag from /home/airflow/.local/lib/python3.12/site-packages/airflow/example_dags/example_task_group.py
[2025-01-13T23:46:36.379+0000] {processor.py:925} INFO - DAG(s) 'example_task_group' retrieved from /home/airflow/.local/lib/python3.12/site-packages/airflow/example_dags/example_task_group.py
[2025-01-13T23:46:36.397+0000] {logging_mixin.py:190} INFO - [2025-01-13T23:46:36.397+0000] {dag.py:3239} INFO - Sync 1 DAGs
[2025-01-13T23:46:36.411+0000] {logging_mixin.py:190} INFO - [2025-01-13T23:46:36.410+0000] {dag.py:4180} INFO - Setting next_dagrun for example_task_group to None, run_after=None
[2025-01-13T23:46:36.425+0000] {processor.py:208} INFO - Processing /home/airflow/.local/lib/python3.12/site-packages/airflow/example_dags/example_task_group.py took 0.061 seconds
[2025-01-13T23:47:07.273+0000] {processor.py:186} INFO - Started process (PID=2762) to work on /home/airflow/.local/lib/python3.12/site-packages/airflow/example_dags/example_task_group.py
[2025-01-13T23:47:07.274+0000] {processor.py:914} INFO - Processing file /home/airflow/.local/lib/python3.12/site-packages/airflow/example_dags/example_task_group.py for tasks to queue
[2025-01-13T23:47:07.276+0000] {logging_mixin.py:190} INFO - [2025-01-13T23:47:07.275+0000] {dagbag.py:588} INFO - Filling up the DagBag from /home/airflow/.local/lib/python3.12/site-packages/airflow/example_dags/example_task_group.py
[2025-01-13T23:47:07.282+0000] {processor.py:925} INFO - DAG(s) 'example_task_group' retrieved from /home/airflow/.local/lib/python3.12/site-packages/airflow/example_dags/example_task_group.py
[2025-01-13T23:47:07.296+0000] {logging_mixin.py:190} INFO - [2025-01-13T23:47:07.296+0000] {dag.py:3239} INFO - Sync 1 DAGs
[2025-01-13T23:47:07.305+0000] {logging_mixin.py:190} INFO - [2025-01-13T23:47:07.305+0000] {dag.py:4180} INFO - Setting next_dagrun for example_task_group to None, run_after=None
[2025-01-13T23:47:07.316+0000] {processor.py:208} INFO - Processing /home/airflow/.local/lib/python3.12/site-packages/airflow/example_dags/example_task_group.py took 0.048 seconds
[2025-01-13T23:47:37.569+0000] {processor.py:186} INFO - Started process (PID=2826) to work on /home/airflow/.local/lib/python3.12/site-packages/airflow/example_dags/example_task_group.py
[2025-01-13T23:47:37.570+0000] {processor.py:914} INFO - Processing file /home/airflow/.local/lib/python3.12/site-packages/airflow/example_dags/example_task_group.py for tasks to queue
[2025-01-13T23:47:37.572+0000] {logging_mixin.py:190} INFO - [2025-01-13T23:47:37.572+0000] {dagbag.py:588} INFO - Filling up the DagBag from /home/airflow/.local/lib/python3.12/site-packages/airflow/example_dags/example_task_group.py
[2025-01-13T23:47:37.579+0000] {processor.py:925} INFO - DAG(s) 'example_task_group' retrieved from /home/airflow/.local/lib/python3.12/site-packages/airflow/example_dags/example_task_group.py
[2025-01-13T23:47:37.597+0000] {logging_mixin.py:190} INFO - [2025-01-13T23:47:37.596+0000] {dag.py:3239} INFO - Sync 1 DAGs
[2025-01-13T23:47:37.607+0000] {logging_mixin.py:190} INFO - [2025-01-13T23:47:37.606+0000] {dag.py:4180} INFO - Setting next_dagrun for example_task_group to None, run_after=None
[2025-01-13T23:47:37.622+0000] {processor.py:208} INFO - Processing /home/airflow/.local/lib/python3.12/site-packages/airflow/example_dags/example_task_group.py took 0.057 seconds
[2025-01-13T23:48:08.292+0000] {processor.py:186} INFO - Started process (PID=2890) to work on /home/airflow/.local/lib/python3.12/site-packages/airflow/example_dags/example_task_group.py
[2025-01-13T23:48:08.293+0000] {processor.py:914} INFO - Processing file /home/airflow/.local/lib/python3.12/site-packages/airflow/example_dags/example_task_group.py for tasks to queue
[2025-01-13T23:48:08.295+0000] {logging_mixin.py:190} INFO - [2025-01-13T23:48:08.295+0000] {dagbag.py:588} INFO - Filling up the DagBag from /home/airflow/.local/lib/python3.12/site-packages/airflow/example_dags/example_task_group.py
[2025-01-13T23:48:08.302+0000] {processor.py:925} INFO - DAG(s) 'example_task_group' retrieved from /home/airflow/.local/lib/python3.12/site-packages/airflow/example_dags/example_task_group.py
[2025-01-13T23:48:08.318+0000] {logging_mixin.py:190} INFO - [2025-01-13T23:48:08.318+0000] {dag.py:3239} INFO - Sync 1 DAGs
[2025-01-13T23:48:08.328+0000] {logging_mixin.py:190} INFO - [2025-01-13T23:48:08.328+0000] {dag.py:4180} INFO - Setting next_dagrun for example_task_group to None, run_after=None
[2025-01-13T23:48:08.345+0000] {processor.py:208} INFO - Processing /home/airflow/.local/lib/python3.12/site-packages/airflow/example_dags/example_task_group.py took 0.057 seconds
[2025-01-13T23:48:39.057+0000] {processor.py:186} INFO - Started process (PID=2954) to work on /home/airflow/.local/lib/python3.12/site-packages/airflow/example_dags/example_task_group.py
[2025-01-13T23:48:39.058+0000] {processor.py:914} INFO - Processing file /home/airflow/.local/lib/python3.12/site-packages/airflow/example_dags/example_task_group.py for tasks to queue
[2025-01-13T23:48:39.060+0000] {logging_mixin.py:190} INFO - [2025-01-13T23:48:39.060+0000] {dagbag.py:588} INFO - Filling up the DagBag from /home/airflow/.local/lib/python3.12/site-packages/airflow/example_dags/example_task_group.py
[2025-01-13T23:48:39.068+0000] {processor.py:925} INFO - DAG(s) 'example_task_group' retrieved from /home/airflow/.local/lib/python3.12/site-packages/airflow/example_dags/example_task_group.py
[2025-01-13T23:48:39.088+0000] {logging_mixin.py:190} INFO - [2025-01-13T23:48:39.088+0000] {dag.py:3239} INFO - Sync 1 DAGs
[2025-01-13T23:48:39.099+0000] {logging_mixin.py:190} INFO - [2025-01-13T23:48:39.098+0000] {dag.py:4180} INFO - Setting next_dagrun for example_task_group to None, run_after=None
[2025-01-13T23:48:39.113+0000] {processor.py:208} INFO - Processing /home/airflow/.local/lib/python3.12/site-packages/airflow/example_dags/example_task_group.py took 0.060 seconds
[2025-01-13T23:49:11.379+0000] {processor.py:186} INFO - Started process (PID=3014) to work on /home/airflow/.local/lib/python3.12/site-packages/airflow/example_dags/example_task_group.py
[2025-01-13T23:49:11.381+0000] {processor.py:914} INFO - Processing file /home/airflow/.local/lib/python3.12/site-packages/airflow/example_dags/example_task_group.py for tasks to queue
[2025-01-13T23:49:11.384+0000] {logging_mixin.py:190} INFO - [2025-01-13T23:49:11.384+0000] {dagbag.py:588} INFO - Filling up the DagBag from /home/airflow/.local/lib/python3.12/site-packages/airflow/example_dags/example_task_group.py
[2025-01-13T23:49:11.394+0000] {processor.py:925} INFO - DAG(s) 'example_task_group' retrieved from /home/airflow/.local/lib/python3.12/site-packages/airflow/example_dags/example_task_group.py
[2025-01-13T23:49:11.416+0000] {logging_mixin.py:190} INFO - [2025-01-13T23:49:11.416+0000] {dag.py:3239} INFO - Sync 1 DAGs
[2025-01-13T23:49:11.599+0000] {logging_mixin.py:190} INFO - [2025-01-13T23:49:11.599+0000] {dag.py:4180} INFO - Setting next_dagrun for example_task_group to None, run_after=None
[2025-01-13T23:49:11.625+0000] {processor.py:208} INFO - Processing /home/airflow/.local/lib/python3.12/site-packages/airflow/example_dags/example_task_group.py took 0.252 seconds
[2025-01-13T23:49:42.015+0000] {processor.py:186} INFO - Started process (PID=3081) to work on /home/airflow/.local/lib/python3.12/site-packages/airflow/example_dags/example_task_group.py
[2025-01-13T23:49:42.016+0000] {processor.py:914} INFO - Processing file /home/airflow/.local/lib/python3.12/site-packages/airflow/example_dags/example_task_group.py for tasks to queue
[2025-01-13T23:49:42.019+0000] {logging_mixin.py:190} INFO - [2025-01-13T23:49:42.019+0000] {dagbag.py:588} INFO - Filling up the DagBag from /home/airflow/.local/lib/python3.12/site-packages/airflow/example_dags/example_task_group.py
[2025-01-13T23:49:42.026+0000] {processor.py:925} INFO - DAG(s) 'example_task_group' retrieved from /home/airflow/.local/lib/python3.12/site-packages/airflow/example_dags/example_task_group.py
[2025-01-13T23:49:42.047+0000] {logging_mixin.py:190} INFO - [2025-01-13T23:49:42.047+0000] {dag.py:3239} INFO - Sync 1 DAGs
[2025-01-13T23:49:42.195+0000] {logging_mixin.py:190} INFO - [2025-01-13T23:49:42.195+0000] {dag.py:4180} INFO - Setting next_dagrun for example_task_group to None, run_after=None
[2025-01-13T23:49:42.212+0000] {processor.py:208} INFO - Processing /home/airflow/.local/lib/python3.12/site-packages/airflow/example_dags/example_task_group.py took 0.201 seconds
[2025-01-13T23:50:12.259+0000] {processor.py:186} INFO - Started process (PID=3145) to work on /home/airflow/.local/lib/python3.12/site-packages/airflow/example_dags/example_task_group.py
[2025-01-13T23:50:12.260+0000] {processor.py:914} INFO - Processing file /home/airflow/.local/lib/python3.12/site-packages/airflow/example_dags/example_task_group.py for tasks to queue
[2025-01-13T23:50:12.263+0000] {logging_mixin.py:190} INFO - [2025-01-13T23:50:12.263+0000] {dagbag.py:588} INFO - Filling up the DagBag from /home/airflow/.local/lib/python3.12/site-packages/airflow/example_dags/example_task_group.py
[2025-01-13T23:50:12.272+0000] {processor.py:925} INFO - DAG(s) 'example_task_group' retrieved from /home/airflow/.local/lib/python3.12/site-packages/airflow/example_dags/example_task_group.py
[2025-01-13T23:50:12.297+0000] {logging_mixin.py:190} INFO - [2025-01-13T23:50:12.297+0000] {dag.py:3239} INFO - Sync 1 DAGs
[2025-01-13T23:50:12.316+0000] {logging_mixin.py:190} INFO - [2025-01-13T23:50:12.316+0000] {dag.py:4180} INFO - Setting next_dagrun for example_task_group to None, run_after=None
[2025-01-13T23:50:12.536+0000] {processor.py:208} INFO - Processing /home/airflow/.local/lib/python3.12/site-packages/airflow/example_dags/example_task_group.py took 0.282 seconds
[2025-01-13T23:50:43.385+0000] {processor.py:186} INFO - Started process (PID=3204) to work on /home/airflow/.local/lib/python3.12/site-packages/airflow/example_dags/example_task_group.py
[2025-01-13T23:50:43.386+0000] {processor.py:914} INFO - Processing file /home/airflow/.local/lib/python3.12/site-packages/airflow/example_dags/example_task_group.py for tasks to queue
[2025-01-13T23:50:43.391+0000] {logging_mixin.py:190} INFO - [2025-01-13T23:50:43.390+0000] {dagbag.py:588} INFO - Filling up the DagBag from /home/airflow/.local/lib/python3.12/site-packages/airflow/example_dags/example_task_group.py
[2025-01-13T23:50:43.406+0000] {processor.py:925} INFO - DAG(s) 'example_task_group' retrieved from /home/airflow/.local/lib/python3.12/site-packages/airflow/example_dags/example_task_group.py
[2025-01-13T23:50:43.432+0000] {logging_mixin.py:190} INFO - [2025-01-13T23:50:43.432+0000] {dag.py:3239} INFO - Sync 1 DAGs
[2025-01-13T23:50:43.451+0000] {logging_mixin.py:190} INFO - [2025-01-13T23:50:43.451+0000] {dag.py:4180} INFO - Setting next_dagrun for example_task_group to None, run_after=None
[2025-01-13T23:50:43.491+0000] {processor.py:208} INFO - Processing /home/airflow/.local/lib/python3.12/site-packages/airflow/example_dags/example_task_group.py took 0.112 seconds
[2025-01-13T23:51:13.531+0000] {processor.py:186} INFO - Started process (PID=3268) to work on /home/airflow/.local/lib/python3.12/site-packages/airflow/example_dags/example_task_group.py
[2025-01-13T23:51:13.532+0000] {processor.py:914} INFO - Processing file /home/airflow/.local/lib/python3.12/site-packages/airflow/example_dags/example_task_group.py for tasks to queue
[2025-01-13T23:51:13.534+0000] {logging_mixin.py:190} INFO - [2025-01-13T23:51:13.534+0000] {dagbag.py:588} INFO - Filling up the DagBag from /home/airflow/.local/lib/python3.12/site-packages/airflow/example_dags/example_task_group.py
[2025-01-13T23:51:13.540+0000] {processor.py:925} INFO - DAG(s) 'example_task_group' retrieved from /home/airflow/.local/lib/python3.12/site-packages/airflow/example_dags/example_task_group.py
[2025-01-13T23:51:13.556+0000] {logging_mixin.py:190} INFO - [2025-01-13T23:51:13.556+0000] {dag.py:3239} INFO - Sync 1 DAGs
[2025-01-13T23:51:13.573+0000] {logging_mixin.py:190} INFO - [2025-01-13T23:51:13.572+0000] {dag.py:4180} INFO - Setting next_dagrun for example_task_group to None, run_after=None
[2025-01-13T23:51:13.606+0000] {processor.py:208} INFO - Processing /home/airflow/.local/lib/python3.12/site-packages/airflow/example_dags/example_task_group.py took 0.079 seconds
[2025-01-13T23:51:43.916+0000] {processor.py:186} INFO - Started process (PID=3331) to work on /home/airflow/.local/lib/python3.12/site-packages/airflow/example_dags/example_task_group.py
[2025-01-13T23:51:43.917+0000] {processor.py:914} INFO - Processing file /home/airflow/.local/lib/python3.12/site-packages/airflow/example_dags/example_task_group.py for tasks to queue
[2025-01-13T23:51:43.920+0000] {logging_mixin.py:190} INFO - [2025-01-13T23:51:43.919+0000] {dagbag.py:588} INFO - Filling up the DagBag from /home/airflow/.local/lib/python3.12/site-packages/airflow/example_dags/example_task_group.py
[2025-01-13T23:51:43.926+0000] {processor.py:925} INFO - DAG(s) 'example_task_group' retrieved from /home/airflow/.local/lib/python3.12/site-packages/airflow/example_dags/example_task_group.py
[2025-01-13T23:51:43.941+0000] {logging_mixin.py:190} INFO - [2025-01-13T23:51:43.941+0000] {dag.py:3239} INFO - Sync 1 DAGs
[2025-01-13T23:51:43.952+0000] {logging_mixin.py:190} INFO - [2025-01-13T23:51:43.951+0000] {dag.py:4180} INFO - Setting next_dagrun for example_task_group to None, run_after=None
[2025-01-13T23:51:43.966+0000] {processor.py:208} INFO - Processing /home/airflow/.local/lib/python3.12/site-packages/airflow/example_dags/example_task_group.py took 0.054 seconds
[2025-01-13T23:52:15.204+0000] {processor.py:186} INFO - Started process (PID=3395) to work on /home/airflow/.local/lib/python3.12/site-packages/airflow/example_dags/example_task_group.py
[2025-01-13T23:52:15.206+0000] {processor.py:914} INFO - Processing file /home/airflow/.local/lib/python3.12/site-packages/airflow/example_dags/example_task_group.py for tasks to queue
[2025-01-13T23:52:15.208+0000] {logging_mixin.py:190} INFO - [2025-01-13T23:52:15.208+0000] {dagbag.py:588} INFO - Filling up the DagBag from /home/airflow/.local/lib/python3.12/site-packages/airflow/example_dags/example_task_group.py
[2025-01-13T23:52:15.217+0000] {processor.py:925} INFO - DAG(s) 'example_task_group' retrieved from /home/airflow/.local/lib/python3.12/site-packages/airflow/example_dags/example_task_group.py
[2025-01-13T23:52:15.247+0000] {logging_mixin.py:190} INFO - [2025-01-13T23:52:15.246+0000] {dag.py:3239} INFO - Sync 1 DAGs
[2025-01-13T23:52:15.264+0000] {logging_mixin.py:190} INFO - [2025-01-13T23:52:15.264+0000] {dag.py:4180} INFO - Setting next_dagrun for example_task_group to None, run_after=None
[2025-01-13T23:52:15.288+0000] {processor.py:208} INFO - Processing /home/airflow/.local/lib/python3.12/site-packages/airflow/example_dags/example_task_group.py took 0.091 seconds
[2025-01-13T23:52:45.406+0000] {processor.py:186} INFO - Started process (PID=3459) to work on /home/airflow/.local/lib/python3.12/site-packages/airflow/example_dags/example_task_group.py
[2025-01-13T23:52:45.407+0000] {processor.py:914} INFO - Processing file /home/airflow/.local/lib/python3.12/site-packages/airflow/example_dags/example_task_group.py for tasks to queue
[2025-01-13T23:52:45.409+0000] {logging_mixin.py:190} INFO - [2025-01-13T23:52:45.409+0000] {dagbag.py:588} INFO - Filling up the DagBag from /home/airflow/.local/lib/python3.12/site-packages/airflow/example_dags/example_task_group.py
[2025-01-13T23:52:45.415+0000] {processor.py:925} INFO - DAG(s) 'example_task_group' retrieved from /home/airflow/.local/lib/python3.12/site-packages/airflow/example_dags/example_task_group.py
[2025-01-13T23:52:45.430+0000] {logging_mixin.py:190} INFO - [2025-01-13T23:52:45.430+0000] {dag.py:3239} INFO - Sync 1 DAGs
[2025-01-13T23:52:45.439+0000] {logging_mixin.py:190} INFO - [2025-01-13T23:52:45.439+0000] {dag.py:4180} INFO - Setting next_dagrun for example_task_group to None, run_after=None
[2025-01-13T23:52:45.451+0000] {processor.py:208} INFO - Processing /home/airflow/.local/lib/python3.12/site-packages/airflow/example_dags/example_task_group.py took 0.049 seconds
[2025-01-13T23:53:15.975+0000] {processor.py:186} INFO - Started process (PID=3523) to work on /home/airflow/.local/lib/python3.12/site-packages/airflow/example_dags/example_task_group.py
[2025-01-13T23:53:15.977+0000] {processor.py:914} INFO - Processing file /home/airflow/.local/lib/python3.12/site-packages/airflow/example_dags/example_task_group.py for tasks to queue
[2025-01-13T23:53:15.979+0000] {logging_mixin.py:190} INFO - [2025-01-13T23:53:15.978+0000] {dagbag.py:588} INFO - Filling up the DagBag from /home/airflow/.local/lib/python3.12/site-packages/airflow/example_dags/example_task_group.py
[2025-01-13T23:53:15.985+0000] {processor.py:925} INFO - DAG(s) 'example_task_group' retrieved from /home/airflow/.local/lib/python3.12/site-packages/airflow/example_dags/example_task_group.py
[2025-01-13T23:53:16.001+0000] {logging_mixin.py:190} INFO - [2025-01-13T23:53:16.001+0000] {dag.py:3239} INFO - Sync 1 DAGs
[2025-01-13T23:53:16.010+0000] {logging_mixin.py:190} INFO - [2025-01-13T23:53:16.010+0000] {dag.py:4180} INFO - Setting next_dagrun for example_task_group to None, run_after=None
[2025-01-13T23:53:16.024+0000] {processor.py:208} INFO - Processing /home/airflow/.local/lib/python3.12/site-packages/airflow/example_dags/example_task_group.py took 0.053 seconds
[2025-01-13T23:53:46.461+0000] {processor.py:186} INFO - Started process (PID=3583) to work on /home/airflow/.local/lib/python3.12/site-packages/airflow/example_dags/example_task_group.py
[2025-01-13T23:53:46.462+0000] {processor.py:914} INFO - Processing file /home/airflow/.local/lib/python3.12/site-packages/airflow/example_dags/example_task_group.py for tasks to queue
[2025-01-13T23:53:46.465+0000] {logging_mixin.py:190} INFO - [2025-01-13T23:53:46.465+0000] {dagbag.py:588} INFO - Filling up the DagBag from /home/airflow/.local/lib/python3.12/site-packages/airflow/example_dags/example_task_group.py
[2025-01-13T23:53:46.473+0000] {processor.py:925} INFO - DAG(s) 'example_task_group' retrieved from /home/airflow/.local/lib/python3.12/site-packages/airflow/example_dags/example_task_group.py
[2025-01-13T23:53:46.490+0000] {logging_mixin.py:190} INFO - [2025-01-13T23:53:46.490+0000] {dag.py:3239} INFO - Sync 1 DAGs
[2025-01-13T23:53:46.500+0000] {logging_mixin.py:190} INFO - [2025-01-13T23:53:46.500+0000] {dag.py:4180} INFO - Setting next_dagrun for example_task_group to None, run_after=None
[2025-01-13T23:53:46.517+0000] {processor.py:208} INFO - Processing /home/airflow/.local/lib/python3.12/site-packages/airflow/example_dags/example_task_group.py took 0.060 seconds
[2025-01-13T23:54:17.279+0000] {processor.py:186} INFO - Started process (PID=3644) to work on /home/airflow/.local/lib/python3.12/site-packages/airflow/example_dags/example_task_group.py
[2025-01-13T23:54:17.281+0000] {processor.py:914} INFO - Processing file /home/airflow/.local/lib/python3.12/site-packages/airflow/example_dags/example_task_group.py for tasks to queue
[2025-01-13T23:54:17.284+0000] {logging_mixin.py:190} INFO - [2025-01-13T23:54:17.283+0000] {dagbag.py:588} INFO - Filling up the DagBag from /home/airflow/.local/lib/python3.12/site-packages/airflow/example_dags/example_task_group.py
[2025-01-13T23:54:17.293+0000] {processor.py:925} INFO - DAG(s) 'example_task_group' retrieved from /home/airflow/.local/lib/python3.12/site-packages/airflow/example_dags/example_task_group.py
[2025-01-13T23:54:17.320+0000] {logging_mixin.py:190} INFO - [2025-01-13T23:54:17.320+0000] {dag.py:3239} INFO - Sync 1 DAGs
[2025-01-13T23:54:17.338+0000] {logging_mixin.py:190} INFO - [2025-01-13T23:54:17.338+0000] {dag.py:4180} INFO - Setting next_dagrun for example_task_group to None, run_after=None
[2025-01-13T23:54:17.363+0000] {processor.py:208} INFO - Processing /home/airflow/.local/lib/python3.12/site-packages/airflow/example_dags/example_task_group.py took 0.091 seconds
[2025-01-13T23:54:48.066+0000] {processor.py:186} INFO - Started process (PID=3708) to work on /home/airflow/.local/lib/python3.12/site-packages/airflow/example_dags/example_task_group.py
[2025-01-13T23:54:48.067+0000] {processor.py:914} INFO - Processing file /home/airflow/.local/lib/python3.12/site-packages/airflow/example_dags/example_task_group.py for tasks to queue
[2025-01-13T23:54:48.070+0000] {logging_mixin.py:190} INFO - [2025-01-13T23:54:48.069+0000] {dagbag.py:588} INFO - Filling up the DagBag from /home/airflow/.local/lib/python3.12/site-packages/airflow/example_dags/example_task_group.py
[2025-01-13T23:54:48.077+0000] {processor.py:925} INFO - DAG(s) 'example_task_group' retrieved from /home/airflow/.local/lib/python3.12/site-packages/airflow/example_dags/example_task_group.py
[2025-01-13T23:54:48.094+0000] {logging_mixin.py:190} INFO - [2025-01-13T23:54:48.094+0000] {dag.py:3239} INFO - Sync 1 DAGs
[2025-01-13T23:54:48.106+0000] {logging_mixin.py:190} INFO - [2025-01-13T23:54:48.106+0000] {dag.py:4180} INFO - Setting next_dagrun for example_task_group to None, run_after=None
[2025-01-13T23:54:48.122+0000] {processor.py:208} INFO - Processing /home/airflow/.local/lib/python3.12/site-packages/airflow/example_dags/example_task_group.py took 0.060 seconds
[2025-01-13T23:55:18.794+0000] {processor.py:186} INFO - Started process (PID=3773) to work on /home/airflow/.local/lib/python3.12/site-packages/airflow/example_dags/example_task_group.py
[2025-01-13T23:55:18.796+0000] {processor.py:914} INFO - Processing file /home/airflow/.local/lib/python3.12/site-packages/airflow/example_dags/example_task_group.py for tasks to queue
[2025-01-13T23:55:18.798+0000] {logging_mixin.py:190} INFO - [2025-01-13T23:55:18.797+0000] {dagbag.py:588} INFO - Filling up the DagBag from /home/airflow/.local/lib/python3.12/site-packages/airflow/example_dags/example_task_group.py
[2025-01-13T23:55:18.805+0000] {processor.py:925} INFO - DAG(s) 'example_task_group' retrieved from /home/airflow/.local/lib/python3.12/site-packages/airflow/example_dags/example_task_group.py
[2025-01-13T23:55:18.822+0000] {logging_mixin.py:190} INFO - [2025-01-13T23:55:18.822+0000] {dag.py:3239} INFO - Sync 1 DAGs
[2025-01-13T23:55:18.833+0000] {logging_mixin.py:190} INFO - [2025-01-13T23:55:18.833+0000] {dag.py:4180} INFO - Setting next_dagrun for example_task_group to None, run_after=None
[2025-01-13T23:55:18.852+0000] {processor.py:208} INFO - Processing /home/airflow/.local/lib/python3.12/site-packages/airflow/example_dags/example_task_group.py took 0.062 seconds
[2025-01-13T23:55:49.615+0000] {processor.py:186} INFO - Started process (PID=3843) to work on /home/airflow/.local/lib/python3.12/site-packages/airflow/example_dags/example_task_group.py
[2025-01-13T23:55:49.617+0000] {processor.py:914} INFO - Processing file /home/airflow/.local/lib/python3.12/site-packages/airflow/example_dags/example_task_group.py for tasks to queue
[2025-01-13T23:55:49.620+0000] {logging_mixin.py:190} INFO - [2025-01-13T23:55:49.619+0000] {dagbag.py:588} INFO - Filling up the DagBag from /home/airflow/.local/lib/python3.12/site-packages/airflow/example_dags/example_task_group.py
[2025-01-13T23:55:49.629+0000] {processor.py:925} INFO - DAG(s) 'example_task_group' retrieved from /home/airflow/.local/lib/python3.12/site-packages/airflow/example_dags/example_task_group.py
[2025-01-13T23:55:49.648+0000] {logging_mixin.py:190} INFO - [2025-01-13T23:55:49.648+0000] {dag.py:3239} INFO - Sync 1 DAGs
[2025-01-13T23:55:49.662+0000] {logging_mixin.py:190} INFO - [2025-01-13T23:55:49.661+0000] {dag.py:4180} INFO - Setting next_dagrun for example_task_group to None, run_after=None
[2025-01-13T23:55:49.683+0000] {processor.py:208} INFO - Processing /home/airflow/.local/lib/python3.12/site-packages/airflow/example_dags/example_task_group.py took 0.075 seconds
[2025-01-13T23:56:19.841+0000] {processor.py:186} INFO - Started process (PID=3907) to work on /home/airflow/.local/lib/python3.12/site-packages/airflow/example_dags/example_task_group.py
[2025-01-13T23:56:19.842+0000] {processor.py:914} INFO - Processing file /home/airflow/.local/lib/python3.12/site-packages/airflow/example_dags/example_task_group.py for tasks to queue
[2025-01-13T23:56:19.845+0000] {logging_mixin.py:190} INFO - [2025-01-13T23:56:19.844+0000] {dagbag.py:588} INFO - Filling up the DagBag from /home/airflow/.local/lib/python3.12/site-packages/airflow/example_dags/example_task_group.py
[2025-01-13T23:56:19.854+0000] {processor.py:925} INFO - DAG(s) 'example_task_group' retrieved from /home/airflow/.local/lib/python3.12/site-packages/airflow/example_dags/example_task_group.py
[2025-01-13T23:56:19.878+0000] {logging_mixin.py:190} INFO - [2025-01-13T23:56:19.878+0000] {dag.py:3239} INFO - Sync 1 DAGs
[2025-01-13T23:56:19.895+0000] {logging_mixin.py:190} INFO - [2025-01-13T23:56:19.895+0000] {dag.py:4180} INFO - Setting next_dagrun for example_task_group to None, run_after=None
[2025-01-13T23:56:19.919+0000] {processor.py:208} INFO - Processing /home/airflow/.local/lib/python3.12/site-packages/airflow/example_dags/example_task_group.py took 0.087 seconds
[2025-01-13T23:56:50.671+0000] {processor.py:186} INFO - Started process (PID=3971) to work on /home/airflow/.local/lib/python3.12/site-packages/airflow/example_dags/example_task_group.py
[2025-01-13T23:56:50.673+0000] {processor.py:914} INFO - Processing file /home/airflow/.local/lib/python3.12/site-packages/airflow/example_dags/example_task_group.py for tasks to queue
[2025-01-13T23:56:50.677+0000] {logging_mixin.py:190} INFO - [2025-01-13T23:56:50.676+0000] {dagbag.py:588} INFO - Filling up the DagBag from /home/airflow/.local/lib/python3.12/site-packages/airflow/example_dags/example_task_group.py
[2025-01-13T23:56:50.688+0000] {processor.py:925} INFO - DAG(s) 'example_task_group' retrieved from /home/airflow/.local/lib/python3.12/site-packages/airflow/example_dags/example_task_group.py
[2025-01-13T23:56:50.719+0000] {logging_mixin.py:190} INFO - [2025-01-13T23:56:50.718+0000] {dag.py:3239} INFO - Sync 1 DAGs
[2025-01-13T23:56:50.736+0000] {logging_mixin.py:190} INFO - [2025-01-13T23:56:50.735+0000] {dag.py:4180} INFO - Setting next_dagrun for example_task_group to None, run_after=None
[2025-01-13T23:56:50.767+0000] {processor.py:208} INFO - Processing /home/airflow/.local/lib/python3.12/site-packages/airflow/example_dags/example_task_group.py took 0.104 seconds
[2025-01-13T23:57:20.934+0000] {processor.py:186} INFO - Started process (PID=4035) to work on /home/airflow/.local/lib/python3.12/site-packages/airflow/example_dags/example_task_group.py
[2025-01-13T23:57:20.936+0000] {processor.py:914} INFO - Processing file /home/airflow/.local/lib/python3.12/site-packages/airflow/example_dags/example_task_group.py for tasks to queue
[2025-01-13T23:57:20.941+0000] {logging_mixin.py:190} INFO - [2025-01-13T23:57:20.940+0000] {dagbag.py:588} INFO - Filling up the DagBag from /home/airflow/.local/lib/python3.12/site-packages/airflow/example_dags/example_task_group.py
[2025-01-13T23:57:20.952+0000] {processor.py:925} INFO - DAG(s) 'example_task_group' retrieved from /home/airflow/.local/lib/python3.12/site-packages/airflow/example_dags/example_task_group.py
[2025-01-13T23:57:20.984+0000] {logging_mixin.py:190} INFO - [2025-01-13T23:57:20.984+0000] {dag.py:3239} INFO - Sync 1 DAGs
[2025-01-13T23:57:20.997+0000] {logging_mixin.py:190} INFO - [2025-01-13T23:57:20.997+0000] {dag.py:4180} INFO - Setting next_dagrun for example_task_group to None, run_after=None
[2025-01-13T23:57:21.027+0000] {processor.py:208} INFO - Processing /home/airflow/.local/lib/python3.12/site-packages/airflow/example_dags/example_task_group.py took 0.101 seconds
[2025-01-13T23:57:51.148+0000] {processor.py:186} INFO - Started process (PID=4098) to work on /home/airflow/.local/lib/python3.12/site-packages/airflow/example_dags/example_task_group.py
[2025-01-13T23:57:51.149+0000] {processor.py:914} INFO - Processing file /home/airflow/.local/lib/python3.12/site-packages/airflow/example_dags/example_task_group.py for tasks to queue
[2025-01-13T23:57:51.152+0000] {logging_mixin.py:190} INFO - [2025-01-13T23:57:51.152+0000] {dagbag.py:588} INFO - Filling up the DagBag from /home/airflow/.local/lib/python3.12/site-packages/airflow/example_dags/example_task_group.py
[2025-01-13T23:57:51.159+0000] {processor.py:925} INFO - DAG(s) 'example_task_group' retrieved from /home/airflow/.local/lib/python3.12/site-packages/airflow/example_dags/example_task_group.py
[2025-01-13T23:57:51.179+0000] {logging_mixin.py:190} INFO - [2025-01-13T23:57:51.179+0000] {dag.py:3239} INFO - Sync 1 DAGs
[2025-01-13T23:57:51.193+0000] {logging_mixin.py:190} INFO - [2025-01-13T23:57:51.193+0000] {dag.py:4180} INFO - Setting next_dagrun for example_task_group to None, run_after=None
[2025-01-13T23:57:51.215+0000] {processor.py:208} INFO - Processing /home/airflow/.local/lib/python3.12/site-packages/airflow/example_dags/example_task_group.py took 0.072 seconds
[2025-01-13T23:58:21.499+0000] {processor.py:186} INFO - Started process (PID=4160) to work on /home/airflow/.local/lib/python3.12/site-packages/airflow/example_dags/example_task_group.py
[2025-01-13T23:58:21.500+0000] {processor.py:914} INFO - Processing file /home/airflow/.local/lib/python3.12/site-packages/airflow/example_dags/example_task_group.py for tasks to queue
[2025-01-13T23:58:21.502+0000] {logging_mixin.py:190} INFO - [2025-01-13T23:58:21.502+0000] {dagbag.py:588} INFO - Filling up the DagBag from /home/airflow/.local/lib/python3.12/site-packages/airflow/example_dags/example_task_group.py
[2025-01-13T23:58:21.509+0000] {processor.py:925} INFO - DAG(s) 'example_task_group' retrieved from /home/airflow/.local/lib/python3.12/site-packages/airflow/example_dags/example_task_group.py
[2025-01-13T23:58:21.531+0000] {logging_mixin.py:190} INFO - [2025-01-13T23:58:21.531+0000] {dag.py:3239} INFO - Sync 1 DAGs
[2025-01-13T23:58:21.545+0000] {logging_mixin.py:190} INFO - [2025-01-13T23:58:21.545+0000] {dag.py:4180} INFO - Setting next_dagrun for example_task_group to None, run_after=None
[2025-01-13T23:58:21.563+0000] {processor.py:208} INFO - Processing /home/airflow/.local/lib/python3.12/site-packages/airflow/example_dags/example_task_group.py took 0.069 seconds
[2025-01-13T23:58:52.190+0000] {processor.py:186} INFO - Started process (PID=4221) to work on /home/airflow/.local/lib/python3.12/site-packages/airflow/example_dags/example_task_group.py
[2025-01-13T23:58:52.192+0000] {processor.py:914} INFO - Processing file /home/airflow/.local/lib/python3.12/site-packages/airflow/example_dags/example_task_group.py for tasks to queue
[2025-01-13T23:58:52.194+0000] {logging_mixin.py:190} INFO - [2025-01-13T23:58:52.194+0000] {dagbag.py:588} INFO - Filling up the DagBag from /home/airflow/.local/lib/python3.12/site-packages/airflow/example_dags/example_task_group.py
[2025-01-13T23:58:52.204+0000] {processor.py:925} INFO - DAG(s) 'example_task_group' retrieved from /home/airflow/.local/lib/python3.12/site-packages/airflow/example_dags/example_task_group.py
[2025-01-13T23:58:52.226+0000] {logging_mixin.py:190} INFO - [2025-01-13T23:58:52.226+0000] {dag.py:3239} INFO - Sync 1 DAGs
[2025-01-13T23:58:52.240+0000] {logging_mixin.py:190} INFO - [2025-01-13T23:58:52.240+0000] {dag.py:4180} INFO - Setting next_dagrun for example_task_group to None, run_after=None
[2025-01-13T23:58:52.260+0000] {processor.py:208} INFO - Processing /home/airflow/.local/lib/python3.12/site-packages/airflow/example_dags/example_task_group.py took 0.075 seconds
[2025-01-13T23:59:22.697+0000] {processor.py:186} INFO - Started process (PID=4285) to work on /home/airflow/.local/lib/python3.12/site-packages/airflow/example_dags/example_task_group.py
[2025-01-13T23:59:22.698+0000] {processor.py:914} INFO - Processing file /home/airflow/.local/lib/python3.12/site-packages/airflow/example_dags/example_task_group.py for tasks to queue
[2025-01-13T23:59:22.701+0000] {logging_mixin.py:190} INFO - [2025-01-13T23:59:22.701+0000] {dagbag.py:588} INFO - Filling up the DagBag from /home/airflow/.local/lib/python3.12/site-packages/airflow/example_dags/example_task_group.py
[2025-01-13T23:59:22.710+0000] {processor.py:925} INFO - DAG(s) 'example_task_group' retrieved from /home/airflow/.local/lib/python3.12/site-packages/airflow/example_dags/example_task_group.py
[2025-01-13T23:59:22.737+0000] {logging_mixin.py:190} INFO - [2025-01-13T23:59:22.737+0000] {dag.py:3239} INFO - Sync 1 DAGs
[2025-01-13T23:59:22.751+0000] {logging_mixin.py:190} INFO - [2025-01-13T23:59:22.751+0000] {dag.py:4180} INFO - Setting next_dagrun for example_task_group to None, run_after=None
[2025-01-13T23:59:22.776+0000] {processor.py:208} INFO - Processing /home/airflow/.local/lib/python3.12/site-packages/airflow/example_dags/example_task_group.py took 0.085 seconds
[2025-01-13T23:59:52.974+0000] {processor.py:186} INFO - Started process (PID=4349) to work on /home/airflow/.local/lib/python3.12/site-packages/airflow/example_dags/example_task_group.py
[2025-01-13T23:59:52.976+0000] {processor.py:914} INFO - Processing file /home/airflow/.local/lib/python3.12/site-packages/airflow/example_dags/example_task_group.py for tasks to queue
[2025-01-13T23:59:52.978+0000] {logging_mixin.py:190} INFO - [2025-01-13T23:59:52.978+0000] {dagbag.py:588} INFO - Filling up the DagBag from /home/airflow/.local/lib/python3.12/site-packages/airflow/example_dags/example_task_group.py
[2025-01-13T23:59:52.990+0000] {processor.py:925} INFO - DAG(s) 'example_task_group' retrieved from /home/airflow/.local/lib/python3.12/site-packages/airflow/example_dags/example_task_group.py
[2025-01-13T23:59:53.013+0000] {logging_mixin.py:190} INFO - [2025-01-13T23:59:53.012+0000] {dag.py:3239} INFO - Sync 1 DAGs
[2025-01-13T23:59:53.028+0000] {logging_mixin.py:190} INFO - [2025-01-13T23:59:53.028+0000] {dag.py:4180} INFO - Setting next_dagrun for example_task_group to None, run_after=None
[2025-01-13T23:59:53.050+0000] {processor.py:208} INFO - Processing /home/airflow/.local/lib/python3.12/site-packages/airflow/example_dags/example_task_group.py took 0.081 seconds
