[2025-01-13T23:25:45.678+0000] {processor.py:186} INFO - Started process (PID=88) to work on /home/airflow/.local/lib/python3.12/site-packages/airflow/example_dags/example_sensors.py
[2025-01-13T23:25:45.680+0000] {processor.py:914} INFO - Processing file /home/airflow/.local/lib/python3.12/site-packages/airflow/example_dags/example_sensors.py for tasks to queue
[2025-01-13T23:25:45.683+0000] {logging_mixin.py:190} INFO - [2025-01-13T23:25:45.683+0000] {dagbag.py:588} INFO - Filling up the DagBag from /home/airflow/.local/lib/python3.12/site-packages/airflow/example_dags/example_sensors.py
[2025-01-13T23:25:45.724+0000] {processor.py:925} INFO - DAG(s) 'example_sensors' retrieved from /home/airflow/.local/lib/python3.12/site-packages/airflow/example_dags/example_sensors.py
[2025-01-13T23:25:45.754+0000] {logging_mixin.py:190} INFO - [2025-01-13T23:25:45.753+0000] {dag.py:3239} INFO - Sync 1 DAGs
[2025-01-13T23:25:45.765+0000] {logging_mixin.py:190} INFO - [2025-01-13T23:25:45.765+0000] {dag.py:4180} INFO - Setting next_dagrun for example_sensors to None, run_after=None
[2025-01-13T23:25:45.833+0000] {processor.py:208} INFO - Processing /home/airflow/.local/lib/python3.12/site-packages/airflow/example_dags/example_sensors.py took 0.161 seconds
[2025-01-13T23:26:16.266+0000] {processor.py:186} INFO - Started process (PID=152) to work on /home/airflow/.local/lib/python3.12/site-packages/airflow/example_dags/example_sensors.py
[2025-01-13T23:26:16.268+0000] {processor.py:914} INFO - Processing file /home/airflow/.local/lib/python3.12/site-packages/airflow/example_dags/example_sensors.py for tasks to queue
[2025-01-13T23:26:16.270+0000] {logging_mixin.py:190} INFO - [2025-01-13T23:26:16.269+0000] {dagbag.py:588} INFO - Filling up the DagBag from /home/airflow/.local/lib/python3.12/site-packages/airflow/example_dags/example_sensors.py
[2025-01-13T23:26:16.277+0000] {processor.py:925} INFO - DAG(s) 'example_sensors' retrieved from /home/airflow/.local/lib/python3.12/site-packages/airflow/example_dags/example_sensors.py
[2025-01-13T23:26:16.296+0000] {logging_mixin.py:190} INFO - [2025-01-13T23:26:16.296+0000] {dag.py:3239} INFO - Sync 1 DAGs
[2025-01-13T23:26:16.306+0000] {logging_mixin.py:190} INFO - [2025-01-13T23:26:16.306+0000] {dag.py:4180} INFO - Setting next_dagrun for example_sensors to None, run_after=None
[2025-01-13T23:26:16.322+0000] {processor.py:208} INFO - Processing /home/airflow/.local/lib/python3.12/site-packages/airflow/example_dags/example_sensors.py took 0.060 seconds
[2025-01-13T23:26:46.808+0000] {processor.py:186} INFO - Started process (PID=216) to work on /home/airflow/.local/lib/python3.12/site-packages/airflow/example_dags/example_sensors.py
[2025-01-13T23:26:46.809+0000] {processor.py:914} INFO - Processing file /home/airflow/.local/lib/python3.12/site-packages/airflow/example_dags/example_sensors.py for tasks to queue
[2025-01-13T23:26:46.812+0000] {logging_mixin.py:190} INFO - [2025-01-13T23:26:46.811+0000] {dagbag.py:588} INFO - Filling up the DagBag from /home/airflow/.local/lib/python3.12/site-packages/airflow/example_dags/example_sensors.py
[2025-01-13T23:26:46.820+0000] {processor.py:925} INFO - DAG(s) 'example_sensors' retrieved from /home/airflow/.local/lib/python3.12/site-packages/airflow/example_dags/example_sensors.py
[2025-01-13T23:26:46.841+0000] {logging_mixin.py:190} INFO - [2025-01-13T23:26:46.840+0000] {dag.py:3239} INFO - Sync 1 DAGs
[2025-01-13T23:26:46.851+0000] {logging_mixin.py:190} INFO - [2025-01-13T23:26:46.850+0000] {dag.py:4180} INFO - Setting next_dagrun for example_sensors to None, run_after=None
[2025-01-13T23:26:46.867+0000] {processor.py:208} INFO - Processing /home/airflow/.local/lib/python3.12/site-packages/airflow/example_dags/example_sensors.py took 0.063 seconds
[2025-01-13T23:27:17.634+0000] {processor.py:186} INFO - Started process (PID=286) to work on /home/airflow/.local/lib/python3.12/site-packages/airflow/example_dags/example_sensors.py
[2025-01-13T23:27:17.636+0000] {processor.py:914} INFO - Processing file /home/airflow/.local/lib/python3.12/site-packages/airflow/example_dags/example_sensors.py for tasks to queue
[2025-01-13T23:27:17.638+0000] {logging_mixin.py:190} INFO - [2025-01-13T23:27:17.638+0000] {dagbag.py:588} INFO - Filling up the DagBag from /home/airflow/.local/lib/python3.12/site-packages/airflow/example_dags/example_sensors.py
[2025-01-13T23:27:17.645+0000] {processor.py:925} INFO - DAG(s) 'example_sensors' retrieved from /home/airflow/.local/lib/python3.12/site-packages/airflow/example_dags/example_sensors.py
[2025-01-13T23:27:17.668+0000] {logging_mixin.py:190} INFO - [2025-01-13T23:27:17.667+0000] {dag.py:3239} INFO - Sync 1 DAGs
[2025-01-13T23:27:17.682+0000] {logging_mixin.py:190} INFO - [2025-01-13T23:27:17.682+0000] {dag.py:4180} INFO - Setting next_dagrun for example_sensors to None, run_after=None
[2025-01-13T23:27:17.707+0000] {processor.py:208} INFO - Processing /home/airflow/.local/lib/python3.12/site-packages/airflow/example_dags/example_sensors.py took 0.076 seconds
[2025-01-13T23:27:48.807+0000] {processor.py:186} INFO - Started process (PID=350) to work on /home/airflow/.local/lib/python3.12/site-packages/airflow/example_dags/example_sensors.py
[2025-01-13T23:27:48.808+0000] {processor.py:914} INFO - Processing file /home/airflow/.local/lib/python3.12/site-packages/airflow/example_dags/example_sensors.py for tasks to queue
[2025-01-13T23:27:48.810+0000] {logging_mixin.py:190} INFO - [2025-01-13T23:27:48.810+0000] {dagbag.py:588} INFO - Filling up the DagBag from /home/airflow/.local/lib/python3.12/site-packages/airflow/example_dags/example_sensors.py
[2025-01-13T23:27:48.822+0000] {processor.py:925} INFO - DAG(s) 'example_sensors' retrieved from /home/airflow/.local/lib/python3.12/site-packages/airflow/example_dags/example_sensors.py
[2025-01-13T23:27:48.849+0000] {logging_mixin.py:190} INFO - [2025-01-13T23:27:48.849+0000] {dag.py:3239} INFO - Sync 1 DAGs
[2025-01-13T23:27:48.865+0000] {logging_mixin.py:190} INFO - [2025-01-13T23:27:48.865+0000] {dag.py:4180} INFO - Setting next_dagrun for example_sensors to None, run_after=None
[2025-01-13T23:27:48.889+0000] {processor.py:208} INFO - Processing /home/airflow/.local/lib/python3.12/site-packages/airflow/example_dags/example_sensors.py took 0.089 seconds
[2025-01-13T23:28:19.911+0000] {processor.py:186} INFO - Started process (PID=413) to work on /home/airflow/.local/lib/python3.12/site-packages/airflow/example_dags/example_sensors.py
[2025-01-13T23:28:19.912+0000] {processor.py:914} INFO - Processing file /home/airflow/.local/lib/python3.12/site-packages/airflow/example_dags/example_sensors.py for tasks to queue
[2025-01-13T23:28:19.914+0000] {logging_mixin.py:190} INFO - [2025-01-13T23:28:19.914+0000] {dagbag.py:588} INFO - Filling up the DagBag from /home/airflow/.local/lib/python3.12/site-packages/airflow/example_dags/example_sensors.py
[2025-01-13T23:28:19.924+0000] {processor.py:925} INFO - DAG(s) 'example_sensors' retrieved from /home/airflow/.local/lib/python3.12/site-packages/airflow/example_dags/example_sensors.py
[2025-01-13T23:28:19.948+0000] {logging_mixin.py:190} INFO - [2025-01-13T23:28:19.948+0000] {dag.py:3239} INFO - Sync 1 DAGs
[2025-01-13T23:28:19.963+0000] {logging_mixin.py:190} INFO - [2025-01-13T23:28:19.962+0000] {dag.py:4180} INFO - Setting next_dagrun for example_sensors to None, run_after=None
[2025-01-13T23:28:19.982+0000] {processor.py:208} INFO - Processing /home/airflow/.local/lib/python3.12/site-packages/airflow/example_dags/example_sensors.py took 0.076 seconds
[2025-01-13T23:28:50.873+0000] {processor.py:186} INFO - Started process (PID=476) to work on /home/airflow/.local/lib/python3.12/site-packages/airflow/example_dags/example_sensors.py
[2025-01-13T23:28:50.874+0000] {processor.py:914} INFO - Processing file /home/airflow/.local/lib/python3.12/site-packages/airflow/example_dags/example_sensors.py for tasks to queue
[2025-01-13T23:28:50.876+0000] {logging_mixin.py:190} INFO - [2025-01-13T23:28:50.876+0000] {dagbag.py:588} INFO - Filling up the DagBag from /home/airflow/.local/lib/python3.12/site-packages/airflow/example_dags/example_sensors.py
[2025-01-13T23:28:50.884+0000] {processor.py:925} INFO - DAG(s) 'example_sensors' retrieved from /home/airflow/.local/lib/python3.12/site-packages/airflow/example_dags/example_sensors.py
[2025-01-13T23:28:50.902+0000] {logging_mixin.py:190} INFO - [2025-01-13T23:28:50.902+0000] {dag.py:3239} INFO - Sync 1 DAGs
[2025-01-13T23:28:50.915+0000] {logging_mixin.py:190} INFO - [2025-01-13T23:28:50.914+0000] {dag.py:4180} INFO - Setting next_dagrun for example_sensors to None, run_after=None
[2025-01-13T23:28:50.930+0000] {processor.py:208} INFO - Processing /home/airflow/.local/lib/python3.12/site-packages/airflow/example_dags/example_sensors.py took 0.061 seconds
[2025-01-13T23:29:21.313+0000] {processor.py:186} INFO - Started process (PID=539) to work on /home/airflow/.local/lib/python3.12/site-packages/airflow/example_dags/example_sensors.py
[2025-01-13T23:29:21.315+0000] {processor.py:914} INFO - Processing file /home/airflow/.local/lib/python3.12/site-packages/airflow/example_dags/example_sensors.py for tasks to queue
[2025-01-13T23:29:21.318+0000] {logging_mixin.py:190} INFO - [2025-01-13T23:29:21.318+0000] {dagbag.py:588} INFO - Filling up the DagBag from /home/airflow/.local/lib/python3.12/site-packages/airflow/example_dags/example_sensors.py
[2025-01-13T23:29:21.326+0000] {processor.py:925} INFO - DAG(s) 'example_sensors' retrieved from /home/airflow/.local/lib/python3.12/site-packages/airflow/example_dags/example_sensors.py
[2025-01-13T23:29:21.346+0000] {logging_mixin.py:190} INFO - [2025-01-13T23:29:21.346+0000] {dag.py:3239} INFO - Sync 1 DAGs
[2025-01-13T23:29:21.356+0000] {logging_mixin.py:190} INFO - [2025-01-13T23:29:21.355+0000] {dag.py:4180} INFO - Setting next_dagrun for example_sensors to None, run_after=None
[2025-01-13T23:29:21.374+0000] {processor.py:208} INFO - Processing /home/airflow/.local/lib/python3.12/site-packages/airflow/example_dags/example_sensors.py took 0.064 seconds
[2025-01-13T23:29:51.701+0000] {processor.py:186} INFO - Started process (PID=603) to work on /home/airflow/.local/lib/python3.12/site-packages/airflow/example_dags/example_sensors.py
[2025-01-13T23:29:51.702+0000] {processor.py:914} INFO - Processing file /home/airflow/.local/lib/python3.12/site-packages/airflow/example_dags/example_sensors.py for tasks to queue
[2025-01-13T23:29:51.704+0000] {logging_mixin.py:190} INFO - [2025-01-13T23:29:51.704+0000] {dagbag.py:588} INFO - Filling up the DagBag from /home/airflow/.local/lib/python3.12/site-packages/airflow/example_dags/example_sensors.py
[2025-01-13T23:29:51.713+0000] {processor.py:925} INFO - DAG(s) 'example_sensors' retrieved from /home/airflow/.local/lib/python3.12/site-packages/airflow/example_dags/example_sensors.py
[2025-01-13T23:29:51.735+0000] {logging_mixin.py:190} INFO - [2025-01-13T23:29:51.735+0000] {dag.py:3239} INFO - Sync 1 DAGs
[2025-01-13T23:29:51.746+0000] {logging_mixin.py:190} INFO - [2025-01-13T23:29:51.746+0000] {dag.py:4180} INFO - Setting next_dagrun for example_sensors to None, run_after=None
[2025-01-13T23:29:51.765+0000] {processor.py:208} INFO - Processing /home/airflow/.local/lib/python3.12/site-packages/airflow/example_dags/example_sensors.py took 0.069 seconds
[2025-01-13T23:30:21.894+0000] {processor.py:186} INFO - Started process (PID=666) to work on /home/airflow/.local/lib/python3.12/site-packages/airflow/example_dags/example_sensors.py
[2025-01-13T23:30:21.895+0000] {processor.py:914} INFO - Processing file /home/airflow/.local/lib/python3.12/site-packages/airflow/example_dags/example_sensors.py for tasks to queue
[2025-01-13T23:30:21.897+0000] {logging_mixin.py:190} INFO - [2025-01-13T23:30:21.897+0000] {dagbag.py:588} INFO - Filling up the DagBag from /home/airflow/.local/lib/python3.12/site-packages/airflow/example_dags/example_sensors.py
[2025-01-13T23:30:21.906+0000] {processor.py:925} INFO - DAG(s) 'example_sensors' retrieved from /home/airflow/.local/lib/python3.12/site-packages/airflow/example_dags/example_sensors.py
[2025-01-13T23:30:21.926+0000] {logging_mixin.py:190} INFO - [2025-01-13T23:30:21.926+0000] {dag.py:3239} INFO - Sync 1 DAGs
[2025-01-13T23:30:21.937+0000] {logging_mixin.py:190} INFO - [2025-01-13T23:30:21.936+0000] {dag.py:4180} INFO - Setting next_dagrun for example_sensors to None, run_after=None
[2025-01-13T23:30:21.954+0000] {processor.py:208} INFO - Processing /home/airflow/.local/lib/python3.12/site-packages/airflow/example_dags/example_sensors.py took 0.064 seconds
[2025-01-13T23:30:52.820+0000] {processor.py:186} INFO - Started process (PID=730) to work on /home/airflow/.local/lib/python3.12/site-packages/airflow/example_dags/example_sensors.py
[2025-01-13T23:30:52.821+0000] {processor.py:914} INFO - Processing file /home/airflow/.local/lib/python3.12/site-packages/airflow/example_dags/example_sensors.py for tasks to queue
[2025-01-13T23:30:52.823+0000] {logging_mixin.py:190} INFO - [2025-01-13T23:30:52.823+0000] {dagbag.py:588} INFO - Filling up the DagBag from /home/airflow/.local/lib/python3.12/site-packages/airflow/example_dags/example_sensors.py
[2025-01-13T23:30:52.832+0000] {processor.py:925} INFO - DAG(s) 'example_sensors' retrieved from /home/airflow/.local/lib/python3.12/site-packages/airflow/example_dags/example_sensors.py
[2025-01-13T23:30:52.849+0000] {logging_mixin.py:190} INFO - [2025-01-13T23:30:52.849+0000] {dag.py:3239} INFO - Sync 1 DAGs
[2025-01-13T23:30:52.859+0000] {logging_mixin.py:190} INFO - [2025-01-13T23:30:52.859+0000] {dag.py:4180} INFO - Setting next_dagrun for example_sensors to None, run_after=None
[2025-01-13T23:30:52.873+0000] {processor.py:208} INFO - Processing /home/airflow/.local/lib/python3.12/site-packages/airflow/example_dags/example_sensors.py took 0.057 seconds
[2025-01-13T23:31:23.135+0000] {processor.py:186} INFO - Started process (PID=794) to work on /home/airflow/.local/lib/python3.12/site-packages/airflow/example_dags/example_sensors.py
[2025-01-13T23:31:23.136+0000] {processor.py:914} INFO - Processing file /home/airflow/.local/lib/python3.12/site-packages/airflow/example_dags/example_sensors.py for tasks to queue
[2025-01-13T23:31:23.138+0000] {logging_mixin.py:190} INFO - [2025-01-13T23:31:23.137+0000] {dagbag.py:588} INFO - Filling up the DagBag from /home/airflow/.local/lib/python3.12/site-packages/airflow/example_dags/example_sensors.py
[2025-01-13T23:31:23.145+0000] {processor.py:925} INFO - DAG(s) 'example_sensors' retrieved from /home/airflow/.local/lib/python3.12/site-packages/airflow/example_dags/example_sensors.py
[2025-01-13T23:31:23.166+0000] {logging_mixin.py:190} INFO - [2025-01-13T23:31:23.166+0000] {dag.py:3239} INFO - Sync 1 DAGs
[2025-01-13T23:31:23.178+0000] {logging_mixin.py:190} INFO - [2025-01-13T23:31:23.177+0000] {dag.py:4180} INFO - Setting next_dagrun for example_sensors to None, run_after=None
[2025-01-13T23:31:23.195+0000] {processor.py:208} INFO - Processing /home/airflow/.local/lib/python3.12/site-packages/airflow/example_dags/example_sensors.py took 0.064 seconds
[2025-01-13T23:31:53.721+0000] {processor.py:186} INFO - Started process (PID=857) to work on /home/airflow/.local/lib/python3.12/site-packages/airflow/example_dags/example_sensors.py
[2025-01-13T23:31:53.722+0000] {processor.py:914} INFO - Processing file /home/airflow/.local/lib/python3.12/site-packages/airflow/example_dags/example_sensors.py for tasks to queue
[2025-01-13T23:31:53.724+0000] {logging_mixin.py:190} INFO - [2025-01-13T23:31:53.724+0000] {dagbag.py:588} INFO - Filling up the DagBag from /home/airflow/.local/lib/python3.12/site-packages/airflow/example_dags/example_sensors.py
[2025-01-13T23:31:53.732+0000] {processor.py:925} INFO - DAG(s) 'example_sensors' retrieved from /home/airflow/.local/lib/python3.12/site-packages/airflow/example_dags/example_sensors.py
[2025-01-13T23:31:53.764+0000] {logging_mixin.py:190} INFO - [2025-01-13T23:31:53.763+0000] {dag.py:3239} INFO - Sync 1 DAGs
[2025-01-13T23:31:53.778+0000] {logging_mixin.py:190} INFO - [2025-01-13T23:31:53.778+0000] {dag.py:4180} INFO - Setting next_dagrun for example_sensors to None, run_after=None
[2025-01-13T23:31:53.798+0000] {processor.py:208} INFO - Processing /home/airflow/.local/lib/python3.12/site-packages/airflow/example_dags/example_sensors.py took 0.081 seconds
[2025-01-13T23:32:23.984+0000] {processor.py:186} INFO - Started process (PID=921) to work on /home/airflow/.local/lib/python3.12/site-packages/airflow/example_dags/example_sensors.py
[2025-01-13T23:32:23.987+0000] {processor.py:914} INFO - Processing file /home/airflow/.local/lib/python3.12/site-packages/airflow/example_dags/example_sensors.py for tasks to queue
[2025-01-13T23:32:23.989+0000] {logging_mixin.py:190} INFO - [2025-01-13T23:32:23.989+0000] {dagbag.py:588} INFO - Filling up the DagBag from /home/airflow/.local/lib/python3.12/site-packages/airflow/example_dags/example_sensors.py
[2025-01-13T23:32:24.003+0000] {processor.py:925} INFO - DAG(s) 'example_sensors' retrieved from /home/airflow/.local/lib/python3.12/site-packages/airflow/example_dags/example_sensors.py
[2025-01-13T23:32:24.027+0000] {logging_mixin.py:190} INFO - [2025-01-13T23:32:24.027+0000] {dag.py:3239} INFO - Sync 1 DAGs
[2025-01-13T23:32:24.041+0000] {logging_mixin.py:190} INFO - [2025-01-13T23:32:24.041+0000] {dag.py:4180} INFO - Setting next_dagrun for example_sensors to None, run_after=None
[2025-01-13T23:32:24.061+0000] {processor.py:208} INFO - Processing /home/airflow/.local/lib/python3.12/site-packages/airflow/example_dags/example_sensors.py took 0.083 seconds
[2025-01-13T23:32:54.237+0000] {processor.py:186} INFO - Started process (PID=985) to work on /home/airflow/.local/lib/python3.12/site-packages/airflow/example_dags/example_sensors.py
[2025-01-13T23:32:54.238+0000] {processor.py:914} INFO - Processing file /home/airflow/.local/lib/python3.12/site-packages/airflow/example_dags/example_sensors.py for tasks to queue
[2025-01-13T23:32:54.240+0000] {logging_mixin.py:190} INFO - [2025-01-13T23:32:54.240+0000] {dagbag.py:588} INFO - Filling up the DagBag from /home/airflow/.local/lib/python3.12/site-packages/airflow/example_dags/example_sensors.py
[2025-01-13T23:32:54.251+0000] {processor.py:925} INFO - DAG(s) 'example_sensors' retrieved from /home/airflow/.local/lib/python3.12/site-packages/airflow/example_dags/example_sensors.py
[2025-01-13T23:32:54.270+0000] {logging_mixin.py:190} INFO - [2025-01-13T23:32:54.270+0000] {dag.py:3239} INFO - Sync 1 DAGs
[2025-01-13T23:32:54.280+0000] {logging_mixin.py:190} INFO - [2025-01-13T23:32:54.280+0000] {dag.py:4180} INFO - Setting next_dagrun for example_sensors to None, run_after=None
[2025-01-13T23:32:54.297+0000] {processor.py:208} INFO - Processing /home/airflow/.local/lib/python3.12/site-packages/airflow/example_dags/example_sensors.py took 0.064 seconds
[2025-01-13T23:33:24.539+0000] {processor.py:186} INFO - Started process (PID=1049) to work on /home/airflow/.local/lib/python3.12/site-packages/airflow/example_dags/example_sensors.py
[2025-01-13T23:33:24.541+0000] {processor.py:914} INFO - Processing file /home/airflow/.local/lib/python3.12/site-packages/airflow/example_dags/example_sensors.py for tasks to queue
[2025-01-13T23:33:24.543+0000] {logging_mixin.py:190} INFO - [2025-01-13T23:33:24.543+0000] {dagbag.py:588} INFO - Filling up the DagBag from /home/airflow/.local/lib/python3.12/site-packages/airflow/example_dags/example_sensors.py
[2025-01-13T23:33:24.552+0000] {processor.py:925} INFO - DAG(s) 'example_sensors' retrieved from /home/airflow/.local/lib/python3.12/site-packages/airflow/example_dags/example_sensors.py
[2025-01-13T23:33:24.569+0000] {logging_mixin.py:190} INFO - [2025-01-13T23:33:24.569+0000] {dag.py:3239} INFO - Sync 1 DAGs
[2025-01-13T23:33:24.579+0000] {logging_mixin.py:190} INFO - [2025-01-13T23:33:24.579+0000] {dag.py:4180} INFO - Setting next_dagrun for example_sensors to None, run_after=None
[2025-01-13T23:33:24.594+0000] {processor.py:208} INFO - Processing /home/airflow/.local/lib/python3.12/site-packages/airflow/example_dags/example_sensors.py took 0.059 seconds
[2025-01-13T23:33:54.811+0000] {processor.py:186} INFO - Started process (PID=1113) to work on /home/airflow/.local/lib/python3.12/site-packages/airflow/example_dags/example_sensors.py
[2025-01-13T23:33:54.812+0000] {processor.py:914} INFO - Processing file /home/airflow/.local/lib/python3.12/site-packages/airflow/example_dags/example_sensors.py for tasks to queue
[2025-01-13T23:33:54.816+0000] {logging_mixin.py:190} INFO - [2025-01-13T23:33:54.815+0000] {dagbag.py:588} INFO - Filling up the DagBag from /home/airflow/.local/lib/python3.12/site-packages/airflow/example_dags/example_sensors.py
[2025-01-13T23:33:54.827+0000] {processor.py:925} INFO - DAG(s) 'example_sensors' retrieved from /home/airflow/.local/lib/python3.12/site-packages/airflow/example_dags/example_sensors.py
[2025-01-13T23:33:54.851+0000] {logging_mixin.py:190} INFO - [2025-01-13T23:33:54.851+0000] {dag.py:3239} INFO - Sync 1 DAGs
[2025-01-13T23:33:54.864+0000] {logging_mixin.py:190} INFO - [2025-01-13T23:33:54.863+0000] {dag.py:4180} INFO - Setting next_dagrun for example_sensors to None, run_after=None
[2025-01-13T23:33:54.883+0000] {processor.py:208} INFO - Processing /home/airflow/.local/lib/python3.12/site-packages/airflow/example_dags/example_sensors.py took 0.077 seconds
[2025-01-13T23:34:25.794+0000] {processor.py:186} INFO - Started process (PID=1177) to work on /home/airflow/.local/lib/python3.12/site-packages/airflow/example_dags/example_sensors.py
[2025-01-13T23:34:25.796+0000] {processor.py:914} INFO - Processing file /home/airflow/.local/lib/python3.12/site-packages/airflow/example_dags/example_sensors.py for tasks to queue
[2025-01-13T23:34:25.799+0000] {logging_mixin.py:190} INFO - [2025-01-13T23:34:25.799+0000] {dagbag.py:588} INFO - Filling up the DagBag from /home/airflow/.local/lib/python3.12/site-packages/airflow/example_dags/example_sensors.py
[2025-01-13T23:34:25.810+0000] {processor.py:925} INFO - DAG(s) 'example_sensors' retrieved from /home/airflow/.local/lib/python3.12/site-packages/airflow/example_dags/example_sensors.py
[2025-01-13T23:34:25.837+0000] {logging_mixin.py:190} INFO - [2025-01-13T23:34:25.837+0000] {dag.py:3239} INFO - Sync 1 DAGs
[2025-01-13T23:34:25.850+0000] {logging_mixin.py:190} INFO - [2025-01-13T23:34:25.850+0000] {dag.py:4180} INFO - Setting next_dagrun for example_sensors to None, run_after=None
[2025-01-13T23:34:25.871+0000] {processor.py:208} INFO - Processing /home/airflow/.local/lib/python3.12/site-packages/airflow/example_dags/example_sensors.py took 0.083 seconds
[2025-01-13T23:34:56.233+0000] {processor.py:186} INFO - Started process (PID=1241) to work on /home/airflow/.local/lib/python3.12/site-packages/airflow/example_dags/example_sensors.py
[2025-01-13T23:34:56.235+0000] {processor.py:914} INFO - Processing file /home/airflow/.local/lib/python3.12/site-packages/airflow/example_dags/example_sensors.py for tasks to queue
[2025-01-13T23:34:56.237+0000] {logging_mixin.py:190} INFO - [2025-01-13T23:34:56.237+0000] {dagbag.py:588} INFO - Filling up the DagBag from /home/airflow/.local/lib/python3.12/site-packages/airflow/example_dags/example_sensors.py
[2025-01-13T23:34:56.246+0000] {processor.py:925} INFO - DAG(s) 'example_sensors' retrieved from /home/airflow/.local/lib/python3.12/site-packages/airflow/example_dags/example_sensors.py
[2025-01-13T23:34:56.267+0000] {logging_mixin.py:190} INFO - [2025-01-13T23:34:56.267+0000] {dag.py:3239} INFO - Sync 1 DAGs
[2025-01-13T23:34:56.281+0000] {logging_mixin.py:190} INFO - [2025-01-13T23:34:56.281+0000] {dag.py:4180} INFO - Setting next_dagrun for example_sensors to None, run_after=None
[2025-01-13T23:34:56.300+0000] {processor.py:208} INFO - Processing /home/airflow/.local/lib/python3.12/site-packages/airflow/example_dags/example_sensors.py took 0.071 seconds
[2025-01-13T23:35:26.543+0000] {processor.py:186} INFO - Started process (PID=1305) to work on /home/airflow/.local/lib/python3.12/site-packages/airflow/example_dags/example_sensors.py
[2025-01-13T23:35:26.544+0000] {processor.py:914} INFO - Processing file /home/airflow/.local/lib/python3.12/site-packages/airflow/example_dags/example_sensors.py for tasks to queue
[2025-01-13T23:35:26.548+0000] {logging_mixin.py:190} INFO - [2025-01-13T23:35:26.547+0000] {dagbag.py:588} INFO - Filling up the DagBag from /home/airflow/.local/lib/python3.12/site-packages/airflow/example_dags/example_sensors.py
[2025-01-13T23:35:26.560+0000] {processor.py:925} INFO - DAG(s) 'example_sensors' retrieved from /home/airflow/.local/lib/python3.12/site-packages/airflow/example_dags/example_sensors.py
[2025-01-13T23:35:26.588+0000] {logging_mixin.py:190} INFO - [2025-01-13T23:35:26.588+0000] {dag.py:3239} INFO - Sync 1 DAGs
[2025-01-13T23:35:26.604+0000] {logging_mixin.py:190} INFO - [2025-01-13T23:35:26.603+0000] {dag.py:4180} INFO - Setting next_dagrun for example_sensors to None, run_after=None
[2025-01-13T23:35:26.630+0000] {processor.py:208} INFO - Processing /home/airflow/.local/lib/python3.12/site-packages/airflow/example_dags/example_sensors.py took 0.093 seconds
[2025-01-13T23:35:57.261+0000] {processor.py:186} INFO - Started process (PID=1369) to work on /home/airflow/.local/lib/python3.12/site-packages/airflow/example_dags/example_sensors.py
[2025-01-13T23:35:57.263+0000] {processor.py:914} INFO - Processing file /home/airflow/.local/lib/python3.12/site-packages/airflow/example_dags/example_sensors.py for tasks to queue
[2025-01-13T23:35:57.266+0000] {logging_mixin.py:190} INFO - [2025-01-13T23:35:57.266+0000] {dagbag.py:588} INFO - Filling up the DagBag from /home/airflow/.local/lib/python3.12/site-packages/airflow/example_dags/example_sensors.py
[2025-01-13T23:35:57.280+0000] {processor.py:925} INFO - DAG(s) 'example_sensors' retrieved from /home/airflow/.local/lib/python3.12/site-packages/airflow/example_dags/example_sensors.py
[2025-01-13T23:35:57.309+0000] {logging_mixin.py:190} INFO - [2025-01-13T23:35:57.309+0000] {dag.py:3239} INFO - Sync 1 DAGs
[2025-01-13T23:35:57.322+0000] {logging_mixin.py:190} INFO - [2025-01-13T23:35:57.321+0000] {dag.py:4180} INFO - Setting next_dagrun for example_sensors to None, run_after=None
[2025-01-13T23:35:57.346+0000] {processor.py:208} INFO - Processing /home/airflow/.local/lib/python3.12/site-packages/airflow/example_dags/example_sensors.py took 0.090 seconds
[2025-01-13T23:36:27.532+0000] {processor.py:186} INFO - Started process (PID=1433) to work on /home/airflow/.local/lib/python3.12/site-packages/airflow/example_dags/example_sensors.py
[2025-01-13T23:36:27.534+0000] {processor.py:914} INFO - Processing file /home/airflow/.local/lib/python3.12/site-packages/airflow/example_dags/example_sensors.py for tasks to queue
[2025-01-13T23:36:27.537+0000] {logging_mixin.py:190} INFO - [2025-01-13T23:36:27.536+0000] {dagbag.py:588} INFO - Filling up the DagBag from /home/airflow/.local/lib/python3.12/site-packages/airflow/example_dags/example_sensors.py
[2025-01-13T23:36:27.547+0000] {processor.py:925} INFO - DAG(s) 'example_sensors' retrieved from /home/airflow/.local/lib/python3.12/site-packages/airflow/example_dags/example_sensors.py
[2025-01-13T23:36:27.573+0000] {logging_mixin.py:190} INFO - [2025-01-13T23:36:27.573+0000] {dag.py:3239} INFO - Sync 1 DAGs
[2025-01-13T23:36:27.588+0000] {logging_mixin.py:190} INFO - [2025-01-13T23:36:27.587+0000] {dag.py:4180} INFO - Setting next_dagrun for example_sensors to None, run_after=None
[2025-01-13T23:36:27.609+0000] {processor.py:208} INFO - Processing /home/airflow/.local/lib/python3.12/site-packages/airflow/example_dags/example_sensors.py took 0.081 seconds
[2025-01-13T23:36:57.843+0000] {processor.py:186} INFO - Started process (PID=1497) to work on /home/airflow/.local/lib/python3.12/site-packages/airflow/example_dags/example_sensors.py
[2025-01-13T23:36:57.845+0000] {processor.py:914} INFO - Processing file /home/airflow/.local/lib/python3.12/site-packages/airflow/example_dags/example_sensors.py for tasks to queue
[2025-01-13T23:36:57.848+0000] {logging_mixin.py:190} INFO - [2025-01-13T23:36:57.848+0000] {dagbag.py:588} INFO - Filling up the DagBag from /home/airflow/.local/lib/python3.12/site-packages/airflow/example_dags/example_sensors.py
[2025-01-13T23:36:57.865+0000] {processor.py:925} INFO - DAG(s) 'example_sensors' retrieved from /home/airflow/.local/lib/python3.12/site-packages/airflow/example_dags/example_sensors.py
[2025-01-13T23:36:57.894+0000] {logging_mixin.py:190} INFO - [2025-01-13T23:36:57.893+0000] {dag.py:3239} INFO - Sync 1 DAGs
[2025-01-13T23:36:57.917+0000] {logging_mixin.py:190} INFO - [2025-01-13T23:36:57.916+0000] {dag.py:4180} INFO - Setting next_dagrun for example_sensors to None, run_after=None
[2025-01-13T23:36:57.940+0000] {processor.py:208} INFO - Processing /home/airflow/.local/lib/python3.12/site-packages/airflow/example_dags/example_sensors.py took 0.105 seconds
[2025-01-13T23:37:28.410+0000] {processor.py:186} INFO - Started process (PID=1561) to work on /home/airflow/.local/lib/python3.12/site-packages/airflow/example_dags/example_sensors.py
[2025-01-13T23:37:28.412+0000] {processor.py:914} INFO - Processing file /home/airflow/.local/lib/python3.12/site-packages/airflow/example_dags/example_sensors.py for tasks to queue
[2025-01-13T23:37:28.416+0000] {logging_mixin.py:190} INFO - [2025-01-13T23:37:28.415+0000] {dagbag.py:588} INFO - Filling up the DagBag from /home/airflow/.local/lib/python3.12/site-packages/airflow/example_dags/example_sensors.py
[2025-01-13T23:37:28.432+0000] {processor.py:925} INFO - DAG(s) 'example_sensors' retrieved from /home/airflow/.local/lib/python3.12/site-packages/airflow/example_dags/example_sensors.py
[2025-01-13T23:37:28.470+0000] {logging_mixin.py:190} INFO - [2025-01-13T23:37:28.470+0000] {dag.py:3239} INFO - Sync 1 DAGs
[2025-01-13T23:37:28.486+0000] {logging_mixin.py:190} INFO - [2025-01-13T23:37:28.485+0000] {dag.py:4180} INFO - Setting next_dagrun for example_sensors to None, run_after=None
[2025-01-13T23:37:28.512+0000] {processor.py:208} INFO - Processing /home/airflow/.local/lib/python3.12/site-packages/airflow/example_dags/example_sensors.py took 0.109 seconds
[2025-01-13T23:37:59.376+0000] {processor.py:186} INFO - Started process (PID=1625) to work on /home/airflow/.local/lib/python3.12/site-packages/airflow/example_dags/example_sensors.py
[2025-01-13T23:37:59.377+0000] {processor.py:914} INFO - Processing file /home/airflow/.local/lib/python3.12/site-packages/airflow/example_dags/example_sensors.py for tasks to queue
[2025-01-13T23:37:59.380+0000] {logging_mixin.py:190} INFO - [2025-01-13T23:37:59.380+0000] {dagbag.py:588} INFO - Filling up the DagBag from /home/airflow/.local/lib/python3.12/site-packages/airflow/example_dags/example_sensors.py
[2025-01-13T23:37:59.391+0000] {processor.py:925} INFO - DAG(s) 'example_sensors' retrieved from /home/airflow/.local/lib/python3.12/site-packages/airflow/example_dags/example_sensors.py
[2025-01-13T23:37:59.421+0000] {logging_mixin.py:190} INFO - [2025-01-13T23:37:59.421+0000] {dag.py:3239} INFO - Sync 1 DAGs
[2025-01-13T23:37:59.435+0000] {logging_mixin.py:190} INFO - [2025-01-13T23:37:59.435+0000] {dag.py:4180} INFO - Setting next_dagrun for example_sensors to None, run_after=None
[2025-01-13T23:37:59.458+0000] {processor.py:208} INFO - Processing /home/airflow/.local/lib/python3.12/site-packages/airflow/example_dags/example_sensors.py took 0.090 seconds
[2025-01-13T23:38:29.556+0000] {processor.py:186} INFO - Started process (PID=1689) to work on /home/airflow/.local/lib/python3.12/site-packages/airflow/example_dags/example_sensors.py
[2025-01-13T23:38:29.558+0000] {processor.py:914} INFO - Processing file /home/airflow/.local/lib/python3.12/site-packages/airflow/example_dags/example_sensors.py for tasks to queue
[2025-01-13T23:38:29.561+0000] {logging_mixin.py:190} INFO - [2025-01-13T23:38:29.560+0000] {dagbag.py:588} INFO - Filling up the DagBag from /home/airflow/.local/lib/python3.12/site-packages/airflow/example_dags/example_sensors.py
[2025-01-13T23:38:29.569+0000] {processor.py:925} INFO - DAG(s) 'example_sensors' retrieved from /home/airflow/.local/lib/python3.12/site-packages/airflow/example_dags/example_sensors.py
[2025-01-13T23:38:29.592+0000] {logging_mixin.py:190} INFO - [2025-01-13T23:38:29.591+0000] {dag.py:3239} INFO - Sync 1 DAGs
[2025-01-13T23:38:29.602+0000] {logging_mixin.py:190} INFO - [2025-01-13T23:38:29.602+0000] {dag.py:4180} INFO - Setting next_dagrun for example_sensors to None, run_after=None
[2025-01-13T23:38:29.621+0000] {processor.py:208} INFO - Processing /home/airflow/.local/lib/python3.12/site-packages/airflow/example_dags/example_sensors.py took 0.070 seconds
[2025-01-13T23:38:59.865+0000] {processor.py:186} INFO - Started process (PID=1753) to work on /home/airflow/.local/lib/python3.12/site-packages/airflow/example_dags/example_sensors.py
[2025-01-13T23:38:59.866+0000] {processor.py:914} INFO - Processing file /home/airflow/.local/lib/python3.12/site-packages/airflow/example_dags/example_sensors.py for tasks to queue
[2025-01-13T23:38:59.869+0000] {logging_mixin.py:190} INFO - [2025-01-13T23:38:59.868+0000] {dagbag.py:588} INFO - Filling up the DagBag from /home/airflow/.local/lib/python3.12/site-packages/airflow/example_dags/example_sensors.py
[2025-01-13T23:38:59.877+0000] {processor.py:925} INFO - DAG(s) 'example_sensors' retrieved from /home/airflow/.local/lib/python3.12/site-packages/airflow/example_dags/example_sensors.py
[2025-01-13T23:38:59.900+0000] {logging_mixin.py:190} INFO - [2025-01-13T23:38:59.899+0000] {dag.py:3239} INFO - Sync 1 DAGs
[2025-01-13T23:38:59.910+0000] {logging_mixin.py:190} INFO - [2025-01-13T23:38:59.910+0000] {dag.py:4180} INFO - Setting next_dagrun for example_sensors to None, run_after=None
[2025-01-13T23:38:59.927+0000] {processor.py:208} INFO - Processing /home/airflow/.local/lib/python3.12/site-packages/airflow/example_dags/example_sensors.py took 0.066 seconds
[2025-01-13T23:39:30.334+0000] {processor.py:186} INFO - Started process (PID=1817) to work on /home/airflow/.local/lib/python3.12/site-packages/airflow/example_dags/example_sensors.py
[2025-01-13T23:39:30.335+0000] {processor.py:914} INFO - Processing file /home/airflow/.local/lib/python3.12/site-packages/airflow/example_dags/example_sensors.py for tasks to queue
[2025-01-13T23:39:30.337+0000] {logging_mixin.py:190} INFO - [2025-01-13T23:39:30.336+0000] {dagbag.py:588} INFO - Filling up the DagBag from /home/airflow/.local/lib/python3.12/site-packages/airflow/example_dags/example_sensors.py
[2025-01-13T23:39:30.345+0000] {processor.py:925} INFO - DAG(s) 'example_sensors' retrieved from /home/airflow/.local/lib/python3.12/site-packages/airflow/example_dags/example_sensors.py
[2025-01-13T23:39:30.367+0000] {logging_mixin.py:190} INFO - [2025-01-13T23:39:30.367+0000] {dag.py:3239} INFO - Sync 1 DAGs
[2025-01-13T23:39:30.378+0000] {logging_mixin.py:190} INFO - [2025-01-13T23:39:30.377+0000] {dag.py:4180} INFO - Setting next_dagrun for example_sensors to None, run_after=None
[2025-01-13T23:39:30.395+0000] {processor.py:208} INFO - Processing /home/airflow/.local/lib/python3.12/site-packages/airflow/example_dags/example_sensors.py took 0.065 seconds
[2025-01-13T23:40:01.433+0000] {processor.py:186} INFO - Started process (PID=1881) to work on /home/airflow/.local/lib/python3.12/site-packages/airflow/example_dags/example_sensors.py
[2025-01-13T23:40:01.435+0000] {processor.py:914} INFO - Processing file /home/airflow/.local/lib/python3.12/site-packages/airflow/example_dags/example_sensors.py for tasks to queue
[2025-01-13T23:40:01.438+0000] {logging_mixin.py:190} INFO - [2025-01-13T23:40:01.437+0000] {dagbag.py:588} INFO - Filling up the DagBag from /home/airflow/.local/lib/python3.12/site-packages/airflow/example_dags/example_sensors.py
[2025-01-13T23:40:01.447+0000] {processor.py:925} INFO - DAG(s) 'example_sensors' retrieved from /home/airflow/.local/lib/python3.12/site-packages/airflow/example_dags/example_sensors.py
[2025-01-13T23:40:01.469+0000] {logging_mixin.py:190} INFO - [2025-01-13T23:40:01.468+0000] {dag.py:3239} INFO - Sync 1 DAGs
[2025-01-13T23:40:01.480+0000] {logging_mixin.py:190} INFO - [2025-01-13T23:40:01.480+0000] {dag.py:4180} INFO - Setting next_dagrun for example_sensors to None, run_after=None
[2025-01-13T23:40:01.501+0000] {processor.py:208} INFO - Processing /home/airflow/.local/lib/python3.12/site-packages/airflow/example_dags/example_sensors.py took 0.074 seconds
[2025-01-13T23:40:32.002+0000] {processor.py:186} INFO - Started process (PID=1945) to work on /home/airflow/.local/lib/python3.12/site-packages/airflow/example_dags/example_sensors.py
[2025-01-13T23:40:32.003+0000] {processor.py:914} INFO - Processing file /home/airflow/.local/lib/python3.12/site-packages/airflow/example_dags/example_sensors.py for tasks to queue
[2025-01-13T23:40:32.005+0000] {logging_mixin.py:190} INFO - [2025-01-13T23:40:32.005+0000] {dagbag.py:588} INFO - Filling up the DagBag from /home/airflow/.local/lib/python3.12/site-packages/airflow/example_dags/example_sensors.py
[2025-01-13T23:40:32.015+0000] {processor.py:925} INFO - DAG(s) 'example_sensors' retrieved from /home/airflow/.local/lib/python3.12/site-packages/airflow/example_dags/example_sensors.py
[2025-01-13T23:40:32.039+0000] {logging_mixin.py:190} INFO - [2025-01-13T23:40:32.039+0000] {dag.py:3239} INFO - Sync 1 DAGs
[2025-01-13T23:40:32.052+0000] {logging_mixin.py:190} INFO - [2025-01-13T23:40:32.052+0000] {dag.py:4180} INFO - Setting next_dagrun for example_sensors to None, run_after=None
[2025-01-13T23:40:32.072+0000] {processor.py:208} INFO - Processing /home/airflow/.local/lib/python3.12/site-packages/airflow/example_dags/example_sensors.py took 0.074 seconds
[2025-01-13T23:41:02.884+0000] {processor.py:186} INFO - Started process (PID=2009) to work on /home/airflow/.local/lib/python3.12/site-packages/airflow/example_dags/example_sensors.py
[2025-01-13T23:41:02.885+0000] {processor.py:914} INFO - Processing file /home/airflow/.local/lib/python3.12/site-packages/airflow/example_dags/example_sensors.py for tasks to queue
[2025-01-13T23:41:02.887+0000] {logging_mixin.py:190} INFO - [2025-01-13T23:41:02.887+0000] {dagbag.py:588} INFO - Filling up the DagBag from /home/airflow/.local/lib/python3.12/site-packages/airflow/example_dags/example_sensors.py
[2025-01-13T23:41:02.900+0000] {processor.py:925} INFO - DAG(s) 'example_sensors' retrieved from /home/airflow/.local/lib/python3.12/site-packages/airflow/example_dags/example_sensors.py
[2025-01-13T23:41:02.926+0000] {logging_mixin.py:190} INFO - [2025-01-13T23:41:02.926+0000] {dag.py:3239} INFO - Sync 1 DAGs
[2025-01-13T23:41:02.937+0000] {logging_mixin.py:190} INFO - [2025-01-13T23:41:02.937+0000] {dag.py:4180} INFO - Setting next_dagrun for example_sensors to None, run_after=None
[2025-01-13T23:41:02.956+0000] {processor.py:208} INFO - Processing /home/airflow/.local/lib/python3.12/site-packages/airflow/example_dags/example_sensors.py took 0.078 seconds
[2025-01-13T23:41:33.296+0000] {processor.py:186} INFO - Started process (PID=2073) to work on /home/airflow/.local/lib/python3.12/site-packages/airflow/example_dags/example_sensors.py
[2025-01-13T23:41:33.298+0000] {processor.py:914} INFO - Processing file /home/airflow/.local/lib/python3.12/site-packages/airflow/example_dags/example_sensors.py for tasks to queue
[2025-01-13T23:41:33.302+0000] {logging_mixin.py:190} INFO - [2025-01-13T23:41:33.301+0000] {dagbag.py:588} INFO - Filling up the DagBag from /home/airflow/.local/lib/python3.12/site-packages/airflow/example_dags/example_sensors.py
[2025-01-13T23:41:33.316+0000] {processor.py:925} INFO - DAG(s) 'example_sensors' retrieved from /home/airflow/.local/lib/python3.12/site-packages/airflow/example_dags/example_sensors.py
[2025-01-13T23:41:33.350+0000] {logging_mixin.py:190} INFO - [2025-01-13T23:41:33.350+0000] {dag.py:3239} INFO - Sync 1 DAGs
[2025-01-13T23:41:33.366+0000] {logging_mixin.py:190} INFO - [2025-01-13T23:41:33.366+0000] {dag.py:4180} INFO - Setting next_dagrun for example_sensors to None, run_after=None
[2025-01-13T23:41:33.395+0000] {processor.py:208} INFO - Processing /home/airflow/.local/lib/python3.12/site-packages/airflow/example_dags/example_sensors.py took 0.105 seconds
[2025-01-13T23:42:03.705+0000] {processor.py:186} INFO - Started process (PID=2137) to work on /home/airflow/.local/lib/python3.12/site-packages/airflow/example_dags/example_sensors.py
[2025-01-13T23:42:03.706+0000] {processor.py:914} INFO - Processing file /home/airflow/.local/lib/python3.12/site-packages/airflow/example_dags/example_sensors.py for tasks to queue
[2025-01-13T23:42:03.709+0000] {logging_mixin.py:190} INFO - [2025-01-13T23:42:03.709+0000] {dagbag.py:588} INFO - Filling up the DagBag from /home/airflow/.local/lib/python3.12/site-packages/airflow/example_dags/example_sensors.py
[2025-01-13T23:42:03.723+0000] {processor.py:925} INFO - DAG(s) 'example_sensors' retrieved from /home/airflow/.local/lib/python3.12/site-packages/airflow/example_dags/example_sensors.py
[2025-01-13T23:42:03.750+0000] {logging_mixin.py:190} INFO - [2025-01-13T23:42:03.750+0000] {dag.py:3239} INFO - Sync 1 DAGs
[2025-01-13T23:42:03.766+0000] {logging_mixin.py:190} INFO - [2025-01-13T23:42:03.766+0000] {dag.py:4180} INFO - Setting next_dagrun for example_sensors to None, run_after=None
[2025-01-13T23:42:03.785+0000] {processor.py:208} INFO - Processing /home/airflow/.local/lib/python3.12/site-packages/airflow/example_dags/example_sensors.py took 0.087 seconds
[2025-01-13T23:42:34.380+0000] {processor.py:186} INFO - Started process (PID=2201) to work on /home/airflow/.local/lib/python3.12/site-packages/airflow/example_dags/example_sensors.py
[2025-01-13T23:42:34.381+0000] {processor.py:914} INFO - Processing file /home/airflow/.local/lib/python3.12/site-packages/airflow/example_dags/example_sensors.py for tasks to queue
[2025-01-13T23:42:34.383+0000] {logging_mixin.py:190} INFO - [2025-01-13T23:42:34.383+0000] {dagbag.py:588} INFO - Filling up the DagBag from /home/airflow/.local/lib/python3.12/site-packages/airflow/example_dags/example_sensors.py
[2025-01-13T23:42:34.393+0000] {processor.py:925} INFO - DAG(s) 'example_sensors' retrieved from /home/airflow/.local/lib/python3.12/site-packages/airflow/example_dags/example_sensors.py
[2025-01-13T23:42:34.419+0000] {logging_mixin.py:190} INFO - [2025-01-13T23:42:34.419+0000] {dag.py:3239} INFO - Sync 1 DAGs
[2025-01-13T23:42:34.433+0000] {logging_mixin.py:190} INFO - [2025-01-13T23:42:34.432+0000] {dag.py:4180} INFO - Setting next_dagrun for example_sensors to None, run_after=None
[2025-01-13T23:42:34.453+0000] {processor.py:208} INFO - Processing /home/airflow/.local/lib/python3.12/site-packages/airflow/example_dags/example_sensors.py took 0.077 seconds
[2025-01-13T23:43:04.739+0000] {processor.py:186} INFO - Started process (PID=2264) to work on /home/airflow/.local/lib/python3.12/site-packages/airflow/example_dags/example_sensors.py
[2025-01-13T23:43:04.740+0000] {processor.py:914} INFO - Processing file /home/airflow/.local/lib/python3.12/site-packages/airflow/example_dags/example_sensors.py for tasks to queue
[2025-01-13T23:43:04.742+0000] {logging_mixin.py:190} INFO - [2025-01-13T23:43:04.741+0000] {dagbag.py:588} INFO - Filling up the DagBag from /home/airflow/.local/lib/python3.12/site-packages/airflow/example_dags/example_sensors.py
[2025-01-13T23:43:04.750+0000] {processor.py:925} INFO - DAG(s) 'example_sensors' retrieved from /home/airflow/.local/lib/python3.12/site-packages/airflow/example_dags/example_sensors.py
[2025-01-13T23:43:04.768+0000] {logging_mixin.py:190} INFO - [2025-01-13T23:43:04.768+0000] {dag.py:3239} INFO - Sync 1 DAGs
[2025-01-13T23:43:04.779+0000] {logging_mixin.py:190} INFO - [2025-01-13T23:43:04.779+0000] {dag.py:4180} INFO - Setting next_dagrun for example_sensors to None, run_after=None
[2025-01-13T23:43:04.794+0000] {processor.py:208} INFO - Processing /home/airflow/.local/lib/python3.12/site-packages/airflow/example_dags/example_sensors.py took 0.059 seconds
[2025-01-13T23:43:35.360+0000] {processor.py:186} INFO - Started process (PID=2328) to work on /home/airflow/.local/lib/python3.12/site-packages/airflow/example_dags/example_sensors.py
[2025-01-13T23:43:35.361+0000] {processor.py:914} INFO - Processing file /home/airflow/.local/lib/python3.12/site-packages/airflow/example_dags/example_sensors.py for tasks to queue
[2025-01-13T23:43:35.364+0000] {logging_mixin.py:190} INFO - [2025-01-13T23:43:35.363+0000] {dagbag.py:588} INFO - Filling up the DagBag from /home/airflow/.local/lib/python3.12/site-packages/airflow/example_dags/example_sensors.py
[2025-01-13T23:43:35.375+0000] {processor.py:925} INFO - DAG(s) 'example_sensors' retrieved from /home/airflow/.local/lib/python3.12/site-packages/airflow/example_dags/example_sensors.py
[2025-01-13T23:43:35.401+0000] {logging_mixin.py:190} INFO - [2025-01-13T23:43:35.401+0000] {dag.py:3239} INFO - Sync 1 DAGs
[2025-01-13T23:43:35.414+0000] {logging_mixin.py:190} INFO - [2025-01-13T23:43:35.414+0000] {dag.py:4180} INFO - Setting next_dagrun for example_sensors to None, run_after=None
[2025-01-13T23:43:35.435+0000] {processor.py:208} INFO - Processing /home/airflow/.local/lib/python3.12/site-packages/airflow/example_dags/example_sensors.py took 0.081 seconds
[2025-01-13T23:44:06.360+0000] {processor.py:186} INFO - Started process (PID=2392) to work on /home/airflow/.local/lib/python3.12/site-packages/airflow/example_dags/example_sensors.py
[2025-01-13T23:44:06.361+0000] {processor.py:914} INFO - Processing file /home/airflow/.local/lib/python3.12/site-packages/airflow/example_dags/example_sensors.py for tasks to queue
[2025-01-13T23:44:06.363+0000] {logging_mixin.py:190} INFO - [2025-01-13T23:44:06.363+0000] {dagbag.py:588} INFO - Filling up the DagBag from /home/airflow/.local/lib/python3.12/site-packages/airflow/example_dags/example_sensors.py
[2025-01-13T23:44:06.375+0000] {processor.py:925} INFO - DAG(s) 'example_sensors' retrieved from /home/airflow/.local/lib/python3.12/site-packages/airflow/example_dags/example_sensors.py
[2025-01-13T23:44:06.396+0000] {logging_mixin.py:190} INFO - [2025-01-13T23:44:06.396+0000] {dag.py:3239} INFO - Sync 1 DAGs
[2025-01-13T23:44:06.407+0000] {logging_mixin.py:190} INFO - [2025-01-13T23:44:06.407+0000] {dag.py:4180} INFO - Setting next_dagrun for example_sensors to None, run_after=None
[2025-01-13T23:44:06.427+0000] {processor.py:208} INFO - Processing /home/airflow/.local/lib/python3.12/site-packages/airflow/example_dags/example_sensors.py took 0.071 seconds
[2025-01-13T23:44:36.709+0000] {processor.py:186} INFO - Started process (PID=2456) to work on /home/airflow/.local/lib/python3.12/site-packages/airflow/example_dags/example_sensors.py
[2025-01-13T23:44:36.710+0000] {processor.py:914} INFO - Processing file /home/airflow/.local/lib/python3.12/site-packages/airflow/example_dags/example_sensors.py for tasks to queue
[2025-01-13T23:44:36.712+0000] {logging_mixin.py:190} INFO - [2025-01-13T23:44:36.712+0000] {dagbag.py:588} INFO - Filling up the DagBag from /home/airflow/.local/lib/python3.12/site-packages/airflow/example_dags/example_sensors.py
[2025-01-13T23:44:36.720+0000] {processor.py:925} INFO - DAG(s) 'example_sensors' retrieved from /home/airflow/.local/lib/python3.12/site-packages/airflow/example_dags/example_sensors.py
[2025-01-13T23:44:36.741+0000] {logging_mixin.py:190} INFO - [2025-01-13T23:44:36.741+0000] {dag.py:3239} INFO - Sync 1 DAGs
[2025-01-13T23:44:36.753+0000] {logging_mixin.py:190} INFO - [2025-01-13T23:44:36.753+0000] {dag.py:4180} INFO - Setting next_dagrun for example_sensors to None, run_after=None
[2025-01-13T23:44:36.769+0000] {processor.py:208} INFO - Processing /home/airflow/.local/lib/python3.12/site-packages/airflow/example_dags/example_sensors.py took 0.065 seconds
[2025-01-13T23:45:06.874+0000] {processor.py:186} INFO - Started process (PID=2519) to work on /home/airflow/.local/lib/python3.12/site-packages/airflow/example_dags/example_sensors.py
[2025-01-13T23:45:06.876+0000] {processor.py:914} INFO - Processing file /home/airflow/.local/lib/python3.12/site-packages/airflow/example_dags/example_sensors.py for tasks to queue
[2025-01-13T23:45:06.878+0000] {logging_mixin.py:190} INFO - [2025-01-13T23:45:06.878+0000] {dagbag.py:588} INFO - Filling up the DagBag from /home/airflow/.local/lib/python3.12/site-packages/airflow/example_dags/example_sensors.py
[2025-01-13T23:45:06.887+0000] {processor.py:925} INFO - DAG(s) 'example_sensors' retrieved from /home/airflow/.local/lib/python3.12/site-packages/airflow/example_dags/example_sensors.py
[2025-01-13T23:45:06.906+0000] {logging_mixin.py:190} INFO - [2025-01-13T23:45:06.906+0000] {dag.py:3239} INFO - Sync 1 DAGs
[2025-01-13T23:45:06.917+0000] {logging_mixin.py:190} INFO - [2025-01-13T23:45:06.917+0000] {dag.py:4180} INFO - Setting next_dagrun for example_sensors to None, run_after=None
[2025-01-13T23:45:06.932+0000] {processor.py:208} INFO - Processing /home/airflow/.local/lib/python3.12/site-packages/airflow/example_dags/example_sensors.py took 0.061 seconds
[2025-01-13T23:45:37.126+0000] {processor.py:186} INFO - Started process (PID=2583) to work on /home/airflow/.local/lib/python3.12/site-packages/airflow/example_dags/example_sensors.py
[2025-01-13T23:45:37.127+0000] {processor.py:914} INFO - Processing file /home/airflow/.local/lib/python3.12/site-packages/airflow/example_dags/example_sensors.py for tasks to queue
[2025-01-13T23:45:37.128+0000] {logging_mixin.py:190} INFO - [2025-01-13T23:45:37.128+0000] {dagbag.py:588} INFO - Filling up the DagBag from /home/airflow/.local/lib/python3.12/site-packages/airflow/example_dags/example_sensors.py
[2025-01-13T23:45:37.135+0000] {processor.py:925} INFO - DAG(s) 'example_sensors' retrieved from /home/airflow/.local/lib/python3.12/site-packages/airflow/example_dags/example_sensors.py
[2025-01-13T23:45:37.154+0000] {logging_mixin.py:190} INFO - [2025-01-13T23:45:37.153+0000] {dag.py:3239} INFO - Sync 1 DAGs
[2025-01-13T23:45:37.168+0000] {logging_mixin.py:190} INFO - [2025-01-13T23:45:37.168+0000] {dag.py:4180} INFO - Setting next_dagrun for example_sensors to None, run_after=None
[2025-01-13T23:45:37.192+0000] {processor.py:208} INFO - Processing /home/airflow/.local/lib/python3.12/site-packages/airflow/example_dags/example_sensors.py took 0.070 seconds
[2025-01-13T23:46:07.813+0000] {processor.py:186} INFO - Started process (PID=2647) to work on /home/airflow/.local/lib/python3.12/site-packages/airflow/example_dags/example_sensors.py
[2025-01-13T23:46:07.814+0000] {processor.py:914} INFO - Processing file /home/airflow/.local/lib/python3.12/site-packages/airflow/example_dags/example_sensors.py for tasks to queue
[2025-01-13T23:46:07.816+0000] {logging_mixin.py:190} INFO - [2025-01-13T23:46:07.816+0000] {dagbag.py:588} INFO - Filling up the DagBag from /home/airflow/.local/lib/python3.12/site-packages/airflow/example_dags/example_sensors.py
[2025-01-13T23:46:07.824+0000] {processor.py:925} INFO - DAG(s) 'example_sensors' retrieved from /home/airflow/.local/lib/python3.12/site-packages/airflow/example_dags/example_sensors.py
[2025-01-13T23:46:07.843+0000] {logging_mixin.py:190} INFO - [2025-01-13T23:46:07.843+0000] {dag.py:3239} INFO - Sync 1 DAGs
[2025-01-13T23:46:07.859+0000] {logging_mixin.py:190} INFO - [2025-01-13T23:46:07.859+0000] {dag.py:4180} INFO - Setting next_dagrun for example_sensors to None, run_after=None
[2025-01-13T23:46:07.878+0000] {processor.py:208} INFO - Processing /home/airflow/.local/lib/python3.12/site-packages/airflow/example_dags/example_sensors.py took 0.068 seconds
[2025-01-13T23:46:38.121+0000] {processor.py:186} INFO - Started process (PID=2710) to work on /home/airflow/.local/lib/python3.12/site-packages/airflow/example_dags/example_sensors.py
[2025-01-13T23:46:38.122+0000] {processor.py:914} INFO - Processing file /home/airflow/.local/lib/python3.12/site-packages/airflow/example_dags/example_sensors.py for tasks to queue
[2025-01-13T23:46:38.124+0000] {logging_mixin.py:190} INFO - [2025-01-13T23:46:38.124+0000] {dagbag.py:588} INFO - Filling up the DagBag from /home/airflow/.local/lib/python3.12/site-packages/airflow/example_dags/example_sensors.py
[2025-01-13T23:46:38.131+0000] {processor.py:925} INFO - DAG(s) 'example_sensors' retrieved from /home/airflow/.local/lib/python3.12/site-packages/airflow/example_dags/example_sensors.py
[2025-01-13T23:46:38.155+0000] {logging_mixin.py:190} INFO - [2025-01-13T23:46:38.154+0000] {dag.py:3239} INFO - Sync 1 DAGs
[2025-01-13T23:46:38.166+0000] {logging_mixin.py:190} INFO - [2025-01-13T23:46:38.166+0000] {dag.py:4180} INFO - Setting next_dagrun for example_sensors to None, run_after=None
[2025-01-13T23:46:38.183+0000] {processor.py:208} INFO - Processing /home/airflow/.local/lib/python3.12/site-packages/airflow/example_dags/example_sensors.py took 0.067 seconds
[2025-01-13T23:47:08.357+0000] {processor.py:186} INFO - Started process (PID=2774) to work on /home/airflow/.local/lib/python3.12/site-packages/airflow/example_dags/example_sensors.py
[2025-01-13T23:47:08.358+0000] {processor.py:914} INFO - Processing file /home/airflow/.local/lib/python3.12/site-packages/airflow/example_dags/example_sensors.py for tasks to queue
[2025-01-13T23:47:08.361+0000] {logging_mixin.py:190} INFO - [2025-01-13T23:47:08.360+0000] {dagbag.py:588} INFO - Filling up the DagBag from /home/airflow/.local/lib/python3.12/site-packages/airflow/example_dags/example_sensors.py
[2025-01-13T23:47:08.368+0000] {processor.py:925} INFO - DAG(s) 'example_sensors' retrieved from /home/airflow/.local/lib/python3.12/site-packages/airflow/example_dags/example_sensors.py
[2025-01-13T23:47:08.390+0000] {logging_mixin.py:190} INFO - [2025-01-13T23:47:08.389+0000] {dag.py:3239} INFO - Sync 1 DAGs
[2025-01-13T23:47:08.400+0000] {logging_mixin.py:190} INFO - [2025-01-13T23:47:08.400+0000] {dag.py:4180} INFO - Setting next_dagrun for example_sensors to None, run_after=None
[2025-01-13T23:47:08.416+0000] {processor.py:208} INFO - Processing /home/airflow/.local/lib/python3.12/site-packages/airflow/example_dags/example_sensors.py took 0.063 seconds
[2025-01-13T23:47:39.285+0000] {processor.py:186} INFO - Started process (PID=2838) to work on /home/airflow/.local/lib/python3.12/site-packages/airflow/example_dags/example_sensors.py
[2025-01-13T23:47:39.286+0000] {processor.py:914} INFO - Processing file /home/airflow/.local/lib/python3.12/site-packages/airflow/example_dags/example_sensors.py for tasks to queue
[2025-01-13T23:47:39.289+0000] {logging_mixin.py:190} INFO - [2025-01-13T23:47:39.288+0000] {dagbag.py:588} INFO - Filling up the DagBag from /home/airflow/.local/lib/python3.12/site-packages/airflow/example_dags/example_sensors.py
[2025-01-13T23:47:39.299+0000] {processor.py:925} INFO - DAG(s) 'example_sensors' retrieved from /home/airflow/.local/lib/python3.12/site-packages/airflow/example_dags/example_sensors.py
[2025-01-13T23:47:39.319+0000] {logging_mixin.py:190} INFO - [2025-01-13T23:47:39.319+0000] {dag.py:3239} INFO - Sync 1 DAGs
[2025-01-13T23:47:39.330+0000] {logging_mixin.py:190} INFO - [2025-01-13T23:47:39.329+0000] {dag.py:4180} INFO - Setting next_dagrun for example_sensors to None, run_after=None
[2025-01-13T23:47:39.346+0000] {processor.py:208} INFO - Processing /home/airflow/.local/lib/python3.12/site-packages/airflow/example_dags/example_sensors.py took 0.065 seconds
[2025-01-13T23:48:10.113+0000] {processor.py:186} INFO - Started process (PID=2902) to work on /home/airflow/.local/lib/python3.12/site-packages/airflow/example_dags/example_sensors.py
[2025-01-13T23:48:10.114+0000] {processor.py:914} INFO - Processing file /home/airflow/.local/lib/python3.12/site-packages/airflow/example_dags/example_sensors.py for tasks to queue
[2025-01-13T23:48:10.117+0000] {logging_mixin.py:190} INFO - [2025-01-13T23:48:10.116+0000] {dagbag.py:588} INFO - Filling up the DagBag from /home/airflow/.local/lib/python3.12/site-packages/airflow/example_dags/example_sensors.py
[2025-01-13T23:48:10.125+0000] {processor.py:925} INFO - DAG(s) 'example_sensors' retrieved from /home/airflow/.local/lib/python3.12/site-packages/airflow/example_dags/example_sensors.py
[2025-01-13T23:48:10.145+0000] {logging_mixin.py:190} INFO - [2025-01-13T23:48:10.144+0000] {dag.py:3239} INFO - Sync 1 DAGs
[2025-01-13T23:48:10.154+0000] {logging_mixin.py:190} INFO - [2025-01-13T23:48:10.154+0000] {dag.py:4180} INFO - Setting next_dagrun for example_sensors to None, run_after=None
[2025-01-13T23:48:10.169+0000] {processor.py:208} INFO - Processing /home/airflow/.local/lib/python3.12/site-packages/airflow/example_dags/example_sensors.py took 0.060 seconds
[2025-01-13T23:48:40.934+0000] {processor.py:186} INFO - Started process (PID=2966) to work on /home/airflow/.local/lib/python3.12/site-packages/airflow/example_dags/example_sensors.py
[2025-01-13T23:48:40.935+0000] {processor.py:914} INFO - Processing file /home/airflow/.local/lib/python3.12/site-packages/airflow/example_dags/example_sensors.py for tasks to queue
[2025-01-13T23:48:40.938+0000] {logging_mixin.py:190} INFO - [2025-01-13T23:48:40.938+0000] {dagbag.py:588} INFO - Filling up the DagBag from /home/airflow/.local/lib/python3.12/site-packages/airflow/example_dags/example_sensors.py
[2025-01-13T23:48:40.949+0000] {processor.py:925} INFO - DAG(s) 'example_sensors' retrieved from /home/airflow/.local/lib/python3.12/site-packages/airflow/example_dags/example_sensors.py
[2025-01-13T23:48:40.970+0000] {logging_mixin.py:190} INFO - [2025-01-13T23:48:40.970+0000] {dag.py:3239} INFO - Sync 1 DAGs
[2025-01-13T23:48:40.982+0000] {logging_mixin.py:190} INFO - [2025-01-13T23:48:40.982+0000] {dag.py:4180} INFO - Setting next_dagrun for example_sensors to None, run_after=None
[2025-01-13T23:48:40.999+0000] {processor.py:208} INFO - Processing /home/airflow/.local/lib/python3.12/site-packages/airflow/example_dags/example_sensors.py took 0.070 seconds
[2025-01-13T23:49:12.736+0000] {processor.py:186} INFO - Started process (PID=3030) to work on /home/airflow/.local/lib/python3.12/site-packages/airflow/example_dags/example_sensors.py
[2025-01-13T23:49:12.738+0000] {processor.py:914} INFO - Processing file /home/airflow/.local/lib/python3.12/site-packages/airflow/example_dags/example_sensors.py for tasks to queue
[2025-01-13T23:49:12.740+0000] {logging_mixin.py:190} INFO - [2025-01-13T23:49:12.740+0000] {dagbag.py:588} INFO - Filling up the DagBag from /home/airflow/.local/lib/python3.12/site-packages/airflow/example_dags/example_sensors.py
[2025-01-13T23:49:12.751+0000] {processor.py:925} INFO - DAG(s) 'example_sensors' retrieved from /home/airflow/.local/lib/python3.12/site-packages/airflow/example_dags/example_sensors.py
[2025-01-13T23:49:12.776+0000] {logging_mixin.py:190} INFO - [2025-01-13T23:49:12.776+0000] {dag.py:3239} INFO - Sync 1 DAGs
[2025-01-13T23:49:12.794+0000] {logging_mixin.py:190} INFO - [2025-01-13T23:49:12.793+0000] {dag.py:4180} INFO - Setting next_dagrun for example_sensors to None, run_after=None
[2025-01-13T23:49:12.818+0000] {processor.py:208} INFO - Processing /home/airflow/.local/lib/python3.12/site-packages/airflow/example_dags/example_sensors.py took 0.087 seconds
[2025-01-13T23:49:43.474+0000] {processor.py:186} INFO - Started process (PID=3094) to work on /home/airflow/.local/lib/python3.12/site-packages/airflow/example_dags/example_sensors.py
[2025-01-13T23:49:43.475+0000] {processor.py:914} INFO - Processing file /home/airflow/.local/lib/python3.12/site-packages/airflow/example_dags/example_sensors.py for tasks to queue
[2025-01-13T23:49:43.477+0000] {logging_mixin.py:190} INFO - [2025-01-13T23:49:43.477+0000] {dagbag.py:588} INFO - Filling up the DagBag from /home/airflow/.local/lib/python3.12/site-packages/airflow/example_dags/example_sensors.py
[2025-01-13T23:49:43.485+0000] {processor.py:925} INFO - DAG(s) 'example_sensors' retrieved from /home/airflow/.local/lib/python3.12/site-packages/airflow/example_dags/example_sensors.py
[2025-01-13T23:49:43.507+0000] {logging_mixin.py:190} INFO - [2025-01-13T23:49:43.506+0000] {dag.py:3239} INFO - Sync 1 DAGs
[2025-01-13T23:49:43.658+0000] {logging_mixin.py:190} INFO - [2025-01-13T23:49:43.658+0000] {dag.py:4180} INFO - Setting next_dagrun for example_sensors to None, run_after=None
[2025-01-13T23:49:43.675+0000] {processor.py:208} INFO - Processing /home/airflow/.local/lib/python3.12/site-packages/airflow/example_dags/example_sensors.py took 0.205 seconds
[2025-01-13T23:50:15.021+0000] {processor.py:186} INFO - Started process (PID=3158) to work on /home/airflow/.local/lib/python3.12/site-packages/airflow/example_dags/example_sensors.py
[2025-01-13T23:50:15.023+0000] {processor.py:914} INFO - Processing file /home/airflow/.local/lib/python3.12/site-packages/airflow/example_dags/example_sensors.py for tasks to queue
[2025-01-13T23:50:15.026+0000] {logging_mixin.py:190} INFO - [2025-01-13T23:50:15.025+0000] {dagbag.py:588} INFO - Filling up the DagBag from /home/airflow/.local/lib/python3.12/site-packages/airflow/example_dags/example_sensors.py
[2025-01-13T23:50:15.043+0000] {processor.py:925} INFO - DAG(s) 'example_sensors' retrieved from /home/airflow/.local/lib/python3.12/site-packages/airflow/example_dags/example_sensors.py
[2025-01-13T23:50:15.082+0000] {logging_mixin.py:190} INFO - [2025-01-13T23:50:15.081+0000] {dag.py:3239} INFO - Sync 1 DAGs
[2025-01-13T23:50:15.315+0000] {logging_mixin.py:190} INFO - [2025-01-13T23:50:15.315+0000] {dag.py:4180} INFO - Setting next_dagrun for example_sensors to None, run_after=None
[2025-01-13T23:50:15.340+0000] {processor.py:208} INFO - Processing /home/airflow/.local/lib/python3.12/site-packages/airflow/example_dags/example_sensors.py took 0.325 seconds
[2025-01-13T23:50:46.063+0000] {processor.py:186} INFO - Started process (PID=3222) to work on /home/airflow/.local/lib/python3.12/site-packages/airflow/example_dags/example_sensors.py
[2025-01-13T23:50:46.064+0000] {processor.py:914} INFO - Processing file /home/airflow/.local/lib/python3.12/site-packages/airflow/example_dags/example_sensors.py for tasks to queue
[2025-01-13T23:50:46.067+0000] {logging_mixin.py:190} INFO - [2025-01-13T23:50:46.067+0000] {dagbag.py:588} INFO - Filling up the DagBag from /home/airflow/.local/lib/python3.12/site-packages/airflow/example_dags/example_sensors.py
[2025-01-13T23:50:46.077+0000] {processor.py:925} INFO - DAG(s) 'example_sensors' retrieved from /home/airflow/.local/lib/python3.12/site-packages/airflow/example_dags/example_sensors.py
[2025-01-13T23:50:46.105+0000] {logging_mixin.py:190} INFO - [2025-01-13T23:50:46.105+0000] {dag.py:3239} INFO - Sync 1 DAGs
[2025-01-13T23:50:46.121+0000] {logging_mixin.py:190} INFO - [2025-01-13T23:50:46.121+0000] {dag.py:4180} INFO - Setting next_dagrun for example_sensors to None, run_after=None
[2025-01-13T23:50:46.148+0000] {processor.py:208} INFO - Processing /home/airflow/.local/lib/python3.12/site-packages/airflow/example_dags/example_sensors.py took 0.090 seconds
[2025-01-13T23:51:16.908+0000] {processor.py:186} INFO - Started process (PID=3286) to work on /home/airflow/.local/lib/python3.12/site-packages/airflow/example_dags/example_sensors.py
[2025-01-13T23:51:16.910+0000] {processor.py:914} INFO - Processing file /home/airflow/.local/lib/python3.12/site-packages/airflow/example_dags/example_sensors.py for tasks to queue
[2025-01-13T23:51:16.912+0000] {logging_mixin.py:190} INFO - [2025-01-13T23:51:16.912+0000] {dagbag.py:588} INFO - Filling up the DagBag from /home/airflow/.local/lib/python3.12/site-packages/airflow/example_dags/example_sensors.py
[2025-01-13T23:51:16.920+0000] {processor.py:925} INFO - DAG(s) 'example_sensors' retrieved from /home/airflow/.local/lib/python3.12/site-packages/airflow/example_dags/example_sensors.py
[2025-01-13T23:51:16.944+0000] {logging_mixin.py:190} INFO - [2025-01-13T23:51:16.944+0000] {dag.py:3239} INFO - Sync 1 DAGs
[2025-01-13T23:51:16.956+0000] {logging_mixin.py:190} INFO - [2025-01-13T23:51:16.955+0000] {dag.py:4180} INFO - Setting next_dagrun for example_sensors to None, run_after=None
[2025-01-13T23:51:16.984+0000] {processor.py:208} INFO - Processing /home/airflow/.local/lib/python3.12/site-packages/airflow/example_dags/example_sensors.py took 0.079 seconds
[2025-01-13T23:51:47.285+0000] {processor.py:186} INFO - Started process (PID=3350) to work on /home/airflow/.local/lib/python3.12/site-packages/airflow/example_dags/example_sensors.py
[2025-01-13T23:51:47.286+0000] {processor.py:914} INFO - Processing file /home/airflow/.local/lib/python3.12/site-packages/airflow/example_dags/example_sensors.py for tasks to queue
[2025-01-13T23:51:47.289+0000] {logging_mixin.py:190} INFO - [2025-01-13T23:51:47.289+0000] {dagbag.py:588} INFO - Filling up the DagBag from /home/airflow/.local/lib/python3.12/site-packages/airflow/example_dags/example_sensors.py
[2025-01-13T23:51:47.298+0000] {processor.py:925} INFO - DAG(s) 'example_sensors' retrieved from /home/airflow/.local/lib/python3.12/site-packages/airflow/example_dags/example_sensors.py
[2025-01-13T23:51:47.325+0000] {logging_mixin.py:190} INFO - [2025-01-13T23:51:47.325+0000] {dag.py:3239} INFO - Sync 1 DAGs
[2025-01-13T23:51:47.335+0000] {logging_mixin.py:190} INFO - [2025-01-13T23:51:47.335+0000] {dag.py:4180} INFO - Setting next_dagrun for example_sensors to None, run_after=None
[2025-01-13T23:51:47.353+0000] {processor.py:208} INFO - Processing /home/airflow/.local/lib/python3.12/site-packages/airflow/example_dags/example_sensors.py took 0.073 seconds
[2025-01-13T23:52:18.046+0000] {processor.py:186} INFO - Started process (PID=3414) to work on /home/airflow/.local/lib/python3.12/site-packages/airflow/example_dags/example_sensors.py
[2025-01-13T23:52:18.048+0000] {processor.py:914} INFO - Processing file /home/airflow/.local/lib/python3.12/site-packages/airflow/example_dags/example_sensors.py for tasks to queue
[2025-01-13T23:52:18.051+0000] {logging_mixin.py:190} INFO - [2025-01-13T23:52:18.050+0000] {dagbag.py:588} INFO - Filling up the DagBag from /home/airflow/.local/lib/python3.12/site-packages/airflow/example_dags/example_sensors.py
[2025-01-13T23:52:18.064+0000] {processor.py:925} INFO - DAG(s) 'example_sensors' retrieved from /home/airflow/.local/lib/python3.12/site-packages/airflow/example_dags/example_sensors.py
[2025-01-13T23:52:18.092+0000] {logging_mixin.py:190} INFO - [2025-01-13T23:52:18.091+0000] {dag.py:3239} INFO - Sync 1 DAGs
[2025-01-13T23:52:18.106+0000] {logging_mixin.py:190} INFO - [2025-01-13T23:52:18.106+0000] {dag.py:4180} INFO - Setting next_dagrun for example_sensors to None, run_after=None
[2025-01-13T23:52:18.131+0000] {processor.py:208} INFO - Processing /home/airflow/.local/lib/python3.12/site-packages/airflow/example_dags/example_sensors.py took 0.092 seconds
[2025-01-13T23:52:48.462+0000] {processor.py:186} INFO - Started process (PID=3477) to work on /home/airflow/.local/lib/python3.12/site-packages/airflow/example_dags/example_sensors.py
[2025-01-13T23:52:48.464+0000] {processor.py:914} INFO - Processing file /home/airflow/.local/lib/python3.12/site-packages/airflow/example_dags/example_sensors.py for tasks to queue
[2025-01-13T23:52:48.467+0000] {logging_mixin.py:190} INFO - [2025-01-13T23:52:48.466+0000] {dagbag.py:588} INFO - Filling up the DagBag from /home/airflow/.local/lib/python3.12/site-packages/airflow/example_dags/example_sensors.py
[2025-01-13T23:52:48.475+0000] {processor.py:925} INFO - DAG(s) 'example_sensors' retrieved from /home/airflow/.local/lib/python3.12/site-packages/airflow/example_dags/example_sensors.py
[2025-01-13T23:52:48.499+0000] {logging_mixin.py:190} INFO - [2025-01-13T23:52:48.499+0000] {dag.py:3239} INFO - Sync 1 DAGs
[2025-01-13T23:52:48.510+0000] {logging_mixin.py:190} INFO - [2025-01-13T23:52:48.510+0000] {dag.py:4180} INFO - Setting next_dagrun for example_sensors to None, run_after=None
[2025-01-13T23:52:48.528+0000] {processor.py:208} INFO - Processing /home/airflow/.local/lib/python3.12/site-packages/airflow/example_dags/example_sensors.py took 0.070 seconds
[2025-01-13T23:53:18.958+0000] {processor.py:186} INFO - Started process (PID=3541) to work on /home/airflow/.local/lib/python3.12/site-packages/airflow/example_dags/example_sensors.py
[2025-01-13T23:53:18.960+0000] {processor.py:914} INFO - Processing file /home/airflow/.local/lib/python3.12/site-packages/airflow/example_dags/example_sensors.py for tasks to queue
[2025-01-13T23:53:18.962+0000] {logging_mixin.py:190} INFO - [2025-01-13T23:53:18.962+0000] {dagbag.py:588} INFO - Filling up the DagBag from /home/airflow/.local/lib/python3.12/site-packages/airflow/example_dags/example_sensors.py
[2025-01-13T23:53:18.973+0000] {processor.py:925} INFO - DAG(s) 'example_sensors' retrieved from /home/airflow/.local/lib/python3.12/site-packages/airflow/example_dags/example_sensors.py
[2025-01-13T23:53:18.995+0000] {logging_mixin.py:190} INFO - [2025-01-13T23:53:18.995+0000] {dag.py:3239} INFO - Sync 1 DAGs
[2025-01-13T23:53:19.007+0000] {logging_mixin.py:190} INFO - [2025-01-13T23:53:19.007+0000] {dag.py:4180} INFO - Setting next_dagrun for example_sensors to None, run_after=None
[2025-01-13T23:53:19.025+0000] {processor.py:208} INFO - Processing /home/airflow/.local/lib/python3.12/site-packages/airflow/example_dags/example_sensors.py took 0.071 seconds
[2025-01-13T23:53:49.955+0000] {processor.py:186} INFO - Started process (PID=3611) to work on /home/airflow/.local/lib/python3.12/site-packages/airflow/example_dags/example_sensors.py
[2025-01-13T23:53:49.956+0000] {processor.py:914} INFO - Processing file /home/airflow/.local/lib/python3.12/site-packages/airflow/example_dags/example_sensors.py for tasks to queue
[2025-01-13T23:53:49.959+0000] {logging_mixin.py:190} INFO - [2025-01-13T23:53:49.958+0000] {dagbag.py:588} INFO - Filling up the DagBag from /home/airflow/.local/lib/python3.12/site-packages/airflow/example_dags/example_sensors.py
[2025-01-13T23:53:49.969+0000] {processor.py:925} INFO - DAG(s) 'example_sensors' retrieved from /home/airflow/.local/lib/python3.12/site-packages/airflow/example_dags/example_sensors.py
[2025-01-13T23:53:50.009+0000] {logging_mixin.py:190} INFO - [2025-01-13T23:53:50.008+0000] {dag.py:3239} INFO - Sync 1 DAGs
[2025-01-13T23:53:50.026+0000] {logging_mixin.py:190} INFO - [2025-01-13T23:53:50.025+0000] {dag.py:4180} INFO - Setting next_dagrun for example_sensors to None, run_after=None
[2025-01-13T23:53:50.056+0000] {processor.py:208} INFO - Processing /home/airflow/.local/lib/python3.12/site-packages/airflow/example_dags/example_sensors.py took 0.108 seconds
[2025-01-13T23:54:20.470+0000] {processor.py:186} INFO - Started process (PID=3675) to work on /home/airflow/.local/lib/python3.12/site-packages/airflow/example_dags/example_sensors.py
[2025-01-13T23:54:20.471+0000] {processor.py:914} INFO - Processing file /home/airflow/.local/lib/python3.12/site-packages/airflow/example_dags/example_sensors.py for tasks to queue
[2025-01-13T23:54:20.475+0000] {logging_mixin.py:190} INFO - [2025-01-13T23:54:20.474+0000] {dagbag.py:588} INFO - Filling up the DagBag from /home/airflow/.local/lib/python3.12/site-packages/airflow/example_dags/example_sensors.py
[2025-01-13T23:54:20.486+0000] {processor.py:925} INFO - DAG(s) 'example_sensors' retrieved from /home/airflow/.local/lib/python3.12/site-packages/airflow/example_dags/example_sensors.py
[2025-01-13T23:54:20.516+0000] {logging_mixin.py:190} INFO - [2025-01-13T23:54:20.515+0000] {dag.py:3239} INFO - Sync 1 DAGs
[2025-01-13T23:54:20.535+0000] {logging_mixin.py:190} INFO - [2025-01-13T23:54:20.534+0000] {dag.py:4180} INFO - Setting next_dagrun for example_sensors to None, run_after=None
[2025-01-13T23:54:20.564+0000] {processor.py:208} INFO - Processing /home/airflow/.local/lib/python3.12/site-packages/airflow/example_dags/example_sensors.py took 0.102 seconds
[2025-01-13T23:54:50.705+0000] {processor.py:186} INFO - Started process (PID=3740) to work on /home/airflow/.local/lib/python3.12/site-packages/airflow/example_dags/example_sensors.py
[2025-01-13T23:54:50.706+0000] {processor.py:914} INFO - Processing file /home/airflow/.local/lib/python3.12/site-packages/airflow/example_dags/example_sensors.py for tasks to queue
[2025-01-13T23:54:50.709+0000] {logging_mixin.py:190} INFO - [2025-01-13T23:54:50.709+0000] {dagbag.py:588} INFO - Filling up the DagBag from /home/airflow/.local/lib/python3.12/site-packages/airflow/example_dags/example_sensors.py
[2025-01-13T23:54:50.717+0000] {processor.py:925} INFO - DAG(s) 'example_sensors' retrieved from /home/airflow/.local/lib/python3.12/site-packages/airflow/example_dags/example_sensors.py
[2025-01-13T23:54:50.738+0000] {logging_mixin.py:190} INFO - [2025-01-13T23:54:50.738+0000] {dag.py:3239} INFO - Sync 1 DAGs
[2025-01-13T23:54:50.755+0000] {logging_mixin.py:190} INFO - [2025-01-13T23:54:50.755+0000] {dag.py:4180} INFO - Setting next_dagrun for example_sensors to None, run_after=None
[2025-01-13T23:54:50.778+0000] {processor.py:208} INFO - Processing /home/airflow/.local/lib/python3.12/site-packages/airflow/example_dags/example_sensors.py took 0.077 seconds
[2025-01-13T23:55:21.487+0000] {processor.py:186} INFO - Started process (PID=3804) to work on /home/airflow/.local/lib/python3.12/site-packages/airflow/example_dags/example_sensors.py
[2025-01-13T23:55:21.488+0000] {processor.py:914} INFO - Processing file /home/airflow/.local/lib/python3.12/site-packages/airflow/example_dags/example_sensors.py for tasks to queue
[2025-01-13T23:55:21.491+0000] {logging_mixin.py:190} INFO - [2025-01-13T23:55:21.491+0000] {dagbag.py:588} INFO - Filling up the DagBag from /home/airflow/.local/lib/python3.12/site-packages/airflow/example_dags/example_sensors.py
[2025-01-13T23:55:21.502+0000] {processor.py:925} INFO - DAG(s) 'example_sensors' retrieved from /home/airflow/.local/lib/python3.12/site-packages/airflow/example_dags/example_sensors.py
[2025-01-13T23:55:21.525+0000] {logging_mixin.py:190} INFO - [2025-01-13T23:55:21.524+0000] {dag.py:3239} INFO - Sync 1 DAGs
[2025-01-13T23:55:21.535+0000] {logging_mixin.py:190} INFO - [2025-01-13T23:55:21.535+0000] {dag.py:4180} INFO - Setting next_dagrun for example_sensors to None, run_after=None
[2025-01-13T23:55:21.554+0000] {processor.py:208} INFO - Processing /home/airflow/.local/lib/python3.12/site-packages/airflow/example_dags/example_sensors.py took 0.071 seconds
[2025-01-13T23:55:52.378+0000] {processor.py:186} INFO - Started process (PID=3868) to work on /home/airflow/.local/lib/python3.12/site-packages/airflow/example_dags/example_sensors.py
[2025-01-13T23:55:52.379+0000] {processor.py:914} INFO - Processing file /home/airflow/.local/lib/python3.12/site-packages/airflow/example_dags/example_sensors.py for tasks to queue
[2025-01-13T23:55:52.383+0000] {logging_mixin.py:190} INFO - [2025-01-13T23:55:52.382+0000] {dagbag.py:588} INFO - Filling up the DagBag from /home/airflow/.local/lib/python3.12/site-packages/airflow/example_dags/example_sensors.py
[2025-01-13T23:55:52.392+0000] {processor.py:925} INFO - DAG(s) 'example_sensors' retrieved from /home/airflow/.local/lib/python3.12/site-packages/airflow/example_dags/example_sensors.py
[2025-01-13T23:55:52.421+0000] {logging_mixin.py:190} INFO - [2025-01-13T23:55:52.420+0000] {dag.py:3239} INFO - Sync 1 DAGs
[2025-01-13T23:55:52.434+0000] {logging_mixin.py:190} INFO - [2025-01-13T23:55:52.434+0000] {dag.py:4180} INFO - Setting next_dagrun for example_sensors to None, run_after=None
[2025-01-13T23:55:52.460+0000] {processor.py:208} INFO - Processing /home/airflow/.local/lib/python3.12/site-packages/airflow/example_dags/example_sensors.py took 0.088 seconds
[2025-01-13T23:56:23.113+0000] {processor.py:186} INFO - Started process (PID=3932) to work on /home/airflow/.local/lib/python3.12/site-packages/airflow/example_dags/example_sensors.py
[2025-01-13T23:56:23.115+0000] {processor.py:914} INFO - Processing file /home/airflow/.local/lib/python3.12/site-packages/airflow/example_dags/example_sensors.py for tasks to queue
[2025-01-13T23:56:23.117+0000] {logging_mixin.py:190} INFO - [2025-01-13T23:56:23.117+0000] {dagbag.py:588} INFO - Filling up the DagBag from /home/airflow/.local/lib/python3.12/site-packages/airflow/example_dags/example_sensors.py
[2025-01-13T23:56:23.128+0000] {processor.py:925} INFO - DAG(s) 'example_sensors' retrieved from /home/airflow/.local/lib/python3.12/site-packages/airflow/example_dags/example_sensors.py
[2025-01-13T23:56:23.160+0000] {logging_mixin.py:190} INFO - [2025-01-13T23:56:23.160+0000] {dag.py:3239} INFO - Sync 1 DAGs
[2025-01-13T23:56:23.176+0000] {logging_mixin.py:190} INFO - [2025-01-13T23:56:23.176+0000] {dag.py:4180} INFO - Setting next_dagrun for example_sensors to None, run_after=None
[2025-01-13T23:56:23.207+0000] {processor.py:208} INFO - Processing /home/airflow/.local/lib/python3.12/site-packages/airflow/example_dags/example_sensors.py took 0.100 seconds
[2025-01-13T23:56:53.669+0000] {processor.py:186} INFO - Started process (PID=3996) to work on /home/airflow/.local/lib/python3.12/site-packages/airflow/example_dags/example_sensors.py
[2025-01-13T23:56:53.671+0000] {processor.py:914} INFO - Processing file /home/airflow/.local/lib/python3.12/site-packages/airflow/example_dags/example_sensors.py for tasks to queue
[2025-01-13T23:56:53.674+0000] {logging_mixin.py:190} INFO - [2025-01-13T23:56:53.673+0000] {dagbag.py:588} INFO - Filling up the DagBag from /home/airflow/.local/lib/python3.12/site-packages/airflow/example_dags/example_sensors.py
[2025-01-13T23:56:53.688+0000] {processor.py:925} INFO - DAG(s) 'example_sensors' retrieved from /home/airflow/.local/lib/python3.12/site-packages/airflow/example_dags/example_sensors.py
[2025-01-13T23:56:53.723+0000] {logging_mixin.py:190} INFO - [2025-01-13T23:56:53.722+0000] {dag.py:3239} INFO - Sync 1 DAGs
[2025-01-13T23:56:53.739+0000] {logging_mixin.py:190} INFO - [2025-01-13T23:56:53.739+0000] {dag.py:4180} INFO - Setting next_dagrun for example_sensors to None, run_after=None
[2025-01-13T23:56:53.766+0000] {processor.py:208} INFO - Processing /home/airflow/.local/lib/python3.12/site-packages/airflow/example_dags/example_sensors.py took 0.102 seconds
[2025-01-13T23:57:23.973+0000] {processor.py:186} INFO - Started process (PID=4060) to work on /home/airflow/.local/lib/python3.12/site-packages/airflow/example_dags/example_sensors.py
[2025-01-13T23:57:23.974+0000] {processor.py:914} INFO - Processing file /home/airflow/.local/lib/python3.12/site-packages/airflow/example_dags/example_sensors.py for tasks to queue
[2025-01-13T23:57:23.978+0000] {logging_mixin.py:190} INFO - [2025-01-13T23:57:23.978+0000] {dagbag.py:588} INFO - Filling up the DagBag from /home/airflow/.local/lib/python3.12/site-packages/airflow/example_dags/example_sensors.py
[2025-01-13T23:57:23.992+0000] {processor.py:925} INFO - DAG(s) 'example_sensors' retrieved from /home/airflow/.local/lib/python3.12/site-packages/airflow/example_dags/example_sensors.py
[2025-01-13T23:57:24.019+0000] {logging_mixin.py:190} INFO - [2025-01-13T23:57:24.019+0000] {dag.py:3239} INFO - Sync 1 DAGs
[2025-01-13T23:57:24.033+0000] {logging_mixin.py:190} INFO - [2025-01-13T23:57:24.033+0000] {dag.py:4180} INFO - Setting next_dagrun for example_sensors to None, run_after=None
[2025-01-13T23:57:24.060+0000] {processor.py:208} INFO - Processing /home/airflow/.local/lib/python3.12/site-packages/airflow/example_dags/example_sensors.py took 0.094 seconds
[2025-01-13T23:57:54.921+0000] {processor.py:186} INFO - Started process (PID=4124) to work on /home/airflow/.local/lib/python3.12/site-packages/airflow/example_dags/example_sensors.py
[2025-01-13T23:57:54.922+0000] {processor.py:914} INFO - Processing file /home/airflow/.local/lib/python3.12/site-packages/airflow/example_dags/example_sensors.py for tasks to queue
[2025-01-13T23:57:54.925+0000] {logging_mixin.py:190} INFO - [2025-01-13T23:57:54.924+0000] {dagbag.py:588} INFO - Filling up the DagBag from /home/airflow/.local/lib/python3.12/site-packages/airflow/example_dags/example_sensors.py
[2025-01-13T23:57:54.937+0000] {processor.py:925} INFO - DAG(s) 'example_sensors' retrieved from /home/airflow/.local/lib/python3.12/site-packages/airflow/example_dags/example_sensors.py
[2025-01-13T23:57:54.958+0000] {logging_mixin.py:190} INFO - [2025-01-13T23:57:54.958+0000] {dag.py:3239} INFO - Sync 1 DAGs
[2025-01-13T23:57:54.970+0000] {logging_mixin.py:190} INFO - [2025-01-13T23:57:54.970+0000] {dag.py:4180} INFO - Setting next_dagrun for example_sensors to None, run_after=None
[2025-01-13T23:57:54.987+0000] {processor.py:208} INFO - Processing /home/airflow/.local/lib/python3.12/site-packages/airflow/example_dags/example_sensors.py took 0.072 seconds
[2025-01-13T23:58:25.791+0000] {processor.py:186} INFO - Started process (PID=4187) to work on /home/airflow/.local/lib/python3.12/site-packages/airflow/example_dags/example_sensors.py
[2025-01-13T23:58:25.792+0000] {processor.py:914} INFO - Processing file /home/airflow/.local/lib/python3.12/site-packages/airflow/example_dags/example_sensors.py for tasks to queue
[2025-01-13T23:58:25.795+0000] {logging_mixin.py:190} INFO - [2025-01-13T23:58:25.795+0000] {dagbag.py:588} INFO - Filling up the DagBag from /home/airflow/.local/lib/python3.12/site-packages/airflow/example_dags/example_sensors.py
[2025-01-13T23:58:25.807+0000] {processor.py:925} INFO - DAG(s) 'example_sensors' retrieved from /home/airflow/.local/lib/python3.12/site-packages/airflow/example_dags/example_sensors.py
[2025-01-13T23:58:25.831+0000] {logging_mixin.py:190} INFO - [2025-01-13T23:58:25.831+0000] {dag.py:3239} INFO - Sync 1 DAGs
[2025-01-13T23:58:25.844+0000] {logging_mixin.py:190} INFO - [2025-01-13T23:58:25.844+0000] {dag.py:4180} INFO - Setting next_dagrun for example_sensors to None, run_after=None
[2025-01-13T23:58:25.863+0000] {processor.py:208} INFO - Processing /home/airflow/.local/lib/python3.12/site-packages/airflow/example_dags/example_sensors.py took 0.079 seconds
[2025-01-13T23:58:56.829+0000] {processor.py:186} INFO - Started process (PID=4251) to work on /home/airflow/.local/lib/python3.12/site-packages/airflow/example_dags/example_sensors.py
[2025-01-13T23:58:56.830+0000] {processor.py:914} INFO - Processing file /home/airflow/.local/lib/python3.12/site-packages/airflow/example_dags/example_sensors.py for tasks to queue
[2025-01-13T23:58:56.833+0000] {logging_mixin.py:190} INFO - [2025-01-13T23:58:56.832+0000] {dagbag.py:588} INFO - Filling up the DagBag from /home/airflow/.local/lib/python3.12/site-packages/airflow/example_dags/example_sensors.py
[2025-01-13T23:58:56.846+0000] {processor.py:925} INFO - DAG(s) 'example_sensors' retrieved from /home/airflow/.local/lib/python3.12/site-packages/airflow/example_dags/example_sensors.py
[2025-01-13T23:58:56.869+0000] {logging_mixin.py:190} INFO - [2025-01-13T23:58:56.869+0000] {dag.py:3239} INFO - Sync 1 DAGs
[2025-01-13T23:58:56.882+0000] {logging_mixin.py:190} INFO - [2025-01-13T23:58:56.882+0000] {dag.py:4180} INFO - Setting next_dagrun for example_sensors to None, run_after=None
[2025-01-13T23:58:56.902+0000] {processor.py:208} INFO - Processing /home/airflow/.local/lib/python3.12/site-packages/airflow/example_dags/example_sensors.py took 0.078 seconds
[2025-01-13T23:59:27.722+0000] {processor.py:186} INFO - Started process (PID=4315) to work on /home/airflow/.local/lib/python3.12/site-packages/airflow/example_dags/example_sensors.py
[2025-01-13T23:59:27.724+0000] {processor.py:914} INFO - Processing file /home/airflow/.local/lib/python3.12/site-packages/airflow/example_dags/example_sensors.py for tasks to queue
[2025-01-13T23:59:27.726+0000] {logging_mixin.py:190} INFO - [2025-01-13T23:59:27.726+0000] {dagbag.py:588} INFO - Filling up the DagBag from /home/airflow/.local/lib/python3.12/site-packages/airflow/example_dags/example_sensors.py
[2025-01-13T23:59:27.739+0000] {processor.py:925} INFO - DAG(s) 'example_sensors' retrieved from /home/airflow/.local/lib/python3.12/site-packages/airflow/example_dags/example_sensors.py
[2025-01-13T23:59:27.768+0000] {logging_mixin.py:190} INFO - [2025-01-13T23:59:27.767+0000] {dag.py:3239} INFO - Sync 1 DAGs
[2025-01-13T23:59:27.785+0000] {logging_mixin.py:190} INFO - [2025-01-13T23:59:27.785+0000] {dag.py:4180} INFO - Setting next_dagrun for example_sensors to None, run_after=None
[2025-01-13T23:59:27.811+0000] {processor.py:208} INFO - Processing /home/airflow/.local/lib/python3.12/site-packages/airflow/example_dags/example_sensors.py took 0.094 seconds
[2025-01-13T23:59:59.044+0000] {processor.py:186} INFO - Started process (PID=4379) to work on /home/airflow/.local/lib/python3.12/site-packages/airflow/example_dags/example_sensors.py
[2025-01-13T23:59:59.046+0000] {processor.py:914} INFO - Processing file /home/airflow/.local/lib/python3.12/site-packages/airflow/example_dags/example_sensors.py for tasks to queue
[2025-01-13T23:59:59.048+0000] {logging_mixin.py:190} INFO - [2025-01-13T23:59:59.048+0000] {dagbag.py:588} INFO - Filling up the DagBag from /home/airflow/.local/lib/python3.12/site-packages/airflow/example_dags/example_sensors.py
[2025-01-13T23:59:59.057+0000] {processor.py:925} INFO - DAG(s) 'example_sensors' retrieved from /home/airflow/.local/lib/python3.12/site-packages/airflow/example_dags/example_sensors.py
[2025-01-13T23:59:59.076+0000] {logging_mixin.py:190} INFO - [2025-01-13T23:59:59.076+0000] {dag.py:3239} INFO - Sync 1 DAGs
[2025-01-13T23:59:59.090+0000] {logging_mixin.py:190} INFO - [2025-01-13T23:59:59.089+0000] {dag.py:4180} INFO - Setting next_dagrun for example_sensors to None, run_after=None
[2025-01-13T23:59:59.113+0000] {processor.py:208} INFO - Processing /home/airflow/.local/lib/python3.12/site-packages/airflow/example_dags/example_sensors.py took 0.074 seconds
