[2025-01-13T23:25:46.045+0000] {processor.py:186} INFO - Started process (PID=91) to work on /home/airflow/.local/lib/python3.12/site-packages/airflow/example_dags/example_time_delta_sensor_async.py
[2025-01-13T23:25:46.046+0000] {processor.py:914} INFO - Processing file /home/airflow/.local/lib/python3.12/site-packages/airflow/example_dags/example_time_delta_sensor_async.py for tasks to queue
[2025-01-13T23:25:46.049+0000] {logging_mixin.py:190} INFO - [2025-01-13T23:25:46.049+0000] {dagbag.py:588} INFO - Filling up the DagBag from /home/airflow/.local/lib/python3.12/site-packages/airflow/example_dags/example_time_delta_sensor_async.py
[2025-01-13T23:25:46.058+0000] {processor.py:925} INFO - DAG(s) 'example_time_delta_sensor_async' retrieved from /home/airflow/.local/lib/python3.12/site-packages/airflow/example_dags/example_time_delta_sensor_async.py
[2025-01-13T23:25:46.090+0000] {logging_mixin.py:190} INFO - [2025-01-13T23:25:46.090+0000] {dag.py:3239} INFO - Sync 1 DAGs
[2025-01-13T23:25:46.102+0000] {logging_mixin.py:190} INFO - [2025-01-13T23:25:46.102+0000] {dag.py:4180} INFO - Setting next_dagrun for example_time_delta_sensor_async to None, run_after=None
[2025-01-13T23:25:46.121+0000] {processor.py:208} INFO - Processing /home/airflow/.local/lib/python3.12/site-packages/airflow/example_dags/example_time_delta_sensor_async.py took 0.082 seconds
[2025-01-13T23:26:16.612+0000] {processor.py:186} INFO - Started process (PID=155) to work on /home/airflow/.local/lib/python3.12/site-packages/airflow/example_dags/example_time_delta_sensor_async.py
[2025-01-13T23:26:16.613+0000] {processor.py:914} INFO - Processing file /home/airflow/.local/lib/python3.12/site-packages/airflow/example_dags/example_time_delta_sensor_async.py for tasks to queue
[2025-01-13T23:26:16.616+0000] {logging_mixin.py:190} INFO - [2025-01-13T23:26:16.616+0000] {dagbag.py:588} INFO - Filling up the DagBag from /home/airflow/.local/lib/python3.12/site-packages/airflow/example_dags/example_time_delta_sensor_async.py
[2025-01-13T23:26:16.624+0000] {processor.py:925} INFO - DAG(s) 'example_time_delta_sensor_async' retrieved from /home/airflow/.local/lib/python3.12/site-packages/airflow/example_dags/example_time_delta_sensor_async.py
[2025-01-13T23:26:16.645+0000] {logging_mixin.py:190} INFO - [2025-01-13T23:26:16.645+0000] {dag.py:3239} INFO - Sync 1 DAGs
[2025-01-13T23:26:16.658+0000] {logging_mixin.py:190} INFO - [2025-01-13T23:26:16.658+0000] {dag.py:4180} INFO - Setting next_dagrun for example_time_delta_sensor_async to None, run_after=None
[2025-01-13T23:26:16.676+0000] {processor.py:208} INFO - Processing /home/airflow/.local/lib/python3.12/site-packages/airflow/example_dags/example_time_delta_sensor_async.py took 0.070 seconds
[2025-01-13T23:26:47.036+0000] {processor.py:186} INFO - Started process (PID=225) to work on /home/airflow/.local/lib/python3.12/site-packages/airflow/example_dags/example_time_delta_sensor_async.py
[2025-01-13T23:26:47.037+0000] {processor.py:914} INFO - Processing file /home/airflow/.local/lib/python3.12/site-packages/airflow/example_dags/example_time_delta_sensor_async.py for tasks to queue
[2025-01-13T23:26:47.040+0000] {logging_mixin.py:190} INFO - [2025-01-13T23:26:47.039+0000] {dagbag.py:588} INFO - Filling up the DagBag from /home/airflow/.local/lib/python3.12/site-packages/airflow/example_dags/example_time_delta_sensor_async.py
[2025-01-13T23:26:47.044+0000] {processor.py:925} INFO - DAG(s) 'example_time_delta_sensor_async' retrieved from /home/airflow/.local/lib/python3.12/site-packages/airflow/example_dags/example_time_delta_sensor_async.py
[2025-01-13T23:26:47.059+0000] {logging_mixin.py:190} INFO - [2025-01-13T23:26:47.058+0000] {dag.py:3239} INFO - Sync 1 DAGs
[2025-01-13T23:26:47.069+0000] {logging_mixin.py:190} INFO - [2025-01-13T23:26:47.069+0000] {dag.py:4180} INFO - Setting next_dagrun for example_time_delta_sensor_async to None, run_after=None
[2025-01-13T23:26:47.085+0000] {processor.py:208} INFO - Processing /home/airflow/.local/lib/python3.12/site-packages/airflow/example_dags/example_time_delta_sensor_async.py took 0.054 seconds
[2025-01-13T23:27:17.954+0000] {processor.py:186} INFO - Started process (PID=289) to work on /home/airflow/.local/lib/python3.12/site-packages/airflow/example_dags/example_time_delta_sensor_async.py
[2025-01-13T23:27:17.955+0000] {processor.py:914} INFO - Processing file /home/airflow/.local/lib/python3.12/site-packages/airflow/example_dags/example_time_delta_sensor_async.py for tasks to queue
[2025-01-13T23:27:17.957+0000] {logging_mixin.py:190} INFO - [2025-01-13T23:27:17.957+0000] {dagbag.py:588} INFO - Filling up the DagBag from /home/airflow/.local/lib/python3.12/site-packages/airflow/example_dags/example_time_delta_sensor_async.py
[2025-01-13T23:27:17.963+0000] {processor.py:925} INFO - DAG(s) 'example_time_delta_sensor_async' retrieved from /home/airflow/.local/lib/python3.12/site-packages/airflow/example_dags/example_time_delta_sensor_async.py
[2025-01-13T23:27:17.983+0000] {logging_mixin.py:190} INFO - [2025-01-13T23:27:17.982+0000] {dag.py:3239} INFO - Sync 1 DAGs
[2025-01-13T23:27:17.995+0000] {logging_mixin.py:190} INFO - [2025-01-13T23:27:17.995+0000] {dag.py:4180} INFO - Setting next_dagrun for example_time_delta_sensor_async to None, run_after=None
[2025-01-13T23:27:18.010+0000] {processor.py:208} INFO - Processing /home/airflow/.local/lib/python3.12/site-packages/airflow/example_dags/example_time_delta_sensor_async.py took 0.061 seconds
[2025-01-13T23:27:49.125+0000] {processor.py:186} INFO - Started process (PID=353) to work on /home/airflow/.local/lib/python3.12/site-packages/airflow/example_dags/example_time_delta_sensor_async.py
[2025-01-13T23:27:49.126+0000] {processor.py:914} INFO - Processing file /home/airflow/.local/lib/python3.12/site-packages/airflow/example_dags/example_time_delta_sensor_async.py for tasks to queue
[2025-01-13T23:27:49.128+0000] {logging_mixin.py:190} INFO - [2025-01-13T23:27:49.128+0000] {dagbag.py:588} INFO - Filling up the DagBag from /home/airflow/.local/lib/python3.12/site-packages/airflow/example_dags/example_time_delta_sensor_async.py
[2025-01-13T23:27:49.134+0000] {processor.py:925} INFO - DAG(s) 'example_time_delta_sensor_async' retrieved from /home/airflow/.local/lib/python3.12/site-packages/airflow/example_dags/example_time_delta_sensor_async.py
[2025-01-13T23:27:49.148+0000] {logging_mixin.py:190} INFO - [2025-01-13T23:27:49.148+0000] {dag.py:3239} INFO - Sync 1 DAGs
[2025-01-13T23:27:49.158+0000] {logging_mixin.py:190} INFO - [2025-01-13T23:27:49.157+0000] {dag.py:4180} INFO - Setting next_dagrun for example_time_delta_sensor_async to None, run_after=None
[2025-01-13T23:27:49.172+0000] {processor.py:208} INFO - Processing /home/airflow/.local/lib/python3.12/site-packages/airflow/example_dags/example_time_delta_sensor_async.py took 0.051 seconds
[2025-01-13T23:28:20.255+0000] {processor.py:186} INFO - Started process (PID=416) to work on /home/airflow/.local/lib/python3.12/site-packages/airflow/example_dags/example_time_delta_sensor_async.py
[2025-01-13T23:28:20.256+0000] {processor.py:914} INFO - Processing file /home/airflow/.local/lib/python3.12/site-packages/airflow/example_dags/example_time_delta_sensor_async.py for tasks to queue
[2025-01-13T23:28:20.259+0000] {logging_mixin.py:190} INFO - [2025-01-13T23:28:20.259+0000] {dagbag.py:588} INFO - Filling up the DagBag from /home/airflow/.local/lib/python3.12/site-packages/airflow/example_dags/example_time_delta_sensor_async.py
[2025-01-13T23:28:20.266+0000] {processor.py:925} INFO - DAG(s) 'example_time_delta_sensor_async' retrieved from /home/airflow/.local/lib/python3.12/site-packages/airflow/example_dags/example_time_delta_sensor_async.py
[2025-01-13T23:28:20.284+0000] {logging_mixin.py:190} INFO - [2025-01-13T23:28:20.284+0000] {dag.py:3239} INFO - Sync 1 DAGs
[2025-01-13T23:28:20.298+0000] {logging_mixin.py:190} INFO - [2025-01-13T23:28:20.298+0000] {dag.py:4180} INFO - Setting next_dagrun for example_time_delta_sensor_async to None, run_after=None
[2025-01-13T23:28:20.318+0000] {processor.py:208} INFO - Processing /home/airflow/.local/lib/python3.12/site-packages/airflow/example_dags/example_time_delta_sensor_async.py took 0.069 seconds
[2025-01-13T23:28:51.097+0000] {processor.py:186} INFO - Started process (PID=480) to work on /home/airflow/.local/lib/python3.12/site-packages/airflow/example_dags/example_time_delta_sensor_async.py
[2025-01-13T23:28:51.098+0000] {processor.py:914} INFO - Processing file /home/airflow/.local/lib/python3.12/site-packages/airflow/example_dags/example_time_delta_sensor_async.py for tasks to queue
[2025-01-13T23:28:51.101+0000] {logging_mixin.py:190} INFO - [2025-01-13T23:28:51.100+0000] {dagbag.py:588} INFO - Filling up the DagBag from /home/airflow/.local/lib/python3.12/site-packages/airflow/example_dags/example_time_delta_sensor_async.py
[2025-01-13T23:28:51.106+0000] {processor.py:925} INFO - DAG(s) 'example_time_delta_sensor_async' retrieved from /home/airflow/.local/lib/python3.12/site-packages/airflow/example_dags/example_time_delta_sensor_async.py
[2025-01-13T23:28:51.124+0000] {logging_mixin.py:190} INFO - [2025-01-13T23:28:51.123+0000] {dag.py:3239} INFO - Sync 1 DAGs
[2025-01-13T23:28:51.135+0000] {logging_mixin.py:190} INFO - [2025-01-13T23:28:51.135+0000] {dag.py:4180} INFO - Setting next_dagrun for example_time_delta_sensor_async to None, run_after=None
[2025-01-13T23:28:51.149+0000] {processor.py:208} INFO - Processing /home/airflow/.local/lib/python3.12/site-packages/airflow/example_dags/example_time_delta_sensor_async.py took 0.056 seconds
[2025-01-13T23:29:21.502+0000] {processor.py:186} INFO - Started process (PID=542) to work on /home/airflow/.local/lib/python3.12/site-packages/airflow/example_dags/example_time_delta_sensor_async.py
[2025-01-13T23:29:21.504+0000] {processor.py:914} INFO - Processing file /home/airflow/.local/lib/python3.12/site-packages/airflow/example_dags/example_time_delta_sensor_async.py for tasks to queue
[2025-01-13T23:29:21.505+0000] {logging_mixin.py:190} INFO - [2025-01-13T23:29:21.505+0000] {dagbag.py:588} INFO - Filling up the DagBag from /home/airflow/.local/lib/python3.12/site-packages/airflow/example_dags/example_time_delta_sensor_async.py
[2025-01-13T23:29:21.510+0000] {processor.py:925} INFO - DAG(s) 'example_time_delta_sensor_async' retrieved from /home/airflow/.local/lib/python3.12/site-packages/airflow/example_dags/example_time_delta_sensor_async.py
[2025-01-13T23:29:21.529+0000] {logging_mixin.py:190} INFO - [2025-01-13T23:29:21.529+0000] {dag.py:3239} INFO - Sync 1 DAGs
[2025-01-13T23:29:21.542+0000] {logging_mixin.py:190} INFO - [2025-01-13T23:29:21.542+0000] {dag.py:4180} INFO - Setting next_dagrun for example_time_delta_sensor_async to None, run_after=None
[2025-01-13T23:29:21.560+0000] {processor.py:208} INFO - Processing /home/airflow/.local/lib/python3.12/site-packages/airflow/example_dags/example_time_delta_sensor_async.py took 0.062 seconds
[2025-01-13T23:29:51.990+0000] {processor.py:186} INFO - Started process (PID=606) to work on /home/airflow/.local/lib/python3.12/site-packages/airflow/example_dags/example_time_delta_sensor_async.py
[2025-01-13T23:29:51.990+0000] {processor.py:914} INFO - Processing file /home/airflow/.local/lib/python3.12/site-packages/airflow/example_dags/example_time_delta_sensor_async.py for tasks to queue
[2025-01-13T23:29:51.992+0000] {logging_mixin.py:190} INFO - [2025-01-13T23:29:51.992+0000] {dagbag.py:588} INFO - Filling up the DagBag from /home/airflow/.local/lib/python3.12/site-packages/airflow/example_dags/example_time_delta_sensor_async.py
[2025-01-13T23:29:51.997+0000] {processor.py:925} INFO - DAG(s) 'example_time_delta_sensor_async' retrieved from /home/airflow/.local/lib/python3.12/site-packages/airflow/example_dags/example_time_delta_sensor_async.py
[2025-01-13T23:29:52.009+0000] {logging_mixin.py:190} INFO - [2025-01-13T23:29:52.009+0000] {dag.py:3239} INFO - Sync 1 DAGs
[2025-01-13T23:29:52.019+0000] {logging_mixin.py:190} INFO - [2025-01-13T23:29:52.019+0000] {dag.py:4180} INFO - Setting next_dagrun for example_time_delta_sensor_async to None, run_after=None
[2025-01-13T23:29:52.036+0000] {processor.py:208} INFO - Processing /home/airflow/.local/lib/python3.12/site-packages/airflow/example_dags/example_time_delta_sensor_async.py took 0.050 seconds
[2025-01-13T23:30:22.080+0000] {processor.py:186} INFO - Started process (PID=670) to work on /home/airflow/.local/lib/python3.12/site-packages/airflow/example_dags/example_time_delta_sensor_async.py
[2025-01-13T23:30:22.082+0000] {processor.py:914} INFO - Processing file /home/airflow/.local/lib/python3.12/site-packages/airflow/example_dags/example_time_delta_sensor_async.py for tasks to queue
[2025-01-13T23:30:22.085+0000] {logging_mixin.py:190} INFO - [2025-01-13T23:30:22.084+0000] {dagbag.py:588} INFO - Filling up the DagBag from /home/airflow/.local/lib/python3.12/site-packages/airflow/example_dags/example_time_delta_sensor_async.py
[2025-01-13T23:30:22.091+0000] {processor.py:925} INFO - DAG(s) 'example_time_delta_sensor_async' retrieved from /home/airflow/.local/lib/python3.12/site-packages/airflow/example_dags/example_time_delta_sensor_async.py
[2025-01-13T23:30:22.107+0000] {logging_mixin.py:190} INFO - [2025-01-13T23:30:22.107+0000] {dag.py:3239} INFO - Sync 1 DAGs
[2025-01-13T23:30:22.118+0000] {logging_mixin.py:190} INFO - [2025-01-13T23:30:22.118+0000] {dag.py:4180} INFO - Setting next_dagrun for example_time_delta_sensor_async to None, run_after=None
[2025-01-13T23:30:22.135+0000] {processor.py:208} INFO - Processing /home/airflow/.local/lib/python3.12/site-packages/airflow/example_dags/example_time_delta_sensor_async.py took 0.059 seconds
[2025-01-13T23:30:52.936+0000] {processor.py:186} INFO - Started process (PID=733) to work on /home/airflow/.local/lib/python3.12/site-packages/airflow/example_dags/example_time_delta_sensor_async.py
[2025-01-13T23:30:52.937+0000] {processor.py:914} INFO - Processing file /home/airflow/.local/lib/python3.12/site-packages/airflow/example_dags/example_time_delta_sensor_async.py for tasks to queue
[2025-01-13T23:30:52.939+0000] {logging_mixin.py:190} INFO - [2025-01-13T23:30:52.939+0000] {dagbag.py:588} INFO - Filling up the DagBag from /home/airflow/.local/lib/python3.12/site-packages/airflow/example_dags/example_time_delta_sensor_async.py
[2025-01-13T23:30:52.945+0000] {processor.py:925} INFO - DAG(s) 'example_time_delta_sensor_async' retrieved from /home/airflow/.local/lib/python3.12/site-packages/airflow/example_dags/example_time_delta_sensor_async.py
[2025-01-13T23:30:52.965+0000] {logging_mixin.py:190} INFO - [2025-01-13T23:30:52.965+0000] {dag.py:3239} INFO - Sync 1 DAGs
[2025-01-13T23:30:52.980+0000] {logging_mixin.py:190} INFO - [2025-01-13T23:30:52.980+0000] {dag.py:4180} INFO - Setting next_dagrun for example_time_delta_sensor_async to None, run_after=None
[2025-01-13T23:30:53.002+0000] {processor.py:208} INFO - Processing /home/airflow/.local/lib/python3.12/site-packages/airflow/example_dags/example_time_delta_sensor_async.py took 0.070 seconds
[2025-01-13T23:31:23.276+0000] {processor.py:186} INFO - Started process (PID=797) to work on /home/airflow/.local/lib/python3.12/site-packages/airflow/example_dags/example_time_delta_sensor_async.py
[2025-01-13T23:31:23.277+0000] {processor.py:914} INFO - Processing file /home/airflow/.local/lib/python3.12/site-packages/airflow/example_dags/example_time_delta_sensor_async.py for tasks to queue
[2025-01-13T23:31:23.279+0000] {logging_mixin.py:190} INFO - [2025-01-13T23:31:23.279+0000] {dagbag.py:588} INFO - Filling up the DagBag from /home/airflow/.local/lib/python3.12/site-packages/airflow/example_dags/example_time_delta_sensor_async.py
[2025-01-13T23:31:23.284+0000] {processor.py:925} INFO - DAG(s) 'example_time_delta_sensor_async' retrieved from /home/airflow/.local/lib/python3.12/site-packages/airflow/example_dags/example_time_delta_sensor_async.py
[2025-01-13T23:31:23.300+0000] {logging_mixin.py:190} INFO - [2025-01-13T23:31:23.300+0000] {dag.py:3239} INFO - Sync 1 DAGs
[2025-01-13T23:31:23.310+0000] {logging_mixin.py:190} INFO - [2025-01-13T23:31:23.310+0000] {dag.py:4180} INFO - Setting next_dagrun for example_time_delta_sensor_async to None, run_after=None
[2025-01-13T23:31:23.322+0000] {processor.py:208} INFO - Processing /home/airflow/.local/lib/python3.12/site-packages/airflow/example_dags/example_time_delta_sensor_async.py took 0.049 seconds
[2025-01-13T23:31:53.889+0000] {processor.py:186} INFO - Started process (PID=860) to work on /home/airflow/.local/lib/python3.12/site-packages/airflow/example_dags/example_time_delta_sensor_async.py
[2025-01-13T23:31:53.890+0000] {processor.py:914} INFO - Processing file /home/airflow/.local/lib/python3.12/site-packages/airflow/example_dags/example_time_delta_sensor_async.py for tasks to queue
[2025-01-13T23:31:53.892+0000] {logging_mixin.py:190} INFO - [2025-01-13T23:31:53.892+0000] {dagbag.py:588} INFO - Filling up the DagBag from /home/airflow/.local/lib/python3.12/site-packages/airflow/example_dags/example_time_delta_sensor_async.py
[2025-01-13T23:31:53.899+0000] {processor.py:925} INFO - DAG(s) 'example_time_delta_sensor_async' retrieved from /home/airflow/.local/lib/python3.12/site-packages/airflow/example_dags/example_time_delta_sensor_async.py
[2025-01-13T23:31:53.919+0000] {logging_mixin.py:190} INFO - [2025-01-13T23:31:53.919+0000] {dag.py:3239} INFO - Sync 1 DAGs
[2025-01-13T23:31:53.932+0000] {logging_mixin.py:190} INFO - [2025-01-13T23:31:53.931+0000] {dag.py:4180} INFO - Setting next_dagrun for example_time_delta_sensor_async to None, run_after=None
[2025-01-13T23:31:53.947+0000] {processor.py:208} INFO - Processing /home/airflow/.local/lib/python3.12/site-packages/airflow/example_dags/example_time_delta_sensor_async.py took 0.063 seconds
[2025-01-13T23:32:24.135+0000] {processor.py:186} INFO - Started process (PID=924) to work on /home/airflow/.local/lib/python3.12/site-packages/airflow/example_dags/example_time_delta_sensor_async.py
[2025-01-13T23:32:24.136+0000] {processor.py:914} INFO - Processing file /home/airflow/.local/lib/python3.12/site-packages/airflow/example_dags/example_time_delta_sensor_async.py for tasks to queue
[2025-01-13T23:32:24.138+0000] {logging_mixin.py:190} INFO - [2025-01-13T23:32:24.138+0000] {dagbag.py:588} INFO - Filling up the DagBag from /home/airflow/.local/lib/python3.12/site-packages/airflow/example_dags/example_time_delta_sensor_async.py
[2025-01-13T23:32:24.143+0000] {processor.py:925} INFO - DAG(s) 'example_time_delta_sensor_async' retrieved from /home/airflow/.local/lib/python3.12/site-packages/airflow/example_dags/example_time_delta_sensor_async.py
[2025-01-13T23:32:24.165+0000] {logging_mixin.py:190} INFO - [2025-01-13T23:32:24.164+0000] {dag.py:3239} INFO - Sync 1 DAGs
[2025-01-13T23:32:24.176+0000] {logging_mixin.py:190} INFO - [2025-01-13T23:32:24.176+0000] {dag.py:4180} INFO - Setting next_dagrun for example_time_delta_sensor_async to None, run_after=None
[2025-01-13T23:32:24.197+0000] {processor.py:208} INFO - Processing /home/airflow/.local/lib/python3.12/site-packages/airflow/example_dags/example_time_delta_sensor_async.py took 0.068 seconds
[2025-01-13T23:32:54.354+0000] {processor.py:186} INFO - Started process (PID=988) to work on /home/airflow/.local/lib/python3.12/site-packages/airflow/example_dags/example_time_delta_sensor_async.py
[2025-01-13T23:32:54.355+0000] {processor.py:914} INFO - Processing file /home/airflow/.local/lib/python3.12/site-packages/airflow/example_dags/example_time_delta_sensor_async.py for tasks to queue
[2025-01-13T23:32:54.357+0000] {logging_mixin.py:190} INFO - [2025-01-13T23:32:54.357+0000] {dagbag.py:588} INFO - Filling up the DagBag from /home/airflow/.local/lib/python3.12/site-packages/airflow/example_dags/example_time_delta_sensor_async.py
[2025-01-13T23:32:54.362+0000] {processor.py:925} INFO - DAG(s) 'example_time_delta_sensor_async' retrieved from /home/airflow/.local/lib/python3.12/site-packages/airflow/example_dags/example_time_delta_sensor_async.py
[2025-01-13T23:32:54.376+0000] {logging_mixin.py:190} INFO - [2025-01-13T23:32:54.376+0000] {dag.py:3239} INFO - Sync 1 DAGs
[2025-01-13T23:32:54.386+0000] {logging_mixin.py:190} INFO - [2025-01-13T23:32:54.386+0000] {dag.py:4180} INFO - Setting next_dagrun for example_time_delta_sensor_async to None, run_after=None
[2025-01-13T23:32:54.400+0000] {processor.py:208} INFO - Processing /home/airflow/.local/lib/python3.12/site-packages/airflow/example_dags/example_time_delta_sensor_async.py took 0.050 seconds
[2025-01-13T23:33:24.652+0000] {processor.py:186} INFO - Started process (PID=1052) to work on /home/airflow/.local/lib/python3.12/site-packages/airflow/example_dags/example_time_delta_sensor_async.py
[2025-01-13T23:33:24.653+0000] {processor.py:914} INFO - Processing file /home/airflow/.local/lib/python3.12/site-packages/airflow/example_dags/example_time_delta_sensor_async.py for tasks to queue
[2025-01-13T23:33:24.656+0000] {logging_mixin.py:190} INFO - [2025-01-13T23:33:24.655+0000] {dagbag.py:588} INFO - Filling up the DagBag from /home/airflow/.local/lib/python3.12/site-packages/airflow/example_dags/example_time_delta_sensor_async.py
[2025-01-13T23:33:24.661+0000] {processor.py:925} INFO - DAG(s) 'example_time_delta_sensor_async' retrieved from /home/airflow/.local/lib/python3.12/site-packages/airflow/example_dags/example_time_delta_sensor_async.py
[2025-01-13T23:33:24.676+0000] {logging_mixin.py:190} INFO - [2025-01-13T23:33:24.675+0000] {dag.py:3239} INFO - Sync 1 DAGs
[2025-01-13T23:33:24.686+0000] {logging_mixin.py:190} INFO - [2025-01-13T23:33:24.686+0000] {dag.py:4180} INFO - Setting next_dagrun for example_time_delta_sensor_async to None, run_after=None
[2025-01-13T23:33:24.699+0000] {processor.py:208} INFO - Processing /home/airflow/.local/lib/python3.12/site-packages/airflow/example_dags/example_time_delta_sensor_async.py took 0.050 seconds
[2025-01-13T23:33:54.955+0000] {processor.py:186} INFO - Started process (PID=1116) to work on /home/airflow/.local/lib/python3.12/site-packages/airflow/example_dags/example_time_delta_sensor_async.py
[2025-01-13T23:33:54.957+0000] {processor.py:914} INFO - Processing file /home/airflow/.local/lib/python3.12/site-packages/airflow/example_dags/example_time_delta_sensor_async.py for tasks to queue
[2025-01-13T23:33:54.961+0000] {logging_mixin.py:190} INFO - [2025-01-13T23:33:54.960+0000] {dagbag.py:588} INFO - Filling up the DagBag from /home/airflow/.local/lib/python3.12/site-packages/airflow/example_dags/example_time_delta_sensor_async.py
[2025-01-13T23:33:54.968+0000] {processor.py:925} INFO - DAG(s) 'example_time_delta_sensor_async' retrieved from /home/airflow/.local/lib/python3.12/site-packages/airflow/example_dags/example_time_delta_sensor_async.py
[2025-01-13T23:33:54.986+0000] {logging_mixin.py:190} INFO - [2025-01-13T23:33:54.986+0000] {dag.py:3239} INFO - Sync 1 DAGs
[2025-01-13T23:33:54.999+0000] {logging_mixin.py:190} INFO - [2025-01-13T23:33:54.998+0000] {dag.py:4180} INFO - Setting next_dagrun for example_time_delta_sensor_async to None, run_after=None
[2025-01-13T23:33:55.021+0000] {processor.py:208} INFO - Processing /home/airflow/.local/lib/python3.12/site-packages/airflow/example_dags/example_time_delta_sensor_async.py took 0.070 seconds
[2025-01-13T23:34:25.989+0000] {processor.py:186} INFO - Started process (PID=1180) to work on /home/airflow/.local/lib/python3.12/site-packages/airflow/example_dags/example_time_delta_sensor_async.py
[2025-01-13T23:34:25.990+0000] {processor.py:914} INFO - Processing file /home/airflow/.local/lib/python3.12/site-packages/airflow/example_dags/example_time_delta_sensor_async.py for tasks to queue
[2025-01-13T23:34:25.993+0000] {logging_mixin.py:190} INFO - [2025-01-13T23:34:25.993+0000] {dagbag.py:588} INFO - Filling up the DagBag from /home/airflow/.local/lib/python3.12/site-packages/airflow/example_dags/example_time_delta_sensor_async.py
[2025-01-13T23:34:26.000+0000] {processor.py:925} INFO - DAG(s) 'example_time_delta_sensor_async' retrieved from /home/airflow/.local/lib/python3.12/site-packages/airflow/example_dags/example_time_delta_sensor_async.py
[2025-01-13T23:34:26.017+0000] {logging_mixin.py:190} INFO - [2025-01-13T23:34:26.016+0000] {dag.py:3239} INFO - Sync 1 DAGs
[2025-01-13T23:34:26.033+0000] {logging_mixin.py:190} INFO - [2025-01-13T23:34:26.033+0000] {dag.py:4180} INFO - Setting next_dagrun for example_time_delta_sensor_async to None, run_after=None
[2025-01-13T23:34:26.054+0000] {processor.py:208} INFO - Processing /home/airflow/.local/lib/python3.12/site-packages/airflow/example_dags/example_time_delta_sensor_async.py took 0.070 seconds
[2025-01-13T23:34:56.396+0000] {processor.py:186} INFO - Started process (PID=1244) to work on /home/airflow/.local/lib/python3.12/site-packages/airflow/example_dags/example_time_delta_sensor_async.py
[2025-01-13T23:34:56.398+0000] {processor.py:914} INFO - Processing file /home/airflow/.local/lib/python3.12/site-packages/airflow/example_dags/example_time_delta_sensor_async.py for tasks to queue
[2025-01-13T23:34:56.400+0000] {logging_mixin.py:190} INFO - [2025-01-13T23:34:56.400+0000] {dagbag.py:588} INFO - Filling up the DagBag from /home/airflow/.local/lib/python3.12/site-packages/airflow/example_dags/example_time_delta_sensor_async.py
[2025-01-13T23:34:56.406+0000] {processor.py:925} INFO - DAG(s) 'example_time_delta_sensor_async' retrieved from /home/airflow/.local/lib/python3.12/site-packages/airflow/example_dags/example_time_delta_sensor_async.py
[2025-01-13T23:34:56.422+0000] {logging_mixin.py:190} INFO - [2025-01-13T23:34:56.422+0000] {dag.py:3239} INFO - Sync 1 DAGs
[2025-01-13T23:34:56.434+0000] {logging_mixin.py:190} INFO - [2025-01-13T23:34:56.434+0000] {dag.py:4180} INFO - Setting next_dagrun for example_time_delta_sensor_async to None, run_after=None
[2025-01-13T23:34:56.456+0000] {processor.py:208} INFO - Processing /home/airflow/.local/lib/python3.12/site-packages/airflow/example_dags/example_time_delta_sensor_async.py took 0.064 seconds
[2025-01-13T23:35:26.745+0000] {processor.py:186} INFO - Started process (PID=1308) to work on /home/airflow/.local/lib/python3.12/site-packages/airflow/example_dags/example_time_delta_sensor_async.py
[2025-01-13T23:35:26.746+0000] {processor.py:914} INFO - Processing file /home/airflow/.local/lib/python3.12/site-packages/airflow/example_dags/example_time_delta_sensor_async.py for tasks to queue
[2025-01-13T23:35:26.748+0000] {logging_mixin.py:190} INFO - [2025-01-13T23:35:26.748+0000] {dagbag.py:588} INFO - Filling up the DagBag from /home/airflow/.local/lib/python3.12/site-packages/airflow/example_dags/example_time_delta_sensor_async.py
[2025-01-13T23:35:26.756+0000] {processor.py:925} INFO - DAG(s) 'example_time_delta_sensor_async' retrieved from /home/airflow/.local/lib/python3.12/site-packages/airflow/example_dags/example_time_delta_sensor_async.py
[2025-01-13T23:35:26.781+0000] {logging_mixin.py:190} INFO - [2025-01-13T23:35:26.780+0000] {dag.py:3239} INFO - Sync 1 DAGs
[2025-01-13T23:35:26.796+0000] {logging_mixin.py:190} INFO - [2025-01-13T23:35:26.796+0000] {dag.py:4180} INFO - Setting next_dagrun for example_time_delta_sensor_async to None, run_after=None
[2025-01-13T23:35:26.816+0000] {processor.py:208} INFO - Processing /home/airflow/.local/lib/python3.12/site-packages/airflow/example_dags/example_time_delta_sensor_async.py took 0.078 seconds
[2025-01-13T23:35:57.505+0000] {processor.py:186} INFO - Started process (PID=1372) to work on /home/airflow/.local/lib/python3.12/site-packages/airflow/example_dags/example_time_delta_sensor_async.py
[2025-01-13T23:35:57.506+0000] {processor.py:914} INFO - Processing file /home/airflow/.local/lib/python3.12/site-packages/airflow/example_dags/example_time_delta_sensor_async.py for tasks to queue
[2025-01-13T23:35:57.509+0000] {logging_mixin.py:190} INFO - [2025-01-13T23:35:57.509+0000] {dagbag.py:588} INFO - Filling up the DagBag from /home/airflow/.local/lib/python3.12/site-packages/airflow/example_dags/example_time_delta_sensor_async.py
[2025-01-13T23:35:57.516+0000] {processor.py:925} INFO - DAG(s) 'example_time_delta_sensor_async' retrieved from /home/airflow/.local/lib/python3.12/site-packages/airflow/example_dags/example_time_delta_sensor_async.py
[2025-01-13T23:35:57.531+0000] {logging_mixin.py:190} INFO - [2025-01-13T23:35:57.531+0000] {dag.py:3239} INFO - Sync 1 DAGs
[2025-01-13T23:35:57.542+0000] {logging_mixin.py:190} INFO - [2025-01-13T23:35:57.541+0000] {dag.py:4180} INFO - Setting next_dagrun for example_time_delta_sensor_async to None, run_after=None
[2025-01-13T23:35:57.556+0000] {processor.py:208} INFO - Processing /home/airflow/.local/lib/python3.12/site-packages/airflow/example_dags/example_time_delta_sensor_async.py took 0.057 seconds
[2025-01-13T23:36:27.706+0000] {processor.py:186} INFO - Started process (PID=1436) to work on /home/airflow/.local/lib/python3.12/site-packages/airflow/example_dags/example_time_delta_sensor_async.py
[2025-01-13T23:36:27.707+0000] {processor.py:914} INFO - Processing file /home/airflow/.local/lib/python3.12/site-packages/airflow/example_dags/example_time_delta_sensor_async.py for tasks to queue
[2025-01-13T23:36:27.709+0000] {logging_mixin.py:190} INFO - [2025-01-13T23:36:27.709+0000] {dagbag.py:588} INFO - Filling up the DagBag from /home/airflow/.local/lib/python3.12/site-packages/airflow/example_dags/example_time_delta_sensor_async.py
[2025-01-13T23:36:27.716+0000] {processor.py:925} INFO - DAG(s) 'example_time_delta_sensor_async' retrieved from /home/airflow/.local/lib/python3.12/site-packages/airflow/example_dags/example_time_delta_sensor_async.py
[2025-01-13T23:36:27.734+0000] {logging_mixin.py:190} INFO - [2025-01-13T23:36:27.734+0000] {dag.py:3239} INFO - Sync 1 DAGs
[2025-01-13T23:36:27.754+0000] {logging_mixin.py:190} INFO - [2025-01-13T23:36:27.754+0000] {dag.py:4180} INFO - Setting next_dagrun for example_time_delta_sensor_async to None, run_after=None
[2025-01-13T23:36:27.769+0000] {processor.py:208} INFO - Processing /home/airflow/.local/lib/python3.12/site-packages/airflow/example_dags/example_time_delta_sensor_async.py took 0.067 seconds
[2025-01-13T23:36:58.130+0000] {processor.py:186} INFO - Started process (PID=1500) to work on /home/airflow/.local/lib/python3.12/site-packages/airflow/example_dags/example_time_delta_sensor_async.py
[2025-01-13T23:36:58.131+0000] {processor.py:914} INFO - Processing file /home/airflow/.local/lib/python3.12/site-packages/airflow/example_dags/example_time_delta_sensor_async.py for tasks to queue
[2025-01-13T23:36:58.135+0000] {logging_mixin.py:190} INFO - [2025-01-13T23:36:58.135+0000] {dagbag.py:588} INFO - Filling up the DagBag from /home/airflow/.local/lib/python3.12/site-packages/airflow/example_dags/example_time_delta_sensor_async.py
[2025-01-13T23:36:58.145+0000] {processor.py:925} INFO - DAG(s) 'example_time_delta_sensor_async' retrieved from /home/airflow/.local/lib/python3.12/site-packages/airflow/example_dags/example_time_delta_sensor_async.py
[2025-01-13T23:36:58.167+0000] {logging_mixin.py:190} INFO - [2025-01-13T23:36:58.167+0000] {dag.py:3239} INFO - Sync 1 DAGs
[2025-01-13T23:36:58.180+0000] {logging_mixin.py:190} INFO - [2025-01-13T23:36:58.180+0000] {dag.py:4180} INFO - Setting next_dagrun for example_time_delta_sensor_async to None, run_after=None
[2025-01-13T23:36:58.201+0000] {processor.py:208} INFO - Processing /home/airflow/.local/lib/python3.12/site-packages/airflow/example_dags/example_time_delta_sensor_async.py took 0.075 seconds
[2025-01-13T23:37:28.644+0000] {processor.py:186} INFO - Started process (PID=1564) to work on /home/airflow/.local/lib/python3.12/site-packages/airflow/example_dags/example_time_delta_sensor_async.py
[2025-01-13T23:37:28.646+0000] {processor.py:914} INFO - Processing file /home/airflow/.local/lib/python3.12/site-packages/airflow/example_dags/example_time_delta_sensor_async.py for tasks to queue
[2025-01-13T23:37:28.649+0000] {logging_mixin.py:190} INFO - [2025-01-13T23:37:28.649+0000] {dagbag.py:588} INFO - Filling up the DagBag from /home/airflow/.local/lib/python3.12/site-packages/airflow/example_dags/example_time_delta_sensor_async.py
[2025-01-13T23:37:28.660+0000] {processor.py:925} INFO - DAG(s) 'example_time_delta_sensor_async' retrieved from /home/airflow/.local/lib/python3.12/site-packages/airflow/example_dags/example_time_delta_sensor_async.py
[2025-01-13T23:37:28.692+0000] {logging_mixin.py:190} INFO - [2025-01-13T23:37:28.691+0000] {dag.py:3239} INFO - Sync 1 DAGs
[2025-01-13T23:37:28.720+0000] {logging_mixin.py:190} INFO - [2025-01-13T23:37:28.719+0000] {dag.py:4180} INFO - Setting next_dagrun for example_time_delta_sensor_async to None, run_after=None
[2025-01-13T23:37:28.768+0000] {processor.py:208} INFO - Processing /home/airflow/.local/lib/python3.12/site-packages/airflow/example_dags/example_time_delta_sensor_async.py took 0.130 seconds
[2025-01-13T23:37:59.663+0000] {processor.py:186} INFO - Started process (PID=1628) to work on /home/airflow/.local/lib/python3.12/site-packages/airflow/example_dags/example_time_delta_sensor_async.py
[2025-01-13T23:37:59.665+0000] {processor.py:914} INFO - Processing file /home/airflow/.local/lib/python3.12/site-packages/airflow/example_dags/example_time_delta_sensor_async.py for tasks to queue
[2025-01-13T23:37:59.668+0000] {logging_mixin.py:190} INFO - [2025-01-13T23:37:59.668+0000] {dagbag.py:588} INFO - Filling up the DagBag from /home/airflow/.local/lib/python3.12/site-packages/airflow/example_dags/example_time_delta_sensor_async.py
[2025-01-13T23:37:59.675+0000] {processor.py:925} INFO - DAG(s) 'example_time_delta_sensor_async' retrieved from /home/airflow/.local/lib/python3.12/site-packages/airflow/example_dags/example_time_delta_sensor_async.py
[2025-01-13T23:37:59.700+0000] {logging_mixin.py:190} INFO - [2025-01-13T23:37:59.699+0000] {dag.py:3239} INFO - Sync 1 DAGs
[2025-01-13T23:37:59.721+0000] {logging_mixin.py:190} INFO - [2025-01-13T23:37:59.721+0000] {dag.py:4180} INFO - Setting next_dagrun for example_time_delta_sensor_async to None, run_after=None
[2025-01-13T23:37:59.744+0000] {processor.py:208} INFO - Processing /home/airflow/.local/lib/python3.12/site-packages/airflow/example_dags/example_time_delta_sensor_async.py took 0.088 seconds
[2025-01-13T23:38:30.708+0000] {processor.py:186} INFO - Started process (PID=1692) to work on /home/airflow/.local/lib/python3.12/site-packages/airflow/example_dags/example_time_delta_sensor_async.py
[2025-01-13T23:38:30.710+0000] {processor.py:914} INFO - Processing file /home/airflow/.local/lib/python3.12/site-packages/airflow/example_dags/example_time_delta_sensor_async.py for tasks to queue
[2025-01-13T23:38:30.712+0000] {logging_mixin.py:190} INFO - [2025-01-13T23:38:30.712+0000] {dagbag.py:588} INFO - Filling up the DagBag from /home/airflow/.local/lib/python3.12/site-packages/airflow/example_dags/example_time_delta_sensor_async.py
[2025-01-13T23:38:30.718+0000] {processor.py:925} INFO - DAG(s) 'example_time_delta_sensor_async' retrieved from /home/airflow/.local/lib/python3.12/site-packages/airflow/example_dags/example_time_delta_sensor_async.py
[2025-01-13T23:38:30.735+0000] {logging_mixin.py:190} INFO - [2025-01-13T23:38:30.735+0000] {dag.py:3239} INFO - Sync 1 DAGs
[2025-01-13T23:38:30.747+0000] {logging_mixin.py:190} INFO - [2025-01-13T23:38:30.747+0000] {dag.py:4180} INFO - Setting next_dagrun for example_time_delta_sensor_async to None, run_after=None
[2025-01-13T23:38:30.771+0000] {processor.py:208} INFO - Processing /home/airflow/.local/lib/python3.12/site-packages/airflow/example_dags/example_time_delta_sensor_async.py took 0.066 seconds
[2025-01-13T23:39:01.013+0000] {processor.py:186} INFO - Started process (PID=1756) to work on /home/airflow/.local/lib/python3.12/site-packages/airflow/example_dags/example_time_delta_sensor_async.py
[2025-01-13T23:39:01.014+0000] {processor.py:914} INFO - Processing file /home/airflow/.local/lib/python3.12/site-packages/airflow/example_dags/example_time_delta_sensor_async.py for tasks to queue
[2025-01-13T23:39:01.017+0000] {logging_mixin.py:190} INFO - [2025-01-13T23:39:01.017+0000] {dagbag.py:588} INFO - Filling up the DagBag from /home/airflow/.local/lib/python3.12/site-packages/airflow/example_dags/example_time_delta_sensor_async.py
[2025-01-13T23:39:01.022+0000] {processor.py:925} INFO - DAG(s) 'example_time_delta_sensor_async' retrieved from /home/airflow/.local/lib/python3.12/site-packages/airflow/example_dags/example_time_delta_sensor_async.py
[2025-01-13T23:39:01.042+0000] {logging_mixin.py:190} INFO - [2025-01-13T23:39:01.042+0000] {dag.py:3239} INFO - Sync 1 DAGs
[2025-01-13T23:39:01.059+0000] {logging_mixin.py:190} INFO - [2025-01-13T23:39:01.059+0000] {dag.py:4180} INFO - Setting next_dagrun for example_time_delta_sensor_async to None, run_after=None
[2025-01-13T23:39:01.089+0000] {processor.py:208} INFO - Processing /home/airflow/.local/lib/python3.12/site-packages/airflow/example_dags/example_time_delta_sensor_async.py took 0.081 seconds
[2025-01-13T23:39:31.516+0000] {processor.py:186} INFO - Started process (PID=1820) to work on /home/airflow/.local/lib/python3.12/site-packages/airflow/example_dags/example_time_delta_sensor_async.py
[2025-01-13T23:39:31.517+0000] {processor.py:914} INFO - Processing file /home/airflow/.local/lib/python3.12/site-packages/airflow/example_dags/example_time_delta_sensor_async.py for tasks to queue
[2025-01-13T23:39:31.520+0000] {logging_mixin.py:190} INFO - [2025-01-13T23:39:31.520+0000] {dagbag.py:588} INFO - Filling up the DagBag from /home/airflow/.local/lib/python3.12/site-packages/airflow/example_dags/example_time_delta_sensor_async.py
[2025-01-13T23:39:31.526+0000] {processor.py:925} INFO - DAG(s) 'example_time_delta_sensor_async' retrieved from /home/airflow/.local/lib/python3.12/site-packages/airflow/example_dags/example_time_delta_sensor_async.py
[2025-01-13T23:39:31.544+0000] {logging_mixin.py:190} INFO - [2025-01-13T23:39:31.544+0000] {dag.py:3239} INFO - Sync 1 DAGs
[2025-01-13T23:39:31.556+0000] {logging_mixin.py:190} INFO - [2025-01-13T23:39:31.556+0000] {dag.py:4180} INFO - Setting next_dagrun for example_time_delta_sensor_async to None, run_after=None
[2025-01-13T23:39:31.593+0000] {processor.py:208} INFO - Processing /home/airflow/.local/lib/python3.12/site-packages/airflow/example_dags/example_time_delta_sensor_async.py took 0.081 seconds
[2025-01-13T23:40:01.672+0000] {processor.py:186} INFO - Started process (PID=1884) to work on /home/airflow/.local/lib/python3.12/site-packages/airflow/example_dags/example_time_delta_sensor_async.py
[2025-01-13T23:40:01.674+0000] {processor.py:914} INFO - Processing file /home/airflow/.local/lib/python3.12/site-packages/airflow/example_dags/example_time_delta_sensor_async.py for tasks to queue
[2025-01-13T23:40:01.676+0000] {logging_mixin.py:190} INFO - [2025-01-13T23:40:01.675+0000] {dagbag.py:588} INFO - Filling up the DagBag from /home/airflow/.local/lib/python3.12/site-packages/airflow/example_dags/example_time_delta_sensor_async.py
[2025-01-13T23:40:01.681+0000] {processor.py:925} INFO - DAG(s) 'example_time_delta_sensor_async' retrieved from /home/airflow/.local/lib/python3.12/site-packages/airflow/example_dags/example_time_delta_sensor_async.py
[2025-01-13T23:40:01.701+0000] {logging_mixin.py:190} INFO - [2025-01-13T23:40:01.701+0000] {dag.py:3239} INFO - Sync 1 DAGs
[2025-01-13T23:40:01.712+0000] {logging_mixin.py:190} INFO - [2025-01-13T23:40:01.711+0000] {dag.py:4180} INFO - Setting next_dagrun for example_time_delta_sensor_async to None, run_after=None
[2025-01-13T23:40:01.739+0000] {processor.py:208} INFO - Processing /home/airflow/.local/lib/python3.12/site-packages/airflow/example_dags/example_time_delta_sensor_async.py took 0.072 seconds
[2025-01-13T23:40:32.181+0000] {processor.py:186} INFO - Started process (PID=1948) to work on /home/airflow/.local/lib/python3.12/site-packages/airflow/example_dags/example_time_delta_sensor_async.py
[2025-01-13T23:40:32.182+0000] {processor.py:914} INFO - Processing file /home/airflow/.local/lib/python3.12/site-packages/airflow/example_dags/example_time_delta_sensor_async.py for tasks to queue
[2025-01-13T23:40:32.184+0000] {logging_mixin.py:190} INFO - [2025-01-13T23:40:32.184+0000] {dagbag.py:588} INFO - Filling up the DagBag from /home/airflow/.local/lib/python3.12/site-packages/airflow/example_dags/example_time_delta_sensor_async.py
[2025-01-13T23:40:32.193+0000] {processor.py:925} INFO - DAG(s) 'example_time_delta_sensor_async' retrieved from /home/airflow/.local/lib/python3.12/site-packages/airflow/example_dags/example_time_delta_sensor_async.py
[2025-01-13T23:40:32.218+0000] {logging_mixin.py:190} INFO - [2025-01-13T23:40:32.218+0000] {dag.py:3239} INFO - Sync 1 DAGs
[2025-01-13T23:40:32.235+0000] {logging_mixin.py:190} INFO - [2025-01-13T23:40:32.235+0000] {dag.py:4180} INFO - Setting next_dagrun for example_time_delta_sensor_async to None, run_after=None
[2025-01-13T23:40:32.261+0000] {processor.py:208} INFO - Processing /home/airflow/.local/lib/python3.12/site-packages/airflow/example_dags/example_time_delta_sensor_async.py took 0.084 seconds
[2025-01-13T23:41:03.142+0000] {processor.py:186} INFO - Started process (PID=2012) to work on /home/airflow/.local/lib/python3.12/site-packages/airflow/example_dags/example_time_delta_sensor_async.py
[2025-01-13T23:41:03.143+0000] {processor.py:914} INFO - Processing file /home/airflow/.local/lib/python3.12/site-packages/airflow/example_dags/example_time_delta_sensor_async.py for tasks to queue
[2025-01-13T23:41:03.145+0000] {logging_mixin.py:190} INFO - [2025-01-13T23:41:03.144+0000] {dagbag.py:588} INFO - Filling up the DagBag from /home/airflow/.local/lib/python3.12/site-packages/airflow/example_dags/example_time_delta_sensor_async.py
[2025-01-13T23:41:03.152+0000] {processor.py:925} INFO - DAG(s) 'example_time_delta_sensor_async' retrieved from /home/airflow/.local/lib/python3.12/site-packages/airflow/example_dags/example_time_delta_sensor_async.py
[2025-01-13T23:41:03.173+0000] {logging_mixin.py:190} INFO - [2025-01-13T23:41:03.173+0000] {dag.py:3239} INFO - Sync 1 DAGs
[2025-01-13T23:41:03.185+0000] {logging_mixin.py:190} INFO - [2025-01-13T23:41:03.185+0000] {dag.py:4180} INFO - Setting next_dagrun for example_time_delta_sensor_async to None, run_after=None
[2025-01-13T23:41:03.207+0000] {processor.py:208} INFO - Processing /home/airflow/.local/lib/python3.12/site-packages/airflow/example_dags/example_time_delta_sensor_async.py took 0.071 seconds
[2025-01-13T23:41:33.586+0000] {processor.py:186} INFO - Started process (PID=2076) to work on /home/airflow/.local/lib/python3.12/site-packages/airflow/example_dags/example_time_delta_sensor_async.py
[2025-01-13T23:41:33.587+0000] {processor.py:914} INFO - Processing file /home/airflow/.local/lib/python3.12/site-packages/airflow/example_dags/example_time_delta_sensor_async.py for tasks to queue
[2025-01-13T23:41:33.590+0000] {logging_mixin.py:190} INFO - [2025-01-13T23:41:33.589+0000] {dagbag.py:588} INFO - Filling up the DagBag from /home/airflow/.local/lib/python3.12/site-packages/airflow/example_dags/example_time_delta_sensor_async.py
[2025-01-13T23:41:33.596+0000] {processor.py:925} INFO - DAG(s) 'example_time_delta_sensor_async' retrieved from /home/airflow/.local/lib/python3.12/site-packages/airflow/example_dags/example_time_delta_sensor_async.py
[2025-01-13T23:41:33.623+0000] {logging_mixin.py:190} INFO - [2025-01-13T23:41:33.623+0000] {dag.py:3239} INFO - Sync 1 DAGs
[2025-01-13T23:41:33.642+0000] {logging_mixin.py:190} INFO - [2025-01-13T23:41:33.641+0000] {dag.py:4180} INFO - Setting next_dagrun for example_time_delta_sensor_async to None, run_after=None
[2025-01-13T23:41:33.668+0000] {processor.py:208} INFO - Processing /home/airflow/.local/lib/python3.12/site-packages/airflow/example_dags/example_time_delta_sensor_async.py took 0.087 seconds
[2025-01-13T23:42:03.881+0000] {processor.py:186} INFO - Started process (PID=2140) to work on /home/airflow/.local/lib/python3.12/site-packages/airflow/example_dags/example_time_delta_sensor_async.py
[2025-01-13T23:42:03.882+0000] {processor.py:914} INFO - Processing file /home/airflow/.local/lib/python3.12/site-packages/airflow/example_dags/example_time_delta_sensor_async.py for tasks to queue
[2025-01-13T23:42:03.885+0000] {logging_mixin.py:190} INFO - [2025-01-13T23:42:03.884+0000] {dagbag.py:588} INFO - Filling up the DagBag from /home/airflow/.local/lib/python3.12/site-packages/airflow/example_dags/example_time_delta_sensor_async.py
[2025-01-13T23:42:03.891+0000] {processor.py:925} INFO - DAG(s) 'example_time_delta_sensor_async' retrieved from /home/airflow/.local/lib/python3.12/site-packages/airflow/example_dags/example_time_delta_sensor_async.py
[2025-01-13T23:42:03.916+0000] {logging_mixin.py:190} INFO - [2025-01-13T23:42:03.915+0000] {dag.py:3239} INFO - Sync 1 DAGs
[2025-01-13T23:42:03.931+0000] {logging_mixin.py:190} INFO - [2025-01-13T23:42:03.931+0000] {dag.py:4180} INFO - Setting next_dagrun for example_time_delta_sensor_async to None, run_after=None
[2025-01-13T23:42:03.956+0000] {processor.py:208} INFO - Processing /home/airflow/.local/lib/python3.12/site-packages/airflow/example_dags/example_time_delta_sensor_async.py took 0.082 seconds
[2025-01-13T23:42:34.620+0000] {processor.py:186} INFO - Started process (PID=2204) to work on /home/airflow/.local/lib/python3.12/site-packages/airflow/example_dags/example_time_delta_sensor_async.py
[2025-01-13T23:42:34.621+0000] {processor.py:914} INFO - Processing file /home/airflow/.local/lib/python3.12/site-packages/airflow/example_dags/example_time_delta_sensor_async.py for tasks to queue
[2025-01-13T23:42:34.623+0000] {logging_mixin.py:190} INFO - [2025-01-13T23:42:34.623+0000] {dagbag.py:588} INFO - Filling up the DagBag from /home/airflow/.local/lib/python3.12/site-packages/airflow/example_dags/example_time_delta_sensor_async.py
[2025-01-13T23:42:34.629+0000] {processor.py:925} INFO - DAG(s) 'example_time_delta_sensor_async' retrieved from /home/airflow/.local/lib/python3.12/site-packages/airflow/example_dags/example_time_delta_sensor_async.py
[2025-01-13T23:42:34.645+0000] {logging_mixin.py:190} INFO - [2025-01-13T23:42:34.645+0000] {dag.py:3239} INFO - Sync 1 DAGs
[2025-01-13T23:42:34.656+0000] {logging_mixin.py:190} INFO - [2025-01-13T23:42:34.656+0000] {dag.py:4180} INFO - Setting next_dagrun for example_time_delta_sensor_async to None, run_after=None
[2025-01-13T23:42:34.671+0000] {processor.py:208} INFO - Processing /home/airflow/.local/lib/python3.12/site-packages/airflow/example_dags/example_time_delta_sensor_async.py took 0.055 seconds
[2025-01-13T23:43:04.877+0000] {processor.py:186} INFO - Started process (PID=2267) to work on /home/airflow/.local/lib/python3.12/site-packages/airflow/example_dags/example_time_delta_sensor_async.py
[2025-01-13T23:43:04.878+0000] {processor.py:914} INFO - Processing file /home/airflow/.local/lib/python3.12/site-packages/airflow/example_dags/example_time_delta_sensor_async.py for tasks to queue
[2025-01-13T23:43:04.880+0000] {logging_mixin.py:190} INFO - [2025-01-13T23:43:04.880+0000] {dagbag.py:588} INFO - Filling up the DagBag from /home/airflow/.local/lib/python3.12/site-packages/airflow/example_dags/example_time_delta_sensor_async.py
[2025-01-13T23:43:04.884+0000] {processor.py:925} INFO - DAG(s) 'example_time_delta_sensor_async' retrieved from /home/airflow/.local/lib/python3.12/site-packages/airflow/example_dags/example_time_delta_sensor_async.py
[2025-01-13T23:43:04.901+0000] {logging_mixin.py:190} INFO - [2025-01-13T23:43:04.900+0000] {dag.py:3239} INFO - Sync 1 DAGs
[2025-01-13T23:43:04.911+0000] {logging_mixin.py:190} INFO - [2025-01-13T23:43:04.911+0000] {dag.py:4180} INFO - Setting next_dagrun for example_time_delta_sensor_async to None, run_after=None
[2025-01-13T23:43:04.925+0000] {processor.py:208} INFO - Processing /home/airflow/.local/lib/python3.12/site-packages/airflow/example_dags/example_time_delta_sensor_async.py took 0.053 seconds
[2025-01-13T23:43:35.736+0000] {processor.py:186} INFO - Started process (PID=2331) to work on /home/airflow/.local/lib/python3.12/site-packages/airflow/example_dags/example_time_delta_sensor_async.py
[2025-01-13T23:43:35.737+0000] {processor.py:914} INFO - Processing file /home/airflow/.local/lib/python3.12/site-packages/airflow/example_dags/example_time_delta_sensor_async.py for tasks to queue
[2025-01-13T23:43:35.739+0000] {logging_mixin.py:190} INFO - [2025-01-13T23:43:35.739+0000] {dagbag.py:588} INFO - Filling up the DagBag from /home/airflow/.local/lib/python3.12/site-packages/airflow/example_dags/example_time_delta_sensor_async.py
[2025-01-13T23:43:35.747+0000] {processor.py:925} INFO - DAG(s) 'example_time_delta_sensor_async' retrieved from /home/airflow/.local/lib/python3.12/site-packages/airflow/example_dags/example_time_delta_sensor_async.py
[2025-01-13T23:43:35.764+0000] {logging_mixin.py:190} INFO - [2025-01-13T23:43:35.764+0000] {dag.py:3239} INFO - Sync 1 DAGs
[2025-01-13T23:43:35.774+0000] {logging_mixin.py:190} INFO - [2025-01-13T23:43:35.774+0000] {dag.py:4180} INFO - Setting next_dagrun for example_time_delta_sensor_async to None, run_after=None
[2025-01-13T23:43:35.792+0000] {processor.py:208} INFO - Processing /home/airflow/.local/lib/python3.12/site-packages/airflow/example_dags/example_time_delta_sensor_async.py took 0.061 seconds
[2025-01-13T23:44:06.513+0000] {processor.py:186} INFO - Started process (PID=2395) to work on /home/airflow/.local/lib/python3.12/site-packages/airflow/example_dags/example_time_delta_sensor_async.py
[2025-01-13T23:44:06.514+0000] {processor.py:914} INFO - Processing file /home/airflow/.local/lib/python3.12/site-packages/airflow/example_dags/example_time_delta_sensor_async.py for tasks to queue
[2025-01-13T23:44:06.516+0000] {logging_mixin.py:190} INFO - [2025-01-13T23:44:06.516+0000] {dagbag.py:588} INFO - Filling up the DagBag from /home/airflow/.local/lib/python3.12/site-packages/airflow/example_dags/example_time_delta_sensor_async.py
[2025-01-13T23:44:06.522+0000] {processor.py:925} INFO - DAG(s) 'example_time_delta_sensor_async' retrieved from /home/airflow/.local/lib/python3.12/site-packages/airflow/example_dags/example_time_delta_sensor_async.py
[2025-01-13T23:44:06.541+0000] {logging_mixin.py:190} INFO - [2025-01-13T23:44:06.541+0000] {dag.py:3239} INFO - Sync 1 DAGs
[2025-01-13T23:44:06.553+0000] {logging_mixin.py:190} INFO - [2025-01-13T23:44:06.553+0000] {dag.py:4180} INFO - Setting next_dagrun for example_time_delta_sensor_async to None, run_after=None
[2025-01-13T23:44:06.567+0000] {processor.py:208} INFO - Processing /home/airflow/.local/lib/python3.12/site-packages/airflow/example_dags/example_time_delta_sensor_async.py took 0.058 seconds
[2025-01-13T23:44:36.832+0000] {processor.py:186} INFO - Started process (PID=2459) to work on /home/airflow/.local/lib/python3.12/site-packages/airflow/example_dags/example_time_delta_sensor_async.py
[2025-01-13T23:44:36.833+0000] {processor.py:914} INFO - Processing file /home/airflow/.local/lib/python3.12/site-packages/airflow/example_dags/example_time_delta_sensor_async.py for tasks to queue
[2025-01-13T23:44:36.835+0000] {logging_mixin.py:190} INFO - [2025-01-13T23:44:36.835+0000] {dagbag.py:588} INFO - Filling up the DagBag from /home/airflow/.local/lib/python3.12/site-packages/airflow/example_dags/example_time_delta_sensor_async.py
[2025-01-13T23:44:36.841+0000] {processor.py:925} INFO - DAG(s) 'example_time_delta_sensor_async' retrieved from /home/airflow/.local/lib/python3.12/site-packages/airflow/example_dags/example_time_delta_sensor_async.py
[2025-01-13T23:44:36.857+0000] {logging_mixin.py:190} INFO - [2025-01-13T23:44:36.857+0000] {dag.py:3239} INFO - Sync 1 DAGs
[2025-01-13T23:44:36.867+0000] {logging_mixin.py:190} INFO - [2025-01-13T23:44:36.866+0000] {dag.py:4180} INFO - Setting next_dagrun for example_time_delta_sensor_async to None, run_after=None
[2025-01-13T23:44:36.884+0000] {processor.py:208} INFO - Processing /home/airflow/.local/lib/python3.12/site-packages/airflow/example_dags/example_time_delta_sensor_async.py took 0.056 seconds
[2025-01-13T23:45:07.021+0000] {processor.py:186} INFO - Started process (PID=2522) to work on /home/airflow/.local/lib/python3.12/site-packages/airflow/example_dags/example_time_delta_sensor_async.py
[2025-01-13T23:45:07.022+0000] {processor.py:914} INFO - Processing file /home/airflow/.local/lib/python3.12/site-packages/airflow/example_dags/example_time_delta_sensor_async.py for tasks to queue
[2025-01-13T23:45:07.025+0000] {logging_mixin.py:190} INFO - [2025-01-13T23:45:07.024+0000] {dagbag.py:588} INFO - Filling up the DagBag from /home/airflow/.local/lib/python3.12/site-packages/airflow/example_dags/example_time_delta_sensor_async.py
[2025-01-13T23:45:07.031+0000] {processor.py:925} INFO - DAG(s) 'example_time_delta_sensor_async' retrieved from /home/airflow/.local/lib/python3.12/site-packages/airflow/example_dags/example_time_delta_sensor_async.py
[2025-01-13T23:45:07.048+0000] {logging_mixin.py:190} INFO - [2025-01-13T23:45:07.048+0000] {dag.py:3239} INFO - Sync 1 DAGs
[2025-01-13T23:45:07.058+0000] {logging_mixin.py:190} INFO - [2025-01-13T23:45:07.058+0000] {dag.py:4180} INFO - Setting next_dagrun for example_time_delta_sensor_async to None, run_after=None
[2025-01-13T23:45:07.073+0000] {processor.py:208} INFO - Processing /home/airflow/.local/lib/python3.12/site-packages/airflow/example_dags/example_time_delta_sensor_async.py took 0.057 seconds
[2025-01-13T23:45:37.336+0000] {processor.py:186} INFO - Started process (PID=2586) to work on /home/airflow/.local/lib/python3.12/site-packages/airflow/example_dags/example_time_delta_sensor_async.py
[2025-01-13T23:45:37.337+0000] {processor.py:914} INFO - Processing file /home/airflow/.local/lib/python3.12/site-packages/airflow/example_dags/example_time_delta_sensor_async.py for tasks to queue
[2025-01-13T23:45:37.338+0000] {logging_mixin.py:190} INFO - [2025-01-13T23:45:37.338+0000] {dagbag.py:588} INFO - Filling up the DagBag from /home/airflow/.local/lib/python3.12/site-packages/airflow/example_dags/example_time_delta_sensor_async.py
[2025-01-13T23:45:37.344+0000] {processor.py:925} INFO - DAG(s) 'example_time_delta_sensor_async' retrieved from /home/airflow/.local/lib/python3.12/site-packages/airflow/example_dags/example_time_delta_sensor_async.py
[2025-01-13T23:45:37.361+0000] {logging_mixin.py:190} INFO - [2025-01-13T23:45:37.361+0000] {dag.py:3239} INFO - Sync 1 DAGs
[2025-01-13T23:45:37.372+0000] {logging_mixin.py:190} INFO - [2025-01-13T23:45:37.371+0000] {dag.py:4180} INFO - Setting next_dagrun for example_time_delta_sensor_async to None, run_after=None
[2025-01-13T23:45:37.387+0000] {processor.py:208} INFO - Processing /home/airflow/.local/lib/python3.12/site-packages/airflow/example_dags/example_time_delta_sensor_async.py took 0.055 seconds
[2025-01-13T23:46:07.988+0000] {processor.py:186} INFO - Started process (PID=2650) to work on /home/airflow/.local/lib/python3.12/site-packages/airflow/example_dags/example_time_delta_sensor_async.py
[2025-01-13T23:46:07.989+0000] {processor.py:914} INFO - Processing file /home/airflow/.local/lib/python3.12/site-packages/airflow/example_dags/example_time_delta_sensor_async.py for tasks to queue
[2025-01-13T23:46:07.993+0000] {logging_mixin.py:190} INFO - [2025-01-13T23:46:07.992+0000] {dagbag.py:588} INFO - Filling up the DagBag from /home/airflow/.local/lib/python3.12/site-packages/airflow/example_dags/example_time_delta_sensor_async.py
[2025-01-13T23:46:08.000+0000] {processor.py:925} INFO - DAG(s) 'example_time_delta_sensor_async' retrieved from /home/airflow/.local/lib/python3.12/site-packages/airflow/example_dags/example_time_delta_sensor_async.py
[2025-01-13T23:46:08.015+0000] {logging_mixin.py:190} INFO - [2025-01-13T23:46:08.015+0000] {dag.py:3239} INFO - Sync 1 DAGs
[2025-01-13T23:46:08.025+0000] {logging_mixin.py:190} INFO - [2025-01-13T23:46:08.025+0000] {dag.py:4180} INFO - Setting next_dagrun for example_time_delta_sensor_async to None, run_after=None
[2025-01-13T23:46:08.042+0000] {processor.py:208} INFO - Processing /home/airflow/.local/lib/python3.12/site-packages/airflow/example_dags/example_time_delta_sensor_async.py took 0.058 seconds
[2025-01-13T23:46:38.308+0000] {processor.py:186} INFO - Started process (PID=2713) to work on /home/airflow/.local/lib/python3.12/site-packages/airflow/example_dags/example_time_delta_sensor_async.py
[2025-01-13T23:46:38.309+0000] {processor.py:914} INFO - Processing file /home/airflow/.local/lib/python3.12/site-packages/airflow/example_dags/example_time_delta_sensor_async.py for tasks to queue
[2025-01-13T23:46:38.311+0000] {logging_mixin.py:190} INFO - [2025-01-13T23:46:38.310+0000] {dagbag.py:588} INFO - Filling up the DagBag from /home/airflow/.local/lib/python3.12/site-packages/airflow/example_dags/example_time_delta_sensor_async.py
[2025-01-13T23:46:38.317+0000] {processor.py:925} INFO - DAG(s) 'example_time_delta_sensor_async' retrieved from /home/airflow/.local/lib/python3.12/site-packages/airflow/example_dags/example_time_delta_sensor_async.py
[2025-01-13T23:46:38.336+0000] {logging_mixin.py:190} INFO - [2025-01-13T23:46:38.336+0000] {dag.py:3239} INFO - Sync 1 DAGs
[2025-01-13T23:46:38.353+0000] {logging_mixin.py:190} INFO - [2025-01-13T23:46:38.353+0000] {dag.py:4180} INFO - Setting next_dagrun for example_time_delta_sensor_async to None, run_after=None
[2025-01-13T23:46:38.369+0000] {processor.py:208} INFO - Processing /home/airflow/.local/lib/python3.12/site-packages/airflow/example_dags/example_time_delta_sensor_async.py took 0.065 seconds
[2025-01-13T23:47:08.447+0000] {processor.py:186} INFO - Started process (PID=2776) to work on /home/airflow/.local/lib/python3.12/site-packages/airflow/example_dags/example_time_delta_sensor_async.py
[2025-01-13T23:47:08.448+0000] {processor.py:914} INFO - Processing file /home/airflow/.local/lib/python3.12/site-packages/airflow/example_dags/example_time_delta_sensor_async.py for tasks to queue
[2025-01-13T23:47:08.451+0000] {logging_mixin.py:190} INFO - [2025-01-13T23:47:08.450+0000] {dagbag.py:588} INFO - Filling up the DagBag from /home/airflow/.local/lib/python3.12/site-packages/airflow/example_dags/example_time_delta_sensor_async.py
[2025-01-13T23:47:08.456+0000] {processor.py:925} INFO - DAG(s) 'example_time_delta_sensor_async' retrieved from /home/airflow/.local/lib/python3.12/site-packages/airflow/example_dags/example_time_delta_sensor_async.py
[2025-01-13T23:47:08.470+0000] {logging_mixin.py:190} INFO - [2025-01-13T23:47:08.470+0000] {dag.py:3239} INFO - Sync 1 DAGs
[2025-01-13T23:47:08.481+0000] {logging_mixin.py:190} INFO - [2025-01-13T23:47:08.481+0000] {dag.py:4180} INFO - Setting next_dagrun for example_time_delta_sensor_async to None, run_after=None
[2025-01-13T23:47:08.494+0000] {processor.py:208} INFO - Processing /home/airflow/.local/lib/python3.12/site-packages/airflow/example_dags/example_time_delta_sensor_async.py took 0.051 seconds
[2025-01-13T23:47:39.493+0000] {processor.py:186} INFO - Started process (PID=2841) to work on /home/airflow/.local/lib/python3.12/site-packages/airflow/example_dags/example_time_delta_sensor_async.py
[2025-01-13T23:47:39.494+0000] {processor.py:914} INFO - Processing file /home/airflow/.local/lib/python3.12/site-packages/airflow/example_dags/example_time_delta_sensor_async.py for tasks to queue
[2025-01-13T23:47:39.496+0000] {logging_mixin.py:190} INFO - [2025-01-13T23:47:39.496+0000] {dagbag.py:588} INFO - Filling up the DagBag from /home/airflow/.local/lib/python3.12/site-packages/airflow/example_dags/example_time_delta_sensor_async.py
[2025-01-13T23:47:39.502+0000] {processor.py:925} INFO - DAG(s) 'example_time_delta_sensor_async' retrieved from /home/airflow/.local/lib/python3.12/site-packages/airflow/example_dags/example_time_delta_sensor_async.py
[2025-01-13T23:47:39.518+0000] {logging_mixin.py:190} INFO - [2025-01-13T23:47:39.518+0000] {dag.py:3239} INFO - Sync 1 DAGs
[2025-01-13T23:47:39.529+0000] {logging_mixin.py:190} INFO - [2025-01-13T23:47:39.529+0000] {dag.py:4180} INFO - Setting next_dagrun for example_time_delta_sensor_async to None, run_after=None
[2025-01-13T23:47:39.545+0000] {processor.py:208} INFO - Processing /home/airflow/.local/lib/python3.12/site-packages/airflow/example_dags/example_time_delta_sensor_async.py took 0.057 seconds
[2025-01-13T23:48:10.290+0000] {processor.py:186} INFO - Started process (PID=2905) to work on /home/airflow/.local/lib/python3.12/site-packages/airflow/example_dags/example_time_delta_sensor_async.py
[2025-01-13T23:48:10.292+0000] {processor.py:914} INFO - Processing file /home/airflow/.local/lib/python3.12/site-packages/airflow/example_dags/example_time_delta_sensor_async.py for tasks to queue
[2025-01-13T23:48:10.294+0000] {logging_mixin.py:190} INFO - [2025-01-13T23:48:10.294+0000] {dagbag.py:588} INFO - Filling up the DagBag from /home/airflow/.local/lib/python3.12/site-packages/airflow/example_dags/example_time_delta_sensor_async.py
[2025-01-13T23:48:10.299+0000] {processor.py:925} INFO - DAG(s) 'example_time_delta_sensor_async' retrieved from /home/airflow/.local/lib/python3.12/site-packages/airflow/example_dags/example_time_delta_sensor_async.py
[2025-01-13T23:48:10.313+0000] {logging_mixin.py:190} INFO - [2025-01-13T23:48:10.313+0000] {dag.py:3239} INFO - Sync 1 DAGs
[2025-01-13T23:48:10.324+0000] {logging_mixin.py:190} INFO - [2025-01-13T23:48:10.323+0000] {dag.py:4180} INFO - Setting next_dagrun for example_time_delta_sensor_async to None, run_after=None
[2025-01-13T23:48:10.340+0000] {processor.py:208} INFO - Processing /home/airflow/.local/lib/python3.12/site-packages/airflow/example_dags/example_time_delta_sensor_async.py took 0.053 seconds
[2025-01-13T23:48:41.139+0000] {processor.py:186} INFO - Started process (PID=2969) to work on /home/airflow/.local/lib/python3.12/site-packages/airflow/example_dags/example_time_delta_sensor_async.py
[2025-01-13T23:48:41.140+0000] {processor.py:914} INFO - Processing file /home/airflow/.local/lib/python3.12/site-packages/airflow/example_dags/example_time_delta_sensor_async.py for tasks to queue
[2025-01-13T23:48:41.142+0000] {logging_mixin.py:190} INFO - [2025-01-13T23:48:41.141+0000] {dagbag.py:588} INFO - Filling up the DagBag from /home/airflow/.local/lib/python3.12/site-packages/airflow/example_dags/example_time_delta_sensor_async.py
[2025-01-13T23:48:41.147+0000] {processor.py:925} INFO - DAG(s) 'example_time_delta_sensor_async' retrieved from /home/airflow/.local/lib/python3.12/site-packages/airflow/example_dags/example_time_delta_sensor_async.py
[2025-01-13T23:48:41.166+0000] {logging_mixin.py:190} INFO - [2025-01-13T23:48:41.166+0000] {dag.py:3239} INFO - Sync 1 DAGs
[2025-01-13T23:48:41.178+0000] {logging_mixin.py:190} INFO - [2025-01-13T23:48:41.178+0000] {dag.py:4180} INFO - Setting next_dagrun for example_time_delta_sensor_async to None, run_after=None
[2025-01-13T23:48:41.194+0000] {processor.py:208} INFO - Processing /home/airflow/.local/lib/python3.12/site-packages/airflow/example_dags/example_time_delta_sensor_async.py took 0.060 seconds
[2025-01-13T23:49:13.024+0000] {processor.py:186} INFO - Started process (PID=3033) to work on /home/airflow/.local/lib/python3.12/site-packages/airflow/example_dags/example_time_delta_sensor_async.py
[2025-01-13T23:49:13.026+0000] {processor.py:914} INFO - Processing file /home/airflow/.local/lib/python3.12/site-packages/airflow/example_dags/example_time_delta_sensor_async.py for tasks to queue
[2025-01-13T23:49:13.029+0000] {logging_mixin.py:190} INFO - [2025-01-13T23:49:13.029+0000] {dagbag.py:588} INFO - Filling up the DagBag from /home/airflow/.local/lib/python3.12/site-packages/airflow/example_dags/example_time_delta_sensor_async.py
[2025-01-13T23:49:13.037+0000] {processor.py:925} INFO - DAG(s) 'example_time_delta_sensor_async' retrieved from /home/airflow/.local/lib/python3.12/site-packages/airflow/example_dags/example_time_delta_sensor_async.py
[2025-01-13T23:49:13.061+0000] {logging_mixin.py:190} INFO - [2025-01-13T23:49:13.060+0000] {dag.py:3239} INFO - Sync 1 DAGs
[2025-01-13T23:49:13.073+0000] {logging_mixin.py:190} INFO - [2025-01-13T23:49:13.073+0000] {dag.py:4180} INFO - Setting next_dagrun for example_time_delta_sensor_async to None, run_after=None
[2025-01-13T23:49:13.098+0000] {processor.py:208} INFO - Processing /home/airflow/.local/lib/python3.12/site-packages/airflow/example_dags/example_time_delta_sensor_async.py took 0.080 seconds
[2025-01-13T23:49:43.756+0000] {processor.py:186} INFO - Started process (PID=3097) to work on /home/airflow/.local/lib/python3.12/site-packages/airflow/example_dags/example_time_delta_sensor_async.py
[2025-01-13T23:49:43.757+0000] {processor.py:914} INFO - Processing file /home/airflow/.local/lib/python3.12/site-packages/airflow/example_dags/example_time_delta_sensor_async.py for tasks to queue
[2025-01-13T23:49:43.760+0000] {logging_mixin.py:190} INFO - [2025-01-13T23:49:43.760+0000] {dagbag.py:588} INFO - Filling up the DagBag from /home/airflow/.local/lib/python3.12/site-packages/airflow/example_dags/example_time_delta_sensor_async.py
[2025-01-13T23:49:43.767+0000] {processor.py:925} INFO - DAG(s) 'example_time_delta_sensor_async' retrieved from /home/airflow/.local/lib/python3.12/site-packages/airflow/example_dags/example_time_delta_sensor_async.py
[2025-01-13T23:49:43.789+0000] {logging_mixin.py:190} INFO - [2025-01-13T23:49:43.788+0000] {dag.py:3239} INFO - Sync 1 DAGs
[2025-01-13T23:49:43.950+0000] {logging_mixin.py:190} INFO - [2025-01-13T23:49:43.950+0000] {dag.py:4180} INFO - Setting next_dagrun for example_time_delta_sensor_async to None, run_after=None
[2025-01-13T23:49:43.965+0000] {processor.py:208} INFO - Processing /home/airflow/.local/lib/python3.12/site-packages/airflow/example_dags/example_time_delta_sensor_async.py took 0.213 seconds
[2025-01-13T23:50:15.704+0000] {processor.py:186} INFO - Started process (PID=3161) to work on /home/airflow/.local/lib/python3.12/site-packages/airflow/example_dags/example_time_delta_sensor_async.py
[2025-01-13T23:50:15.706+0000] {processor.py:914} INFO - Processing file /home/airflow/.local/lib/python3.12/site-packages/airflow/example_dags/example_time_delta_sensor_async.py for tasks to queue
[2025-01-13T23:50:15.708+0000] {logging_mixin.py:190} INFO - [2025-01-13T23:50:15.708+0000] {dagbag.py:588} INFO - Filling up the DagBag from /home/airflow/.local/lib/python3.12/site-packages/airflow/example_dags/example_time_delta_sensor_async.py
[2025-01-13T23:50:15.715+0000] {processor.py:925} INFO - DAG(s) 'example_time_delta_sensor_async' retrieved from /home/airflow/.local/lib/python3.12/site-packages/airflow/example_dags/example_time_delta_sensor_async.py
[2025-01-13T23:50:15.740+0000] {logging_mixin.py:190} INFO - [2025-01-13T23:50:15.740+0000] {dag.py:3239} INFO - Sync 1 DAGs
[2025-01-13T23:50:15.756+0000] {logging_mixin.py:190} INFO - [2025-01-13T23:50:15.756+0000] {dag.py:4180} INFO - Setting next_dagrun for example_time_delta_sensor_async to None, run_after=None
[2025-01-13T23:50:15.964+0000] {processor.py:208} INFO - Processing /home/airflow/.local/lib/python3.12/site-packages/airflow/example_dags/example_time_delta_sensor_async.py took 0.266 seconds
[2025-01-13T23:50:46.202+0000] {processor.py:186} INFO - Started process (PID=3225) to work on /home/airflow/.local/lib/python3.12/site-packages/airflow/example_dags/example_time_delta_sensor_async.py
[2025-01-13T23:50:46.203+0000] {processor.py:914} INFO - Processing file /home/airflow/.local/lib/python3.12/site-packages/airflow/example_dags/example_time_delta_sensor_async.py for tasks to queue
[2025-01-13T23:50:46.207+0000] {logging_mixin.py:190} INFO - [2025-01-13T23:50:46.206+0000] {dagbag.py:588} INFO - Filling up the DagBag from /home/airflow/.local/lib/python3.12/site-packages/airflow/example_dags/example_time_delta_sensor_async.py
[2025-01-13T23:50:46.214+0000] {processor.py:925} INFO - DAG(s) 'example_time_delta_sensor_async' retrieved from /home/airflow/.local/lib/python3.12/site-packages/airflow/example_dags/example_time_delta_sensor_async.py
[2025-01-13T23:50:46.239+0000] {logging_mixin.py:190} INFO - [2025-01-13T23:50:46.239+0000] {dag.py:3239} INFO - Sync 1 DAGs
[2025-01-13T23:50:46.256+0000] {logging_mixin.py:190} INFO - [2025-01-13T23:50:46.256+0000] {dag.py:4180} INFO - Setting next_dagrun for example_time_delta_sensor_async to None, run_after=None
[2025-01-13T23:50:46.281+0000] {processor.py:208} INFO - Processing /home/airflow/.local/lib/python3.12/site-packages/airflow/example_dags/example_time_delta_sensor_async.py took 0.085 seconds
[2025-01-13T23:51:17.038+0000] {processor.py:186} INFO - Started process (PID=3289) to work on /home/airflow/.local/lib/python3.12/site-packages/airflow/example_dags/example_time_delta_sensor_async.py
[2025-01-13T23:51:17.039+0000] {processor.py:914} INFO - Processing file /home/airflow/.local/lib/python3.12/site-packages/airflow/example_dags/example_time_delta_sensor_async.py for tasks to queue
[2025-01-13T23:51:17.043+0000] {logging_mixin.py:190} INFO - [2025-01-13T23:51:17.042+0000] {dagbag.py:588} INFO - Filling up the DagBag from /home/airflow/.local/lib/python3.12/site-packages/airflow/example_dags/example_time_delta_sensor_async.py
[2025-01-13T23:51:17.048+0000] {processor.py:925} INFO - DAG(s) 'example_time_delta_sensor_async' retrieved from /home/airflow/.local/lib/python3.12/site-packages/airflow/example_dags/example_time_delta_sensor_async.py
[2025-01-13T23:51:17.066+0000] {logging_mixin.py:190} INFO - [2025-01-13T23:51:17.065+0000] {dag.py:3239} INFO - Sync 1 DAGs
[2025-01-13T23:51:17.076+0000] {logging_mixin.py:190} INFO - [2025-01-13T23:51:17.076+0000] {dag.py:4180} INFO - Setting next_dagrun for example_time_delta_sensor_async to None, run_after=None
[2025-01-13T23:51:17.106+0000] {processor.py:208} INFO - Processing /home/airflow/.local/lib/python3.12/site-packages/airflow/example_dags/example_time_delta_sensor_async.py took 0.072 seconds
[2025-01-13T23:51:47.519+0000] {processor.py:186} INFO - Started process (PID=3353) to work on /home/airflow/.local/lib/python3.12/site-packages/airflow/example_dags/example_time_delta_sensor_async.py
[2025-01-13T23:51:47.521+0000] {processor.py:914} INFO - Processing file /home/airflow/.local/lib/python3.12/site-packages/airflow/example_dags/example_time_delta_sensor_async.py for tasks to queue
[2025-01-13T23:51:47.524+0000] {logging_mixin.py:190} INFO - [2025-01-13T23:51:47.524+0000] {dagbag.py:588} INFO - Filling up the DagBag from /home/airflow/.local/lib/python3.12/site-packages/airflow/example_dags/example_time_delta_sensor_async.py
[2025-01-13T23:51:47.530+0000] {processor.py:925} INFO - DAG(s) 'example_time_delta_sensor_async' retrieved from /home/airflow/.local/lib/python3.12/site-packages/airflow/example_dags/example_time_delta_sensor_async.py
[2025-01-13T23:51:47.549+0000] {logging_mixin.py:190} INFO - [2025-01-13T23:51:47.549+0000] {dag.py:3239} INFO - Sync 1 DAGs
[2025-01-13T23:51:47.563+0000] {logging_mixin.py:190} INFO - [2025-01-13T23:51:47.563+0000] {dag.py:4180} INFO - Setting next_dagrun for example_time_delta_sensor_async to None, run_after=None
[2025-01-13T23:51:47.583+0000] {processor.py:208} INFO - Processing /home/airflow/.local/lib/python3.12/site-packages/airflow/example_dags/example_time_delta_sensor_async.py took 0.068 seconds
[2025-01-13T23:52:18.325+0000] {processor.py:186} INFO - Started process (PID=3417) to work on /home/airflow/.local/lib/python3.12/site-packages/airflow/example_dags/example_time_delta_sensor_async.py
[2025-01-13T23:52:18.327+0000] {processor.py:914} INFO - Processing file /home/airflow/.local/lib/python3.12/site-packages/airflow/example_dags/example_time_delta_sensor_async.py for tasks to queue
[2025-01-13T23:52:18.331+0000] {logging_mixin.py:190} INFO - [2025-01-13T23:52:18.330+0000] {dagbag.py:588} INFO - Filling up the DagBag from /home/airflow/.local/lib/python3.12/site-packages/airflow/example_dags/example_time_delta_sensor_async.py
[2025-01-13T23:52:18.337+0000] {processor.py:925} INFO - DAG(s) 'example_time_delta_sensor_async' retrieved from /home/airflow/.local/lib/python3.12/site-packages/airflow/example_dags/example_time_delta_sensor_async.py
[2025-01-13T23:52:18.360+0000] {logging_mixin.py:190} INFO - [2025-01-13T23:52:18.360+0000] {dag.py:3239} INFO - Sync 1 DAGs
[2025-01-13T23:52:18.373+0000] {logging_mixin.py:190} INFO - [2025-01-13T23:52:18.373+0000] {dag.py:4180} INFO - Setting next_dagrun for example_time_delta_sensor_async to None, run_after=None
[2025-01-13T23:52:18.398+0000] {processor.py:208} INFO - Processing /home/airflow/.local/lib/python3.12/site-packages/airflow/example_dags/example_time_delta_sensor_async.py took 0.078 seconds
[2025-01-13T23:52:48.786+0000] {processor.py:186} INFO - Started process (PID=3481) to work on /home/airflow/.local/lib/python3.12/site-packages/airflow/example_dags/example_time_delta_sensor_async.py
[2025-01-13T23:52:48.787+0000] {processor.py:914} INFO - Processing file /home/airflow/.local/lib/python3.12/site-packages/airflow/example_dags/example_time_delta_sensor_async.py for tasks to queue
[2025-01-13T23:52:48.789+0000] {logging_mixin.py:190} INFO - [2025-01-13T23:52:48.788+0000] {dagbag.py:588} INFO - Filling up the DagBag from /home/airflow/.local/lib/python3.12/site-packages/airflow/example_dags/example_time_delta_sensor_async.py
[2025-01-13T23:52:48.794+0000] {processor.py:925} INFO - DAG(s) 'example_time_delta_sensor_async' retrieved from /home/airflow/.local/lib/python3.12/site-packages/airflow/example_dags/example_time_delta_sensor_async.py
[2025-01-13T23:52:48.809+0000] {logging_mixin.py:190} INFO - [2025-01-13T23:52:48.809+0000] {dag.py:3239} INFO - Sync 1 DAGs
[2025-01-13T23:52:48.819+0000] {logging_mixin.py:190} INFO - [2025-01-13T23:52:48.819+0000] {dag.py:4180} INFO - Setting next_dagrun for example_time_delta_sensor_async to None, run_after=None
[2025-01-13T23:52:48.837+0000] {processor.py:208} INFO - Processing /home/airflow/.local/lib/python3.12/site-packages/airflow/example_dags/example_time_delta_sensor_async.py took 0.055 seconds
[2025-01-13T23:53:19.180+0000] {processor.py:186} INFO - Started process (PID=3544) to work on /home/airflow/.local/lib/python3.12/site-packages/airflow/example_dags/example_time_delta_sensor_async.py
[2025-01-13T23:53:19.181+0000] {processor.py:914} INFO - Processing file /home/airflow/.local/lib/python3.12/site-packages/airflow/example_dags/example_time_delta_sensor_async.py for tasks to queue
[2025-01-13T23:53:19.185+0000] {logging_mixin.py:190} INFO - [2025-01-13T23:53:19.184+0000] {dagbag.py:588} INFO - Filling up the DagBag from /home/airflow/.local/lib/python3.12/site-packages/airflow/example_dags/example_time_delta_sensor_async.py
[2025-01-13T23:53:19.190+0000] {processor.py:925} INFO - DAG(s) 'example_time_delta_sensor_async' retrieved from /home/airflow/.local/lib/python3.12/site-packages/airflow/example_dags/example_time_delta_sensor_async.py
[2025-01-13T23:53:19.208+0000] {logging_mixin.py:190} INFO - [2025-01-13T23:53:19.208+0000] {dag.py:3239} INFO - Sync 1 DAGs
[2025-01-13T23:53:19.231+0000] {logging_mixin.py:190} INFO - [2025-01-13T23:53:19.231+0000] {dag.py:4180} INFO - Setting next_dagrun for example_time_delta_sensor_async to None, run_after=None
[2025-01-13T23:53:19.255+0000] {processor.py:208} INFO - Processing /home/airflow/.local/lib/python3.12/site-packages/airflow/example_dags/example_time_delta_sensor_async.py took 0.079 seconds
[2025-01-13T23:53:50.237+0000] {processor.py:186} INFO - Started process (PID=3614) to work on /home/airflow/.local/lib/python3.12/site-packages/airflow/example_dags/example_time_delta_sensor_async.py
[2025-01-13T23:53:50.239+0000] {processor.py:914} INFO - Processing file /home/airflow/.local/lib/python3.12/site-packages/airflow/example_dags/example_time_delta_sensor_async.py for tasks to queue
[2025-01-13T23:53:50.244+0000] {logging_mixin.py:190} INFO - [2025-01-13T23:53:50.243+0000] {dagbag.py:588} INFO - Filling up the DagBag from /home/airflow/.local/lib/python3.12/site-packages/airflow/example_dags/example_time_delta_sensor_async.py
[2025-01-13T23:53:50.252+0000] {processor.py:925} INFO - DAG(s) 'example_time_delta_sensor_async' retrieved from /home/airflow/.local/lib/python3.12/site-packages/airflow/example_dags/example_time_delta_sensor_async.py
[2025-01-13T23:53:50.277+0000] {logging_mixin.py:190} INFO - [2025-01-13T23:53:50.277+0000] {dag.py:3239} INFO - Sync 1 DAGs
[2025-01-13T23:53:50.291+0000] {logging_mixin.py:190} INFO - [2025-01-13T23:53:50.291+0000] {dag.py:4180} INFO - Setting next_dagrun for example_time_delta_sensor_async to None, run_after=None
[2025-01-13T23:53:50.314+0000] {processor.py:208} INFO - Processing /home/airflow/.local/lib/python3.12/site-packages/airflow/example_dags/example_time_delta_sensor_async.py took 0.082 seconds
[2025-01-13T23:54:20.763+0000] {processor.py:186} INFO - Started process (PID=3678) to work on /home/airflow/.local/lib/python3.12/site-packages/airflow/example_dags/example_time_delta_sensor_async.py
[2025-01-13T23:54:20.765+0000] {processor.py:914} INFO - Processing file /home/airflow/.local/lib/python3.12/site-packages/airflow/example_dags/example_time_delta_sensor_async.py for tasks to queue
[2025-01-13T23:54:20.768+0000] {logging_mixin.py:190} INFO - [2025-01-13T23:54:20.768+0000] {dagbag.py:588} INFO - Filling up the DagBag from /home/airflow/.local/lib/python3.12/site-packages/airflow/example_dags/example_time_delta_sensor_async.py
[2025-01-13T23:54:20.778+0000] {processor.py:925} INFO - DAG(s) 'example_time_delta_sensor_async' retrieved from /home/airflow/.local/lib/python3.12/site-packages/airflow/example_dags/example_time_delta_sensor_async.py
[2025-01-13T23:54:20.800+0000] {logging_mixin.py:190} INFO - [2025-01-13T23:54:20.799+0000] {dag.py:3239} INFO - Sync 1 DAGs
[2025-01-13T23:54:20.813+0000] {logging_mixin.py:190} INFO - [2025-01-13T23:54:20.813+0000] {dag.py:4180} INFO - Setting next_dagrun for example_time_delta_sensor_async to None, run_after=None
[2025-01-13T23:54:20.828+0000] {processor.py:208} INFO - Processing /home/airflow/.local/lib/python3.12/site-packages/airflow/example_dags/example_time_delta_sensor_async.py took 0.069 seconds
[2025-01-13T23:54:50.939+0000] {processor.py:186} INFO - Started process (PID=3743) to work on /home/airflow/.local/lib/python3.12/site-packages/airflow/example_dags/example_time_delta_sensor_async.py
[2025-01-13T23:54:50.940+0000] {processor.py:914} INFO - Processing file /home/airflow/.local/lib/python3.12/site-packages/airflow/example_dags/example_time_delta_sensor_async.py for tasks to queue
[2025-01-13T23:54:50.942+0000] {logging_mixin.py:190} INFO - [2025-01-13T23:54:50.942+0000] {dagbag.py:588} INFO - Filling up the DagBag from /home/airflow/.local/lib/python3.12/site-packages/airflow/example_dags/example_time_delta_sensor_async.py
[2025-01-13T23:54:50.949+0000] {processor.py:925} INFO - DAG(s) 'example_time_delta_sensor_async' retrieved from /home/airflow/.local/lib/python3.12/site-packages/airflow/example_dags/example_time_delta_sensor_async.py
[2025-01-13T23:54:50.968+0000] {logging_mixin.py:190} INFO - [2025-01-13T23:54:50.968+0000] {dag.py:3239} INFO - Sync 1 DAGs
[2025-01-13T23:54:50.978+0000] {logging_mixin.py:190} INFO - [2025-01-13T23:54:50.978+0000] {dag.py:4180} INFO - Setting next_dagrun for example_time_delta_sensor_async to None, run_after=None
[2025-01-13T23:54:50.994+0000] {processor.py:208} INFO - Processing /home/airflow/.local/lib/python3.12/site-packages/airflow/example_dags/example_time_delta_sensor_async.py took 0.060 seconds
[2025-01-13T23:55:21.721+0000] {processor.py:186} INFO - Started process (PID=3807) to work on /home/airflow/.local/lib/python3.12/site-packages/airflow/example_dags/example_time_delta_sensor_async.py
[2025-01-13T23:55:21.722+0000] {processor.py:914} INFO - Processing file /home/airflow/.local/lib/python3.12/site-packages/airflow/example_dags/example_time_delta_sensor_async.py for tasks to queue
[2025-01-13T23:55:21.725+0000] {logging_mixin.py:190} INFO - [2025-01-13T23:55:21.724+0000] {dagbag.py:588} INFO - Filling up the DagBag from /home/airflow/.local/lib/python3.12/site-packages/airflow/example_dags/example_time_delta_sensor_async.py
[2025-01-13T23:55:21.731+0000] {processor.py:925} INFO - DAG(s) 'example_time_delta_sensor_async' retrieved from /home/airflow/.local/lib/python3.12/site-packages/airflow/example_dags/example_time_delta_sensor_async.py
[2025-01-13T23:55:21.749+0000] {logging_mixin.py:190} INFO - [2025-01-13T23:55:21.748+0000] {dag.py:3239} INFO - Sync 1 DAGs
[2025-01-13T23:55:21.760+0000] {logging_mixin.py:190} INFO - [2025-01-13T23:55:21.759+0000] {dag.py:4180} INFO - Setting next_dagrun for example_time_delta_sensor_async to None, run_after=None
[2025-01-13T23:55:21.777+0000] {processor.py:208} INFO - Processing /home/airflow/.local/lib/python3.12/site-packages/airflow/example_dags/example_time_delta_sensor_async.py took 0.061 seconds
[2025-01-13T23:55:52.641+0000] {processor.py:186} INFO - Started process (PID=3871) to work on /home/airflow/.local/lib/python3.12/site-packages/airflow/example_dags/example_time_delta_sensor_async.py
[2025-01-13T23:55:52.643+0000] {processor.py:914} INFO - Processing file /home/airflow/.local/lib/python3.12/site-packages/airflow/example_dags/example_time_delta_sensor_async.py for tasks to queue
[2025-01-13T23:55:52.646+0000] {logging_mixin.py:190} INFO - [2025-01-13T23:55:52.645+0000] {dagbag.py:588} INFO - Filling up the DagBag from /home/airflow/.local/lib/python3.12/site-packages/airflow/example_dags/example_time_delta_sensor_async.py
[2025-01-13T23:55:52.654+0000] {processor.py:925} INFO - DAG(s) 'example_time_delta_sensor_async' retrieved from /home/airflow/.local/lib/python3.12/site-packages/airflow/example_dags/example_time_delta_sensor_async.py
[2025-01-13T23:55:52.676+0000] {logging_mixin.py:190} INFO - [2025-01-13T23:55:52.676+0000] {dag.py:3239} INFO - Sync 1 DAGs
[2025-01-13T23:55:52.691+0000] {logging_mixin.py:190} INFO - [2025-01-13T23:55:52.691+0000] {dag.py:4180} INFO - Setting next_dagrun for example_time_delta_sensor_async to None, run_after=None
[2025-01-13T23:55:52.713+0000] {processor.py:208} INFO - Processing /home/airflow/.local/lib/python3.12/site-packages/airflow/example_dags/example_time_delta_sensor_async.py took 0.077 seconds
[2025-01-13T23:56:23.416+0000] {processor.py:186} INFO - Started process (PID=3935) to work on /home/airflow/.local/lib/python3.12/site-packages/airflow/example_dags/example_time_delta_sensor_async.py
[2025-01-13T23:56:23.417+0000] {processor.py:914} INFO - Processing file /home/airflow/.local/lib/python3.12/site-packages/airflow/example_dags/example_time_delta_sensor_async.py for tasks to queue
[2025-01-13T23:56:23.421+0000] {logging_mixin.py:190} INFO - [2025-01-13T23:56:23.420+0000] {dagbag.py:588} INFO - Filling up the DagBag from /home/airflow/.local/lib/python3.12/site-packages/airflow/example_dags/example_time_delta_sensor_async.py
[2025-01-13T23:56:23.428+0000] {processor.py:925} INFO - DAG(s) 'example_time_delta_sensor_async' retrieved from /home/airflow/.local/lib/python3.12/site-packages/airflow/example_dags/example_time_delta_sensor_async.py
[2025-01-13T23:56:23.453+0000] {logging_mixin.py:190} INFO - [2025-01-13T23:56:23.453+0000] {dag.py:3239} INFO - Sync 1 DAGs
[2025-01-13T23:56:23.470+0000] {logging_mixin.py:190} INFO - [2025-01-13T23:56:23.470+0000] {dag.py:4180} INFO - Setting next_dagrun for example_time_delta_sensor_async to None, run_after=None
[2025-01-13T23:56:23.492+0000] {processor.py:208} INFO - Processing /home/airflow/.local/lib/python3.12/site-packages/airflow/example_dags/example_time_delta_sensor_async.py took 0.083 seconds
[2025-01-13T23:56:53.977+0000] {processor.py:186} INFO - Started process (PID=3999) to work on /home/airflow/.local/lib/python3.12/site-packages/airflow/example_dags/example_time_delta_sensor_async.py
[2025-01-13T23:56:53.979+0000] {processor.py:914} INFO - Processing file /home/airflow/.local/lib/python3.12/site-packages/airflow/example_dags/example_time_delta_sensor_async.py for tasks to queue
[2025-01-13T23:56:53.983+0000] {logging_mixin.py:190} INFO - [2025-01-13T23:56:53.982+0000] {dagbag.py:588} INFO - Filling up the DagBag from /home/airflow/.local/lib/python3.12/site-packages/airflow/example_dags/example_time_delta_sensor_async.py
[2025-01-13T23:56:53.991+0000] {processor.py:925} INFO - DAG(s) 'example_time_delta_sensor_async' retrieved from /home/airflow/.local/lib/python3.12/site-packages/airflow/example_dags/example_time_delta_sensor_async.py
[2025-01-13T23:56:54.017+0000] {logging_mixin.py:190} INFO - [2025-01-13T23:56:54.017+0000] {dag.py:3239} INFO - Sync 1 DAGs
[2025-01-13T23:56:54.033+0000] {logging_mixin.py:190} INFO - [2025-01-13T23:56:54.033+0000] {dag.py:4180} INFO - Setting next_dagrun for example_time_delta_sensor_async to None, run_after=None
[2025-01-13T23:56:54.063+0000] {processor.py:208} INFO - Processing /home/airflow/.local/lib/python3.12/site-packages/airflow/example_dags/example_time_delta_sensor_async.py took 0.092 seconds
[2025-01-13T23:57:24.147+0000] {processor.py:186} INFO - Started process (PID=4063) to work on /home/airflow/.local/lib/python3.12/site-packages/airflow/example_dags/example_time_delta_sensor_async.py
[2025-01-13T23:57:24.148+0000] {processor.py:914} INFO - Processing file /home/airflow/.local/lib/python3.12/site-packages/airflow/example_dags/example_time_delta_sensor_async.py for tasks to queue
[2025-01-13T23:57:24.152+0000] {logging_mixin.py:190} INFO - [2025-01-13T23:57:24.152+0000] {dagbag.py:588} INFO - Filling up the DagBag from /home/airflow/.local/lib/python3.12/site-packages/airflow/example_dags/example_time_delta_sensor_async.py
[2025-01-13T23:57:24.160+0000] {processor.py:925} INFO - DAG(s) 'example_time_delta_sensor_async' retrieved from /home/airflow/.local/lib/python3.12/site-packages/airflow/example_dags/example_time_delta_sensor_async.py
[2025-01-13T23:57:24.183+0000] {logging_mixin.py:190} INFO - [2025-01-13T23:57:24.182+0000] {dag.py:3239} INFO - Sync 1 DAGs
[2025-01-13T23:57:24.200+0000] {logging_mixin.py:190} INFO - [2025-01-13T23:57:24.199+0000] {dag.py:4180} INFO - Setting next_dagrun for example_time_delta_sensor_async to None, run_after=None
[2025-01-13T23:57:24.225+0000] {processor.py:208} INFO - Processing /home/airflow/.local/lib/python3.12/site-packages/airflow/example_dags/example_time_delta_sensor_async.py took 0.085 seconds
[2025-01-13T23:57:55.155+0000] {processor.py:186} INFO - Started process (PID=4127) to work on /home/airflow/.local/lib/python3.12/site-packages/airflow/example_dags/example_time_delta_sensor_async.py
[2025-01-13T23:57:55.156+0000] {processor.py:914} INFO - Processing file /home/airflow/.local/lib/python3.12/site-packages/airflow/example_dags/example_time_delta_sensor_async.py for tasks to queue
[2025-01-13T23:57:55.159+0000] {logging_mixin.py:190} INFO - [2025-01-13T23:57:55.159+0000] {dagbag.py:588} INFO - Filling up the DagBag from /home/airflow/.local/lib/python3.12/site-packages/airflow/example_dags/example_time_delta_sensor_async.py
[2025-01-13T23:57:55.168+0000] {processor.py:925} INFO - DAG(s) 'example_time_delta_sensor_async' retrieved from /home/airflow/.local/lib/python3.12/site-packages/airflow/example_dags/example_time_delta_sensor_async.py
[2025-01-13T23:57:55.190+0000] {logging_mixin.py:190} INFO - [2025-01-13T23:57:55.190+0000] {dag.py:3239} INFO - Sync 1 DAGs
[2025-01-13T23:57:55.207+0000] {logging_mixin.py:190} INFO - [2025-01-13T23:57:55.206+0000] {dag.py:4180} INFO - Setting next_dagrun for example_time_delta_sensor_async to None, run_after=None
[2025-01-13T23:57:55.226+0000] {processor.py:208} INFO - Processing /home/airflow/.local/lib/python3.12/site-packages/airflow/example_dags/example_time_delta_sensor_async.py took 0.078 seconds
[2025-01-13T23:58:26.019+0000] {processor.py:186} INFO - Started process (PID=4190) to work on /home/airflow/.local/lib/python3.12/site-packages/airflow/example_dags/example_time_delta_sensor_async.py
[2025-01-13T23:58:26.020+0000] {processor.py:914} INFO - Processing file /home/airflow/.local/lib/python3.12/site-packages/airflow/example_dags/example_time_delta_sensor_async.py for tasks to queue
[2025-01-13T23:58:26.022+0000] {logging_mixin.py:190} INFO - [2025-01-13T23:58:26.021+0000] {dagbag.py:588} INFO - Filling up the DagBag from /home/airflow/.local/lib/python3.12/site-packages/airflow/example_dags/example_time_delta_sensor_async.py
[2025-01-13T23:58:26.027+0000] {processor.py:925} INFO - DAG(s) 'example_time_delta_sensor_async' retrieved from /home/airflow/.local/lib/python3.12/site-packages/airflow/example_dags/example_time_delta_sensor_async.py
[2025-01-13T23:58:26.043+0000] {logging_mixin.py:190} INFO - [2025-01-13T23:58:26.043+0000] {dag.py:3239} INFO - Sync 1 DAGs
[2025-01-13T23:58:26.054+0000] {logging_mixin.py:190} INFO - [2025-01-13T23:58:26.054+0000] {dag.py:4180} INFO - Setting next_dagrun for example_time_delta_sensor_async to None, run_after=None
[2025-01-13T23:58:26.069+0000] {processor.py:208} INFO - Processing /home/airflow/.local/lib/python3.12/site-packages/airflow/example_dags/example_time_delta_sensor_async.py took 0.055 seconds
[2025-01-13T23:58:57.085+0000] {processor.py:186} INFO - Started process (PID=4254) to work on /home/airflow/.local/lib/python3.12/site-packages/airflow/example_dags/example_time_delta_sensor_async.py
[2025-01-13T23:58:57.087+0000] {processor.py:914} INFO - Processing file /home/airflow/.local/lib/python3.12/site-packages/airflow/example_dags/example_time_delta_sensor_async.py for tasks to queue
[2025-01-13T23:58:57.089+0000] {logging_mixin.py:190} INFO - [2025-01-13T23:58:57.089+0000] {dagbag.py:588} INFO - Filling up the DagBag from /home/airflow/.local/lib/python3.12/site-packages/airflow/example_dags/example_time_delta_sensor_async.py
[2025-01-13T23:58:57.095+0000] {processor.py:925} INFO - DAG(s) 'example_time_delta_sensor_async' retrieved from /home/airflow/.local/lib/python3.12/site-packages/airflow/example_dags/example_time_delta_sensor_async.py
[2025-01-13T23:58:57.113+0000] {logging_mixin.py:190} INFO - [2025-01-13T23:58:57.112+0000] {dag.py:3239} INFO - Sync 1 DAGs
[2025-01-13T23:58:57.125+0000] {logging_mixin.py:190} INFO - [2025-01-13T23:58:57.125+0000] {dag.py:4180} INFO - Setting next_dagrun for example_time_delta_sensor_async to None, run_after=None
[2025-01-13T23:58:57.145+0000] {processor.py:208} INFO - Processing /home/airflow/.local/lib/python3.12/site-packages/airflow/example_dags/example_time_delta_sensor_async.py took 0.065 seconds
[2025-01-13T23:59:28.017+0000] {processor.py:186} INFO - Started process (PID=4318) to work on /home/airflow/.local/lib/python3.12/site-packages/airflow/example_dags/example_time_delta_sensor_async.py
[2025-01-13T23:59:28.018+0000] {processor.py:914} INFO - Processing file /home/airflow/.local/lib/python3.12/site-packages/airflow/example_dags/example_time_delta_sensor_async.py for tasks to queue
[2025-01-13T23:59:28.023+0000] {logging_mixin.py:190} INFO - [2025-01-13T23:59:28.022+0000] {dagbag.py:588} INFO - Filling up the DagBag from /home/airflow/.local/lib/python3.12/site-packages/airflow/example_dags/example_time_delta_sensor_async.py
[2025-01-13T23:59:28.031+0000] {processor.py:925} INFO - DAG(s) 'example_time_delta_sensor_async' retrieved from /home/airflow/.local/lib/python3.12/site-packages/airflow/example_dags/example_time_delta_sensor_async.py
[2025-01-13T23:59:28.060+0000] {logging_mixin.py:190} INFO - [2025-01-13T23:59:28.059+0000] {dag.py:3239} INFO - Sync 1 DAGs
[2025-01-13T23:59:28.080+0000] {logging_mixin.py:190} INFO - [2025-01-13T23:59:28.080+0000] {dag.py:4180} INFO - Setting next_dagrun for example_time_delta_sensor_async to None, run_after=None
[2025-01-13T23:59:28.108+0000] {processor.py:208} INFO - Processing /home/airflow/.local/lib/python3.12/site-packages/airflow/example_dags/example_time_delta_sensor_async.py took 0.098 seconds
[2025-01-13T23:59:59.275+0000] {processor.py:186} INFO - Started process (PID=4382) to work on /home/airflow/.local/lib/python3.12/site-packages/airflow/example_dags/example_time_delta_sensor_async.py
[2025-01-13T23:59:59.276+0000] {processor.py:914} INFO - Processing file /home/airflow/.local/lib/python3.12/site-packages/airflow/example_dags/example_time_delta_sensor_async.py for tasks to queue
[2025-01-13T23:59:59.278+0000] {logging_mixin.py:190} INFO - [2025-01-13T23:59:59.278+0000] {dagbag.py:588} INFO - Filling up the DagBag from /home/airflow/.local/lib/python3.12/site-packages/airflow/example_dags/example_time_delta_sensor_async.py
[2025-01-13T23:59:59.285+0000] {processor.py:925} INFO - DAG(s) 'example_time_delta_sensor_async' retrieved from /home/airflow/.local/lib/python3.12/site-packages/airflow/example_dags/example_time_delta_sensor_async.py
[2025-01-13T23:59:59.303+0000] {logging_mixin.py:190} INFO - [2025-01-13T23:59:59.303+0000] {dag.py:3239} INFO - Sync 1 DAGs
[2025-01-13T23:59:59.318+0000] {logging_mixin.py:190} INFO - [2025-01-13T23:59:59.318+0000] {dag.py:4180} INFO - Setting next_dagrun for example_time_delta_sensor_async to None, run_after=None
[2025-01-13T23:59:59.335+0000] {processor.py:208} INFO - Processing /home/airflow/.local/lib/python3.12/site-packages/airflow/example_dags/example_time_delta_sensor_async.py took 0.064 seconds
