[2025-01-13T23:25:44.783+0000] {processor.py:186} INFO - Started process (PID=81) to work on /home/airflow/.local/lib/python3.12/site-packages/airflow/example_dags/example_bash_operator.py
[2025-01-13T23:25:44.784+0000] {processor.py:914} INFO - Processing file /home/airflow/.local/lib/python3.12/site-packages/airflow/example_dags/example_bash_operator.py for tasks to queue
[2025-01-13T23:25:44.786+0000] {logging_mixin.py:190} INFO - [2025-01-13T23:25:44.786+0000] {dagbag.py:588} INFO - Filling up the DagBag from /home/airflow/.local/lib/python3.12/site-packages/airflow/example_dags/example_bash_operator.py
[2025-01-13T23:25:44.797+0000] {processor.py:925} INFO - DAG(s) 'example_bash_operator' retrieved from /home/airflow/.local/lib/python3.12/site-packages/airflow/example_dags/example_bash_operator.py
[2025-01-13T23:25:44.838+0000] {logging_mixin.py:190} INFO - [2025-01-13T23:25:44.837+0000] {dag.py:3239} INFO - Sync 1 DAGs
[2025-01-13T23:25:44.861+0000] {logging_mixin.py:190} INFO - [2025-01-13T23:25:44.861+0000] {dag.py:4180} INFO - Setting next_dagrun for example_bash_operator to 2025-01-12 00:00:00+00:00, run_after=2025-01-13 00:00:00+00:00
[2025-01-13T23:25:44.887+0000] {processor.py:208} INFO - Processing /home/airflow/.local/lib/python3.12/site-packages/airflow/example_dags/example_bash_operator.py took 0.108 seconds
[2025-01-13T23:26:15.334+0000] {processor.py:186} INFO - Started process (PID=145) to work on /home/airflow/.local/lib/python3.12/site-packages/airflow/example_dags/example_bash_operator.py
[2025-01-13T23:26:15.335+0000] {processor.py:914} INFO - Processing file /home/airflow/.local/lib/python3.12/site-packages/airflow/example_dags/example_bash_operator.py for tasks to queue
[2025-01-13T23:26:15.338+0000] {logging_mixin.py:190} INFO - [2025-01-13T23:26:15.338+0000] {dagbag.py:588} INFO - Filling up the DagBag from /home/airflow/.local/lib/python3.12/site-packages/airflow/example_dags/example_bash_operator.py
[2025-01-13T23:26:15.347+0000] {processor.py:925} INFO - DAG(s) 'example_bash_operator' retrieved from /home/airflow/.local/lib/python3.12/site-packages/airflow/example_dags/example_bash_operator.py
[2025-01-13T23:26:15.373+0000] {logging_mixin.py:190} INFO - [2025-01-13T23:26:15.372+0000] {dag.py:3239} INFO - Sync 1 DAGs
[2025-01-13T23:26:15.390+0000] {logging_mixin.py:190} INFO - [2025-01-13T23:26:15.390+0000] {dag.py:4180} INFO - Setting next_dagrun for example_bash_operator to 2025-01-12 00:00:00+00:00, run_after=2025-01-13 00:00:00+00:00
[2025-01-13T23:26:15.406+0000] {processor.py:208} INFO - Processing /home/airflow/.local/lib/python3.12/site-packages/airflow/example_dags/example_bash_operator.py took 0.077 seconds
[2025-01-13T23:26:46.311+0000] {processor.py:186} INFO - Started process (PID=209) to work on /home/airflow/.local/lib/python3.12/site-packages/airflow/example_dags/example_bash_operator.py
[2025-01-13T23:26:46.312+0000] {processor.py:914} INFO - Processing file /home/airflow/.local/lib/python3.12/site-packages/airflow/example_dags/example_bash_operator.py for tasks to queue
[2025-01-13T23:26:46.314+0000] {logging_mixin.py:190} INFO - [2025-01-13T23:26:46.314+0000] {dagbag.py:588} INFO - Filling up the DagBag from /home/airflow/.local/lib/python3.12/site-packages/airflow/example_dags/example_bash_operator.py
[2025-01-13T23:26:46.322+0000] {processor.py:925} INFO - DAG(s) 'example_bash_operator' retrieved from /home/airflow/.local/lib/python3.12/site-packages/airflow/example_dags/example_bash_operator.py
[2025-01-13T23:26:46.343+0000] {logging_mixin.py:190} INFO - [2025-01-13T23:26:46.343+0000] {dag.py:3239} INFO - Sync 1 DAGs
[2025-01-13T23:26:46.361+0000] {logging_mixin.py:190} INFO - [2025-01-13T23:26:46.361+0000] {dag.py:4180} INFO - Setting next_dagrun for example_bash_operator to 2025-01-12 00:00:00+00:00, run_after=2025-01-13 00:00:00+00:00
[2025-01-13T23:26:46.381+0000] {processor.py:208} INFO - Processing /home/airflow/.local/lib/python3.12/site-packages/airflow/example_dags/example_bash_operator.py took 0.074 seconds
[2025-01-13T23:27:17.236+0000] {processor.py:186} INFO - Started process (PID=279) to work on /home/airflow/.local/lib/python3.12/site-packages/airflow/example_dags/example_bash_operator.py
[2025-01-13T23:27:17.237+0000] {processor.py:914} INFO - Processing file /home/airflow/.local/lib/python3.12/site-packages/airflow/example_dags/example_bash_operator.py for tasks to queue
[2025-01-13T23:27:17.239+0000] {logging_mixin.py:190} INFO - [2025-01-13T23:27:17.239+0000] {dagbag.py:588} INFO - Filling up the DagBag from /home/airflow/.local/lib/python3.12/site-packages/airflow/example_dags/example_bash_operator.py
[2025-01-13T23:27:17.248+0000] {processor.py:925} INFO - DAG(s) 'example_bash_operator' retrieved from /home/airflow/.local/lib/python3.12/site-packages/airflow/example_dags/example_bash_operator.py
[2025-01-13T23:27:17.270+0000] {logging_mixin.py:190} INFO - [2025-01-13T23:27:17.270+0000] {dag.py:3239} INFO - Sync 1 DAGs
[2025-01-13T23:27:17.285+0000] {logging_mixin.py:190} INFO - [2025-01-13T23:27:17.285+0000] {dag.py:4180} INFO - Setting next_dagrun for example_bash_operator to 2025-01-12 00:00:00+00:00, run_after=2025-01-13 00:00:00+00:00
[2025-01-13T23:27:17.303+0000] {processor.py:208} INFO - Processing /home/airflow/.local/lib/python3.12/site-packages/airflow/example_dags/example_bash_operator.py took 0.071 seconds
[2025-01-13T23:27:48.082+0000] {processor.py:186} INFO - Started process (PID=343) to work on /home/airflow/.local/lib/python3.12/site-packages/airflow/example_dags/example_bash_operator.py
[2025-01-13T23:27:48.083+0000] {processor.py:914} INFO - Processing file /home/airflow/.local/lib/python3.12/site-packages/airflow/example_dags/example_bash_operator.py for tasks to queue
[2025-01-13T23:27:48.086+0000] {logging_mixin.py:190} INFO - [2025-01-13T23:27:48.086+0000] {dagbag.py:588} INFO - Filling up the DagBag from /home/airflow/.local/lib/python3.12/site-packages/airflow/example_dags/example_bash_operator.py
[2025-01-13T23:27:48.095+0000] {processor.py:925} INFO - DAG(s) 'example_bash_operator' retrieved from /home/airflow/.local/lib/python3.12/site-packages/airflow/example_dags/example_bash_operator.py
[2025-01-13T23:27:48.119+0000] {logging_mixin.py:190} INFO - [2025-01-13T23:27:48.118+0000] {dag.py:3239} INFO - Sync 1 DAGs
[2025-01-13T23:27:48.139+0000] {logging_mixin.py:190} INFO - [2025-01-13T23:27:48.139+0000] {dag.py:4180} INFO - Setting next_dagrun for example_bash_operator to 2025-01-12 00:00:00+00:00, run_after=2025-01-13 00:00:00+00:00
[2025-01-13T23:27:48.156+0000] {processor.py:208} INFO - Processing /home/airflow/.local/lib/python3.12/site-packages/airflow/example_dags/example_bash_operator.py took 0.080 seconds
[2025-01-13T23:28:19.340+0000] {processor.py:186} INFO - Started process (PID=406) to work on /home/airflow/.local/lib/python3.12/site-packages/airflow/example_dags/example_bash_operator.py
[2025-01-13T23:28:19.341+0000] {processor.py:914} INFO - Processing file /home/airflow/.local/lib/python3.12/site-packages/airflow/example_dags/example_bash_operator.py for tasks to queue
[2025-01-13T23:28:19.345+0000] {logging_mixin.py:190} INFO - [2025-01-13T23:28:19.344+0000] {dagbag.py:588} INFO - Filling up the DagBag from /home/airflow/.local/lib/python3.12/site-packages/airflow/example_dags/example_bash_operator.py
[2025-01-13T23:28:19.354+0000] {processor.py:925} INFO - DAG(s) 'example_bash_operator' retrieved from /home/airflow/.local/lib/python3.12/site-packages/airflow/example_dags/example_bash_operator.py
[2025-01-13T23:28:19.380+0000] {logging_mixin.py:190} INFO - [2025-01-13T23:28:19.379+0000] {dag.py:3239} INFO - Sync 1 DAGs
[2025-01-13T23:28:19.400+0000] {logging_mixin.py:190} INFO - [2025-01-13T23:28:19.400+0000] {dag.py:4180} INFO - Setting next_dagrun for example_bash_operator to 2025-01-12 00:00:00+00:00, run_after=2025-01-13 00:00:00+00:00
[2025-01-13T23:28:19.420+0000] {processor.py:208} INFO - Processing /home/airflow/.local/lib/python3.12/site-packages/airflow/example_dags/example_bash_operator.py took 0.084 seconds
[2025-01-13T23:28:50.407+0000] {processor.py:186} INFO - Started process (PID=470) to work on /home/airflow/.local/lib/python3.12/site-packages/airflow/example_dags/example_bash_operator.py
[2025-01-13T23:28:50.408+0000] {processor.py:914} INFO - Processing file /home/airflow/.local/lib/python3.12/site-packages/airflow/example_dags/example_bash_operator.py for tasks to queue
[2025-01-13T23:28:50.412+0000] {logging_mixin.py:190} INFO - [2025-01-13T23:28:50.411+0000] {dagbag.py:588} INFO - Filling up the DagBag from /home/airflow/.local/lib/python3.12/site-packages/airflow/example_dags/example_bash_operator.py
[2025-01-13T23:28:50.422+0000] {processor.py:925} INFO - DAG(s) 'example_bash_operator' retrieved from /home/airflow/.local/lib/python3.12/site-packages/airflow/example_dags/example_bash_operator.py
[2025-01-13T23:28:50.444+0000] {logging_mixin.py:190} INFO - [2025-01-13T23:28:50.444+0000] {dag.py:3239} INFO - Sync 1 DAGs
[2025-01-13T23:28:50.464+0000] {logging_mixin.py:190} INFO - [2025-01-13T23:28:50.464+0000] {dag.py:4180} INFO - Setting next_dagrun for example_bash_operator to 2025-01-12 00:00:00+00:00, run_after=2025-01-13 00:00:00+00:00
[2025-01-13T23:28:50.483+0000] {processor.py:208} INFO - Processing /home/airflow/.local/lib/python3.12/site-packages/airflow/example_dags/example_bash_operator.py took 0.081 seconds
[2025-01-13T23:29:20.713+0000] {processor.py:186} INFO - Started process (PID=532) to work on /home/airflow/.local/lib/python3.12/site-packages/airflow/example_dags/example_bash_operator.py
[2025-01-13T23:29:20.714+0000] {processor.py:914} INFO - Processing file /home/airflow/.local/lib/python3.12/site-packages/airflow/example_dags/example_bash_operator.py for tasks to queue
[2025-01-13T23:29:20.717+0000] {logging_mixin.py:190} INFO - [2025-01-13T23:29:20.717+0000] {dagbag.py:588} INFO - Filling up the DagBag from /home/airflow/.local/lib/python3.12/site-packages/airflow/example_dags/example_bash_operator.py
[2025-01-13T23:29:20.726+0000] {processor.py:925} INFO - DAG(s) 'example_bash_operator' retrieved from /home/airflow/.local/lib/python3.12/site-packages/airflow/example_dags/example_bash_operator.py
[2025-01-13T23:29:20.751+0000] {logging_mixin.py:190} INFO - [2025-01-13T23:29:20.750+0000] {dag.py:3239} INFO - Sync 1 DAGs
[2025-01-13T23:29:20.772+0000] {logging_mixin.py:190} INFO - [2025-01-13T23:29:20.772+0000] {dag.py:4180} INFO - Setting next_dagrun for example_bash_operator to 2025-01-12 00:00:00+00:00, run_after=2025-01-13 00:00:00+00:00
[2025-01-13T23:29:20.791+0000] {processor.py:208} INFO - Processing /home/airflow/.local/lib/python3.12/site-packages/airflow/example_dags/example_bash_operator.py took 0.082 seconds
[2025-01-13T23:29:51.221+0000] {processor.py:186} INFO - Started process (PID=596) to work on /home/airflow/.local/lib/python3.12/site-packages/airflow/example_dags/example_bash_operator.py
[2025-01-13T23:29:51.222+0000] {processor.py:914} INFO - Processing file /home/airflow/.local/lib/python3.12/site-packages/airflow/example_dags/example_bash_operator.py for tasks to queue
[2025-01-13T23:29:51.224+0000] {logging_mixin.py:190} INFO - [2025-01-13T23:29:51.224+0000] {dagbag.py:588} INFO - Filling up the DagBag from /home/airflow/.local/lib/python3.12/site-packages/airflow/example_dags/example_bash_operator.py
[2025-01-13T23:29:51.235+0000] {processor.py:925} INFO - DAG(s) 'example_bash_operator' retrieved from /home/airflow/.local/lib/python3.12/site-packages/airflow/example_dags/example_bash_operator.py
[2025-01-13T23:29:51.254+0000] {logging_mixin.py:190} INFO - [2025-01-13T23:29:51.254+0000] {dag.py:3239} INFO - Sync 1 DAGs
[2025-01-13T23:29:51.274+0000] {logging_mixin.py:190} INFO - [2025-01-13T23:29:51.274+0000] {dag.py:4180} INFO - Setting next_dagrun for example_bash_operator to 2025-01-12 00:00:00+00:00, run_after=2025-01-13 00:00:00+00:00
[2025-01-13T23:29:51.294+0000] {processor.py:208} INFO - Processing /home/airflow/.local/lib/python3.12/site-packages/airflow/example_dags/example_bash_operator.py took 0.077 seconds
[2025-01-13T23:30:21.538+0000] {processor.py:186} INFO - Started process (PID=660) to work on /home/airflow/.local/lib/python3.12/site-packages/airflow/example_dags/example_bash_operator.py
[2025-01-13T23:30:21.540+0000] {processor.py:914} INFO - Processing file /home/airflow/.local/lib/python3.12/site-packages/airflow/example_dags/example_bash_operator.py for tasks to queue
[2025-01-13T23:30:21.542+0000] {logging_mixin.py:190} INFO - [2025-01-13T23:30:21.542+0000] {dagbag.py:588} INFO - Filling up the DagBag from /home/airflow/.local/lib/python3.12/site-packages/airflow/example_dags/example_bash_operator.py
[2025-01-13T23:30:21.551+0000] {processor.py:925} INFO - DAG(s) 'example_bash_operator' retrieved from /home/airflow/.local/lib/python3.12/site-packages/airflow/example_dags/example_bash_operator.py
[2025-01-13T23:30:21.571+0000] {logging_mixin.py:190} INFO - [2025-01-13T23:30:21.571+0000] {dag.py:3239} INFO - Sync 1 DAGs
[2025-01-13T23:30:21.589+0000] {logging_mixin.py:190} INFO - [2025-01-13T23:30:21.589+0000] {dag.py:4180} INFO - Setting next_dagrun for example_bash_operator to 2025-01-12 00:00:00+00:00, run_after=2025-01-13 00:00:00+00:00
[2025-01-13T23:30:21.617+0000] {processor.py:208} INFO - Processing /home/airflow/.local/lib/python3.12/site-packages/airflow/example_dags/example_bash_operator.py took 0.082 seconds
[2025-01-13T23:30:52.439+0000] {processor.py:186} INFO - Started process (PID=724) to work on /home/airflow/.local/lib/python3.12/site-packages/airflow/example_dags/example_bash_operator.py
[2025-01-13T23:30:52.440+0000] {processor.py:914} INFO - Processing file /home/airflow/.local/lib/python3.12/site-packages/airflow/example_dags/example_bash_operator.py for tasks to queue
[2025-01-13T23:30:52.442+0000] {logging_mixin.py:190} INFO - [2025-01-13T23:30:52.442+0000] {dagbag.py:588} INFO - Filling up the DagBag from /home/airflow/.local/lib/python3.12/site-packages/airflow/example_dags/example_bash_operator.py
[2025-01-13T23:30:52.451+0000] {processor.py:925} INFO - DAG(s) 'example_bash_operator' retrieved from /home/airflow/.local/lib/python3.12/site-packages/airflow/example_dags/example_bash_operator.py
[2025-01-13T23:30:52.472+0000] {logging_mixin.py:190} INFO - [2025-01-13T23:30:52.471+0000] {dag.py:3239} INFO - Sync 1 DAGs
[2025-01-13T23:30:52.491+0000] {logging_mixin.py:190} INFO - [2025-01-13T23:30:52.491+0000] {dag.py:4180} INFO - Setting next_dagrun for example_bash_operator to 2025-01-12 00:00:00+00:00, run_after=2025-01-13 00:00:00+00:00
[2025-01-13T23:30:52.510+0000] {processor.py:208} INFO - Processing /home/airflow/.local/lib/python3.12/site-packages/airflow/example_dags/example_bash_operator.py took 0.075 seconds
[2025-01-13T23:31:22.803+0000] {processor.py:186} INFO - Started process (PID=788) to work on /home/airflow/.local/lib/python3.12/site-packages/airflow/example_dags/example_bash_operator.py
[2025-01-13T23:31:22.804+0000] {processor.py:914} INFO - Processing file /home/airflow/.local/lib/python3.12/site-packages/airflow/example_dags/example_bash_operator.py for tasks to queue
[2025-01-13T23:31:22.807+0000] {logging_mixin.py:190} INFO - [2025-01-13T23:31:22.807+0000] {dagbag.py:588} INFO - Filling up the DagBag from /home/airflow/.local/lib/python3.12/site-packages/airflow/example_dags/example_bash_operator.py
[2025-01-13T23:31:22.816+0000] {processor.py:925} INFO - DAG(s) 'example_bash_operator' retrieved from /home/airflow/.local/lib/python3.12/site-packages/airflow/example_dags/example_bash_operator.py
[2025-01-13T23:31:22.836+0000] {logging_mixin.py:190} INFO - [2025-01-13T23:31:22.836+0000] {dag.py:3239} INFO - Sync 1 DAGs
[2025-01-13T23:31:22.852+0000] {logging_mixin.py:190} INFO - [2025-01-13T23:31:22.852+0000] {dag.py:4180} INFO - Setting next_dagrun for example_bash_operator to 2025-01-12 00:00:00+00:00, run_after=2025-01-13 00:00:00+00:00
[2025-01-13T23:31:22.876+0000] {processor.py:208} INFO - Processing /home/airflow/.local/lib/python3.12/site-packages/airflow/example_dags/example_bash_operator.py took 0.076 seconds
[2025-01-13T23:31:53.370+0000] {processor.py:186} INFO - Started process (PID=851) to work on /home/airflow/.local/lib/python3.12/site-packages/airflow/example_dags/example_bash_operator.py
[2025-01-13T23:31:53.371+0000] {processor.py:914} INFO - Processing file /home/airflow/.local/lib/python3.12/site-packages/airflow/example_dags/example_bash_operator.py for tasks to queue
[2025-01-13T23:31:53.374+0000] {logging_mixin.py:190} INFO - [2025-01-13T23:31:53.374+0000] {dagbag.py:588} INFO - Filling up the DagBag from /home/airflow/.local/lib/python3.12/site-packages/airflow/example_dags/example_bash_operator.py
[2025-01-13T23:31:53.383+0000] {processor.py:925} INFO - DAG(s) 'example_bash_operator' retrieved from /home/airflow/.local/lib/python3.12/site-packages/airflow/example_dags/example_bash_operator.py
[2025-01-13T23:31:53.406+0000] {logging_mixin.py:190} INFO - [2025-01-13T23:31:53.406+0000] {dag.py:3239} INFO - Sync 1 DAGs
[2025-01-13T23:31:53.428+0000] {logging_mixin.py:190} INFO - [2025-01-13T23:31:53.427+0000] {dag.py:4180} INFO - Setting next_dagrun for example_bash_operator to 2025-01-12 00:00:00+00:00, run_after=2025-01-13 00:00:00+00:00
[2025-01-13T23:31:53.456+0000] {processor.py:208} INFO - Processing /home/airflow/.local/lib/python3.12/site-packages/airflow/example_dags/example_bash_operator.py took 0.089 seconds
[2025-01-13T23:32:23.590+0000] {processor.py:186} INFO - Started process (PID=915) to work on /home/airflow/.local/lib/python3.12/site-packages/airflow/example_dags/example_bash_operator.py
[2025-01-13T23:32:23.591+0000] {processor.py:914} INFO - Processing file /home/airflow/.local/lib/python3.12/site-packages/airflow/example_dags/example_bash_operator.py for tasks to queue
[2025-01-13T23:32:23.594+0000] {logging_mixin.py:190} INFO - [2025-01-13T23:32:23.593+0000] {dagbag.py:588} INFO - Filling up the DagBag from /home/airflow/.local/lib/python3.12/site-packages/airflow/example_dags/example_bash_operator.py
[2025-01-13T23:32:23.603+0000] {processor.py:925} INFO - DAG(s) 'example_bash_operator' retrieved from /home/airflow/.local/lib/python3.12/site-packages/airflow/example_dags/example_bash_operator.py
[2025-01-13T23:32:23.624+0000] {logging_mixin.py:190} INFO - [2025-01-13T23:32:23.624+0000] {dag.py:3239} INFO - Sync 1 DAGs
[2025-01-13T23:32:23.643+0000] {logging_mixin.py:190} INFO - [2025-01-13T23:32:23.643+0000] {dag.py:4180} INFO - Setting next_dagrun for example_bash_operator to 2025-01-12 00:00:00+00:00, run_after=2025-01-13 00:00:00+00:00
[2025-01-13T23:32:23.662+0000] {processor.py:208} INFO - Processing /home/airflow/.local/lib/python3.12/site-packages/airflow/example_dags/example_bash_operator.py took 0.075 seconds
[2025-01-13T23:32:53.815+0000] {processor.py:186} INFO - Started process (PID=979) to work on /home/airflow/.local/lib/python3.12/site-packages/airflow/example_dags/example_bash_operator.py
[2025-01-13T23:32:53.817+0000] {processor.py:914} INFO - Processing file /home/airflow/.local/lib/python3.12/site-packages/airflow/example_dags/example_bash_operator.py for tasks to queue
[2025-01-13T23:32:53.822+0000] {logging_mixin.py:190} INFO - [2025-01-13T23:32:53.822+0000] {dagbag.py:588} INFO - Filling up the DagBag from /home/airflow/.local/lib/python3.12/site-packages/airflow/example_dags/example_bash_operator.py
[2025-01-13T23:32:53.834+0000] {processor.py:925} INFO - DAG(s) 'example_bash_operator' retrieved from /home/airflow/.local/lib/python3.12/site-packages/airflow/example_dags/example_bash_operator.py
[2025-01-13T23:32:53.863+0000] {logging_mixin.py:190} INFO - [2025-01-13T23:32:53.863+0000] {dag.py:3239} INFO - Sync 1 DAGs
[2025-01-13T23:32:53.886+0000] {logging_mixin.py:190} INFO - [2025-01-13T23:32:53.885+0000] {dag.py:4180} INFO - Setting next_dagrun for example_bash_operator to 2025-01-12 00:00:00+00:00, run_after=2025-01-13 00:00:00+00:00
[2025-01-13T23:32:53.905+0000] {processor.py:208} INFO - Processing /home/airflow/.local/lib/python3.12/site-packages/airflow/example_dags/example_bash_operator.py took 0.099 seconds
[2025-01-13T23:33:24.191+0000] {processor.py:186} INFO - Started process (PID=1043) to work on /home/airflow/.local/lib/python3.12/site-packages/airflow/example_dags/example_bash_operator.py
[2025-01-13T23:33:24.192+0000] {processor.py:914} INFO - Processing file /home/airflow/.local/lib/python3.12/site-packages/airflow/example_dags/example_bash_operator.py for tasks to queue
[2025-01-13T23:33:24.196+0000] {logging_mixin.py:190} INFO - [2025-01-13T23:33:24.195+0000] {dagbag.py:588} INFO - Filling up the DagBag from /home/airflow/.local/lib/python3.12/site-packages/airflow/example_dags/example_bash_operator.py
[2025-01-13T23:33:24.206+0000] {processor.py:925} INFO - DAG(s) 'example_bash_operator' retrieved from /home/airflow/.local/lib/python3.12/site-packages/airflow/example_dags/example_bash_operator.py
[2025-01-13T23:33:24.228+0000] {logging_mixin.py:190} INFO - [2025-01-13T23:33:24.228+0000] {dag.py:3239} INFO - Sync 1 DAGs
[2025-01-13T23:33:24.245+0000] {logging_mixin.py:190} INFO - [2025-01-13T23:33:24.245+0000] {dag.py:4180} INFO - Setting next_dagrun for example_bash_operator to 2025-01-12 00:00:00+00:00, run_after=2025-01-13 00:00:00+00:00
[2025-01-13T23:33:24.263+0000] {processor.py:208} INFO - Processing /home/airflow/.local/lib/python3.12/site-packages/airflow/example_dags/example_bash_operator.py took 0.075 seconds
[2025-01-13T23:33:54.386+0000] {processor.py:186} INFO - Started process (PID=1107) to work on /home/airflow/.local/lib/python3.12/site-packages/airflow/example_dags/example_bash_operator.py
[2025-01-13T23:33:54.388+0000] {processor.py:914} INFO - Processing file /home/airflow/.local/lib/python3.12/site-packages/airflow/example_dags/example_bash_operator.py for tasks to queue
[2025-01-13T23:33:54.390+0000] {logging_mixin.py:190} INFO - [2025-01-13T23:33:54.390+0000] {dagbag.py:588} INFO - Filling up the DagBag from /home/airflow/.local/lib/python3.12/site-packages/airflow/example_dags/example_bash_operator.py
[2025-01-13T23:33:54.406+0000] {processor.py:925} INFO - DAG(s) 'example_bash_operator' retrieved from /home/airflow/.local/lib/python3.12/site-packages/airflow/example_dags/example_bash_operator.py
[2025-01-13T23:33:54.434+0000] {logging_mixin.py:190} INFO - [2025-01-13T23:33:54.433+0000] {dag.py:3239} INFO - Sync 1 DAGs
[2025-01-13T23:33:54.460+0000] {logging_mixin.py:190} INFO - [2025-01-13T23:33:54.460+0000] {dag.py:4180} INFO - Setting next_dagrun for example_bash_operator to 2025-01-12 00:00:00+00:00, run_after=2025-01-13 00:00:00+00:00
[2025-01-13T23:33:54.485+0000] {processor.py:208} INFO - Processing /home/airflow/.local/lib/python3.12/site-packages/airflow/example_dags/example_bash_operator.py took 0.105 seconds
[2025-01-13T23:34:25.349+0000] {processor.py:186} INFO - Started process (PID=1171) to work on /home/airflow/.local/lib/python3.12/site-packages/airflow/example_dags/example_bash_operator.py
[2025-01-13T23:34:25.351+0000] {processor.py:914} INFO - Processing file /home/airflow/.local/lib/python3.12/site-packages/airflow/example_dags/example_bash_operator.py for tasks to queue
[2025-01-13T23:34:25.353+0000] {logging_mixin.py:190} INFO - [2025-01-13T23:34:25.353+0000] {dagbag.py:588} INFO - Filling up the DagBag from /home/airflow/.local/lib/python3.12/site-packages/airflow/example_dags/example_bash_operator.py
[2025-01-13T23:34:25.378+0000] {processor.py:925} INFO - DAG(s) 'example_bash_operator' retrieved from /home/airflow/.local/lib/python3.12/site-packages/airflow/example_dags/example_bash_operator.py
[2025-01-13T23:34:25.405+0000] {logging_mixin.py:190} INFO - [2025-01-13T23:34:25.405+0000] {dag.py:3239} INFO - Sync 1 DAGs
[2025-01-13T23:34:25.431+0000] {logging_mixin.py:190} INFO - [2025-01-13T23:34:25.430+0000] {dag.py:4180} INFO - Setting next_dagrun for example_bash_operator to 2025-01-12 00:00:00+00:00, run_after=2025-01-13 00:00:00+00:00
[2025-01-13T23:34:25.452+0000] {processor.py:208} INFO - Processing /home/airflow/.local/lib/python3.12/site-packages/airflow/example_dags/example_bash_operator.py took 0.108 seconds
[2025-01-13T23:34:55.828+0000] {processor.py:186} INFO - Started process (PID=1235) to work on /home/airflow/.local/lib/python3.12/site-packages/airflow/example_dags/example_bash_operator.py
[2025-01-13T23:34:55.829+0000] {processor.py:914} INFO - Processing file /home/airflow/.local/lib/python3.12/site-packages/airflow/example_dags/example_bash_operator.py for tasks to queue
[2025-01-13T23:34:55.832+0000] {logging_mixin.py:190} INFO - [2025-01-13T23:34:55.832+0000] {dagbag.py:588} INFO - Filling up the DagBag from /home/airflow/.local/lib/python3.12/site-packages/airflow/example_dags/example_bash_operator.py
[2025-01-13T23:34:55.846+0000] {processor.py:925} INFO - DAG(s) 'example_bash_operator' retrieved from /home/airflow/.local/lib/python3.12/site-packages/airflow/example_dags/example_bash_operator.py
[2025-01-13T23:34:55.872+0000] {logging_mixin.py:190} INFO - [2025-01-13T23:34:55.872+0000] {dag.py:3239} INFO - Sync 1 DAGs
[2025-01-13T23:34:55.893+0000] {logging_mixin.py:190} INFO - [2025-01-13T23:34:55.892+0000] {dag.py:4180} INFO - Setting next_dagrun for example_bash_operator to 2025-01-12 00:00:00+00:00, run_after=2025-01-13 00:00:00+00:00
[2025-01-13T23:34:55.918+0000] {processor.py:208} INFO - Processing /home/airflow/.local/lib/python3.12/site-packages/airflow/example_dags/example_bash_operator.py took 0.094 seconds
[2025-01-13T23:35:25.976+0000] {processor.py:186} INFO - Started process (PID=1298) to work on /home/airflow/.local/lib/python3.12/site-packages/airflow/example_dags/example_bash_operator.py
[2025-01-13T23:35:25.978+0000] {processor.py:914} INFO - Processing file /home/airflow/.local/lib/python3.12/site-packages/airflow/example_dags/example_bash_operator.py for tasks to queue
[2025-01-13T23:35:25.980+0000] {logging_mixin.py:190} INFO - [2025-01-13T23:35:25.979+0000] {dagbag.py:588} INFO - Filling up the DagBag from /home/airflow/.local/lib/python3.12/site-packages/airflow/example_dags/example_bash_operator.py
[2025-01-13T23:35:25.991+0000] {processor.py:925} INFO - DAG(s) 'example_bash_operator' retrieved from /home/airflow/.local/lib/python3.12/site-packages/airflow/example_dags/example_bash_operator.py
[2025-01-13T23:35:26.016+0000] {logging_mixin.py:190} INFO - [2025-01-13T23:35:26.016+0000] {dag.py:3239} INFO - Sync 1 DAGs
[2025-01-13T23:35:26.042+0000] {logging_mixin.py:190} INFO - [2025-01-13T23:35:26.041+0000] {dag.py:4180} INFO - Setting next_dagrun for example_bash_operator to 2025-01-12 00:00:00+00:00, run_after=2025-01-13 00:00:00+00:00
[2025-01-13T23:35:26.062+0000] {processor.py:208} INFO - Processing /home/airflow/.local/lib/python3.12/site-packages/airflow/example_dags/example_bash_operator.py took 0.091 seconds
[2025-01-13T23:35:56.760+0000] {processor.py:186} INFO - Started process (PID=1363) to work on /home/airflow/.local/lib/python3.12/site-packages/airflow/example_dags/example_bash_operator.py
[2025-01-13T23:35:56.762+0000] {processor.py:914} INFO - Processing file /home/airflow/.local/lib/python3.12/site-packages/airflow/example_dags/example_bash_operator.py for tasks to queue
[2025-01-13T23:35:56.764+0000] {logging_mixin.py:190} INFO - [2025-01-13T23:35:56.764+0000] {dagbag.py:588} INFO - Filling up the DagBag from /home/airflow/.local/lib/python3.12/site-packages/airflow/example_dags/example_bash_operator.py
[2025-01-13T23:35:56.775+0000] {processor.py:925} INFO - DAG(s) 'example_bash_operator' retrieved from /home/airflow/.local/lib/python3.12/site-packages/airflow/example_dags/example_bash_operator.py
[2025-01-13T23:35:56.803+0000] {logging_mixin.py:190} INFO - [2025-01-13T23:35:56.803+0000] {dag.py:3239} INFO - Sync 1 DAGs
[2025-01-13T23:35:56.827+0000] {logging_mixin.py:190} INFO - [2025-01-13T23:35:56.826+0000] {dag.py:4180} INFO - Setting next_dagrun for example_bash_operator to 2025-01-12 00:00:00+00:00, run_after=2025-01-13 00:00:00+00:00
[2025-01-13T23:35:56.852+0000] {processor.py:208} INFO - Processing /home/airflow/.local/lib/python3.12/site-packages/airflow/example_dags/example_bash_operator.py took 0.097 seconds
[2025-01-13T23:36:27.058+0000] {processor.py:186} INFO - Started process (PID=1427) to work on /home/airflow/.local/lib/python3.12/site-packages/airflow/example_dags/example_bash_operator.py
[2025-01-13T23:36:27.060+0000] {processor.py:914} INFO - Processing file /home/airflow/.local/lib/python3.12/site-packages/airflow/example_dags/example_bash_operator.py for tasks to queue
[2025-01-13T23:36:27.062+0000] {logging_mixin.py:190} INFO - [2025-01-13T23:36:27.062+0000] {dagbag.py:588} INFO - Filling up the DagBag from /home/airflow/.local/lib/python3.12/site-packages/airflow/example_dags/example_bash_operator.py
[2025-01-13T23:36:27.078+0000] {processor.py:925} INFO - DAG(s) 'example_bash_operator' retrieved from /home/airflow/.local/lib/python3.12/site-packages/airflow/example_dags/example_bash_operator.py
[2025-01-13T23:36:27.112+0000] {logging_mixin.py:190} INFO - [2025-01-13T23:36:27.112+0000] {dag.py:3239} INFO - Sync 1 DAGs
[2025-01-13T23:36:27.145+0000] {logging_mixin.py:190} INFO - [2025-01-13T23:36:27.144+0000] {dag.py:4180} INFO - Setting next_dagrun for example_bash_operator to 2025-01-12 00:00:00+00:00, run_after=2025-01-13 00:00:00+00:00
[2025-01-13T23:36:27.174+0000] {processor.py:208} INFO - Processing /home/airflow/.local/lib/python3.12/site-packages/airflow/example_dags/example_bash_operator.py took 0.121 seconds
[2025-01-13T23:36:57.270+0000] {processor.py:186} INFO - Started process (PID=1490) to work on /home/airflow/.local/lib/python3.12/site-packages/airflow/example_dags/example_bash_operator.py
[2025-01-13T23:36:57.271+0000] {processor.py:914} INFO - Processing file /home/airflow/.local/lib/python3.12/site-packages/airflow/example_dags/example_bash_operator.py for tasks to queue
[2025-01-13T23:36:57.278+0000] {logging_mixin.py:190} INFO - [2025-01-13T23:36:57.277+0000] {dagbag.py:588} INFO - Filling up the DagBag from /home/airflow/.local/lib/python3.12/site-packages/airflow/example_dags/example_bash_operator.py
[2025-01-13T23:36:57.294+0000] {processor.py:925} INFO - DAG(s) 'example_bash_operator' retrieved from /home/airflow/.local/lib/python3.12/site-packages/airflow/example_dags/example_bash_operator.py
[2025-01-13T23:36:57.325+0000] {logging_mixin.py:190} INFO - [2025-01-13T23:36:57.325+0000] {dag.py:3239} INFO - Sync 1 DAGs
[2025-01-13T23:36:57.351+0000] {logging_mixin.py:190} INFO - [2025-01-13T23:36:57.350+0000] {dag.py:4180} INFO - Setting next_dagrun for example_bash_operator to 2025-01-12 00:00:00+00:00, run_after=2025-01-13 00:00:00+00:00
[2025-01-13T23:36:57.377+0000] {processor.py:208} INFO - Processing /home/airflow/.local/lib/python3.12/site-packages/airflow/example_dags/example_bash_operator.py took 0.112 seconds
[2025-01-13T23:37:27.808+0000] {processor.py:186} INFO - Started process (PID=1554) to work on /home/airflow/.local/lib/python3.12/site-packages/airflow/example_dags/example_bash_operator.py
[2025-01-13T23:37:27.809+0000] {processor.py:914} INFO - Processing file /home/airflow/.local/lib/python3.12/site-packages/airflow/example_dags/example_bash_operator.py for tasks to queue
[2025-01-13T23:37:27.812+0000] {logging_mixin.py:190} INFO - [2025-01-13T23:37:27.812+0000] {dagbag.py:588} INFO - Filling up the DagBag from /home/airflow/.local/lib/python3.12/site-packages/airflow/example_dags/example_bash_operator.py
[2025-01-13T23:37:27.825+0000] {processor.py:925} INFO - DAG(s) 'example_bash_operator' retrieved from /home/airflow/.local/lib/python3.12/site-packages/airflow/example_dags/example_bash_operator.py
[2025-01-13T23:37:27.865+0000] {logging_mixin.py:190} INFO - [2025-01-13T23:37:27.865+0000] {dag.py:3239} INFO - Sync 1 DAGs
[2025-01-13T23:37:27.898+0000] {logging_mixin.py:190} INFO - [2025-01-13T23:37:27.898+0000] {dag.py:4180} INFO - Setting next_dagrun for example_bash_operator to 2025-01-12 00:00:00+00:00, run_after=2025-01-13 00:00:00+00:00
[2025-01-13T23:37:27.926+0000] {processor.py:208} INFO - Processing /home/airflow/.local/lib/python3.12/site-packages/airflow/example_dags/example_bash_operator.py took 0.124 seconds
[2025-01-13T23:37:58.769+0000] {processor.py:186} INFO - Started process (PID=1619) to work on /home/airflow/.local/lib/python3.12/site-packages/airflow/example_dags/example_bash_operator.py
[2025-01-13T23:37:58.771+0000] {processor.py:914} INFO - Processing file /home/airflow/.local/lib/python3.12/site-packages/airflow/example_dags/example_bash_operator.py for tasks to queue
[2025-01-13T23:37:58.774+0000] {logging_mixin.py:190} INFO - [2025-01-13T23:37:58.773+0000] {dagbag.py:588} INFO - Filling up the DagBag from /home/airflow/.local/lib/python3.12/site-packages/airflow/example_dags/example_bash_operator.py
[2025-01-13T23:37:58.786+0000] {processor.py:925} INFO - DAG(s) 'example_bash_operator' retrieved from /home/airflow/.local/lib/python3.12/site-packages/airflow/example_dags/example_bash_operator.py
[2025-01-13T23:37:58.816+0000] {logging_mixin.py:190} INFO - [2025-01-13T23:37:58.816+0000] {dag.py:3239} INFO - Sync 1 DAGs
[2025-01-13T23:37:58.842+0000] {logging_mixin.py:190} INFO - [2025-01-13T23:37:58.842+0000] {dag.py:4180} INFO - Setting next_dagrun for example_bash_operator to 2025-01-12 00:00:00+00:00, run_after=2025-01-13 00:00:00+00:00
[2025-01-13T23:37:58.868+0000] {processor.py:208} INFO - Processing /home/airflow/.local/lib/python3.12/site-packages/airflow/example_dags/example_bash_operator.py took 0.106 seconds
[2025-01-13T23:38:29.017+0000] {processor.py:186} INFO - Started process (PID=1683) to work on /home/airflow/.local/lib/python3.12/site-packages/airflow/example_dags/example_bash_operator.py
[2025-01-13T23:38:29.020+0000] {processor.py:914} INFO - Processing file /home/airflow/.local/lib/python3.12/site-packages/airflow/example_dags/example_bash_operator.py for tasks to queue
[2025-01-13T23:38:29.025+0000] {logging_mixin.py:190} INFO - [2025-01-13T23:38:29.025+0000] {dagbag.py:588} INFO - Filling up the DagBag from /home/airflow/.local/lib/python3.12/site-packages/airflow/example_dags/example_bash_operator.py
[2025-01-13T23:38:29.041+0000] {processor.py:925} INFO - DAG(s) 'example_bash_operator' retrieved from /home/airflow/.local/lib/python3.12/site-packages/airflow/example_dags/example_bash_operator.py
[2025-01-13T23:38:29.082+0000] {logging_mixin.py:190} INFO - [2025-01-13T23:38:29.081+0000] {dag.py:3239} INFO - Sync 1 DAGs
[2025-01-13T23:38:29.109+0000] {logging_mixin.py:190} INFO - [2025-01-13T23:38:29.109+0000] {dag.py:4180} INFO - Setting next_dagrun for example_bash_operator to 2025-01-12 00:00:00+00:00, run_after=2025-01-13 00:00:00+00:00
[2025-01-13T23:38:29.134+0000] {processor.py:208} INFO - Processing /home/airflow/.local/lib/python3.12/site-packages/airflow/example_dags/example_bash_operator.py took 0.122 seconds
[2025-01-13T23:38:59.464+0000] {processor.py:186} INFO - Started process (PID=1747) to work on /home/airflow/.local/lib/python3.12/site-packages/airflow/example_dags/example_bash_operator.py
[2025-01-13T23:38:59.465+0000] {processor.py:914} INFO - Processing file /home/airflow/.local/lib/python3.12/site-packages/airflow/example_dags/example_bash_operator.py for tasks to queue
[2025-01-13T23:38:59.468+0000] {logging_mixin.py:190} INFO - [2025-01-13T23:38:59.467+0000] {dagbag.py:588} INFO - Filling up the DagBag from /home/airflow/.local/lib/python3.12/site-packages/airflow/example_dags/example_bash_operator.py
[2025-01-13T23:38:59.477+0000] {processor.py:925} INFO - DAG(s) 'example_bash_operator' retrieved from /home/airflow/.local/lib/python3.12/site-packages/airflow/example_dags/example_bash_operator.py
[2025-01-13T23:38:59.499+0000] {logging_mixin.py:190} INFO - [2025-01-13T23:38:59.498+0000] {dag.py:3239} INFO - Sync 1 DAGs
[2025-01-13T23:38:59.517+0000] {logging_mixin.py:190} INFO - [2025-01-13T23:38:59.517+0000] {dag.py:4180} INFO - Setting next_dagrun for example_bash_operator to 2025-01-12 00:00:00+00:00, run_after=2025-01-13 00:00:00+00:00
[2025-01-13T23:38:59.533+0000] {processor.py:208} INFO - Processing /home/airflow/.local/lib/python3.12/site-packages/airflow/example_dags/example_bash_operator.py took 0.074 seconds
[2025-01-13T23:39:30.047+0000] {processor.py:186} INFO - Started process (PID=1811) to work on /home/airflow/.local/lib/python3.12/site-packages/airflow/example_dags/example_bash_operator.py
[2025-01-13T23:39:30.049+0000] {processor.py:914} INFO - Processing file /home/airflow/.local/lib/python3.12/site-packages/airflow/example_dags/example_bash_operator.py for tasks to queue
[2025-01-13T23:39:30.051+0000] {logging_mixin.py:190} INFO - [2025-01-13T23:39:30.050+0000] {dagbag.py:588} INFO - Filling up the DagBag from /home/airflow/.local/lib/python3.12/site-packages/airflow/example_dags/example_bash_operator.py
[2025-01-13T23:39:30.059+0000] {processor.py:925} INFO - DAG(s) 'example_bash_operator' retrieved from /home/airflow/.local/lib/python3.12/site-packages/airflow/example_dags/example_bash_operator.py
[2025-01-13T23:39:30.079+0000] {logging_mixin.py:190} INFO - [2025-01-13T23:39:30.079+0000] {dag.py:3239} INFO - Sync 1 DAGs
[2025-01-13T23:39:30.097+0000] {logging_mixin.py:190} INFO - [2025-01-13T23:39:30.097+0000] {dag.py:4180} INFO - Setting next_dagrun for example_bash_operator to 2025-01-12 00:00:00+00:00, run_after=2025-01-13 00:00:00+00:00
[2025-01-13T23:39:30.110+0000] {processor.py:208} INFO - Processing /home/airflow/.local/lib/python3.12/site-packages/airflow/example_dags/example_bash_operator.py took 0.067 seconds
[2025-01-13T23:40:00.938+0000] {processor.py:186} INFO - Started process (PID=1875) to work on /home/airflow/.local/lib/python3.12/site-packages/airflow/example_dags/example_bash_operator.py
[2025-01-13T23:40:00.939+0000] {processor.py:914} INFO - Processing file /home/airflow/.local/lib/python3.12/site-packages/airflow/example_dags/example_bash_operator.py for tasks to queue
[2025-01-13T23:40:00.942+0000] {logging_mixin.py:190} INFO - [2025-01-13T23:40:00.941+0000] {dagbag.py:588} INFO - Filling up the DagBag from /home/airflow/.local/lib/python3.12/site-packages/airflow/example_dags/example_bash_operator.py
[2025-01-13T23:40:00.955+0000] {processor.py:925} INFO - DAG(s) 'example_bash_operator' retrieved from /home/airflow/.local/lib/python3.12/site-packages/airflow/example_dags/example_bash_operator.py
[2025-01-13T23:40:00.980+0000] {logging_mixin.py:190} INFO - [2025-01-13T23:40:00.979+0000] {dag.py:3239} INFO - Sync 1 DAGs
[2025-01-13T23:40:01.004+0000] {logging_mixin.py:190} INFO - [2025-01-13T23:40:01.004+0000] {dag.py:4180} INFO - Setting next_dagrun for example_bash_operator to 2025-01-12 00:00:00+00:00, run_after=2025-01-13 00:00:00+00:00
[2025-01-13T23:40:01.026+0000] {processor.py:208} INFO - Processing /home/airflow/.local/lib/python3.12/site-packages/airflow/example_dags/example_bash_operator.py took 0.092 seconds
[2025-01-13T23:40:31.650+0000] {processor.py:186} INFO - Started process (PID=1939) to work on /home/airflow/.local/lib/python3.12/site-packages/airflow/example_dags/example_bash_operator.py
[2025-01-13T23:40:31.652+0000] {processor.py:914} INFO - Processing file /home/airflow/.local/lib/python3.12/site-packages/airflow/example_dags/example_bash_operator.py for tasks to queue
[2025-01-13T23:40:31.655+0000] {logging_mixin.py:190} INFO - [2025-01-13T23:40:31.655+0000] {dagbag.py:588} INFO - Filling up the DagBag from /home/airflow/.local/lib/python3.12/site-packages/airflow/example_dags/example_bash_operator.py
[2025-01-13T23:40:31.666+0000] {processor.py:925} INFO - DAG(s) 'example_bash_operator' retrieved from /home/airflow/.local/lib/python3.12/site-packages/airflow/example_dags/example_bash_operator.py
[2025-01-13T23:40:31.687+0000] {logging_mixin.py:190} INFO - [2025-01-13T23:40:31.687+0000] {dag.py:3239} INFO - Sync 1 DAGs
[2025-01-13T23:40:31.708+0000] {logging_mixin.py:190} INFO - [2025-01-13T23:40:31.706+0000] {dag.py:4180} INFO - Setting next_dagrun for example_bash_operator to 2025-01-12 00:00:00+00:00, run_after=2025-01-13 00:00:00+00:00
[2025-01-13T23:40:31.729+0000] {processor.py:208} INFO - Processing /home/airflow/.local/lib/python3.12/site-packages/airflow/example_dags/example_bash_operator.py took 0.084 seconds
[2025-01-13T23:41:02.360+0000] {processor.py:186} INFO - Started process (PID=2003) to work on /home/airflow/.local/lib/python3.12/site-packages/airflow/example_dags/example_bash_operator.py
[2025-01-13T23:41:02.361+0000] {processor.py:914} INFO - Processing file /home/airflow/.local/lib/python3.12/site-packages/airflow/example_dags/example_bash_operator.py for tasks to queue
[2025-01-13T23:41:02.364+0000] {logging_mixin.py:190} INFO - [2025-01-13T23:41:02.364+0000] {dagbag.py:588} INFO - Filling up the DagBag from /home/airflow/.local/lib/python3.12/site-packages/airflow/example_dags/example_bash_operator.py
[2025-01-13T23:41:02.380+0000] {processor.py:925} INFO - DAG(s) 'example_bash_operator' retrieved from /home/airflow/.local/lib/python3.12/site-packages/airflow/example_dags/example_bash_operator.py
[2025-01-13T23:41:02.406+0000] {logging_mixin.py:190} INFO - [2025-01-13T23:41:02.406+0000] {dag.py:3239} INFO - Sync 1 DAGs
[2025-01-13T23:41:02.429+0000] {logging_mixin.py:190} INFO - [2025-01-13T23:41:02.429+0000] {dag.py:4180} INFO - Setting next_dagrun for example_bash_operator to 2025-01-12 00:00:00+00:00, run_after=2025-01-13 00:00:00+00:00
[2025-01-13T23:41:02.452+0000] {processor.py:208} INFO - Processing /home/airflow/.local/lib/python3.12/site-packages/airflow/example_dags/example_bash_operator.py took 0.097 seconds
[2025-01-13T23:41:32.698+0000] {processor.py:186} INFO - Started process (PID=2067) to work on /home/airflow/.local/lib/python3.12/site-packages/airflow/example_dags/example_bash_operator.py
[2025-01-13T23:41:32.699+0000] {processor.py:914} INFO - Processing file /home/airflow/.local/lib/python3.12/site-packages/airflow/example_dags/example_bash_operator.py for tasks to queue
[2025-01-13T23:41:32.702+0000] {logging_mixin.py:190} INFO - [2025-01-13T23:41:32.702+0000] {dagbag.py:588} INFO - Filling up the DagBag from /home/airflow/.local/lib/python3.12/site-packages/airflow/example_dags/example_bash_operator.py
[2025-01-13T23:41:32.720+0000] {processor.py:925} INFO - DAG(s) 'example_bash_operator' retrieved from /home/airflow/.local/lib/python3.12/site-packages/airflow/example_dags/example_bash_operator.py
[2025-01-13T23:41:32.756+0000] {logging_mixin.py:190} INFO - [2025-01-13T23:41:32.755+0000] {dag.py:3239} INFO - Sync 1 DAGs
[2025-01-13T23:41:32.788+0000] {logging_mixin.py:190} INFO - [2025-01-13T23:41:32.788+0000] {dag.py:4180} INFO - Setting next_dagrun for example_bash_operator to 2025-01-12 00:00:00+00:00, run_after=2025-01-13 00:00:00+00:00
[2025-01-13T23:41:32.814+0000] {processor.py:208} INFO - Processing /home/airflow/.local/lib/python3.12/site-packages/airflow/example_dags/example_bash_operator.py took 0.123 seconds
[2025-01-13T23:42:03.195+0000] {processor.py:186} INFO - Started process (PID=2131) to work on /home/airflow/.local/lib/python3.12/site-packages/airflow/example_dags/example_bash_operator.py
[2025-01-13T23:42:03.197+0000] {processor.py:914} INFO - Processing file /home/airflow/.local/lib/python3.12/site-packages/airflow/example_dags/example_bash_operator.py for tasks to queue
[2025-01-13T23:42:03.200+0000] {logging_mixin.py:190} INFO - [2025-01-13T23:42:03.200+0000] {dagbag.py:588} INFO - Filling up the DagBag from /home/airflow/.local/lib/python3.12/site-packages/airflow/example_dags/example_bash_operator.py
[2025-01-13T23:42:03.214+0000] {processor.py:925} INFO - DAG(s) 'example_bash_operator' retrieved from /home/airflow/.local/lib/python3.12/site-packages/airflow/example_dags/example_bash_operator.py
[2025-01-13T23:42:03.241+0000] {logging_mixin.py:190} INFO - [2025-01-13T23:42:03.240+0000] {dag.py:3239} INFO - Sync 1 DAGs
[2025-01-13T23:42:03.273+0000] {logging_mixin.py:190} INFO - [2025-01-13T23:42:03.272+0000] {dag.py:4180} INFO - Setting next_dagrun for example_bash_operator to 2025-01-12 00:00:00+00:00, run_after=2025-01-13 00:00:00+00:00
[2025-01-13T23:42:03.301+0000] {processor.py:208} INFO - Processing /home/airflow/.local/lib/python3.12/site-packages/airflow/example_dags/example_bash_operator.py took 0.112 seconds
[2025-01-13T23:42:33.777+0000] {processor.py:186} INFO - Started process (PID=2195) to work on /home/airflow/.local/lib/python3.12/site-packages/airflow/example_dags/example_bash_operator.py
[2025-01-13T23:42:33.778+0000] {processor.py:914} INFO - Processing file /home/airflow/.local/lib/python3.12/site-packages/airflow/example_dags/example_bash_operator.py for tasks to queue
[2025-01-13T23:42:33.780+0000] {logging_mixin.py:190} INFO - [2025-01-13T23:42:33.780+0000] {dagbag.py:588} INFO - Filling up the DagBag from /home/airflow/.local/lib/python3.12/site-packages/airflow/example_dags/example_bash_operator.py
[2025-01-13T23:42:33.791+0000] {processor.py:925} INFO - DAG(s) 'example_bash_operator' retrieved from /home/airflow/.local/lib/python3.12/site-packages/airflow/example_dags/example_bash_operator.py
[2025-01-13T23:42:33.814+0000] {logging_mixin.py:190} INFO - [2025-01-13T23:42:33.813+0000] {dag.py:3239} INFO - Sync 1 DAGs
[2025-01-13T23:42:33.832+0000] {logging_mixin.py:190} INFO - [2025-01-13T23:42:33.832+0000] {dag.py:4180} INFO - Setting next_dagrun for example_bash_operator to 2025-01-12 00:00:00+00:00, run_after=2025-01-13 00:00:00+00:00
[2025-01-13T23:42:33.847+0000] {processor.py:208} INFO - Processing /home/airflow/.local/lib/python3.12/site-packages/airflow/example_dags/example_bash_operator.py took 0.074 seconds
[2025-01-13T23:43:04.384+0000] {processor.py:186} INFO - Started process (PID=2258) to work on /home/airflow/.local/lib/python3.12/site-packages/airflow/example_dags/example_bash_operator.py
[2025-01-13T23:43:04.385+0000] {processor.py:914} INFO - Processing file /home/airflow/.local/lib/python3.12/site-packages/airflow/example_dags/example_bash_operator.py for tasks to queue
[2025-01-13T23:43:04.387+0000] {logging_mixin.py:190} INFO - [2025-01-13T23:43:04.387+0000] {dagbag.py:588} INFO - Filling up the DagBag from /home/airflow/.local/lib/python3.12/site-packages/airflow/example_dags/example_bash_operator.py
[2025-01-13T23:43:04.401+0000] {processor.py:925} INFO - DAG(s) 'example_bash_operator' retrieved from /home/airflow/.local/lib/python3.12/site-packages/airflow/example_dags/example_bash_operator.py
[2025-01-13T23:43:04.425+0000] {logging_mixin.py:190} INFO - [2025-01-13T23:43:04.425+0000] {dag.py:3239} INFO - Sync 1 DAGs
[2025-01-13T23:43:04.444+0000] {logging_mixin.py:190} INFO - [2025-01-13T23:43:04.444+0000] {dag.py:4180} INFO - Setting next_dagrun for example_bash_operator to 2025-01-12 00:00:00+00:00, run_after=2025-01-13 00:00:00+00:00
[2025-01-13T23:43:04.461+0000] {processor.py:208} INFO - Processing /home/airflow/.local/lib/python3.12/site-packages/airflow/example_dags/example_bash_operator.py took 0.081 seconds
[2025-01-13T23:43:34.820+0000] {processor.py:186} INFO - Started process (PID=2322) to work on /home/airflow/.local/lib/python3.12/site-packages/airflow/example_dags/example_bash_operator.py
[2025-01-13T23:43:34.821+0000] {processor.py:914} INFO - Processing file /home/airflow/.local/lib/python3.12/site-packages/airflow/example_dags/example_bash_operator.py for tasks to queue
[2025-01-13T23:43:34.824+0000] {logging_mixin.py:190} INFO - [2025-01-13T23:43:34.824+0000] {dagbag.py:588} INFO - Filling up the DagBag from /home/airflow/.local/lib/python3.12/site-packages/airflow/example_dags/example_bash_operator.py
[2025-01-13T23:43:34.839+0000] {processor.py:925} INFO - DAG(s) 'example_bash_operator' retrieved from /home/airflow/.local/lib/python3.12/site-packages/airflow/example_dags/example_bash_operator.py
[2025-01-13T23:43:34.868+0000] {logging_mixin.py:190} INFO - [2025-01-13T23:43:34.868+0000] {dag.py:3239} INFO - Sync 1 DAGs
[2025-01-13T23:43:34.894+0000] {logging_mixin.py:190} INFO - [2025-01-13T23:43:34.893+0000] {dag.py:4180} INFO - Setting next_dagrun for example_bash_operator to 2025-01-12 00:00:00+00:00, run_after=2025-01-13 00:00:00+00:00
[2025-01-13T23:43:34.914+0000] {processor.py:208} INFO - Processing /home/airflow/.local/lib/python3.12/site-packages/airflow/example_dags/example_bash_operator.py took 0.102 seconds
[2025-01-13T23:44:05.893+0000] {processor.py:186} INFO - Started process (PID=2386) to work on /home/airflow/.local/lib/python3.12/site-packages/airflow/example_dags/example_bash_operator.py
[2025-01-13T23:44:05.895+0000] {processor.py:914} INFO - Processing file /home/airflow/.local/lib/python3.12/site-packages/airflow/example_dags/example_bash_operator.py for tasks to queue
[2025-01-13T23:44:05.897+0000] {logging_mixin.py:190} INFO - [2025-01-13T23:44:05.897+0000] {dagbag.py:588} INFO - Filling up the DagBag from /home/airflow/.local/lib/python3.12/site-packages/airflow/example_dags/example_bash_operator.py
[2025-01-13T23:44:05.907+0000] {processor.py:925} INFO - DAG(s) 'example_bash_operator' retrieved from /home/airflow/.local/lib/python3.12/site-packages/airflow/example_dags/example_bash_operator.py
[2025-01-13T23:44:05.932+0000] {logging_mixin.py:190} INFO - [2025-01-13T23:44:05.932+0000] {dag.py:3239} INFO - Sync 1 DAGs
[2025-01-13T23:44:05.958+0000] {logging_mixin.py:190} INFO - [2025-01-13T23:44:05.958+0000] {dag.py:4180} INFO - Setting next_dagrun for example_bash_operator to 2025-01-12 00:00:00+00:00, run_after=2025-01-13 00:00:00+00:00
[2025-01-13T23:44:05.985+0000] {processor.py:208} INFO - Processing /home/airflow/.local/lib/python3.12/site-packages/airflow/example_dags/example_bash_operator.py took 0.095 seconds
[2025-01-13T23:44:36.353+0000] {processor.py:186} INFO - Started process (PID=2450) to work on /home/airflow/.local/lib/python3.12/site-packages/airflow/example_dags/example_bash_operator.py
[2025-01-13T23:44:36.354+0000] {processor.py:914} INFO - Processing file /home/airflow/.local/lib/python3.12/site-packages/airflow/example_dags/example_bash_operator.py for tasks to queue
[2025-01-13T23:44:36.357+0000] {logging_mixin.py:190} INFO - [2025-01-13T23:44:36.357+0000] {dagbag.py:588} INFO - Filling up the DagBag from /home/airflow/.local/lib/python3.12/site-packages/airflow/example_dags/example_bash_operator.py
[2025-01-13T23:44:36.367+0000] {processor.py:925} INFO - DAG(s) 'example_bash_operator' retrieved from /home/airflow/.local/lib/python3.12/site-packages/airflow/example_dags/example_bash_operator.py
[2025-01-13T23:44:36.390+0000] {logging_mixin.py:190} INFO - [2025-01-13T23:44:36.390+0000] {dag.py:3239} INFO - Sync 1 DAGs
[2025-01-13T23:44:36.408+0000] {logging_mixin.py:190} INFO - [2025-01-13T23:44:36.408+0000] {dag.py:4180} INFO - Setting next_dagrun for example_bash_operator to 2025-01-12 00:00:00+00:00, run_after=2025-01-13 00:00:00+00:00
[2025-01-13T23:44:36.425+0000] {processor.py:208} INFO - Processing /home/airflow/.local/lib/python3.12/site-packages/airflow/example_dags/example_bash_operator.py took 0.076 seconds
[2025-01-13T23:45:06.553+0000] {processor.py:186} INFO - Started process (PID=2513) to work on /home/airflow/.local/lib/python3.12/site-packages/airflow/example_dags/example_bash_operator.py
[2025-01-13T23:45:06.554+0000] {processor.py:914} INFO - Processing file /home/airflow/.local/lib/python3.12/site-packages/airflow/example_dags/example_bash_operator.py for tasks to queue
[2025-01-13T23:45:06.557+0000] {logging_mixin.py:190} INFO - [2025-01-13T23:45:06.556+0000] {dagbag.py:588} INFO - Filling up the DagBag from /home/airflow/.local/lib/python3.12/site-packages/airflow/example_dags/example_bash_operator.py
[2025-01-13T23:45:06.568+0000] {processor.py:925} INFO - DAG(s) 'example_bash_operator' retrieved from /home/airflow/.local/lib/python3.12/site-packages/airflow/example_dags/example_bash_operator.py
[2025-01-13T23:45:06.591+0000] {logging_mixin.py:190} INFO - [2025-01-13T23:45:06.590+0000] {dag.py:3239} INFO - Sync 1 DAGs
[2025-01-13T23:45:06.611+0000] {logging_mixin.py:190} INFO - [2025-01-13T23:45:06.611+0000] {dag.py:4180} INFO - Setting next_dagrun for example_bash_operator to 2025-01-12 00:00:00+00:00, run_after=2025-01-13 00:00:00+00:00
[2025-01-13T23:45:06.638+0000] {processor.py:208} INFO - Processing /home/airflow/.local/lib/python3.12/site-packages/airflow/example_dags/example_bash_operator.py took 0.089 seconds
[2025-01-13T23:45:36.739+0000] {processor.py:186} INFO - Started process (PID=2577) to work on /home/airflow/.local/lib/python3.12/site-packages/airflow/example_dags/example_bash_operator.py
[2025-01-13T23:45:36.740+0000] {processor.py:914} INFO - Processing file /home/airflow/.local/lib/python3.12/site-packages/airflow/example_dags/example_bash_operator.py for tasks to queue
[2025-01-13T23:45:36.742+0000] {logging_mixin.py:190} INFO - [2025-01-13T23:45:36.742+0000] {dagbag.py:588} INFO - Filling up the DagBag from /home/airflow/.local/lib/python3.12/site-packages/airflow/example_dags/example_bash_operator.py
[2025-01-13T23:45:36.752+0000] {processor.py:925} INFO - DAG(s) 'example_bash_operator' retrieved from /home/airflow/.local/lib/python3.12/site-packages/airflow/example_dags/example_bash_operator.py
[2025-01-13T23:45:36.776+0000] {logging_mixin.py:190} INFO - [2025-01-13T23:45:36.776+0000] {dag.py:3239} INFO - Sync 1 DAGs
[2025-01-13T23:45:36.792+0000] {logging_mixin.py:190} INFO - [2025-01-13T23:45:36.792+0000] {dag.py:4180} INFO - Setting next_dagrun for example_bash_operator to 2025-01-12 00:00:00+00:00, run_after=2025-01-13 00:00:00+00:00
[2025-01-13T23:45:36.808+0000] {processor.py:208} INFO - Processing /home/airflow/.local/lib/python3.12/site-packages/airflow/example_dags/example_bash_operator.py took 0.073 seconds
[2025-01-13T23:46:07.405+0000] {processor.py:186} INFO - Started process (PID=2641) to work on /home/airflow/.local/lib/python3.12/site-packages/airflow/example_dags/example_bash_operator.py
[2025-01-13T23:46:07.406+0000] {processor.py:914} INFO - Processing file /home/airflow/.local/lib/python3.12/site-packages/airflow/example_dags/example_bash_operator.py for tasks to queue
[2025-01-13T23:46:07.408+0000] {logging_mixin.py:190} INFO - [2025-01-13T23:46:07.408+0000] {dagbag.py:588} INFO - Filling up the DagBag from /home/airflow/.local/lib/python3.12/site-packages/airflow/example_dags/example_bash_operator.py
[2025-01-13T23:46:07.419+0000] {processor.py:925} INFO - DAG(s) 'example_bash_operator' retrieved from /home/airflow/.local/lib/python3.12/site-packages/airflow/example_dags/example_bash_operator.py
[2025-01-13T23:46:07.439+0000] {logging_mixin.py:190} INFO - [2025-01-13T23:46:07.439+0000] {dag.py:3239} INFO - Sync 1 DAGs
[2025-01-13T23:46:07.458+0000] {logging_mixin.py:190} INFO - [2025-01-13T23:46:07.458+0000] {dag.py:4180} INFO - Setting next_dagrun for example_bash_operator to 2025-01-12 00:00:00+00:00, run_after=2025-01-13 00:00:00+00:00
[2025-01-13T23:46:07.485+0000] {processor.py:208} INFO - Processing /home/airflow/.local/lib/python3.12/site-packages/airflow/example_dags/example_bash_operator.py took 0.084 seconds
[2025-01-13T23:46:37.610+0000] {processor.py:186} INFO - Started process (PID=2703) to work on /home/airflow/.local/lib/python3.12/site-packages/airflow/example_dags/example_bash_operator.py
[2025-01-13T23:46:37.611+0000] {processor.py:914} INFO - Processing file /home/airflow/.local/lib/python3.12/site-packages/airflow/example_dags/example_bash_operator.py for tasks to queue
[2025-01-13T23:46:37.612+0000] {logging_mixin.py:190} INFO - [2025-01-13T23:46:37.612+0000] {dagbag.py:588} INFO - Filling up the DagBag from /home/airflow/.local/lib/python3.12/site-packages/airflow/example_dags/example_bash_operator.py
[2025-01-13T23:46:37.623+0000] {processor.py:925} INFO - DAG(s) 'example_bash_operator' retrieved from /home/airflow/.local/lib/python3.12/site-packages/airflow/example_dags/example_bash_operator.py
[2025-01-13T23:46:37.644+0000] {logging_mixin.py:190} INFO - [2025-01-13T23:46:37.644+0000] {dag.py:3239} INFO - Sync 1 DAGs
[2025-01-13T23:46:37.661+0000] {logging_mixin.py:190} INFO - [2025-01-13T23:46:37.661+0000] {dag.py:4180} INFO - Setting next_dagrun for example_bash_operator to 2025-01-12 00:00:00+00:00, run_after=2025-01-13 00:00:00+00:00
[2025-01-13T23:46:37.676+0000] {processor.py:208} INFO - Processing /home/airflow/.local/lib/python3.12/site-packages/airflow/example_dags/example_bash_operator.py took 0.070 seconds
[2025-01-13T23:47:07.812+0000] {processor.py:186} INFO - Started process (PID=2767) to work on /home/airflow/.local/lib/python3.12/site-packages/airflow/example_dags/example_bash_operator.py
[2025-01-13T23:47:07.813+0000] {processor.py:914} INFO - Processing file /home/airflow/.local/lib/python3.12/site-packages/airflow/example_dags/example_bash_operator.py for tasks to queue
[2025-01-13T23:47:07.815+0000] {logging_mixin.py:190} INFO - [2025-01-13T23:47:07.815+0000] {dagbag.py:588} INFO - Filling up the DagBag from /home/airflow/.local/lib/python3.12/site-packages/airflow/example_dags/example_bash_operator.py
[2025-01-13T23:47:07.824+0000] {processor.py:925} INFO - DAG(s) 'example_bash_operator' retrieved from /home/airflow/.local/lib/python3.12/site-packages/airflow/example_dags/example_bash_operator.py
[2025-01-13T23:47:07.844+0000] {logging_mixin.py:190} INFO - [2025-01-13T23:47:07.843+0000] {dag.py:3239} INFO - Sync 1 DAGs
[2025-01-13T23:47:07.859+0000] {logging_mixin.py:190} INFO - [2025-01-13T23:47:07.859+0000] {dag.py:4180} INFO - Setting next_dagrun for example_bash_operator to 2025-01-12 00:00:00+00:00, run_after=2025-01-13 00:00:00+00:00
[2025-01-13T23:47:08.005+0000] {processor.py:208} INFO - Processing /home/airflow/.local/lib/python3.12/site-packages/airflow/example_dags/example_bash_operator.py took 0.197 seconds
[2025-01-13T23:47:38.789+0000] {processor.py:186} INFO - Started process (PID=2832) to work on /home/airflow/.local/lib/python3.12/site-packages/airflow/example_dags/example_bash_operator.py
[2025-01-13T23:47:38.790+0000] {processor.py:914} INFO - Processing file /home/airflow/.local/lib/python3.12/site-packages/airflow/example_dags/example_bash_operator.py for tasks to queue
[2025-01-13T23:47:38.793+0000] {logging_mixin.py:190} INFO - [2025-01-13T23:47:38.792+0000] {dagbag.py:588} INFO - Filling up the DagBag from /home/airflow/.local/lib/python3.12/site-packages/airflow/example_dags/example_bash_operator.py
[2025-01-13T23:47:38.804+0000] {processor.py:925} INFO - DAG(s) 'example_bash_operator' retrieved from /home/airflow/.local/lib/python3.12/site-packages/airflow/example_dags/example_bash_operator.py
[2025-01-13T23:47:38.828+0000] {logging_mixin.py:190} INFO - [2025-01-13T23:47:38.828+0000] {dag.py:3239} INFO - Sync 1 DAGs
[2025-01-13T23:47:38.847+0000] {logging_mixin.py:190} INFO - [2025-01-13T23:47:38.847+0000] {dag.py:4180} INFO - Setting next_dagrun for example_bash_operator to 2025-01-12 00:00:00+00:00, run_after=2025-01-13 00:00:00+00:00
[2025-01-13T23:47:38.866+0000] {processor.py:208} INFO - Processing /home/airflow/.local/lib/python3.12/site-packages/airflow/example_dags/example_bash_operator.py took 0.082 seconds
[2025-01-13T23:48:09.606+0000] {processor.py:186} INFO - Started process (PID=2896) to work on /home/airflow/.local/lib/python3.12/site-packages/airflow/example_dags/example_bash_operator.py
[2025-01-13T23:48:09.607+0000] {processor.py:914} INFO - Processing file /home/airflow/.local/lib/python3.12/site-packages/airflow/example_dags/example_bash_operator.py for tasks to queue
[2025-01-13T23:48:09.610+0000] {logging_mixin.py:190} INFO - [2025-01-13T23:48:09.609+0000] {dagbag.py:588} INFO - Filling up the DagBag from /home/airflow/.local/lib/python3.12/site-packages/airflow/example_dags/example_bash_operator.py
[2025-01-13T23:48:09.620+0000] {processor.py:925} INFO - DAG(s) 'example_bash_operator' retrieved from /home/airflow/.local/lib/python3.12/site-packages/airflow/example_dags/example_bash_operator.py
[2025-01-13T23:48:09.644+0000] {logging_mixin.py:190} INFO - [2025-01-13T23:48:09.644+0000] {dag.py:3239} INFO - Sync 1 DAGs
[2025-01-13T23:48:09.665+0000] {logging_mixin.py:190} INFO - [2025-01-13T23:48:09.665+0000] {dag.py:4180} INFO - Setting next_dagrun for example_bash_operator to 2025-01-12 00:00:00+00:00, run_after=2025-01-13 00:00:00+00:00
[2025-01-13T23:48:09.684+0000] {processor.py:208} INFO - Processing /home/airflow/.local/lib/python3.12/site-packages/airflow/example_dags/example_bash_operator.py took 0.083 seconds
[2025-01-13T23:48:40.383+0000] {processor.py:186} INFO - Started process (PID=2960) to work on /home/airflow/.local/lib/python3.12/site-packages/airflow/example_dags/example_bash_operator.py
[2025-01-13T23:48:40.384+0000] {processor.py:914} INFO - Processing file /home/airflow/.local/lib/python3.12/site-packages/airflow/example_dags/example_bash_operator.py for tasks to queue
[2025-01-13T23:48:40.386+0000] {logging_mixin.py:190} INFO - [2025-01-13T23:48:40.386+0000] {dagbag.py:588} INFO - Filling up the DagBag from /home/airflow/.local/lib/python3.12/site-packages/airflow/example_dags/example_bash_operator.py
[2025-01-13T23:48:40.404+0000] {processor.py:925} INFO - DAG(s) 'example_bash_operator' retrieved from /home/airflow/.local/lib/python3.12/site-packages/airflow/example_dags/example_bash_operator.py
[2025-01-13T23:48:40.428+0000] {logging_mixin.py:190} INFO - [2025-01-13T23:48:40.428+0000] {dag.py:3239} INFO - Sync 1 DAGs
[2025-01-13T23:48:40.453+0000] {logging_mixin.py:190} INFO - [2025-01-13T23:48:40.453+0000] {dag.py:4180} INFO - Setting next_dagrun for example_bash_operator to 2025-01-12 00:00:00+00:00, run_after=2025-01-13 00:00:00+00:00
[2025-01-13T23:48:40.472+0000] {processor.py:208} INFO - Processing /home/airflow/.local/lib/python3.12/site-packages/airflow/example_dags/example_bash_operator.py took 0.094 seconds
[2025-01-13T23:49:12.058+0000] {processor.py:186} INFO - Started process (PID=3024) to work on /home/airflow/.local/lib/python3.12/site-packages/airflow/example_dags/example_bash_operator.py
[2025-01-13T23:49:12.059+0000] {processor.py:914} INFO - Processing file /home/airflow/.local/lib/python3.12/site-packages/airflow/example_dags/example_bash_operator.py for tasks to queue
[2025-01-13T23:49:12.061+0000] {logging_mixin.py:190} INFO - [2025-01-13T23:49:12.061+0000] {dagbag.py:588} INFO - Filling up the DagBag from /home/airflow/.local/lib/python3.12/site-packages/airflow/example_dags/example_bash_operator.py
[2025-01-13T23:49:12.074+0000] {processor.py:925} INFO - DAG(s) 'example_bash_operator' retrieved from /home/airflow/.local/lib/python3.12/site-packages/airflow/example_dags/example_bash_operator.py
[2025-01-13T23:49:12.101+0000] {logging_mixin.py:190} INFO - [2025-01-13T23:49:12.100+0000] {dag.py:3239} INFO - Sync 1 DAGs
[2025-01-13T23:49:12.127+0000] {logging_mixin.py:190} INFO - [2025-01-13T23:49:12.126+0000] {dag.py:4180} INFO - Setting next_dagrun for example_bash_operator to 2025-01-12 00:00:00+00:00, run_after=2025-01-13 00:00:00+00:00
[2025-01-13T23:49:12.154+0000] {processor.py:208} INFO - Processing /home/airflow/.local/lib/python3.12/site-packages/airflow/example_dags/example_bash_operator.py took 0.102 seconds
[2025-01-13T23:49:42.723+0000] {processor.py:186} INFO - Started process (PID=3088) to work on /home/airflow/.local/lib/python3.12/site-packages/airflow/example_dags/example_bash_operator.py
[2025-01-13T23:49:42.724+0000] {processor.py:914} INFO - Processing file /home/airflow/.local/lib/python3.12/site-packages/airflow/example_dags/example_bash_operator.py for tasks to queue
[2025-01-13T23:49:42.726+0000] {logging_mixin.py:190} INFO - [2025-01-13T23:49:42.726+0000] {dagbag.py:588} INFO - Filling up the DagBag from /home/airflow/.local/lib/python3.12/site-packages/airflow/example_dags/example_bash_operator.py
[2025-01-13T23:49:42.735+0000] {processor.py:925} INFO - DAG(s) 'example_bash_operator' retrieved from /home/airflow/.local/lib/python3.12/site-packages/airflow/example_dags/example_bash_operator.py
[2025-01-13T23:49:42.754+0000] {logging_mixin.py:190} INFO - [2025-01-13T23:49:42.753+0000] {dag.py:3239} INFO - Sync 1 DAGs
[2025-01-13T23:49:42.910+0000] {logging_mixin.py:190} INFO - [2025-01-13T23:49:42.910+0000] {dag.py:4180} INFO - Setting next_dagrun for example_bash_operator to 2025-01-12 00:00:00+00:00, run_after=2025-01-13 00:00:00+00:00
[2025-01-13T23:49:42.928+0000] {processor.py:208} INFO - Processing /home/airflow/.local/lib/python3.12/site-packages/airflow/example_dags/example_bash_operator.py took 0.209 seconds
[2025-01-13T23:50:13.307+0000] {processor.py:186} INFO - Started process (PID=3152) to work on /home/airflow/.local/lib/python3.12/site-packages/airflow/example_dags/example_bash_operator.py
[2025-01-13T23:50:13.309+0000] {processor.py:914} INFO - Processing file /home/airflow/.local/lib/python3.12/site-packages/airflow/example_dags/example_bash_operator.py for tasks to queue
[2025-01-13T23:50:13.313+0000] {logging_mixin.py:190} INFO - [2025-01-13T23:50:13.313+0000] {dagbag.py:588} INFO - Filling up the DagBag from /home/airflow/.local/lib/python3.12/site-packages/airflow/example_dags/example_bash_operator.py
[2025-01-13T23:50:13.335+0000] {processor.py:925} INFO - DAG(s) 'example_bash_operator' retrieved from /home/airflow/.local/lib/python3.12/site-packages/airflow/example_dags/example_bash_operator.py
[2025-01-13T23:50:13.385+0000] {logging_mixin.py:190} INFO - [2025-01-13T23:50:13.384+0000] {dag.py:3239} INFO - Sync 1 DAGs
[2025-01-13T23:50:13.611+0000] {logging_mixin.py:190} INFO - [2025-01-13T23:50:13.611+0000] {dag.py:4180} INFO - Setting next_dagrun for example_bash_operator to 2025-01-12 00:00:00+00:00, run_after=2025-01-13 00:00:00+00:00
[2025-01-13T23:50:13.637+0000] {processor.py:208} INFO - Processing /home/airflow/.local/lib/python3.12/site-packages/airflow/example_dags/example_bash_operator.py took 0.337 seconds
[2025-01-13T23:50:44.249+0000] {processor.py:186} INFO - Started process (PID=3215) to work on /home/airflow/.local/lib/python3.12/site-packages/airflow/example_dags/example_bash_operator.py
[2025-01-13T23:50:44.250+0000] {processor.py:914} INFO - Processing file /home/airflow/.local/lib/python3.12/site-packages/airflow/example_dags/example_bash_operator.py for tasks to queue
[2025-01-13T23:50:44.254+0000] {logging_mixin.py:190} INFO - [2025-01-13T23:50:44.253+0000] {dagbag.py:588} INFO - Filling up the DagBag from /home/airflow/.local/lib/python3.12/site-packages/airflow/example_dags/example_bash_operator.py
[2025-01-13T23:50:44.274+0000] {processor.py:925} INFO - DAG(s) 'example_bash_operator' retrieved from /home/airflow/.local/lib/python3.12/site-packages/airflow/example_dags/example_bash_operator.py
[2025-01-13T23:50:44.305+0000] {logging_mixin.py:190} INFO - [2025-01-13T23:50:44.304+0000] {dag.py:3239} INFO - Sync 1 DAGs
[2025-01-13T23:50:44.332+0000] {logging_mixin.py:190} INFO - [2025-01-13T23:50:44.331+0000] {dag.py:4180} INFO - Setting next_dagrun for example_bash_operator to 2025-01-12 00:00:00+00:00, run_after=2025-01-13 00:00:00+00:00
[2025-01-13T23:50:44.360+0000] {processor.py:208} INFO - Processing /home/airflow/.local/lib/python3.12/site-packages/airflow/example_dags/example_bash_operator.py took 0.117 seconds
[2025-01-13T23:51:15.276+0000] {processor.py:186} INFO - Started process (PID=3278) to work on /home/airflow/.local/lib/python3.12/site-packages/airflow/example_dags/example_bash_operator.py
[2025-01-13T23:51:15.277+0000] {processor.py:914} INFO - Processing file /home/airflow/.local/lib/python3.12/site-packages/airflow/example_dags/example_bash_operator.py for tasks to queue
[2025-01-13T23:51:15.278+0000] {logging_mixin.py:190} INFO - [2025-01-13T23:51:15.278+0000] {dagbag.py:588} INFO - Filling up the DagBag from /home/airflow/.local/lib/python3.12/site-packages/airflow/example_dags/example_bash_operator.py
[2025-01-13T23:51:15.287+0000] {processor.py:925} INFO - DAG(s) 'example_bash_operator' retrieved from /home/airflow/.local/lib/python3.12/site-packages/airflow/example_dags/example_bash_operator.py
[2025-01-13T23:51:15.305+0000] {logging_mixin.py:190} INFO - [2025-01-13T23:51:15.305+0000] {dag.py:3239} INFO - Sync 1 DAGs
[2025-01-13T23:51:15.324+0000] {logging_mixin.py:190} INFO - [2025-01-13T23:51:15.323+0000] {dag.py:4180} INFO - Setting next_dagrun for example_bash_operator to 2025-01-12 00:00:00+00:00, run_after=2025-01-13 00:00:00+00:00
[2025-01-13T23:51:15.339+0000] {processor.py:208} INFO - Processing /home/airflow/.local/lib/python3.12/site-packages/airflow/example_dags/example_bash_operator.py took 0.067 seconds
[2025-01-13T23:51:45.456+0000] {processor.py:186} INFO - Started process (PID=3342) to work on /home/airflow/.local/lib/python3.12/site-packages/airflow/example_dags/example_bash_operator.py
[2025-01-13T23:51:45.458+0000] {processor.py:914} INFO - Processing file /home/airflow/.local/lib/python3.12/site-packages/airflow/example_dags/example_bash_operator.py for tasks to queue
[2025-01-13T23:51:45.460+0000] {logging_mixin.py:190} INFO - [2025-01-13T23:51:45.459+0000] {dagbag.py:588} INFO - Filling up the DagBag from /home/airflow/.local/lib/python3.12/site-packages/airflow/example_dags/example_bash_operator.py
[2025-01-13T23:51:45.470+0000] {processor.py:925} INFO - DAG(s) 'example_bash_operator' retrieved from /home/airflow/.local/lib/python3.12/site-packages/airflow/example_dags/example_bash_operator.py
[2025-01-13T23:51:45.491+0000] {logging_mixin.py:190} INFO - [2025-01-13T23:51:45.491+0000] {dag.py:3239} INFO - Sync 1 DAGs
[2025-01-13T23:51:45.511+0000] {logging_mixin.py:190} INFO - [2025-01-13T23:51:45.511+0000] {dag.py:4180} INFO - Setting next_dagrun for example_bash_operator to 2025-01-12 00:00:00+00:00, run_after=2025-01-13 00:00:00+00:00
[2025-01-13T23:51:45.531+0000] {processor.py:208} INFO - Processing /home/airflow/.local/lib/python3.12/site-packages/airflow/example_dags/example_bash_operator.py took 0.079 seconds
[2025-01-13T23:52:15.962+0000] {processor.py:186} INFO - Started process (PID=3406) to work on /home/airflow/.local/lib/python3.12/site-packages/airflow/example_dags/example_bash_operator.py
[2025-01-13T23:52:15.964+0000] {processor.py:914} INFO - Processing file /home/airflow/.local/lib/python3.12/site-packages/airflow/example_dags/example_bash_operator.py for tasks to queue
[2025-01-13T23:52:15.968+0000] {logging_mixin.py:190} INFO - [2025-01-13T23:52:15.968+0000] {dagbag.py:588} INFO - Filling up the DagBag from /home/airflow/.local/lib/python3.12/site-packages/airflow/example_dags/example_bash_operator.py
[2025-01-13T23:52:15.985+0000] {processor.py:925} INFO - DAG(s) 'example_bash_operator' retrieved from /home/airflow/.local/lib/python3.12/site-packages/airflow/example_dags/example_bash_operator.py
[2025-01-13T23:52:16.011+0000] {logging_mixin.py:190} INFO - [2025-01-13T23:52:16.011+0000] {dag.py:3239} INFO - Sync 1 DAGs
[2025-01-13T23:52:16.038+0000] {logging_mixin.py:190} INFO - [2025-01-13T23:52:16.038+0000] {dag.py:4180} INFO - Setting next_dagrun for example_bash_operator to 2025-01-12 00:00:00+00:00, run_after=2025-01-13 00:00:00+00:00
[2025-01-13T23:52:16.065+0000] {processor.py:208} INFO - Processing /home/airflow/.local/lib/python3.12/site-packages/airflow/example_dags/example_bash_operator.py took 0.110 seconds
[2025-01-13T23:52:46.979+0000] {processor.py:186} INFO - Started process (PID=3470) to work on /home/airflow/.local/lib/python3.12/site-packages/airflow/example_dags/example_bash_operator.py
[2025-01-13T23:52:46.980+0000] {processor.py:914} INFO - Processing file /home/airflow/.local/lib/python3.12/site-packages/airflow/example_dags/example_bash_operator.py for tasks to queue
[2025-01-13T23:52:46.982+0000] {logging_mixin.py:190} INFO - [2025-01-13T23:52:46.981+0000] {dagbag.py:588} INFO - Filling up the DagBag from /home/airflow/.local/lib/python3.12/site-packages/airflow/example_dags/example_bash_operator.py
[2025-01-13T23:52:46.995+0000] {processor.py:925} INFO - DAG(s) 'example_bash_operator' retrieved from /home/airflow/.local/lib/python3.12/site-packages/airflow/example_dags/example_bash_operator.py
[2025-01-13T23:52:47.021+0000] {logging_mixin.py:190} INFO - [2025-01-13T23:52:47.021+0000] {dag.py:3239} INFO - Sync 1 DAGs
[2025-01-13T23:52:47.045+0000] {logging_mixin.py:190} INFO - [2025-01-13T23:52:47.045+0000] {dag.py:4180} INFO - Setting next_dagrun for example_bash_operator to 2025-01-12 00:00:00+00:00, run_after=2025-01-13 00:00:00+00:00
[2025-01-13T23:52:47.075+0000] {processor.py:208} INFO - Processing /home/airflow/.local/lib/python3.12/site-packages/airflow/example_dags/example_bash_operator.py took 0.101 seconds
[2025-01-13T23:53:17.540+0000] {processor.py:186} INFO - Started process (PID=3534) to work on /home/airflow/.local/lib/python3.12/site-packages/airflow/example_dags/example_bash_operator.py
[2025-01-13T23:53:17.541+0000] {processor.py:914} INFO - Processing file /home/airflow/.local/lib/python3.12/site-packages/airflow/example_dags/example_bash_operator.py for tasks to queue
[2025-01-13T23:53:17.544+0000] {logging_mixin.py:190} INFO - [2025-01-13T23:53:17.544+0000] {dagbag.py:588} INFO - Filling up the DagBag from /home/airflow/.local/lib/python3.12/site-packages/airflow/example_dags/example_bash_operator.py
[2025-01-13T23:53:17.553+0000] {processor.py:925} INFO - DAG(s) 'example_bash_operator' retrieved from /home/airflow/.local/lib/python3.12/site-packages/airflow/example_dags/example_bash_operator.py
[2025-01-13T23:53:17.576+0000] {logging_mixin.py:190} INFO - [2025-01-13T23:53:17.576+0000] {dag.py:3239} INFO - Sync 1 DAGs
[2025-01-13T23:53:17.596+0000] {logging_mixin.py:190} INFO - [2025-01-13T23:53:17.596+0000] {dag.py:4180} INFO - Setting next_dagrun for example_bash_operator to 2025-01-12 00:00:00+00:00, run_after=2025-01-13 00:00:00+00:00
[2025-01-13T23:53:17.625+0000] {processor.py:208} INFO - Processing /home/airflow/.local/lib/python3.12/site-packages/airflow/example_dags/example_bash_operator.py took 0.089 seconds
[2025-01-13T23:53:48.376+0000] {processor.py:186} INFO - Started process (PID=3598) to work on /home/airflow/.local/lib/python3.12/site-packages/airflow/example_dags/example_bash_operator.py
[2025-01-13T23:53:48.378+0000] {processor.py:914} INFO - Processing file /home/airflow/.local/lib/python3.12/site-packages/airflow/example_dags/example_bash_operator.py for tasks to queue
[2025-01-13T23:53:48.380+0000] {logging_mixin.py:190} INFO - [2025-01-13T23:53:48.380+0000] {dagbag.py:588} INFO - Filling up the DagBag from /home/airflow/.local/lib/python3.12/site-packages/airflow/example_dags/example_bash_operator.py
[2025-01-13T23:53:48.391+0000] {processor.py:925} INFO - DAG(s) 'example_bash_operator' retrieved from /home/airflow/.local/lib/python3.12/site-packages/airflow/example_dags/example_bash_operator.py
[2025-01-13T23:53:48.426+0000] {logging_mixin.py:190} INFO - [2025-01-13T23:53:48.425+0000] {dag.py:3239} INFO - Sync 1 DAGs
[2025-01-13T23:53:48.451+0000] {logging_mixin.py:190} INFO - [2025-01-13T23:53:48.450+0000] {dag.py:4180} INFO - Setting next_dagrun for example_bash_operator to 2025-01-12 00:00:00+00:00, run_after=2025-01-13 00:00:00+00:00
[2025-01-13T23:53:48.477+0000] {processor.py:208} INFO - Processing /home/airflow/.local/lib/python3.12/site-packages/airflow/example_dags/example_bash_operator.py took 0.105 seconds
[2025-01-13T23:54:18.895+0000] {processor.py:186} INFO - Started process (PID=3662) to work on /home/airflow/.local/lib/python3.12/site-packages/airflow/example_dags/example_bash_operator.py
[2025-01-13T23:54:18.896+0000] {processor.py:914} INFO - Processing file /home/airflow/.local/lib/python3.12/site-packages/airflow/example_dags/example_bash_operator.py for tasks to queue
[2025-01-13T23:54:18.899+0000] {logging_mixin.py:190} INFO - [2025-01-13T23:54:18.898+0000] {dagbag.py:588} INFO - Filling up the DagBag from /home/airflow/.local/lib/python3.12/site-packages/airflow/example_dags/example_bash_operator.py
[2025-01-13T23:54:18.911+0000] {processor.py:925} INFO - DAG(s) 'example_bash_operator' retrieved from /home/airflow/.local/lib/python3.12/site-packages/airflow/example_dags/example_bash_operator.py
[2025-01-13T23:54:18.941+0000] {logging_mixin.py:190} INFO - [2025-01-13T23:54:18.941+0000] {dag.py:3239} INFO - Sync 1 DAGs
[2025-01-13T23:54:18.971+0000] {logging_mixin.py:190} INFO - [2025-01-13T23:54:18.970+0000] {dag.py:4180} INFO - Setting next_dagrun for example_bash_operator to 2025-01-12 00:00:00+00:00, run_after=2025-01-13 00:00:00+00:00
[2025-01-13T23:54:18.999+0000] {processor.py:208} INFO - Processing /home/airflow/.local/lib/python3.12/site-packages/airflow/example_dags/example_bash_operator.py took 0.110 seconds
[2025-01-13T23:54:49.218+0000] {processor.py:186} INFO - Started process (PID=3725) to work on /home/airflow/.local/lib/python3.12/site-packages/airflow/example_dags/example_bash_operator.py
[2025-01-13T23:54:49.220+0000] {processor.py:914} INFO - Processing file /home/airflow/.local/lib/python3.12/site-packages/airflow/example_dags/example_bash_operator.py for tasks to queue
[2025-01-13T23:54:49.223+0000] {logging_mixin.py:190} INFO - [2025-01-13T23:54:49.222+0000] {dagbag.py:588} INFO - Filling up the DagBag from /home/airflow/.local/lib/python3.12/site-packages/airflow/example_dags/example_bash_operator.py
[2025-01-13T23:54:49.233+0000] {processor.py:925} INFO - DAG(s) 'example_bash_operator' retrieved from /home/airflow/.local/lib/python3.12/site-packages/airflow/example_dags/example_bash_operator.py
[2025-01-13T23:54:49.262+0000] {logging_mixin.py:190} INFO - [2025-01-13T23:54:49.261+0000] {dag.py:3239} INFO - Sync 1 DAGs
[2025-01-13T23:54:49.283+0000] {logging_mixin.py:190} INFO - [2025-01-13T23:54:49.283+0000] {dag.py:4180} INFO - Setting next_dagrun for example_bash_operator to 2025-01-12 00:00:00+00:00, run_after=2025-01-13 00:00:00+00:00
[2025-01-13T23:54:49.305+0000] {processor.py:208} INFO - Processing /home/airflow/.local/lib/python3.12/site-packages/airflow/example_dags/example_bash_operator.py took 0.095 seconds
[2025-01-13T23:55:19.755+0000] {processor.py:186} INFO - Started process (PID=3793) to work on /home/airflow/.local/lib/python3.12/site-packages/airflow/example_dags/example_bash_operator.py
[2025-01-13T23:55:19.756+0000] {processor.py:914} INFO - Processing file /home/airflow/.local/lib/python3.12/site-packages/airflow/example_dags/example_bash_operator.py for tasks to queue
[2025-01-13T23:55:19.759+0000] {logging_mixin.py:190} INFO - [2025-01-13T23:55:19.759+0000] {dagbag.py:588} INFO - Filling up the DagBag from /home/airflow/.local/lib/python3.12/site-packages/airflow/example_dags/example_bash_operator.py
[2025-01-13T23:55:19.771+0000] {processor.py:925} INFO - DAG(s) 'example_bash_operator' retrieved from /home/airflow/.local/lib/python3.12/site-packages/airflow/example_dags/example_bash_operator.py
[2025-01-13T23:55:19.797+0000] {logging_mixin.py:190} INFO - [2025-01-13T23:55:19.797+0000] {dag.py:3239} INFO - Sync 1 DAGs
[2025-01-13T23:55:19.818+0000] {logging_mixin.py:190} INFO - [2025-01-13T23:55:19.818+0000] {dag.py:4180} INFO - Setting next_dagrun for example_bash_operator to 2025-01-12 00:00:00+00:00, run_after=2025-01-13 00:00:00+00:00
[2025-01-13T23:55:19.836+0000] {processor.py:208} INFO - Processing /home/airflow/.local/lib/python3.12/site-packages/airflow/example_dags/example_bash_operator.py took 0.086 seconds
[2025-01-13T23:55:50.635+0000] {processor.py:186} INFO - Started process (PID=3857) to work on /home/airflow/.local/lib/python3.12/site-packages/airflow/example_dags/example_bash_operator.py
[2025-01-13T23:55:50.636+0000] {processor.py:914} INFO - Processing file /home/airflow/.local/lib/python3.12/site-packages/airflow/example_dags/example_bash_operator.py for tasks to queue
[2025-01-13T23:55:50.637+0000] {logging_mixin.py:190} INFO - [2025-01-13T23:55:50.637+0000] {dagbag.py:588} INFO - Filling up the DagBag from /home/airflow/.local/lib/python3.12/site-packages/airflow/example_dags/example_bash_operator.py
[2025-01-13T23:55:50.647+0000] {processor.py:925} INFO - DAG(s) 'example_bash_operator' retrieved from /home/airflow/.local/lib/python3.12/site-packages/airflow/example_dags/example_bash_operator.py
[2025-01-13T23:55:50.677+0000] {logging_mixin.py:190} INFO - [2025-01-13T23:55:50.677+0000] {dag.py:3239} INFO - Sync 1 DAGs
[2025-01-13T23:55:50.701+0000] {logging_mixin.py:190} INFO - [2025-01-13T23:55:50.701+0000] {dag.py:4180} INFO - Setting next_dagrun for example_bash_operator to 2025-01-12 00:00:00+00:00, run_after=2025-01-13 00:00:00+00:00
[2025-01-13T23:55:50.729+0000] {processor.py:208} INFO - Processing /home/airflow/.local/lib/python3.12/site-packages/airflow/example_dags/example_bash_operator.py took 0.099 seconds
[2025-01-13T23:56:21.314+0000] {processor.py:186} INFO - Started process (PID=3920) to work on /home/airflow/.local/lib/python3.12/site-packages/airflow/example_dags/example_bash_operator.py
[2025-01-13T23:56:21.315+0000] {processor.py:914} INFO - Processing file /home/airflow/.local/lib/python3.12/site-packages/airflow/example_dags/example_bash_operator.py for tasks to queue
[2025-01-13T23:56:21.318+0000] {logging_mixin.py:190} INFO - [2025-01-13T23:56:21.318+0000] {dagbag.py:588} INFO - Filling up the DagBag from /home/airflow/.local/lib/python3.12/site-packages/airflow/example_dags/example_bash_operator.py
[2025-01-13T23:56:21.332+0000] {processor.py:925} INFO - DAG(s) 'example_bash_operator' retrieved from /home/airflow/.local/lib/python3.12/site-packages/airflow/example_dags/example_bash_operator.py
[2025-01-13T23:56:21.366+0000] {logging_mixin.py:190} INFO - [2025-01-13T23:56:21.366+0000] {dag.py:3239} INFO - Sync 1 DAGs
[2025-01-13T23:56:21.391+0000] {logging_mixin.py:190} INFO - [2025-01-13T23:56:21.391+0000] {dag.py:4180} INFO - Setting next_dagrun for example_bash_operator to 2025-01-12 00:00:00+00:00, run_after=2025-01-13 00:00:00+00:00
[2025-01-13T23:56:21.416+0000] {processor.py:208} INFO - Processing /home/airflow/.local/lib/python3.12/site-packages/airflow/example_dags/example_bash_operator.py took 0.110 seconds
[2025-01-13T23:56:51.838+0000] {processor.py:186} INFO - Started process (PID=3984) to work on /home/airflow/.local/lib/python3.12/site-packages/airflow/example_dags/example_bash_operator.py
[2025-01-13T23:56:51.839+0000] {processor.py:914} INFO - Processing file /home/airflow/.local/lib/python3.12/site-packages/airflow/example_dags/example_bash_operator.py for tasks to queue
[2025-01-13T23:56:51.844+0000] {logging_mixin.py:190} INFO - [2025-01-13T23:56:51.843+0000] {dagbag.py:588} INFO - Filling up the DagBag from /home/airflow/.local/lib/python3.12/site-packages/airflow/example_dags/example_bash_operator.py
[2025-01-13T23:56:51.858+0000] {processor.py:925} INFO - DAG(s) 'example_bash_operator' retrieved from /home/airflow/.local/lib/python3.12/site-packages/airflow/example_dags/example_bash_operator.py
[2025-01-13T23:56:51.895+0000] {logging_mixin.py:190} INFO - [2025-01-13T23:56:51.894+0000] {dag.py:3239} INFO - Sync 1 DAGs
[2025-01-13T23:56:51.925+0000] {logging_mixin.py:190} INFO - [2025-01-13T23:56:51.925+0000] {dag.py:4180} INFO - Setting next_dagrun for example_bash_operator to 2025-01-12 00:00:00+00:00, run_after=2025-01-13 00:00:00+00:00
[2025-01-13T23:56:51.956+0000] {processor.py:208} INFO - Processing /home/airflow/.local/lib/python3.12/site-packages/airflow/example_dags/example_bash_operator.py took 0.125 seconds
[2025-01-13T23:57:22.172+0000] {processor.py:186} INFO - Started process (PID=4048) to work on /home/airflow/.local/lib/python3.12/site-packages/airflow/example_dags/example_bash_operator.py
[2025-01-13T23:57:22.174+0000] {processor.py:914} INFO - Processing file /home/airflow/.local/lib/python3.12/site-packages/airflow/example_dags/example_bash_operator.py for tasks to queue
[2025-01-13T23:57:22.177+0000] {logging_mixin.py:190} INFO - [2025-01-13T23:57:22.176+0000] {dagbag.py:588} INFO - Filling up the DagBag from /home/airflow/.local/lib/python3.12/site-packages/airflow/example_dags/example_bash_operator.py
[2025-01-13T23:57:22.193+0000] {processor.py:925} INFO - DAG(s) 'example_bash_operator' retrieved from /home/airflow/.local/lib/python3.12/site-packages/airflow/example_dags/example_bash_operator.py
[2025-01-13T23:57:22.226+0000] {logging_mixin.py:190} INFO - [2025-01-13T23:57:22.225+0000] {dag.py:3239} INFO - Sync 1 DAGs
[2025-01-13T23:57:22.257+0000] {logging_mixin.py:190} INFO - [2025-01-13T23:57:22.257+0000] {dag.py:4180} INFO - Setting next_dagrun for example_bash_operator to 2025-01-12 00:00:00+00:00, run_after=2025-01-13 00:00:00+00:00
[2025-01-13T23:57:22.284+0000] {processor.py:208} INFO - Processing /home/airflow/.local/lib/python3.12/site-packages/airflow/example_dags/example_bash_operator.py took 0.118 seconds
[2025-01-13T23:57:52.522+0000] {processor.py:186} INFO - Started process (PID=4104) to work on /home/airflow/.local/lib/python3.12/site-packages/airflow/example_dags/example_bash_operator.py
[2025-01-13T23:57:52.523+0000] {processor.py:914} INFO - Processing file /home/airflow/.local/lib/python3.12/site-packages/airflow/example_dags/example_bash_operator.py for tasks to queue
[2025-01-13T23:57:52.526+0000] {logging_mixin.py:190} INFO - [2025-01-13T23:57:52.526+0000] {dagbag.py:588} INFO - Filling up the DagBag from /home/airflow/.local/lib/python3.12/site-packages/airflow/example_dags/example_bash_operator.py
[2025-01-13T23:57:52.538+0000] {processor.py:925} INFO - DAG(s) 'example_bash_operator' retrieved from /home/airflow/.local/lib/python3.12/site-packages/airflow/example_dags/example_bash_operator.py
[2025-01-13T23:57:52.562+0000] {logging_mixin.py:190} INFO - [2025-01-13T23:57:52.562+0000] {dag.py:3239} INFO - Sync 1 DAGs
[2025-01-13T23:57:52.581+0000] {logging_mixin.py:190} INFO - [2025-01-13T23:57:52.580+0000] {dag.py:4180} INFO - Setting next_dagrun for example_bash_operator to 2025-01-12 00:00:00+00:00, run_after=2025-01-13 00:00:00+00:00
[2025-01-13T23:57:52.599+0000] {processor.py:208} INFO - Processing /home/airflow/.local/lib/python3.12/site-packages/airflow/example_dags/example_bash_operator.py took 0.083 seconds
[2025-01-13T23:58:23.343+0000] {processor.py:186} INFO - Started process (PID=4167) to work on /home/airflow/.local/lib/python3.12/site-packages/airflow/example_dags/example_bash_operator.py
[2025-01-13T23:58:23.344+0000] {processor.py:914} INFO - Processing file /home/airflow/.local/lib/python3.12/site-packages/airflow/example_dags/example_bash_operator.py for tasks to queue
[2025-01-13T23:58:23.349+0000] {logging_mixin.py:190} INFO - [2025-01-13T23:58:23.348+0000] {dagbag.py:588} INFO - Filling up the DagBag from /home/airflow/.local/lib/python3.12/site-packages/airflow/example_dags/example_bash_operator.py
[2025-01-13T23:58:23.359+0000] {processor.py:925} INFO - DAG(s) 'example_bash_operator' retrieved from /home/airflow/.local/lib/python3.12/site-packages/airflow/example_dags/example_bash_operator.py
[2025-01-13T23:58:23.381+0000] {logging_mixin.py:190} INFO - [2025-01-13T23:58:23.381+0000] {dag.py:3239} INFO - Sync 1 DAGs
[2025-01-13T23:58:23.398+0000] {logging_mixin.py:190} INFO - [2025-01-13T23:58:23.398+0000] {dag.py:4180} INFO - Setting next_dagrun for example_bash_operator to 2025-01-12 00:00:00+00:00, run_after=2025-01-13 00:00:00+00:00
[2025-01-13T23:58:23.416+0000] {processor.py:208} INFO - Processing /home/airflow/.local/lib/python3.12/site-packages/airflow/example_dags/example_bash_operator.py took 0.077 seconds
[2025-01-13T23:58:53.914+0000] {processor.py:186} INFO - Started process (PID=4231) to work on /home/airflow/.local/lib/python3.12/site-packages/airflow/example_dags/example_bash_operator.py
[2025-01-13T23:58:53.915+0000] {processor.py:914} INFO - Processing file /home/airflow/.local/lib/python3.12/site-packages/airflow/example_dags/example_bash_operator.py for tasks to queue
[2025-01-13T23:58:53.918+0000] {logging_mixin.py:190} INFO - [2025-01-13T23:58:53.917+0000] {dagbag.py:588} INFO - Filling up the DagBag from /home/airflow/.local/lib/python3.12/site-packages/airflow/example_dags/example_bash_operator.py
[2025-01-13T23:58:53.927+0000] {processor.py:925} INFO - DAG(s) 'example_bash_operator' retrieved from /home/airflow/.local/lib/python3.12/site-packages/airflow/example_dags/example_bash_operator.py
[2025-01-13T23:58:53.950+0000] {logging_mixin.py:190} INFO - [2025-01-13T23:58:53.949+0000] {dag.py:3239} INFO - Sync 1 DAGs
[2025-01-13T23:58:53.969+0000] {logging_mixin.py:190} INFO - [2025-01-13T23:58:53.969+0000] {dag.py:4180} INFO - Setting next_dagrun for example_bash_operator to 2025-01-12 00:00:00+00:00, run_after=2025-01-13 00:00:00+00:00
[2025-01-13T23:58:53.986+0000] {processor.py:208} INFO - Processing /home/airflow/.local/lib/python3.12/site-packages/airflow/example_dags/example_bash_operator.py took 0.076 seconds
[2025-01-13T23:59:24.584+0000] {processor.py:186} INFO - Started process (PID=4295) to work on /home/airflow/.local/lib/python3.12/site-packages/airflow/example_dags/example_bash_operator.py
[2025-01-13T23:59:24.586+0000] {processor.py:914} INFO - Processing file /home/airflow/.local/lib/python3.12/site-packages/airflow/example_dags/example_bash_operator.py for tasks to queue
[2025-01-13T23:59:24.589+0000] {logging_mixin.py:190} INFO - [2025-01-13T23:59:24.588+0000] {dagbag.py:588} INFO - Filling up the DagBag from /home/airflow/.local/lib/python3.12/site-packages/airflow/example_dags/example_bash_operator.py
[2025-01-13T23:59:24.604+0000] {processor.py:925} INFO - DAG(s) 'example_bash_operator' retrieved from /home/airflow/.local/lib/python3.12/site-packages/airflow/example_dags/example_bash_operator.py
[2025-01-13T23:59:24.634+0000] {logging_mixin.py:190} INFO - [2025-01-13T23:59:24.634+0000] {dag.py:3239} INFO - Sync 1 DAGs
[2025-01-13T23:59:24.663+0000] {logging_mixin.py:190} INFO - [2025-01-13T23:59:24.663+0000] {dag.py:4180} INFO - Setting next_dagrun for example_bash_operator to 2025-01-12 00:00:00+00:00, run_after=2025-01-13 00:00:00+00:00
[2025-01-13T23:59:24.687+0000] {processor.py:208} INFO - Processing /home/airflow/.local/lib/python3.12/site-packages/airflow/example_dags/example_bash_operator.py took 0.108 seconds
[2025-01-13T23:59:54.762+0000] {processor.py:186} INFO - Started process (PID=4359) to work on /home/airflow/.local/lib/python3.12/site-packages/airflow/example_dags/example_bash_operator.py
[2025-01-13T23:59:54.763+0000] {processor.py:914} INFO - Processing file /home/airflow/.local/lib/python3.12/site-packages/airflow/example_dags/example_bash_operator.py for tasks to queue
[2025-01-13T23:59:54.766+0000] {logging_mixin.py:190} INFO - [2025-01-13T23:59:54.765+0000] {dagbag.py:588} INFO - Filling up the DagBag from /home/airflow/.local/lib/python3.12/site-packages/airflow/example_dags/example_bash_operator.py
[2025-01-13T23:59:54.776+0000] {processor.py:925} INFO - DAG(s) 'example_bash_operator' retrieved from /home/airflow/.local/lib/python3.12/site-packages/airflow/example_dags/example_bash_operator.py
[2025-01-13T23:59:54.796+0000] {logging_mixin.py:190} INFO - [2025-01-13T23:59:54.795+0000] {dag.py:3239} INFO - Sync 1 DAGs
[2025-01-13T23:59:54.815+0000] {logging_mixin.py:190} INFO - [2025-01-13T23:59:54.815+0000] {dag.py:4180} INFO - Setting next_dagrun for example_bash_operator to 2025-01-12 00:00:00+00:00, run_after=2025-01-13 00:00:00+00:00
[2025-01-13T23:59:54.834+0000] {processor.py:208} INFO - Processing /home/airflow/.local/lib/python3.12/site-packages/airflow/example_dags/example_bash_operator.py took 0.077 seconds
