[2025-01-13T23:25:46.371+0000] {processor.py:186} INFO - Started process (PID=93) to work on /home/airflow/.local/lib/python3.12/site-packages/airflow/example_dags/example_complex.py
[2025-01-13T23:25:46.379+0000] {processor.py:914} INFO - Processing file /home/airflow/.local/lib/python3.12/site-packages/airflow/example_dags/example_complex.py for tasks to queue
[2025-01-13T23:25:46.385+0000] {logging_mixin.py:190} INFO - [2025-01-13T23:25:46.385+0000] {dagbag.py:588} INFO - Filling up the DagBag from /home/airflow/.local/lib/python3.12/site-packages/airflow/example_dags/example_complex.py
[2025-01-13T23:25:46.400+0000] {processor.py:925} INFO - DAG(s) 'example_complex' retrieved from /home/airflow/.local/lib/python3.12/site-packages/airflow/example_dags/example_complex.py
[2025-01-13T23:25:46.466+0000] {logging_mixin.py:190} INFO - [2025-01-13T23:25:46.466+0000] {dag.py:3239} INFO - Sync 1 DAGs
[2025-01-13T23:25:46.492+0000] {logging_mixin.py:190} INFO - [2025-01-13T23:25:46.492+0000] {dag.py:4180} INFO - Setting next_dagrun for example_complex to None, run_after=None
[2025-01-13T23:25:46.517+0000] {processor.py:208} INFO - Processing /home/airflow/.local/lib/python3.12/site-packages/airflow/example_dags/example_complex.py took 0.158 seconds
[2025-01-13T23:26:16.799+0000] {processor.py:186} INFO - Started process (PID=157) to work on /home/airflow/.local/lib/python3.12/site-packages/airflow/example_dags/example_complex.py
[2025-01-13T23:26:16.800+0000] {processor.py:914} INFO - Processing file /home/airflow/.local/lib/python3.12/site-packages/airflow/example_dags/example_complex.py for tasks to queue
[2025-01-13T23:26:16.802+0000] {logging_mixin.py:190} INFO - [2025-01-13T23:26:16.802+0000] {dagbag.py:588} INFO - Filling up the DagBag from /home/airflow/.local/lib/python3.12/site-packages/airflow/example_dags/example_complex.py
[2025-01-13T23:26:16.810+0000] {processor.py:925} INFO - DAG(s) 'example_complex' retrieved from /home/airflow/.local/lib/python3.12/site-packages/airflow/example_dags/example_complex.py
[2025-01-13T23:26:16.834+0000] {logging_mixin.py:190} INFO - [2025-01-13T23:26:16.834+0000] {dag.py:3239} INFO - Sync 1 DAGs
[2025-01-13T23:26:16.845+0000] {logging_mixin.py:190} INFO - [2025-01-13T23:26:16.845+0000] {dag.py:4180} INFO - Setting next_dagrun for example_complex to None, run_after=None
[2025-01-13T23:26:16.861+0000] {processor.py:208} INFO - Processing /home/airflow/.local/lib/python3.12/site-packages/airflow/example_dags/example_complex.py took 0.066 seconds
[2025-01-13T23:26:47.184+0000] {processor.py:186} INFO - Started process (PID=228) to work on /home/airflow/.local/lib/python3.12/site-packages/airflow/example_dags/example_complex.py
[2025-01-13T23:26:47.185+0000] {processor.py:914} INFO - Processing file /home/airflow/.local/lib/python3.12/site-packages/airflow/example_dags/example_complex.py for tasks to queue
[2025-01-13T23:26:47.186+0000] {logging_mixin.py:190} INFO - [2025-01-13T23:26:47.186+0000] {dagbag.py:588} INFO - Filling up the DagBag from /home/airflow/.local/lib/python3.12/site-packages/airflow/example_dags/example_complex.py
[2025-01-13T23:26:47.196+0000] {processor.py:925} INFO - DAG(s) 'example_complex' retrieved from /home/airflow/.local/lib/python3.12/site-packages/airflow/example_dags/example_complex.py
[2025-01-13T23:26:47.215+0000] {logging_mixin.py:190} INFO - [2025-01-13T23:26:47.215+0000] {dag.py:3239} INFO - Sync 1 DAGs
[2025-01-13T23:26:47.225+0000] {logging_mixin.py:190} INFO - [2025-01-13T23:26:47.225+0000] {dag.py:4180} INFO - Setting next_dagrun for example_complex to None, run_after=None
[2025-01-13T23:26:47.241+0000] {processor.py:208} INFO - Processing /home/airflow/.local/lib/python3.12/site-packages/airflow/example_dags/example_complex.py took 0.062 seconds
[2025-01-13T23:27:18.124+0000] {processor.py:186} INFO - Started process (PID=291) to work on /home/airflow/.local/lib/python3.12/site-packages/airflow/example_dags/example_complex.py
[2025-01-13T23:27:18.125+0000] {processor.py:914} INFO - Processing file /home/airflow/.local/lib/python3.12/site-packages/airflow/example_dags/example_complex.py for tasks to queue
[2025-01-13T23:27:18.127+0000] {logging_mixin.py:190} INFO - [2025-01-13T23:27:18.127+0000] {dagbag.py:588} INFO - Filling up the DagBag from /home/airflow/.local/lib/python3.12/site-packages/airflow/example_dags/example_complex.py
[2025-01-13T23:27:18.135+0000] {processor.py:925} INFO - DAG(s) 'example_complex' retrieved from /home/airflow/.local/lib/python3.12/site-packages/airflow/example_dags/example_complex.py
[2025-01-13T23:27:18.157+0000] {logging_mixin.py:190} INFO - [2025-01-13T23:27:18.156+0000] {dag.py:3239} INFO - Sync 1 DAGs
[2025-01-13T23:27:18.166+0000] {logging_mixin.py:190} INFO - [2025-01-13T23:27:18.166+0000] {dag.py:4180} INFO - Setting next_dagrun for example_complex to None, run_after=None
[2025-01-13T23:27:18.180+0000] {processor.py:208} INFO - Processing /home/airflow/.local/lib/python3.12/site-packages/airflow/example_dags/example_complex.py took 0.061 seconds
[2025-01-13T23:27:49.200+0000] {processor.py:186} INFO - Started process (PID=355) to work on /home/airflow/.local/lib/python3.12/site-packages/airflow/example_dags/example_complex.py
[2025-01-13T23:27:49.201+0000] {processor.py:914} INFO - Processing file /home/airflow/.local/lib/python3.12/site-packages/airflow/example_dags/example_complex.py for tasks to queue
[2025-01-13T23:27:49.203+0000] {logging_mixin.py:190} INFO - [2025-01-13T23:27:49.203+0000] {dagbag.py:588} INFO - Filling up the DagBag from /home/airflow/.local/lib/python3.12/site-packages/airflow/example_dags/example_complex.py
[2025-01-13T23:27:49.213+0000] {processor.py:925} INFO - DAG(s) 'example_complex' retrieved from /home/airflow/.local/lib/python3.12/site-packages/airflow/example_dags/example_complex.py
[2025-01-13T23:27:49.237+0000] {logging_mixin.py:190} INFO - [2025-01-13T23:27:49.237+0000] {dag.py:3239} INFO - Sync 1 DAGs
[2025-01-13T23:27:49.247+0000] {logging_mixin.py:190} INFO - [2025-01-13T23:27:49.247+0000] {dag.py:4180} INFO - Setting next_dagrun for example_complex to None, run_after=None
[2025-01-13T23:27:49.263+0000] {processor.py:208} INFO - Processing /home/airflow/.local/lib/python3.12/site-packages/airflow/example_dags/example_complex.py took 0.068 seconds
[2025-01-13T23:28:20.443+0000] {processor.py:186} INFO - Started process (PID=418) to work on /home/airflow/.local/lib/python3.12/site-packages/airflow/example_dags/example_complex.py
[2025-01-13T23:28:20.444+0000] {processor.py:914} INFO - Processing file /home/airflow/.local/lib/python3.12/site-packages/airflow/example_dags/example_complex.py for tasks to queue
[2025-01-13T23:28:20.446+0000] {logging_mixin.py:190} INFO - [2025-01-13T23:28:20.445+0000] {dagbag.py:588} INFO - Filling up the DagBag from /home/airflow/.local/lib/python3.12/site-packages/airflow/example_dags/example_complex.py
[2025-01-13T23:28:20.454+0000] {processor.py:925} INFO - DAG(s) 'example_complex' retrieved from /home/airflow/.local/lib/python3.12/site-packages/airflow/example_dags/example_complex.py
[2025-01-13T23:28:20.479+0000] {logging_mixin.py:190} INFO - [2025-01-13T23:28:20.478+0000] {dag.py:3239} INFO - Sync 1 DAGs
[2025-01-13T23:28:20.489+0000] {logging_mixin.py:190} INFO - [2025-01-13T23:28:20.489+0000] {dag.py:4180} INFO - Setting next_dagrun for example_complex to None, run_after=None
[2025-01-13T23:28:20.509+0000] {processor.py:208} INFO - Processing /home/airflow/.local/lib/python3.12/site-packages/airflow/example_dags/example_complex.py took 0.072 seconds
[2025-01-13T23:28:51.287+0000] {processor.py:186} INFO - Started process (PID=482) to work on /home/airflow/.local/lib/python3.12/site-packages/airflow/example_dags/example_complex.py
[2025-01-13T23:28:51.288+0000] {processor.py:914} INFO - Processing file /home/airflow/.local/lib/python3.12/site-packages/airflow/example_dags/example_complex.py for tasks to queue
[2025-01-13T23:28:51.291+0000] {logging_mixin.py:190} INFO - [2025-01-13T23:28:51.290+0000] {dagbag.py:588} INFO - Filling up the DagBag from /home/airflow/.local/lib/python3.12/site-packages/airflow/example_dags/example_complex.py
[2025-01-13T23:28:51.298+0000] {processor.py:925} INFO - DAG(s) 'example_complex' retrieved from /home/airflow/.local/lib/python3.12/site-packages/airflow/example_dags/example_complex.py
[2025-01-13T23:28:51.323+0000] {logging_mixin.py:190} INFO - [2025-01-13T23:28:51.323+0000] {dag.py:3239} INFO - Sync 1 DAGs
[2025-01-13T23:28:51.335+0000] {logging_mixin.py:190} INFO - [2025-01-13T23:28:51.335+0000] {dag.py:4180} INFO - Setting next_dagrun for example_complex to None, run_after=None
[2025-01-13T23:28:51.353+0000] {processor.py:208} INFO - Processing /home/airflow/.local/lib/python3.12/site-packages/airflow/example_dags/example_complex.py took 0.070 seconds
[2025-01-13T23:29:22.169+0000] {processor.py:186} INFO - Started process (PID=545) to work on /home/airflow/.local/lib/python3.12/site-packages/airflow/example_dags/example_complex.py
[2025-01-13T23:29:22.171+0000] {processor.py:914} INFO - Processing file /home/airflow/.local/lib/python3.12/site-packages/airflow/example_dags/example_complex.py for tasks to queue
[2025-01-13T23:29:22.173+0000] {logging_mixin.py:190} INFO - [2025-01-13T23:29:22.173+0000] {dagbag.py:588} INFO - Filling up the DagBag from /home/airflow/.local/lib/python3.12/site-packages/airflow/example_dags/example_complex.py
[2025-01-13T23:29:22.182+0000] {processor.py:925} INFO - DAG(s) 'example_complex' retrieved from /home/airflow/.local/lib/python3.12/site-packages/airflow/example_dags/example_complex.py
[2025-01-13T23:29:22.209+0000] {logging_mixin.py:190} INFO - [2025-01-13T23:29:22.208+0000] {dag.py:3239} INFO - Sync 1 DAGs
[2025-01-13T23:29:22.218+0000] {logging_mixin.py:190} INFO - [2025-01-13T23:29:22.218+0000] {dag.py:4180} INFO - Setting next_dagrun for example_complex to None, run_after=None
[2025-01-13T23:29:22.234+0000] {processor.py:208} INFO - Processing /home/airflow/.local/lib/python3.12/site-packages/airflow/example_dags/example_complex.py took 0.069 seconds
[2025-01-13T23:29:53.116+0000] {processor.py:186} INFO - Started process (PID=609) to work on /home/airflow/.local/lib/python3.12/site-packages/airflow/example_dags/example_complex.py
[2025-01-13T23:29:53.118+0000] {processor.py:914} INFO - Processing file /home/airflow/.local/lib/python3.12/site-packages/airflow/example_dags/example_complex.py for tasks to queue
[2025-01-13T23:29:53.120+0000] {logging_mixin.py:190} INFO - [2025-01-13T23:29:53.120+0000] {dagbag.py:588} INFO - Filling up the DagBag from /home/airflow/.local/lib/python3.12/site-packages/airflow/example_dags/example_complex.py
[2025-01-13T23:29:53.128+0000] {processor.py:925} INFO - DAG(s) 'example_complex' retrieved from /home/airflow/.local/lib/python3.12/site-packages/airflow/example_dags/example_complex.py
[2025-01-13T23:29:53.152+0000] {logging_mixin.py:190} INFO - [2025-01-13T23:29:53.151+0000] {dag.py:3239} INFO - Sync 1 DAGs
[2025-01-13T23:29:53.162+0000] {logging_mixin.py:190} INFO - [2025-01-13T23:29:53.162+0000] {dag.py:4180} INFO - Setting next_dagrun for example_complex to None, run_after=None
[2025-01-13T23:29:53.178+0000] {processor.py:208} INFO - Processing /home/airflow/.local/lib/python3.12/site-packages/airflow/example_dags/example_complex.py took 0.066 seconds
[2025-01-13T23:30:23.342+0000] {processor.py:186} INFO - Started process (PID=672) to work on /home/airflow/.local/lib/python3.12/site-packages/airflow/example_dags/example_complex.py
[2025-01-13T23:30:23.344+0000] {processor.py:914} INFO - Processing file /home/airflow/.local/lib/python3.12/site-packages/airflow/example_dags/example_complex.py for tasks to queue
[2025-01-13T23:30:23.348+0000] {logging_mixin.py:190} INFO - [2025-01-13T23:30:23.348+0000] {dagbag.py:588} INFO - Filling up the DagBag from /home/airflow/.local/lib/python3.12/site-packages/airflow/example_dags/example_complex.py
[2025-01-13T23:30:23.356+0000] {processor.py:925} INFO - DAG(s) 'example_complex' retrieved from /home/airflow/.local/lib/python3.12/site-packages/airflow/example_dags/example_complex.py
[2025-01-13T23:30:23.380+0000] {logging_mixin.py:190} INFO - [2025-01-13T23:30:23.380+0000] {dag.py:3239} INFO - Sync 1 DAGs
[2025-01-13T23:30:23.391+0000] {logging_mixin.py:190} INFO - [2025-01-13T23:30:23.391+0000] {dag.py:4180} INFO - Setting next_dagrun for example_complex to None, run_after=None
[2025-01-13T23:30:23.407+0000] {processor.py:208} INFO - Processing /home/airflow/.local/lib/python3.12/site-packages/airflow/example_dags/example_complex.py took 0.070 seconds
[2025-01-13T23:30:53.548+0000] {processor.py:186} INFO - Started process (PID=736) to work on /home/airflow/.local/lib/python3.12/site-packages/airflow/example_dags/example_complex.py
[2025-01-13T23:30:53.549+0000] {processor.py:914} INFO - Processing file /home/airflow/.local/lib/python3.12/site-packages/airflow/example_dags/example_complex.py for tasks to queue
[2025-01-13T23:30:53.552+0000] {logging_mixin.py:190} INFO - [2025-01-13T23:30:53.551+0000] {dagbag.py:588} INFO - Filling up the DagBag from /home/airflow/.local/lib/python3.12/site-packages/airflow/example_dags/example_complex.py
[2025-01-13T23:30:53.560+0000] {processor.py:925} INFO - DAG(s) 'example_complex' retrieved from /home/airflow/.local/lib/python3.12/site-packages/airflow/example_dags/example_complex.py
[2025-01-13T23:30:53.584+0000] {logging_mixin.py:190} INFO - [2025-01-13T23:30:53.584+0000] {dag.py:3239} INFO - Sync 1 DAGs
[2025-01-13T23:30:53.596+0000] {logging_mixin.py:190} INFO - [2025-01-13T23:30:53.595+0000] {dag.py:4180} INFO - Setting next_dagrun for example_complex to None, run_after=None
[2025-01-13T23:30:53.611+0000] {processor.py:208} INFO - Processing /home/airflow/.local/lib/python3.12/site-packages/airflow/example_dags/example_complex.py took 0.067 seconds
[2025-01-13T23:31:24.424+0000] {processor.py:186} INFO - Started process (PID=800) to work on /home/airflow/.local/lib/python3.12/site-packages/airflow/example_dags/example_complex.py
[2025-01-13T23:31:24.425+0000] {processor.py:914} INFO - Processing file /home/airflow/.local/lib/python3.12/site-packages/airflow/example_dags/example_complex.py for tasks to queue
[2025-01-13T23:31:24.427+0000] {logging_mixin.py:190} INFO - [2025-01-13T23:31:24.427+0000] {dagbag.py:588} INFO - Filling up the DagBag from /home/airflow/.local/lib/python3.12/site-packages/airflow/example_dags/example_complex.py
[2025-01-13T23:31:24.435+0000] {processor.py:925} INFO - DAG(s) 'example_complex' retrieved from /home/airflow/.local/lib/python3.12/site-packages/airflow/example_dags/example_complex.py
[2025-01-13T23:31:24.457+0000] {logging_mixin.py:190} INFO - [2025-01-13T23:31:24.457+0000] {dag.py:3239} INFO - Sync 1 DAGs
[2025-01-13T23:31:24.470+0000] {logging_mixin.py:190} INFO - [2025-01-13T23:31:24.469+0000] {dag.py:4180} INFO - Setting next_dagrun for example_complex to None, run_after=None
[2025-01-13T23:31:24.490+0000] {processor.py:208} INFO - Processing /home/airflow/.local/lib/python3.12/site-packages/airflow/example_dags/example_complex.py took 0.069 seconds
[2025-01-13T23:31:55.069+0000] {processor.py:186} INFO - Started process (PID=863) to work on /home/airflow/.local/lib/python3.12/site-packages/airflow/example_dags/example_complex.py
[2025-01-13T23:31:55.070+0000] {processor.py:914} INFO - Processing file /home/airflow/.local/lib/python3.12/site-packages/airflow/example_dags/example_complex.py for tasks to queue
[2025-01-13T23:31:55.073+0000] {logging_mixin.py:190} INFO - [2025-01-13T23:31:55.072+0000] {dagbag.py:588} INFO - Filling up the DagBag from /home/airflow/.local/lib/python3.12/site-packages/airflow/example_dags/example_complex.py
[2025-01-13T23:31:55.083+0000] {processor.py:925} INFO - DAG(s) 'example_complex' retrieved from /home/airflow/.local/lib/python3.12/site-packages/airflow/example_dags/example_complex.py
[2025-01-13T23:31:55.107+0000] {logging_mixin.py:190} INFO - [2025-01-13T23:31:55.106+0000] {dag.py:3239} INFO - Sync 1 DAGs
[2025-01-13T23:31:55.116+0000] {logging_mixin.py:190} INFO - [2025-01-13T23:31:55.116+0000] {dag.py:4180} INFO - Setting next_dagrun for example_complex to None, run_after=None
[2025-01-13T23:31:55.139+0000] {processor.py:208} INFO - Processing /home/airflow/.local/lib/python3.12/site-packages/airflow/example_dags/example_complex.py took 0.074 seconds
[2025-01-13T23:32:25.241+0000] {processor.py:186} INFO - Started process (PID=926) to work on /home/airflow/.local/lib/python3.12/site-packages/airflow/example_dags/example_complex.py
[2025-01-13T23:32:25.242+0000] {processor.py:914} INFO - Processing file /home/airflow/.local/lib/python3.12/site-packages/airflow/example_dags/example_complex.py for tasks to queue
[2025-01-13T23:32:25.246+0000] {logging_mixin.py:190} INFO - [2025-01-13T23:32:25.245+0000] {dagbag.py:588} INFO - Filling up the DagBag from /home/airflow/.local/lib/python3.12/site-packages/airflow/example_dags/example_complex.py
[2025-01-13T23:32:25.256+0000] {processor.py:925} INFO - DAG(s) 'example_complex' retrieved from /home/airflow/.local/lib/python3.12/site-packages/airflow/example_dags/example_complex.py
[2025-01-13T23:32:25.281+0000] {logging_mixin.py:190} INFO - [2025-01-13T23:32:25.281+0000] {dag.py:3239} INFO - Sync 1 DAGs
[2025-01-13T23:32:25.294+0000] {logging_mixin.py:190} INFO - [2025-01-13T23:32:25.293+0000] {dag.py:4180} INFO - Setting next_dagrun for example_complex to None, run_after=None
[2025-01-13T23:32:25.319+0000] {processor.py:208} INFO - Processing /home/airflow/.local/lib/python3.12/site-packages/airflow/example_dags/example_complex.py took 0.084 seconds
[2025-01-13T23:32:55.455+0000] {processor.py:186} INFO - Started process (PID=990) to work on /home/airflow/.local/lib/python3.12/site-packages/airflow/example_dags/example_complex.py
[2025-01-13T23:32:55.457+0000] {processor.py:914} INFO - Processing file /home/airflow/.local/lib/python3.12/site-packages/airflow/example_dags/example_complex.py for tasks to queue
[2025-01-13T23:32:55.460+0000] {logging_mixin.py:190} INFO - [2025-01-13T23:32:55.459+0000] {dagbag.py:588} INFO - Filling up the DagBag from /home/airflow/.local/lib/python3.12/site-packages/airflow/example_dags/example_complex.py
[2025-01-13T23:32:55.469+0000] {processor.py:925} INFO - DAG(s) 'example_complex' retrieved from /home/airflow/.local/lib/python3.12/site-packages/airflow/example_dags/example_complex.py
[2025-01-13T23:32:55.496+0000] {logging_mixin.py:190} INFO - [2025-01-13T23:32:55.496+0000] {dag.py:3239} INFO - Sync 1 DAGs
[2025-01-13T23:32:55.507+0000] {logging_mixin.py:190} INFO - [2025-01-13T23:32:55.507+0000] {dag.py:4180} INFO - Setting next_dagrun for example_complex to None, run_after=None
[2025-01-13T23:32:55.527+0000] {processor.py:208} INFO - Processing /home/airflow/.local/lib/python3.12/site-packages/airflow/example_dags/example_complex.py took 0.076 seconds
[2025-01-13T23:33:25.748+0000] {processor.py:186} INFO - Started process (PID=1054) to work on /home/airflow/.local/lib/python3.12/site-packages/airflow/example_dags/example_complex.py
[2025-01-13T23:33:25.750+0000] {processor.py:914} INFO - Processing file /home/airflow/.local/lib/python3.12/site-packages/airflow/example_dags/example_complex.py for tasks to queue
[2025-01-13T23:33:25.753+0000] {logging_mixin.py:190} INFO - [2025-01-13T23:33:25.753+0000] {dagbag.py:588} INFO - Filling up the DagBag from /home/airflow/.local/lib/python3.12/site-packages/airflow/example_dags/example_complex.py
[2025-01-13T23:33:25.765+0000] {processor.py:925} INFO - DAG(s) 'example_complex' retrieved from /home/airflow/.local/lib/python3.12/site-packages/airflow/example_dags/example_complex.py
[2025-01-13T23:33:25.790+0000] {logging_mixin.py:190} INFO - [2025-01-13T23:33:25.790+0000] {dag.py:3239} INFO - Sync 1 DAGs
[2025-01-13T23:33:25.801+0000] {logging_mixin.py:190} INFO - [2025-01-13T23:33:25.800+0000] {dag.py:4180} INFO - Setting next_dagrun for example_complex to None, run_after=None
[2025-01-13T23:33:25.821+0000] {processor.py:208} INFO - Processing /home/airflow/.local/lib/python3.12/site-packages/airflow/example_dags/example_complex.py took 0.078 seconds
[2025-01-13T23:33:56.064+0000] {processor.py:186} INFO - Started process (PID=1118) to work on /home/airflow/.local/lib/python3.12/site-packages/airflow/example_dags/example_complex.py
[2025-01-13T23:33:56.066+0000] {processor.py:914} INFO - Processing file /home/airflow/.local/lib/python3.12/site-packages/airflow/example_dags/example_complex.py for tasks to queue
[2025-01-13T23:33:56.070+0000] {logging_mixin.py:190} INFO - [2025-01-13T23:33:56.070+0000] {dagbag.py:588} INFO - Filling up the DagBag from /home/airflow/.local/lib/python3.12/site-packages/airflow/example_dags/example_complex.py
[2025-01-13T23:33:56.079+0000] {processor.py:925} INFO - DAG(s) 'example_complex' retrieved from /home/airflow/.local/lib/python3.12/site-packages/airflow/example_dags/example_complex.py
[2025-01-13T23:33:56.124+0000] {logging_mixin.py:190} INFO - [2025-01-13T23:33:56.124+0000] {dag.py:3239} INFO - Sync 1 DAGs
[2025-01-13T23:33:56.138+0000] {logging_mixin.py:190} INFO - [2025-01-13T23:33:56.138+0000] {dag.py:4180} INFO - Setting next_dagrun for example_complex to None, run_after=None
[2025-01-13T23:33:56.156+0000] {processor.py:208} INFO - Processing /home/airflow/.local/lib/python3.12/site-packages/airflow/example_dags/example_complex.py took 0.100 seconds
[2025-01-13T23:34:27.102+0000] {processor.py:186} INFO - Started process (PID=1182) to work on /home/airflow/.local/lib/python3.12/site-packages/airflow/example_dags/example_complex.py
[2025-01-13T23:34:27.104+0000] {processor.py:914} INFO - Processing file /home/airflow/.local/lib/python3.12/site-packages/airflow/example_dags/example_complex.py for tasks to queue
[2025-01-13T23:34:27.108+0000] {logging_mixin.py:190} INFO - [2025-01-13T23:34:27.107+0000] {dagbag.py:588} INFO - Filling up the DagBag from /home/airflow/.local/lib/python3.12/site-packages/airflow/example_dags/example_complex.py
[2025-01-13T23:34:27.128+0000] {processor.py:925} INFO - DAG(s) 'example_complex' retrieved from /home/airflow/.local/lib/python3.12/site-packages/airflow/example_dags/example_complex.py
[2025-01-13T23:34:27.164+0000] {logging_mixin.py:190} INFO - [2025-01-13T23:34:27.164+0000] {dag.py:3239} INFO - Sync 1 DAGs
[2025-01-13T23:34:27.175+0000] {logging_mixin.py:190} INFO - [2025-01-13T23:34:27.175+0000] {dag.py:4180} INFO - Setting next_dagrun for example_complex to None, run_after=None
[2025-01-13T23:34:27.194+0000] {processor.py:208} INFO - Processing /home/airflow/.local/lib/python3.12/site-packages/airflow/example_dags/example_complex.py took 0.108 seconds
[2025-01-13T23:34:57.478+0000] {processor.py:186} INFO - Started process (PID=1246) to work on /home/airflow/.local/lib/python3.12/site-packages/airflow/example_dags/example_complex.py
[2025-01-13T23:34:57.479+0000] {processor.py:914} INFO - Processing file /home/airflow/.local/lib/python3.12/site-packages/airflow/example_dags/example_complex.py for tasks to queue
[2025-01-13T23:34:57.481+0000] {logging_mixin.py:190} INFO - [2025-01-13T23:34:57.481+0000] {dagbag.py:588} INFO - Filling up the DagBag from /home/airflow/.local/lib/python3.12/site-packages/airflow/example_dags/example_complex.py
[2025-01-13T23:34:57.490+0000] {processor.py:925} INFO - DAG(s) 'example_complex' retrieved from /home/airflow/.local/lib/python3.12/site-packages/airflow/example_dags/example_complex.py
[2025-01-13T23:34:57.515+0000] {logging_mixin.py:190} INFO - [2025-01-13T23:34:57.514+0000] {dag.py:3239} INFO - Sync 1 DAGs
[2025-01-13T23:34:57.526+0000] {logging_mixin.py:190} INFO - [2025-01-13T23:34:57.525+0000] {dag.py:4180} INFO - Setting next_dagrun for example_complex to None, run_after=None
[2025-01-13T23:34:57.549+0000] {processor.py:208} INFO - Processing /home/airflow/.local/lib/python3.12/site-packages/airflow/example_dags/example_complex.py took 0.076 seconds
[2025-01-13T23:35:27.810+0000] {processor.py:186} INFO - Started process (PID=1310) to work on /home/airflow/.local/lib/python3.12/site-packages/airflow/example_dags/example_complex.py
[2025-01-13T23:35:27.811+0000] {processor.py:914} INFO - Processing file /home/airflow/.local/lib/python3.12/site-packages/airflow/example_dags/example_complex.py for tasks to queue
[2025-01-13T23:35:27.814+0000] {logging_mixin.py:190} INFO - [2025-01-13T23:35:27.814+0000] {dagbag.py:588} INFO - Filling up the DagBag from /home/airflow/.local/lib/python3.12/site-packages/airflow/example_dags/example_complex.py
[2025-01-13T23:35:27.830+0000] {processor.py:925} INFO - DAG(s) 'example_complex' retrieved from /home/airflow/.local/lib/python3.12/site-packages/airflow/example_dags/example_complex.py
[2025-01-13T23:35:27.859+0000] {logging_mixin.py:190} INFO - [2025-01-13T23:35:27.859+0000] {dag.py:3239} INFO - Sync 1 DAGs
[2025-01-13T23:35:27.874+0000] {logging_mixin.py:190} INFO - [2025-01-13T23:35:27.874+0000] {dag.py:4180} INFO - Setting next_dagrun for example_complex to None, run_after=None
[2025-01-13T23:35:27.899+0000] {processor.py:208} INFO - Processing /home/airflow/.local/lib/python3.12/site-packages/airflow/example_dags/example_complex.py took 0.093 seconds
[2025-01-13T23:35:58.528+0000] {processor.py:186} INFO - Started process (PID=1374) to work on /home/airflow/.local/lib/python3.12/site-packages/airflow/example_dags/example_complex.py
[2025-01-13T23:35:58.530+0000] {processor.py:914} INFO - Processing file /home/airflow/.local/lib/python3.12/site-packages/airflow/example_dags/example_complex.py for tasks to queue
[2025-01-13T23:35:58.533+0000] {logging_mixin.py:190} INFO - [2025-01-13T23:35:58.533+0000] {dagbag.py:588} INFO - Filling up the DagBag from /home/airflow/.local/lib/python3.12/site-packages/airflow/example_dags/example_complex.py
[2025-01-13T23:35:58.549+0000] {processor.py:925} INFO - DAG(s) 'example_complex' retrieved from /home/airflow/.local/lib/python3.12/site-packages/airflow/example_dags/example_complex.py
[2025-01-13T23:35:58.597+0000] {logging_mixin.py:190} INFO - [2025-01-13T23:35:58.597+0000] {dag.py:3239} INFO - Sync 1 DAGs
[2025-01-13T23:35:58.647+0000] {logging_mixin.py:190} INFO - [2025-01-13T23:35:58.647+0000] {dag.py:4180} INFO - Setting next_dagrun for example_complex to None, run_after=None
[2025-01-13T23:35:58.682+0000] {processor.py:208} INFO - Processing /home/airflow/.local/lib/python3.12/site-packages/airflow/example_dags/example_complex.py took 0.160 seconds
[2025-01-13T23:36:28.802+0000] {processor.py:186} INFO - Started process (PID=1438) to work on /home/airflow/.local/lib/python3.12/site-packages/airflow/example_dags/example_complex.py
[2025-01-13T23:36:28.803+0000] {processor.py:914} INFO - Processing file /home/airflow/.local/lib/python3.12/site-packages/airflow/example_dags/example_complex.py for tasks to queue
[2025-01-13T23:36:28.805+0000] {logging_mixin.py:190} INFO - [2025-01-13T23:36:28.805+0000] {dagbag.py:588} INFO - Filling up the DagBag from /home/airflow/.local/lib/python3.12/site-packages/airflow/example_dags/example_complex.py
[2025-01-13T23:36:28.813+0000] {processor.py:925} INFO - DAG(s) 'example_complex' retrieved from /home/airflow/.local/lib/python3.12/site-packages/airflow/example_dags/example_complex.py
[2025-01-13T23:36:28.843+0000] {logging_mixin.py:190} INFO - [2025-01-13T23:36:28.843+0000] {dag.py:3239} INFO - Sync 1 DAGs
[2025-01-13T23:36:28.855+0000] {logging_mixin.py:190} INFO - [2025-01-13T23:36:28.855+0000] {dag.py:4180} INFO - Setting next_dagrun for example_complex to None, run_after=None
[2025-01-13T23:36:28.878+0000] {processor.py:208} INFO - Processing /home/airflow/.local/lib/python3.12/site-packages/airflow/example_dags/example_complex.py took 0.080 seconds
[2025-01-13T23:36:59.190+0000] {processor.py:186} INFO - Started process (PID=1502) to work on /home/airflow/.local/lib/python3.12/site-packages/airflow/example_dags/example_complex.py
[2025-01-13T23:36:59.191+0000] {processor.py:914} INFO - Processing file /home/airflow/.local/lib/python3.12/site-packages/airflow/example_dags/example_complex.py for tasks to queue
[2025-01-13T23:36:59.193+0000] {logging_mixin.py:190} INFO - [2025-01-13T23:36:59.193+0000] {dagbag.py:588} INFO - Filling up the DagBag from /home/airflow/.local/lib/python3.12/site-packages/airflow/example_dags/example_complex.py
[2025-01-13T23:36:59.202+0000] {processor.py:925} INFO - DAG(s) 'example_complex' retrieved from /home/airflow/.local/lib/python3.12/site-packages/airflow/example_dags/example_complex.py
[2025-01-13T23:36:59.237+0000] {logging_mixin.py:190} INFO - [2025-01-13T23:36:59.237+0000] {dag.py:3239} INFO - Sync 1 DAGs
[2025-01-13T23:36:59.249+0000] {logging_mixin.py:190} INFO - [2025-01-13T23:36:59.249+0000] {dag.py:4180} INFO - Setting next_dagrun for example_complex to None, run_after=None
[2025-01-13T23:36:59.271+0000] {processor.py:208} INFO - Processing /home/airflow/.local/lib/python3.12/site-packages/airflow/example_dags/example_complex.py took 0.088 seconds
[2025-01-13T23:37:29.763+0000] {processor.py:186} INFO - Started process (PID=1566) to work on /home/airflow/.local/lib/python3.12/site-packages/airflow/example_dags/example_complex.py
[2025-01-13T23:37:29.765+0000] {processor.py:914} INFO - Processing file /home/airflow/.local/lib/python3.12/site-packages/airflow/example_dags/example_complex.py for tasks to queue
[2025-01-13T23:37:29.769+0000] {logging_mixin.py:190} INFO - [2025-01-13T23:37:29.769+0000] {dagbag.py:588} INFO - Filling up the DagBag from /home/airflow/.local/lib/python3.12/site-packages/airflow/example_dags/example_complex.py
[2025-01-13T23:37:29.791+0000] {processor.py:925} INFO - DAG(s) 'example_complex' retrieved from /home/airflow/.local/lib/python3.12/site-packages/airflow/example_dags/example_complex.py
[2025-01-13T23:37:29.836+0000] {logging_mixin.py:190} INFO - [2025-01-13T23:37:29.836+0000] {dag.py:3239} INFO - Sync 1 DAGs
[2025-01-13T23:37:29.856+0000] {logging_mixin.py:190} INFO - [2025-01-13T23:37:29.856+0000] {dag.py:4180} INFO - Setting next_dagrun for example_complex to None, run_after=None
[2025-01-13T23:37:29.886+0000] {processor.py:208} INFO - Processing /home/airflow/.local/lib/python3.12/site-packages/airflow/example_dags/example_complex.py took 0.129 seconds
[2025-01-13T23:38:00.674+0000] {processor.py:186} INFO - Started process (PID=1630) to work on /home/airflow/.local/lib/python3.12/site-packages/airflow/example_dags/example_complex.py
[2025-01-13T23:38:00.676+0000] {processor.py:914} INFO - Processing file /home/airflow/.local/lib/python3.12/site-packages/airflow/example_dags/example_complex.py for tasks to queue
[2025-01-13T23:38:00.679+0000] {logging_mixin.py:190} INFO - [2025-01-13T23:38:00.679+0000] {dagbag.py:588} INFO - Filling up the DagBag from /home/airflow/.local/lib/python3.12/site-packages/airflow/example_dags/example_complex.py
[2025-01-13T23:38:00.694+0000] {processor.py:925} INFO - DAG(s) 'example_complex' retrieved from /home/airflow/.local/lib/python3.12/site-packages/airflow/example_dags/example_complex.py
[2025-01-13T23:38:00.727+0000] {logging_mixin.py:190} INFO - [2025-01-13T23:38:00.727+0000] {dag.py:3239} INFO - Sync 1 DAGs
[2025-01-13T23:38:00.743+0000] {logging_mixin.py:190} INFO - [2025-01-13T23:38:00.742+0000] {dag.py:4180} INFO - Setting next_dagrun for example_complex to None, run_after=None
[2025-01-13T23:38:00.781+0000] {processor.py:208} INFO - Processing /home/airflow/.local/lib/python3.12/site-packages/airflow/example_dags/example_complex.py took 0.112 seconds
[2025-01-13T23:38:30.945+0000] {processor.py:186} INFO - Started process (PID=1694) to work on /home/airflow/.local/lib/python3.12/site-packages/airflow/example_dags/example_complex.py
[2025-01-13T23:38:30.946+0000] {processor.py:914} INFO - Processing file /home/airflow/.local/lib/python3.12/site-packages/airflow/example_dags/example_complex.py for tasks to queue
[2025-01-13T23:38:30.948+0000] {logging_mixin.py:190} INFO - [2025-01-13T23:38:30.948+0000] {dagbag.py:588} INFO - Filling up the DagBag from /home/airflow/.local/lib/python3.12/site-packages/airflow/example_dags/example_complex.py
[2025-01-13T23:38:30.958+0000] {processor.py:925} INFO - DAG(s) 'example_complex' retrieved from /home/airflow/.local/lib/python3.12/site-packages/airflow/example_dags/example_complex.py
[2025-01-13T23:38:30.985+0000] {logging_mixin.py:190} INFO - [2025-01-13T23:38:30.985+0000] {dag.py:3239} INFO - Sync 1 DAGs
[2025-01-13T23:38:30.997+0000] {logging_mixin.py:190} INFO - [2025-01-13T23:38:30.996+0000] {dag.py:4180} INFO - Setting next_dagrun for example_complex to None, run_after=None
[2025-01-13T23:38:31.015+0000] {processor.py:208} INFO - Processing /home/airflow/.local/lib/python3.12/site-packages/airflow/example_dags/example_complex.py took 0.074 seconds
[2025-01-13T23:39:01.122+0000] {processor.py:186} INFO - Started process (PID=1758) to work on /home/airflow/.local/lib/python3.12/site-packages/airflow/example_dags/example_complex.py
[2025-01-13T23:39:01.123+0000] {processor.py:914} INFO - Processing file /home/airflow/.local/lib/python3.12/site-packages/airflow/example_dags/example_complex.py for tasks to queue
[2025-01-13T23:39:01.125+0000] {logging_mixin.py:190} INFO - [2025-01-13T23:39:01.125+0000] {dagbag.py:588} INFO - Filling up the DagBag from /home/airflow/.local/lib/python3.12/site-packages/airflow/example_dags/example_complex.py
[2025-01-13T23:39:01.134+0000] {processor.py:925} INFO - DAG(s) 'example_complex' retrieved from /home/airflow/.local/lib/python3.12/site-packages/airflow/example_dags/example_complex.py
[2025-01-13T23:39:01.158+0000] {logging_mixin.py:190} INFO - [2025-01-13T23:39:01.157+0000] {dag.py:3239} INFO - Sync 1 DAGs
[2025-01-13T23:39:01.176+0000] {logging_mixin.py:190} INFO - [2025-01-13T23:39:01.176+0000] {dag.py:4180} INFO - Setting next_dagrun for example_complex to None, run_after=None
[2025-01-13T23:39:01.196+0000] {processor.py:208} INFO - Processing /home/airflow/.local/lib/python3.12/site-packages/airflow/example_dags/example_complex.py took 0.081 seconds
[2025-01-13T23:39:31.619+0000] {processor.py:186} INFO - Started process (PID=1822) to work on /home/airflow/.local/lib/python3.12/site-packages/airflow/example_dags/example_complex.py
[2025-01-13T23:39:31.621+0000] {processor.py:914} INFO - Processing file /home/airflow/.local/lib/python3.12/site-packages/airflow/example_dags/example_complex.py for tasks to queue
[2025-01-13T23:39:31.624+0000] {logging_mixin.py:190} INFO - [2025-01-13T23:39:31.624+0000] {dagbag.py:588} INFO - Filling up the DagBag from /home/airflow/.local/lib/python3.12/site-packages/airflow/example_dags/example_complex.py
[2025-01-13T23:39:31.633+0000] {processor.py:925} INFO - DAG(s) 'example_complex' retrieved from /home/airflow/.local/lib/python3.12/site-packages/airflow/example_dags/example_complex.py
[2025-01-13T23:39:31.657+0000] {logging_mixin.py:190} INFO - [2025-01-13T23:39:31.657+0000] {dag.py:3239} INFO - Sync 1 DAGs
[2025-01-13T23:39:31.666+0000] {logging_mixin.py:190} INFO - [2025-01-13T23:39:31.666+0000] {dag.py:4180} INFO - Setting next_dagrun for example_complex to None, run_after=None
[2025-01-13T23:39:31.681+0000] {processor.py:208} INFO - Processing /home/airflow/.local/lib/python3.12/site-packages/airflow/example_dags/example_complex.py took 0.070 seconds
[2025-01-13T23:40:01.889+0000] {processor.py:186} INFO - Started process (PID=1886) to work on /home/airflow/.local/lib/python3.12/site-packages/airflow/example_dags/example_complex.py
[2025-01-13T23:40:01.890+0000] {processor.py:914} INFO - Processing file /home/airflow/.local/lib/python3.12/site-packages/airflow/example_dags/example_complex.py for tasks to queue
[2025-01-13T23:40:01.894+0000] {logging_mixin.py:190} INFO - [2025-01-13T23:40:01.893+0000] {dagbag.py:588} INFO - Filling up the DagBag from /home/airflow/.local/lib/python3.12/site-packages/airflow/example_dags/example_complex.py
[2025-01-13T23:40:01.906+0000] {processor.py:925} INFO - DAG(s) 'example_complex' retrieved from /home/airflow/.local/lib/python3.12/site-packages/airflow/example_dags/example_complex.py
[2025-01-13T23:40:01.953+0000] {logging_mixin.py:190} INFO - [2025-01-13T23:40:01.953+0000] {dag.py:3239} INFO - Sync 1 DAGs
[2025-01-13T23:40:01.978+0000] {logging_mixin.py:190} INFO - [2025-01-13T23:40:01.977+0000] {dag.py:4180} INFO - Setting next_dagrun for example_complex to None, run_after=None
[2025-01-13T23:40:02.011+0000] {processor.py:208} INFO - Processing /home/airflow/.local/lib/python3.12/site-packages/airflow/example_dags/example_complex.py took 0.127 seconds
[2025-01-13T23:40:32.311+0000] {processor.py:186} INFO - Started process (PID=1950) to work on /home/airflow/.local/lib/python3.12/site-packages/airflow/example_dags/example_complex.py
[2025-01-13T23:40:32.312+0000] {processor.py:914} INFO - Processing file /home/airflow/.local/lib/python3.12/site-packages/airflow/example_dags/example_complex.py for tasks to queue
[2025-01-13T23:40:32.315+0000] {logging_mixin.py:190} INFO - [2025-01-13T23:40:32.314+0000] {dagbag.py:588} INFO - Filling up the DagBag from /home/airflow/.local/lib/python3.12/site-packages/airflow/example_dags/example_complex.py
[2025-01-13T23:40:32.328+0000] {processor.py:925} INFO - DAG(s) 'example_complex' retrieved from /home/airflow/.local/lib/python3.12/site-packages/airflow/example_dags/example_complex.py
[2025-01-13T23:40:32.362+0000] {logging_mixin.py:190} INFO - [2025-01-13T23:40:32.361+0000] {dag.py:3239} INFO - Sync 1 DAGs
[2025-01-13T23:40:32.379+0000] {logging_mixin.py:190} INFO - [2025-01-13T23:40:32.379+0000] {dag.py:4180} INFO - Setting next_dagrun for example_complex to None, run_after=None
[2025-01-13T23:40:32.401+0000] {processor.py:208} INFO - Processing /home/airflow/.local/lib/python3.12/site-packages/airflow/example_dags/example_complex.py took 0.095 seconds
[2025-01-13T23:41:03.255+0000] {processor.py:186} INFO - Started process (PID=2014) to work on /home/airflow/.local/lib/python3.12/site-packages/airflow/example_dags/example_complex.py
[2025-01-13T23:41:03.256+0000] {processor.py:914} INFO - Processing file /home/airflow/.local/lib/python3.12/site-packages/airflow/example_dags/example_complex.py for tasks to queue
[2025-01-13T23:41:03.259+0000] {logging_mixin.py:190} INFO - [2025-01-13T23:41:03.259+0000] {dagbag.py:588} INFO - Filling up the DagBag from /home/airflow/.local/lib/python3.12/site-packages/airflow/example_dags/example_complex.py
[2025-01-13T23:41:03.273+0000] {processor.py:925} INFO - DAG(s) 'example_complex' retrieved from /home/airflow/.local/lib/python3.12/site-packages/airflow/example_dags/example_complex.py
[2025-01-13T23:41:03.301+0000] {logging_mixin.py:190} INFO - [2025-01-13T23:41:03.300+0000] {dag.py:3239} INFO - Sync 1 DAGs
[2025-01-13T23:41:03.314+0000] {logging_mixin.py:190} INFO - [2025-01-13T23:41:03.314+0000] {dag.py:4180} INFO - Setting next_dagrun for example_complex to None, run_after=None
[2025-01-13T23:41:03.339+0000] {processor.py:208} INFO - Processing /home/airflow/.local/lib/python3.12/site-packages/airflow/example_dags/example_complex.py took 0.088 seconds
[2025-01-13T23:41:33.737+0000] {processor.py:186} INFO - Started process (PID=2078) to work on /home/airflow/.local/lib/python3.12/site-packages/airflow/example_dags/example_complex.py
[2025-01-13T23:41:33.738+0000] {processor.py:914} INFO - Processing file /home/airflow/.local/lib/python3.12/site-packages/airflow/example_dags/example_complex.py for tasks to queue
[2025-01-13T23:41:33.742+0000] {logging_mixin.py:190} INFO - [2025-01-13T23:41:33.741+0000] {dagbag.py:588} INFO - Filling up the DagBag from /home/airflow/.local/lib/python3.12/site-packages/airflow/example_dags/example_complex.py
[2025-01-13T23:41:33.755+0000] {processor.py:925} INFO - DAG(s) 'example_complex' retrieved from /home/airflow/.local/lib/python3.12/site-packages/airflow/example_dags/example_complex.py
[2025-01-13T23:41:33.792+0000] {logging_mixin.py:190} INFO - [2025-01-13T23:41:33.792+0000] {dag.py:3239} INFO - Sync 1 DAGs
[2025-01-13T23:41:33.811+0000] {logging_mixin.py:190} INFO - [2025-01-13T23:41:33.811+0000] {dag.py:4180} INFO - Setting next_dagrun for example_complex to None, run_after=None
[2025-01-13T23:41:33.835+0000] {processor.py:208} INFO - Processing /home/airflow/.local/lib/python3.12/site-packages/airflow/example_dags/example_complex.py took 0.105 seconds
[2025-01-13T23:42:03.999+0000] {processor.py:186} INFO - Started process (PID=2142) to work on /home/airflow/.local/lib/python3.12/site-packages/airflow/example_dags/example_complex.py
[2025-01-13T23:42:04.000+0000] {processor.py:914} INFO - Processing file /home/airflow/.local/lib/python3.12/site-packages/airflow/example_dags/example_complex.py for tasks to queue
[2025-01-13T23:42:04.003+0000] {logging_mixin.py:190} INFO - [2025-01-13T23:42:04.002+0000] {dagbag.py:588} INFO - Filling up the DagBag from /home/airflow/.local/lib/python3.12/site-packages/airflow/example_dags/example_complex.py
[2025-01-13T23:42:04.014+0000] {processor.py:925} INFO - DAG(s) 'example_complex' retrieved from /home/airflow/.local/lib/python3.12/site-packages/airflow/example_dags/example_complex.py
[2025-01-13T23:42:04.050+0000] {logging_mixin.py:190} INFO - [2025-01-13T23:42:04.050+0000] {dag.py:3239} INFO - Sync 1 DAGs
[2025-01-13T23:42:04.071+0000] {logging_mixin.py:190} INFO - [2025-01-13T23:42:04.071+0000] {dag.py:4180} INFO - Setting next_dagrun for example_complex to None, run_after=None
[2025-01-13T23:42:04.112+0000] {processor.py:208} INFO - Processing /home/airflow/.local/lib/python3.12/site-packages/airflow/example_dags/example_complex.py took 0.121 seconds
[2025-01-13T23:42:34.704+0000] {processor.py:186} INFO - Started process (PID=2206) to work on /home/airflow/.local/lib/python3.12/site-packages/airflow/example_dags/example_complex.py
[2025-01-13T23:42:34.705+0000] {processor.py:914} INFO - Processing file /home/airflow/.local/lib/python3.12/site-packages/airflow/example_dags/example_complex.py for tasks to queue
[2025-01-13T23:42:34.707+0000] {logging_mixin.py:190} INFO - [2025-01-13T23:42:34.707+0000] {dagbag.py:588} INFO - Filling up the DagBag from /home/airflow/.local/lib/python3.12/site-packages/airflow/example_dags/example_complex.py
[2025-01-13T23:42:34.715+0000] {processor.py:925} INFO - DAG(s) 'example_complex' retrieved from /home/airflow/.local/lib/python3.12/site-packages/airflow/example_dags/example_complex.py
[2025-01-13T23:42:34.735+0000] {logging_mixin.py:190} INFO - [2025-01-13T23:42:34.735+0000] {dag.py:3239} INFO - Sync 1 DAGs
[2025-01-13T23:42:34.744+0000] {logging_mixin.py:190} INFO - [2025-01-13T23:42:34.743+0000] {dag.py:4180} INFO - Setting next_dagrun for example_complex to None, run_after=None
[2025-01-13T23:42:34.759+0000] {processor.py:208} INFO - Processing /home/airflow/.local/lib/python3.12/site-packages/airflow/example_dags/example_complex.py took 0.058 seconds
[2025-01-13T23:43:04.959+0000] {processor.py:186} INFO - Started process (PID=2269) to work on /home/airflow/.local/lib/python3.12/site-packages/airflow/example_dags/example_complex.py
[2025-01-13T23:43:04.961+0000] {processor.py:914} INFO - Processing file /home/airflow/.local/lib/python3.12/site-packages/airflow/example_dags/example_complex.py for tasks to queue
[2025-01-13T23:43:04.962+0000] {logging_mixin.py:190} INFO - [2025-01-13T23:43:04.962+0000] {dagbag.py:588} INFO - Filling up the DagBag from /home/airflow/.local/lib/python3.12/site-packages/airflow/example_dags/example_complex.py
[2025-01-13T23:43:04.970+0000] {processor.py:925} INFO - DAG(s) 'example_complex' retrieved from /home/airflow/.local/lib/python3.12/site-packages/airflow/example_dags/example_complex.py
[2025-01-13T23:43:04.992+0000] {logging_mixin.py:190} INFO - [2025-01-13T23:43:04.992+0000] {dag.py:3239} INFO - Sync 1 DAGs
[2025-01-13T23:43:05.002+0000] {logging_mixin.py:190} INFO - [2025-01-13T23:43:05.002+0000] {dag.py:4180} INFO - Setting next_dagrun for example_complex to None, run_after=None
[2025-01-13T23:43:05.016+0000] {processor.py:208} INFO - Processing /home/airflow/.local/lib/python3.12/site-packages/airflow/example_dags/example_complex.py took 0.060 seconds
[2025-01-13T23:43:35.840+0000] {processor.py:186} INFO - Started process (PID=2333) to work on /home/airflow/.local/lib/python3.12/site-packages/airflow/example_dags/example_complex.py
[2025-01-13T23:43:35.841+0000] {processor.py:914} INFO - Processing file /home/airflow/.local/lib/python3.12/site-packages/airflow/example_dags/example_complex.py for tasks to queue
[2025-01-13T23:43:35.843+0000] {logging_mixin.py:190} INFO - [2025-01-13T23:43:35.843+0000] {dagbag.py:588} INFO - Filling up the DagBag from /home/airflow/.local/lib/python3.12/site-packages/airflow/example_dags/example_complex.py
[2025-01-13T23:43:35.851+0000] {processor.py:925} INFO - DAG(s) 'example_complex' retrieved from /home/airflow/.local/lib/python3.12/site-packages/airflow/example_dags/example_complex.py
[2025-01-13T23:43:35.874+0000] {logging_mixin.py:190} INFO - [2025-01-13T23:43:35.874+0000] {dag.py:3239} INFO - Sync 1 DAGs
[2025-01-13T23:43:35.886+0000] {logging_mixin.py:190} INFO - [2025-01-13T23:43:35.885+0000] {dag.py:4180} INFO - Setting next_dagrun for example_complex to None, run_after=None
[2025-01-13T23:43:35.899+0000] {processor.py:208} INFO - Processing /home/airflow/.local/lib/python3.12/site-packages/airflow/example_dags/example_complex.py took 0.063 seconds
[2025-01-13T23:44:06.605+0000] {processor.py:186} INFO - Started process (PID=2397) to work on /home/airflow/.local/lib/python3.12/site-packages/airflow/example_dags/example_complex.py
[2025-01-13T23:44:06.606+0000] {processor.py:914} INFO - Processing file /home/airflow/.local/lib/python3.12/site-packages/airflow/example_dags/example_complex.py for tasks to queue
[2025-01-13T23:44:06.609+0000] {logging_mixin.py:190} INFO - [2025-01-13T23:44:06.609+0000] {dagbag.py:588} INFO - Filling up the DagBag from /home/airflow/.local/lib/python3.12/site-packages/airflow/example_dags/example_complex.py
[2025-01-13T23:44:06.621+0000] {processor.py:925} INFO - DAG(s) 'example_complex' retrieved from /home/airflow/.local/lib/python3.12/site-packages/airflow/example_dags/example_complex.py
[2025-01-13T23:44:06.656+0000] {logging_mixin.py:190} INFO - [2025-01-13T23:44:06.656+0000] {dag.py:3239} INFO - Sync 1 DAGs
[2025-01-13T23:44:06.672+0000] {logging_mixin.py:190} INFO - [2025-01-13T23:44:06.671+0000] {dag.py:4180} INFO - Setting next_dagrun for example_complex to None, run_after=None
[2025-01-13T23:44:06.698+0000] {processor.py:208} INFO - Processing /home/airflow/.local/lib/python3.12/site-packages/airflow/example_dags/example_complex.py took 0.099 seconds
[2025-01-13T23:44:36.917+0000] {processor.py:186} INFO - Started process (PID=2461) to work on /home/airflow/.local/lib/python3.12/site-packages/airflow/example_dags/example_complex.py
[2025-01-13T23:44:36.918+0000] {processor.py:914} INFO - Processing file /home/airflow/.local/lib/python3.12/site-packages/airflow/example_dags/example_complex.py for tasks to queue
[2025-01-13T23:44:36.921+0000] {logging_mixin.py:190} INFO - [2025-01-13T23:44:36.920+0000] {dagbag.py:588} INFO - Filling up the DagBag from /home/airflow/.local/lib/python3.12/site-packages/airflow/example_dags/example_complex.py
[2025-01-13T23:44:36.929+0000] {processor.py:925} INFO - DAG(s) 'example_complex' retrieved from /home/airflow/.local/lib/python3.12/site-packages/airflow/example_dags/example_complex.py
[2025-01-13T23:44:36.951+0000] {logging_mixin.py:190} INFO - [2025-01-13T23:44:36.951+0000] {dag.py:3239} INFO - Sync 1 DAGs
[2025-01-13T23:44:36.962+0000] {logging_mixin.py:190} INFO - [2025-01-13T23:44:36.962+0000] {dag.py:4180} INFO - Setting next_dagrun for example_complex to None, run_after=None
[2025-01-13T23:44:36.978+0000] {processor.py:208} INFO - Processing /home/airflow/.local/lib/python3.12/site-packages/airflow/example_dags/example_complex.py took 0.065 seconds
[2025-01-13T23:45:07.105+0000] {processor.py:186} INFO - Started process (PID=2524) to work on /home/airflow/.local/lib/python3.12/site-packages/airflow/example_dags/example_complex.py
[2025-01-13T23:45:07.106+0000] {processor.py:914} INFO - Processing file /home/airflow/.local/lib/python3.12/site-packages/airflow/example_dags/example_complex.py for tasks to queue
[2025-01-13T23:45:07.108+0000] {logging_mixin.py:190} INFO - [2025-01-13T23:45:07.108+0000] {dagbag.py:588} INFO - Filling up the DagBag from /home/airflow/.local/lib/python3.12/site-packages/airflow/example_dags/example_complex.py
[2025-01-13T23:45:07.116+0000] {processor.py:925} INFO - DAG(s) 'example_complex' retrieved from /home/airflow/.local/lib/python3.12/site-packages/airflow/example_dags/example_complex.py
[2025-01-13T23:45:07.142+0000] {logging_mixin.py:190} INFO - [2025-01-13T23:45:07.141+0000] {dag.py:3239} INFO - Sync 1 DAGs
[2025-01-13T23:45:07.154+0000] {logging_mixin.py:190} INFO - [2025-01-13T23:45:07.154+0000] {dag.py:4180} INFO - Setting next_dagrun for example_complex to None, run_after=None
[2025-01-13T23:45:07.170+0000] {processor.py:208} INFO - Processing /home/airflow/.local/lib/python3.12/site-packages/airflow/example_dags/example_complex.py took 0.070 seconds
[2025-01-13T23:45:37.424+0000] {processor.py:186} INFO - Started process (PID=2588) to work on /home/airflow/.local/lib/python3.12/site-packages/airflow/example_dags/example_complex.py
[2025-01-13T23:45:37.425+0000] {processor.py:914} INFO - Processing file /home/airflow/.local/lib/python3.12/site-packages/airflow/example_dags/example_complex.py for tasks to queue
[2025-01-13T23:45:37.426+0000] {logging_mixin.py:190} INFO - [2025-01-13T23:45:37.426+0000] {dagbag.py:588} INFO - Filling up the DagBag from /home/airflow/.local/lib/python3.12/site-packages/airflow/example_dags/example_complex.py
[2025-01-13T23:45:37.434+0000] {processor.py:925} INFO - DAG(s) 'example_complex' retrieved from /home/airflow/.local/lib/python3.12/site-packages/airflow/example_dags/example_complex.py
[2025-01-13T23:45:37.453+0000] {logging_mixin.py:190} INFO - [2025-01-13T23:45:37.453+0000] {dag.py:3239} INFO - Sync 1 DAGs
[2025-01-13T23:45:37.462+0000] {logging_mixin.py:190} INFO - [2025-01-13T23:45:37.462+0000] {dag.py:4180} INFO - Setting next_dagrun for example_complex to None, run_after=None
[2025-01-13T23:45:37.475+0000] {processor.py:208} INFO - Processing /home/airflow/.local/lib/python3.12/site-packages/airflow/example_dags/example_complex.py took 0.055 seconds
[2025-01-13T23:46:08.079+0000] {processor.py:186} INFO - Started process (PID=2652) to work on /home/airflow/.local/lib/python3.12/site-packages/airflow/example_dags/example_complex.py
[2025-01-13T23:46:08.081+0000] {processor.py:914} INFO - Processing file /home/airflow/.local/lib/python3.12/site-packages/airflow/example_dags/example_complex.py for tasks to queue
[2025-01-13T23:46:08.082+0000] {logging_mixin.py:190} INFO - [2025-01-13T23:46:08.082+0000] {dagbag.py:588} INFO - Filling up the DagBag from /home/airflow/.local/lib/python3.12/site-packages/airflow/example_dags/example_complex.py
[2025-01-13T23:46:08.090+0000] {processor.py:925} INFO - DAG(s) 'example_complex' retrieved from /home/airflow/.local/lib/python3.12/site-packages/airflow/example_dags/example_complex.py
[2025-01-13T23:46:08.112+0000] {logging_mixin.py:190} INFO - [2025-01-13T23:46:08.111+0000] {dag.py:3239} INFO - Sync 1 DAGs
[2025-01-13T23:46:08.122+0000] {logging_mixin.py:190} INFO - [2025-01-13T23:46:08.121+0000] {dag.py:4180} INFO - Setting next_dagrun for example_complex to None, run_after=None
[2025-01-13T23:46:08.137+0000] {processor.py:208} INFO - Processing /home/airflow/.local/lib/python3.12/site-packages/airflow/example_dags/example_complex.py took 0.061 seconds
[2025-01-13T23:46:38.495+0000] {processor.py:186} INFO - Started process (PID=2715) to work on /home/airflow/.local/lib/python3.12/site-packages/airflow/example_dags/example_complex.py
[2025-01-13T23:46:38.495+0000] {processor.py:914} INFO - Processing file /home/airflow/.local/lib/python3.12/site-packages/airflow/example_dags/example_complex.py for tasks to queue
[2025-01-13T23:46:38.498+0000] {logging_mixin.py:190} INFO - [2025-01-13T23:46:38.497+0000] {dagbag.py:588} INFO - Filling up the DagBag from /home/airflow/.local/lib/python3.12/site-packages/airflow/example_dags/example_complex.py
[2025-01-13T23:46:38.506+0000] {processor.py:925} INFO - DAG(s) 'example_complex' retrieved from /home/airflow/.local/lib/python3.12/site-packages/airflow/example_dags/example_complex.py
[2025-01-13T23:46:38.532+0000] {logging_mixin.py:190} INFO - [2025-01-13T23:46:38.532+0000] {dag.py:3239} INFO - Sync 1 DAGs
[2025-01-13T23:46:38.543+0000] {logging_mixin.py:190} INFO - [2025-01-13T23:46:38.543+0000] {dag.py:4180} INFO - Setting next_dagrun for example_complex to None, run_after=None
[2025-01-13T23:46:38.562+0000] {processor.py:208} INFO - Processing /home/airflow/.local/lib/python3.12/site-packages/airflow/example_dags/example_complex.py took 0.072 seconds
[2025-01-13T23:47:08.611+0000] {processor.py:186} INFO - Started process (PID=2780) to work on /home/airflow/.local/lib/python3.12/site-packages/airflow/example_dags/example_complex.py
[2025-01-13T23:47:08.612+0000] {processor.py:914} INFO - Processing file /home/airflow/.local/lib/python3.12/site-packages/airflow/example_dags/example_complex.py for tasks to queue
[2025-01-13T23:47:08.614+0000] {logging_mixin.py:190} INFO - [2025-01-13T23:47:08.614+0000] {dagbag.py:588} INFO - Filling up the DagBag from /home/airflow/.local/lib/python3.12/site-packages/airflow/example_dags/example_complex.py
[2025-01-13T23:47:08.623+0000] {processor.py:925} INFO - DAG(s) 'example_complex' retrieved from /home/airflow/.local/lib/python3.12/site-packages/airflow/example_dags/example_complex.py
[2025-01-13T23:47:08.646+0000] {logging_mixin.py:190} INFO - [2025-01-13T23:47:08.646+0000] {dag.py:3239} INFO - Sync 1 DAGs
[2025-01-13T23:47:08.656+0000] {logging_mixin.py:190} INFO - [2025-01-13T23:47:08.656+0000] {dag.py:4180} INFO - Setting next_dagrun for example_complex to None, run_after=None
[2025-01-13T23:47:08.667+0000] {processor.py:208} INFO - Processing /home/airflow/.local/lib/python3.12/site-packages/airflow/example_dags/example_complex.py took 0.060 seconds
[2025-01-13T23:47:39.676+0000] {processor.py:186} INFO - Started process (PID=2844) to work on /home/airflow/.local/lib/python3.12/site-packages/airflow/example_dags/example_complex.py
[2025-01-13T23:47:39.677+0000] {processor.py:914} INFO - Processing file /home/airflow/.local/lib/python3.12/site-packages/airflow/example_dags/example_complex.py for tasks to queue
[2025-01-13T23:47:39.679+0000] {logging_mixin.py:190} INFO - [2025-01-13T23:47:39.679+0000] {dagbag.py:588} INFO - Filling up the DagBag from /home/airflow/.local/lib/python3.12/site-packages/airflow/example_dags/example_complex.py
[2025-01-13T23:47:39.689+0000] {processor.py:925} INFO - DAG(s) 'example_complex' retrieved from /home/airflow/.local/lib/python3.12/site-packages/airflow/example_dags/example_complex.py
[2025-01-13T23:47:39.711+0000] {logging_mixin.py:190} INFO - [2025-01-13T23:47:39.711+0000] {dag.py:3239} INFO - Sync 1 DAGs
[2025-01-13T23:47:39.721+0000] {logging_mixin.py:190} INFO - [2025-01-13T23:47:39.721+0000] {dag.py:4180} INFO - Setting next_dagrun for example_complex to None, run_after=None
[2025-01-13T23:47:39.736+0000] {processor.py:208} INFO - Processing /home/airflow/.local/lib/python3.12/site-packages/airflow/example_dags/example_complex.py took 0.064 seconds
[2025-01-13T23:48:10.378+0000] {processor.py:186} INFO - Started process (PID=2907) to work on /home/airflow/.local/lib/python3.12/site-packages/airflow/example_dags/example_complex.py
[2025-01-13T23:48:10.380+0000] {processor.py:914} INFO - Processing file /home/airflow/.local/lib/python3.12/site-packages/airflow/example_dags/example_complex.py for tasks to queue
[2025-01-13T23:48:10.382+0000] {logging_mixin.py:190} INFO - [2025-01-13T23:48:10.381+0000] {dagbag.py:588} INFO - Filling up the DagBag from /home/airflow/.local/lib/python3.12/site-packages/airflow/example_dags/example_complex.py
[2025-01-13T23:48:10.389+0000] {processor.py:925} INFO - DAG(s) 'example_complex' retrieved from /home/airflow/.local/lib/python3.12/site-packages/airflow/example_dags/example_complex.py
[2025-01-13T23:48:10.411+0000] {logging_mixin.py:190} INFO - [2025-01-13T23:48:10.411+0000] {dag.py:3239} INFO - Sync 1 DAGs
[2025-01-13T23:48:10.422+0000] {logging_mixin.py:190} INFO - [2025-01-13T23:48:10.422+0000] {dag.py:4180} INFO - Setting next_dagrun for example_complex to None, run_after=None
[2025-01-13T23:48:10.439+0000] {processor.py:208} INFO - Processing /home/airflow/.local/lib/python3.12/site-packages/airflow/example_dags/example_complex.py took 0.064 seconds
[2025-01-13T23:48:41.234+0000] {processor.py:186} INFO - Started process (PID=2971) to work on /home/airflow/.local/lib/python3.12/site-packages/airflow/example_dags/example_complex.py
[2025-01-13T23:48:41.235+0000] {processor.py:914} INFO - Processing file /home/airflow/.local/lib/python3.12/site-packages/airflow/example_dags/example_complex.py for tasks to queue
[2025-01-13T23:48:41.238+0000] {logging_mixin.py:190} INFO - [2025-01-13T23:48:41.237+0000] {dagbag.py:588} INFO - Filling up the DagBag from /home/airflow/.local/lib/python3.12/site-packages/airflow/example_dags/example_complex.py
[2025-01-13T23:48:41.247+0000] {processor.py:925} INFO - DAG(s) 'example_complex' retrieved from /home/airflow/.local/lib/python3.12/site-packages/airflow/example_dags/example_complex.py
[2025-01-13T23:48:41.270+0000] {logging_mixin.py:190} INFO - [2025-01-13T23:48:41.270+0000] {dag.py:3239} INFO - Sync 1 DAGs
[2025-01-13T23:48:41.282+0000] {logging_mixin.py:190} INFO - [2025-01-13T23:48:41.282+0000] {dag.py:4180} INFO - Setting next_dagrun for example_complex to None, run_after=None
[2025-01-13T23:48:41.298+0000] {processor.py:208} INFO - Processing /home/airflow/.local/lib/python3.12/site-packages/airflow/example_dags/example_complex.py took 0.070 seconds
[2025-01-13T23:49:13.157+0000] {processor.py:186} INFO - Started process (PID=3035) to work on /home/airflow/.local/lib/python3.12/site-packages/airflow/example_dags/example_complex.py
[2025-01-13T23:49:13.158+0000] {processor.py:914} INFO - Processing file /home/airflow/.local/lib/python3.12/site-packages/airflow/example_dags/example_complex.py for tasks to queue
[2025-01-13T23:49:13.162+0000] {logging_mixin.py:190} INFO - [2025-01-13T23:49:13.162+0000] {dagbag.py:588} INFO - Filling up the DagBag from /home/airflow/.local/lib/python3.12/site-packages/airflow/example_dags/example_complex.py
[2025-01-13T23:49:13.179+0000] {processor.py:925} INFO - DAG(s) 'example_complex' retrieved from /home/airflow/.local/lib/python3.12/site-packages/airflow/example_dags/example_complex.py
[2025-01-13T23:49:13.213+0000] {logging_mixin.py:190} INFO - [2025-01-13T23:49:13.213+0000] {dag.py:3239} INFO - Sync 1 DAGs
[2025-01-13T23:49:13.226+0000] {logging_mixin.py:190} INFO - [2025-01-13T23:49:13.226+0000] {dag.py:4180} INFO - Setting next_dagrun for example_complex to None, run_after=None
[2025-01-13T23:49:13.249+0000] {processor.py:208} INFO - Processing /home/airflow/.local/lib/python3.12/site-packages/airflow/example_dags/example_complex.py took 0.100 seconds
[2025-01-13T23:49:44.002+0000] {processor.py:186} INFO - Started process (PID=3099) to work on /home/airflow/.local/lib/python3.12/site-packages/airflow/example_dags/example_complex.py
[2025-01-13T23:49:44.003+0000] {processor.py:914} INFO - Processing file /home/airflow/.local/lib/python3.12/site-packages/airflow/example_dags/example_complex.py for tasks to queue
[2025-01-13T23:49:44.006+0000] {logging_mixin.py:190} INFO - [2025-01-13T23:49:44.006+0000] {dagbag.py:588} INFO - Filling up the DagBag from /home/airflow/.local/lib/python3.12/site-packages/airflow/example_dags/example_complex.py
[2025-01-13T23:49:44.017+0000] {processor.py:925} INFO - DAG(s) 'example_complex' retrieved from /home/airflow/.local/lib/python3.12/site-packages/airflow/example_dags/example_complex.py
[2025-01-13T23:49:44.184+0000] {logging_mixin.py:190} INFO - [2025-01-13T23:49:44.183+0000] {dag.py:3239} INFO - Sync 1 DAGs
[2025-01-13T23:49:44.194+0000] {logging_mixin.py:190} INFO - [2025-01-13T23:49:44.194+0000] {dag.py:4180} INFO - Setting next_dagrun for example_complex to None, run_after=None
[2025-01-13T23:49:44.208+0000] {processor.py:208} INFO - Processing /home/airflow/.local/lib/python3.12/site-packages/airflow/example_dags/example_complex.py took 0.211 seconds
[2025-01-13T23:50:16.027+0000] {processor.py:186} INFO - Started process (PID=3163) to work on /home/airflow/.local/lib/python3.12/site-packages/airflow/example_dags/example_complex.py
[2025-01-13T23:50:16.029+0000] {processor.py:914} INFO - Processing file /home/airflow/.local/lib/python3.12/site-packages/airflow/example_dags/example_complex.py for tasks to queue
[2025-01-13T23:50:16.032+0000] {logging_mixin.py:190} INFO - [2025-01-13T23:50:16.032+0000] {dagbag.py:588} INFO - Filling up the DagBag from /home/airflow/.local/lib/python3.12/site-packages/airflow/example_dags/example_complex.py
[2025-01-13T23:50:16.044+0000] {processor.py:925} INFO - DAG(s) 'example_complex' retrieved from /home/airflow/.local/lib/python3.12/site-packages/airflow/example_dags/example_complex.py
[2025-01-13T23:50:16.077+0000] {logging_mixin.py:190} INFO - [2025-01-13T23:50:16.076+0000] {dag.py:3239} INFO - Sync 1 DAGs
[2025-01-13T23:50:16.267+0000] {logging_mixin.py:190} INFO - [2025-01-13T23:50:16.267+0000] {dag.py:4180} INFO - Setting next_dagrun for example_complex to None, run_after=None
[2025-01-13T23:50:16.292+0000] {processor.py:208} INFO - Processing /home/airflow/.local/lib/python3.12/site-packages/airflow/example_dags/example_complex.py took 0.270 seconds
[2025-01-13T23:50:46.487+0000] {processor.py:186} INFO - Started process (PID=3227) to work on /home/airflow/.local/lib/python3.12/site-packages/airflow/example_dags/example_complex.py
[2025-01-13T23:50:46.489+0000] {processor.py:914} INFO - Processing file /home/airflow/.local/lib/python3.12/site-packages/airflow/example_dags/example_complex.py for tasks to queue
[2025-01-13T23:50:46.492+0000] {logging_mixin.py:190} INFO - [2025-01-13T23:50:46.492+0000] {dagbag.py:588} INFO - Filling up the DagBag from /home/airflow/.local/lib/python3.12/site-packages/airflow/example_dags/example_complex.py
[2025-01-13T23:50:46.506+0000] {processor.py:925} INFO - DAG(s) 'example_complex' retrieved from /home/airflow/.local/lib/python3.12/site-packages/airflow/example_dags/example_complex.py
[2025-01-13T23:50:46.538+0000] {logging_mixin.py:190} INFO - [2025-01-13T23:50:46.537+0000] {dag.py:3239} INFO - Sync 1 DAGs
[2025-01-13T23:50:46.553+0000] {logging_mixin.py:190} INFO - [2025-01-13T23:50:46.553+0000] {dag.py:4180} INFO - Setting next_dagrun for example_complex to None, run_after=None
[2025-01-13T23:50:46.581+0000] {processor.py:208} INFO - Processing /home/airflow/.local/lib/python3.12/site-packages/airflow/example_dags/example_complex.py took 0.101 seconds
[2025-01-13T23:51:17.279+0000] {processor.py:186} INFO - Started process (PID=3291) to work on /home/airflow/.local/lib/python3.12/site-packages/airflow/example_dags/example_complex.py
[2025-01-13T23:51:17.281+0000] {processor.py:914} INFO - Processing file /home/airflow/.local/lib/python3.12/site-packages/airflow/example_dags/example_complex.py for tasks to queue
[2025-01-13T23:51:17.284+0000] {logging_mixin.py:190} INFO - [2025-01-13T23:51:17.283+0000] {dagbag.py:588} INFO - Filling up the DagBag from /home/airflow/.local/lib/python3.12/site-packages/airflow/example_dags/example_complex.py
[2025-01-13T23:51:17.293+0000] {processor.py:925} INFO - DAG(s) 'example_complex' retrieved from /home/airflow/.local/lib/python3.12/site-packages/airflow/example_dags/example_complex.py
[2025-01-13T23:51:17.317+0000] {logging_mixin.py:190} INFO - [2025-01-13T23:51:17.316+0000] {dag.py:3239} INFO - Sync 1 DAGs
[2025-01-13T23:51:17.326+0000] {logging_mixin.py:190} INFO - [2025-01-13T23:51:17.326+0000] {dag.py:4180} INFO - Setting next_dagrun for example_complex to None, run_after=None
[2025-01-13T23:51:17.342+0000] {processor.py:208} INFO - Processing /home/airflow/.local/lib/python3.12/site-packages/airflow/example_dags/example_complex.py took 0.069 seconds
[2025-01-13T23:51:47.625+0000] {processor.py:186} INFO - Started process (PID=3355) to work on /home/airflow/.local/lib/python3.12/site-packages/airflow/example_dags/example_complex.py
[2025-01-13T23:51:47.626+0000] {processor.py:914} INFO - Processing file /home/airflow/.local/lib/python3.12/site-packages/airflow/example_dags/example_complex.py for tasks to queue
[2025-01-13T23:51:47.628+0000] {logging_mixin.py:190} INFO - [2025-01-13T23:51:47.628+0000] {dagbag.py:588} INFO - Filling up the DagBag from /home/airflow/.local/lib/python3.12/site-packages/airflow/example_dags/example_complex.py
[2025-01-13T23:51:47.636+0000] {processor.py:925} INFO - DAG(s) 'example_complex' retrieved from /home/airflow/.local/lib/python3.12/site-packages/airflow/example_dags/example_complex.py
[2025-01-13T23:51:47.657+0000] {logging_mixin.py:190} INFO - [2025-01-13T23:51:47.656+0000] {dag.py:3239} INFO - Sync 1 DAGs
[2025-01-13T23:51:47.668+0000] {logging_mixin.py:190} INFO - [2025-01-13T23:51:47.667+0000] {dag.py:4180} INFO - Setting next_dagrun for example_complex to None, run_after=None
[2025-01-13T23:51:47.684+0000] {processor.py:208} INFO - Processing /home/airflow/.local/lib/python3.12/site-packages/airflow/example_dags/example_complex.py took 0.064 seconds
[2025-01-13T23:52:18.451+0000] {processor.py:186} INFO - Started process (PID=3419) to work on /home/airflow/.local/lib/python3.12/site-packages/airflow/example_dags/example_complex.py
[2025-01-13T23:52:18.452+0000] {processor.py:914} INFO - Processing file /home/airflow/.local/lib/python3.12/site-packages/airflow/example_dags/example_complex.py for tasks to queue
[2025-01-13T23:52:18.455+0000] {logging_mixin.py:190} INFO - [2025-01-13T23:52:18.455+0000] {dagbag.py:588} INFO - Filling up the DagBag from /home/airflow/.local/lib/python3.12/site-packages/airflow/example_dags/example_complex.py
[2025-01-13T23:52:18.464+0000] {processor.py:925} INFO - DAG(s) 'example_complex' retrieved from /home/airflow/.local/lib/python3.12/site-packages/airflow/example_dags/example_complex.py
[2025-01-13T23:52:18.498+0000] {logging_mixin.py:190} INFO - [2025-01-13T23:52:18.497+0000] {dag.py:3239} INFO - Sync 1 DAGs
[2025-01-13T23:52:18.513+0000] {logging_mixin.py:190} INFO - [2025-01-13T23:52:18.513+0000] {dag.py:4180} INFO - Setting next_dagrun for example_complex to None, run_after=None
[2025-01-13T23:52:18.536+0000] {processor.py:208} INFO - Processing /home/airflow/.local/lib/python3.12/site-packages/airflow/example_dags/example_complex.py took 0.090 seconds
[2025-01-13T23:52:48.959+0000] {processor.py:186} INFO - Started process (PID=3483) to work on /home/airflow/.local/lib/python3.12/site-packages/airflow/example_dags/example_complex.py
[2025-01-13T23:52:48.960+0000] {processor.py:914} INFO - Processing file /home/airflow/.local/lib/python3.12/site-packages/airflow/example_dags/example_complex.py for tasks to queue
[2025-01-13T23:52:48.962+0000] {logging_mixin.py:190} INFO - [2025-01-13T23:52:48.962+0000] {dagbag.py:588} INFO - Filling up the DagBag from /home/airflow/.local/lib/python3.12/site-packages/airflow/example_dags/example_complex.py
[2025-01-13T23:52:48.970+0000] {processor.py:925} INFO - DAG(s) 'example_complex' retrieved from /home/airflow/.local/lib/python3.12/site-packages/airflow/example_dags/example_complex.py
[2025-01-13T23:52:48.993+0000] {logging_mixin.py:190} INFO - [2025-01-13T23:52:48.993+0000] {dag.py:3239} INFO - Sync 1 DAGs
[2025-01-13T23:52:49.005+0000] {logging_mixin.py:190} INFO - [2025-01-13T23:52:49.005+0000] {dag.py:4180} INFO - Setting next_dagrun for example_complex to None, run_after=None
[2025-01-13T23:52:49.025+0000] {processor.py:208} INFO - Processing /home/airflow/.local/lib/python3.12/site-packages/airflow/example_dags/example_complex.py took 0.069 seconds
[2025-01-13T23:53:19.304+0000] {processor.py:186} INFO - Started process (PID=3552) to work on /home/airflow/.local/lib/python3.12/site-packages/airflow/example_dags/example_complex.py
[2025-01-13T23:53:19.306+0000] {processor.py:914} INFO - Processing file /home/airflow/.local/lib/python3.12/site-packages/airflow/example_dags/example_complex.py for tasks to queue
[2025-01-13T23:53:19.309+0000] {logging_mixin.py:190} INFO - [2025-01-13T23:53:19.309+0000] {dagbag.py:588} INFO - Filling up the DagBag from /home/airflow/.local/lib/python3.12/site-packages/airflow/example_dags/example_complex.py
[2025-01-13T23:53:19.318+0000] {processor.py:925} INFO - DAG(s) 'example_complex' retrieved from /home/airflow/.local/lib/python3.12/site-packages/airflow/example_dags/example_complex.py
[2025-01-13T23:53:19.344+0000] {logging_mixin.py:190} INFO - [2025-01-13T23:53:19.344+0000] {dag.py:3239} INFO - Sync 1 DAGs
[2025-01-13T23:53:19.357+0000] {logging_mixin.py:190} INFO - [2025-01-13T23:53:19.357+0000] {dag.py:4180} INFO - Setting next_dagrun for example_complex to None, run_after=None
[2025-01-13T23:53:19.376+0000] {processor.py:208} INFO - Processing /home/airflow/.local/lib/python3.12/site-packages/airflow/example_dags/example_complex.py took 0.077 seconds
[2025-01-13T23:53:50.372+0000] {processor.py:186} INFO - Started process (PID=3616) to work on /home/airflow/.local/lib/python3.12/site-packages/airflow/example_dags/example_complex.py
[2025-01-13T23:53:50.373+0000] {processor.py:914} INFO - Processing file /home/airflow/.local/lib/python3.12/site-packages/airflow/example_dags/example_complex.py for tasks to queue
[2025-01-13T23:53:50.377+0000] {logging_mixin.py:190} INFO - [2025-01-13T23:53:50.376+0000] {dagbag.py:588} INFO - Filling up the DagBag from /home/airflow/.local/lib/python3.12/site-packages/airflow/example_dags/example_complex.py
[2025-01-13T23:53:50.388+0000] {processor.py:925} INFO - DAG(s) 'example_complex' retrieved from /home/airflow/.local/lib/python3.12/site-packages/airflow/example_dags/example_complex.py
[2025-01-13T23:53:50.423+0000] {logging_mixin.py:190} INFO - [2025-01-13T23:53:50.423+0000] {dag.py:3239} INFO - Sync 1 DAGs
[2025-01-13T23:53:50.436+0000] {logging_mixin.py:190} INFO - [2025-01-13T23:53:50.436+0000] {dag.py:4180} INFO - Setting next_dagrun for example_complex to None, run_after=None
[2025-01-13T23:53:50.458+0000] {processor.py:208} INFO - Processing /home/airflow/.local/lib/python3.12/site-packages/airflow/example_dags/example_complex.py took 0.094 seconds
[2025-01-13T23:54:20.878+0000] {processor.py:186} INFO - Started process (PID=3680) to work on /home/airflow/.local/lib/python3.12/site-packages/airflow/example_dags/example_complex.py
[2025-01-13T23:54:20.880+0000] {processor.py:914} INFO - Processing file /home/airflow/.local/lib/python3.12/site-packages/airflow/example_dags/example_complex.py for tasks to queue
[2025-01-13T23:54:20.883+0000] {logging_mixin.py:190} INFO - [2025-01-13T23:54:20.882+0000] {dagbag.py:588} INFO - Filling up the DagBag from /home/airflow/.local/lib/python3.12/site-packages/airflow/example_dags/example_complex.py
[2025-01-13T23:54:20.895+0000] {processor.py:925} INFO - DAG(s) 'example_complex' retrieved from /home/airflow/.local/lib/python3.12/site-packages/airflow/example_dags/example_complex.py
[2025-01-13T23:54:20.925+0000] {logging_mixin.py:190} INFO - [2025-01-13T23:54:20.925+0000] {dag.py:3239} INFO - Sync 1 DAGs
[2025-01-13T23:54:20.938+0000] {logging_mixin.py:190} INFO - [2025-01-13T23:54:20.938+0000] {dag.py:4180} INFO - Setting next_dagrun for example_complex to None, run_after=None
[2025-01-13T23:54:20.968+0000] {processor.py:208} INFO - Processing /home/airflow/.local/lib/python3.12/site-packages/airflow/example_dags/example_complex.py took 0.095 seconds
[2025-01-13T23:54:51.037+0000] {processor.py:186} INFO - Started process (PID=3745) to work on /home/airflow/.local/lib/python3.12/site-packages/airflow/example_dags/example_complex.py
[2025-01-13T23:54:51.038+0000] {processor.py:914} INFO - Processing file /home/airflow/.local/lib/python3.12/site-packages/airflow/example_dags/example_complex.py for tasks to queue
[2025-01-13T23:54:51.041+0000] {logging_mixin.py:190} INFO - [2025-01-13T23:54:51.040+0000] {dagbag.py:588} INFO - Filling up the DagBag from /home/airflow/.local/lib/python3.12/site-packages/airflow/example_dags/example_complex.py
[2025-01-13T23:54:51.050+0000] {processor.py:925} INFO - DAG(s) 'example_complex' retrieved from /home/airflow/.local/lib/python3.12/site-packages/airflow/example_dags/example_complex.py
[2025-01-13T23:54:51.077+0000] {logging_mixin.py:190} INFO - [2025-01-13T23:54:51.076+0000] {dag.py:3239} INFO - Sync 1 DAGs
[2025-01-13T23:54:51.087+0000] {logging_mixin.py:190} INFO - [2025-01-13T23:54:51.086+0000] {dag.py:4180} INFO - Setting next_dagrun for example_complex to None, run_after=None
[2025-01-13T23:54:51.104+0000] {processor.py:208} INFO - Processing /home/airflow/.local/lib/python3.12/site-packages/airflow/example_dags/example_complex.py took 0.071 seconds
[2025-01-13T23:55:21.821+0000] {processor.py:186} INFO - Started process (PID=3809) to work on /home/airflow/.local/lib/python3.12/site-packages/airflow/example_dags/example_complex.py
[2025-01-13T23:55:21.822+0000] {processor.py:914} INFO - Processing file /home/airflow/.local/lib/python3.12/site-packages/airflow/example_dags/example_complex.py for tasks to queue
[2025-01-13T23:55:21.824+0000] {logging_mixin.py:190} INFO - [2025-01-13T23:55:21.823+0000] {dagbag.py:588} INFO - Filling up the DagBag from /home/airflow/.local/lib/python3.12/site-packages/airflow/example_dags/example_complex.py
[2025-01-13T23:55:21.834+0000] {processor.py:925} INFO - DAG(s) 'example_complex' retrieved from /home/airflow/.local/lib/python3.12/site-packages/airflow/example_dags/example_complex.py
[2025-01-13T23:55:21.863+0000] {logging_mixin.py:190} INFO - [2025-01-13T23:55:21.862+0000] {dag.py:3239} INFO - Sync 1 DAGs
[2025-01-13T23:55:21.873+0000] {logging_mixin.py:190} INFO - [2025-01-13T23:55:21.873+0000] {dag.py:4180} INFO - Setting next_dagrun for example_complex to None, run_after=None
[2025-01-13T23:55:21.891+0000] {processor.py:208} INFO - Processing /home/airflow/.local/lib/python3.12/site-packages/airflow/example_dags/example_complex.py took 0.075 seconds
[2025-01-13T23:55:52.769+0000] {processor.py:186} INFO - Started process (PID=3873) to work on /home/airflow/.local/lib/python3.12/site-packages/airflow/example_dags/example_complex.py
[2025-01-13T23:55:52.770+0000] {processor.py:914} INFO - Processing file /home/airflow/.local/lib/python3.12/site-packages/airflow/example_dags/example_complex.py for tasks to queue
[2025-01-13T23:55:52.772+0000] {logging_mixin.py:190} INFO - [2025-01-13T23:55:52.772+0000] {dagbag.py:588} INFO - Filling up the DagBag from /home/airflow/.local/lib/python3.12/site-packages/airflow/example_dags/example_complex.py
[2025-01-13T23:55:52.785+0000] {processor.py:925} INFO - DAG(s) 'example_complex' retrieved from /home/airflow/.local/lib/python3.12/site-packages/airflow/example_dags/example_complex.py
[2025-01-13T23:55:52.818+0000] {logging_mixin.py:190} INFO - [2025-01-13T23:55:52.818+0000] {dag.py:3239} INFO - Sync 1 DAGs
[2025-01-13T23:55:52.832+0000] {logging_mixin.py:190} INFO - [2025-01-13T23:55:52.832+0000] {dag.py:4180} INFO - Setting next_dagrun for example_complex to None, run_after=None
[2025-01-13T23:55:52.855+0000] {processor.py:208} INFO - Processing /home/airflow/.local/lib/python3.12/site-packages/airflow/example_dags/example_complex.py took 0.091 seconds
[2025-01-13T23:56:23.549+0000] {processor.py:186} INFO - Started process (PID=3937) to work on /home/airflow/.local/lib/python3.12/site-packages/airflow/example_dags/example_complex.py
[2025-01-13T23:56:23.551+0000] {processor.py:914} INFO - Processing file /home/airflow/.local/lib/python3.12/site-packages/airflow/example_dags/example_complex.py for tasks to queue
[2025-01-13T23:56:23.553+0000] {logging_mixin.py:190} INFO - [2025-01-13T23:56:23.553+0000] {dagbag.py:588} INFO - Filling up the DagBag from /home/airflow/.local/lib/python3.12/site-packages/airflow/example_dags/example_complex.py
[2025-01-13T23:56:23.566+0000] {processor.py:925} INFO - DAG(s) 'example_complex' retrieved from /home/airflow/.local/lib/python3.12/site-packages/airflow/example_dags/example_complex.py
[2025-01-13T23:56:23.603+0000] {logging_mixin.py:190} INFO - [2025-01-13T23:56:23.602+0000] {dag.py:3239} INFO - Sync 1 DAGs
[2025-01-13T23:56:23.617+0000] {logging_mixin.py:190} INFO - [2025-01-13T23:56:23.616+0000] {dag.py:4180} INFO - Setting next_dagrun for example_complex to None, run_after=None
[2025-01-13T23:56:23.646+0000] {processor.py:208} INFO - Processing /home/airflow/.local/lib/python3.12/site-packages/airflow/example_dags/example_complex.py took 0.101 seconds
[2025-01-13T23:56:54.126+0000] {processor.py:186} INFO - Started process (PID=4001) to work on /home/airflow/.local/lib/python3.12/site-packages/airflow/example_dags/example_complex.py
[2025-01-13T23:56:54.127+0000] {processor.py:914} INFO - Processing file /home/airflow/.local/lib/python3.12/site-packages/airflow/example_dags/example_complex.py for tasks to queue
[2025-01-13T23:56:54.132+0000] {logging_mixin.py:190} INFO - [2025-01-13T23:56:54.131+0000] {dagbag.py:588} INFO - Filling up the DagBag from /home/airflow/.local/lib/python3.12/site-packages/airflow/example_dags/example_complex.py
[2025-01-13T23:56:54.152+0000] {processor.py:925} INFO - DAG(s) 'example_complex' retrieved from /home/airflow/.local/lib/python3.12/site-packages/airflow/example_dags/example_complex.py
[2025-01-13T23:56:54.190+0000] {logging_mixin.py:190} INFO - [2025-01-13T23:56:54.190+0000] {dag.py:3239} INFO - Sync 1 DAGs
[2025-01-13T23:56:54.209+0000] {logging_mixin.py:190} INFO - [2025-01-13T23:56:54.209+0000] {dag.py:4180} INFO - Setting next_dagrun for example_complex to None, run_after=None
[2025-01-13T23:56:54.241+0000] {processor.py:208} INFO - Processing /home/airflow/.local/lib/python3.12/site-packages/airflow/example_dags/example_complex.py took 0.123 seconds
[2025-01-13T23:57:24.424+0000] {processor.py:186} INFO - Started process (PID=4065) to work on /home/airflow/.local/lib/python3.12/site-packages/airflow/example_dags/example_complex.py
[2025-01-13T23:57:24.426+0000] {processor.py:914} INFO - Processing file /home/airflow/.local/lib/python3.12/site-packages/airflow/example_dags/example_complex.py for tasks to queue
[2025-01-13T23:57:24.429+0000] {logging_mixin.py:190} INFO - [2025-01-13T23:57:24.429+0000] {dagbag.py:588} INFO - Filling up the DagBag from /home/airflow/.local/lib/python3.12/site-packages/airflow/example_dags/example_complex.py
[2025-01-13T23:57:24.440+0000] {processor.py:925} INFO - DAG(s) 'example_complex' retrieved from /home/airflow/.local/lib/python3.12/site-packages/airflow/example_dags/example_complex.py
[2025-01-13T23:57:24.473+0000] {logging_mixin.py:190} INFO - [2025-01-13T23:57:24.473+0000] {dag.py:3239} INFO - Sync 1 DAGs
[2025-01-13T23:57:24.488+0000] {logging_mixin.py:190} INFO - [2025-01-13T23:57:24.487+0000] {dag.py:4180} INFO - Setting next_dagrun for example_complex to None, run_after=None
[2025-01-13T23:57:24.511+0000] {processor.py:208} INFO - Processing /home/airflow/.local/lib/python3.12/site-packages/airflow/example_dags/example_complex.py took 0.092 seconds
[2025-01-13T23:57:55.279+0000] {processor.py:186} INFO - Started process (PID=4129) to work on /home/airflow/.local/lib/python3.12/site-packages/airflow/example_dags/example_complex.py
[2025-01-13T23:57:55.280+0000] {processor.py:914} INFO - Processing file /home/airflow/.local/lib/python3.12/site-packages/airflow/example_dags/example_complex.py for tasks to queue
[2025-01-13T23:57:55.283+0000] {logging_mixin.py:190} INFO - [2025-01-13T23:57:55.283+0000] {dagbag.py:588} INFO - Filling up the DagBag from /home/airflow/.local/lib/python3.12/site-packages/airflow/example_dags/example_complex.py
[2025-01-13T23:57:55.297+0000] {processor.py:925} INFO - DAG(s) 'example_complex' retrieved from /home/airflow/.local/lib/python3.12/site-packages/airflow/example_dags/example_complex.py
[2025-01-13T23:57:55.330+0000] {logging_mixin.py:190} INFO - [2025-01-13T23:57:55.330+0000] {dag.py:3239} INFO - Sync 1 DAGs
[2025-01-13T23:57:55.343+0000] {logging_mixin.py:190} INFO - [2025-01-13T23:57:55.343+0000] {dag.py:4180} INFO - Setting next_dagrun for example_complex to None, run_after=None
[2025-01-13T23:57:55.368+0000] {processor.py:208} INFO - Processing /home/airflow/.local/lib/python3.12/site-packages/airflow/example_dags/example_complex.py took 0.094 seconds
[2025-01-13T23:58:26.113+0000] {processor.py:186} INFO - Started process (PID=4192) to work on /home/airflow/.local/lib/python3.12/site-packages/airflow/example_dags/example_complex.py
[2025-01-13T23:58:26.114+0000] {processor.py:914} INFO - Processing file /home/airflow/.local/lib/python3.12/site-packages/airflow/example_dags/example_complex.py for tasks to queue
[2025-01-13T23:58:26.117+0000] {logging_mixin.py:190} INFO - [2025-01-13T23:58:26.117+0000] {dagbag.py:588} INFO - Filling up the DagBag from /home/airflow/.local/lib/python3.12/site-packages/airflow/example_dags/example_complex.py
[2025-01-13T23:58:26.126+0000] {processor.py:925} INFO - DAG(s) 'example_complex' retrieved from /home/airflow/.local/lib/python3.12/site-packages/airflow/example_dags/example_complex.py
[2025-01-13T23:58:26.154+0000] {logging_mixin.py:190} INFO - [2025-01-13T23:58:26.154+0000] {dag.py:3239} INFO - Sync 1 DAGs
[2025-01-13T23:58:26.166+0000] {logging_mixin.py:190} INFO - [2025-01-13T23:58:26.166+0000] {dag.py:4180} INFO - Setting next_dagrun for example_complex to None, run_after=None
[2025-01-13T23:58:26.186+0000] {processor.py:208} INFO - Processing /home/airflow/.local/lib/python3.12/site-packages/airflow/example_dags/example_complex.py took 0.079 seconds
[2025-01-13T23:58:57.188+0000] {processor.py:186} INFO - Started process (PID=4256) to work on /home/airflow/.local/lib/python3.12/site-packages/airflow/example_dags/example_complex.py
[2025-01-13T23:58:57.190+0000] {processor.py:914} INFO - Processing file /home/airflow/.local/lib/python3.12/site-packages/airflow/example_dags/example_complex.py for tasks to queue
[2025-01-13T23:58:57.193+0000] {logging_mixin.py:190} INFO - [2025-01-13T23:58:57.192+0000] {dagbag.py:588} INFO - Filling up the DagBag from /home/airflow/.local/lib/python3.12/site-packages/airflow/example_dags/example_complex.py
[2025-01-13T23:58:57.203+0000] {processor.py:925} INFO - DAG(s) 'example_complex' retrieved from /home/airflow/.local/lib/python3.12/site-packages/airflow/example_dags/example_complex.py
[2025-01-13T23:58:57.231+0000] {logging_mixin.py:190} INFO - [2025-01-13T23:58:57.230+0000] {dag.py:3239} INFO - Sync 1 DAGs
[2025-01-13T23:58:57.242+0000] {logging_mixin.py:190} INFO - [2025-01-13T23:58:57.242+0000] {dag.py:4180} INFO - Setting next_dagrun for example_complex to None, run_after=None
[2025-01-13T23:58:57.262+0000] {processor.py:208} INFO - Processing /home/airflow/.local/lib/python3.12/site-packages/airflow/example_dags/example_complex.py took 0.079 seconds
[2025-01-13T23:59:28.173+0000] {processor.py:186} INFO - Started process (PID=4320) to work on /home/airflow/.local/lib/python3.12/site-packages/airflow/example_dags/example_complex.py
[2025-01-13T23:59:28.175+0000] {processor.py:914} INFO - Processing file /home/airflow/.local/lib/python3.12/site-packages/airflow/example_dags/example_complex.py for tasks to queue
[2025-01-13T23:59:28.178+0000] {logging_mixin.py:190} INFO - [2025-01-13T23:59:28.177+0000] {dagbag.py:588} INFO - Filling up the DagBag from /home/airflow/.local/lib/python3.12/site-packages/airflow/example_dags/example_complex.py
[2025-01-13T23:59:28.194+0000] {processor.py:925} INFO - DAG(s) 'example_complex' retrieved from /home/airflow/.local/lib/python3.12/site-packages/airflow/example_dags/example_complex.py
[2025-01-13T23:59:28.241+0000] {logging_mixin.py:190} INFO - [2025-01-13T23:59:28.241+0000] {dag.py:3239} INFO - Sync 1 DAGs
[2025-01-13T23:59:28.259+0000] {logging_mixin.py:190} INFO - [2025-01-13T23:59:28.259+0000] {dag.py:4180} INFO - Setting next_dagrun for example_complex to None, run_after=None
[2025-01-13T23:59:28.290+0000] {processor.py:208} INFO - Processing /home/airflow/.local/lib/python3.12/site-packages/airflow/example_dags/example_complex.py took 0.127 seconds
[2025-01-13T23:59:59.382+0000] {processor.py:186} INFO - Started process (PID=4384) to work on /home/airflow/.local/lib/python3.12/site-packages/airflow/example_dags/example_complex.py
[2025-01-13T23:59:59.383+0000] {processor.py:914} INFO - Processing file /home/airflow/.local/lib/python3.12/site-packages/airflow/example_dags/example_complex.py for tasks to queue
[2025-01-13T23:59:59.385+0000] {logging_mixin.py:190} INFO - [2025-01-13T23:59:59.385+0000] {dagbag.py:588} INFO - Filling up the DagBag from /home/airflow/.local/lib/python3.12/site-packages/airflow/example_dags/example_complex.py
[2025-01-13T23:59:59.394+0000] {processor.py:925} INFO - DAG(s) 'example_complex' retrieved from /home/airflow/.local/lib/python3.12/site-packages/airflow/example_dags/example_complex.py
[2025-01-13T23:59:59.424+0000] {logging_mixin.py:190} INFO - [2025-01-13T23:59:59.424+0000] {dag.py:3239} INFO - Sync 1 DAGs
[2025-01-13T23:59:59.437+0000] {logging_mixin.py:190} INFO - [2025-01-13T23:59:59.437+0000] {dag.py:4180} INFO - Setting next_dagrun for example_complex to None, run_after=None
[2025-01-13T23:59:59.456+0000] {processor.py:208} INFO - Processing /home/airflow/.local/lib/python3.12/site-packages/airflow/example_dags/example_complex.py took 0.079 seconds
