[2025-01-13T23:25:48.715+0000] {processor.py:186} INFO - Started process (PID=112) to work on /home/airflow/.local/lib/python3.12/site-packages/airflow/example_dags/example_short_circuit_operator.py
[2025-01-13T23:25:48.716+0000] {processor.py:914} INFO - Processing file /home/airflow/.local/lib/python3.12/site-packages/airflow/example_dags/example_short_circuit_operator.py for tasks to queue
[2025-01-13T23:25:48.719+0000] {logging_mixin.py:190} INFO - [2025-01-13T23:25:48.719+0000] {dagbag.py:588} INFO - Filling up the DagBag from /home/airflow/.local/lib/python3.12/site-packages/airflow/example_dags/example_short_circuit_operator.py
[2025-01-13T23:25:48.729+0000] {processor.py:925} INFO - DAG(s) 'example_short_circuit_operator' retrieved from /home/airflow/.local/lib/python3.12/site-packages/airflow/example_dags/example_short_circuit_operator.py
[2025-01-13T23:25:48.755+0000] {logging_mixin.py:190} INFO - [2025-01-13T23:25:48.755+0000] {dag.py:3239} INFO - Sync 1 DAGs
[2025-01-13T23:25:48.772+0000] {logging_mixin.py:190} INFO - [2025-01-13T23:25:48.771+0000] {dag.py:4180} INFO - Setting next_dagrun for example_short_circuit_operator to None, run_after=None
[2025-01-13T23:25:48.793+0000] {processor.py:208} INFO - Processing /home/airflow/.local/lib/python3.12/site-packages/airflow/example_dags/example_short_circuit_operator.py took 0.082 seconds
[2025-01-13T23:26:20.074+0000] {processor.py:186} INFO - Started process (PID=176) to work on /home/airflow/.local/lib/python3.12/site-packages/airflow/example_dags/example_short_circuit_operator.py
[2025-01-13T23:26:20.076+0000] {processor.py:914} INFO - Processing file /home/airflow/.local/lib/python3.12/site-packages/airflow/example_dags/example_short_circuit_operator.py for tasks to queue
[2025-01-13T23:26:20.080+0000] {logging_mixin.py:190} INFO - [2025-01-13T23:26:20.080+0000] {dagbag.py:588} INFO - Filling up the DagBag from /home/airflow/.local/lib/python3.12/site-packages/airflow/example_dags/example_short_circuit_operator.py
[2025-01-13T23:26:20.089+0000] {processor.py:925} INFO - DAG(s) 'example_short_circuit_operator' retrieved from /home/airflow/.local/lib/python3.12/site-packages/airflow/example_dags/example_short_circuit_operator.py
[2025-01-13T23:26:20.113+0000] {logging_mixin.py:190} INFO - [2025-01-13T23:26:20.113+0000] {dag.py:3239} INFO - Sync 1 DAGs
[2025-01-13T23:26:20.125+0000] {logging_mixin.py:190} INFO - [2025-01-13T23:26:20.125+0000] {dag.py:4180} INFO - Setting next_dagrun for example_short_circuit_operator to None, run_after=None
[2025-01-13T23:26:20.153+0000] {processor.py:208} INFO - Processing /home/airflow/.local/lib/python3.12/site-packages/airflow/example_dags/example_short_circuit_operator.py took 0.082 seconds
[2025-01-13T23:26:51.227+0000] {processor.py:186} INFO - Started process (PID=240) to work on /home/airflow/.local/lib/python3.12/site-packages/airflow/example_dags/example_short_circuit_operator.py
[2025-01-13T23:26:51.228+0000] {processor.py:914} INFO - Processing file /home/airflow/.local/lib/python3.12/site-packages/airflow/example_dags/example_short_circuit_operator.py for tasks to queue
[2025-01-13T23:26:51.231+0000] {logging_mixin.py:190} INFO - [2025-01-13T23:26:51.230+0000] {dagbag.py:588} INFO - Filling up the DagBag from /home/airflow/.local/lib/python3.12/site-packages/airflow/example_dags/example_short_circuit_operator.py
[2025-01-13T23:26:51.237+0000] {processor.py:925} INFO - DAG(s) 'example_short_circuit_operator' retrieved from /home/airflow/.local/lib/python3.12/site-packages/airflow/example_dags/example_short_circuit_operator.py
[2025-01-13T23:26:51.261+0000] {logging_mixin.py:190} INFO - [2025-01-13T23:26:51.260+0000] {dag.py:3239} INFO - Sync 1 DAGs
[2025-01-13T23:26:51.273+0000] {logging_mixin.py:190} INFO - [2025-01-13T23:26:51.273+0000] {dag.py:4180} INFO - Setting next_dagrun for example_short_circuit_operator to None, run_after=None
[2025-01-13T23:26:51.293+0000] {processor.py:208} INFO - Processing /home/airflow/.local/lib/python3.12/site-packages/airflow/example_dags/example_short_circuit_operator.py took 0.071 seconds
[2025-01-13T23:27:22.268+0000] {processor.py:186} INFO - Started process (PID=304) to work on /home/airflow/.local/lib/python3.12/site-packages/airflow/example_dags/example_short_circuit_operator.py
[2025-01-13T23:27:22.270+0000] {processor.py:914} INFO - Processing file /home/airflow/.local/lib/python3.12/site-packages/airflow/example_dags/example_short_circuit_operator.py for tasks to queue
[2025-01-13T23:27:22.272+0000] {logging_mixin.py:190} INFO - [2025-01-13T23:27:22.272+0000] {dagbag.py:588} INFO - Filling up the DagBag from /home/airflow/.local/lib/python3.12/site-packages/airflow/example_dags/example_short_circuit_operator.py
[2025-01-13T23:27:22.278+0000] {processor.py:925} INFO - DAG(s) 'example_short_circuit_operator' retrieved from /home/airflow/.local/lib/python3.12/site-packages/airflow/example_dags/example_short_circuit_operator.py
[2025-01-13T23:27:22.295+0000] {logging_mixin.py:190} INFO - [2025-01-13T23:27:22.295+0000] {dag.py:3239} INFO - Sync 1 DAGs
[2025-01-13T23:27:22.305+0000] {logging_mixin.py:190} INFO - [2025-01-13T23:27:22.305+0000] {dag.py:4180} INFO - Setting next_dagrun for example_short_circuit_operator to None, run_after=None
[2025-01-13T23:27:22.320+0000] {processor.py:208} INFO - Processing /home/airflow/.local/lib/python3.12/site-packages/airflow/example_dags/example_short_circuit_operator.py took 0.055 seconds
[2025-01-13T23:27:53.366+0000] {processor.py:186} INFO - Started process (PID=368) to work on /home/airflow/.local/lib/python3.12/site-packages/airflow/example_dags/example_short_circuit_operator.py
[2025-01-13T23:27:53.368+0000] {processor.py:914} INFO - Processing file /home/airflow/.local/lib/python3.12/site-packages/airflow/example_dags/example_short_circuit_operator.py for tasks to queue
[2025-01-13T23:27:53.370+0000] {logging_mixin.py:190} INFO - [2025-01-13T23:27:53.370+0000] {dagbag.py:588} INFO - Filling up the DagBag from /home/airflow/.local/lib/python3.12/site-packages/airflow/example_dags/example_short_circuit_operator.py
[2025-01-13T23:27:53.379+0000] {processor.py:925} INFO - DAG(s) 'example_short_circuit_operator' retrieved from /home/airflow/.local/lib/python3.12/site-packages/airflow/example_dags/example_short_circuit_operator.py
[2025-01-13T23:27:53.406+0000] {logging_mixin.py:190} INFO - [2025-01-13T23:27:53.405+0000] {dag.py:3239} INFO - Sync 1 DAGs
[2025-01-13T23:27:53.417+0000] {logging_mixin.py:190} INFO - [2025-01-13T23:27:53.417+0000] {dag.py:4180} INFO - Setting next_dagrun for example_short_circuit_operator to None, run_after=None
[2025-01-13T23:27:53.435+0000] {processor.py:208} INFO - Processing /home/airflow/.local/lib/python3.12/site-packages/airflow/example_dags/example_short_circuit_operator.py took 0.073 seconds
[2025-01-13T23:28:24.683+0000] {processor.py:186} INFO - Started process (PID=431) to work on /home/airflow/.local/lib/python3.12/site-packages/airflow/example_dags/example_short_circuit_operator.py
[2025-01-13T23:28:24.685+0000] {processor.py:914} INFO - Processing file /home/airflow/.local/lib/python3.12/site-packages/airflow/example_dags/example_short_circuit_operator.py for tasks to queue
[2025-01-13T23:28:24.688+0000] {logging_mixin.py:190} INFO - [2025-01-13T23:28:24.687+0000] {dagbag.py:588} INFO - Filling up the DagBag from /home/airflow/.local/lib/python3.12/site-packages/airflow/example_dags/example_short_circuit_operator.py
[2025-01-13T23:28:24.695+0000] {processor.py:925} INFO - DAG(s) 'example_short_circuit_operator' retrieved from /home/airflow/.local/lib/python3.12/site-packages/airflow/example_dags/example_short_circuit_operator.py
[2025-01-13T23:28:24.714+0000] {logging_mixin.py:190} INFO - [2025-01-13T23:28:24.714+0000] {dag.py:3239} INFO - Sync 1 DAGs
[2025-01-13T23:28:24.725+0000] {logging_mixin.py:190} INFO - [2025-01-13T23:28:24.725+0000] {dag.py:4180} INFO - Setting next_dagrun for example_short_circuit_operator to None, run_after=None
[2025-01-13T23:28:24.741+0000] {processor.py:208} INFO - Processing /home/airflow/.local/lib/python3.12/site-packages/airflow/example_dags/example_short_circuit_operator.py took 0.062 seconds
[2025-01-13T23:28:55.551+0000] {processor.py:186} INFO - Started process (PID=495) to work on /home/airflow/.local/lib/python3.12/site-packages/airflow/example_dags/example_short_circuit_operator.py
[2025-01-13T23:28:55.552+0000] {processor.py:914} INFO - Processing file /home/airflow/.local/lib/python3.12/site-packages/airflow/example_dags/example_short_circuit_operator.py for tasks to queue
[2025-01-13T23:28:55.554+0000] {logging_mixin.py:190} INFO - [2025-01-13T23:28:55.554+0000] {dagbag.py:588} INFO - Filling up the DagBag from /home/airflow/.local/lib/python3.12/site-packages/airflow/example_dags/example_short_circuit_operator.py
[2025-01-13T23:28:55.559+0000] {processor.py:925} INFO - DAG(s) 'example_short_circuit_operator' retrieved from /home/airflow/.local/lib/python3.12/site-packages/airflow/example_dags/example_short_circuit_operator.py
[2025-01-13T23:28:55.575+0000] {logging_mixin.py:190} INFO - [2025-01-13T23:28:55.575+0000] {dag.py:3239} INFO - Sync 1 DAGs
[2025-01-13T23:28:55.585+0000] {logging_mixin.py:190} INFO - [2025-01-13T23:28:55.585+0000] {dag.py:4180} INFO - Setting next_dagrun for example_short_circuit_operator to None, run_after=None
[2025-01-13T23:28:55.598+0000] {processor.py:208} INFO - Processing /home/airflow/.local/lib/python3.12/site-packages/airflow/example_dags/example_short_circuit_operator.py took 0.051 seconds
[2025-01-13T23:29:26.376+0000] {processor.py:186} INFO - Started process (PID=558) to work on /home/airflow/.local/lib/python3.12/site-packages/airflow/example_dags/example_short_circuit_operator.py
[2025-01-13T23:29:26.377+0000] {processor.py:914} INFO - Processing file /home/airflow/.local/lib/python3.12/site-packages/airflow/example_dags/example_short_circuit_operator.py for tasks to queue
[2025-01-13T23:29:26.379+0000] {logging_mixin.py:190} INFO - [2025-01-13T23:29:26.379+0000] {dagbag.py:588} INFO - Filling up the DagBag from /home/airflow/.local/lib/python3.12/site-packages/airflow/example_dags/example_short_circuit_operator.py
[2025-01-13T23:29:26.384+0000] {processor.py:925} INFO - DAG(s) 'example_short_circuit_operator' retrieved from /home/airflow/.local/lib/python3.12/site-packages/airflow/example_dags/example_short_circuit_operator.py
[2025-01-13T23:29:26.399+0000] {logging_mixin.py:190} INFO - [2025-01-13T23:29:26.399+0000] {dag.py:3239} INFO - Sync 1 DAGs
[2025-01-13T23:29:26.410+0000] {logging_mixin.py:190} INFO - [2025-01-13T23:29:26.409+0000] {dag.py:4180} INFO - Setting next_dagrun for example_short_circuit_operator to None, run_after=None
[2025-01-13T23:29:26.423+0000] {processor.py:208} INFO - Processing /home/airflow/.local/lib/python3.12/site-packages/airflow/example_dags/example_short_circuit_operator.py took 0.051 seconds
[2025-01-13T23:29:57.452+0000] {processor.py:186} INFO - Started process (PID=622) to work on /home/airflow/.local/lib/python3.12/site-packages/airflow/example_dags/example_short_circuit_operator.py
[2025-01-13T23:29:57.453+0000] {processor.py:914} INFO - Processing file /home/airflow/.local/lib/python3.12/site-packages/airflow/example_dags/example_short_circuit_operator.py for tasks to queue
[2025-01-13T23:29:57.456+0000] {logging_mixin.py:190} INFO - [2025-01-13T23:29:57.455+0000] {dagbag.py:588} INFO - Filling up the DagBag from /home/airflow/.local/lib/python3.12/site-packages/airflow/example_dags/example_short_circuit_operator.py
[2025-01-13T23:29:57.462+0000] {processor.py:925} INFO - DAG(s) 'example_short_circuit_operator' retrieved from /home/airflow/.local/lib/python3.12/site-packages/airflow/example_dags/example_short_circuit_operator.py
[2025-01-13T23:29:57.482+0000] {logging_mixin.py:190} INFO - [2025-01-13T23:29:57.482+0000] {dag.py:3239} INFO - Sync 1 DAGs
[2025-01-13T23:29:57.495+0000] {logging_mixin.py:190} INFO - [2025-01-13T23:29:57.494+0000] {dag.py:4180} INFO - Setting next_dagrun for example_short_circuit_operator to None, run_after=None
[2025-01-13T23:29:57.516+0000] {processor.py:208} INFO - Processing /home/airflow/.local/lib/python3.12/site-packages/airflow/example_dags/example_short_circuit_operator.py took 0.068 seconds
[2025-01-13T23:30:28.895+0000] {processor.py:186} INFO - Started process (PID=686) to work on /home/airflow/.local/lib/python3.12/site-packages/airflow/example_dags/example_short_circuit_operator.py
[2025-01-13T23:30:28.896+0000] {processor.py:914} INFO - Processing file /home/airflow/.local/lib/python3.12/site-packages/airflow/example_dags/example_short_circuit_operator.py for tasks to queue
[2025-01-13T23:30:28.900+0000] {logging_mixin.py:190} INFO - [2025-01-13T23:30:28.900+0000] {dagbag.py:588} INFO - Filling up the DagBag from /home/airflow/.local/lib/python3.12/site-packages/airflow/example_dags/example_short_circuit_operator.py
[2025-01-13T23:30:28.910+0000] {processor.py:925} INFO - DAG(s) 'example_short_circuit_operator' retrieved from /home/airflow/.local/lib/python3.12/site-packages/airflow/example_dags/example_short_circuit_operator.py
[2025-01-13T23:30:28.934+0000] {logging_mixin.py:190} INFO - [2025-01-13T23:30:28.934+0000] {dag.py:3239} INFO - Sync 1 DAGs
[2025-01-13T23:30:28.948+0000] {logging_mixin.py:190} INFO - [2025-01-13T23:30:28.948+0000] {dag.py:4180} INFO - Setting next_dagrun for example_short_circuit_operator to None, run_after=None
[2025-01-13T23:30:28.972+0000] {processor.py:208} INFO - Processing /home/airflow/.local/lib/python3.12/site-packages/airflow/example_dags/example_short_circuit_operator.py took 0.081 seconds
[2025-01-13T23:30:59.392+0000] {processor.py:186} INFO - Started process (PID=750) to work on /home/airflow/.local/lib/python3.12/site-packages/airflow/example_dags/example_short_circuit_operator.py
[2025-01-13T23:30:59.393+0000] {processor.py:914} INFO - Processing file /home/airflow/.local/lib/python3.12/site-packages/airflow/example_dags/example_short_circuit_operator.py for tasks to queue
[2025-01-13T23:30:59.396+0000] {logging_mixin.py:190} INFO - [2025-01-13T23:30:59.396+0000] {dagbag.py:588} INFO - Filling up the DagBag from /home/airflow/.local/lib/python3.12/site-packages/airflow/example_dags/example_short_circuit_operator.py
[2025-01-13T23:30:59.401+0000] {processor.py:925} INFO - DAG(s) 'example_short_circuit_operator' retrieved from /home/airflow/.local/lib/python3.12/site-packages/airflow/example_dags/example_short_circuit_operator.py
[2025-01-13T23:30:59.419+0000] {logging_mixin.py:190} INFO - [2025-01-13T23:30:59.418+0000] {dag.py:3239} INFO - Sync 1 DAGs
[2025-01-13T23:30:59.430+0000] {logging_mixin.py:190} INFO - [2025-01-13T23:30:59.430+0000] {dag.py:4180} INFO - Setting next_dagrun for example_short_circuit_operator to None, run_after=None
[2025-01-13T23:30:59.445+0000] {processor.py:208} INFO - Processing /home/airflow/.local/lib/python3.12/site-packages/airflow/example_dags/example_short_circuit_operator.py took 0.057 seconds
[2025-01-13T23:31:30.207+0000] {processor.py:186} INFO - Started process (PID=814) to work on /home/airflow/.local/lib/python3.12/site-packages/airflow/example_dags/example_short_circuit_operator.py
[2025-01-13T23:31:30.208+0000] {processor.py:914} INFO - Processing file /home/airflow/.local/lib/python3.12/site-packages/airflow/example_dags/example_short_circuit_operator.py for tasks to queue
[2025-01-13T23:31:30.211+0000] {logging_mixin.py:190} INFO - [2025-01-13T23:31:30.211+0000] {dagbag.py:588} INFO - Filling up the DagBag from /home/airflow/.local/lib/python3.12/site-packages/airflow/example_dags/example_short_circuit_operator.py
[2025-01-13T23:31:30.217+0000] {processor.py:925} INFO - DAG(s) 'example_short_circuit_operator' retrieved from /home/airflow/.local/lib/python3.12/site-packages/airflow/example_dags/example_short_circuit_operator.py
[2025-01-13T23:31:30.234+0000] {logging_mixin.py:190} INFO - [2025-01-13T23:31:30.234+0000] {dag.py:3239} INFO - Sync 1 DAGs
[2025-01-13T23:31:30.244+0000] {logging_mixin.py:190} INFO - [2025-01-13T23:31:30.243+0000] {dag.py:4180} INFO - Setting next_dagrun for example_short_circuit_operator to None, run_after=None
[2025-01-13T23:31:30.259+0000] {processor.py:208} INFO - Processing /home/airflow/.local/lib/python3.12/site-packages/airflow/example_dags/example_short_circuit_operator.py took 0.056 seconds
[2025-01-13T23:32:00.932+0000] {processor.py:186} INFO - Started process (PID=877) to work on /home/airflow/.local/lib/python3.12/site-packages/airflow/example_dags/example_short_circuit_operator.py
[2025-01-13T23:32:00.933+0000] {processor.py:914} INFO - Processing file /home/airflow/.local/lib/python3.12/site-packages/airflow/example_dags/example_short_circuit_operator.py for tasks to queue
[2025-01-13T23:32:00.936+0000] {logging_mixin.py:190} INFO - [2025-01-13T23:32:00.935+0000] {dagbag.py:588} INFO - Filling up the DagBag from /home/airflow/.local/lib/python3.12/site-packages/airflow/example_dags/example_short_circuit_operator.py
[2025-01-13T23:32:00.941+0000] {processor.py:925} INFO - DAG(s) 'example_short_circuit_operator' retrieved from /home/airflow/.local/lib/python3.12/site-packages/airflow/example_dags/example_short_circuit_operator.py
[2025-01-13T23:32:00.958+0000] {logging_mixin.py:190} INFO - [2025-01-13T23:32:00.958+0000] {dag.py:3239} INFO - Sync 1 DAGs
[2025-01-13T23:32:00.969+0000] {logging_mixin.py:190} INFO - [2025-01-13T23:32:00.968+0000] {dag.py:4180} INFO - Setting next_dagrun for example_short_circuit_operator to None, run_after=None
[2025-01-13T23:32:00.985+0000] {processor.py:208} INFO - Processing /home/airflow/.local/lib/python3.12/site-packages/airflow/example_dags/example_short_circuit_operator.py took 0.056 seconds
[2025-01-13T23:32:31.858+0000] {processor.py:186} INFO - Started process (PID=941) to work on /home/airflow/.local/lib/python3.12/site-packages/airflow/example_dags/example_short_circuit_operator.py
[2025-01-13T23:32:31.859+0000] {processor.py:914} INFO - Processing file /home/airflow/.local/lib/python3.12/site-packages/airflow/example_dags/example_short_circuit_operator.py for tasks to queue
[2025-01-13T23:32:31.861+0000] {logging_mixin.py:190} INFO - [2025-01-13T23:32:31.861+0000] {dagbag.py:588} INFO - Filling up the DagBag from /home/airflow/.local/lib/python3.12/site-packages/airflow/example_dags/example_short_circuit_operator.py
[2025-01-13T23:32:31.866+0000] {processor.py:925} INFO - DAG(s) 'example_short_circuit_operator' retrieved from /home/airflow/.local/lib/python3.12/site-packages/airflow/example_dags/example_short_circuit_operator.py
[2025-01-13T23:32:31.882+0000] {logging_mixin.py:190} INFO - [2025-01-13T23:32:31.882+0000] {dag.py:3239} INFO - Sync 1 DAGs
[2025-01-13T23:32:31.892+0000] {logging_mixin.py:190} INFO - [2025-01-13T23:32:31.892+0000] {dag.py:4180} INFO - Setting next_dagrun for example_short_circuit_operator to None, run_after=None
[2025-01-13T23:32:31.907+0000] {processor.py:208} INFO - Processing /home/airflow/.local/lib/python3.12/site-packages/airflow/example_dags/example_short_circuit_operator.py took 0.053 seconds
[2025-01-13T23:33:02.530+0000] {processor.py:186} INFO - Started process (PID=1005) to work on /home/airflow/.local/lib/python3.12/site-packages/airflow/example_dags/example_short_circuit_operator.py
[2025-01-13T23:33:02.532+0000] {processor.py:914} INFO - Processing file /home/airflow/.local/lib/python3.12/site-packages/airflow/example_dags/example_short_circuit_operator.py for tasks to queue
[2025-01-13T23:33:02.533+0000] {logging_mixin.py:190} INFO - [2025-01-13T23:33:02.533+0000] {dagbag.py:588} INFO - Filling up the DagBag from /home/airflow/.local/lib/python3.12/site-packages/airflow/example_dags/example_short_circuit_operator.py
[2025-01-13T23:33:02.539+0000] {processor.py:925} INFO - DAG(s) 'example_short_circuit_operator' retrieved from /home/airflow/.local/lib/python3.12/site-packages/airflow/example_dags/example_short_circuit_operator.py
[2025-01-13T23:33:02.556+0000] {logging_mixin.py:190} INFO - [2025-01-13T23:33:02.556+0000] {dag.py:3239} INFO - Sync 1 DAGs
[2025-01-13T23:33:02.565+0000] {logging_mixin.py:190} INFO - [2025-01-13T23:33:02.565+0000] {dag.py:4180} INFO - Setting next_dagrun for example_short_circuit_operator to None, run_after=None
[2025-01-13T23:33:02.583+0000] {processor.py:208} INFO - Processing /home/airflow/.local/lib/python3.12/site-packages/airflow/example_dags/example_short_circuit_operator.py took 0.057 seconds
[2025-01-13T23:33:33.943+0000] {processor.py:186} INFO - Started process (PID=1069) to work on /home/airflow/.local/lib/python3.12/site-packages/airflow/example_dags/example_short_circuit_operator.py
[2025-01-13T23:33:33.944+0000] {processor.py:914} INFO - Processing file /home/airflow/.local/lib/python3.12/site-packages/airflow/example_dags/example_short_circuit_operator.py for tasks to queue
[2025-01-13T23:33:33.948+0000] {logging_mixin.py:190} INFO - [2025-01-13T23:33:33.948+0000] {dagbag.py:588} INFO - Filling up the DagBag from /home/airflow/.local/lib/python3.12/site-packages/airflow/example_dags/example_short_circuit_operator.py
[2025-01-13T23:33:33.958+0000] {processor.py:925} INFO - DAG(s) 'example_short_circuit_operator' retrieved from /home/airflow/.local/lib/python3.12/site-packages/airflow/example_dags/example_short_circuit_operator.py
[2025-01-13T23:33:33.982+0000] {logging_mixin.py:190} INFO - [2025-01-13T23:33:33.982+0000] {dag.py:3239} INFO - Sync 1 DAGs
[2025-01-13T23:33:33.996+0000] {logging_mixin.py:190} INFO - [2025-01-13T23:33:33.996+0000] {dag.py:4180} INFO - Setting next_dagrun for example_short_circuit_operator to None, run_after=None
[2025-01-13T23:33:34.017+0000] {processor.py:208} INFO - Processing /home/airflow/.local/lib/python3.12/site-packages/airflow/example_dags/example_short_circuit_operator.py took 0.080 seconds
[2025-01-13T23:34:04.975+0000] {processor.py:186} INFO - Started process (PID=1133) to work on /home/airflow/.local/lib/python3.12/site-packages/airflow/example_dags/example_short_circuit_operator.py
[2025-01-13T23:34:04.976+0000] {processor.py:914} INFO - Processing file /home/airflow/.local/lib/python3.12/site-packages/airflow/example_dags/example_short_circuit_operator.py for tasks to queue
[2025-01-13T23:34:04.979+0000] {logging_mixin.py:190} INFO - [2025-01-13T23:34:04.979+0000] {dagbag.py:588} INFO - Filling up the DagBag from /home/airflow/.local/lib/python3.12/site-packages/airflow/example_dags/example_short_circuit_operator.py
[2025-01-13T23:34:04.986+0000] {processor.py:925} INFO - DAG(s) 'example_short_circuit_operator' retrieved from /home/airflow/.local/lib/python3.12/site-packages/airflow/example_dags/example_short_circuit_operator.py
[2025-01-13T23:34:05.004+0000] {logging_mixin.py:190} INFO - [2025-01-13T23:34:05.004+0000] {dag.py:3239} INFO - Sync 1 DAGs
[2025-01-13T23:34:05.015+0000] {logging_mixin.py:190} INFO - [2025-01-13T23:34:05.015+0000] {dag.py:4180} INFO - Setting next_dagrun for example_short_circuit_operator to None, run_after=None
[2025-01-13T23:34:05.037+0000] {processor.py:208} INFO - Processing /home/airflow/.local/lib/python3.12/site-packages/airflow/example_dags/example_short_circuit_operator.py took 0.067 seconds
[2025-01-13T23:34:36.023+0000] {processor.py:186} INFO - Started process (PID=1197) to work on /home/airflow/.local/lib/python3.12/site-packages/airflow/example_dags/example_short_circuit_operator.py
[2025-01-13T23:34:36.024+0000] {processor.py:914} INFO - Processing file /home/airflow/.local/lib/python3.12/site-packages/airflow/example_dags/example_short_circuit_operator.py for tasks to queue
[2025-01-13T23:34:36.027+0000] {logging_mixin.py:190} INFO - [2025-01-13T23:34:36.026+0000] {dagbag.py:588} INFO - Filling up the DagBag from /home/airflow/.local/lib/python3.12/site-packages/airflow/example_dags/example_short_circuit_operator.py
[2025-01-13T23:34:36.034+0000] {processor.py:925} INFO - DAG(s) 'example_short_circuit_operator' retrieved from /home/airflow/.local/lib/python3.12/site-packages/airflow/example_dags/example_short_circuit_operator.py
[2025-01-13T23:34:36.055+0000] {logging_mixin.py:190} INFO - [2025-01-13T23:34:36.055+0000] {dag.py:3239} INFO - Sync 1 DAGs
[2025-01-13T23:34:36.065+0000] {logging_mixin.py:190} INFO - [2025-01-13T23:34:36.065+0000] {dag.py:4180} INFO - Setting next_dagrun for example_short_circuit_operator to None, run_after=None
[2025-01-13T23:34:36.083+0000] {processor.py:208} INFO - Processing /home/airflow/.local/lib/python3.12/site-packages/airflow/example_dags/example_short_circuit_operator.py took 0.065 seconds
[2025-01-13T23:35:06.942+0000] {processor.py:186} INFO - Started process (PID=1261) to work on /home/airflow/.local/lib/python3.12/site-packages/airflow/example_dags/example_short_circuit_operator.py
[2025-01-13T23:35:06.943+0000] {processor.py:914} INFO - Processing file /home/airflow/.local/lib/python3.12/site-packages/airflow/example_dags/example_short_circuit_operator.py for tasks to queue
[2025-01-13T23:35:06.947+0000] {logging_mixin.py:190} INFO - [2025-01-13T23:35:06.946+0000] {dagbag.py:588} INFO - Filling up the DagBag from /home/airflow/.local/lib/python3.12/site-packages/airflow/example_dags/example_short_circuit_operator.py
[2025-01-13T23:35:06.955+0000] {processor.py:925} INFO - DAG(s) 'example_short_circuit_operator' retrieved from /home/airflow/.local/lib/python3.12/site-packages/airflow/example_dags/example_short_circuit_operator.py
[2025-01-13T23:35:06.974+0000] {logging_mixin.py:190} INFO - [2025-01-13T23:35:06.974+0000] {dag.py:3239} INFO - Sync 1 DAGs
[2025-01-13T23:35:06.988+0000] {logging_mixin.py:190} INFO - [2025-01-13T23:35:06.988+0000] {dag.py:4180} INFO - Setting next_dagrun for example_short_circuit_operator to None, run_after=None
[2025-01-13T23:35:07.005+0000] {processor.py:208} INFO - Processing /home/airflow/.local/lib/python3.12/site-packages/airflow/example_dags/example_short_circuit_operator.py took 0.068 seconds
[2025-01-13T23:35:37.624+0000] {processor.py:186} INFO - Started process (PID=1325) to work on /home/airflow/.local/lib/python3.12/site-packages/airflow/example_dags/example_short_circuit_operator.py
[2025-01-13T23:35:37.625+0000] {processor.py:914} INFO - Processing file /home/airflow/.local/lib/python3.12/site-packages/airflow/example_dags/example_short_circuit_operator.py for tasks to queue
[2025-01-13T23:35:37.628+0000] {logging_mixin.py:190} INFO - [2025-01-13T23:35:37.627+0000] {dagbag.py:588} INFO - Filling up the DagBag from /home/airflow/.local/lib/python3.12/site-packages/airflow/example_dags/example_short_circuit_operator.py
[2025-01-13T23:35:37.634+0000] {processor.py:925} INFO - DAG(s) 'example_short_circuit_operator' retrieved from /home/airflow/.local/lib/python3.12/site-packages/airflow/example_dags/example_short_circuit_operator.py
[2025-01-13T23:35:37.654+0000] {logging_mixin.py:190} INFO - [2025-01-13T23:35:37.654+0000] {dag.py:3239} INFO - Sync 1 DAGs
[2025-01-13T23:35:37.668+0000] {logging_mixin.py:190} INFO - [2025-01-13T23:35:37.667+0000] {dag.py:4180} INFO - Setting next_dagrun for example_short_circuit_operator to None, run_after=None
[2025-01-13T23:35:37.687+0000] {processor.py:208} INFO - Processing /home/airflow/.local/lib/python3.12/site-packages/airflow/example_dags/example_short_circuit_operator.py took 0.067 seconds
[2025-01-13T23:36:08.905+0000] {processor.py:186} INFO - Started process (PID=1389) to work on /home/airflow/.local/lib/python3.12/site-packages/airflow/example_dags/example_short_circuit_operator.py
[2025-01-13T23:36:08.906+0000] {processor.py:914} INFO - Processing file /home/airflow/.local/lib/python3.12/site-packages/airflow/example_dags/example_short_circuit_operator.py for tasks to queue
[2025-01-13T23:36:08.910+0000] {logging_mixin.py:190} INFO - [2025-01-13T23:36:08.909+0000] {dagbag.py:588} INFO - Filling up the DagBag from /home/airflow/.local/lib/python3.12/site-packages/airflow/example_dags/example_short_circuit_operator.py
[2025-01-13T23:36:08.921+0000] {processor.py:925} INFO - DAG(s) 'example_short_circuit_operator' retrieved from /home/airflow/.local/lib/python3.12/site-packages/airflow/example_dags/example_short_circuit_operator.py
[2025-01-13T23:36:08.941+0000] {logging_mixin.py:190} INFO - [2025-01-13T23:36:08.941+0000] {dag.py:3239} INFO - Sync 1 DAGs
[2025-01-13T23:36:08.952+0000] {logging_mixin.py:190} INFO - [2025-01-13T23:36:08.951+0000] {dag.py:4180} INFO - Setting next_dagrun for example_short_circuit_operator to None, run_after=None
[2025-01-13T23:36:08.969+0000] {processor.py:208} INFO - Processing /home/airflow/.local/lib/python3.12/site-packages/airflow/example_dags/example_short_circuit_operator.py took 0.068 seconds
[2025-01-13T23:36:39.689+0000] {processor.py:186} INFO - Started process (PID=1453) to work on /home/airflow/.local/lib/python3.12/site-packages/airflow/example_dags/example_short_circuit_operator.py
[2025-01-13T23:36:39.690+0000] {processor.py:914} INFO - Processing file /home/airflow/.local/lib/python3.12/site-packages/airflow/example_dags/example_short_circuit_operator.py for tasks to queue
[2025-01-13T23:36:39.693+0000] {logging_mixin.py:190} INFO - [2025-01-13T23:36:39.693+0000] {dagbag.py:588} INFO - Filling up the DagBag from /home/airflow/.local/lib/python3.12/site-packages/airflow/example_dags/example_short_circuit_operator.py
[2025-01-13T23:36:39.700+0000] {processor.py:925} INFO - DAG(s) 'example_short_circuit_operator' retrieved from /home/airflow/.local/lib/python3.12/site-packages/airflow/example_dags/example_short_circuit_operator.py
[2025-01-13T23:36:39.721+0000] {logging_mixin.py:190} INFO - [2025-01-13T23:36:39.720+0000] {dag.py:3239} INFO - Sync 1 DAGs
[2025-01-13T23:36:39.732+0000] {logging_mixin.py:190} INFO - [2025-01-13T23:36:39.731+0000] {dag.py:4180} INFO - Setting next_dagrun for example_short_circuit_operator to None, run_after=None
[2025-01-13T23:36:39.756+0000] {processor.py:208} INFO - Processing /home/airflow/.local/lib/python3.12/site-packages/airflow/example_dags/example_short_circuit_operator.py took 0.071 seconds
[2025-01-13T23:37:10.571+0000] {processor.py:186} INFO - Started process (PID=1517) to work on /home/airflow/.local/lib/python3.12/site-packages/airflow/example_dags/example_short_circuit_operator.py
[2025-01-13T23:37:10.573+0000] {processor.py:914} INFO - Processing file /home/airflow/.local/lib/python3.12/site-packages/airflow/example_dags/example_short_circuit_operator.py for tasks to queue
[2025-01-13T23:37:10.576+0000] {logging_mixin.py:190} INFO - [2025-01-13T23:37:10.575+0000] {dagbag.py:588} INFO - Filling up the DagBag from /home/airflow/.local/lib/python3.12/site-packages/airflow/example_dags/example_short_circuit_operator.py
[2025-01-13T23:37:10.585+0000] {processor.py:925} INFO - DAG(s) 'example_short_circuit_operator' retrieved from /home/airflow/.local/lib/python3.12/site-packages/airflow/example_dags/example_short_circuit_operator.py
[2025-01-13T23:37:10.609+0000] {logging_mixin.py:190} INFO - [2025-01-13T23:37:10.609+0000] {dag.py:3239} INFO - Sync 1 DAGs
[2025-01-13T23:37:10.620+0000] {logging_mixin.py:190} INFO - [2025-01-13T23:37:10.620+0000] {dag.py:4180} INFO - Setting next_dagrun for example_short_circuit_operator to None, run_after=None
[2025-01-13T23:37:10.634+0000] {processor.py:208} INFO - Processing /home/airflow/.local/lib/python3.12/site-packages/airflow/example_dags/example_short_circuit_operator.py took 0.067 seconds
[2025-01-13T23:37:41.710+0000] {processor.py:186} INFO - Started process (PID=1581) to work on /home/airflow/.local/lib/python3.12/site-packages/airflow/example_dags/example_short_circuit_operator.py
[2025-01-13T23:37:41.712+0000] {processor.py:914} INFO - Processing file /home/airflow/.local/lib/python3.12/site-packages/airflow/example_dags/example_short_circuit_operator.py for tasks to queue
[2025-01-13T23:37:41.715+0000] {logging_mixin.py:190} INFO - [2025-01-13T23:37:41.715+0000] {dagbag.py:588} INFO - Filling up the DagBag from /home/airflow/.local/lib/python3.12/site-packages/airflow/example_dags/example_short_circuit_operator.py
[2025-01-13T23:37:41.729+0000] {processor.py:925} INFO - DAG(s) 'example_short_circuit_operator' retrieved from /home/airflow/.local/lib/python3.12/site-packages/airflow/example_dags/example_short_circuit_operator.py
[2025-01-13T23:37:41.757+0000] {logging_mixin.py:190} INFO - [2025-01-13T23:37:41.756+0000] {dag.py:3239} INFO - Sync 1 DAGs
[2025-01-13T23:37:41.775+0000] {logging_mixin.py:190} INFO - [2025-01-13T23:37:41.775+0000] {dag.py:4180} INFO - Setting next_dagrun for example_short_circuit_operator to None, run_after=None
[2025-01-13T23:37:41.805+0000] {processor.py:208} INFO - Processing /home/airflow/.local/lib/python3.12/site-packages/airflow/example_dags/example_short_circuit_operator.py took 0.102 seconds
[2025-01-13T23:38:13.010+0000] {processor.py:186} INFO - Started process (PID=1645) to work on /home/airflow/.local/lib/python3.12/site-packages/airflow/example_dags/example_short_circuit_operator.py
[2025-01-13T23:38:13.011+0000] {processor.py:914} INFO - Processing file /home/airflow/.local/lib/python3.12/site-packages/airflow/example_dags/example_short_circuit_operator.py for tasks to queue
[2025-01-13T23:38:13.014+0000] {logging_mixin.py:190} INFO - [2025-01-13T23:38:13.013+0000] {dagbag.py:588} INFO - Filling up the DagBag from /home/airflow/.local/lib/python3.12/site-packages/airflow/example_dags/example_short_circuit_operator.py
[2025-01-13T23:38:13.022+0000] {processor.py:925} INFO - DAG(s) 'example_short_circuit_operator' retrieved from /home/airflow/.local/lib/python3.12/site-packages/airflow/example_dags/example_short_circuit_operator.py
[2025-01-13T23:38:13.044+0000] {logging_mixin.py:190} INFO - [2025-01-13T23:38:13.044+0000] {dag.py:3239} INFO - Sync 1 DAGs
[2025-01-13T23:38:13.059+0000] {logging_mixin.py:190} INFO - [2025-01-13T23:38:13.058+0000] {dag.py:4180} INFO - Setting next_dagrun for example_short_circuit_operator to None, run_after=None
[2025-01-13T23:38:13.075+0000] {processor.py:208} INFO - Processing /home/airflow/.local/lib/python3.12/site-packages/airflow/example_dags/example_short_circuit_operator.py took 0.070 seconds
[2025-01-13T23:38:43.950+0000] {processor.py:186} INFO - Started process (PID=1709) to work on /home/airflow/.local/lib/python3.12/site-packages/airflow/example_dags/example_short_circuit_operator.py
[2025-01-13T23:38:43.952+0000] {processor.py:914} INFO - Processing file /home/airflow/.local/lib/python3.12/site-packages/airflow/example_dags/example_short_circuit_operator.py for tasks to queue
[2025-01-13T23:38:43.953+0000] {logging_mixin.py:190} INFO - [2025-01-13T23:38:43.953+0000] {dagbag.py:588} INFO - Filling up the DagBag from /home/airflow/.local/lib/python3.12/site-packages/airflow/example_dags/example_short_circuit_operator.py
[2025-01-13T23:38:43.961+0000] {processor.py:925} INFO - DAG(s) 'example_short_circuit_operator' retrieved from /home/airflow/.local/lib/python3.12/site-packages/airflow/example_dags/example_short_circuit_operator.py
[2025-01-13T23:38:43.981+0000] {logging_mixin.py:190} INFO - [2025-01-13T23:38:43.980+0000] {dag.py:3239} INFO - Sync 1 DAGs
[2025-01-13T23:38:43.995+0000] {logging_mixin.py:190} INFO - [2025-01-13T23:38:43.994+0000] {dag.py:4180} INFO - Setting next_dagrun for example_short_circuit_operator to None, run_after=None
[2025-01-13T23:38:44.014+0000] {processor.py:208} INFO - Processing /home/airflow/.local/lib/python3.12/site-packages/airflow/example_dags/example_short_circuit_operator.py took 0.069 seconds
[2025-01-13T23:39:15.137+0000] {processor.py:186} INFO - Started process (PID=1773) to work on /home/airflow/.local/lib/python3.12/site-packages/airflow/example_dags/example_short_circuit_operator.py
[2025-01-13T23:39:15.138+0000] {processor.py:914} INFO - Processing file /home/airflow/.local/lib/python3.12/site-packages/airflow/example_dags/example_short_circuit_operator.py for tasks to queue
[2025-01-13T23:39:15.140+0000] {logging_mixin.py:190} INFO - [2025-01-13T23:39:15.140+0000] {dagbag.py:588} INFO - Filling up the DagBag from /home/airflow/.local/lib/python3.12/site-packages/airflow/example_dags/example_short_circuit_operator.py
[2025-01-13T23:39:15.148+0000] {processor.py:925} INFO - DAG(s) 'example_short_circuit_operator' retrieved from /home/airflow/.local/lib/python3.12/site-packages/airflow/example_dags/example_short_circuit_operator.py
[2025-01-13T23:39:15.170+0000] {logging_mixin.py:190} INFO - [2025-01-13T23:39:15.170+0000] {dag.py:3239} INFO - Sync 1 DAGs
[2025-01-13T23:39:15.185+0000] {logging_mixin.py:190} INFO - [2025-01-13T23:39:15.184+0000] {dag.py:4180} INFO - Setting next_dagrun for example_short_circuit_operator to None, run_after=None
[2025-01-13T23:39:15.208+0000] {processor.py:208} INFO - Processing /home/airflow/.local/lib/python3.12/site-packages/airflow/example_dags/example_short_circuit_operator.py took 0.077 seconds
[2025-01-13T23:39:46.469+0000] {processor.py:186} INFO - Started process (PID=1837) to work on /home/airflow/.local/lib/python3.12/site-packages/airflow/example_dags/example_short_circuit_operator.py
[2025-01-13T23:39:46.470+0000] {processor.py:914} INFO - Processing file /home/airflow/.local/lib/python3.12/site-packages/airflow/example_dags/example_short_circuit_operator.py for tasks to queue
[2025-01-13T23:39:46.474+0000] {logging_mixin.py:190} INFO - [2025-01-13T23:39:46.473+0000] {dagbag.py:588} INFO - Filling up the DagBag from /home/airflow/.local/lib/python3.12/site-packages/airflow/example_dags/example_short_circuit_operator.py
[2025-01-13T23:39:46.481+0000] {processor.py:925} INFO - DAG(s) 'example_short_circuit_operator' retrieved from /home/airflow/.local/lib/python3.12/site-packages/airflow/example_dags/example_short_circuit_operator.py
[2025-01-13T23:39:46.508+0000] {logging_mixin.py:190} INFO - [2025-01-13T23:39:46.508+0000] {dag.py:3239} INFO - Sync 1 DAGs
[2025-01-13T23:39:46.519+0000] {logging_mixin.py:190} INFO - [2025-01-13T23:39:46.519+0000] {dag.py:4180} INFO - Setting next_dagrun for example_short_circuit_operator to None, run_after=None
[2025-01-13T23:39:46.541+0000] {processor.py:208} INFO - Processing /home/airflow/.local/lib/python3.12/site-packages/airflow/example_dags/example_short_circuit_operator.py took 0.076 seconds
[2025-01-13T23:40:18.010+0000] {processor.py:186} INFO - Started process (PID=1901) to work on /home/airflow/.local/lib/python3.12/site-packages/airflow/example_dags/example_short_circuit_operator.py
[2025-01-13T23:40:18.012+0000] {processor.py:914} INFO - Processing file /home/airflow/.local/lib/python3.12/site-packages/airflow/example_dags/example_short_circuit_operator.py for tasks to queue
[2025-01-13T23:40:18.014+0000] {logging_mixin.py:190} INFO - [2025-01-13T23:40:18.014+0000] {dagbag.py:588} INFO - Filling up the DagBag from /home/airflow/.local/lib/python3.12/site-packages/airflow/example_dags/example_short_circuit_operator.py
[2025-01-13T23:40:18.022+0000] {processor.py:925} INFO - DAG(s) 'example_short_circuit_operator' retrieved from /home/airflow/.local/lib/python3.12/site-packages/airflow/example_dags/example_short_circuit_operator.py
[2025-01-13T23:40:18.042+0000] {logging_mixin.py:190} INFO - [2025-01-13T23:40:18.042+0000] {dag.py:3239} INFO - Sync 1 DAGs
[2025-01-13T23:40:18.054+0000] {logging_mixin.py:190} INFO - [2025-01-13T23:40:18.054+0000] {dag.py:4180} INFO - Setting next_dagrun for example_short_circuit_operator to None, run_after=None
[2025-01-13T23:40:18.068+0000] {processor.py:208} INFO - Processing /home/airflow/.local/lib/python3.12/site-packages/airflow/example_dags/example_short_circuit_operator.py took 0.063 seconds
[2025-01-13T23:40:49.554+0000] {processor.py:186} INFO - Started process (PID=1971) to work on /home/airflow/.local/lib/python3.12/site-packages/airflow/example_dags/example_short_circuit_operator.py
[2025-01-13T23:40:49.555+0000] {processor.py:914} INFO - Processing file /home/airflow/.local/lib/python3.12/site-packages/airflow/example_dags/example_short_circuit_operator.py for tasks to queue
[2025-01-13T23:40:49.557+0000] {logging_mixin.py:190} INFO - [2025-01-13T23:40:49.557+0000] {dagbag.py:588} INFO - Filling up the DagBag from /home/airflow/.local/lib/python3.12/site-packages/airflow/example_dags/example_short_circuit_operator.py
[2025-01-13T23:40:49.568+0000] {processor.py:925} INFO - DAG(s) 'example_short_circuit_operator' retrieved from /home/airflow/.local/lib/python3.12/site-packages/airflow/example_dags/example_short_circuit_operator.py
[2025-01-13T23:40:49.593+0000] {logging_mixin.py:190} INFO - [2025-01-13T23:40:49.592+0000] {dag.py:3239} INFO - Sync 1 DAGs
[2025-01-13T23:40:49.606+0000] {logging_mixin.py:190} INFO - [2025-01-13T23:40:49.606+0000] {dag.py:4180} INFO - Setting next_dagrun for example_short_circuit_operator to None, run_after=None
[2025-01-13T23:40:49.633+0000] {processor.py:208} INFO - Processing /home/airflow/.local/lib/python3.12/site-packages/airflow/example_dags/example_short_circuit_operator.py took 0.086 seconds
[2025-01-13T23:41:20.680+0000] {processor.py:186} INFO - Started process (PID=2035) to work on /home/airflow/.local/lib/python3.12/site-packages/airflow/example_dags/example_short_circuit_operator.py
[2025-01-13T23:41:20.681+0000] {processor.py:914} INFO - Processing file /home/airflow/.local/lib/python3.12/site-packages/airflow/example_dags/example_short_circuit_operator.py for tasks to queue
[2025-01-13T23:41:20.684+0000] {logging_mixin.py:190} INFO - [2025-01-13T23:41:20.684+0000] {dagbag.py:588} INFO - Filling up the DagBag from /home/airflow/.local/lib/python3.12/site-packages/airflow/example_dags/example_short_circuit_operator.py
[2025-01-13T23:41:20.693+0000] {processor.py:925} INFO - DAG(s) 'example_short_circuit_operator' retrieved from /home/airflow/.local/lib/python3.12/site-packages/airflow/example_dags/example_short_circuit_operator.py
[2025-01-13T23:41:20.722+0000] {logging_mixin.py:190} INFO - [2025-01-13T23:41:20.722+0000] {dag.py:3239} INFO - Sync 1 DAGs
[2025-01-13T23:41:20.739+0000] {logging_mixin.py:190} INFO - [2025-01-13T23:41:20.739+0000] {dag.py:4180} INFO - Setting next_dagrun for example_short_circuit_operator to None, run_after=None
[2025-01-13T23:41:20.766+0000] {processor.py:208} INFO - Processing /home/airflow/.local/lib/python3.12/site-packages/airflow/example_dags/example_short_circuit_operator.py took 0.092 seconds
[2025-01-13T23:41:52.249+0000] {processor.py:186} INFO - Started process (PID=2099) to work on /home/airflow/.local/lib/python3.12/site-packages/airflow/example_dags/example_short_circuit_operator.py
[2025-01-13T23:41:52.250+0000] {processor.py:914} INFO - Processing file /home/airflow/.local/lib/python3.12/site-packages/airflow/example_dags/example_short_circuit_operator.py for tasks to queue
[2025-01-13T23:41:52.252+0000] {logging_mixin.py:190} INFO - [2025-01-13T23:41:52.252+0000] {dagbag.py:588} INFO - Filling up the DagBag from /home/airflow/.local/lib/python3.12/site-packages/airflow/example_dags/example_short_circuit_operator.py
[2025-01-13T23:41:52.263+0000] {processor.py:925} INFO - DAG(s) 'example_short_circuit_operator' retrieved from /home/airflow/.local/lib/python3.12/site-packages/airflow/example_dags/example_short_circuit_operator.py
[2025-01-13T23:41:52.291+0000] {logging_mixin.py:190} INFO - [2025-01-13T23:41:52.290+0000] {dag.py:3239} INFO - Sync 1 DAGs
[2025-01-13T23:41:52.305+0000] {logging_mixin.py:190} INFO - [2025-01-13T23:41:52.304+0000] {dag.py:4180} INFO - Setting next_dagrun for example_short_circuit_operator to None, run_after=None
[2025-01-13T23:41:52.330+0000] {processor.py:208} INFO - Processing /home/airflow/.local/lib/python3.12/site-packages/airflow/example_dags/example_short_circuit_operator.py took 0.087 seconds
[2025-01-13T23:42:23.969+0000] {processor.py:186} INFO - Started process (PID=2163) to work on /home/airflow/.local/lib/python3.12/site-packages/airflow/example_dags/example_short_circuit_operator.py
[2025-01-13T23:42:23.970+0000] {processor.py:914} INFO - Processing file /home/airflow/.local/lib/python3.12/site-packages/airflow/example_dags/example_short_circuit_operator.py for tasks to queue
[2025-01-13T23:42:23.972+0000] {logging_mixin.py:190} INFO - [2025-01-13T23:42:23.972+0000] {dagbag.py:588} INFO - Filling up the DagBag from /home/airflow/.local/lib/python3.12/site-packages/airflow/example_dags/example_short_circuit_operator.py
[2025-01-13T23:42:23.978+0000] {processor.py:925} INFO - DAG(s) 'example_short_circuit_operator' retrieved from /home/airflow/.local/lib/python3.12/site-packages/airflow/example_dags/example_short_circuit_operator.py
[2025-01-13T23:42:23.995+0000] {logging_mixin.py:190} INFO - [2025-01-13T23:42:23.995+0000] {dag.py:3239} INFO - Sync 1 DAGs
[2025-01-13T23:42:24.010+0000] {logging_mixin.py:190} INFO - [2025-01-13T23:42:24.010+0000] {dag.py:4180} INFO - Setting next_dagrun for example_short_circuit_operator to None, run_after=None
[2025-01-13T23:42:24.026+0000] {processor.py:208} INFO - Processing /home/airflow/.local/lib/python3.12/site-packages/airflow/example_dags/example_short_circuit_operator.py took 0.062 seconds
[2025-01-13T23:42:54.534+0000] {processor.py:186} INFO - Started process (PID=2226) to work on /home/airflow/.local/lib/python3.12/site-packages/airflow/example_dags/example_short_circuit_operator.py
[2025-01-13T23:42:54.535+0000] {processor.py:914} INFO - Processing file /home/airflow/.local/lib/python3.12/site-packages/airflow/example_dags/example_short_circuit_operator.py for tasks to queue
[2025-01-13T23:42:54.537+0000] {logging_mixin.py:190} INFO - [2025-01-13T23:42:54.537+0000] {dagbag.py:588} INFO - Filling up the DagBag from /home/airflow/.local/lib/python3.12/site-packages/airflow/example_dags/example_short_circuit_operator.py
[2025-01-13T23:42:54.544+0000] {processor.py:925} INFO - DAG(s) 'example_short_circuit_operator' retrieved from /home/airflow/.local/lib/python3.12/site-packages/airflow/example_dags/example_short_circuit_operator.py
[2025-01-13T23:42:54.566+0000] {logging_mixin.py:190} INFO - [2025-01-13T23:42:54.566+0000] {dag.py:3239} INFO - Sync 1 DAGs
[2025-01-13T23:42:54.579+0000] {logging_mixin.py:190} INFO - [2025-01-13T23:42:54.579+0000] {dag.py:4180} INFO - Setting next_dagrun for example_short_circuit_operator to None, run_after=None
[2025-01-13T23:42:54.596+0000] {processor.py:208} INFO - Processing /home/airflow/.local/lib/python3.12/site-packages/airflow/example_dags/example_short_circuit_operator.py took 0.067 seconds
[2025-01-13T23:43:25.709+0000] {processor.py:186} INFO - Started process (PID=2290) to work on /home/airflow/.local/lib/python3.12/site-packages/airflow/example_dags/example_short_circuit_operator.py
[2025-01-13T23:43:25.710+0000] {processor.py:914} INFO - Processing file /home/airflow/.local/lib/python3.12/site-packages/airflow/example_dags/example_short_circuit_operator.py for tasks to queue
[2025-01-13T23:43:25.712+0000] {logging_mixin.py:190} INFO - [2025-01-13T23:43:25.712+0000] {dagbag.py:588} INFO - Filling up the DagBag from /home/airflow/.local/lib/python3.12/site-packages/airflow/example_dags/example_short_circuit_operator.py
[2025-01-13T23:43:25.717+0000] {processor.py:925} INFO - DAG(s) 'example_short_circuit_operator' retrieved from /home/airflow/.local/lib/python3.12/site-packages/airflow/example_dags/example_short_circuit_operator.py
[2025-01-13T23:43:25.732+0000] {logging_mixin.py:190} INFO - [2025-01-13T23:43:25.732+0000] {dag.py:3239} INFO - Sync 1 DAGs
[2025-01-13T23:43:25.741+0000] {logging_mixin.py:190} INFO - [2025-01-13T23:43:25.741+0000] {dag.py:4180} INFO - Setting next_dagrun for example_short_circuit_operator to None, run_after=None
[2025-01-13T23:43:25.757+0000] {processor.py:208} INFO - Processing /home/airflow/.local/lib/python3.12/site-packages/airflow/example_dags/example_short_circuit_operator.py took 0.051 seconds
[2025-01-13T23:43:56.679+0000] {processor.py:186} INFO - Started process (PID=2354) to work on /home/airflow/.local/lib/python3.12/site-packages/airflow/example_dags/example_short_circuit_operator.py
[2025-01-13T23:43:56.681+0000] {processor.py:914} INFO - Processing file /home/airflow/.local/lib/python3.12/site-packages/airflow/example_dags/example_short_circuit_operator.py for tasks to queue
[2025-01-13T23:43:56.683+0000] {logging_mixin.py:190} INFO - [2025-01-13T23:43:56.683+0000] {dagbag.py:588} INFO - Filling up the DagBag from /home/airflow/.local/lib/python3.12/site-packages/airflow/example_dags/example_short_circuit_operator.py
[2025-01-13T23:43:56.690+0000] {processor.py:925} INFO - DAG(s) 'example_short_circuit_operator' retrieved from /home/airflow/.local/lib/python3.12/site-packages/airflow/example_dags/example_short_circuit_operator.py
[2025-01-13T23:43:56.707+0000] {logging_mixin.py:190} INFO - [2025-01-13T23:43:56.706+0000] {dag.py:3239} INFO - Sync 1 DAGs
[2025-01-13T23:43:56.719+0000] {logging_mixin.py:190} INFO - [2025-01-13T23:43:56.719+0000] {dag.py:4180} INFO - Setting next_dagrun for example_short_circuit_operator to None, run_after=None
[2025-01-13T23:43:56.737+0000] {processor.py:208} INFO - Processing /home/airflow/.local/lib/python3.12/site-packages/airflow/example_dags/example_short_circuit_operator.py took 0.061 seconds
[2025-01-13T23:44:27.477+0000] {processor.py:186} INFO - Started process (PID=2418) to work on /home/airflow/.local/lib/python3.12/site-packages/airflow/example_dags/example_short_circuit_operator.py
[2025-01-13T23:44:27.479+0000] {processor.py:914} INFO - Processing file /home/airflow/.local/lib/python3.12/site-packages/airflow/example_dags/example_short_circuit_operator.py for tasks to queue
[2025-01-13T23:44:27.480+0000] {logging_mixin.py:190} INFO - [2025-01-13T23:44:27.480+0000] {dagbag.py:588} INFO - Filling up the DagBag from /home/airflow/.local/lib/python3.12/site-packages/airflow/example_dags/example_short_circuit_operator.py
[2025-01-13T23:44:27.487+0000] {processor.py:925} INFO - DAG(s) 'example_short_circuit_operator' retrieved from /home/airflow/.local/lib/python3.12/site-packages/airflow/example_dags/example_short_circuit_operator.py
[2025-01-13T23:44:27.509+0000] {logging_mixin.py:190} INFO - [2025-01-13T23:44:27.509+0000] {dag.py:3239} INFO - Sync 1 DAGs
[2025-01-13T23:44:27.519+0000] {logging_mixin.py:190} INFO - [2025-01-13T23:44:27.518+0000] {dag.py:4180} INFO - Setting next_dagrun for example_short_circuit_operator to None, run_after=None
[2025-01-13T23:44:27.533+0000] {processor.py:208} INFO - Processing /home/airflow/.local/lib/python3.12/site-packages/airflow/example_dags/example_short_circuit_operator.py took 0.059 seconds
[2025-01-13T23:44:58.795+0000] {processor.py:186} INFO - Started process (PID=2481) to work on /home/airflow/.local/lib/python3.12/site-packages/airflow/example_dags/example_short_circuit_operator.py
[2025-01-13T23:44:58.796+0000] {processor.py:914} INFO - Processing file /home/airflow/.local/lib/python3.12/site-packages/airflow/example_dags/example_short_circuit_operator.py for tasks to queue
[2025-01-13T23:44:58.798+0000] {logging_mixin.py:190} INFO - [2025-01-13T23:44:58.798+0000] {dagbag.py:588} INFO - Filling up the DagBag from /home/airflow/.local/lib/python3.12/site-packages/airflow/example_dags/example_short_circuit_operator.py
[2025-01-13T23:44:58.803+0000] {processor.py:925} INFO - DAG(s) 'example_short_circuit_operator' retrieved from /home/airflow/.local/lib/python3.12/site-packages/airflow/example_dags/example_short_circuit_operator.py
[2025-01-13T23:44:58.818+0000] {logging_mixin.py:190} INFO - [2025-01-13T23:44:58.818+0000] {dag.py:3239} INFO - Sync 1 DAGs
[2025-01-13T23:44:58.828+0000] {logging_mixin.py:190} INFO - [2025-01-13T23:44:58.827+0000] {dag.py:4180} INFO - Setting next_dagrun for example_short_circuit_operator to None, run_after=None
[2025-01-13T23:44:58.842+0000] {processor.py:208} INFO - Processing /home/airflow/.local/lib/python3.12/site-packages/airflow/example_dags/example_short_circuit_operator.py took 0.051 seconds
[2025-01-13T23:45:29.886+0000] {processor.py:186} INFO - Started process (PID=2545) to work on /home/airflow/.local/lib/python3.12/site-packages/airflow/example_dags/example_short_circuit_operator.py
[2025-01-13T23:45:29.887+0000] {processor.py:914} INFO - Processing file /home/airflow/.local/lib/python3.12/site-packages/airflow/example_dags/example_short_circuit_operator.py for tasks to queue
[2025-01-13T23:45:29.888+0000] {logging_mixin.py:190} INFO - [2025-01-13T23:45:29.888+0000] {dagbag.py:588} INFO - Filling up the DagBag from /home/airflow/.local/lib/python3.12/site-packages/airflow/example_dags/example_short_circuit_operator.py
[2025-01-13T23:45:29.895+0000] {processor.py:925} INFO - DAG(s) 'example_short_circuit_operator' retrieved from /home/airflow/.local/lib/python3.12/site-packages/airflow/example_dags/example_short_circuit_operator.py
[2025-01-13T23:45:29.916+0000] {logging_mixin.py:190} INFO - [2025-01-13T23:45:29.916+0000] {dag.py:3239} INFO - Sync 1 DAGs
[2025-01-13T23:45:29.928+0000] {logging_mixin.py:190} INFO - [2025-01-13T23:45:29.927+0000] {dag.py:4180} INFO - Setting next_dagrun for example_short_circuit_operator to None, run_after=None
[2025-01-13T23:45:29.942+0000] {processor.py:208} INFO - Processing /home/airflow/.local/lib/python3.12/site-packages/airflow/example_dags/example_short_circuit_operator.py took 0.060 seconds
[2025-01-13T23:46:00.455+0000] {processor.py:186} INFO - Started process (PID=2609) to work on /home/airflow/.local/lib/python3.12/site-packages/airflow/example_dags/example_short_circuit_operator.py
[2025-01-13T23:46:00.456+0000] {processor.py:914} INFO - Processing file /home/airflow/.local/lib/python3.12/site-packages/airflow/example_dags/example_short_circuit_operator.py for tasks to queue
[2025-01-13T23:46:00.458+0000] {logging_mixin.py:190} INFO - [2025-01-13T23:46:00.458+0000] {dagbag.py:588} INFO - Filling up the DagBag from /home/airflow/.local/lib/python3.12/site-packages/airflow/example_dags/example_short_circuit_operator.py
[2025-01-13T23:46:00.464+0000] {processor.py:925} INFO - DAG(s) 'example_short_circuit_operator' retrieved from /home/airflow/.local/lib/python3.12/site-packages/airflow/example_dags/example_short_circuit_operator.py
[2025-01-13T23:46:00.481+0000] {logging_mixin.py:190} INFO - [2025-01-13T23:46:00.481+0000] {dag.py:3239} INFO - Sync 1 DAGs
[2025-01-13T23:46:00.491+0000] {logging_mixin.py:190} INFO - [2025-01-13T23:46:00.491+0000] {dag.py:4180} INFO - Setting next_dagrun for example_short_circuit_operator to None, run_after=None
[2025-01-13T23:46:00.505+0000] {processor.py:208} INFO - Processing /home/airflow/.local/lib/python3.12/site-packages/airflow/example_dags/example_short_circuit_operator.py took 0.053 seconds
[2025-01-13T23:46:31.934+0000] {processor.py:186} INFO - Started process (PID=2672) to work on /home/airflow/.local/lib/python3.12/site-packages/airflow/example_dags/example_short_circuit_operator.py
[2025-01-13T23:46:31.935+0000] {processor.py:914} INFO - Processing file /home/airflow/.local/lib/python3.12/site-packages/airflow/example_dags/example_short_circuit_operator.py for tasks to queue
[2025-01-13T23:46:31.937+0000] {logging_mixin.py:190} INFO - [2025-01-13T23:46:31.937+0000] {dagbag.py:588} INFO - Filling up the DagBag from /home/airflow/.local/lib/python3.12/site-packages/airflow/example_dags/example_short_circuit_operator.py
[2025-01-13T23:46:31.943+0000] {processor.py:925} INFO - DAG(s) 'example_short_circuit_operator' retrieved from /home/airflow/.local/lib/python3.12/site-packages/airflow/example_dags/example_short_circuit_operator.py
[2025-01-13T23:46:31.959+0000] {logging_mixin.py:190} INFO - [2025-01-13T23:46:31.959+0000] {dag.py:3239} INFO - Sync 1 DAGs
[2025-01-13T23:46:31.968+0000] {logging_mixin.py:190} INFO - [2025-01-13T23:46:31.968+0000] {dag.py:4180} INFO - Setting next_dagrun for example_short_circuit_operator to None, run_after=None
[2025-01-13T23:46:31.981+0000] {processor.py:208} INFO - Processing /home/airflow/.local/lib/python3.12/site-packages/airflow/example_dags/example_short_circuit_operator.py took 0.051 seconds
[2025-01-13T23:47:03.218+0000] {processor.py:186} INFO - Started process (PID=2736) to work on /home/airflow/.local/lib/python3.12/site-packages/airflow/example_dags/example_short_circuit_operator.py
[2025-01-13T23:47:03.219+0000] {processor.py:914} INFO - Processing file /home/airflow/.local/lib/python3.12/site-packages/airflow/example_dags/example_short_circuit_operator.py for tasks to queue
[2025-01-13T23:47:03.221+0000] {logging_mixin.py:190} INFO - [2025-01-13T23:47:03.221+0000] {dagbag.py:588} INFO - Filling up the DagBag from /home/airflow/.local/lib/python3.12/site-packages/airflow/example_dags/example_short_circuit_operator.py
[2025-01-13T23:47:03.227+0000] {processor.py:925} INFO - DAG(s) 'example_short_circuit_operator' retrieved from /home/airflow/.local/lib/python3.12/site-packages/airflow/example_dags/example_short_circuit_operator.py
[2025-01-13T23:47:03.247+0000] {logging_mixin.py:190} INFO - [2025-01-13T23:47:03.247+0000] {dag.py:3239} INFO - Sync 1 DAGs
[2025-01-13T23:47:03.260+0000] {logging_mixin.py:190} INFO - [2025-01-13T23:47:03.260+0000] {dag.py:4180} INFO - Setting next_dagrun for example_short_circuit_operator to None, run_after=None
[2025-01-13T23:47:03.279+0000] {processor.py:208} INFO - Processing /home/airflow/.local/lib/python3.12/site-packages/airflow/example_dags/example_short_circuit_operator.py took 0.064 seconds
[2025-01-13T23:47:34.577+0000] {processor.py:186} INFO - Started process (PID=2800) to work on /home/airflow/.local/lib/python3.12/site-packages/airflow/example_dags/example_short_circuit_operator.py
[2025-01-13T23:47:34.579+0000] {processor.py:914} INFO - Processing file /home/airflow/.local/lib/python3.12/site-packages/airflow/example_dags/example_short_circuit_operator.py for tasks to queue
[2025-01-13T23:47:34.582+0000] {logging_mixin.py:190} INFO - [2025-01-13T23:47:34.581+0000] {dagbag.py:588} INFO - Filling up the DagBag from /home/airflow/.local/lib/python3.12/site-packages/airflow/example_dags/example_short_circuit_operator.py
[2025-01-13T23:47:34.590+0000] {processor.py:925} INFO - DAG(s) 'example_short_circuit_operator' retrieved from /home/airflow/.local/lib/python3.12/site-packages/airflow/example_dags/example_short_circuit_operator.py
[2025-01-13T23:47:34.614+0000] {logging_mixin.py:190} INFO - [2025-01-13T23:47:34.613+0000] {dag.py:3239} INFO - Sync 1 DAGs
[2025-01-13T23:47:34.625+0000] {logging_mixin.py:190} INFO - [2025-01-13T23:47:34.625+0000] {dag.py:4180} INFO - Setting next_dagrun for example_short_circuit_operator to None, run_after=None
[2025-01-13T23:47:34.645+0000] {processor.py:208} INFO - Processing /home/airflow/.local/lib/python3.12/site-packages/airflow/example_dags/example_short_circuit_operator.py took 0.072 seconds
[2025-01-13T23:48:05.691+0000] {processor.py:186} INFO - Started process (PID=2864) to work on /home/airflow/.local/lib/python3.12/site-packages/airflow/example_dags/example_short_circuit_operator.py
[2025-01-13T23:48:05.693+0000] {processor.py:914} INFO - Processing file /home/airflow/.local/lib/python3.12/site-packages/airflow/example_dags/example_short_circuit_operator.py for tasks to queue
[2025-01-13T23:48:05.694+0000] {logging_mixin.py:190} INFO - [2025-01-13T23:48:05.694+0000] {dagbag.py:588} INFO - Filling up the DagBag from /home/airflow/.local/lib/python3.12/site-packages/airflow/example_dags/example_short_circuit_operator.py
[2025-01-13T23:48:05.700+0000] {processor.py:925} INFO - DAG(s) 'example_short_circuit_operator' retrieved from /home/airflow/.local/lib/python3.12/site-packages/airflow/example_dags/example_short_circuit_operator.py
[2025-01-13T23:48:05.719+0000] {logging_mixin.py:190} INFO - [2025-01-13T23:48:05.718+0000] {dag.py:3239} INFO - Sync 1 DAGs
[2025-01-13T23:48:05.729+0000] {logging_mixin.py:190} INFO - [2025-01-13T23:48:05.728+0000] {dag.py:4180} INFO - Setting next_dagrun for example_short_circuit_operator to None, run_after=None
[2025-01-13T23:48:05.745+0000] {processor.py:208} INFO - Processing /home/airflow/.local/lib/python3.12/site-packages/airflow/example_dags/example_short_circuit_operator.py took 0.057 seconds
[2025-01-13T23:48:36.800+0000] {processor.py:186} INFO - Started process (PID=2928) to work on /home/airflow/.local/lib/python3.12/site-packages/airflow/example_dags/example_short_circuit_operator.py
[2025-01-13T23:48:36.801+0000] {processor.py:914} INFO - Processing file /home/airflow/.local/lib/python3.12/site-packages/airflow/example_dags/example_short_circuit_operator.py for tasks to queue
[2025-01-13T23:48:36.804+0000] {logging_mixin.py:190} INFO - [2025-01-13T23:48:36.804+0000] {dagbag.py:588} INFO - Filling up the DagBag from /home/airflow/.local/lib/python3.12/site-packages/airflow/example_dags/example_short_circuit_operator.py
[2025-01-13T23:48:36.811+0000] {processor.py:925} INFO - DAG(s) 'example_short_circuit_operator' retrieved from /home/airflow/.local/lib/python3.12/site-packages/airflow/example_dags/example_short_circuit_operator.py
[2025-01-13T23:48:36.836+0000] {logging_mixin.py:190} INFO - [2025-01-13T23:48:36.836+0000] {dag.py:3239} INFO - Sync 1 DAGs
[2025-01-13T23:48:36.849+0000] {logging_mixin.py:190} INFO - [2025-01-13T23:48:36.848+0000] {dag.py:4180} INFO - Setting next_dagrun for example_short_circuit_operator to None, run_after=None
[2025-01-13T23:48:36.869+0000] {processor.py:208} INFO - Processing /home/airflow/.local/lib/python3.12/site-packages/airflow/example_dags/example_short_circuit_operator.py took 0.075 seconds
[2025-01-13T23:49:07.934+0000] {processor.py:186} INFO - Started process (PID=2992) to work on /home/airflow/.local/lib/python3.12/site-packages/airflow/example_dags/example_short_circuit_operator.py
[2025-01-13T23:49:07.936+0000] {processor.py:914} INFO - Processing file /home/airflow/.local/lib/python3.12/site-packages/airflow/example_dags/example_short_circuit_operator.py for tasks to queue
[2025-01-13T23:49:07.939+0000] {logging_mixin.py:190} INFO - [2025-01-13T23:49:07.939+0000] {dagbag.py:588} INFO - Filling up the DagBag from /home/airflow/.local/lib/python3.12/site-packages/airflow/example_dags/example_short_circuit_operator.py
[2025-01-13T23:49:07.948+0000] {processor.py:925} INFO - DAG(s) 'example_short_circuit_operator' retrieved from /home/airflow/.local/lib/python3.12/site-packages/airflow/example_dags/example_short_circuit_operator.py
[2025-01-13T23:49:07.971+0000] {logging_mixin.py:190} INFO - [2025-01-13T23:49:07.971+0000] {dag.py:3239} INFO - Sync 1 DAGs
[2025-01-13T23:49:07.985+0000] {logging_mixin.py:190} INFO - [2025-01-13T23:49:07.985+0000] {dag.py:4180} INFO - Setting next_dagrun for example_short_circuit_operator to None, run_after=None
[2025-01-13T23:49:08.006+0000] {processor.py:208} INFO - Processing /home/airflow/.local/lib/python3.12/site-packages/airflow/example_dags/example_short_circuit_operator.py took 0.077 seconds
[2025-01-13T23:49:38.774+0000] {processor.py:186} INFO - Started process (PID=3056) to work on /home/airflow/.local/lib/python3.12/site-packages/airflow/example_dags/example_short_circuit_operator.py
[2025-01-13T23:49:38.775+0000] {processor.py:914} INFO - Processing file /home/airflow/.local/lib/python3.12/site-packages/airflow/example_dags/example_short_circuit_operator.py for tasks to queue
[2025-01-13T23:49:38.778+0000] {logging_mixin.py:190} INFO - [2025-01-13T23:49:38.778+0000] {dagbag.py:588} INFO - Filling up the DagBag from /home/airflow/.local/lib/python3.12/site-packages/airflow/example_dags/example_short_circuit_operator.py
[2025-01-13T23:49:38.785+0000] {processor.py:925} INFO - DAG(s) 'example_short_circuit_operator' retrieved from /home/airflow/.local/lib/python3.12/site-packages/airflow/example_dags/example_short_circuit_operator.py
[2025-01-13T23:49:38.803+0000] {logging_mixin.py:190} INFO - [2025-01-13T23:49:38.803+0000] {dag.py:3239} INFO - Sync 1 DAGs
[2025-01-13T23:49:38.812+0000] {logging_mixin.py:190} INFO - [2025-01-13T23:49:38.812+0000] {dag.py:4180} INFO - Setting next_dagrun for example_short_circuit_operator to None, run_after=None
[2025-01-13T23:49:38.826+0000] {processor.py:208} INFO - Processing /home/airflow/.local/lib/python3.12/site-packages/airflow/example_dags/example_short_circuit_operator.py took 0.056 seconds
[2025-01-13T23:50:09.479+0000] {processor.py:186} INFO - Started process (PID=3120) to work on /home/airflow/.local/lib/python3.12/site-packages/airflow/example_dags/example_short_circuit_operator.py
[2025-01-13T23:50:09.482+0000] {processor.py:914} INFO - Processing file /home/airflow/.local/lib/python3.12/site-packages/airflow/example_dags/example_short_circuit_operator.py for tasks to queue
[2025-01-13T23:50:09.486+0000] {logging_mixin.py:190} INFO - [2025-01-13T23:50:09.485+0000] {dagbag.py:588} INFO - Filling up the DagBag from /home/airflow/.local/lib/python3.12/site-packages/airflow/example_dags/example_short_circuit_operator.py
[2025-01-13T23:50:09.494+0000] {processor.py:925} INFO - DAG(s) 'example_short_circuit_operator' retrieved from /home/airflow/.local/lib/python3.12/site-packages/airflow/example_dags/example_short_circuit_operator.py
[2025-01-13T23:50:09.517+0000] {logging_mixin.py:190} INFO - [2025-01-13T23:50:09.517+0000] {dag.py:3239} INFO - Sync 1 DAGs
[2025-01-13T23:50:09.531+0000] {logging_mixin.py:190} INFO - [2025-01-13T23:50:09.531+0000] {dag.py:4180} INFO - Setting next_dagrun for example_short_circuit_operator to None, run_after=None
[2025-01-13T23:50:09.549+0000] {processor.py:208} INFO - Processing /home/airflow/.local/lib/python3.12/site-packages/airflow/example_dags/example_short_circuit_operator.py took 0.075 seconds
[2025-01-13T23:50:40.722+0000] {processor.py:186} INFO - Started process (PID=3184) to work on /home/airflow/.local/lib/python3.12/site-packages/airflow/example_dags/example_short_circuit_operator.py
[2025-01-13T23:50:40.723+0000] {processor.py:914} INFO - Processing file /home/airflow/.local/lib/python3.12/site-packages/airflow/example_dags/example_short_circuit_operator.py for tasks to queue
[2025-01-13T23:50:40.726+0000] {logging_mixin.py:190} INFO - [2025-01-13T23:50:40.726+0000] {dagbag.py:588} INFO - Filling up the DagBag from /home/airflow/.local/lib/python3.12/site-packages/airflow/example_dags/example_short_circuit_operator.py
[2025-01-13T23:50:40.735+0000] {processor.py:925} INFO - DAG(s) 'example_short_circuit_operator' retrieved from /home/airflow/.local/lib/python3.12/site-packages/airflow/example_dags/example_short_circuit_operator.py
[2025-01-13T23:50:40.931+0000] {logging_mixin.py:190} INFO - [2025-01-13T23:50:40.931+0000] {dag.py:3239} INFO - Sync 1 DAGs
[2025-01-13T23:50:40.944+0000] {logging_mixin.py:190} INFO - [2025-01-13T23:50:40.943+0000] {dag.py:4180} INFO - Setting next_dagrun for example_short_circuit_operator to None, run_after=None
[2025-01-13T23:50:40.968+0000] {processor.py:208} INFO - Processing /home/airflow/.local/lib/python3.12/site-packages/airflow/example_dags/example_short_circuit_operator.py took 0.251 seconds
[2025-01-13T23:51:11.502+0000] {processor.py:186} INFO - Started process (PID=3250) to work on /home/airflow/.local/lib/python3.12/site-packages/airflow/example_dags/example_short_circuit_operator.py
[2025-01-13T23:51:11.503+0000] {processor.py:914} INFO - Processing file /home/airflow/.local/lib/python3.12/site-packages/airflow/example_dags/example_short_circuit_operator.py for tasks to queue
[2025-01-13T23:51:11.505+0000] {logging_mixin.py:190} INFO - [2025-01-13T23:51:11.505+0000] {dagbag.py:588} INFO - Filling up the DagBag from /home/airflow/.local/lib/python3.12/site-packages/airflow/example_dags/example_short_circuit_operator.py
[2025-01-13T23:51:11.512+0000] {processor.py:925} INFO - DAG(s) 'example_short_circuit_operator' retrieved from /home/airflow/.local/lib/python3.12/site-packages/airflow/example_dags/example_short_circuit_operator.py
[2025-01-13T23:51:11.530+0000] {logging_mixin.py:190} INFO - [2025-01-13T23:51:11.530+0000] {dag.py:3239} INFO - Sync 1 DAGs
[2025-01-13T23:51:11.540+0000] {logging_mixin.py:190} INFO - [2025-01-13T23:51:11.540+0000] {dag.py:4180} INFO - Setting next_dagrun for example_short_circuit_operator to None, run_after=None
[2025-01-13T23:51:11.557+0000] {processor.py:208} INFO - Processing /home/airflow/.local/lib/python3.12/site-packages/airflow/example_dags/example_short_circuit_operator.py took 0.059 seconds
[2025-01-13T23:51:42.221+0000] {processor.py:186} INFO - Started process (PID=3316) to work on /home/airflow/.local/lib/python3.12/site-packages/airflow/example_dags/example_short_circuit_operator.py
[2025-01-13T23:51:42.222+0000] {processor.py:914} INFO - Processing file /home/airflow/.local/lib/python3.12/site-packages/airflow/example_dags/example_short_circuit_operator.py for tasks to queue
[2025-01-13T23:51:42.224+0000] {logging_mixin.py:190} INFO - [2025-01-13T23:51:42.224+0000] {dagbag.py:588} INFO - Filling up the DagBag from /home/airflow/.local/lib/python3.12/site-packages/airflow/example_dags/example_short_circuit_operator.py
[2025-01-13T23:51:42.232+0000] {processor.py:925} INFO - DAG(s) 'example_short_circuit_operator' retrieved from /home/airflow/.local/lib/python3.12/site-packages/airflow/example_dags/example_short_circuit_operator.py
[2025-01-13T23:51:42.253+0000] {logging_mixin.py:190} INFO - [2025-01-13T23:51:42.253+0000] {dag.py:3239} INFO - Sync 1 DAGs
[2025-01-13T23:51:42.265+0000] {logging_mixin.py:190} INFO - [2025-01-13T23:51:42.264+0000] {dag.py:4180} INFO - Setting next_dagrun for example_short_circuit_operator to None, run_after=None
[2025-01-13T23:51:42.282+0000] {processor.py:208} INFO - Processing /home/airflow/.local/lib/python3.12/site-packages/airflow/example_dags/example_short_circuit_operator.py took 0.065 seconds
[2025-01-13T23:52:12.987+0000] {processor.py:186} INFO - Started process (PID=3380) to work on /home/airflow/.local/lib/python3.12/site-packages/airflow/example_dags/example_short_circuit_operator.py
[2025-01-13T23:52:12.989+0000] {processor.py:914} INFO - Processing file /home/airflow/.local/lib/python3.12/site-packages/airflow/example_dags/example_short_circuit_operator.py for tasks to queue
[2025-01-13T23:52:12.992+0000] {logging_mixin.py:190} INFO - [2025-01-13T23:52:12.992+0000] {dagbag.py:588} INFO - Filling up the DagBag from /home/airflow/.local/lib/python3.12/site-packages/airflow/example_dags/example_short_circuit_operator.py
[2025-01-13T23:52:13.000+0000] {processor.py:925} INFO - DAG(s) 'example_short_circuit_operator' retrieved from /home/airflow/.local/lib/python3.12/site-packages/airflow/example_dags/example_short_circuit_operator.py
[2025-01-13T23:52:13.028+0000] {logging_mixin.py:190} INFO - [2025-01-13T23:52:13.027+0000] {dag.py:3239} INFO - Sync 1 DAGs
[2025-01-13T23:52:13.044+0000] {logging_mixin.py:190} INFO - [2025-01-13T23:52:13.044+0000] {dag.py:4180} INFO - Setting next_dagrun for example_short_circuit_operator to None, run_after=None
[2025-01-13T23:52:13.067+0000] {processor.py:208} INFO - Processing /home/airflow/.local/lib/python3.12/site-packages/airflow/example_dags/example_short_circuit_operator.py took 0.085 seconds
[2025-01-13T23:52:43.518+0000] {processor.py:186} INFO - Started process (PID=3444) to work on /home/airflow/.local/lib/python3.12/site-packages/airflow/example_dags/example_short_circuit_operator.py
[2025-01-13T23:52:43.520+0000] {processor.py:914} INFO - Processing file /home/airflow/.local/lib/python3.12/site-packages/airflow/example_dags/example_short_circuit_operator.py for tasks to queue
[2025-01-13T23:52:43.521+0000] {logging_mixin.py:190} INFO - [2025-01-13T23:52:43.521+0000] {dagbag.py:588} INFO - Filling up the DagBag from /home/airflow/.local/lib/python3.12/site-packages/airflow/example_dags/example_short_circuit_operator.py
[2025-01-13T23:52:43.528+0000] {processor.py:925} INFO - DAG(s) 'example_short_circuit_operator' retrieved from /home/airflow/.local/lib/python3.12/site-packages/airflow/example_dags/example_short_circuit_operator.py
[2025-01-13T23:52:43.546+0000] {logging_mixin.py:190} INFO - [2025-01-13T23:52:43.546+0000] {dag.py:3239} INFO - Sync 1 DAGs
[2025-01-13T23:52:43.556+0000] {logging_mixin.py:190} INFO - [2025-01-13T23:52:43.556+0000] {dag.py:4180} INFO - Setting next_dagrun for example_short_circuit_operator to None, run_after=None
[2025-01-13T23:52:43.571+0000] {processor.py:208} INFO - Processing /home/airflow/.local/lib/python3.12/site-packages/airflow/example_dags/example_short_circuit_operator.py took 0.057 seconds
[2025-01-13T23:53:13.961+0000] {processor.py:186} INFO - Started process (PID=3508) to work on /home/airflow/.local/lib/python3.12/site-packages/airflow/example_dags/example_short_circuit_operator.py
[2025-01-13T23:53:13.962+0000] {processor.py:914} INFO - Processing file /home/airflow/.local/lib/python3.12/site-packages/airflow/example_dags/example_short_circuit_operator.py for tasks to queue
[2025-01-13T23:53:13.965+0000] {logging_mixin.py:190} INFO - [2025-01-13T23:53:13.965+0000] {dagbag.py:588} INFO - Filling up the DagBag from /home/airflow/.local/lib/python3.12/site-packages/airflow/example_dags/example_short_circuit_operator.py
[2025-01-13T23:53:13.975+0000] {processor.py:925} INFO - DAG(s) 'example_short_circuit_operator' retrieved from /home/airflow/.local/lib/python3.12/site-packages/airflow/example_dags/example_short_circuit_operator.py
[2025-01-13T23:53:13.994+0000] {logging_mixin.py:190} INFO - [2025-01-13T23:53:13.994+0000] {dag.py:3239} INFO - Sync 1 DAGs
[2025-01-13T23:53:14.007+0000] {logging_mixin.py:190} INFO - [2025-01-13T23:53:14.007+0000] {dag.py:4180} INFO - Setting next_dagrun for example_short_circuit_operator to None, run_after=None
[2025-01-13T23:53:14.024+0000] {processor.py:208} INFO - Processing /home/airflow/.local/lib/python3.12/site-packages/airflow/example_dags/example_short_circuit_operator.py took 0.068 seconds
[2025-01-13T23:53:44.645+0000] {processor.py:186} INFO - Started process (PID=3572) to work on /home/airflow/.local/lib/python3.12/site-packages/airflow/example_dags/example_short_circuit_operator.py
[2025-01-13T23:53:44.646+0000] {processor.py:914} INFO - Processing file /home/airflow/.local/lib/python3.12/site-packages/airflow/example_dags/example_short_circuit_operator.py for tasks to queue
[2025-01-13T23:53:44.649+0000] {logging_mixin.py:190} INFO - [2025-01-13T23:53:44.648+0000] {dagbag.py:588} INFO - Filling up the DagBag from /home/airflow/.local/lib/python3.12/site-packages/airflow/example_dags/example_short_circuit_operator.py
[2025-01-13T23:53:44.655+0000] {processor.py:925} INFO - DAG(s) 'example_short_circuit_operator' retrieved from /home/airflow/.local/lib/python3.12/site-packages/airflow/example_dags/example_short_circuit_operator.py
[2025-01-13T23:53:44.673+0000] {logging_mixin.py:190} INFO - [2025-01-13T23:53:44.673+0000] {dag.py:3239} INFO - Sync 1 DAGs
[2025-01-13T23:53:44.683+0000] {logging_mixin.py:190} INFO - [2025-01-13T23:53:44.683+0000] {dag.py:4180} INFO - Setting next_dagrun for example_short_circuit_operator to None, run_after=None
[2025-01-13T23:53:44.697+0000] {processor.py:208} INFO - Processing /home/airflow/.local/lib/python3.12/site-packages/airflow/example_dags/example_short_circuit_operator.py took 0.057 seconds
[2025-01-13T23:54:15.589+0000] {processor.py:186} INFO - Started process (PID=3636) to work on /home/airflow/.local/lib/python3.12/site-packages/airflow/example_dags/example_short_circuit_operator.py
[2025-01-13T23:54:15.591+0000] {processor.py:914} INFO - Processing file /home/airflow/.local/lib/python3.12/site-packages/airflow/example_dags/example_short_circuit_operator.py for tasks to queue
[2025-01-13T23:54:15.594+0000] {logging_mixin.py:190} INFO - [2025-01-13T23:54:15.594+0000] {dagbag.py:588} INFO - Filling up the DagBag from /home/airflow/.local/lib/python3.12/site-packages/airflow/example_dags/example_short_circuit_operator.py
[2025-01-13T23:54:15.602+0000] {processor.py:925} INFO - DAG(s) 'example_short_circuit_operator' retrieved from /home/airflow/.local/lib/python3.12/site-packages/airflow/example_dags/example_short_circuit_operator.py
[2025-01-13T23:54:15.627+0000] {logging_mixin.py:190} INFO - [2025-01-13T23:54:15.626+0000] {dag.py:3239} INFO - Sync 1 DAGs
[2025-01-13T23:54:15.639+0000] {logging_mixin.py:190} INFO - [2025-01-13T23:54:15.639+0000] {dag.py:4180} INFO - Setting next_dagrun for example_short_circuit_operator to None, run_after=None
[2025-01-13T23:54:15.666+0000] {processor.py:208} INFO - Processing /home/airflow/.local/lib/python3.12/site-packages/airflow/example_dags/example_short_circuit_operator.py took 0.084 seconds
[2025-01-13T23:54:46.616+0000] {processor.py:186} INFO - Started process (PID=3700) to work on /home/airflow/.local/lib/python3.12/site-packages/airflow/example_dags/example_short_circuit_operator.py
[2025-01-13T23:54:46.617+0000] {processor.py:914} INFO - Processing file /home/airflow/.local/lib/python3.12/site-packages/airflow/example_dags/example_short_circuit_operator.py for tasks to queue
[2025-01-13T23:54:46.619+0000] {logging_mixin.py:190} INFO - [2025-01-13T23:54:46.619+0000] {dagbag.py:588} INFO - Filling up the DagBag from /home/airflow/.local/lib/python3.12/site-packages/airflow/example_dags/example_short_circuit_operator.py
[2025-01-13T23:54:46.625+0000] {processor.py:925} INFO - DAG(s) 'example_short_circuit_operator' retrieved from /home/airflow/.local/lib/python3.12/site-packages/airflow/example_dags/example_short_circuit_operator.py
[2025-01-13T23:54:46.642+0000] {logging_mixin.py:190} INFO - [2025-01-13T23:54:46.641+0000] {dag.py:3239} INFO - Sync 1 DAGs
[2025-01-13T23:54:46.655+0000] {logging_mixin.py:190} INFO - [2025-01-13T23:54:46.655+0000] {dag.py:4180} INFO - Setting next_dagrun for example_short_circuit_operator to None, run_after=None
[2025-01-13T23:54:46.670+0000] {processor.py:208} INFO - Processing /home/airflow/.local/lib/python3.12/site-packages/airflow/example_dags/example_short_circuit_operator.py took 0.057 seconds
[2025-01-13T23:55:17.309+0000] {processor.py:186} INFO - Started process (PID=3765) to work on /home/airflow/.local/lib/python3.12/site-packages/airflow/example_dags/example_short_circuit_operator.py
[2025-01-13T23:55:17.310+0000] {processor.py:914} INFO - Processing file /home/airflow/.local/lib/python3.12/site-packages/airflow/example_dags/example_short_circuit_operator.py for tasks to queue
[2025-01-13T23:55:17.313+0000] {logging_mixin.py:190} INFO - [2025-01-13T23:55:17.312+0000] {dagbag.py:588} INFO - Filling up the DagBag from /home/airflow/.local/lib/python3.12/site-packages/airflow/example_dags/example_short_circuit_operator.py
[2025-01-13T23:55:17.319+0000] {processor.py:925} INFO - DAG(s) 'example_short_circuit_operator' retrieved from /home/airflow/.local/lib/python3.12/site-packages/airflow/example_dags/example_short_circuit_operator.py
[2025-01-13T23:55:17.343+0000] {logging_mixin.py:190} INFO - [2025-01-13T23:55:17.343+0000] {dag.py:3239} INFO - Sync 1 DAGs
[2025-01-13T23:55:17.353+0000] {logging_mixin.py:190} INFO - [2025-01-13T23:55:17.353+0000] {dag.py:4180} INFO - Setting next_dagrun for example_short_circuit_operator to None, run_after=None
[2025-01-13T23:55:17.371+0000] {processor.py:208} INFO - Processing /home/airflow/.local/lib/python3.12/site-packages/airflow/example_dags/example_short_circuit_operator.py took 0.067 seconds
[2025-01-13T23:55:47.873+0000] {processor.py:186} INFO - Started process (PID=3829) to work on /home/airflow/.local/lib/python3.12/site-packages/airflow/example_dags/example_short_circuit_operator.py
[2025-01-13T23:55:47.874+0000] {processor.py:914} INFO - Processing file /home/airflow/.local/lib/python3.12/site-packages/airflow/example_dags/example_short_circuit_operator.py for tasks to queue
[2025-01-13T23:55:47.877+0000] {logging_mixin.py:190} INFO - [2025-01-13T23:55:47.877+0000] {dagbag.py:588} INFO - Filling up the DagBag from /home/airflow/.local/lib/python3.12/site-packages/airflow/example_dags/example_short_circuit_operator.py
[2025-01-13T23:55:47.887+0000] {processor.py:925} INFO - DAG(s) 'example_short_circuit_operator' retrieved from /home/airflow/.local/lib/python3.12/site-packages/airflow/example_dags/example_short_circuit_operator.py
[2025-01-13T23:55:47.915+0000] {logging_mixin.py:190} INFO - [2025-01-13T23:55:47.915+0000] {dag.py:3239} INFO - Sync 1 DAGs
[2025-01-13T23:55:47.932+0000] {logging_mixin.py:190} INFO - [2025-01-13T23:55:47.931+0000] {dag.py:4180} INFO - Setting next_dagrun for example_short_circuit_operator to None, run_after=None
[2025-01-13T23:55:47.958+0000] {processor.py:208} INFO - Processing /home/airflow/.local/lib/python3.12/site-packages/airflow/example_dags/example_short_circuit_operator.py took 0.092 seconds
[2025-01-13T23:56:18.496+0000] {processor.py:186} INFO - Started process (PID=3892) to work on /home/airflow/.local/lib/python3.12/site-packages/airflow/example_dags/example_short_circuit_operator.py
[2025-01-13T23:56:18.497+0000] {processor.py:914} INFO - Processing file /home/airflow/.local/lib/python3.12/site-packages/airflow/example_dags/example_short_circuit_operator.py for tasks to queue
[2025-01-13T23:56:18.502+0000] {logging_mixin.py:190} INFO - [2025-01-13T23:56:18.501+0000] {dagbag.py:588} INFO - Filling up the DagBag from /home/airflow/.local/lib/python3.12/site-packages/airflow/example_dags/example_short_circuit_operator.py
[2025-01-13T23:56:18.511+0000] {processor.py:925} INFO - DAG(s) 'example_short_circuit_operator' retrieved from /home/airflow/.local/lib/python3.12/site-packages/airflow/example_dags/example_short_circuit_operator.py
[2025-01-13T23:56:18.538+0000] {logging_mixin.py:190} INFO - [2025-01-13T23:56:18.538+0000] {dag.py:3239} INFO - Sync 1 DAGs
[2025-01-13T23:56:18.555+0000] {logging_mixin.py:190} INFO - [2025-01-13T23:56:18.555+0000] {dag.py:4180} INFO - Setting next_dagrun for example_short_circuit_operator to None, run_after=None
[2025-01-13T23:56:18.583+0000] {processor.py:208} INFO - Processing /home/airflow/.local/lib/python3.12/site-packages/airflow/example_dags/example_short_circuit_operator.py took 0.092 seconds
[2025-01-13T23:56:49.491+0000] {processor.py:186} INFO - Started process (PID=3956) to work on /home/airflow/.local/lib/python3.12/site-packages/airflow/example_dags/example_short_circuit_operator.py
[2025-01-13T23:56:49.492+0000] {processor.py:914} INFO - Processing file /home/airflow/.local/lib/python3.12/site-packages/airflow/example_dags/example_short_circuit_operator.py for tasks to queue
[2025-01-13T23:56:49.496+0000] {logging_mixin.py:190} INFO - [2025-01-13T23:56:49.496+0000] {dagbag.py:588} INFO - Filling up the DagBag from /home/airflow/.local/lib/python3.12/site-packages/airflow/example_dags/example_short_circuit_operator.py
[2025-01-13T23:56:49.507+0000] {processor.py:925} INFO - DAG(s) 'example_short_circuit_operator' retrieved from /home/airflow/.local/lib/python3.12/site-packages/airflow/example_dags/example_short_circuit_operator.py
[2025-01-13T23:56:49.547+0000] {logging_mixin.py:190} INFO - [2025-01-13T23:56:49.546+0000] {dag.py:3239} INFO - Sync 1 DAGs
[2025-01-13T23:56:49.568+0000] {logging_mixin.py:190} INFO - [2025-01-13T23:56:49.567+0000] {dag.py:4180} INFO - Setting next_dagrun for example_short_circuit_operator to None, run_after=None
[2025-01-13T23:56:49.600+0000] {processor.py:208} INFO - Processing /home/airflow/.local/lib/python3.12/site-packages/airflow/example_dags/example_short_circuit_operator.py took 0.115 seconds
[2025-01-13T23:57:20.122+0000] {processor.py:186} INFO - Started process (PID=4028) to work on /home/airflow/.local/lib/python3.12/site-packages/airflow/example_dags/example_short_circuit_operator.py
[2025-01-13T23:57:20.124+0000] {processor.py:914} INFO - Processing file /home/airflow/.local/lib/python3.12/site-packages/airflow/example_dags/example_short_circuit_operator.py for tasks to queue
[2025-01-13T23:57:20.128+0000] {logging_mixin.py:190} INFO - [2025-01-13T23:57:20.127+0000] {dagbag.py:588} INFO - Filling up the DagBag from /home/airflow/.local/lib/python3.12/site-packages/airflow/example_dags/example_short_circuit_operator.py
[2025-01-13T23:57:20.139+0000] {processor.py:925} INFO - DAG(s) 'example_short_circuit_operator' retrieved from /home/airflow/.local/lib/python3.12/site-packages/airflow/example_dags/example_short_circuit_operator.py
[2025-01-13T23:57:20.175+0000] {logging_mixin.py:190} INFO - [2025-01-13T23:57:20.175+0000] {dag.py:3239} INFO - Sync 1 DAGs
[2025-01-13T23:57:20.192+0000] {logging_mixin.py:190} INFO - [2025-01-13T23:57:20.192+0000] {dag.py:4180} INFO - Setting next_dagrun for example_short_circuit_operator to None, run_after=None
[2025-01-13T23:57:20.221+0000] {processor.py:208} INFO - Processing /home/airflow/.local/lib/python3.12/site-packages/airflow/example_dags/example_short_circuit_operator.py took 0.106 seconds
[2025-01-13T23:57:50.602+0000] {processor.py:186} INFO - Started process (PID=4091) to work on /home/airflow/.local/lib/python3.12/site-packages/airflow/example_dags/example_short_circuit_operator.py
[2025-01-13T23:57:50.603+0000] {processor.py:914} INFO - Processing file /home/airflow/.local/lib/python3.12/site-packages/airflow/example_dags/example_short_circuit_operator.py for tasks to queue
[2025-01-13T23:57:50.606+0000] {logging_mixin.py:190} INFO - [2025-01-13T23:57:50.605+0000] {dagbag.py:588} INFO - Filling up the DagBag from /home/airflow/.local/lib/python3.12/site-packages/airflow/example_dags/example_short_circuit_operator.py
[2025-01-13T23:57:50.616+0000] {processor.py:925} INFO - DAG(s) 'example_short_circuit_operator' retrieved from /home/airflow/.local/lib/python3.12/site-packages/airflow/example_dags/example_short_circuit_operator.py
[2025-01-13T23:57:50.641+0000] {logging_mixin.py:190} INFO - [2025-01-13T23:57:50.641+0000] {dag.py:3239} INFO - Sync 1 DAGs
[2025-01-13T23:57:50.660+0000] {logging_mixin.py:190} INFO - [2025-01-13T23:57:50.660+0000] {dag.py:4180} INFO - Setting next_dagrun for example_short_circuit_operator to None, run_after=None
[2025-01-13T23:57:50.684+0000] {processor.py:208} INFO - Processing /home/airflow/.local/lib/python3.12/site-packages/airflow/example_dags/example_short_circuit_operator.py took 0.087 seconds
[2025-01-13T23:58:21.042+0000] {processor.py:186} INFO - Started process (PID=4154) to work on /home/airflow/.local/lib/python3.12/site-packages/airflow/example_dags/example_short_circuit_operator.py
[2025-01-13T23:58:21.043+0000] {processor.py:914} INFO - Processing file /home/airflow/.local/lib/python3.12/site-packages/airflow/example_dags/example_short_circuit_operator.py for tasks to queue
[2025-01-13T23:58:21.046+0000] {logging_mixin.py:190} INFO - [2025-01-13T23:58:21.045+0000] {dagbag.py:588} INFO - Filling up the DagBag from /home/airflow/.local/lib/python3.12/site-packages/airflow/example_dags/example_short_circuit_operator.py
[2025-01-13T23:58:21.052+0000] {processor.py:925} INFO - DAG(s) 'example_short_circuit_operator' retrieved from /home/airflow/.local/lib/python3.12/site-packages/airflow/example_dags/example_short_circuit_operator.py
[2025-01-13T23:58:21.075+0000] {logging_mixin.py:190} INFO - [2025-01-13T23:58:21.074+0000] {dag.py:3239} INFO - Sync 1 DAGs
[2025-01-13T23:58:21.089+0000] {logging_mixin.py:190} INFO - [2025-01-13T23:58:21.089+0000] {dag.py:4180} INFO - Setting next_dagrun for example_short_circuit_operator to None, run_after=None
[2025-01-13T23:58:21.109+0000] {processor.py:208} INFO - Processing /home/airflow/.local/lib/python3.12/site-packages/airflow/example_dags/example_short_circuit_operator.py took 0.071 seconds
[2025-01-13T23:58:52.423+0000] {processor.py:186} INFO - Started process (PID=4225) to work on /home/airflow/.local/lib/python3.12/site-packages/airflow/example_dags/example_short_circuit_operator.py
[2025-01-13T23:58:52.424+0000] {processor.py:914} INFO - Processing file /home/airflow/.local/lib/python3.12/site-packages/airflow/example_dags/example_short_circuit_operator.py for tasks to queue
[2025-01-13T23:58:52.426+0000] {logging_mixin.py:190} INFO - [2025-01-13T23:58:52.426+0000] {dagbag.py:588} INFO - Filling up the DagBag from /home/airflow/.local/lib/python3.12/site-packages/airflow/example_dags/example_short_circuit_operator.py
[2025-01-13T23:58:52.435+0000] {processor.py:925} INFO - DAG(s) 'example_short_circuit_operator' retrieved from /home/airflow/.local/lib/python3.12/site-packages/airflow/example_dags/example_short_circuit_operator.py
[2025-01-13T23:58:52.459+0000] {logging_mixin.py:190} INFO - [2025-01-13T23:58:52.459+0000] {dag.py:3239} INFO - Sync 1 DAGs
[2025-01-13T23:58:52.472+0000] {logging_mixin.py:190} INFO - [2025-01-13T23:58:52.471+0000] {dag.py:4180} INFO - Setting next_dagrun for example_short_circuit_operator to None, run_after=None
[2025-01-13T23:58:52.494+0000] {processor.py:208} INFO - Processing /home/airflow/.local/lib/python3.12/site-packages/airflow/example_dags/example_short_circuit_operator.py took 0.076 seconds
[2025-01-13T23:59:22.964+0000] {processor.py:186} INFO - Started process (PID=4289) to work on /home/airflow/.local/lib/python3.12/site-packages/airflow/example_dags/example_short_circuit_operator.py
[2025-01-13T23:59:22.966+0000] {processor.py:914} INFO - Processing file /home/airflow/.local/lib/python3.12/site-packages/airflow/example_dags/example_short_circuit_operator.py for tasks to queue
[2025-01-13T23:59:22.969+0000] {logging_mixin.py:190} INFO - [2025-01-13T23:59:22.969+0000] {dagbag.py:588} INFO - Filling up the DagBag from /home/airflow/.local/lib/python3.12/site-packages/airflow/example_dags/example_short_circuit_operator.py
[2025-01-13T23:59:22.978+0000] {processor.py:925} INFO - DAG(s) 'example_short_circuit_operator' retrieved from /home/airflow/.local/lib/python3.12/site-packages/airflow/example_dags/example_short_circuit_operator.py
[2025-01-13T23:59:23.007+0000] {logging_mixin.py:190} INFO - [2025-01-13T23:59:23.007+0000] {dag.py:3239} INFO - Sync 1 DAGs
[2025-01-13T23:59:23.024+0000] {logging_mixin.py:190} INFO - [2025-01-13T23:59:23.024+0000] {dag.py:4180} INFO - Setting next_dagrun for example_short_circuit_operator to None, run_after=None
[2025-01-13T23:59:23.053+0000] {processor.py:208} INFO - Processing /home/airflow/.local/lib/python3.12/site-packages/airflow/example_dags/example_short_circuit_operator.py took 0.097 seconds
[2025-01-13T23:59:53.285+0000] {processor.py:186} INFO - Started process (PID=4354) to work on /home/airflow/.local/lib/python3.12/site-packages/airflow/example_dags/example_short_circuit_operator.py
[2025-01-13T23:59:53.286+0000] {processor.py:914} INFO - Processing file /home/airflow/.local/lib/python3.12/site-packages/airflow/example_dags/example_short_circuit_operator.py for tasks to queue
[2025-01-13T23:59:53.291+0000] {logging_mixin.py:190} INFO - [2025-01-13T23:59:53.290+0000] {dagbag.py:588} INFO - Filling up the DagBag from /home/airflow/.local/lib/python3.12/site-packages/airflow/example_dags/example_short_circuit_operator.py
[2025-01-13T23:59:53.300+0000] {processor.py:925} INFO - DAG(s) 'example_short_circuit_operator' retrieved from /home/airflow/.local/lib/python3.12/site-packages/airflow/example_dags/example_short_circuit_operator.py
[2025-01-13T23:59:53.323+0000] {logging_mixin.py:190} INFO - [2025-01-13T23:59:53.322+0000] {dag.py:3239} INFO - Sync 1 DAGs
[2025-01-13T23:59:53.333+0000] {logging_mixin.py:190} INFO - [2025-01-13T23:59:53.333+0000] {dag.py:4180} INFO - Setting next_dagrun for example_short_circuit_operator to None, run_after=None
[2025-01-13T23:59:53.351+0000] {processor.py:208} INFO - Processing /home/airflow/.local/lib/python3.12/site-packages/airflow/example_dags/example_short_circuit_operator.py took 0.071 seconds
