[2025-01-13T23:25:46.041+0000] {processor.py:186} INFO - Started process (PID=90) to work on /home/airflow/.local/lib/python3.12/site-packages/airflow/example_dags/example_skip_dag.py
[2025-01-13T23:25:46.042+0000] {processor.py:914} INFO - Processing file /home/airflow/.local/lib/python3.12/site-packages/airflow/example_dags/example_skip_dag.py for tasks to queue
[2025-01-13T23:25:46.045+0000] {logging_mixin.py:190} INFO - [2025-01-13T23:25:46.044+0000] {dagbag.py:588} INFO - Filling up the DagBag from /home/airflow/.local/lib/python3.12/site-packages/airflow/example_dags/example_skip_dag.py
[2025-01-13T23:25:46.054+0000] {processor.py:925} INFO - DAG(s) 'example_skip_dag' retrieved from /home/airflow/.local/lib/python3.12/site-packages/airflow/example_dags/example_skip_dag.py
[2025-01-13T23:25:46.087+0000] {logging_mixin.py:190} INFO - [2025-01-13T23:25:46.087+0000] {dag.py:3239} INFO - Sync 1 DAGs
[2025-01-13T23:25:46.109+0000] {logging_mixin.py:190} INFO - [2025-01-13T23:25:46.109+0000] {dag.py:4180} INFO - Setting next_dagrun for example_skip_dag to 2025-01-12 00:00:00+00:00, run_after=2025-01-13 00:00:00+00:00
[2025-01-13T23:25:46.130+0000] {processor.py:208} INFO - Processing /home/airflow/.local/lib/python3.12/site-packages/airflow/example_dags/example_skip_dag.py took 0.093 seconds
[2025-01-13T23:26:16.612+0000] {processor.py:186} INFO - Started process (PID=154) to work on /home/airflow/.local/lib/python3.12/site-packages/airflow/example_dags/example_skip_dag.py
[2025-01-13T23:26:16.613+0000] {processor.py:914} INFO - Processing file /home/airflow/.local/lib/python3.12/site-packages/airflow/example_dags/example_skip_dag.py for tasks to queue
[2025-01-13T23:26:16.616+0000] {logging_mixin.py:190} INFO - [2025-01-13T23:26:16.616+0000] {dagbag.py:588} INFO - Filling up the DagBag from /home/airflow/.local/lib/python3.12/site-packages/airflow/example_dags/example_skip_dag.py
[2025-01-13T23:26:16.625+0000] {processor.py:925} INFO - DAG(s) 'example_skip_dag' retrieved from /home/airflow/.local/lib/python3.12/site-packages/airflow/example_dags/example_skip_dag.py
[2025-01-13T23:26:16.645+0000] {logging_mixin.py:190} INFO - [2025-01-13T23:26:16.645+0000] {dag.py:3239} INFO - Sync 1 DAGs
[2025-01-13T23:26:16.664+0000] {logging_mixin.py:190} INFO - [2025-01-13T23:26:16.664+0000] {dag.py:4180} INFO - Setting next_dagrun for example_skip_dag to 2025-01-12 00:00:00+00:00, run_after=2025-01-13 00:00:00+00:00
[2025-01-13T23:26:16.683+0000] {processor.py:208} INFO - Processing /home/airflow/.local/lib/python3.12/site-packages/airflow/example_dags/example_skip_dag.py took 0.077 seconds
[2025-01-13T23:26:46.997+0000] {processor.py:186} INFO - Started process (PID=218) to work on /home/airflow/.local/lib/python3.12/site-packages/airflow/example_dags/example_skip_dag.py
[2025-01-13T23:26:46.998+0000] {processor.py:914} INFO - Processing file /home/airflow/.local/lib/python3.12/site-packages/airflow/example_dags/example_skip_dag.py for tasks to queue
[2025-01-13T23:26:47.001+0000] {logging_mixin.py:190} INFO - [2025-01-13T23:26:47.001+0000] {dagbag.py:588} INFO - Filling up the DagBag from /home/airflow/.local/lib/python3.12/site-packages/airflow/example_dags/example_skip_dag.py
[2025-01-13T23:26:47.010+0000] {processor.py:925} INFO - DAG(s) 'example_skip_dag' retrieved from /home/airflow/.local/lib/python3.12/site-packages/airflow/example_dags/example_skip_dag.py
[2025-01-13T23:26:47.029+0000] {logging_mixin.py:190} INFO - [2025-01-13T23:26:47.029+0000] {dag.py:3239} INFO - Sync 1 DAGs
[2025-01-13T23:26:47.047+0000] {logging_mixin.py:190} INFO - [2025-01-13T23:26:47.047+0000] {dag.py:4180} INFO - Setting next_dagrun for example_skip_dag to 2025-01-12 00:00:00+00:00, run_after=2025-01-13 00:00:00+00:00
[2025-01-13T23:26:47.061+0000] {processor.py:208} INFO - Processing /home/airflow/.local/lib/python3.12/site-packages/airflow/example_dags/example_skip_dag.py took 0.072 seconds
[2025-01-13T23:27:17.855+0000] {processor.py:186} INFO - Started process (PID=288) to work on /home/airflow/.local/lib/python3.12/site-packages/airflow/example_dags/example_skip_dag.py
[2025-01-13T23:27:17.856+0000] {processor.py:914} INFO - Processing file /home/airflow/.local/lib/python3.12/site-packages/airflow/example_dags/example_skip_dag.py for tasks to queue
[2025-01-13T23:27:17.858+0000] {logging_mixin.py:190} INFO - [2025-01-13T23:27:17.857+0000] {dagbag.py:588} INFO - Filling up the DagBag from /home/airflow/.local/lib/python3.12/site-packages/airflow/example_dags/example_skip_dag.py
[2025-01-13T23:27:17.864+0000] {processor.py:925} INFO - DAG(s) 'example_skip_dag' retrieved from /home/airflow/.local/lib/python3.12/site-packages/airflow/example_dags/example_skip_dag.py
[2025-01-13T23:27:17.881+0000] {logging_mixin.py:190} INFO - [2025-01-13T23:27:17.881+0000] {dag.py:3239} INFO - Sync 1 DAGs
[2025-01-13T23:27:17.899+0000] {logging_mixin.py:190} INFO - [2025-01-13T23:27:17.899+0000] {dag.py:4180} INFO - Setting next_dagrun for example_skip_dag to 2025-01-12 00:00:00+00:00, run_after=2025-01-13 00:00:00+00:00
[2025-01-13T23:27:17.917+0000] {processor.py:208} INFO - Processing /home/airflow/.local/lib/python3.12/site-packages/airflow/example_dags/example_skip_dag.py took 0.067 seconds
[2025-01-13T23:27:49.050+0000] {processor.py:186} INFO - Started process (PID=352) to work on /home/airflow/.local/lib/python3.12/site-packages/airflow/example_dags/example_skip_dag.py
[2025-01-13T23:27:49.051+0000] {processor.py:914} INFO - Processing file /home/airflow/.local/lib/python3.12/site-packages/airflow/example_dags/example_skip_dag.py for tasks to queue
[2025-01-13T23:27:49.054+0000] {logging_mixin.py:190} INFO - [2025-01-13T23:27:49.053+0000] {dagbag.py:588} INFO - Filling up the DagBag from /home/airflow/.local/lib/python3.12/site-packages/airflow/example_dags/example_skip_dag.py
[2025-01-13T23:27:49.062+0000] {processor.py:925} INFO - DAG(s) 'example_skip_dag' retrieved from /home/airflow/.local/lib/python3.12/site-packages/airflow/example_dags/example_skip_dag.py
[2025-01-13T23:27:49.086+0000] {logging_mixin.py:190} INFO - [2025-01-13T23:27:49.086+0000] {dag.py:3239} INFO - Sync 1 DAGs
[2025-01-13T23:27:49.109+0000] {logging_mixin.py:190} INFO - [2025-01-13T23:27:49.109+0000] {dag.py:4180} INFO - Setting next_dagrun for example_skip_dag to 2025-01-12 00:00:00+00:00, run_after=2025-01-13 00:00:00+00:00
[2025-01-13T23:27:49.124+0000] {processor.py:208} INFO - Processing /home/airflow/.local/lib/python3.12/site-packages/airflow/example_dags/example_skip_dag.py took 0.081 seconds
[2025-01-13T23:28:20.132+0000] {processor.py:186} INFO - Started process (PID=415) to work on /home/airflow/.local/lib/python3.12/site-packages/airflow/example_dags/example_skip_dag.py
[2025-01-13T23:28:20.133+0000] {processor.py:914} INFO - Processing file /home/airflow/.local/lib/python3.12/site-packages/airflow/example_dags/example_skip_dag.py for tasks to queue
[2025-01-13T23:28:20.136+0000] {logging_mixin.py:190} INFO - [2025-01-13T23:28:20.135+0000] {dagbag.py:588} INFO - Filling up the DagBag from /home/airflow/.local/lib/python3.12/site-packages/airflow/example_dags/example_skip_dag.py
[2025-01-13T23:28:20.144+0000] {processor.py:925} INFO - DAG(s) 'example_skip_dag' retrieved from /home/airflow/.local/lib/python3.12/site-packages/airflow/example_dags/example_skip_dag.py
[2025-01-13T23:28:20.169+0000] {logging_mixin.py:190} INFO - [2025-01-13T23:28:20.169+0000] {dag.py:3239} INFO - Sync 1 DAGs
[2025-01-13T23:28:20.193+0000] {logging_mixin.py:190} INFO - [2025-01-13T23:28:20.193+0000] {dag.py:4180} INFO - Setting next_dagrun for example_skip_dag to 2025-01-12 00:00:00+00:00, run_after=2025-01-13 00:00:00+00:00
[2025-01-13T23:28:20.213+0000] {processor.py:208} INFO - Processing /home/airflow/.local/lib/python3.12/site-packages/airflow/example_dags/example_skip_dag.py took 0.085 seconds
[2025-01-13T23:28:51.000+0000] {processor.py:186} INFO - Started process (PID=479) to work on /home/airflow/.local/lib/python3.12/site-packages/airflow/example_dags/example_skip_dag.py
[2025-01-13T23:28:51.001+0000] {processor.py:914} INFO - Processing file /home/airflow/.local/lib/python3.12/site-packages/airflow/example_dags/example_skip_dag.py for tasks to queue
[2025-01-13T23:28:51.003+0000] {logging_mixin.py:190} INFO - [2025-01-13T23:28:51.003+0000] {dagbag.py:588} INFO - Filling up the DagBag from /home/airflow/.local/lib/python3.12/site-packages/airflow/example_dags/example_skip_dag.py
[2025-01-13T23:28:51.010+0000] {processor.py:925} INFO - DAG(s) 'example_skip_dag' retrieved from /home/airflow/.local/lib/python3.12/site-packages/airflow/example_dags/example_skip_dag.py
[2025-01-13T23:28:51.028+0000] {logging_mixin.py:190} INFO - [2025-01-13T23:28:51.028+0000] {dag.py:3239} INFO - Sync 1 DAGs
[2025-01-13T23:28:51.048+0000] {logging_mixin.py:190} INFO - [2025-01-13T23:28:51.047+0000] {dag.py:4180} INFO - Setting next_dagrun for example_skip_dag to 2025-01-12 00:00:00+00:00, run_after=2025-01-13 00:00:00+00:00
[2025-01-13T23:28:51.065+0000] {processor.py:208} INFO - Processing /home/airflow/.local/lib/python3.12/site-packages/airflow/example_dags/example_skip_dag.py took 0.069 seconds
[2025-01-13T23:29:21.503+0000] {processor.py:186} INFO - Started process (PID=541) to work on /home/airflow/.local/lib/python3.12/site-packages/airflow/example_dags/example_skip_dag.py
[2025-01-13T23:29:21.503+0000] {processor.py:914} INFO - Processing file /home/airflow/.local/lib/python3.12/site-packages/airflow/example_dags/example_skip_dag.py for tasks to queue
[2025-01-13T23:29:21.505+0000] {logging_mixin.py:190} INFO - [2025-01-13T23:29:21.505+0000] {dagbag.py:588} INFO - Filling up the DagBag from /home/airflow/.local/lib/python3.12/site-packages/airflow/example_dags/example_skip_dag.py
[2025-01-13T23:29:21.511+0000] {processor.py:925} INFO - DAG(s) 'example_skip_dag' retrieved from /home/airflow/.local/lib/python3.12/site-packages/airflow/example_dags/example_skip_dag.py
[2025-01-13T23:29:21.530+0000] {logging_mixin.py:190} INFO - [2025-01-13T23:29:21.529+0000] {dag.py:3239} INFO - Sync 1 DAGs
[2025-01-13T23:29:21.550+0000] {logging_mixin.py:190} INFO - [2025-01-13T23:29:21.550+0000] {dag.py:4180} INFO - Setting next_dagrun for example_skip_dag to 2025-01-12 00:00:00+00:00, run_after=2025-01-13 00:00:00+00:00
[2025-01-13T23:29:21.567+0000] {processor.py:208} INFO - Processing /home/airflow/.local/lib/python3.12/site-packages/airflow/example_dags/example_skip_dag.py took 0.068 seconds
[2025-01-13T23:29:51.893+0000] {processor.py:186} INFO - Started process (PID=605) to work on /home/airflow/.local/lib/python3.12/site-packages/airflow/example_dags/example_skip_dag.py
[2025-01-13T23:29:51.894+0000] {processor.py:914} INFO - Processing file /home/airflow/.local/lib/python3.12/site-packages/airflow/example_dags/example_skip_dag.py for tasks to queue
[2025-01-13T23:29:51.896+0000] {logging_mixin.py:190} INFO - [2025-01-13T23:29:51.896+0000] {dagbag.py:588} INFO - Filling up the DagBag from /home/airflow/.local/lib/python3.12/site-packages/airflow/example_dags/example_skip_dag.py
[2025-01-13T23:29:51.903+0000] {processor.py:925} INFO - DAG(s) 'example_skip_dag' retrieved from /home/airflow/.local/lib/python3.12/site-packages/airflow/example_dags/example_skip_dag.py
[2025-01-13T23:29:51.920+0000] {logging_mixin.py:190} INFO - [2025-01-13T23:29:51.920+0000] {dag.py:3239} INFO - Sync 1 DAGs
[2025-01-13T23:29:51.936+0000] {logging_mixin.py:190} INFO - [2025-01-13T23:29:51.936+0000] {dag.py:4180} INFO - Setting next_dagrun for example_skip_dag to 2025-01-12 00:00:00+00:00, run_after=2025-01-13 00:00:00+00:00
[2025-01-13T23:29:51.951+0000] {processor.py:208} INFO - Processing /home/airflow/.local/lib/python3.12/site-packages/airflow/example_dags/example_skip_dag.py took 0.062 seconds
[2025-01-13T23:30:21.985+0000] {processor.py:186} INFO - Started process (PID=668) to work on /home/airflow/.local/lib/python3.12/site-packages/airflow/example_dags/example_skip_dag.py
[2025-01-13T23:30:21.986+0000] {processor.py:914} INFO - Processing file /home/airflow/.local/lib/python3.12/site-packages/airflow/example_dags/example_skip_dag.py for tasks to queue
[2025-01-13T23:30:21.988+0000] {logging_mixin.py:190} INFO - [2025-01-13T23:30:21.987+0000] {dagbag.py:588} INFO - Filling up the DagBag from /home/airflow/.local/lib/python3.12/site-packages/airflow/example_dags/example_skip_dag.py
[2025-01-13T23:30:21.994+0000] {processor.py:925} INFO - DAG(s) 'example_skip_dag' retrieved from /home/airflow/.local/lib/python3.12/site-packages/airflow/example_dags/example_skip_dag.py
[2025-01-13T23:30:22.011+0000] {logging_mixin.py:190} INFO - [2025-01-13T23:30:22.010+0000] {dag.py:3239} INFO - Sync 1 DAGs
[2025-01-13T23:30:22.028+0000] {logging_mixin.py:190} INFO - [2025-01-13T23:30:22.027+0000] {dag.py:4180} INFO - Setting next_dagrun for example_skip_dag to 2025-01-12 00:00:00+00:00, run_after=2025-01-13 00:00:00+00:00
[2025-01-13T23:30:22.043+0000] {processor.py:208} INFO - Processing /home/airflow/.local/lib/python3.12/site-packages/airflow/example_dags/example_skip_dag.py took 0.062 seconds
[2025-01-13T23:30:52.905+0000] {processor.py:186} INFO - Started process (PID=732) to work on /home/airflow/.local/lib/python3.12/site-packages/airflow/example_dags/example_skip_dag.py
[2025-01-13T23:30:52.906+0000] {processor.py:914} INFO - Processing file /home/airflow/.local/lib/python3.12/site-packages/airflow/example_dags/example_skip_dag.py for tasks to queue
[2025-01-13T23:30:52.908+0000] {logging_mixin.py:190} INFO - [2025-01-13T23:30:52.908+0000] {dagbag.py:588} INFO - Filling up the DagBag from /home/airflow/.local/lib/python3.12/site-packages/airflow/example_dags/example_skip_dag.py
[2025-01-13T23:30:52.914+0000] {processor.py:925} INFO - DAG(s) 'example_skip_dag' retrieved from /home/airflow/.local/lib/python3.12/site-packages/airflow/example_dags/example_skip_dag.py
[2025-01-13T23:30:52.932+0000] {logging_mixin.py:190} INFO - [2025-01-13T23:30:52.932+0000] {dag.py:3239} INFO - Sync 1 DAGs
[2025-01-13T23:30:52.952+0000] {logging_mixin.py:190} INFO - [2025-01-13T23:30:52.952+0000] {dag.py:4180} INFO - Setting next_dagrun for example_skip_dag to 2025-01-12 00:00:00+00:00, run_after=2025-01-13 00:00:00+00:00
[2025-01-13T23:30:52.978+0000] {processor.py:208} INFO - Processing /home/airflow/.local/lib/python3.12/site-packages/airflow/example_dags/example_skip_dag.py took 0.077 seconds
[2025-01-13T23:31:23.229+0000] {processor.py:186} INFO - Started process (PID=796) to work on /home/airflow/.local/lib/python3.12/site-packages/airflow/example_dags/example_skip_dag.py
[2025-01-13T23:31:23.230+0000] {processor.py:914} INFO - Processing file /home/airflow/.local/lib/python3.12/site-packages/airflow/example_dags/example_skip_dag.py for tasks to queue
[2025-01-13T23:31:23.233+0000] {logging_mixin.py:190} INFO - [2025-01-13T23:31:23.232+0000] {dagbag.py:588} INFO - Filling up the DagBag from /home/airflow/.local/lib/python3.12/site-packages/airflow/example_dags/example_skip_dag.py
[2025-01-13T23:31:23.239+0000] {processor.py:925} INFO - DAG(s) 'example_skip_dag' retrieved from /home/airflow/.local/lib/python3.12/site-packages/airflow/example_dags/example_skip_dag.py
[2025-01-13T23:31:23.256+0000] {logging_mixin.py:190} INFO - [2025-01-13T23:31:23.256+0000] {dag.py:3239} INFO - Sync 1 DAGs
[2025-01-13T23:31:23.273+0000] {logging_mixin.py:190} INFO - [2025-01-13T23:31:23.273+0000] {dag.py:4180} INFO - Setting next_dagrun for example_skip_dag to 2025-01-12 00:00:00+00:00, run_after=2025-01-13 00:00:00+00:00
[2025-01-13T23:31:23.288+0000] {processor.py:208} INFO - Processing /home/airflow/.local/lib/python3.12/site-packages/airflow/example_dags/example_skip_dag.py took 0.063 seconds
[2025-01-13T23:31:53.834+0000] {processor.py:186} INFO - Started process (PID=859) to work on /home/airflow/.local/lib/python3.12/site-packages/airflow/example_dags/example_skip_dag.py
[2025-01-13T23:31:53.835+0000] {processor.py:914} INFO - Processing file /home/airflow/.local/lib/python3.12/site-packages/airflow/example_dags/example_skip_dag.py for tasks to queue
[2025-01-13T23:31:53.840+0000] {logging_mixin.py:190} INFO - [2025-01-13T23:31:53.839+0000] {dagbag.py:588} INFO - Filling up the DagBag from /home/airflow/.local/lib/python3.12/site-packages/airflow/example_dags/example_skip_dag.py
[2025-01-13T23:31:53.847+0000] {processor.py:925} INFO - DAG(s) 'example_skip_dag' retrieved from /home/airflow/.local/lib/python3.12/site-packages/airflow/example_dags/example_skip_dag.py
[2025-01-13T23:31:53.866+0000] {logging_mixin.py:190} INFO - [2025-01-13T23:31:53.866+0000] {dag.py:3239} INFO - Sync 1 DAGs
[2025-01-13T23:31:53.889+0000] {logging_mixin.py:190} INFO - [2025-01-13T23:31:53.889+0000] {dag.py:4180} INFO - Setting next_dagrun for example_skip_dag to 2025-01-12 00:00:00+00:00, run_after=2025-01-13 00:00:00+00:00
[2025-01-13T23:31:53.909+0000] {processor.py:208} INFO - Processing /home/airflow/.local/lib/python3.12/site-packages/airflow/example_dags/example_skip_dag.py took 0.079 seconds
[2025-01-13T23:32:24.095+0000] {processor.py:186} INFO - Started process (PID=923) to work on /home/airflow/.local/lib/python3.12/site-packages/airflow/example_dags/example_skip_dag.py
[2025-01-13T23:32:24.096+0000] {processor.py:914} INFO - Processing file /home/airflow/.local/lib/python3.12/site-packages/airflow/example_dags/example_skip_dag.py for tasks to queue
[2025-01-13T23:32:24.099+0000] {logging_mixin.py:190} INFO - [2025-01-13T23:32:24.099+0000] {dagbag.py:588} INFO - Filling up the DagBag from /home/airflow/.local/lib/python3.12/site-packages/airflow/example_dags/example_skip_dag.py
[2025-01-13T23:32:24.108+0000] {processor.py:925} INFO - DAG(s) 'example_skip_dag' retrieved from /home/airflow/.local/lib/python3.12/site-packages/airflow/example_dags/example_skip_dag.py
[2025-01-13T23:32:24.128+0000] {logging_mixin.py:190} INFO - [2025-01-13T23:32:24.128+0000] {dag.py:3239} INFO - Sync 1 DAGs
[2025-01-13T23:32:24.151+0000] {logging_mixin.py:190} INFO - [2025-01-13T23:32:24.151+0000] {dag.py:4180} INFO - Setting next_dagrun for example_skip_dag to 2025-01-12 00:00:00+00:00, run_after=2025-01-13 00:00:00+00:00
[2025-01-13T23:32:24.171+0000] {processor.py:208} INFO - Processing /home/airflow/.local/lib/python3.12/site-packages/airflow/example_dags/example_skip_dag.py took 0.081 seconds
[2025-01-13T23:32:54.330+0000] {processor.py:186} INFO - Started process (PID=987) to work on /home/airflow/.local/lib/python3.12/site-packages/airflow/example_dags/example_skip_dag.py
[2025-01-13T23:32:54.331+0000] {processor.py:914} INFO - Processing file /home/airflow/.local/lib/python3.12/site-packages/airflow/example_dags/example_skip_dag.py for tasks to queue
[2025-01-13T23:32:54.333+0000] {logging_mixin.py:190} INFO - [2025-01-13T23:32:54.333+0000] {dagbag.py:588} INFO - Filling up the DagBag from /home/airflow/.local/lib/python3.12/site-packages/airflow/example_dags/example_skip_dag.py
[2025-01-13T23:32:54.340+0000] {processor.py:925} INFO - DAG(s) 'example_skip_dag' retrieved from /home/airflow/.local/lib/python3.12/site-packages/airflow/example_dags/example_skip_dag.py
[2025-01-13T23:32:54.356+0000] {logging_mixin.py:190} INFO - [2025-01-13T23:32:54.356+0000] {dag.py:3239} INFO - Sync 1 DAGs
[2025-01-13T23:32:54.372+0000] {logging_mixin.py:190} INFO - [2025-01-13T23:32:54.371+0000] {dag.py:4180} INFO - Setting next_dagrun for example_skip_dag to 2025-01-12 00:00:00+00:00, run_after=2025-01-13 00:00:00+00:00
[2025-01-13T23:32:54.387+0000] {processor.py:208} INFO - Processing /home/airflow/.local/lib/python3.12/site-packages/airflow/example_dags/example_skip_dag.py took 0.061 seconds
[2025-01-13T23:33:24.624+0000] {processor.py:186} INFO - Started process (PID=1051) to work on /home/airflow/.local/lib/python3.12/site-packages/airflow/example_dags/example_skip_dag.py
[2025-01-13T23:33:24.626+0000] {processor.py:914} INFO - Processing file /home/airflow/.local/lib/python3.12/site-packages/airflow/example_dags/example_skip_dag.py for tasks to queue
[2025-01-13T23:33:24.628+0000] {logging_mixin.py:190} INFO - [2025-01-13T23:33:24.627+0000] {dagbag.py:588} INFO - Filling up the DagBag from /home/airflow/.local/lib/python3.12/site-packages/airflow/example_dags/example_skip_dag.py
[2025-01-13T23:33:24.634+0000] {processor.py:925} INFO - DAG(s) 'example_skip_dag' retrieved from /home/airflow/.local/lib/python3.12/site-packages/airflow/example_dags/example_skip_dag.py
[2025-01-13T23:33:24.650+0000] {logging_mixin.py:190} INFO - [2025-01-13T23:33:24.650+0000] {dag.py:3239} INFO - Sync 1 DAGs
[2025-01-13T23:33:24.665+0000] {logging_mixin.py:190} INFO - [2025-01-13T23:33:24.665+0000] {dag.py:4180} INFO - Setting next_dagrun for example_skip_dag to 2025-01-12 00:00:00+00:00, run_after=2025-01-13 00:00:00+00:00
[2025-01-13T23:33:24.680+0000] {processor.py:208} INFO - Processing /home/airflow/.local/lib/python3.12/site-packages/airflow/example_dags/example_skip_dag.py took 0.059 seconds
[2025-01-13T23:33:54.921+0000] {processor.py:186} INFO - Started process (PID=1115) to work on /home/airflow/.local/lib/python3.12/site-packages/airflow/example_dags/example_skip_dag.py
[2025-01-13T23:33:54.922+0000] {processor.py:914} INFO - Processing file /home/airflow/.local/lib/python3.12/site-packages/airflow/example_dags/example_skip_dag.py for tasks to queue
[2025-01-13T23:33:54.925+0000] {logging_mixin.py:190} INFO - [2025-01-13T23:33:54.925+0000] {dagbag.py:588} INFO - Filling up the DagBag from /home/airflow/.local/lib/python3.12/site-packages/airflow/example_dags/example_skip_dag.py
[2025-01-13T23:33:54.932+0000] {processor.py:925} INFO - DAG(s) 'example_skip_dag' retrieved from /home/airflow/.local/lib/python3.12/site-packages/airflow/example_dags/example_skip_dag.py
[2025-01-13T23:33:54.950+0000] {logging_mixin.py:190} INFO - [2025-01-13T23:33:54.949+0000] {dag.py:3239} INFO - Sync 1 DAGs
[2025-01-13T23:33:54.973+0000] {logging_mixin.py:190} INFO - [2025-01-13T23:33:54.973+0000] {dag.py:4180} INFO - Setting next_dagrun for example_skip_dag to 2025-01-12 00:00:00+00:00, run_after=2025-01-13 00:00:00+00:00
[2025-01-13T23:33:54.992+0000] {processor.py:208} INFO - Processing /home/airflow/.local/lib/python3.12/site-packages/airflow/example_dags/example_skip_dag.py took 0.075 seconds
[2025-01-13T23:34:25.908+0000] {processor.py:186} INFO - Started process (PID=1179) to work on /home/airflow/.local/lib/python3.12/site-packages/airflow/example_dags/example_skip_dag.py
[2025-01-13T23:34:25.909+0000] {processor.py:914} INFO - Processing file /home/airflow/.local/lib/python3.12/site-packages/airflow/example_dags/example_skip_dag.py for tasks to queue
[2025-01-13T23:34:25.912+0000] {logging_mixin.py:190} INFO - [2025-01-13T23:34:25.912+0000] {dagbag.py:588} INFO - Filling up the DagBag from /home/airflow/.local/lib/python3.12/site-packages/airflow/example_dags/example_skip_dag.py
[2025-01-13T23:34:25.921+0000] {processor.py:925} INFO - DAG(s) 'example_skip_dag' retrieved from /home/airflow/.local/lib/python3.12/site-packages/airflow/example_dags/example_skip_dag.py
[2025-01-13T23:34:25.942+0000] {logging_mixin.py:190} INFO - [2025-01-13T23:34:25.941+0000] {dag.py:3239} INFO - Sync 1 DAGs
[2025-01-13T23:34:25.964+0000] {logging_mixin.py:190} INFO - [2025-01-13T23:34:25.964+0000] {dag.py:4180} INFO - Setting next_dagrun for example_skip_dag to 2025-01-12 00:00:00+00:00, run_after=2025-01-13 00:00:00+00:00
[2025-01-13T23:34:25.988+0000] {processor.py:208} INFO - Processing /home/airflow/.local/lib/python3.12/site-packages/airflow/example_dags/example_skip_dag.py took 0.085 seconds
[2025-01-13T23:34:56.340+0000] {processor.py:186} INFO - Started process (PID=1243) to work on /home/airflow/.local/lib/python3.12/site-packages/airflow/example_dags/example_skip_dag.py
[2025-01-13T23:34:56.342+0000] {processor.py:914} INFO - Processing file /home/airflow/.local/lib/python3.12/site-packages/airflow/example_dags/example_skip_dag.py for tasks to queue
[2025-01-13T23:34:56.344+0000] {logging_mixin.py:190} INFO - [2025-01-13T23:34:56.344+0000] {dagbag.py:588} INFO - Filling up the DagBag from /home/airflow/.local/lib/python3.12/site-packages/airflow/example_dags/example_skip_dag.py
[2025-01-13T23:34:56.352+0000] {processor.py:925} INFO - DAG(s) 'example_skip_dag' retrieved from /home/airflow/.local/lib/python3.12/site-packages/airflow/example_dags/example_skip_dag.py
[2025-01-13T23:34:56.373+0000] {logging_mixin.py:190} INFO - [2025-01-13T23:34:56.372+0000] {dag.py:3239} INFO - Sync 1 DAGs
[2025-01-13T23:34:56.397+0000] {logging_mixin.py:190} INFO - [2025-01-13T23:34:56.396+0000] {dag.py:4180} INFO - Setting next_dagrun for example_skip_dag to 2025-01-12 00:00:00+00:00, run_after=2025-01-13 00:00:00+00:00
[2025-01-13T23:34:56.414+0000] {processor.py:208} INFO - Processing /home/airflow/.local/lib/python3.12/site-packages/airflow/example_dags/example_skip_dag.py took 0.080 seconds
[2025-01-13T23:35:26.668+0000] {processor.py:186} INFO - Started process (PID=1307) to work on /home/airflow/.local/lib/python3.12/site-packages/airflow/example_dags/example_skip_dag.py
[2025-01-13T23:35:26.670+0000] {processor.py:914} INFO - Processing file /home/airflow/.local/lib/python3.12/site-packages/airflow/example_dags/example_skip_dag.py for tasks to queue
[2025-01-13T23:35:26.673+0000] {logging_mixin.py:190} INFO - [2025-01-13T23:35:26.673+0000] {dagbag.py:588} INFO - Filling up the DagBag from /home/airflow/.local/lib/python3.12/site-packages/airflow/example_dags/example_skip_dag.py
[2025-01-13T23:35:26.682+0000] {processor.py:925} INFO - DAG(s) 'example_skip_dag' retrieved from /home/airflow/.local/lib/python3.12/site-packages/airflow/example_dags/example_skip_dag.py
[2025-01-13T23:35:26.704+0000] {logging_mixin.py:190} INFO - [2025-01-13T23:35:26.704+0000] {dag.py:3239} INFO - Sync 1 DAGs
[2025-01-13T23:35:26.734+0000] {logging_mixin.py:190} INFO - [2025-01-13T23:35:26.734+0000] {dag.py:4180} INFO - Setting next_dagrun for example_skip_dag to 2025-01-12 00:00:00+00:00, run_after=2025-01-13 00:00:00+00:00
[2025-01-13T23:35:26.758+0000] {processor.py:208} INFO - Processing /home/airflow/.local/lib/python3.12/site-packages/airflow/example_dags/example_skip_dag.py took 0.101 seconds
[2025-01-13T23:35:57.393+0000] {processor.py:186} INFO - Started process (PID=1371) to work on /home/airflow/.local/lib/python3.12/site-packages/airflow/example_dags/example_skip_dag.py
[2025-01-13T23:35:57.394+0000] {processor.py:914} INFO - Processing file /home/airflow/.local/lib/python3.12/site-packages/airflow/example_dags/example_skip_dag.py for tasks to queue
[2025-01-13T23:35:57.396+0000] {logging_mixin.py:190} INFO - [2025-01-13T23:35:57.396+0000] {dagbag.py:588} INFO - Filling up the DagBag from /home/airflow/.local/lib/python3.12/site-packages/airflow/example_dags/example_skip_dag.py
[2025-01-13T23:35:57.407+0000] {processor.py:925} INFO - DAG(s) 'example_skip_dag' retrieved from /home/airflow/.local/lib/python3.12/site-packages/airflow/example_dags/example_skip_dag.py
[2025-01-13T23:35:57.424+0000] {logging_mixin.py:190} INFO - [2025-01-13T23:35:57.424+0000] {dag.py:3239} INFO - Sync 1 DAGs
[2025-01-13T23:35:57.441+0000] {logging_mixin.py:190} INFO - [2025-01-13T23:35:57.441+0000] {dag.py:4180} INFO - Setting next_dagrun for example_skip_dag to 2025-01-12 00:00:00+00:00, run_after=2025-01-13 00:00:00+00:00
[2025-01-13T23:35:57.462+0000] {processor.py:208} INFO - Processing /home/airflow/.local/lib/python3.12/site-packages/airflow/example_dags/example_skip_dag.py took 0.075 seconds
[2025-01-13T23:36:27.655+0000] {processor.py:186} INFO - Started process (PID=1435) to work on /home/airflow/.local/lib/python3.12/site-packages/airflow/example_dags/example_skip_dag.py
[2025-01-13T23:36:27.656+0000] {processor.py:914} INFO - Processing file /home/airflow/.local/lib/python3.12/site-packages/airflow/example_dags/example_skip_dag.py for tasks to queue
[2025-01-13T23:36:27.658+0000] {logging_mixin.py:190} INFO - [2025-01-13T23:36:27.658+0000] {dagbag.py:588} INFO - Filling up the DagBag from /home/airflow/.local/lib/python3.12/site-packages/airflow/example_dags/example_skip_dag.py
[2025-01-13T23:36:27.665+0000] {processor.py:925} INFO - DAG(s) 'example_skip_dag' retrieved from /home/airflow/.local/lib/python3.12/site-packages/airflow/example_dags/example_skip_dag.py
[2025-01-13T23:36:27.693+0000] {logging_mixin.py:190} INFO - [2025-01-13T23:36:27.693+0000] {dag.py:3239} INFO - Sync 1 DAGs
[2025-01-13T23:36:27.716+0000] {logging_mixin.py:190} INFO - [2025-01-13T23:36:27.716+0000] {dag.py:4180} INFO - Setting next_dagrun for example_skip_dag to 2025-01-12 00:00:00+00:00, run_after=2025-01-13 00:00:00+00:00
[2025-01-13T23:36:27.734+0000] {processor.py:208} INFO - Processing /home/airflow/.local/lib/python3.12/site-packages/airflow/example_dags/example_skip_dag.py took 0.084 seconds
[2025-01-13T23:36:57.987+0000] {processor.py:186} INFO - Started process (PID=1499) to work on /home/airflow/.local/lib/python3.12/site-packages/airflow/example_dags/example_skip_dag.py
[2025-01-13T23:36:57.993+0000] {processor.py:914} INFO - Processing file /home/airflow/.local/lib/python3.12/site-packages/airflow/example_dags/example_skip_dag.py for tasks to queue
[2025-01-13T23:36:57.996+0000] {logging_mixin.py:190} INFO - [2025-01-13T23:36:57.996+0000] {dagbag.py:588} INFO - Filling up the DagBag from /home/airflow/.local/lib/python3.12/site-packages/airflow/example_dags/example_skip_dag.py
[2025-01-13T23:36:58.009+0000] {processor.py:925} INFO - DAG(s) 'example_skip_dag' retrieved from /home/airflow/.local/lib/python3.12/site-packages/airflow/example_dags/example_skip_dag.py
[2025-01-13T23:36:58.056+0000] {logging_mixin.py:190} INFO - [2025-01-13T23:36:58.056+0000] {dag.py:3239} INFO - Sync 1 DAGs
[2025-01-13T23:36:58.093+0000] {logging_mixin.py:190} INFO - [2025-01-13T23:36:58.093+0000] {dag.py:4180} INFO - Setting next_dagrun for example_skip_dag to 2025-01-12 00:00:00+00:00, run_after=2025-01-13 00:00:00+00:00
[2025-01-13T23:36:58.131+0000] {processor.py:208} INFO - Processing /home/airflow/.local/lib/python3.12/site-packages/airflow/example_dags/example_skip_dag.py took 0.151 seconds
[2025-01-13T23:37:28.557+0000] {processor.py:186} INFO - Started process (PID=1563) to work on /home/airflow/.local/lib/python3.12/site-packages/airflow/example_dags/example_skip_dag.py
[2025-01-13T23:37:28.560+0000] {processor.py:914} INFO - Processing file /home/airflow/.local/lib/python3.12/site-packages/airflow/example_dags/example_skip_dag.py for tasks to queue
[2025-01-13T23:37:28.563+0000] {logging_mixin.py:190} INFO - [2025-01-13T23:37:28.563+0000] {dagbag.py:588} INFO - Filling up the DagBag from /home/airflow/.local/lib/python3.12/site-packages/airflow/example_dags/example_skip_dag.py
[2025-01-13T23:37:28.575+0000] {processor.py:925} INFO - DAG(s) 'example_skip_dag' retrieved from /home/airflow/.local/lib/python3.12/site-packages/airflow/example_dags/example_skip_dag.py
[2025-01-13T23:37:28.607+0000] {logging_mixin.py:190} INFO - [2025-01-13T23:37:28.606+0000] {dag.py:3239} INFO - Sync 1 DAGs
[2025-01-13T23:37:28.642+0000] {logging_mixin.py:190} INFO - [2025-01-13T23:37:28.641+0000] {dag.py:4180} INFO - Setting next_dagrun for example_skip_dag to 2025-01-12 00:00:00+00:00, run_after=2025-01-13 00:00:00+00:00
[2025-01-13T23:37:28.673+0000] {processor.py:208} INFO - Processing /home/airflow/.local/lib/python3.12/site-packages/airflow/example_dags/example_skip_dag.py took 0.123 seconds
[2025-01-13T23:37:59.516+0000] {processor.py:186} INFO - Started process (PID=1627) to work on /home/airflow/.local/lib/python3.12/site-packages/airflow/example_dags/example_skip_dag.py
[2025-01-13T23:37:59.518+0000] {processor.py:914} INFO - Processing file /home/airflow/.local/lib/python3.12/site-packages/airflow/example_dags/example_skip_dag.py for tasks to queue
[2025-01-13T23:37:59.521+0000] {logging_mixin.py:190} INFO - [2025-01-13T23:37:59.520+0000] {dagbag.py:588} INFO - Filling up the DagBag from /home/airflow/.local/lib/python3.12/site-packages/airflow/example_dags/example_skip_dag.py
[2025-01-13T23:37:59.530+0000] {processor.py:925} INFO - DAG(s) 'example_skip_dag' retrieved from /home/airflow/.local/lib/python3.12/site-packages/airflow/example_dags/example_skip_dag.py
[2025-01-13T23:37:59.554+0000] {logging_mixin.py:190} INFO - [2025-01-13T23:37:59.554+0000] {dag.py:3239} INFO - Sync 1 DAGs
[2025-01-13T23:37:59.577+0000] {logging_mixin.py:190} INFO - [2025-01-13T23:37:59.577+0000] {dag.py:4180} INFO - Setting next_dagrun for example_skip_dag to 2025-01-12 00:00:00+00:00, run_after=2025-01-13 00:00:00+00:00
[2025-01-13T23:37:59.607+0000] {processor.py:208} INFO - Processing /home/airflow/.local/lib/python3.12/site-packages/airflow/example_dags/example_skip_dag.py took 0.097 seconds
[2025-01-13T23:38:29.671+0000] {processor.py:186} INFO - Started process (PID=1691) to work on /home/airflow/.local/lib/python3.12/site-packages/airflow/example_dags/example_skip_dag.py
[2025-01-13T23:38:29.672+0000] {processor.py:914} INFO - Processing file /home/airflow/.local/lib/python3.12/site-packages/airflow/example_dags/example_skip_dag.py for tasks to queue
[2025-01-13T23:38:29.674+0000] {logging_mixin.py:190} INFO - [2025-01-13T23:38:29.674+0000] {dagbag.py:588} INFO - Filling up the DagBag from /home/airflow/.local/lib/python3.12/site-packages/airflow/example_dags/example_skip_dag.py
[2025-01-13T23:38:29.681+0000] {processor.py:925} INFO - DAG(s) 'example_skip_dag' retrieved from /home/airflow/.local/lib/python3.12/site-packages/airflow/example_dags/example_skip_dag.py
[2025-01-13T23:38:29.699+0000] {logging_mixin.py:190} INFO - [2025-01-13T23:38:29.698+0000] {dag.py:3239} INFO - Sync 1 DAGs
[2025-01-13T23:38:29.717+0000] {logging_mixin.py:190} INFO - [2025-01-13T23:38:29.717+0000] {dag.py:4180} INFO - Setting next_dagrun for example_skip_dag to 2025-01-12 00:00:00+00:00, run_after=2025-01-13 00:00:00+00:00
[2025-01-13T23:38:29.733+0000] {processor.py:208} INFO - Processing /home/airflow/.local/lib/python3.12/site-packages/airflow/example_dags/example_skip_dag.py took 0.067 seconds
[2025-01-13T23:38:59.968+0000] {processor.py:186} INFO - Started process (PID=1755) to work on /home/airflow/.local/lib/python3.12/site-packages/airflow/example_dags/example_skip_dag.py
[2025-01-13T23:38:59.970+0000] {processor.py:914} INFO - Processing file /home/airflow/.local/lib/python3.12/site-packages/airflow/example_dags/example_skip_dag.py for tasks to queue
[2025-01-13T23:38:59.972+0000] {logging_mixin.py:190} INFO - [2025-01-13T23:38:59.972+0000] {dagbag.py:588} INFO - Filling up the DagBag from /home/airflow/.local/lib/python3.12/site-packages/airflow/example_dags/example_skip_dag.py
[2025-01-13T23:38:59.978+0000] {processor.py:925} INFO - DAG(s) 'example_skip_dag' retrieved from /home/airflow/.local/lib/python3.12/site-packages/airflow/example_dags/example_skip_dag.py
[2025-01-13T23:38:59.998+0000] {logging_mixin.py:190} INFO - [2025-01-13T23:38:59.997+0000] {dag.py:3239} INFO - Sync 1 DAGs
[2025-01-13T23:39:00.016+0000] {logging_mixin.py:190} INFO - [2025-01-13T23:39:00.016+0000] {dag.py:4180} INFO - Setting next_dagrun for example_skip_dag to 2025-01-12 00:00:00+00:00, run_after=2025-01-13 00:00:00+00:00
[2025-01-13T23:39:00.036+0000] {processor.py:208} INFO - Processing /home/airflow/.local/lib/python3.12/site-packages/airflow/example_dags/example_skip_dag.py took 0.072 seconds
[2025-01-13T23:39:30.429+0000] {processor.py:186} INFO - Started process (PID=1819) to work on /home/airflow/.local/lib/python3.12/site-packages/airflow/example_dags/example_skip_dag.py
[2025-01-13T23:39:30.430+0000] {processor.py:914} INFO - Processing file /home/airflow/.local/lib/python3.12/site-packages/airflow/example_dags/example_skip_dag.py for tasks to queue
[2025-01-13T23:39:30.433+0000] {logging_mixin.py:190} INFO - [2025-01-13T23:39:30.432+0000] {dagbag.py:588} INFO - Filling up the DagBag from /home/airflow/.local/lib/python3.12/site-packages/airflow/example_dags/example_skip_dag.py
[2025-01-13T23:39:30.438+0000] {processor.py:925} INFO - DAG(s) 'example_skip_dag' retrieved from /home/airflow/.local/lib/python3.12/site-packages/airflow/example_dags/example_skip_dag.py
[2025-01-13T23:39:30.457+0000] {logging_mixin.py:190} INFO - [2025-01-13T23:39:30.456+0000] {dag.py:3239} INFO - Sync 1 DAGs
[2025-01-13T23:39:30.475+0000] {logging_mixin.py:190} INFO - [2025-01-13T23:39:30.474+0000] {dag.py:4180} INFO - Setting next_dagrun for example_skip_dag to 2025-01-12 00:00:00+00:00, run_after=2025-01-13 00:00:00+00:00
[2025-01-13T23:39:30.488+0000] {processor.py:208} INFO - Processing /home/airflow/.local/lib/python3.12/site-packages/airflow/example_dags/example_skip_dag.py took 0.062 seconds
[2025-01-13T23:40:01.544+0000] {processor.py:186} INFO - Started process (PID=1883) to work on /home/airflow/.local/lib/python3.12/site-packages/airflow/example_dags/example_skip_dag.py
[2025-01-13T23:40:01.546+0000] {processor.py:914} INFO - Processing file /home/airflow/.local/lib/python3.12/site-packages/airflow/example_dags/example_skip_dag.py for tasks to queue
[2025-01-13T23:40:01.548+0000] {logging_mixin.py:190} INFO - [2025-01-13T23:40:01.548+0000] {dagbag.py:588} INFO - Filling up the DagBag from /home/airflow/.local/lib/python3.12/site-packages/airflow/example_dags/example_skip_dag.py
[2025-01-13T23:40:01.556+0000] {processor.py:925} INFO - DAG(s) 'example_skip_dag' retrieved from /home/airflow/.local/lib/python3.12/site-packages/airflow/example_dags/example_skip_dag.py
[2025-01-13T23:40:01.582+0000] {logging_mixin.py:190} INFO - [2025-01-13T23:40:01.581+0000] {dag.py:3239} INFO - Sync 1 DAGs
[2025-01-13T23:40:01.605+0000] {logging_mixin.py:190} INFO - [2025-01-13T23:40:01.604+0000] {dag.py:4180} INFO - Setting next_dagrun for example_skip_dag to 2025-01-12 00:00:00+00:00, run_after=2025-01-13 00:00:00+00:00
[2025-01-13T23:40:01.623+0000] {processor.py:208} INFO - Processing /home/airflow/.local/lib/python3.12/site-packages/airflow/example_dags/example_skip_dag.py took 0.085 seconds
[2025-01-13T23:40:32.110+0000] {processor.py:186} INFO - Started process (PID=1947) to work on /home/airflow/.local/lib/python3.12/site-packages/airflow/example_dags/example_skip_dag.py
[2025-01-13T23:40:32.112+0000] {processor.py:914} INFO - Processing file /home/airflow/.local/lib/python3.12/site-packages/airflow/example_dags/example_skip_dag.py for tasks to queue
[2025-01-13T23:40:32.114+0000] {logging_mixin.py:190} INFO - [2025-01-13T23:40:32.114+0000] {dagbag.py:588} INFO - Filling up the DagBag from /home/airflow/.local/lib/python3.12/site-packages/airflow/example_dags/example_skip_dag.py
[2025-01-13T23:40:32.121+0000] {processor.py:925} INFO - DAG(s) 'example_skip_dag' retrieved from /home/airflow/.local/lib/python3.12/site-packages/airflow/example_dags/example_skip_dag.py
[2025-01-13T23:40:32.147+0000] {logging_mixin.py:190} INFO - [2025-01-13T23:40:32.147+0000] {dag.py:3239} INFO - Sync 1 DAGs
[2025-01-13T23:40:32.171+0000] {logging_mixin.py:190} INFO - [2025-01-13T23:40:32.171+0000] {dag.py:4180} INFO - Setting next_dagrun for example_skip_dag to 2025-01-12 00:00:00+00:00, run_after=2025-01-13 00:00:00+00:00
[2025-01-13T23:40:32.191+0000] {processor.py:208} INFO - Processing /home/airflow/.local/lib/python3.12/site-packages/airflow/example_dags/example_skip_dag.py took 0.084 seconds
[2025-01-13T23:41:03.005+0000] {processor.py:186} INFO - Started process (PID=2011) to work on /home/airflow/.local/lib/python3.12/site-packages/airflow/example_dags/example_skip_dag.py
[2025-01-13T23:41:03.007+0000] {processor.py:914} INFO - Processing file /home/airflow/.local/lib/python3.12/site-packages/airflow/example_dags/example_skip_dag.py for tasks to queue
[2025-01-13T23:41:03.010+0000] {logging_mixin.py:190} INFO - [2025-01-13T23:41:03.010+0000] {dagbag.py:588} INFO - Filling up the DagBag from /home/airflow/.local/lib/python3.12/site-packages/airflow/example_dags/example_skip_dag.py
[2025-01-13T23:41:03.016+0000] {processor.py:925} INFO - DAG(s) 'example_skip_dag' retrieved from /home/airflow/.local/lib/python3.12/site-packages/airflow/example_dags/example_skip_dag.py
[2025-01-13T23:41:03.043+0000] {logging_mixin.py:190} INFO - [2025-01-13T23:41:03.043+0000] {dag.py:3239} INFO - Sync 1 DAGs
[2025-01-13T23:41:03.068+0000] {logging_mixin.py:190} INFO - [2025-01-13T23:41:03.067+0000] {dag.py:4180} INFO - Setting next_dagrun for example_skip_dag to 2025-01-12 00:00:00+00:00, run_after=2025-01-13 00:00:00+00:00
[2025-01-13T23:41:03.087+0000] {processor.py:208} INFO - Processing /home/airflow/.local/lib/python3.12/site-packages/airflow/example_dags/example_skip_dag.py took 0.088 seconds
[2025-01-13T23:41:33.443+0000] {processor.py:186} INFO - Started process (PID=2074) to work on /home/airflow/.local/lib/python3.12/site-packages/airflow/example_dags/example_skip_dag.py
[2025-01-13T23:41:33.445+0000] {processor.py:914} INFO - Processing file /home/airflow/.local/lib/python3.12/site-packages/airflow/example_dags/example_skip_dag.py for tasks to queue
[2025-01-13T23:41:33.449+0000] {logging_mixin.py:190} INFO - [2025-01-13T23:41:33.448+0000] {dagbag.py:588} INFO - Filling up the DagBag from /home/airflow/.local/lib/python3.12/site-packages/airflow/example_dags/example_skip_dag.py
[2025-01-13T23:41:33.458+0000] {processor.py:925} INFO - DAG(s) 'example_skip_dag' retrieved from /home/airflow/.local/lib/python3.12/site-packages/airflow/example_dags/example_skip_dag.py
[2025-01-13T23:41:33.478+0000] {logging_mixin.py:190} INFO - [2025-01-13T23:41:33.478+0000] {dag.py:3239} INFO - Sync 1 DAGs
[2025-01-13T23:41:33.504+0000] {logging_mixin.py:190} INFO - [2025-01-13T23:41:33.504+0000] {dag.py:4180} INFO - Setting next_dagrun for example_skip_dag to 2025-01-12 00:00:00+00:00, run_after=2025-01-13 00:00:00+00:00
[2025-01-13T23:41:33.530+0000] {processor.py:208} INFO - Processing /home/airflow/.local/lib/python3.12/site-packages/airflow/example_dags/example_skip_dag.py took 0.094 seconds
[2025-01-13T23:42:03.747+0000] {processor.py:186} INFO - Started process (PID=2138) to work on /home/airflow/.local/lib/python3.12/site-packages/airflow/example_dags/example_skip_dag.py
[2025-01-13T23:42:03.748+0000] {processor.py:914} INFO - Processing file /home/airflow/.local/lib/python3.12/site-packages/airflow/example_dags/example_skip_dag.py for tasks to queue
[2025-01-13T23:42:03.752+0000] {logging_mixin.py:190} INFO - [2025-01-13T23:42:03.751+0000] {dagbag.py:588} INFO - Filling up the DagBag from /home/airflow/.local/lib/python3.12/site-packages/airflow/example_dags/example_skip_dag.py
[2025-01-13T23:42:03.761+0000] {processor.py:925} INFO - DAG(s) 'example_skip_dag' retrieved from /home/airflow/.local/lib/python3.12/site-packages/airflow/example_dags/example_skip_dag.py
[2025-01-13T23:42:03.783+0000] {logging_mixin.py:190} INFO - [2025-01-13T23:42:03.783+0000] {dag.py:3239} INFO - Sync 1 DAGs
[2025-01-13T23:42:03.816+0000] {logging_mixin.py:190} INFO - [2025-01-13T23:42:03.816+0000] {dag.py:4180} INFO - Setting next_dagrun for example_skip_dag to 2025-01-12 00:00:00+00:00, run_after=2025-01-13 00:00:00+00:00
[2025-01-13T23:42:03.840+0000] {processor.py:208} INFO - Processing /home/airflow/.local/lib/python3.12/site-packages/airflow/example_dags/example_skip_dag.py took 0.098 seconds
[2025-01-13T23:42:34.500+0000] {processor.py:186} INFO - Started process (PID=2203) to work on /home/airflow/.local/lib/python3.12/site-packages/airflow/example_dags/example_skip_dag.py
[2025-01-13T23:42:34.501+0000] {processor.py:914} INFO - Processing file /home/airflow/.local/lib/python3.12/site-packages/airflow/example_dags/example_skip_dag.py for tasks to queue
[2025-01-13T23:42:34.503+0000] {logging_mixin.py:190} INFO - [2025-01-13T23:42:34.503+0000] {dagbag.py:588} INFO - Filling up the DagBag from /home/airflow/.local/lib/python3.12/site-packages/airflow/example_dags/example_skip_dag.py
[2025-01-13T23:42:34.510+0000] {processor.py:925} INFO - DAG(s) 'example_skip_dag' retrieved from /home/airflow/.local/lib/python3.12/site-packages/airflow/example_dags/example_skip_dag.py
[2025-01-13T23:42:34.530+0000] {logging_mixin.py:190} INFO - [2025-01-13T23:42:34.530+0000] {dag.py:3239} INFO - Sync 1 DAGs
[2025-01-13T23:42:34.557+0000] {logging_mixin.py:190} INFO - [2025-01-13T23:42:34.557+0000] {dag.py:4180} INFO - Setting next_dagrun for example_skip_dag to 2025-01-12 00:00:00+00:00, run_after=2025-01-13 00:00:00+00:00
[2025-01-13T23:42:34.579+0000] {processor.py:208} INFO - Processing /home/airflow/.local/lib/python3.12/site-packages/airflow/example_dags/example_skip_dag.py took 0.086 seconds
[2025-01-13T23:43:04.789+0000] {processor.py:186} INFO - Started process (PID=2265) to work on /home/airflow/.local/lib/python3.12/site-packages/airflow/example_dags/example_skip_dag.py
[2025-01-13T23:43:04.790+0000] {processor.py:914} INFO - Processing file /home/airflow/.local/lib/python3.12/site-packages/airflow/example_dags/example_skip_dag.py for tasks to queue
[2025-01-13T23:43:04.792+0000] {logging_mixin.py:190} INFO - [2025-01-13T23:43:04.792+0000] {dagbag.py:588} INFO - Filling up the DagBag from /home/airflow/.local/lib/python3.12/site-packages/airflow/example_dags/example_skip_dag.py
[2025-01-13T23:43:04.797+0000] {processor.py:925} INFO - DAG(s) 'example_skip_dag' retrieved from /home/airflow/.local/lib/python3.12/site-packages/airflow/example_dags/example_skip_dag.py
[2025-01-13T23:43:04.814+0000] {logging_mixin.py:190} INFO - [2025-01-13T23:43:04.814+0000] {dag.py:3239} INFO - Sync 1 DAGs
[2025-01-13T23:43:04.835+0000] {logging_mixin.py:190} INFO - [2025-01-13T23:43:04.835+0000] {dag.py:4180} INFO - Setting next_dagrun for example_skip_dag to 2025-01-12 00:00:00+00:00, run_after=2025-01-13 00:00:00+00:00
[2025-01-13T23:43:04.849+0000] {processor.py:208} INFO - Processing /home/airflow/.local/lib/python3.12/site-packages/airflow/example_dags/example_skip_dag.py took 0.064 seconds
[2025-01-13T23:43:35.627+0000] {processor.py:186} INFO - Started process (PID=2330) to work on /home/airflow/.local/lib/python3.12/site-packages/airflow/example_dags/example_skip_dag.py
[2025-01-13T23:43:35.628+0000] {processor.py:914} INFO - Processing file /home/airflow/.local/lib/python3.12/site-packages/airflow/example_dags/example_skip_dag.py for tasks to queue
[2025-01-13T23:43:35.631+0000] {logging_mixin.py:190} INFO - [2025-01-13T23:43:35.631+0000] {dagbag.py:588} INFO - Filling up the DagBag from /home/airflow/.local/lib/python3.12/site-packages/airflow/example_dags/example_skip_dag.py
[2025-01-13T23:43:35.638+0000] {processor.py:925} INFO - DAG(s) 'example_skip_dag' retrieved from /home/airflow/.local/lib/python3.12/site-packages/airflow/example_dags/example_skip_dag.py
[2025-01-13T23:43:35.655+0000] {logging_mixin.py:190} INFO - [2025-01-13T23:43:35.655+0000] {dag.py:3239} INFO - Sync 1 DAGs
[2025-01-13T23:43:35.674+0000] {logging_mixin.py:190} INFO - [2025-01-13T23:43:35.674+0000] {dag.py:4180} INFO - Setting next_dagrun for example_skip_dag to 2025-01-12 00:00:00+00:00, run_after=2025-01-13 00:00:00+00:00
[2025-01-13T23:43:35.690+0000] {processor.py:208} INFO - Processing /home/airflow/.local/lib/python3.12/site-packages/airflow/example_dags/example_skip_dag.py took 0.068 seconds
[2025-01-13T23:44:06.465+0000] {processor.py:186} INFO - Started process (PID=2394) to work on /home/airflow/.local/lib/python3.12/site-packages/airflow/example_dags/example_skip_dag.py
[2025-01-13T23:44:06.466+0000] {processor.py:914} INFO - Processing file /home/airflow/.local/lib/python3.12/site-packages/airflow/example_dags/example_skip_dag.py for tasks to queue
[2025-01-13T23:44:06.468+0000] {logging_mixin.py:190} INFO - [2025-01-13T23:44:06.467+0000] {dagbag.py:588} INFO - Filling up the DagBag from /home/airflow/.local/lib/python3.12/site-packages/airflow/example_dags/example_skip_dag.py
[2025-01-13T23:44:06.473+0000] {processor.py:925} INFO - DAG(s) 'example_skip_dag' retrieved from /home/airflow/.local/lib/python3.12/site-packages/airflow/example_dags/example_skip_dag.py
[2025-01-13T23:44:06.494+0000] {logging_mixin.py:190} INFO - [2025-01-13T23:44:06.493+0000] {dag.py:3239} INFO - Sync 1 DAGs
[2025-01-13T23:44:06.511+0000] {logging_mixin.py:190} INFO - [2025-01-13T23:44:06.511+0000] {dag.py:4180} INFO - Setting next_dagrun for example_skip_dag to 2025-01-12 00:00:00+00:00, run_after=2025-01-13 00:00:00+00:00
[2025-01-13T23:44:06.529+0000] {processor.py:208} INFO - Processing /home/airflow/.local/lib/python3.12/site-packages/airflow/example_dags/example_skip_dag.py took 0.068 seconds
[2025-01-13T23:44:36.805+0000] {processor.py:186} INFO - Started process (PID=2458) to work on /home/airflow/.local/lib/python3.12/site-packages/airflow/example_dags/example_skip_dag.py
[2025-01-13T23:44:36.806+0000] {processor.py:914} INFO - Processing file /home/airflow/.local/lib/python3.12/site-packages/airflow/example_dags/example_skip_dag.py for tasks to queue
[2025-01-13T23:44:36.809+0000] {logging_mixin.py:190} INFO - [2025-01-13T23:44:36.809+0000] {dagbag.py:588} INFO - Filling up the DagBag from /home/airflow/.local/lib/python3.12/site-packages/airflow/example_dags/example_skip_dag.py
[2025-01-13T23:44:36.815+0000] {processor.py:925} INFO - DAG(s) 'example_skip_dag' retrieved from /home/airflow/.local/lib/python3.12/site-packages/airflow/example_dags/example_skip_dag.py
[2025-01-13T23:44:36.833+0000] {logging_mixin.py:190} INFO - [2025-01-13T23:44:36.832+0000] {dag.py:3239} INFO - Sync 1 DAGs
[2025-01-13T23:44:36.849+0000] {logging_mixin.py:190} INFO - [2025-01-13T23:44:36.849+0000] {dag.py:4180} INFO - Setting next_dagrun for example_skip_dag to 2025-01-12 00:00:00+00:00, run_after=2025-01-13 00:00:00+00:00
[2025-01-13T23:44:36.868+0000] {processor.py:208} INFO - Processing /home/airflow/.local/lib/python3.12/site-packages/airflow/example_dags/example_skip_dag.py took 0.069 seconds
[2025-01-13T23:45:06.966+0000] {processor.py:186} INFO - Started process (PID=2521) to work on /home/airflow/.local/lib/python3.12/site-packages/airflow/example_dags/example_skip_dag.py
[2025-01-13T23:45:06.967+0000] {processor.py:914} INFO - Processing file /home/airflow/.local/lib/python3.12/site-packages/airflow/example_dags/example_skip_dag.py for tasks to queue
[2025-01-13T23:45:06.969+0000] {logging_mixin.py:190} INFO - [2025-01-13T23:45:06.969+0000] {dagbag.py:588} INFO - Filling up the DagBag from /home/airflow/.local/lib/python3.12/site-packages/airflow/example_dags/example_skip_dag.py
[2025-01-13T23:45:06.975+0000] {processor.py:925} INFO - DAG(s) 'example_skip_dag' retrieved from /home/airflow/.local/lib/python3.12/site-packages/airflow/example_dags/example_skip_dag.py
[2025-01-13T23:45:06.990+0000] {logging_mixin.py:190} INFO - [2025-01-13T23:45:06.990+0000] {dag.py:3239} INFO - Sync 1 DAGs
[2025-01-13T23:45:07.006+0000] {logging_mixin.py:190} INFO - [2025-01-13T23:45:07.006+0000] {dag.py:4180} INFO - Setting next_dagrun for example_skip_dag to 2025-01-12 00:00:00+00:00, run_after=2025-01-13 00:00:00+00:00
[2025-01-13T23:45:07.021+0000] {processor.py:208} INFO - Processing /home/airflow/.local/lib/python3.12/site-packages/airflow/example_dags/example_skip_dag.py took 0.059 seconds
[2025-01-13T23:45:37.231+0000] {processor.py:186} INFO - Started process (PID=2585) to work on /home/airflow/.local/lib/python3.12/site-packages/airflow/example_dags/example_skip_dag.py
[2025-01-13T23:45:37.233+0000] {processor.py:914} INFO - Processing file /home/airflow/.local/lib/python3.12/site-packages/airflow/example_dags/example_skip_dag.py for tasks to queue
[2025-01-13T23:45:37.236+0000] {logging_mixin.py:190} INFO - [2025-01-13T23:45:37.235+0000] {dagbag.py:588} INFO - Filling up the DagBag from /home/airflow/.local/lib/python3.12/site-packages/airflow/example_dags/example_skip_dag.py
[2025-01-13T23:45:37.242+0000] {processor.py:925} INFO - DAG(s) 'example_skip_dag' retrieved from /home/airflow/.local/lib/python3.12/site-packages/airflow/example_dags/example_skip_dag.py
[2025-01-13T23:45:37.260+0000] {logging_mixin.py:190} INFO - [2025-01-13T23:45:37.260+0000] {dag.py:3239} INFO - Sync 1 DAGs
[2025-01-13T23:45:37.277+0000] {logging_mixin.py:190} INFO - [2025-01-13T23:45:37.277+0000] {dag.py:4180} INFO - Setting next_dagrun for example_skip_dag to 2025-01-12 00:00:00+00:00, run_after=2025-01-13 00:00:00+00:00
[2025-01-13T23:45:37.293+0000] {processor.py:208} INFO - Processing /home/airflow/.local/lib/python3.12/site-packages/airflow/example_dags/example_skip_dag.py took 0.065 seconds
[2025-01-13T23:46:07.915+0000] {processor.py:186} INFO - Started process (PID=2649) to work on /home/airflow/.local/lib/python3.12/site-packages/airflow/example_dags/example_skip_dag.py
[2025-01-13T23:46:07.916+0000] {processor.py:914} INFO - Processing file /home/airflow/.local/lib/python3.12/site-packages/airflow/example_dags/example_skip_dag.py for tasks to queue
[2025-01-13T23:46:07.918+0000] {logging_mixin.py:190} INFO - [2025-01-13T23:46:07.917+0000] {dagbag.py:588} INFO - Filling up the DagBag from /home/airflow/.local/lib/python3.12/site-packages/airflow/example_dags/example_skip_dag.py
[2025-01-13T23:46:07.924+0000] {processor.py:925} INFO - DAG(s) 'example_skip_dag' retrieved from /home/airflow/.local/lib/python3.12/site-packages/airflow/example_dags/example_skip_dag.py
[2025-01-13T23:46:07.941+0000] {logging_mixin.py:190} INFO - [2025-01-13T23:46:07.941+0000] {dag.py:3239} INFO - Sync 1 DAGs
[2025-01-13T23:46:07.957+0000] {logging_mixin.py:190} INFO - [2025-01-13T23:46:07.957+0000] {dag.py:4180} INFO - Setting next_dagrun for example_skip_dag to 2025-01-12 00:00:00+00:00, run_after=2025-01-13 00:00:00+00:00
[2025-01-13T23:46:07.974+0000] {processor.py:208} INFO - Processing /home/airflow/.local/lib/python3.12/site-packages/airflow/example_dags/example_skip_dag.py took 0.064 seconds
[2025-01-13T23:46:38.308+0000] {processor.py:186} INFO - Started process (PID=2712) to work on /home/airflow/.local/lib/python3.12/site-packages/airflow/example_dags/example_skip_dag.py
[2025-01-13T23:46:38.309+0000] {processor.py:914} INFO - Processing file /home/airflow/.local/lib/python3.12/site-packages/airflow/example_dags/example_skip_dag.py for tasks to queue
[2025-01-13T23:46:38.311+0000] {logging_mixin.py:190} INFO - [2025-01-13T23:46:38.311+0000] {dagbag.py:588} INFO - Filling up the DagBag from /home/airflow/.local/lib/python3.12/site-packages/airflow/example_dags/example_skip_dag.py
[2025-01-13T23:46:38.319+0000] {processor.py:925} INFO - DAG(s) 'example_skip_dag' retrieved from /home/airflow/.local/lib/python3.12/site-packages/airflow/example_dags/example_skip_dag.py
[2025-01-13T23:46:38.340+0000] {logging_mixin.py:190} INFO - [2025-01-13T23:46:38.340+0000] {dag.py:3239} INFO - Sync 1 DAGs
[2025-01-13T23:46:38.359+0000] {logging_mixin.py:190} INFO - [2025-01-13T23:46:38.359+0000] {dag.py:4180} INFO - Setting next_dagrun for example_skip_dag to 2025-01-12 00:00:00+00:00, run_after=2025-01-13 00:00:00+00:00
[2025-01-13T23:46:38.375+0000] {processor.py:208} INFO - Processing /home/airflow/.local/lib/python3.12/site-packages/airflow/example_dags/example_skip_dag.py took 0.071 seconds
[2025-01-13T23:47:08.498+0000] {processor.py:186} INFO - Started process (PID=2777) to work on /home/airflow/.local/lib/python3.12/site-packages/airflow/example_dags/example_skip_dag.py
[2025-01-13T23:47:08.499+0000] {processor.py:914} INFO - Processing file /home/airflow/.local/lib/python3.12/site-packages/airflow/example_dags/example_skip_dag.py for tasks to queue
[2025-01-13T23:47:08.501+0000] {logging_mixin.py:190} INFO - [2025-01-13T23:47:08.501+0000] {dagbag.py:588} INFO - Filling up the DagBag from /home/airflow/.local/lib/python3.12/site-packages/airflow/example_dags/example_skip_dag.py
[2025-01-13T23:47:08.507+0000] {processor.py:925} INFO - DAG(s) 'example_skip_dag' retrieved from /home/airflow/.local/lib/python3.12/site-packages/airflow/example_dags/example_skip_dag.py
[2025-01-13T23:47:08.523+0000] {logging_mixin.py:190} INFO - [2025-01-13T23:47:08.523+0000] {dag.py:3239} INFO - Sync 1 DAGs
[2025-01-13T23:47:08.539+0000] {logging_mixin.py:190} INFO - [2025-01-13T23:47:08.539+0000] {dag.py:4180} INFO - Setting next_dagrun for example_skip_dag to 2025-01-12 00:00:00+00:00, run_after=2025-01-13 00:00:00+00:00
[2025-01-13T23:47:08.552+0000] {processor.py:208} INFO - Processing /home/airflow/.local/lib/python3.12/site-packages/airflow/example_dags/example_skip_dag.py took 0.058 seconds
[2025-01-13T23:47:39.403+0000] {processor.py:186} INFO - Started process (PID=2840) to work on /home/airflow/.local/lib/python3.12/site-packages/airflow/example_dags/example_skip_dag.py
[2025-01-13T23:47:39.404+0000] {processor.py:914} INFO - Processing file /home/airflow/.local/lib/python3.12/site-packages/airflow/example_dags/example_skip_dag.py for tasks to queue
[2025-01-13T23:47:39.406+0000] {logging_mixin.py:190} INFO - [2025-01-13T23:47:39.406+0000] {dagbag.py:588} INFO - Filling up the DagBag from /home/airflow/.local/lib/python3.12/site-packages/airflow/example_dags/example_skip_dag.py
[2025-01-13T23:47:39.412+0000] {processor.py:925} INFO - DAG(s) 'example_skip_dag' retrieved from /home/airflow/.local/lib/python3.12/site-packages/airflow/example_dags/example_skip_dag.py
[2025-01-13T23:47:39.427+0000] {logging_mixin.py:190} INFO - [2025-01-13T23:47:39.427+0000] {dag.py:3239} INFO - Sync 1 DAGs
[2025-01-13T23:47:39.441+0000] {logging_mixin.py:190} INFO - [2025-01-13T23:47:39.441+0000] {dag.py:4180} INFO - Setting next_dagrun for example_skip_dag to 2025-01-12 00:00:00+00:00, run_after=2025-01-13 00:00:00+00:00
[2025-01-13T23:47:39.454+0000] {processor.py:208} INFO - Processing /home/airflow/.local/lib/python3.12/site-packages/airflow/example_dags/example_skip_dag.py took 0.056 seconds
[2025-01-13T23:48:10.208+0000] {processor.py:186} INFO - Started process (PID=2904) to work on /home/airflow/.local/lib/python3.12/site-packages/airflow/example_dags/example_skip_dag.py
[2025-01-13T23:48:10.209+0000] {processor.py:914} INFO - Processing file /home/airflow/.local/lib/python3.12/site-packages/airflow/example_dags/example_skip_dag.py for tasks to queue
[2025-01-13T23:48:10.211+0000] {logging_mixin.py:190} INFO - [2025-01-13T23:48:10.211+0000] {dagbag.py:588} INFO - Filling up the DagBag from /home/airflow/.local/lib/python3.12/site-packages/airflow/example_dags/example_skip_dag.py
[2025-01-13T23:48:10.217+0000] {processor.py:925} INFO - DAG(s) 'example_skip_dag' retrieved from /home/airflow/.local/lib/python3.12/site-packages/airflow/example_dags/example_skip_dag.py
[2025-01-13T23:48:10.231+0000] {logging_mixin.py:190} INFO - [2025-01-13T23:48:10.231+0000] {dag.py:3239} INFO - Sync 1 DAGs
[2025-01-13T23:48:10.245+0000] {logging_mixin.py:190} INFO - [2025-01-13T23:48:10.245+0000] {dag.py:4180} INFO - Setting next_dagrun for example_skip_dag to 2025-01-12 00:00:00+00:00, run_after=2025-01-13 00:00:00+00:00
[2025-01-13T23:48:10.256+0000] {processor.py:208} INFO - Processing /home/airflow/.local/lib/python3.12/site-packages/airflow/example_dags/example_skip_dag.py took 0.052 seconds
[2025-01-13T23:48:41.038+0000] {processor.py:186} INFO - Started process (PID=2968) to work on /home/airflow/.local/lib/python3.12/site-packages/airflow/example_dags/example_skip_dag.py
[2025-01-13T23:48:41.040+0000] {processor.py:914} INFO - Processing file /home/airflow/.local/lib/python3.12/site-packages/airflow/example_dags/example_skip_dag.py for tasks to queue
[2025-01-13T23:48:41.043+0000] {logging_mixin.py:190} INFO - [2025-01-13T23:48:41.042+0000] {dagbag.py:588} INFO - Filling up the DagBag from /home/airflow/.local/lib/python3.12/site-packages/airflow/example_dags/example_skip_dag.py
[2025-01-13T23:48:41.050+0000] {processor.py:925} INFO - DAG(s) 'example_skip_dag' retrieved from /home/airflow/.local/lib/python3.12/site-packages/airflow/example_dags/example_skip_dag.py
[2025-01-13T23:48:41.068+0000] {logging_mixin.py:190} INFO - [2025-01-13T23:48:41.067+0000] {dag.py:3239} INFO - Sync 1 DAGs
[2025-01-13T23:48:41.085+0000] {logging_mixin.py:190} INFO - [2025-01-13T23:48:41.084+0000] {dag.py:4180} INFO - Setting next_dagrun for example_skip_dag to 2025-01-12 00:00:00+00:00, run_after=2025-01-13 00:00:00+00:00
[2025-01-13T23:48:41.098+0000] {processor.py:208} INFO - Processing /home/airflow/.local/lib/python3.12/site-packages/airflow/example_dags/example_skip_dag.py took 0.064 seconds
[2025-01-13T23:49:12.876+0000] {processor.py:186} INFO - Started process (PID=3032) to work on /home/airflow/.local/lib/python3.12/site-packages/airflow/example_dags/example_skip_dag.py
[2025-01-13T23:49:12.877+0000] {processor.py:914} INFO - Processing file /home/airflow/.local/lib/python3.12/site-packages/airflow/example_dags/example_skip_dag.py for tasks to queue
[2025-01-13T23:49:12.879+0000] {logging_mixin.py:190} INFO - [2025-01-13T23:49:12.879+0000] {dagbag.py:588} INFO - Filling up the DagBag from /home/airflow/.local/lib/python3.12/site-packages/airflow/example_dags/example_skip_dag.py
[2025-01-13T23:49:12.890+0000] {processor.py:925} INFO - DAG(s) 'example_skip_dag' retrieved from /home/airflow/.local/lib/python3.12/site-packages/airflow/example_dags/example_skip_dag.py
[2025-01-13T23:49:12.917+0000] {logging_mixin.py:190} INFO - [2025-01-13T23:49:12.917+0000] {dag.py:3239} INFO - Sync 1 DAGs
[2025-01-13T23:49:12.938+0000] {logging_mixin.py:190} INFO - [2025-01-13T23:49:12.938+0000] {dag.py:4180} INFO - Setting next_dagrun for example_skip_dag to 2025-01-12 00:00:00+00:00, run_after=2025-01-13 00:00:00+00:00
[2025-01-13T23:49:12.963+0000] {processor.py:208} INFO - Processing /home/airflow/.local/lib/python3.12/site-packages/airflow/example_dags/example_skip_dag.py took 0.095 seconds
[2025-01-13T23:49:43.709+0000] {processor.py:186} INFO - Started process (PID=3096) to work on /home/airflow/.local/lib/python3.12/site-packages/airflow/example_dags/example_skip_dag.py
[2025-01-13T23:49:43.711+0000] {processor.py:914} INFO - Processing file /home/airflow/.local/lib/python3.12/site-packages/airflow/example_dags/example_skip_dag.py for tasks to queue
[2025-01-13T23:49:43.713+0000] {logging_mixin.py:190} INFO - [2025-01-13T23:49:43.712+0000] {dagbag.py:588} INFO - Filling up the DagBag from /home/airflow/.local/lib/python3.12/site-packages/airflow/example_dags/example_skip_dag.py
[2025-01-13T23:49:43.719+0000] {processor.py:925} INFO - DAG(s) 'example_skip_dag' retrieved from /home/airflow/.local/lib/python3.12/site-packages/airflow/example_dags/example_skip_dag.py
[2025-01-13T23:49:43.737+0000] {logging_mixin.py:190} INFO - [2025-01-13T23:49:43.737+0000] {dag.py:3239} INFO - Sync 1 DAGs
[2025-01-13T23:49:43.897+0000] {logging_mixin.py:190} INFO - [2025-01-13T23:49:43.896+0000] {dag.py:4180} INFO - Setting next_dagrun for example_skip_dag to 2025-01-12 00:00:00+00:00, run_after=2025-01-13 00:00:00+00:00
[2025-01-13T23:49:43.914+0000] {processor.py:208} INFO - Processing /home/airflow/.local/lib/python3.12/site-packages/airflow/example_dags/example_skip_dag.py took 0.208 seconds
[2025-01-13T23:50:15.387+0000] {processor.py:186} INFO - Started process (PID=3160) to work on /home/airflow/.local/lib/python3.12/site-packages/airflow/example_dags/example_skip_dag.py
[2025-01-13T23:50:15.388+0000] {processor.py:914} INFO - Processing file /home/airflow/.local/lib/python3.12/site-packages/airflow/example_dags/example_skip_dag.py for tasks to queue
[2025-01-13T23:50:15.392+0000] {logging_mixin.py:190} INFO - [2025-01-13T23:50:15.392+0000] {dagbag.py:588} INFO - Filling up the DagBag from /home/airflow/.local/lib/python3.12/site-packages/airflow/example_dags/example_skip_dag.py
[2025-01-13T23:50:15.402+0000] {processor.py:925} INFO - DAG(s) 'example_skip_dag' retrieved from /home/airflow/.local/lib/python3.12/site-packages/airflow/example_dags/example_skip_dag.py
[2025-01-13T23:50:15.425+0000] {logging_mixin.py:190} INFO - [2025-01-13T23:50:15.425+0000] {dag.py:3239} INFO - Sync 1 DAGs
[2025-01-13T23:50:15.624+0000] {logging_mixin.py:190} INFO - [2025-01-13T23:50:15.623+0000] {dag.py:4180} INFO - Setting next_dagrun for example_skip_dag to 2025-01-12 00:00:00+00:00, run_after=2025-01-13 00:00:00+00:00
[2025-01-13T23:50:15.647+0000] {processor.py:208} INFO - Processing /home/airflow/.local/lib/python3.12/site-packages/airflow/example_dags/example_skip_dag.py took 0.267 seconds
[2025-01-13T23:50:46.204+0000] {processor.py:186} INFO - Started process (PID=3224) to work on /home/airflow/.local/lib/python3.12/site-packages/airflow/example_dags/example_skip_dag.py
[2025-01-13T23:50:46.205+0000] {processor.py:914} INFO - Processing file /home/airflow/.local/lib/python3.12/site-packages/airflow/example_dags/example_skip_dag.py for tasks to queue
[2025-01-13T23:50:46.208+0000] {logging_mixin.py:190} INFO - [2025-01-13T23:50:46.208+0000] {dagbag.py:588} INFO - Filling up the DagBag from /home/airflow/.local/lib/python3.12/site-packages/airflow/example_dags/example_skip_dag.py
[2025-01-13T23:50:46.217+0000] {processor.py:925} INFO - DAG(s) 'example_skip_dag' retrieved from /home/airflow/.local/lib/python3.12/site-packages/airflow/example_dags/example_skip_dag.py
[2025-01-13T23:50:46.242+0000] {logging_mixin.py:190} INFO - [2025-01-13T23:50:46.241+0000] {dag.py:3239} INFO - Sync 1 DAGs
[2025-01-13T23:50:46.266+0000] {logging_mixin.py:190} INFO - [2025-01-13T23:50:46.266+0000] {dag.py:4180} INFO - Setting next_dagrun for example_skip_dag to 2025-01-12 00:00:00+00:00, run_after=2025-01-13 00:00:00+00:00
[2025-01-13T23:50:46.292+0000] {processor.py:208} INFO - Processing /home/airflow/.local/lib/python3.12/site-packages/airflow/example_dags/example_skip_dag.py took 0.096 seconds
[2025-01-13T23:51:17.030+0000] {processor.py:186} INFO - Started process (PID=3288) to work on /home/airflow/.local/lib/python3.12/site-packages/airflow/example_dags/example_skip_dag.py
[2025-01-13T23:51:17.032+0000] {processor.py:914} INFO - Processing file /home/airflow/.local/lib/python3.12/site-packages/airflow/example_dags/example_skip_dag.py for tasks to queue
[2025-01-13T23:51:17.034+0000] {logging_mixin.py:190} INFO - [2025-01-13T23:51:17.034+0000] {dagbag.py:588} INFO - Filling up the DagBag from /home/airflow/.local/lib/python3.12/site-packages/airflow/example_dags/example_skip_dag.py
[2025-01-13T23:51:17.040+0000] {processor.py:925} INFO - DAG(s) 'example_skip_dag' retrieved from /home/airflow/.local/lib/python3.12/site-packages/airflow/example_dags/example_skip_dag.py
[2025-01-13T23:51:17.059+0000] {logging_mixin.py:190} INFO - [2025-01-13T23:51:17.059+0000] {dag.py:3239} INFO - Sync 1 DAGs
[2025-01-13T23:51:17.075+0000] {logging_mixin.py:190} INFO - [2025-01-13T23:51:17.075+0000] {dag.py:4180} INFO - Setting next_dagrun for example_skip_dag to 2025-01-12 00:00:00+00:00, run_after=2025-01-13 00:00:00+00:00
[2025-01-13T23:51:17.106+0000] {processor.py:208} INFO - Processing /home/airflow/.local/lib/python3.12/site-packages/airflow/example_dags/example_skip_dag.py took 0.080 seconds
[2025-01-13T23:51:47.392+0000] {processor.py:186} INFO - Started process (PID=3352) to work on /home/airflow/.local/lib/python3.12/site-packages/airflow/example_dags/example_skip_dag.py
[2025-01-13T23:51:47.393+0000] {processor.py:914} INFO - Processing file /home/airflow/.local/lib/python3.12/site-packages/airflow/example_dags/example_skip_dag.py for tasks to queue
[2025-01-13T23:51:47.395+0000] {logging_mixin.py:190} INFO - [2025-01-13T23:51:47.395+0000] {dagbag.py:588} INFO - Filling up the DagBag from /home/airflow/.local/lib/python3.12/site-packages/airflow/example_dags/example_skip_dag.py
[2025-01-13T23:51:47.401+0000] {processor.py:925} INFO - DAG(s) 'example_skip_dag' retrieved from /home/airflow/.local/lib/python3.12/site-packages/airflow/example_dags/example_skip_dag.py
[2025-01-13T23:51:47.419+0000] {logging_mixin.py:190} INFO - [2025-01-13T23:51:47.419+0000] {dag.py:3239} INFO - Sync 1 DAGs
[2025-01-13T23:51:47.436+0000] {logging_mixin.py:190} INFO - [2025-01-13T23:51:47.436+0000] {dag.py:4180} INFO - Setting next_dagrun for example_skip_dag to 2025-01-12 00:00:00+00:00, run_after=2025-01-13 00:00:00+00:00
[2025-01-13T23:51:47.455+0000] {processor.py:208} INFO - Processing /home/airflow/.local/lib/python3.12/site-packages/airflow/example_dags/example_skip_dag.py took 0.068 seconds
[2025-01-13T23:52:18.188+0000] {processor.py:186} INFO - Started process (PID=3416) to work on /home/airflow/.local/lib/python3.12/site-packages/airflow/example_dags/example_skip_dag.py
[2025-01-13T23:52:18.189+0000] {processor.py:914} INFO - Processing file /home/airflow/.local/lib/python3.12/site-packages/airflow/example_dags/example_skip_dag.py for tasks to queue
[2025-01-13T23:52:18.193+0000] {logging_mixin.py:190} INFO - [2025-01-13T23:52:18.192+0000] {dagbag.py:588} INFO - Filling up the DagBag from /home/airflow/.local/lib/python3.12/site-packages/airflow/example_dags/example_skip_dag.py
[2025-01-13T23:52:18.200+0000] {processor.py:925} INFO - DAG(s) 'example_skip_dag' retrieved from /home/airflow/.local/lib/python3.12/site-packages/airflow/example_dags/example_skip_dag.py
[2025-01-13T23:52:18.222+0000] {logging_mixin.py:190} INFO - [2025-01-13T23:52:18.221+0000] {dag.py:3239} INFO - Sync 1 DAGs
[2025-01-13T23:52:18.242+0000] {logging_mixin.py:190} INFO - [2025-01-13T23:52:18.242+0000] {dag.py:4180} INFO - Setting next_dagrun for example_skip_dag to 2025-01-12 00:00:00+00:00, run_after=2025-01-13 00:00:00+00:00
[2025-01-13T23:52:18.268+0000] {processor.py:208} INFO - Processing /home/airflow/.local/lib/python3.12/site-packages/airflow/example_dags/example_skip_dag.py took 0.085 seconds
[2025-01-13T23:52:48.683+0000] {processor.py:186} INFO - Started process (PID=3480) to work on /home/airflow/.local/lib/python3.12/site-packages/airflow/example_dags/example_skip_dag.py
[2025-01-13T23:52:48.684+0000] {processor.py:914} INFO - Processing file /home/airflow/.local/lib/python3.12/site-packages/airflow/example_dags/example_skip_dag.py for tasks to queue
[2025-01-13T23:52:48.686+0000] {logging_mixin.py:190} INFO - [2025-01-13T23:52:48.686+0000] {dagbag.py:588} INFO - Filling up the DagBag from /home/airflow/.local/lib/python3.12/site-packages/airflow/example_dags/example_skip_dag.py
[2025-01-13T23:52:48.692+0000] {processor.py:925} INFO - DAG(s) 'example_skip_dag' retrieved from /home/airflow/.local/lib/python3.12/site-packages/airflow/example_dags/example_skip_dag.py
[2025-01-13T23:52:48.710+0000] {logging_mixin.py:190} INFO - [2025-01-13T23:52:48.710+0000] {dag.py:3239} INFO - Sync 1 DAGs
[2025-01-13T23:52:48.728+0000] {logging_mixin.py:190} INFO - [2025-01-13T23:52:48.728+0000] {dag.py:4180} INFO - Setting next_dagrun for example_skip_dag to 2025-01-12 00:00:00+00:00, run_after=2025-01-13 00:00:00+00:00
[2025-01-13T23:52:48.753+0000] {processor.py:208} INFO - Processing /home/airflow/.local/lib/python3.12/site-packages/airflow/example_dags/example_skip_dag.py took 0.075 seconds
[2025-01-13T23:53:19.068+0000] {processor.py:186} INFO - Started process (PID=3543) to work on /home/airflow/.local/lib/python3.12/site-packages/airflow/example_dags/example_skip_dag.py
[2025-01-13T23:53:19.069+0000] {processor.py:914} INFO - Processing file /home/airflow/.local/lib/python3.12/site-packages/airflow/example_dags/example_skip_dag.py for tasks to queue
[2025-01-13T23:53:19.071+0000] {logging_mixin.py:190} INFO - [2025-01-13T23:53:19.071+0000] {dagbag.py:588} INFO - Filling up the DagBag from /home/airflow/.local/lib/python3.12/site-packages/airflow/example_dags/example_skip_dag.py
[2025-01-13T23:53:19.077+0000] {processor.py:925} INFO - DAG(s) 'example_skip_dag' retrieved from /home/airflow/.local/lib/python3.12/site-packages/airflow/example_dags/example_skip_dag.py
[2025-01-13T23:53:19.098+0000] {logging_mixin.py:190} INFO - [2025-01-13T23:53:19.098+0000] {dag.py:3239} INFO - Sync 1 DAGs
[2025-01-13T23:53:19.118+0000] {logging_mixin.py:190} INFO - [2025-01-13T23:53:19.118+0000] {dag.py:4180} INFO - Setting next_dagrun for example_skip_dag to 2025-01-12 00:00:00+00:00, run_after=2025-01-13 00:00:00+00:00
[2025-01-13T23:53:19.135+0000] {processor.py:208} INFO - Processing /home/airflow/.local/lib/python3.12/site-packages/airflow/example_dags/example_skip_dag.py took 0.071 seconds
[2025-01-13T23:53:50.104+0000] {processor.py:186} INFO - Started process (PID=3613) to work on /home/airflow/.local/lib/python3.12/site-packages/airflow/example_dags/example_skip_dag.py
[2025-01-13T23:53:50.105+0000] {processor.py:914} INFO - Processing file /home/airflow/.local/lib/python3.12/site-packages/airflow/example_dags/example_skip_dag.py for tasks to queue
[2025-01-13T23:53:50.108+0000] {logging_mixin.py:190} INFO - [2025-01-13T23:53:50.108+0000] {dagbag.py:588} INFO - Filling up the DagBag from /home/airflow/.local/lib/python3.12/site-packages/airflow/example_dags/example_skip_dag.py
[2025-01-13T23:53:50.118+0000] {processor.py:925} INFO - DAG(s) 'example_skip_dag' retrieved from /home/airflow/.local/lib/python3.12/site-packages/airflow/example_dags/example_skip_dag.py
[2025-01-13T23:53:50.143+0000] {logging_mixin.py:190} INFO - [2025-01-13T23:53:50.143+0000] {dag.py:3239} INFO - Sync 1 DAGs
[2025-01-13T23:53:50.172+0000] {logging_mixin.py:190} INFO - [2025-01-13T23:53:50.172+0000] {dag.py:4180} INFO - Setting next_dagrun for example_skip_dag to 2025-01-12 00:00:00+00:00, run_after=2025-01-13 00:00:00+00:00
[2025-01-13T23:53:50.195+0000] {processor.py:208} INFO - Processing /home/airflow/.local/lib/python3.12/site-packages/airflow/example_dags/example_skip_dag.py took 0.097 seconds
[2025-01-13T23:54:20.619+0000] {processor.py:186} INFO - Started process (PID=3677) to work on /home/airflow/.local/lib/python3.12/site-packages/airflow/example_dags/example_skip_dag.py
[2025-01-13T23:54:20.620+0000] {processor.py:914} INFO - Processing file /home/airflow/.local/lib/python3.12/site-packages/airflow/example_dags/example_skip_dag.py for tasks to queue
[2025-01-13T23:54:20.622+0000] {logging_mixin.py:190} INFO - [2025-01-13T23:54:20.622+0000] {dagbag.py:588} INFO - Filling up the DagBag from /home/airflow/.local/lib/python3.12/site-packages/airflow/example_dags/example_skip_dag.py
[2025-01-13T23:54:20.633+0000] {processor.py:925} INFO - DAG(s) 'example_skip_dag' retrieved from /home/airflow/.local/lib/python3.12/site-packages/airflow/example_dags/example_skip_dag.py
[2025-01-13T23:54:20.655+0000] {logging_mixin.py:190} INFO - [2025-01-13T23:54:20.655+0000] {dag.py:3239} INFO - Sync 1 DAGs
[2025-01-13T23:54:20.684+0000] {logging_mixin.py:190} INFO - [2025-01-13T23:54:20.683+0000] {dag.py:4180} INFO - Setting next_dagrun for example_skip_dag to 2025-01-12 00:00:00+00:00, run_after=2025-01-13 00:00:00+00:00
[2025-01-13T23:54:20.706+0000] {processor.py:208} INFO - Processing /home/airflow/.local/lib/python3.12/site-packages/airflow/example_dags/example_skip_dag.py took 0.092 seconds
[2025-01-13T23:54:50.821+0000] {processor.py:186} INFO - Started process (PID=3742) to work on /home/airflow/.local/lib/python3.12/site-packages/airflow/example_dags/example_skip_dag.py
[2025-01-13T23:54:50.822+0000] {processor.py:914} INFO - Processing file /home/airflow/.local/lib/python3.12/site-packages/airflow/example_dags/example_skip_dag.py for tasks to queue
[2025-01-13T23:54:50.825+0000] {logging_mixin.py:190} INFO - [2025-01-13T23:54:50.825+0000] {dagbag.py:588} INFO - Filling up the DagBag from /home/airflow/.local/lib/python3.12/site-packages/airflow/example_dags/example_skip_dag.py
[2025-01-13T23:54:50.831+0000] {processor.py:925} INFO - DAG(s) 'example_skip_dag' retrieved from /home/airflow/.local/lib/python3.12/site-packages/airflow/example_dags/example_skip_dag.py
[2025-01-13T23:54:50.852+0000] {logging_mixin.py:190} INFO - [2025-01-13T23:54:50.852+0000] {dag.py:3239} INFO - Sync 1 DAGs
[2025-01-13T23:54:50.874+0000] {logging_mixin.py:190} INFO - [2025-01-13T23:54:50.873+0000] {dag.py:4180} INFO - Setting next_dagrun for example_skip_dag to 2025-01-12 00:00:00+00:00, run_after=2025-01-13 00:00:00+00:00
[2025-01-13T23:54:50.893+0000] {processor.py:208} INFO - Processing /home/airflow/.local/lib/python3.12/site-packages/airflow/example_dags/example_skip_dag.py took 0.076 seconds
[2025-01-13T23:55:21.596+0000] {processor.py:186} INFO - Started process (PID=3806) to work on /home/airflow/.local/lib/python3.12/site-packages/airflow/example_dags/example_skip_dag.py
[2025-01-13T23:55:21.597+0000] {processor.py:914} INFO - Processing file /home/airflow/.local/lib/python3.12/site-packages/airflow/example_dags/example_skip_dag.py for tasks to queue
[2025-01-13T23:55:21.600+0000] {logging_mixin.py:190} INFO - [2025-01-13T23:55:21.599+0000] {dagbag.py:588} INFO - Filling up the DagBag from /home/airflow/.local/lib/python3.12/site-packages/airflow/example_dags/example_skip_dag.py
[2025-01-13T23:55:21.613+0000] {processor.py:925} INFO - DAG(s) 'example_skip_dag' retrieved from /home/airflow/.local/lib/python3.12/site-packages/airflow/example_dags/example_skip_dag.py
[2025-01-13T23:55:21.633+0000] {logging_mixin.py:190} INFO - [2025-01-13T23:55:21.632+0000] {dag.py:3239} INFO - Sync 1 DAGs
[2025-01-13T23:55:21.650+0000] {logging_mixin.py:190} INFO - [2025-01-13T23:55:21.650+0000] {dag.py:4180} INFO - Setting next_dagrun for example_skip_dag to 2025-01-12 00:00:00+00:00, run_after=2025-01-13 00:00:00+00:00
[2025-01-13T23:55:21.670+0000] {processor.py:208} INFO - Processing /home/airflow/.local/lib/python3.12/site-packages/airflow/example_dags/example_skip_dag.py took 0.078 seconds
[2025-01-13T23:55:52.510+0000] {processor.py:186} INFO - Started process (PID=3870) to work on /home/airflow/.local/lib/python3.12/site-packages/airflow/example_dags/example_skip_dag.py
[2025-01-13T23:55:52.511+0000] {processor.py:914} INFO - Processing file /home/airflow/.local/lib/python3.12/site-packages/airflow/example_dags/example_skip_dag.py for tasks to queue
[2025-01-13T23:55:52.514+0000] {logging_mixin.py:190} INFO - [2025-01-13T23:55:52.514+0000] {dagbag.py:588} INFO - Filling up the DagBag from /home/airflow/.local/lib/python3.12/site-packages/airflow/example_dags/example_skip_dag.py
[2025-01-13T23:55:52.521+0000] {processor.py:925} INFO - DAG(s) 'example_skip_dag' retrieved from /home/airflow/.local/lib/python3.12/site-packages/airflow/example_dags/example_skip_dag.py
[2025-01-13T23:55:52.544+0000] {logging_mixin.py:190} INFO - [2025-01-13T23:55:52.544+0000] {dag.py:3239} INFO - Sync 1 DAGs
[2025-01-13T23:55:52.567+0000] {logging_mixin.py:190} INFO - [2025-01-13T23:55:52.567+0000] {dag.py:4180} INFO - Setting next_dagrun for example_skip_dag to 2025-01-12 00:00:00+00:00, run_after=2025-01-13 00:00:00+00:00
[2025-01-13T23:55:52.590+0000] {processor.py:208} INFO - Processing /home/airflow/.local/lib/python3.12/site-packages/airflow/example_dags/example_skip_dag.py took 0.085 seconds
[2025-01-13T23:56:23.262+0000] {processor.py:186} INFO - Started process (PID=3934) to work on /home/airflow/.local/lib/python3.12/site-packages/airflow/example_dags/example_skip_dag.py
[2025-01-13T23:56:23.264+0000] {processor.py:914} INFO - Processing file /home/airflow/.local/lib/python3.12/site-packages/airflow/example_dags/example_skip_dag.py for tasks to queue
[2025-01-13T23:56:23.267+0000] {logging_mixin.py:190} INFO - [2025-01-13T23:56:23.267+0000] {dagbag.py:588} INFO - Filling up the DagBag from /home/airflow/.local/lib/python3.12/site-packages/airflow/example_dags/example_skip_dag.py
[2025-01-13T23:56:23.277+0000] {processor.py:925} INFO - DAG(s) 'example_skip_dag' retrieved from /home/airflow/.local/lib/python3.12/site-packages/airflow/example_dags/example_skip_dag.py
[2025-01-13T23:56:23.303+0000] {logging_mixin.py:190} INFO - [2025-01-13T23:56:23.302+0000] {dag.py:3239} INFO - Sync 1 DAGs
[2025-01-13T23:56:23.331+0000] {logging_mixin.py:190} INFO - [2025-01-13T23:56:23.331+0000] {dag.py:4180} INFO - Setting next_dagrun for example_skip_dag to 2025-01-12 00:00:00+00:00, run_after=2025-01-13 00:00:00+00:00
[2025-01-13T23:56:23.359+0000] {processor.py:208} INFO - Processing /home/airflow/.local/lib/python3.12/site-packages/airflow/example_dags/example_skip_dag.py took 0.103 seconds
[2025-01-13T23:56:53.821+0000] {processor.py:186} INFO - Started process (PID=3998) to work on /home/airflow/.local/lib/python3.12/site-packages/airflow/example_dags/example_skip_dag.py
[2025-01-13T23:56:53.822+0000] {processor.py:914} INFO - Processing file /home/airflow/.local/lib/python3.12/site-packages/airflow/example_dags/example_skip_dag.py for tasks to queue
[2025-01-13T23:56:53.825+0000] {logging_mixin.py:190} INFO - [2025-01-13T23:56:53.824+0000] {dagbag.py:588} INFO - Filling up the DagBag from /home/airflow/.local/lib/python3.12/site-packages/airflow/example_dags/example_skip_dag.py
[2025-01-13T23:56:53.837+0000] {processor.py:925} INFO - DAG(s) 'example_skip_dag' retrieved from /home/airflow/.local/lib/python3.12/site-packages/airflow/example_dags/example_skip_dag.py
[2025-01-13T23:56:53.862+0000] {logging_mixin.py:190} INFO - [2025-01-13T23:56:53.862+0000] {dag.py:3239} INFO - Sync 1 DAGs
[2025-01-13T23:56:53.888+0000] {logging_mixin.py:190} INFO - [2025-01-13T23:56:53.888+0000] {dag.py:4180} INFO - Setting next_dagrun for example_skip_dag to 2025-01-12 00:00:00+00:00, run_after=2025-01-13 00:00:00+00:00
[2025-01-13T23:56:53.917+0000] {processor.py:208} INFO - Processing /home/airflow/.local/lib/python3.12/site-packages/airflow/example_dags/example_skip_dag.py took 0.104 seconds
[2025-01-13T23:57:24.105+0000] {processor.py:186} INFO - Started process (PID=4062) to work on /home/airflow/.local/lib/python3.12/site-packages/airflow/example_dags/example_skip_dag.py
[2025-01-13T23:57:24.107+0000] {processor.py:914} INFO - Processing file /home/airflow/.local/lib/python3.12/site-packages/airflow/example_dags/example_skip_dag.py for tasks to queue
[2025-01-13T23:57:24.111+0000] {logging_mixin.py:190} INFO - [2025-01-13T23:57:24.110+0000] {dagbag.py:588} INFO - Filling up the DagBag from /home/airflow/.local/lib/python3.12/site-packages/airflow/example_dags/example_skip_dag.py
[2025-01-13T23:57:24.119+0000] {processor.py:925} INFO - DAG(s) 'example_skip_dag' retrieved from /home/airflow/.local/lib/python3.12/site-packages/airflow/example_dags/example_skip_dag.py
[2025-01-13T23:57:24.145+0000] {logging_mixin.py:190} INFO - [2025-01-13T23:57:24.145+0000] {dag.py:3239} INFO - Sync 1 DAGs
[2025-01-13T23:57:24.175+0000] {logging_mixin.py:190} INFO - [2025-01-13T23:57:24.174+0000] {dag.py:4180} INFO - Setting next_dagrun for example_skip_dag to 2025-01-12 00:00:00+00:00, run_after=2025-01-13 00:00:00+00:00
[2025-01-13T23:57:24.204+0000] {processor.py:208} INFO - Processing /home/airflow/.local/lib/python3.12/site-packages/airflow/example_dags/example_skip_dag.py took 0.106 seconds
[2025-01-13T23:57:55.027+0000] {processor.py:186} INFO - Started process (PID=4126) to work on /home/airflow/.local/lib/python3.12/site-packages/airflow/example_dags/example_skip_dag.py
[2025-01-13T23:57:55.028+0000] {processor.py:914} INFO - Processing file /home/airflow/.local/lib/python3.12/site-packages/airflow/example_dags/example_skip_dag.py for tasks to queue
[2025-01-13T23:57:55.031+0000] {logging_mixin.py:190} INFO - [2025-01-13T23:57:55.030+0000] {dagbag.py:588} INFO - Filling up the DagBag from /home/airflow/.local/lib/python3.12/site-packages/airflow/example_dags/example_skip_dag.py
[2025-01-13T23:57:55.037+0000] {processor.py:925} INFO - DAG(s) 'example_skip_dag' retrieved from /home/airflow/.local/lib/python3.12/site-packages/airflow/example_dags/example_skip_dag.py
[2025-01-13T23:57:55.061+0000] {logging_mixin.py:190} INFO - [2025-01-13T23:57:55.061+0000] {dag.py:3239} INFO - Sync 1 DAGs
[2025-01-13T23:57:55.080+0000] {logging_mixin.py:190} INFO - [2025-01-13T23:57:55.080+0000] {dag.py:4180} INFO - Setting next_dagrun for example_skip_dag to 2025-01-12 00:00:00+00:00, run_after=2025-01-13 00:00:00+00:00
[2025-01-13T23:57:55.101+0000] {processor.py:208} INFO - Processing /home/airflow/.local/lib/python3.12/site-packages/airflow/example_dags/example_skip_dag.py took 0.078 seconds
[2025-01-13T23:58:25.905+0000] {processor.py:186} INFO - Started process (PID=4189) to work on /home/airflow/.local/lib/python3.12/site-packages/airflow/example_dags/example_skip_dag.py
[2025-01-13T23:58:25.906+0000] {processor.py:914} INFO - Processing file /home/airflow/.local/lib/python3.12/site-packages/airflow/example_dags/example_skip_dag.py for tasks to queue
[2025-01-13T23:58:25.908+0000] {logging_mixin.py:190} INFO - [2025-01-13T23:58:25.908+0000] {dagbag.py:588} INFO - Filling up the DagBag from /home/airflow/.local/lib/python3.12/site-packages/airflow/example_dags/example_skip_dag.py
[2025-01-13T23:58:25.914+0000] {processor.py:925} INFO - DAG(s) 'example_skip_dag' retrieved from /home/airflow/.local/lib/python3.12/site-packages/airflow/example_dags/example_skip_dag.py
[2025-01-13T23:58:25.932+0000] {logging_mixin.py:190} INFO - [2025-01-13T23:58:25.931+0000] {dag.py:3239} INFO - Sync 1 DAGs
[2025-01-13T23:58:25.956+0000] {logging_mixin.py:190} INFO - [2025-01-13T23:58:25.956+0000] {dag.py:4180} INFO - Setting next_dagrun for example_skip_dag to 2025-01-12 00:00:00+00:00, run_after=2025-01-13 00:00:00+00:00
[2025-01-13T23:58:25.972+0000] {processor.py:208} INFO - Processing /home/airflow/.local/lib/python3.12/site-packages/airflow/example_dags/example_skip_dag.py took 0.073 seconds
[2025-01-13T23:58:56.966+0000] {processor.py:186} INFO - Started process (PID=4253) to work on /home/airflow/.local/lib/python3.12/site-packages/airflow/example_dags/example_skip_dag.py
[2025-01-13T23:58:56.967+0000] {processor.py:914} INFO - Processing file /home/airflow/.local/lib/python3.12/site-packages/airflow/example_dags/example_skip_dag.py for tasks to queue
[2025-01-13T23:58:56.970+0000] {logging_mixin.py:190} INFO - [2025-01-13T23:58:56.969+0000] {dagbag.py:588} INFO - Filling up the DagBag from /home/airflow/.local/lib/python3.12/site-packages/airflow/example_dags/example_skip_dag.py
[2025-01-13T23:58:56.977+0000] {processor.py:925} INFO - DAG(s) 'example_skip_dag' retrieved from /home/airflow/.local/lib/python3.12/site-packages/airflow/example_dags/example_skip_dag.py
[2025-01-13T23:58:56.999+0000] {logging_mixin.py:190} INFO - [2025-01-13T23:58:56.999+0000] {dag.py:3239} INFO - Sync 1 DAGs
[2025-01-13T23:58:57.021+0000] {logging_mixin.py:190} INFO - [2025-01-13T23:58:57.020+0000] {dag.py:4180} INFO - Setting next_dagrun for example_skip_dag to 2025-01-12 00:00:00+00:00, run_after=2025-01-13 00:00:00+00:00
[2025-01-13T23:58:57.040+0000] {processor.py:208} INFO - Processing /home/airflow/.local/lib/python3.12/site-packages/airflow/example_dags/example_skip_dag.py took 0.079 seconds
[2025-01-13T23:59:27.867+0000] {processor.py:186} INFO - Started process (PID=4317) to work on /home/airflow/.local/lib/python3.12/site-packages/airflow/example_dags/example_skip_dag.py
[2025-01-13T23:59:27.868+0000] {processor.py:914} INFO - Processing file /home/airflow/.local/lib/python3.12/site-packages/airflow/example_dags/example_skip_dag.py for tasks to queue
[2025-01-13T23:59:27.872+0000] {logging_mixin.py:190} INFO - [2025-01-13T23:59:27.871+0000] {dagbag.py:588} INFO - Filling up the DagBag from /home/airflow/.local/lib/python3.12/site-packages/airflow/example_dags/example_skip_dag.py
[2025-01-13T23:59:27.880+0000] {processor.py:925} INFO - DAG(s) 'example_skip_dag' retrieved from /home/airflow/.local/lib/python3.12/site-packages/airflow/example_dags/example_skip_dag.py
[2025-01-13T23:59:27.906+0000] {logging_mixin.py:190} INFO - [2025-01-13T23:59:27.905+0000] {dag.py:3239} INFO - Sync 1 DAGs
[2025-01-13T23:59:27.935+0000] {logging_mixin.py:190} INFO - [2025-01-13T23:59:27.935+0000] {dag.py:4180} INFO - Setting next_dagrun for example_skip_dag to 2025-01-12 00:00:00+00:00, run_after=2025-01-13 00:00:00+00:00
[2025-01-13T23:59:27.963+0000] {processor.py:208} INFO - Processing /home/airflow/.local/lib/python3.12/site-packages/airflow/example_dags/example_skip_dag.py took 0.101 seconds
[2025-01-13T23:59:59.157+0000] {processor.py:186} INFO - Started process (PID=4381) to work on /home/airflow/.local/lib/python3.12/site-packages/airflow/example_dags/example_skip_dag.py
[2025-01-13T23:59:59.158+0000] {processor.py:914} INFO - Processing file /home/airflow/.local/lib/python3.12/site-packages/airflow/example_dags/example_skip_dag.py for tasks to queue
[2025-01-13T23:59:59.160+0000] {logging_mixin.py:190} INFO - [2025-01-13T23:59:59.160+0000] {dagbag.py:588} INFO - Filling up the DagBag from /home/airflow/.local/lib/python3.12/site-packages/airflow/example_dags/example_skip_dag.py
[2025-01-13T23:59:59.166+0000] {processor.py:925} INFO - DAG(s) 'example_skip_dag' retrieved from /home/airflow/.local/lib/python3.12/site-packages/airflow/example_dags/example_skip_dag.py
[2025-01-13T23:59:59.191+0000] {logging_mixin.py:190} INFO - [2025-01-13T23:59:59.191+0000] {dag.py:3239} INFO - Sync 1 DAGs
[2025-01-13T23:59:59.211+0000] {logging_mixin.py:190} INFO - [2025-01-13T23:59:59.211+0000] {dag.py:4180} INFO - Setting next_dagrun for example_skip_dag to 2025-01-12 00:00:00+00:00, run_after=2025-01-13 00:00:00+00:00
[2025-01-13T23:59:59.229+0000] {processor.py:208} INFO - Processing /home/airflow/.local/lib/python3.12/site-packages/airflow/example_dags/example_skip_dag.py took 0.076 seconds
