[2025-01-13T23:25:43.524+0000] {processor.py:186} INFO - Started process (PID=70) to work on /home/airflow/.local/lib/python3.12/site-packages/airflow/example_dags/example_branch_operator.py
[2025-01-13T23:25:43.526+0000] {processor.py:914} INFO - Processing file /home/airflow/.local/lib/python3.12/site-packages/airflow/example_dags/example_branch_operator.py for tasks to queue
[2025-01-13T23:25:43.530+0000] {logging_mixin.py:190} INFO - [2025-01-13T23:25:43.529+0000] {dagbag.py:588} INFO - Filling up the DagBag from /home/airflow/.local/lib/python3.12/site-packages/airflow/example_dags/example_branch_operator.py
[2025-01-13T23:25:43.552+0000] {processor.py:925} INFO - DAG(s) 'example_branch_operator' retrieved from /home/airflow/.local/lib/python3.12/site-packages/airflow/example_dags/example_branch_operator.py
[2025-01-13T23:25:43.742+0000] {logging_mixin.py:190} INFO - [2025-01-13T23:25:43.741+0000] {dag.py:3239} INFO - Sync 1 DAGs
[2025-01-13T23:25:43.770+0000] {logging_mixin.py:190} INFO - [2025-01-13T23:25:43.770+0000] {dag.py:4180} INFO - Setting next_dagrun for example_branch_operator to 2025-01-12 00:00:00+00:00, run_after=2025-01-13 00:00:00+00:00
[2025-01-13T23:25:43.795+0000] {processor.py:208} INFO - Processing /home/airflow/.local/lib/python3.12/site-packages/airflow/example_dags/example_branch_operator.py took 0.277 seconds
[2025-01-13T23:26:14.538+0000] {processor.py:186} INFO - Started process (PID=134) to work on /home/airflow/.local/lib/python3.12/site-packages/airflow/example_dags/example_branch_operator.py
[2025-01-13T23:26:14.539+0000] {processor.py:914} INFO - Processing file /home/airflow/.local/lib/python3.12/site-packages/airflow/example_dags/example_branch_operator.py for tasks to queue
[2025-01-13T23:26:14.541+0000] {logging_mixin.py:190} INFO - [2025-01-13T23:26:14.541+0000] {dagbag.py:588} INFO - Filling up the DagBag from /home/airflow/.local/lib/python3.12/site-packages/airflow/example_dags/example_branch_operator.py
[2025-01-13T23:26:14.553+0000] {processor.py:925} INFO - DAG(s) 'example_branch_operator' retrieved from /home/airflow/.local/lib/python3.12/site-packages/airflow/example_dags/example_branch_operator.py
[2025-01-13T23:26:14.578+0000] {logging_mixin.py:190} INFO - [2025-01-13T23:26:14.578+0000] {dag.py:3239} INFO - Sync 1 DAGs
[2025-01-13T23:26:14.598+0000] {logging_mixin.py:190} INFO - [2025-01-13T23:26:14.598+0000] {dag.py:4180} INFO - Setting next_dagrun for example_branch_operator to 2025-01-12 00:00:00+00:00, run_after=2025-01-13 00:00:00+00:00
[2025-01-13T23:26:14.617+0000] {processor.py:208} INFO - Processing /home/airflow/.local/lib/python3.12/site-packages/airflow/example_dags/example_branch_operator.py took 0.083 seconds
[2025-01-13T23:26:45.618+0000] {processor.py:186} INFO - Started process (PID=198) to work on /home/airflow/.local/lib/python3.12/site-packages/airflow/example_dags/example_branch_operator.py
[2025-01-13T23:26:45.619+0000] {processor.py:914} INFO - Processing file /home/airflow/.local/lib/python3.12/site-packages/airflow/example_dags/example_branch_operator.py for tasks to queue
[2025-01-13T23:26:45.622+0000] {logging_mixin.py:190} INFO - [2025-01-13T23:26:45.621+0000] {dagbag.py:588} INFO - Filling up the DagBag from /home/airflow/.local/lib/python3.12/site-packages/airflow/example_dags/example_branch_operator.py
[2025-01-13T23:26:45.633+0000] {processor.py:925} INFO - DAG(s) 'example_branch_operator' retrieved from /home/airflow/.local/lib/python3.12/site-packages/airflow/example_dags/example_branch_operator.py
[2025-01-13T23:26:45.656+0000] {logging_mixin.py:190} INFO - [2025-01-13T23:26:45.656+0000] {dag.py:3239} INFO - Sync 1 DAGs
[2025-01-13T23:26:45.674+0000] {logging_mixin.py:190} INFO - [2025-01-13T23:26:45.673+0000] {dag.py:4180} INFO - Setting next_dagrun for example_branch_operator to 2025-01-12 00:00:00+00:00, run_after=2025-01-13 00:00:00+00:00
[2025-01-13T23:26:45.690+0000] {processor.py:208} INFO - Processing /home/airflow/.local/lib/python3.12/site-packages/airflow/example_dags/example_branch_operator.py took 0.075 seconds
[2025-01-13T23:27:15.860+0000] {processor.py:186} INFO - Started process (PID=261) to work on /home/airflow/.local/lib/python3.12/site-packages/airflow/example_dags/example_branch_operator.py
[2025-01-13T23:27:15.863+0000] {processor.py:914} INFO - Processing file /home/airflow/.local/lib/python3.12/site-packages/airflow/example_dags/example_branch_operator.py for tasks to queue
[2025-01-13T23:27:15.866+0000] {logging_mixin.py:190} INFO - [2025-01-13T23:27:15.865+0000] {dagbag.py:588} INFO - Filling up the DagBag from /home/airflow/.local/lib/python3.12/site-packages/airflow/example_dags/example_branch_operator.py
[2025-01-13T23:27:15.880+0000] {processor.py:925} INFO - DAG(s) 'example_branch_operator' retrieved from /home/airflow/.local/lib/python3.12/site-packages/airflow/example_dags/example_branch_operator.py
[2025-01-13T23:27:15.907+0000] {logging_mixin.py:190} INFO - [2025-01-13T23:27:15.907+0000] {dag.py:3239} INFO - Sync 1 DAGs
[2025-01-13T23:27:15.928+0000] {logging_mixin.py:190} INFO - [2025-01-13T23:27:15.927+0000] {dag.py:4180} INFO - Setting next_dagrun for example_branch_operator to 2025-01-12 00:00:00+00:00, run_after=2025-01-13 00:00:00+00:00
[2025-01-13T23:27:15.950+0000] {processor.py:208} INFO - Processing /home/airflow/.local/lib/python3.12/site-packages/airflow/example_dags/example_branch_operator.py took 0.094 seconds
[2025-01-13T23:27:46.216+0000] {processor.py:186} INFO - Started process (PID=325) to work on /home/airflow/.local/lib/python3.12/site-packages/airflow/example_dags/example_branch_operator.py
[2025-01-13T23:27:46.217+0000] {processor.py:914} INFO - Processing file /home/airflow/.local/lib/python3.12/site-packages/airflow/example_dags/example_branch_operator.py for tasks to queue
[2025-01-13T23:27:46.218+0000] {logging_mixin.py:190} INFO - [2025-01-13T23:27:46.218+0000] {dagbag.py:588} INFO - Filling up the DagBag from /home/airflow/.local/lib/python3.12/site-packages/airflow/example_dags/example_branch_operator.py
[2025-01-13T23:27:46.230+0000] {processor.py:925} INFO - DAG(s) 'example_branch_operator' retrieved from /home/airflow/.local/lib/python3.12/site-packages/airflow/example_dags/example_branch_operator.py
[2025-01-13T23:27:46.260+0000] {logging_mixin.py:190} INFO - [2025-01-13T23:27:46.259+0000] {dag.py:3239} INFO - Sync 1 DAGs
[2025-01-13T23:27:46.279+0000] {logging_mixin.py:190} INFO - [2025-01-13T23:27:46.279+0000] {dag.py:4180} INFO - Setting next_dagrun for example_branch_operator to 2025-01-12 00:00:00+00:00, run_after=2025-01-13 00:00:00+00:00
[2025-01-13T23:27:46.297+0000] {processor.py:208} INFO - Processing /home/airflow/.local/lib/python3.12/site-packages/airflow/example_dags/example_branch_operator.py took 0.085 seconds
[2025-01-13T23:28:16.429+0000] {processor.py:186} INFO - Started process (PID=389) to work on /home/airflow/.local/lib/python3.12/site-packages/airflow/example_dags/example_branch_operator.py
[2025-01-13T23:28:16.431+0000] {processor.py:914} INFO - Processing file /home/airflow/.local/lib/python3.12/site-packages/airflow/example_dags/example_branch_operator.py for tasks to queue
[2025-01-13T23:28:16.433+0000] {logging_mixin.py:190} INFO - [2025-01-13T23:28:16.433+0000] {dagbag.py:588} INFO - Filling up the DagBag from /home/airflow/.local/lib/python3.12/site-packages/airflow/example_dags/example_branch_operator.py
[2025-01-13T23:28:16.444+0000] {processor.py:925} INFO - DAG(s) 'example_branch_operator' retrieved from /home/airflow/.local/lib/python3.12/site-packages/airflow/example_dags/example_branch_operator.py
[2025-01-13T23:28:16.468+0000] {logging_mixin.py:190} INFO - [2025-01-13T23:28:16.467+0000] {dag.py:3239} INFO - Sync 1 DAGs
[2025-01-13T23:28:16.483+0000] {logging_mixin.py:190} INFO - [2025-01-13T23:28:16.483+0000] {dag.py:4180} INFO - Setting next_dagrun for example_branch_operator to 2025-01-12 00:00:00+00:00, run_after=2025-01-13 00:00:00+00:00
[2025-01-13T23:28:16.517+0000] {processor.py:208} INFO - Processing /home/airflow/.local/lib/python3.12/site-packages/airflow/example_dags/example_branch_operator.py took 0.092 seconds
[2025-01-13T23:28:46.598+0000] {processor.py:186} INFO - Started process (PID=452) to work on /home/airflow/.local/lib/python3.12/site-packages/airflow/example_dags/example_branch_operator.py
[2025-01-13T23:28:46.600+0000] {processor.py:914} INFO - Processing file /home/airflow/.local/lib/python3.12/site-packages/airflow/example_dags/example_branch_operator.py for tasks to queue
[2025-01-13T23:28:46.601+0000] {logging_mixin.py:190} INFO - [2025-01-13T23:28:46.601+0000] {dagbag.py:588} INFO - Filling up the DagBag from /home/airflow/.local/lib/python3.12/site-packages/airflow/example_dags/example_branch_operator.py
[2025-01-13T23:28:46.613+0000] {processor.py:925} INFO - DAG(s) 'example_branch_operator' retrieved from /home/airflow/.local/lib/python3.12/site-packages/airflow/example_dags/example_branch_operator.py
[2025-01-13T23:28:46.631+0000] {logging_mixin.py:190} INFO - [2025-01-13T23:28:46.631+0000] {dag.py:3239} INFO - Sync 1 DAGs
[2025-01-13T23:28:46.654+0000] {logging_mixin.py:190} INFO - [2025-01-13T23:28:46.654+0000] {dag.py:4180} INFO - Setting next_dagrun for example_branch_operator to 2025-01-12 00:00:00+00:00, run_after=2025-01-13 00:00:00+00:00
[2025-01-13T23:28:46.667+0000] {processor.py:208} INFO - Processing /home/airflow/.local/lib/python3.12/site-packages/airflow/example_dags/example_branch_operator.py took 0.073 seconds
[2025-01-13T23:29:17.129+0000] {processor.py:186} INFO - Started process (PID=516) to work on /home/airflow/.local/lib/python3.12/site-packages/airflow/example_dags/example_branch_operator.py
[2025-01-13T23:29:17.130+0000] {processor.py:914} INFO - Processing file /home/airflow/.local/lib/python3.12/site-packages/airflow/example_dags/example_branch_operator.py for tasks to queue
[2025-01-13T23:29:17.132+0000] {logging_mixin.py:190} INFO - [2025-01-13T23:29:17.131+0000] {dagbag.py:588} INFO - Filling up the DagBag from /home/airflow/.local/lib/python3.12/site-packages/airflow/example_dags/example_branch_operator.py
[2025-01-13T23:29:17.143+0000] {processor.py:925} INFO - DAG(s) 'example_branch_operator' retrieved from /home/airflow/.local/lib/python3.12/site-packages/airflow/example_dags/example_branch_operator.py
[2025-01-13T23:29:17.162+0000] {logging_mixin.py:190} INFO - [2025-01-13T23:29:17.162+0000] {dag.py:3239} INFO - Sync 1 DAGs
[2025-01-13T23:29:17.178+0000] {logging_mixin.py:190} INFO - [2025-01-13T23:29:17.178+0000] {dag.py:4180} INFO - Setting next_dagrun for example_branch_operator to 2025-01-12 00:00:00+00:00, run_after=2025-01-13 00:00:00+00:00
[2025-01-13T23:29:17.189+0000] {processor.py:208} INFO - Processing /home/airflow/.local/lib/python3.12/site-packages/airflow/example_dags/example_branch_operator.py took 0.064 seconds
[2025-01-13T23:29:47.664+0000] {processor.py:186} INFO - Started process (PID=585) to work on /home/airflow/.local/lib/python3.12/site-packages/airflow/example_dags/example_branch_operator.py
[2025-01-13T23:29:47.665+0000] {processor.py:914} INFO - Processing file /home/airflow/.local/lib/python3.12/site-packages/airflow/example_dags/example_branch_operator.py for tasks to queue
[2025-01-13T23:29:47.667+0000] {logging_mixin.py:190} INFO - [2025-01-13T23:29:47.667+0000] {dagbag.py:588} INFO - Filling up the DagBag from /home/airflow/.local/lib/python3.12/site-packages/airflow/example_dags/example_branch_operator.py
[2025-01-13T23:29:47.678+0000] {processor.py:925} INFO - DAG(s) 'example_branch_operator' retrieved from /home/airflow/.local/lib/python3.12/site-packages/airflow/example_dags/example_branch_operator.py
[2025-01-13T23:29:47.698+0000] {logging_mixin.py:190} INFO - [2025-01-13T23:29:47.698+0000] {dag.py:3239} INFO - Sync 1 DAGs
[2025-01-13T23:29:47.716+0000] {logging_mixin.py:190} INFO - [2025-01-13T23:29:47.716+0000] {dag.py:4180} INFO - Setting next_dagrun for example_branch_operator to 2025-01-12 00:00:00+00:00, run_after=2025-01-13 00:00:00+00:00
[2025-01-13T23:29:47.731+0000] {processor.py:208} INFO - Processing /home/airflow/.local/lib/python3.12/site-packages/airflow/example_dags/example_branch_operator.py took 0.071 seconds
[2025-01-13T23:30:18.015+0000] {processor.py:186} INFO - Started process (PID=649) to work on /home/airflow/.local/lib/python3.12/site-packages/airflow/example_dags/example_branch_operator.py
[2025-01-13T23:30:18.016+0000] {processor.py:914} INFO - Processing file /home/airflow/.local/lib/python3.12/site-packages/airflow/example_dags/example_branch_operator.py for tasks to queue
[2025-01-13T23:30:18.018+0000] {logging_mixin.py:190} INFO - [2025-01-13T23:30:18.018+0000] {dagbag.py:588} INFO - Filling up the DagBag from /home/airflow/.local/lib/python3.12/site-packages/airflow/example_dags/example_branch_operator.py
[2025-01-13T23:30:18.029+0000] {processor.py:925} INFO - DAG(s) 'example_branch_operator' retrieved from /home/airflow/.local/lib/python3.12/site-packages/airflow/example_dags/example_branch_operator.py
[2025-01-13T23:30:18.048+0000] {logging_mixin.py:190} INFO - [2025-01-13T23:30:18.048+0000] {dag.py:3239} INFO - Sync 1 DAGs
[2025-01-13T23:30:18.063+0000] {logging_mixin.py:190} INFO - [2025-01-13T23:30:18.063+0000] {dag.py:4180} INFO - Setting next_dagrun for example_branch_operator to 2025-01-12 00:00:00+00:00, run_after=2025-01-13 00:00:00+00:00
[2025-01-13T23:30:18.079+0000] {processor.py:208} INFO - Processing /home/airflow/.local/lib/python3.12/site-packages/airflow/example_dags/example_branch_operator.py took 0.067 seconds
[2025-01-13T23:30:48.863+0000] {processor.py:186} INFO - Started process (PID=713) to work on /home/airflow/.local/lib/python3.12/site-packages/airflow/example_dags/example_branch_operator.py
[2025-01-13T23:30:48.864+0000] {processor.py:914} INFO - Processing file /home/airflow/.local/lib/python3.12/site-packages/airflow/example_dags/example_branch_operator.py for tasks to queue
[2025-01-13T23:30:48.866+0000] {logging_mixin.py:190} INFO - [2025-01-13T23:30:48.866+0000] {dagbag.py:588} INFO - Filling up the DagBag from /home/airflow/.local/lib/python3.12/site-packages/airflow/example_dags/example_branch_operator.py
[2025-01-13T23:30:48.879+0000] {processor.py:925} INFO - DAG(s) 'example_branch_operator' retrieved from /home/airflow/.local/lib/python3.12/site-packages/airflow/example_dags/example_branch_operator.py
[2025-01-13T23:30:48.899+0000] {logging_mixin.py:190} INFO - [2025-01-13T23:30:48.898+0000] {dag.py:3239} INFO - Sync 1 DAGs
[2025-01-13T23:30:48.914+0000] {logging_mixin.py:190} INFO - [2025-01-13T23:30:48.914+0000] {dag.py:4180} INFO - Setting next_dagrun for example_branch_operator to 2025-01-12 00:00:00+00:00, run_after=2025-01-13 00:00:00+00:00
[2025-01-13T23:30:48.930+0000] {processor.py:208} INFO - Processing /home/airflow/.local/lib/python3.12/site-packages/airflow/example_dags/example_branch_operator.py took 0.070 seconds
[2025-01-13T23:31:19.393+0000] {processor.py:186} INFO - Started process (PID=777) to work on /home/airflow/.local/lib/python3.12/site-packages/airflow/example_dags/example_branch_operator.py
[2025-01-13T23:31:19.394+0000] {processor.py:914} INFO - Processing file /home/airflow/.local/lib/python3.12/site-packages/airflow/example_dags/example_branch_operator.py for tasks to queue
[2025-01-13T23:31:19.396+0000] {logging_mixin.py:190} INFO - [2025-01-13T23:31:19.395+0000] {dagbag.py:588} INFO - Filling up the DagBag from /home/airflow/.local/lib/python3.12/site-packages/airflow/example_dags/example_branch_operator.py
[2025-01-13T23:31:19.407+0000] {processor.py:925} INFO - DAG(s) 'example_branch_operator' retrieved from /home/airflow/.local/lib/python3.12/site-packages/airflow/example_dags/example_branch_operator.py
[2025-01-13T23:31:19.425+0000] {logging_mixin.py:190} INFO - [2025-01-13T23:31:19.425+0000] {dag.py:3239} INFO - Sync 1 DAGs
[2025-01-13T23:31:19.443+0000] {logging_mixin.py:190} INFO - [2025-01-13T23:31:19.443+0000] {dag.py:4180} INFO - Setting next_dagrun for example_branch_operator to 2025-01-12 00:00:00+00:00, run_after=2025-01-13 00:00:00+00:00
[2025-01-13T23:31:19.459+0000] {processor.py:208} INFO - Processing /home/airflow/.local/lib/python3.12/site-packages/airflow/example_dags/example_branch_operator.py took 0.069 seconds
[2025-01-13T23:31:49.819+0000] {processor.py:186} INFO - Started process (PID=840) to work on /home/airflow/.local/lib/python3.12/site-packages/airflow/example_dags/example_branch_operator.py
[2025-01-13T23:31:49.820+0000] {processor.py:914} INFO - Processing file /home/airflow/.local/lib/python3.12/site-packages/airflow/example_dags/example_branch_operator.py for tasks to queue
[2025-01-13T23:31:49.822+0000] {logging_mixin.py:190} INFO - [2025-01-13T23:31:49.822+0000] {dagbag.py:588} INFO - Filling up the DagBag from /home/airflow/.local/lib/python3.12/site-packages/airflow/example_dags/example_branch_operator.py
[2025-01-13T23:31:49.834+0000] {processor.py:925} INFO - DAG(s) 'example_branch_operator' retrieved from /home/airflow/.local/lib/python3.12/site-packages/airflow/example_dags/example_branch_operator.py
[2025-01-13T23:31:49.855+0000] {logging_mixin.py:190} INFO - [2025-01-13T23:31:49.854+0000] {dag.py:3239} INFO - Sync 1 DAGs
[2025-01-13T23:31:49.872+0000] {logging_mixin.py:190} INFO - [2025-01-13T23:31:49.872+0000] {dag.py:4180} INFO - Setting next_dagrun for example_branch_operator to 2025-01-12 00:00:00+00:00, run_after=2025-01-13 00:00:00+00:00
[2025-01-13T23:31:49.886+0000] {processor.py:208} INFO - Processing /home/airflow/.local/lib/python3.12/site-packages/airflow/example_dags/example_branch_operator.py took 0.072 seconds
[2025-01-13T23:32:20.742+0000] {processor.py:186} INFO - Started process (PID=904) to work on /home/airflow/.local/lib/python3.12/site-packages/airflow/example_dags/example_branch_operator.py
[2025-01-13T23:32:20.743+0000] {processor.py:914} INFO - Processing file /home/airflow/.local/lib/python3.12/site-packages/airflow/example_dags/example_branch_operator.py for tasks to queue
[2025-01-13T23:32:20.745+0000] {logging_mixin.py:190} INFO - [2025-01-13T23:32:20.745+0000] {dagbag.py:588} INFO - Filling up the DagBag from /home/airflow/.local/lib/python3.12/site-packages/airflow/example_dags/example_branch_operator.py
[2025-01-13T23:32:20.756+0000] {processor.py:925} INFO - DAG(s) 'example_branch_operator' retrieved from /home/airflow/.local/lib/python3.12/site-packages/airflow/example_dags/example_branch_operator.py
[2025-01-13T23:32:20.777+0000] {logging_mixin.py:190} INFO - [2025-01-13T23:32:20.777+0000] {dag.py:3239} INFO - Sync 1 DAGs
[2025-01-13T23:32:20.799+0000] {logging_mixin.py:190} INFO - [2025-01-13T23:32:20.799+0000] {dag.py:4180} INFO - Setting next_dagrun for example_branch_operator to 2025-01-12 00:00:00+00:00, run_after=2025-01-13 00:00:00+00:00
[2025-01-13T23:32:20.818+0000] {processor.py:208} INFO - Processing /home/airflow/.local/lib/python3.12/site-packages/airflow/example_dags/example_branch_operator.py took 0.080 seconds
[2025-01-13T23:32:51.311+0000] {processor.py:186} INFO - Started process (PID=968) to work on /home/airflow/.local/lib/python3.12/site-packages/airflow/example_dags/example_branch_operator.py
[2025-01-13T23:32:51.312+0000] {processor.py:914} INFO - Processing file /home/airflow/.local/lib/python3.12/site-packages/airflow/example_dags/example_branch_operator.py for tasks to queue
[2025-01-13T23:32:51.314+0000] {logging_mixin.py:190} INFO - [2025-01-13T23:32:51.314+0000] {dagbag.py:588} INFO - Filling up the DagBag from /home/airflow/.local/lib/python3.12/site-packages/airflow/example_dags/example_branch_operator.py
[2025-01-13T23:32:51.328+0000] {processor.py:925} INFO - DAG(s) 'example_branch_operator' retrieved from /home/airflow/.local/lib/python3.12/site-packages/airflow/example_dags/example_branch_operator.py
[2025-01-13T23:32:51.351+0000] {logging_mixin.py:190} INFO - [2025-01-13T23:32:51.350+0000] {dag.py:3239} INFO - Sync 1 DAGs
[2025-01-13T23:32:51.366+0000] {logging_mixin.py:190} INFO - [2025-01-13T23:32:51.366+0000] {dag.py:4180} INFO - Setting next_dagrun for example_branch_operator to 2025-01-12 00:00:00+00:00, run_after=2025-01-13 00:00:00+00:00
[2025-01-13T23:32:51.381+0000] {processor.py:208} INFO - Processing /home/airflow/.local/lib/python3.12/site-packages/airflow/example_dags/example_branch_operator.py took 0.074 seconds
[2025-01-13T23:33:22.396+0000] {processor.py:186} INFO - Started process (PID=1032) to work on /home/airflow/.local/lib/python3.12/site-packages/airflow/example_dags/example_branch_operator.py
[2025-01-13T23:33:22.396+0000] {processor.py:914} INFO - Processing file /home/airflow/.local/lib/python3.12/site-packages/airflow/example_dags/example_branch_operator.py for tasks to queue
[2025-01-13T23:33:22.400+0000] {logging_mixin.py:190} INFO - [2025-01-13T23:33:22.399+0000] {dagbag.py:588} INFO - Filling up the DagBag from /home/airflow/.local/lib/python3.12/site-packages/airflow/example_dags/example_branch_operator.py
[2025-01-13T23:33:22.415+0000] {processor.py:925} INFO - DAG(s) 'example_branch_operator' retrieved from /home/airflow/.local/lib/python3.12/site-packages/airflow/example_dags/example_branch_operator.py
[2025-01-13T23:33:22.450+0000] {logging_mixin.py:190} INFO - [2025-01-13T23:33:22.449+0000] {dag.py:3239} INFO - Sync 1 DAGs
[2025-01-13T23:33:22.471+0000] {logging_mixin.py:190} INFO - [2025-01-13T23:33:22.470+0000] {dag.py:4180} INFO - Setting next_dagrun for example_branch_operator to 2025-01-12 00:00:00+00:00, run_after=2025-01-13 00:00:00+00:00
[2025-01-13T23:33:22.494+0000] {processor.py:208} INFO - Processing /home/airflow/.local/lib/python3.12/site-packages/airflow/example_dags/example_branch_operator.py took 0.103 seconds
[2025-01-13T23:33:52.700+0000] {processor.py:186} INFO - Started process (PID=1096) to work on /home/airflow/.local/lib/python3.12/site-packages/airflow/example_dags/example_branch_operator.py
[2025-01-13T23:33:52.701+0000] {processor.py:914} INFO - Processing file /home/airflow/.local/lib/python3.12/site-packages/airflow/example_dags/example_branch_operator.py for tasks to queue
[2025-01-13T23:33:52.703+0000] {logging_mixin.py:190} INFO - [2025-01-13T23:33:52.703+0000] {dagbag.py:588} INFO - Filling up the DagBag from /home/airflow/.local/lib/python3.12/site-packages/airflow/example_dags/example_branch_operator.py
[2025-01-13T23:33:52.720+0000] {processor.py:925} INFO - DAG(s) 'example_branch_operator' retrieved from /home/airflow/.local/lib/python3.12/site-packages/airflow/example_dags/example_branch_operator.py
[2025-01-13T23:33:52.748+0000] {logging_mixin.py:190} INFO - [2025-01-13T23:33:52.747+0000] {dag.py:3239} INFO - Sync 1 DAGs
[2025-01-13T23:33:52.768+0000] {logging_mixin.py:190} INFO - [2025-01-13T23:33:52.768+0000] {dag.py:4180} INFO - Setting next_dagrun for example_branch_operator to 2025-01-12 00:00:00+00:00, run_after=2025-01-13 00:00:00+00:00
[2025-01-13T23:33:52.789+0000] {processor.py:208} INFO - Processing /home/airflow/.local/lib/python3.12/site-packages/airflow/example_dags/example_branch_operator.py took 0.093 seconds
[2025-01-13T23:34:23.626+0000] {processor.py:186} INFO - Started process (PID=1160) to work on /home/airflow/.local/lib/python3.12/site-packages/airflow/example_dags/example_branch_operator.py
[2025-01-13T23:34:23.627+0000] {processor.py:914} INFO - Processing file /home/airflow/.local/lib/python3.12/site-packages/airflow/example_dags/example_branch_operator.py for tasks to queue
[2025-01-13T23:34:23.629+0000] {logging_mixin.py:190} INFO - [2025-01-13T23:34:23.629+0000] {dagbag.py:588} INFO - Filling up the DagBag from /home/airflow/.local/lib/python3.12/site-packages/airflow/example_dags/example_branch_operator.py
[2025-01-13T23:34:23.644+0000] {processor.py:925} INFO - DAG(s) 'example_branch_operator' retrieved from /home/airflow/.local/lib/python3.12/site-packages/airflow/example_dags/example_branch_operator.py
[2025-01-13T23:34:23.667+0000] {logging_mixin.py:190} INFO - [2025-01-13T23:34:23.667+0000] {dag.py:3239} INFO - Sync 1 DAGs
[2025-01-13T23:34:23.689+0000] {logging_mixin.py:190} INFO - [2025-01-13T23:34:23.689+0000] {dag.py:4180} INFO - Setting next_dagrun for example_branch_operator to 2025-01-12 00:00:00+00:00, run_after=2025-01-13 00:00:00+00:00
[2025-01-13T23:34:23.709+0000] {processor.py:208} INFO - Processing /home/airflow/.local/lib/python3.12/site-packages/airflow/example_dags/example_branch_operator.py took 0.087 seconds
[2025-01-13T23:34:54.085+0000] {processor.py:186} INFO - Started process (PID=1224) to work on /home/airflow/.local/lib/python3.12/site-packages/airflow/example_dags/example_branch_operator.py
[2025-01-13T23:34:54.086+0000] {processor.py:914} INFO - Processing file /home/airflow/.local/lib/python3.12/site-packages/airflow/example_dags/example_branch_operator.py for tasks to queue
[2025-01-13T23:34:54.089+0000] {logging_mixin.py:190} INFO - [2025-01-13T23:34:54.089+0000] {dagbag.py:588} INFO - Filling up the DagBag from /home/airflow/.local/lib/python3.12/site-packages/airflow/example_dags/example_branch_operator.py
[2025-01-13T23:34:54.122+0000] {processor.py:925} INFO - DAG(s) 'example_branch_operator' retrieved from /home/airflow/.local/lib/python3.12/site-packages/airflow/example_dags/example_branch_operator.py
[2025-01-13T23:34:54.159+0000] {logging_mixin.py:190} INFO - [2025-01-13T23:34:54.159+0000] {dag.py:3239} INFO - Sync 1 DAGs
[2025-01-13T23:34:54.186+0000] {logging_mixin.py:190} INFO - [2025-01-13T23:34:54.185+0000] {dag.py:4180} INFO - Setting next_dagrun for example_branch_operator to 2025-01-12 00:00:00+00:00, run_after=2025-01-13 00:00:00+00:00
[2025-01-13T23:34:54.216+0000] {processor.py:208} INFO - Processing /home/airflow/.local/lib/python3.12/site-packages/airflow/example_dags/example_branch_operator.py took 0.137 seconds
[2025-01-13T23:35:25.062+0000] {processor.py:186} INFO - Started process (PID=1288) to work on /home/airflow/.local/lib/python3.12/site-packages/airflow/example_dags/example_branch_operator.py
[2025-01-13T23:35:25.064+0000] {processor.py:914} INFO - Processing file /home/airflow/.local/lib/python3.12/site-packages/airflow/example_dags/example_branch_operator.py for tasks to queue
[2025-01-13T23:35:25.066+0000] {logging_mixin.py:190} INFO - [2025-01-13T23:35:25.066+0000] {dagbag.py:588} INFO - Filling up the DagBag from /home/airflow/.local/lib/python3.12/site-packages/airflow/example_dags/example_branch_operator.py
[2025-01-13T23:35:25.082+0000] {processor.py:925} INFO - DAG(s) 'example_branch_operator' retrieved from /home/airflow/.local/lib/python3.12/site-packages/airflow/example_dags/example_branch_operator.py
[2025-01-13T23:35:25.114+0000] {logging_mixin.py:190} INFO - [2025-01-13T23:35:25.113+0000] {dag.py:3239} INFO - Sync 1 DAGs
[2025-01-13T23:35:25.141+0000] {logging_mixin.py:190} INFO - [2025-01-13T23:35:25.141+0000] {dag.py:4180} INFO - Setting next_dagrun for example_branch_operator to 2025-01-12 00:00:00+00:00, run_after=2025-01-13 00:00:00+00:00
[2025-01-13T23:35:25.163+0000] {processor.py:208} INFO - Processing /home/airflow/.local/lib/python3.12/site-packages/airflow/example_dags/example_branch_operator.py took 0.106 seconds
[2025-01-13T23:35:55.836+0000] {processor.py:186} INFO - Started process (PID=1352) to work on /home/airflow/.local/lib/python3.12/site-packages/airflow/example_dags/example_branch_operator.py
[2025-01-13T23:35:55.837+0000] {processor.py:914} INFO - Processing file /home/airflow/.local/lib/python3.12/site-packages/airflow/example_dags/example_branch_operator.py for tasks to queue
[2025-01-13T23:35:55.839+0000] {logging_mixin.py:190} INFO - [2025-01-13T23:35:55.839+0000] {dagbag.py:588} INFO - Filling up the DagBag from /home/airflow/.local/lib/python3.12/site-packages/airflow/example_dags/example_branch_operator.py
[2025-01-13T23:35:55.852+0000] {processor.py:925} INFO - DAG(s) 'example_branch_operator' retrieved from /home/airflow/.local/lib/python3.12/site-packages/airflow/example_dags/example_branch_operator.py
[2025-01-13T23:35:55.877+0000] {logging_mixin.py:190} INFO - [2025-01-13T23:35:55.877+0000] {dag.py:3239} INFO - Sync 1 DAGs
[2025-01-13T23:35:55.901+0000] {logging_mixin.py:190} INFO - [2025-01-13T23:35:55.901+0000] {dag.py:4180} INFO - Setting next_dagrun for example_branch_operator to 2025-01-12 00:00:00+00:00, run_after=2025-01-13 00:00:00+00:00
[2025-01-13T23:35:55.918+0000] {processor.py:208} INFO - Processing /home/airflow/.local/lib/python3.12/site-packages/airflow/example_dags/example_branch_operator.py took 0.086 seconds
[2025-01-13T23:36:26.011+0000] {processor.py:186} INFO - Started process (PID=1416) to work on /home/airflow/.local/lib/python3.12/site-packages/airflow/example_dags/example_branch_operator.py
[2025-01-13T23:36:26.012+0000] {processor.py:914} INFO - Processing file /home/airflow/.local/lib/python3.12/site-packages/airflow/example_dags/example_branch_operator.py for tasks to queue
[2025-01-13T23:36:26.014+0000] {logging_mixin.py:190} INFO - [2025-01-13T23:36:26.014+0000] {dagbag.py:588} INFO - Filling up the DagBag from /home/airflow/.local/lib/python3.12/site-packages/airflow/example_dags/example_branch_operator.py
[2025-01-13T23:36:26.028+0000] {processor.py:925} INFO - DAG(s) 'example_branch_operator' retrieved from /home/airflow/.local/lib/python3.12/site-packages/airflow/example_dags/example_branch_operator.py
[2025-01-13T23:36:26.063+0000] {logging_mixin.py:190} INFO - [2025-01-13T23:36:26.063+0000] {dag.py:3239} INFO - Sync 1 DAGs
[2025-01-13T23:36:26.087+0000] {logging_mixin.py:190} INFO - [2025-01-13T23:36:26.087+0000] {dag.py:4180} INFO - Setting next_dagrun for example_branch_operator to 2025-01-12 00:00:00+00:00, run_after=2025-01-13 00:00:00+00:00
[2025-01-13T23:36:26.107+0000] {processor.py:208} INFO - Processing /home/airflow/.local/lib/python3.12/site-packages/airflow/example_dags/example_branch_operator.py took 0.102 seconds
[2025-01-13T23:36:56.561+0000] {processor.py:186} INFO - Started process (PID=1480) to work on /home/airflow/.local/lib/python3.12/site-packages/airflow/example_dags/example_branch_operator.py
[2025-01-13T23:36:56.562+0000] {processor.py:914} INFO - Processing file /home/airflow/.local/lib/python3.12/site-packages/airflow/example_dags/example_branch_operator.py for tasks to queue
[2025-01-13T23:36:56.564+0000] {logging_mixin.py:190} INFO - [2025-01-13T23:36:56.564+0000] {dagbag.py:588} INFO - Filling up the DagBag from /home/airflow/.local/lib/python3.12/site-packages/airflow/example_dags/example_branch_operator.py
[2025-01-13T23:36:56.582+0000] {processor.py:925} INFO - DAG(s) 'example_branch_operator' retrieved from /home/airflow/.local/lib/python3.12/site-packages/airflow/example_dags/example_branch_operator.py
[2025-01-13T23:36:56.615+0000] {logging_mixin.py:190} INFO - [2025-01-13T23:36:56.615+0000] {dag.py:3239} INFO - Sync 1 DAGs
[2025-01-13T23:36:56.639+0000] {logging_mixin.py:190} INFO - [2025-01-13T23:36:56.638+0000] {dag.py:4180} INFO - Setting next_dagrun for example_branch_operator to 2025-01-12 00:00:00+00:00, run_after=2025-01-13 00:00:00+00:00
[2025-01-13T23:36:56.665+0000] {processor.py:208} INFO - Processing /home/airflow/.local/lib/python3.12/site-packages/airflow/example_dags/example_branch_operator.py took 0.108 seconds
[2025-01-13T23:37:27.118+0000] {processor.py:186} INFO - Started process (PID=1544) to work on /home/airflow/.local/lib/python3.12/site-packages/airflow/example_dags/example_branch_operator.py
[2025-01-13T23:37:27.120+0000] {processor.py:914} INFO - Processing file /home/airflow/.local/lib/python3.12/site-packages/airflow/example_dags/example_branch_operator.py for tasks to queue
[2025-01-13T23:37:27.124+0000] {logging_mixin.py:190} INFO - [2025-01-13T23:37:27.123+0000] {dagbag.py:588} INFO - Filling up the DagBag from /home/airflow/.local/lib/python3.12/site-packages/airflow/example_dags/example_branch_operator.py
[2025-01-13T23:37:27.142+0000] {processor.py:925} INFO - DAG(s) 'example_branch_operator' retrieved from /home/airflow/.local/lib/python3.12/site-packages/airflow/example_dags/example_branch_operator.py
[2025-01-13T23:37:27.171+0000] {logging_mixin.py:190} INFO - [2025-01-13T23:37:27.170+0000] {dag.py:3239} INFO - Sync 1 DAGs
[2025-01-13T23:37:27.196+0000] {logging_mixin.py:190} INFO - [2025-01-13T23:37:27.195+0000] {dag.py:4180} INFO - Setting next_dagrun for example_branch_operator to 2025-01-12 00:00:00+00:00, run_after=2025-01-13 00:00:00+00:00
[2025-01-13T23:37:27.217+0000] {processor.py:208} INFO - Processing /home/airflow/.local/lib/python3.12/site-packages/airflow/example_dags/example_branch_operator.py took 0.105 seconds
[2025-01-13T23:37:57.526+0000] {processor.py:186} INFO - Started process (PID=1608) to work on /home/airflow/.local/lib/python3.12/site-packages/airflow/example_dags/example_branch_operator.py
[2025-01-13T23:37:57.527+0000] {processor.py:914} INFO - Processing file /home/airflow/.local/lib/python3.12/site-packages/airflow/example_dags/example_branch_operator.py for tasks to queue
[2025-01-13T23:37:57.530+0000] {logging_mixin.py:190} INFO - [2025-01-13T23:37:57.530+0000] {dagbag.py:588} INFO - Filling up the DagBag from /home/airflow/.local/lib/python3.12/site-packages/airflow/example_dags/example_branch_operator.py
[2025-01-13T23:37:57.545+0000] {processor.py:925} INFO - DAG(s) 'example_branch_operator' retrieved from /home/airflow/.local/lib/python3.12/site-packages/airflow/example_dags/example_branch_operator.py
[2025-01-13T23:37:57.576+0000] {logging_mixin.py:190} INFO - [2025-01-13T23:37:57.576+0000] {dag.py:3239} INFO - Sync 1 DAGs
[2025-01-13T23:37:57.602+0000] {logging_mixin.py:190} INFO - [2025-01-13T23:37:57.601+0000] {dag.py:4180} INFO - Setting next_dagrun for example_branch_operator to 2025-01-12 00:00:00+00:00, run_after=2025-01-13 00:00:00+00:00
[2025-01-13T23:37:57.626+0000] {processor.py:208} INFO - Processing /home/airflow/.local/lib/python3.12/site-packages/airflow/example_dags/example_branch_operator.py took 0.107 seconds
[2025-01-13T23:38:28.093+0000] {processor.py:186} INFO - Started process (PID=1672) to work on /home/airflow/.local/lib/python3.12/site-packages/airflow/example_dags/example_branch_operator.py
[2025-01-13T23:38:28.094+0000] {processor.py:914} INFO - Processing file /home/airflow/.local/lib/python3.12/site-packages/airflow/example_dags/example_branch_operator.py for tasks to queue
[2025-01-13T23:38:28.096+0000] {logging_mixin.py:190} INFO - [2025-01-13T23:38:28.096+0000] {dagbag.py:588} INFO - Filling up the DagBag from /home/airflow/.local/lib/python3.12/site-packages/airflow/example_dags/example_branch_operator.py
[2025-01-13T23:38:28.110+0000] {processor.py:925} INFO - DAG(s) 'example_branch_operator' retrieved from /home/airflow/.local/lib/python3.12/site-packages/airflow/example_dags/example_branch_operator.py
[2025-01-13T23:38:28.136+0000] {logging_mixin.py:190} INFO - [2025-01-13T23:38:28.136+0000] {dag.py:3239} INFO - Sync 1 DAGs
[2025-01-13T23:38:28.156+0000] {logging_mixin.py:190} INFO - [2025-01-13T23:38:28.155+0000] {dag.py:4180} INFO - Setting next_dagrun for example_branch_operator to 2025-01-12 00:00:00+00:00, run_after=2025-01-13 00:00:00+00:00
[2025-01-13T23:38:28.178+0000] {processor.py:208} INFO - Processing /home/airflow/.local/lib/python3.12/site-packages/airflow/example_dags/example_branch_operator.py took 0.089 seconds
[2025-01-13T23:38:58.871+0000] {processor.py:186} INFO - Started process (PID=1736) to work on /home/airflow/.local/lib/python3.12/site-packages/airflow/example_dags/example_branch_operator.py
[2025-01-13T23:38:58.872+0000] {processor.py:914} INFO - Processing file /home/airflow/.local/lib/python3.12/site-packages/airflow/example_dags/example_branch_operator.py for tasks to queue
[2025-01-13T23:38:58.874+0000] {logging_mixin.py:190} INFO - [2025-01-13T23:38:58.874+0000] {dagbag.py:588} INFO - Filling up the DagBag from /home/airflow/.local/lib/python3.12/site-packages/airflow/example_dags/example_branch_operator.py
[2025-01-13T23:38:58.886+0000] {processor.py:925} INFO - DAG(s) 'example_branch_operator' retrieved from /home/airflow/.local/lib/python3.12/site-packages/airflow/example_dags/example_branch_operator.py
[2025-01-13T23:38:58.907+0000] {logging_mixin.py:190} INFO - [2025-01-13T23:38:58.906+0000] {dag.py:3239} INFO - Sync 1 DAGs
[2025-01-13T23:38:58.923+0000] {logging_mixin.py:190} INFO - [2025-01-13T23:38:58.923+0000] {dag.py:4180} INFO - Setting next_dagrun for example_branch_operator to 2025-01-12 00:00:00+00:00, run_after=2025-01-13 00:00:00+00:00
[2025-01-13T23:38:58.941+0000] {processor.py:208} INFO - Processing /home/airflow/.local/lib/python3.12/site-packages/airflow/example_dags/example_branch_operator.py took 0.074 seconds
[2025-01-13T23:39:29.361+0000] {processor.py:186} INFO - Started process (PID=1800) to work on /home/airflow/.local/lib/python3.12/site-packages/airflow/example_dags/example_branch_operator.py
[2025-01-13T23:39:29.363+0000] {processor.py:914} INFO - Processing file /home/airflow/.local/lib/python3.12/site-packages/airflow/example_dags/example_branch_operator.py for tasks to queue
[2025-01-13T23:39:29.365+0000] {logging_mixin.py:190} INFO - [2025-01-13T23:39:29.365+0000] {dagbag.py:588} INFO - Filling up the DagBag from /home/airflow/.local/lib/python3.12/site-packages/airflow/example_dags/example_branch_operator.py
[2025-01-13T23:39:29.378+0000] {processor.py:925} INFO - DAG(s) 'example_branch_operator' retrieved from /home/airflow/.local/lib/python3.12/site-packages/airflow/example_dags/example_branch_operator.py
[2025-01-13T23:39:29.400+0000] {logging_mixin.py:190} INFO - [2025-01-13T23:39:29.399+0000] {dag.py:3239} INFO - Sync 1 DAGs
[2025-01-13T23:39:29.419+0000] {logging_mixin.py:190} INFO - [2025-01-13T23:39:29.419+0000] {dag.py:4180} INFO - Setting next_dagrun for example_branch_operator to 2025-01-12 00:00:00+00:00, run_after=2025-01-13 00:00:00+00:00
[2025-01-13T23:39:29.434+0000] {processor.py:208} INFO - Processing /home/airflow/.local/lib/python3.12/site-packages/airflow/example_dags/example_branch_operator.py took 0.077 seconds
[2025-01-13T23:40:00.280+0000] {processor.py:186} INFO - Started process (PID=1864) to work on /home/airflow/.local/lib/python3.12/site-packages/airflow/example_dags/example_branch_operator.py
[2025-01-13T23:40:00.281+0000] {processor.py:914} INFO - Processing file /home/airflow/.local/lib/python3.12/site-packages/airflow/example_dags/example_branch_operator.py for tasks to queue
[2025-01-13T23:40:00.283+0000] {logging_mixin.py:190} INFO - [2025-01-13T23:40:00.283+0000] {dagbag.py:588} INFO - Filling up the DagBag from /home/airflow/.local/lib/python3.12/site-packages/airflow/example_dags/example_branch_operator.py
[2025-01-13T23:40:00.298+0000] {processor.py:925} INFO - DAG(s) 'example_branch_operator' retrieved from /home/airflow/.local/lib/python3.12/site-packages/airflow/example_dags/example_branch_operator.py
[2025-01-13T23:40:00.323+0000] {logging_mixin.py:190} INFO - [2025-01-13T23:40:00.323+0000] {dag.py:3239} INFO - Sync 1 DAGs
[2025-01-13T23:40:00.347+0000] {logging_mixin.py:190} INFO - [2025-01-13T23:40:00.347+0000] {dag.py:4180} INFO - Setting next_dagrun for example_branch_operator to 2025-01-12 00:00:00+00:00, run_after=2025-01-13 00:00:00+00:00
[2025-01-13T23:40:00.366+0000] {processor.py:208} INFO - Processing /home/airflow/.local/lib/python3.12/site-packages/airflow/example_dags/example_branch_operator.py took 0.091 seconds
[2025-01-13T23:40:30.915+0000] {processor.py:186} INFO - Started process (PID=1928) to work on /home/airflow/.local/lib/python3.12/site-packages/airflow/example_dags/example_branch_operator.py
[2025-01-13T23:40:30.916+0000] {processor.py:914} INFO - Processing file /home/airflow/.local/lib/python3.12/site-packages/airflow/example_dags/example_branch_operator.py for tasks to queue
[2025-01-13T23:40:30.919+0000] {logging_mixin.py:190} INFO - [2025-01-13T23:40:30.918+0000] {dagbag.py:588} INFO - Filling up the DagBag from /home/airflow/.local/lib/python3.12/site-packages/airflow/example_dags/example_branch_operator.py
[2025-01-13T23:40:30.935+0000] {processor.py:925} INFO - DAG(s) 'example_branch_operator' retrieved from /home/airflow/.local/lib/python3.12/site-packages/airflow/example_dags/example_branch_operator.py
[2025-01-13T23:40:30.960+0000] {logging_mixin.py:190} INFO - [2025-01-13T23:40:30.960+0000] {dag.py:3239} INFO - Sync 1 DAGs
[2025-01-13T23:40:30.979+0000] {logging_mixin.py:190} INFO - [2025-01-13T23:40:30.979+0000] {dag.py:4180} INFO - Setting next_dagrun for example_branch_operator to 2025-01-12 00:00:00+00:00, run_after=2025-01-13 00:00:00+00:00
[2025-01-13T23:40:30.997+0000] {processor.py:208} INFO - Processing /home/airflow/.local/lib/python3.12/site-packages/airflow/example_dags/example_branch_operator.py took 0.086 seconds
[2025-01-13T23:41:01.651+0000] {processor.py:186} INFO - Started process (PID=1992) to work on /home/airflow/.local/lib/python3.12/site-packages/airflow/example_dags/example_branch_operator.py
[2025-01-13T23:41:01.653+0000] {processor.py:914} INFO - Processing file /home/airflow/.local/lib/python3.12/site-packages/airflow/example_dags/example_branch_operator.py for tasks to queue
[2025-01-13T23:41:01.656+0000] {logging_mixin.py:190} INFO - [2025-01-13T23:41:01.655+0000] {dagbag.py:588} INFO - Filling up the DagBag from /home/airflow/.local/lib/python3.12/site-packages/airflow/example_dags/example_branch_operator.py
[2025-01-13T23:41:01.673+0000] {processor.py:925} INFO - DAG(s) 'example_branch_operator' retrieved from /home/airflow/.local/lib/python3.12/site-packages/airflow/example_dags/example_branch_operator.py
[2025-01-13T23:41:01.704+0000] {logging_mixin.py:190} INFO - [2025-01-13T23:41:01.704+0000] {dag.py:3239} INFO - Sync 1 DAGs
[2025-01-13T23:41:01.728+0000] {logging_mixin.py:190} INFO - [2025-01-13T23:41:01.727+0000] {dag.py:4180} INFO - Setting next_dagrun for example_branch_operator to 2025-01-12 00:00:00+00:00, run_after=2025-01-13 00:00:00+00:00
[2025-01-13T23:41:01.749+0000] {processor.py:208} INFO - Processing /home/airflow/.local/lib/python3.12/site-packages/airflow/example_dags/example_branch_operator.py took 0.102 seconds
[2025-01-13T23:41:31.858+0000] {processor.py:186} INFO - Started process (PID=2056) to work on /home/airflow/.local/lib/python3.12/site-packages/airflow/example_dags/example_branch_operator.py
[2025-01-13T23:41:31.860+0000] {processor.py:914} INFO - Processing file /home/airflow/.local/lib/python3.12/site-packages/airflow/example_dags/example_branch_operator.py for tasks to queue
[2025-01-13T23:41:31.862+0000] {logging_mixin.py:190} INFO - [2025-01-13T23:41:31.862+0000] {dagbag.py:588} INFO - Filling up the DagBag from /home/airflow/.local/lib/python3.12/site-packages/airflow/example_dags/example_branch_operator.py
[2025-01-13T23:41:31.883+0000] {processor.py:925} INFO - DAG(s) 'example_branch_operator' retrieved from /home/airflow/.local/lib/python3.12/site-packages/airflow/example_dags/example_branch_operator.py
[2025-01-13T23:41:31.920+0000] {logging_mixin.py:190} INFO - [2025-01-13T23:41:31.920+0000] {dag.py:3239} INFO - Sync 1 DAGs
[2025-01-13T23:41:31.950+0000] {logging_mixin.py:190} INFO - [2025-01-13T23:41:31.950+0000] {dag.py:4180} INFO - Setting next_dagrun for example_branch_operator to 2025-01-12 00:00:00+00:00, run_after=2025-01-13 00:00:00+00:00
[2025-01-13T23:41:31.974+0000] {processor.py:208} INFO - Processing /home/airflow/.local/lib/python3.12/site-packages/airflow/example_dags/example_branch_operator.py took 0.122 seconds
[2025-01-13T23:42:02.036+0000] {processor.py:186} INFO - Started process (PID=2120) to work on /home/airflow/.local/lib/python3.12/site-packages/airflow/example_dags/example_branch_operator.py
[2025-01-13T23:42:02.038+0000] {processor.py:914} INFO - Processing file /home/airflow/.local/lib/python3.12/site-packages/airflow/example_dags/example_branch_operator.py for tasks to queue
[2025-01-13T23:42:02.042+0000] {logging_mixin.py:190} INFO - [2025-01-13T23:42:02.041+0000] {dagbag.py:588} INFO - Filling up the DagBag from /home/airflow/.local/lib/python3.12/site-packages/airflow/example_dags/example_branch_operator.py
[2025-01-13T23:42:02.060+0000] {processor.py:925} INFO - DAG(s) 'example_branch_operator' retrieved from /home/airflow/.local/lib/python3.12/site-packages/airflow/example_dags/example_branch_operator.py
[2025-01-13T23:42:02.094+0000] {logging_mixin.py:190} INFO - [2025-01-13T23:42:02.094+0000] {dag.py:3239} INFO - Sync 1 DAGs
[2025-01-13T23:42:02.122+0000] {logging_mixin.py:190} INFO - [2025-01-13T23:42:02.122+0000] {dag.py:4180} INFO - Setting next_dagrun for example_branch_operator to 2025-01-12 00:00:00+00:00, run_after=2025-01-13 00:00:00+00:00
[2025-01-13T23:42:02.149+0000] {processor.py:208} INFO - Processing /home/airflow/.local/lib/python3.12/site-packages/airflow/example_dags/example_branch_operator.py took 0.121 seconds
[2025-01-13T23:42:33.033+0000] {processor.py:186} INFO - Started process (PID=2184) to work on /home/airflow/.local/lib/python3.12/site-packages/airflow/example_dags/example_branch_operator.py
[2025-01-13T23:42:33.034+0000] {processor.py:914} INFO - Processing file /home/airflow/.local/lib/python3.12/site-packages/airflow/example_dags/example_branch_operator.py for tasks to queue
[2025-01-13T23:42:33.036+0000] {logging_mixin.py:190} INFO - [2025-01-13T23:42:33.036+0000] {dagbag.py:588} INFO - Filling up the DagBag from /home/airflow/.local/lib/python3.12/site-packages/airflow/example_dags/example_branch_operator.py
[2025-01-13T23:42:33.050+0000] {processor.py:925} INFO - DAG(s) 'example_branch_operator' retrieved from /home/airflow/.local/lib/python3.12/site-packages/airflow/example_dags/example_branch_operator.py
[2025-01-13T23:42:33.075+0000] {logging_mixin.py:190} INFO - [2025-01-13T23:42:33.075+0000] {dag.py:3239} INFO - Sync 1 DAGs
[2025-01-13T23:42:33.114+0000] {logging_mixin.py:190} INFO - [2025-01-13T23:42:33.114+0000] {dag.py:4180} INFO - Setting next_dagrun for example_branch_operator to 2025-01-12 00:00:00+00:00, run_after=2025-01-13 00:00:00+00:00
[2025-01-13T23:42:33.130+0000] {processor.py:208} INFO - Processing /home/airflow/.local/lib/python3.12/site-packages/airflow/example_dags/example_branch_operator.py took 0.102 seconds
[2025-01-13T23:43:03.801+0000] {processor.py:186} INFO - Started process (PID=2247) to work on /home/airflow/.local/lib/python3.12/site-packages/airflow/example_dags/example_branch_operator.py
[2025-01-13T23:43:03.802+0000] {processor.py:914} INFO - Processing file /home/airflow/.local/lib/python3.12/site-packages/airflow/example_dags/example_branch_operator.py for tasks to queue
[2025-01-13T23:43:03.805+0000] {logging_mixin.py:190} INFO - [2025-01-13T23:43:03.804+0000] {dagbag.py:588} INFO - Filling up the DagBag from /home/airflow/.local/lib/python3.12/site-packages/airflow/example_dags/example_branch_operator.py
[2025-01-13T23:43:03.818+0000] {processor.py:925} INFO - DAG(s) 'example_branch_operator' retrieved from /home/airflow/.local/lib/python3.12/site-packages/airflow/example_dags/example_branch_operator.py
[2025-01-13T23:43:03.844+0000] {logging_mixin.py:190} INFO - [2025-01-13T23:43:03.844+0000] {dag.py:3239} INFO - Sync 1 DAGs
[2025-01-13T23:43:03.861+0000] {logging_mixin.py:190} INFO - [2025-01-13T23:43:03.861+0000] {dag.py:4180} INFO - Setting next_dagrun for example_branch_operator to 2025-01-12 00:00:00+00:00, run_after=2025-01-13 00:00:00+00:00
[2025-01-13T23:43:03.880+0000] {processor.py:208} INFO - Processing /home/airflow/.local/lib/python3.12/site-packages/airflow/example_dags/example_branch_operator.py took 0.084 seconds
[2025-01-13T23:43:34.071+0000] {processor.py:186} INFO - Started process (PID=2311) to work on /home/airflow/.local/lib/python3.12/site-packages/airflow/example_dags/example_branch_operator.py
[2025-01-13T23:43:34.073+0000] {processor.py:914} INFO - Processing file /home/airflow/.local/lib/python3.12/site-packages/airflow/example_dags/example_branch_operator.py for tasks to queue
[2025-01-13T23:43:34.076+0000] {logging_mixin.py:190} INFO - [2025-01-13T23:43:34.076+0000] {dagbag.py:588} INFO - Filling up the DagBag from /home/airflow/.local/lib/python3.12/site-packages/airflow/example_dags/example_branch_operator.py
[2025-01-13T23:43:34.091+0000] {processor.py:925} INFO - DAG(s) 'example_branch_operator' retrieved from /home/airflow/.local/lib/python3.12/site-packages/airflow/example_dags/example_branch_operator.py
[2025-01-13T23:43:34.120+0000] {logging_mixin.py:190} INFO - [2025-01-13T23:43:34.119+0000] {dag.py:3239} INFO - Sync 1 DAGs
[2025-01-13T23:43:34.140+0000] {logging_mixin.py:190} INFO - [2025-01-13T23:43:34.140+0000] {dag.py:4180} INFO - Setting next_dagrun for example_branch_operator to 2025-01-12 00:00:00+00:00, run_after=2025-01-13 00:00:00+00:00
[2025-01-13T23:43:34.160+0000] {processor.py:208} INFO - Processing /home/airflow/.local/lib/python3.12/site-packages/airflow/example_dags/example_branch_operator.py took 0.092 seconds
[2025-01-13T23:44:04.366+0000] {processor.py:186} INFO - Started process (PID=2375) to work on /home/airflow/.local/lib/python3.12/site-packages/airflow/example_dags/example_branch_operator.py
[2025-01-13T23:44:04.367+0000] {processor.py:914} INFO - Processing file /home/airflow/.local/lib/python3.12/site-packages/airflow/example_dags/example_branch_operator.py for tasks to queue
[2025-01-13T23:44:04.369+0000] {logging_mixin.py:190} INFO - [2025-01-13T23:44:04.368+0000] {dagbag.py:588} INFO - Filling up the DagBag from /home/airflow/.local/lib/python3.12/site-packages/airflow/example_dags/example_branch_operator.py
[2025-01-13T23:44:04.384+0000] {processor.py:925} INFO - DAG(s) 'example_branch_operator' retrieved from /home/airflow/.local/lib/python3.12/site-packages/airflow/example_dags/example_branch_operator.py
[2025-01-13T23:44:04.412+0000] {logging_mixin.py:190} INFO - [2025-01-13T23:44:04.411+0000] {dag.py:3239} INFO - Sync 1 DAGs
[2025-01-13T23:44:04.435+0000] {logging_mixin.py:190} INFO - [2025-01-13T23:44:04.435+0000] {dag.py:4180} INFO - Setting next_dagrun for example_branch_operator to 2025-01-12 00:00:00+00:00, run_after=2025-01-13 00:00:00+00:00
[2025-01-13T23:44:04.451+0000] {processor.py:208} INFO - Processing /home/airflow/.local/lib/python3.12/site-packages/airflow/example_dags/example_branch_operator.py took 0.090 seconds
[2025-01-13T23:44:34.714+0000] {processor.py:186} INFO - Started process (PID=2439) to work on /home/airflow/.local/lib/python3.12/site-packages/airflow/example_dags/example_branch_operator.py
[2025-01-13T23:44:34.716+0000] {processor.py:914} INFO - Processing file /home/airflow/.local/lib/python3.12/site-packages/airflow/example_dags/example_branch_operator.py for tasks to queue
[2025-01-13T23:44:34.717+0000] {logging_mixin.py:190} INFO - [2025-01-13T23:44:34.717+0000] {dagbag.py:588} INFO - Filling up the DagBag from /home/airflow/.local/lib/python3.12/site-packages/airflow/example_dags/example_branch_operator.py
[2025-01-13T23:44:34.732+0000] {processor.py:925} INFO - DAG(s) 'example_branch_operator' retrieved from /home/airflow/.local/lib/python3.12/site-packages/airflow/example_dags/example_branch_operator.py
[2025-01-13T23:44:34.755+0000] {logging_mixin.py:190} INFO - [2025-01-13T23:44:34.755+0000] {dag.py:3239} INFO - Sync 1 DAGs
[2025-01-13T23:44:34.773+0000] {logging_mixin.py:190} INFO - [2025-01-13T23:44:34.772+0000] {dag.py:4180} INFO - Setting next_dagrun for example_branch_operator to 2025-01-12 00:00:00+00:00, run_after=2025-01-13 00:00:00+00:00
[2025-01-13T23:44:34.792+0000] {processor.py:208} INFO - Processing /home/airflow/.local/lib/python3.12/site-packages/airflow/example_dags/example_branch_operator.py took 0.081 seconds
[2025-01-13T23:45:04.968+0000] {processor.py:186} INFO - Started process (PID=2502) to work on /home/airflow/.local/lib/python3.12/site-packages/airflow/example_dags/example_branch_operator.py
[2025-01-13T23:45:04.969+0000] {processor.py:914} INFO - Processing file /home/airflow/.local/lib/python3.12/site-packages/airflow/example_dags/example_branch_operator.py for tasks to queue
[2025-01-13T23:45:04.971+0000] {logging_mixin.py:190} INFO - [2025-01-13T23:45:04.970+0000] {dagbag.py:588} INFO - Filling up the DagBag from /home/airflow/.local/lib/python3.12/site-packages/airflow/example_dags/example_branch_operator.py
[2025-01-13T23:45:04.985+0000] {processor.py:925} INFO - DAG(s) 'example_branch_operator' retrieved from /home/airflow/.local/lib/python3.12/site-packages/airflow/example_dags/example_branch_operator.py
[2025-01-13T23:45:05.008+0000] {logging_mixin.py:190} INFO - [2025-01-13T23:45:05.008+0000] {dag.py:3239} INFO - Sync 1 DAGs
[2025-01-13T23:45:05.024+0000] {logging_mixin.py:190} INFO - [2025-01-13T23:45:05.023+0000] {dag.py:4180} INFO - Setting next_dagrun for example_branch_operator to 2025-01-12 00:00:00+00:00, run_after=2025-01-13 00:00:00+00:00
[2025-01-13T23:45:05.046+0000] {processor.py:208} INFO - Processing /home/airflow/.local/lib/python3.12/site-packages/airflow/example_dags/example_branch_operator.py took 0.084 seconds
[2025-01-13T23:45:35.096+0000] {processor.py:186} INFO - Started process (PID=2566) to work on /home/airflow/.local/lib/python3.12/site-packages/airflow/example_dags/example_branch_operator.py
[2025-01-13T23:45:35.097+0000] {processor.py:914} INFO - Processing file /home/airflow/.local/lib/python3.12/site-packages/airflow/example_dags/example_branch_operator.py for tasks to queue
[2025-01-13T23:45:35.099+0000] {logging_mixin.py:190} INFO - [2025-01-13T23:45:35.099+0000] {dagbag.py:588} INFO - Filling up the DagBag from /home/airflow/.local/lib/python3.12/site-packages/airflow/example_dags/example_branch_operator.py
[2025-01-13T23:45:35.114+0000] {processor.py:925} INFO - DAG(s) 'example_branch_operator' retrieved from /home/airflow/.local/lib/python3.12/site-packages/airflow/example_dags/example_branch_operator.py
[2025-01-13T23:45:35.135+0000] {logging_mixin.py:190} INFO - [2025-01-13T23:45:35.135+0000] {dag.py:3239} INFO - Sync 1 DAGs
[2025-01-13T23:45:35.151+0000] {logging_mixin.py:190} INFO - [2025-01-13T23:45:35.151+0000] {dag.py:4180} INFO - Setting next_dagrun for example_branch_operator to 2025-01-12 00:00:00+00:00, run_after=2025-01-13 00:00:00+00:00
[2025-01-13T23:45:35.167+0000] {processor.py:208} INFO - Processing /home/airflow/.local/lib/python3.12/site-packages/airflow/example_dags/example_branch_operator.py took 0.074 seconds
[2025-01-13T23:46:05.800+0000] {processor.py:186} INFO - Started process (PID=2630) to work on /home/airflow/.local/lib/python3.12/site-packages/airflow/example_dags/example_branch_operator.py
[2025-01-13T23:46:05.802+0000] {processor.py:914} INFO - Processing file /home/airflow/.local/lib/python3.12/site-packages/airflow/example_dags/example_branch_operator.py for tasks to queue
[2025-01-13T23:46:05.803+0000] {logging_mixin.py:190} INFO - [2025-01-13T23:46:05.803+0000] {dagbag.py:588} INFO - Filling up the DagBag from /home/airflow/.local/lib/python3.12/site-packages/airflow/example_dags/example_branch_operator.py
[2025-01-13T23:46:05.815+0000] {processor.py:925} INFO - DAG(s) 'example_branch_operator' retrieved from /home/airflow/.local/lib/python3.12/site-packages/airflow/example_dags/example_branch_operator.py
[2025-01-13T23:46:05.833+0000] {logging_mixin.py:190} INFO - [2025-01-13T23:46:05.833+0000] {dag.py:3239} INFO - Sync 1 DAGs
[2025-01-13T23:46:05.849+0000] {logging_mixin.py:190} INFO - [2025-01-13T23:46:05.849+0000] {dag.py:4180} INFO - Setting next_dagrun for example_branch_operator to 2025-01-12 00:00:00+00:00, run_after=2025-01-13 00:00:00+00:00
[2025-01-13T23:46:05.863+0000] {processor.py:208} INFO - Processing /home/airflow/.local/lib/python3.12/site-packages/airflow/example_dags/example_branch_operator.py took 0.066 seconds
[2025-01-13T23:46:36.142+0000] {processor.py:186} INFO - Started process (PID=2693) to work on /home/airflow/.local/lib/python3.12/site-packages/airflow/example_dags/example_branch_operator.py
[2025-01-13T23:46:36.143+0000] {processor.py:914} INFO - Processing file /home/airflow/.local/lib/python3.12/site-packages/airflow/example_dags/example_branch_operator.py for tasks to queue
[2025-01-13T23:46:36.145+0000] {logging_mixin.py:190} INFO - [2025-01-13T23:46:36.145+0000] {dagbag.py:588} INFO - Filling up the DagBag from /home/airflow/.local/lib/python3.12/site-packages/airflow/example_dags/example_branch_operator.py
[2025-01-13T23:46:36.158+0000] {processor.py:925} INFO - DAG(s) 'example_branch_operator' retrieved from /home/airflow/.local/lib/python3.12/site-packages/airflow/example_dags/example_branch_operator.py
[2025-01-13T23:46:36.180+0000] {logging_mixin.py:190} INFO - [2025-01-13T23:46:36.180+0000] {dag.py:3239} INFO - Sync 1 DAGs
[2025-01-13T23:46:36.198+0000] {logging_mixin.py:190} INFO - [2025-01-13T23:46:36.198+0000] {dag.py:4180} INFO - Setting next_dagrun for example_branch_operator to 2025-01-12 00:00:00+00:00, run_after=2025-01-13 00:00:00+00:00
[2025-01-13T23:46:36.213+0000] {processor.py:208} INFO - Processing /home/airflow/.local/lib/python3.12/site-packages/airflow/example_dags/example_branch_operator.py took 0.075 seconds
[2025-01-13T23:47:06.839+0000] {processor.py:186} INFO - Started process (PID=2757) to work on /home/airflow/.local/lib/python3.12/site-packages/airflow/example_dags/example_branch_operator.py
[2025-01-13T23:47:06.840+0000] {processor.py:914} INFO - Processing file /home/airflow/.local/lib/python3.12/site-packages/airflow/example_dags/example_branch_operator.py for tasks to queue
[2025-01-13T23:47:06.842+0000] {logging_mixin.py:190} INFO - [2025-01-13T23:47:06.842+0000] {dagbag.py:588} INFO - Filling up the DagBag from /home/airflow/.local/lib/python3.12/site-packages/airflow/example_dags/example_branch_operator.py
[2025-01-13T23:47:06.856+0000] {processor.py:925} INFO - DAG(s) 'example_branch_operator' retrieved from /home/airflow/.local/lib/python3.12/site-packages/airflow/example_dags/example_branch_operator.py
[2025-01-13T23:47:06.879+0000] {logging_mixin.py:190} INFO - [2025-01-13T23:47:06.879+0000] {dag.py:3239} INFO - Sync 1 DAGs
[2025-01-13T23:47:06.897+0000] {logging_mixin.py:190} INFO - [2025-01-13T23:47:06.897+0000] {dag.py:4180} INFO - Setting next_dagrun for example_branch_operator to 2025-01-12 00:00:00+00:00, run_after=2025-01-13 00:00:00+00:00
[2025-01-13T23:47:07.045+0000] {processor.py:208} INFO - Processing /home/airflow/.local/lib/python3.12/site-packages/airflow/example_dags/example_branch_operator.py took 0.209 seconds
[2025-01-13T23:47:37.265+0000] {processor.py:186} INFO - Started process (PID=2822) to work on /home/airflow/.local/lib/python3.12/site-packages/airflow/example_dags/example_branch_operator.py
[2025-01-13T23:47:37.266+0000] {processor.py:914} INFO - Processing file /home/airflow/.local/lib/python3.12/site-packages/airflow/example_dags/example_branch_operator.py for tasks to queue
[2025-01-13T23:47:37.268+0000] {logging_mixin.py:190} INFO - [2025-01-13T23:47:37.267+0000] {dagbag.py:588} INFO - Filling up the DagBag from /home/airflow/.local/lib/python3.12/site-packages/airflow/example_dags/example_branch_operator.py
[2025-01-13T23:47:37.279+0000] {processor.py:925} INFO - DAG(s) 'example_branch_operator' retrieved from /home/airflow/.local/lib/python3.12/site-packages/airflow/example_dags/example_branch_operator.py
[2025-01-13T23:47:37.297+0000] {logging_mixin.py:190} INFO - [2025-01-13T23:47:37.297+0000] {dag.py:3239} INFO - Sync 1 DAGs
[2025-01-13T23:47:37.312+0000] {logging_mixin.py:190} INFO - [2025-01-13T23:47:37.312+0000] {dag.py:4180} INFO - Setting next_dagrun for example_branch_operator to 2025-01-12 00:00:00+00:00, run_after=2025-01-13 00:00:00+00:00
[2025-01-13T23:47:37.324+0000] {processor.py:208} INFO - Processing /home/airflow/.local/lib/python3.12/site-packages/airflow/example_dags/example_branch_operator.py took 0.063 seconds
[2025-01-13T23:48:08.038+0000] {processor.py:186} INFO - Started process (PID=2885) to work on /home/airflow/.local/lib/python3.12/site-packages/airflow/example_dags/example_branch_operator.py
[2025-01-13T23:48:08.040+0000] {processor.py:914} INFO - Processing file /home/airflow/.local/lib/python3.12/site-packages/airflow/example_dags/example_branch_operator.py for tasks to queue
[2025-01-13T23:48:08.042+0000] {logging_mixin.py:190} INFO - [2025-01-13T23:48:08.042+0000] {dagbag.py:588} INFO - Filling up the DagBag from /home/airflow/.local/lib/python3.12/site-packages/airflow/example_dags/example_branch_operator.py
[2025-01-13T23:48:08.054+0000] {processor.py:925} INFO - DAG(s) 'example_branch_operator' retrieved from /home/airflow/.local/lib/python3.12/site-packages/airflow/example_dags/example_branch_operator.py
[2025-01-13T23:48:08.076+0000] {logging_mixin.py:190} INFO - [2025-01-13T23:48:08.076+0000] {dag.py:3239} INFO - Sync 1 DAGs
[2025-01-13T23:48:08.094+0000] {logging_mixin.py:190} INFO - [2025-01-13T23:48:08.094+0000] {dag.py:4180} INFO - Setting next_dagrun for example_branch_operator to 2025-01-12 00:00:00+00:00, run_after=2025-01-13 00:00:00+00:00
[2025-01-13T23:48:08.112+0000] {processor.py:208} INFO - Processing /home/airflow/.local/lib/python3.12/site-packages/airflow/example_dags/example_branch_operator.py took 0.080 seconds
[2025-01-13T23:48:38.725+0000] {processor.py:186} INFO - Started process (PID=2949) to work on /home/airflow/.local/lib/python3.12/site-packages/airflow/example_dags/example_branch_operator.py
[2025-01-13T23:48:38.727+0000] {processor.py:914} INFO - Processing file /home/airflow/.local/lib/python3.12/site-packages/airflow/example_dags/example_branch_operator.py for tasks to queue
[2025-01-13T23:48:38.729+0000] {logging_mixin.py:190} INFO - [2025-01-13T23:48:38.729+0000] {dagbag.py:588} INFO - Filling up the DagBag from /home/airflow/.local/lib/python3.12/site-packages/airflow/example_dags/example_branch_operator.py
[2025-01-13T23:48:38.743+0000] {processor.py:925} INFO - DAG(s) 'example_branch_operator' retrieved from /home/airflow/.local/lib/python3.12/site-packages/airflow/example_dags/example_branch_operator.py
[2025-01-13T23:48:38.772+0000] {logging_mixin.py:190} INFO - [2025-01-13T23:48:38.772+0000] {dag.py:3239} INFO - Sync 1 DAGs
[2025-01-13T23:48:38.791+0000] {logging_mixin.py:190} INFO - [2025-01-13T23:48:38.791+0000] {dag.py:4180} INFO - Setting next_dagrun for example_branch_operator to 2025-01-12 00:00:00+00:00, run_after=2025-01-13 00:00:00+00:00
[2025-01-13T23:48:38.808+0000] {processor.py:208} INFO - Processing /home/airflow/.local/lib/python3.12/site-packages/airflow/example_dags/example_branch_operator.py took 0.089 seconds
[2025-01-13T23:49:10.152+0000] {processor.py:186} INFO - Started process (PID=3009) to work on /home/airflow/.local/lib/python3.12/site-packages/airflow/example_dags/example_branch_operator.py
[2025-01-13T23:49:10.153+0000] {processor.py:914} INFO - Processing file /home/airflow/.local/lib/python3.12/site-packages/airflow/example_dags/example_branch_operator.py for tasks to queue
[2025-01-13T23:49:10.157+0000] {logging_mixin.py:190} INFO - [2025-01-13T23:49:10.156+0000] {dagbag.py:588} INFO - Filling up the DagBag from /home/airflow/.local/lib/python3.12/site-packages/airflow/example_dags/example_branch_operator.py
[2025-01-13T23:49:10.173+0000] {processor.py:925} INFO - DAG(s) 'example_branch_operator' retrieved from /home/airflow/.local/lib/python3.12/site-packages/airflow/example_dags/example_branch_operator.py
[2025-01-13T23:49:10.202+0000] {logging_mixin.py:190} INFO - [2025-01-13T23:49:10.202+0000] {dag.py:3239} INFO - Sync 1 DAGs
[2025-01-13T23:49:10.403+0000] {logging_mixin.py:190} INFO - [2025-01-13T23:49:10.403+0000] {dag.py:4180} INFO - Setting next_dagrun for example_branch_operator to 2025-01-12 00:00:00+00:00, run_after=2025-01-13 00:00:00+00:00
[2025-01-13T23:49:10.428+0000] {processor.py:208} INFO - Processing /home/airflow/.local/lib/python3.12/site-packages/airflow/example_dags/example_branch_operator.py took 0.281 seconds
[2025-01-13T23:49:41.139+0000] {processor.py:186} INFO - Started process (PID=3073) to work on /home/airflow/.local/lib/python3.12/site-packages/airflow/example_dags/example_branch_operator.py
[2025-01-13T23:49:41.140+0000] {processor.py:914} INFO - Processing file /home/airflow/.local/lib/python3.12/site-packages/airflow/example_dags/example_branch_operator.py for tasks to queue
[2025-01-13T23:49:41.142+0000] {logging_mixin.py:190} INFO - [2025-01-13T23:49:41.142+0000] {dagbag.py:588} INFO - Filling up the DagBag from /home/airflow/.local/lib/python3.12/site-packages/airflow/example_dags/example_branch_operator.py
[2025-01-13T23:49:41.154+0000] {processor.py:925} INFO - DAG(s) 'example_branch_operator' retrieved from /home/airflow/.local/lib/python3.12/site-packages/airflow/example_dags/example_branch_operator.py
[2025-01-13T23:49:41.173+0000] {logging_mixin.py:190} INFO - [2025-01-13T23:49:41.173+0000] {dag.py:3239} INFO - Sync 1 DAGs
[2025-01-13T23:49:41.315+0000] {logging_mixin.py:190} INFO - [2025-01-13T23:49:41.315+0000] {dag.py:4180} INFO - Setting next_dagrun for example_branch_operator to 2025-01-12 00:00:00+00:00, run_after=2025-01-13 00:00:00+00:00
[2025-01-13T23:49:41.329+0000] {processor.py:208} INFO - Processing /home/airflow/.local/lib/python3.12/site-packages/airflow/example_dags/example_branch_operator.py took 0.194 seconds
[2025-01-13T23:50:11.483+0000] {processor.py:186} INFO - Started process (PID=3137) to work on /home/airflow/.local/lib/python3.12/site-packages/airflow/example_dags/example_branch_operator.py
[2025-01-13T23:50:11.485+0000] {processor.py:914} INFO - Processing file /home/airflow/.local/lib/python3.12/site-packages/airflow/example_dags/example_branch_operator.py for tasks to queue
[2025-01-13T23:50:11.488+0000] {logging_mixin.py:190} INFO - [2025-01-13T23:50:11.488+0000] {dagbag.py:588} INFO - Filling up the DagBag from /home/airflow/.local/lib/python3.12/site-packages/airflow/example_dags/example_branch_operator.py
[2025-01-13T23:50:11.503+0000] {processor.py:925} INFO - DAG(s) 'example_branch_operator' retrieved from /home/airflow/.local/lib/python3.12/site-packages/airflow/example_dags/example_branch_operator.py
[2025-01-13T23:50:11.524+0000] {logging_mixin.py:190} INFO - [2025-01-13T23:50:11.524+0000] {dag.py:3239} INFO - Sync 1 DAGs
[2025-01-13T23:50:11.703+0000] {logging_mixin.py:190} INFO - [2025-01-13T23:50:11.703+0000] {dag.py:4180} INFO - Setting next_dagrun for example_branch_operator to 2025-01-12 00:00:00+00:00, run_after=2025-01-13 00:00:00+00:00
[2025-01-13T23:50:11.718+0000] {processor.py:208} INFO - Processing /home/airflow/.local/lib/python3.12/site-packages/airflow/example_dags/example_branch_operator.py took 0.240 seconds
[2025-01-13T23:50:42.908+0000] {processor.py:186} INFO - Started process (PID=3199) to work on /home/airflow/.local/lib/python3.12/site-packages/airflow/example_dags/example_branch_operator.py
[2025-01-13T23:50:42.910+0000] {processor.py:914} INFO - Processing file /home/airflow/.local/lib/python3.12/site-packages/airflow/example_dags/example_branch_operator.py for tasks to queue
[2025-01-13T23:50:42.912+0000] {logging_mixin.py:190} INFO - [2025-01-13T23:50:42.912+0000] {dagbag.py:588} INFO - Filling up the DagBag from /home/airflow/.local/lib/python3.12/site-packages/airflow/example_dags/example_branch_operator.py
[2025-01-13T23:50:42.939+0000] {processor.py:925} INFO - DAG(s) 'example_branch_operator' retrieved from /home/airflow/.local/lib/python3.12/site-packages/airflow/example_dags/example_branch_operator.py
[2025-01-13T23:50:42.977+0000] {logging_mixin.py:190} INFO - [2025-01-13T23:50:42.976+0000] {dag.py:3239} INFO - Sync 1 DAGs
[2025-01-13T23:50:43.007+0000] {logging_mixin.py:190} INFO - [2025-01-13T23:50:43.007+0000] {dag.py:4180} INFO - Setting next_dagrun for example_branch_operator to 2025-01-12 00:00:00+00:00, run_after=2025-01-13 00:00:00+00:00
[2025-01-13T23:50:43.033+0000] {processor.py:208} INFO - Processing /home/airflow/.local/lib/python3.12/site-packages/airflow/example_dags/example_branch_operator.py took 0.132 seconds
[2025-01-13T23:51:13.222+0000] {processor.py:186} INFO - Started process (PID=3263) to work on /home/airflow/.local/lib/python3.12/site-packages/airflow/example_dags/example_branch_operator.py
[2025-01-13T23:51:13.223+0000] {processor.py:914} INFO - Processing file /home/airflow/.local/lib/python3.12/site-packages/airflow/example_dags/example_branch_operator.py for tasks to queue
[2025-01-13T23:51:13.225+0000] {logging_mixin.py:190} INFO - [2025-01-13T23:51:13.225+0000] {dagbag.py:588} INFO - Filling up the DagBag from /home/airflow/.local/lib/python3.12/site-packages/airflow/example_dags/example_branch_operator.py
[2025-01-13T23:51:13.239+0000] {processor.py:925} INFO - DAG(s) 'example_branch_operator' retrieved from /home/airflow/.local/lib/python3.12/site-packages/airflow/example_dags/example_branch_operator.py
[2025-01-13T23:51:13.261+0000] {logging_mixin.py:190} INFO - [2025-01-13T23:51:13.261+0000] {dag.py:3239} INFO - Sync 1 DAGs
[2025-01-13T23:51:13.277+0000] {logging_mixin.py:190} INFO - [2025-01-13T23:51:13.277+0000] {dag.py:4180} INFO - Setting next_dagrun for example_branch_operator to 2025-01-12 00:00:00+00:00, run_after=2025-01-13 00:00:00+00:00
[2025-01-13T23:51:13.292+0000] {processor.py:208} INFO - Processing /home/airflow/.local/lib/python3.12/site-packages/airflow/example_dags/example_branch_operator.py took 0.074 seconds
[2025-01-13T23:51:43.680+0000] {processor.py:186} INFO - Started process (PID=3326) to work on /home/airflow/.local/lib/python3.12/site-packages/airflow/example_dags/example_branch_operator.py
[2025-01-13T23:51:43.682+0000] {processor.py:914} INFO - Processing file /home/airflow/.local/lib/python3.12/site-packages/airflow/example_dags/example_branch_operator.py for tasks to queue
[2025-01-13T23:51:43.685+0000] {logging_mixin.py:190} INFO - [2025-01-13T23:51:43.685+0000] {dagbag.py:588} INFO - Filling up the DagBag from /home/airflow/.local/lib/python3.12/site-packages/airflow/example_dags/example_branch_operator.py
[2025-01-13T23:51:43.697+0000] {processor.py:925} INFO - DAG(s) 'example_branch_operator' retrieved from /home/airflow/.local/lib/python3.12/site-packages/airflow/example_dags/example_branch_operator.py
[2025-01-13T23:51:43.718+0000] {logging_mixin.py:190} INFO - [2025-01-13T23:51:43.718+0000] {dag.py:3239} INFO - Sync 1 DAGs
[2025-01-13T23:51:43.737+0000] {logging_mixin.py:190} INFO - [2025-01-13T23:51:43.737+0000] {dag.py:4180} INFO - Setting next_dagrun for example_branch_operator to 2025-01-12 00:00:00+00:00, run_after=2025-01-13 00:00:00+00:00
[2025-01-13T23:51:43.752+0000] {processor.py:208} INFO - Processing /home/airflow/.local/lib/python3.12/site-packages/airflow/example_dags/example_branch_operator.py took 0.077 seconds
[2025-01-13T23:52:14.163+0000] {processor.py:186} INFO - Started process (PID=3383) to work on /home/airflow/.local/lib/python3.12/site-packages/airflow/example_dags/example_branch_operator.py
[2025-01-13T23:52:14.165+0000] {processor.py:914} INFO - Processing file /home/airflow/.local/lib/python3.12/site-packages/airflow/example_dags/example_branch_operator.py for tasks to queue
[2025-01-13T23:52:14.168+0000] {logging_mixin.py:190} INFO - [2025-01-13T23:52:14.167+0000] {dagbag.py:588} INFO - Filling up the DagBag from /home/airflow/.local/lib/python3.12/site-packages/airflow/example_dags/example_branch_operator.py
[2025-01-13T23:52:14.188+0000] {processor.py:925} INFO - DAG(s) 'example_branch_operator' retrieved from /home/airflow/.local/lib/python3.12/site-packages/airflow/example_dags/example_branch_operator.py
[2025-01-13T23:52:14.220+0000] {logging_mixin.py:190} INFO - [2025-01-13T23:52:14.220+0000] {dag.py:3239} INFO - Sync 1 DAGs
[2025-01-13T23:52:14.250+0000] {logging_mixin.py:190} INFO - [2025-01-13T23:52:14.249+0000] {dag.py:4180} INFO - Setting next_dagrun for example_branch_operator to 2025-01-12 00:00:00+00:00, run_after=2025-01-13 00:00:00+00:00
[2025-01-13T23:52:14.281+0000] {processor.py:208} INFO - Processing /home/airflow/.local/lib/python3.12/site-packages/airflow/example_dags/example_branch_operator.py took 0.123 seconds
[2025-01-13T23:52:44.638+0000] {processor.py:186} INFO - Started process (PID=3447) to work on /home/airflow/.local/lib/python3.12/site-packages/airflow/example_dags/example_branch_operator.py
[2025-01-13T23:52:44.639+0000] {processor.py:914} INFO - Processing file /home/airflow/.local/lib/python3.12/site-packages/airflow/example_dags/example_branch_operator.py for tasks to queue
[2025-01-13T23:52:44.641+0000] {logging_mixin.py:190} INFO - [2025-01-13T23:52:44.641+0000] {dagbag.py:588} INFO - Filling up the DagBag from /home/airflow/.local/lib/python3.12/site-packages/airflow/example_dags/example_branch_operator.py
[2025-01-13T23:52:44.652+0000] {processor.py:925} INFO - DAG(s) 'example_branch_operator' retrieved from /home/airflow/.local/lib/python3.12/site-packages/airflow/example_dags/example_branch_operator.py
[2025-01-13T23:52:44.670+0000] {logging_mixin.py:190} INFO - [2025-01-13T23:52:44.670+0000] {dag.py:3239} INFO - Sync 1 DAGs
[2025-01-13T23:52:44.686+0000] {logging_mixin.py:190} INFO - [2025-01-13T23:52:44.686+0000] {dag.py:4180} INFO - Setting next_dagrun for example_branch_operator to 2025-01-12 00:00:00+00:00, run_after=2025-01-13 00:00:00+00:00
[2025-01-13T23:52:44.701+0000] {processor.py:208} INFO - Processing /home/airflow/.local/lib/python3.12/site-packages/airflow/example_dags/example_branch_operator.py took 0.067 seconds
[2025-01-13T23:53:15.092+0000] {processor.py:186} INFO - Started process (PID=3511) to work on /home/airflow/.local/lib/python3.12/site-packages/airflow/example_dags/example_branch_operator.py
[2025-01-13T23:53:15.093+0000] {processor.py:914} INFO - Processing file /home/airflow/.local/lib/python3.12/site-packages/airflow/example_dags/example_branch_operator.py for tasks to queue
[2025-01-13T23:53:15.096+0000] {logging_mixin.py:190} INFO - [2025-01-13T23:53:15.096+0000] {dagbag.py:588} INFO - Filling up the DagBag from /home/airflow/.local/lib/python3.12/site-packages/airflow/example_dags/example_branch_operator.py
[2025-01-13T23:53:15.117+0000] {processor.py:925} INFO - DAG(s) 'example_branch_operator' retrieved from /home/airflow/.local/lib/python3.12/site-packages/airflow/example_dags/example_branch_operator.py
[2025-01-13T23:53:15.147+0000] {logging_mixin.py:190} INFO - [2025-01-13T23:53:15.147+0000] {dag.py:3239} INFO - Sync 1 DAGs
[2025-01-13T23:53:15.175+0000] {logging_mixin.py:190} INFO - [2025-01-13T23:53:15.175+0000] {dag.py:4180} INFO - Setting next_dagrun for example_branch_operator to 2025-01-12 00:00:00+00:00, run_after=2025-01-13 00:00:00+00:00
[2025-01-13T23:53:15.200+0000] {processor.py:208} INFO - Processing /home/airflow/.local/lib/python3.12/site-packages/airflow/example_dags/example_branch_operator.py took 0.113 seconds
[2025-01-13T23:53:45.859+0000] {processor.py:186} INFO - Started process (PID=3575) to work on /home/airflow/.local/lib/python3.12/site-packages/airflow/example_dags/example_branch_operator.py
[2025-01-13T23:53:45.860+0000] {processor.py:914} INFO - Processing file /home/airflow/.local/lib/python3.12/site-packages/airflow/example_dags/example_branch_operator.py for tasks to queue
[2025-01-13T23:53:45.863+0000] {logging_mixin.py:190} INFO - [2025-01-13T23:53:45.863+0000] {dagbag.py:588} INFO - Filling up the DagBag from /home/airflow/.local/lib/python3.12/site-packages/airflow/example_dags/example_branch_operator.py
[2025-01-13T23:53:45.878+0000] {processor.py:925} INFO - DAG(s) 'example_branch_operator' retrieved from /home/airflow/.local/lib/python3.12/site-packages/airflow/example_dags/example_branch_operator.py
[2025-01-13T23:53:45.905+0000] {logging_mixin.py:190} INFO - [2025-01-13T23:53:45.905+0000] {dag.py:3239} INFO - Sync 1 DAGs
[2025-01-13T23:53:45.928+0000] {logging_mixin.py:190} INFO - [2025-01-13T23:53:45.927+0000] {dag.py:4180} INFO - Setting next_dagrun for example_branch_operator to 2025-01-12 00:00:00+00:00, run_after=2025-01-13 00:00:00+00:00
[2025-01-13T23:53:45.949+0000] {processor.py:208} INFO - Processing /home/airflow/.local/lib/python3.12/site-packages/airflow/example_dags/example_branch_operator.py took 0.094 seconds
[2025-01-13T23:54:16.880+0000] {processor.py:186} INFO - Started process (PID=3639) to work on /home/airflow/.local/lib/python3.12/site-packages/airflow/example_dags/example_branch_operator.py
[2025-01-13T23:54:16.881+0000] {processor.py:914} INFO - Processing file /home/airflow/.local/lib/python3.12/site-packages/airflow/example_dags/example_branch_operator.py for tasks to queue
[2025-01-13T23:54:16.883+0000] {logging_mixin.py:190} INFO - [2025-01-13T23:54:16.882+0000] {dagbag.py:588} INFO - Filling up the DagBag from /home/airflow/.local/lib/python3.12/site-packages/airflow/example_dags/example_branch_operator.py
[2025-01-13T23:54:16.896+0000] {processor.py:925} INFO - DAG(s) 'example_branch_operator' retrieved from /home/airflow/.local/lib/python3.12/site-packages/airflow/example_dags/example_branch_operator.py
[2025-01-13T23:54:16.926+0000] {logging_mixin.py:190} INFO - [2025-01-13T23:54:16.926+0000] {dag.py:3239} INFO - Sync 1 DAGs
[2025-01-13T23:54:16.949+0000] {logging_mixin.py:190} INFO - [2025-01-13T23:54:16.949+0000] {dag.py:4180} INFO - Setting next_dagrun for example_branch_operator to 2025-01-12 00:00:00+00:00, run_after=2025-01-13 00:00:00+00:00
[2025-01-13T23:54:16.973+0000] {processor.py:208} INFO - Processing /home/airflow/.local/lib/python3.12/site-packages/airflow/example_dags/example_branch_operator.py took 0.099 seconds
[2025-01-13T23:54:47.778+0000] {processor.py:186} INFO - Started process (PID=3703) to work on /home/airflow/.local/lib/python3.12/site-packages/airflow/example_dags/example_branch_operator.py
[2025-01-13T23:54:47.779+0000] {processor.py:914} INFO - Processing file /home/airflow/.local/lib/python3.12/site-packages/airflow/example_dags/example_branch_operator.py for tasks to queue
[2025-01-13T23:54:47.783+0000] {logging_mixin.py:190} INFO - [2025-01-13T23:54:47.782+0000] {dagbag.py:588} INFO - Filling up the DagBag from /home/airflow/.local/lib/python3.12/site-packages/airflow/example_dags/example_branch_operator.py
[2025-01-13T23:54:47.807+0000] {processor.py:925} INFO - DAG(s) 'example_branch_operator' retrieved from /home/airflow/.local/lib/python3.12/site-packages/airflow/example_dags/example_branch_operator.py
[2025-01-13T23:54:47.834+0000] {logging_mixin.py:190} INFO - [2025-01-13T23:54:47.833+0000] {dag.py:3239} INFO - Sync 1 DAGs
[2025-01-13T23:54:47.860+0000] {logging_mixin.py:190} INFO - [2025-01-13T23:54:47.859+0000] {dag.py:4180} INFO - Setting next_dagrun for example_branch_operator to 2025-01-12 00:00:00+00:00, run_after=2025-01-13 00:00:00+00:00
[2025-01-13T23:54:47.881+0000] {processor.py:208} INFO - Processing /home/airflow/.local/lib/python3.12/site-packages/airflow/example_dags/example_branch_operator.py took 0.109 seconds
[2025-01-13T23:55:18.559+0000] {processor.py:186} INFO - Started process (PID=3768) to work on /home/airflow/.local/lib/python3.12/site-packages/airflow/example_dags/example_branch_operator.py
[2025-01-13T23:55:18.560+0000] {processor.py:914} INFO - Processing file /home/airflow/.local/lib/python3.12/site-packages/airflow/example_dags/example_branch_operator.py for tasks to queue
[2025-01-13T23:55:18.562+0000] {logging_mixin.py:190} INFO - [2025-01-13T23:55:18.562+0000] {dagbag.py:588} INFO - Filling up the DagBag from /home/airflow/.local/lib/python3.12/site-packages/airflow/example_dags/example_branch_operator.py
[2025-01-13T23:55:18.577+0000] {processor.py:925} INFO - DAG(s) 'example_branch_operator' retrieved from /home/airflow/.local/lib/python3.12/site-packages/airflow/example_dags/example_branch_operator.py
[2025-01-13T23:55:18.602+0000] {logging_mixin.py:190} INFO - [2025-01-13T23:55:18.601+0000] {dag.py:3239} INFO - Sync 1 DAGs
[2025-01-13T23:55:18.621+0000] {logging_mixin.py:190} INFO - [2025-01-13T23:55:18.621+0000] {dag.py:4180} INFO - Setting next_dagrun for example_branch_operator to 2025-01-12 00:00:00+00:00, run_after=2025-01-13 00:00:00+00:00
[2025-01-13T23:55:18.636+0000] {processor.py:208} INFO - Processing /home/airflow/.local/lib/python3.12/site-packages/airflow/example_dags/example_branch_operator.py took 0.082 seconds
[2025-01-13T23:55:49.156+0000] {processor.py:186} INFO - Started process (PID=3832) to work on /home/airflow/.local/lib/python3.12/site-packages/airflow/example_dags/example_branch_operator.py
[2025-01-13T23:55:49.158+0000] {processor.py:914} INFO - Processing file /home/airflow/.local/lib/python3.12/site-packages/airflow/example_dags/example_branch_operator.py for tasks to queue
[2025-01-13T23:55:49.161+0000] {logging_mixin.py:190} INFO - [2025-01-13T23:55:49.160+0000] {dagbag.py:588} INFO - Filling up the DagBag from /home/airflow/.local/lib/python3.12/site-packages/airflow/example_dags/example_branch_operator.py
[2025-01-13T23:55:49.184+0000] {processor.py:925} INFO - DAG(s) 'example_branch_operator' retrieved from /home/airflow/.local/lib/python3.12/site-packages/airflow/example_dags/example_branch_operator.py
[2025-01-13T23:55:49.216+0000] {logging_mixin.py:190} INFO - [2025-01-13T23:55:49.215+0000] {dag.py:3239} INFO - Sync 1 DAGs
[2025-01-13T23:55:49.242+0000] {logging_mixin.py:190} INFO - [2025-01-13T23:55:49.242+0000] {dag.py:4180} INFO - Setting next_dagrun for example_branch_operator to 2025-01-12 00:00:00+00:00, run_after=2025-01-13 00:00:00+00:00
[2025-01-13T23:55:49.265+0000] {processor.py:208} INFO - Processing /home/airflow/.local/lib/python3.12/site-packages/airflow/example_dags/example_branch_operator.py took 0.114 seconds
[2025-01-13T23:56:19.352+0000] {processor.py:186} INFO - Started process (PID=3896) to work on /home/airflow/.local/lib/python3.12/site-packages/airflow/example_dags/example_branch_operator.py
[2025-01-13T23:56:19.353+0000] {processor.py:914} INFO - Processing file /home/airflow/.local/lib/python3.12/site-packages/airflow/example_dags/example_branch_operator.py for tasks to queue
[2025-01-13T23:56:19.358+0000] {logging_mixin.py:190} INFO - [2025-01-13T23:56:19.358+0000] {dagbag.py:588} INFO - Filling up the DagBag from /home/airflow/.local/lib/python3.12/site-packages/airflow/example_dags/example_branch_operator.py
[2025-01-13T23:56:19.377+0000] {processor.py:925} INFO - DAG(s) 'example_branch_operator' retrieved from /home/airflow/.local/lib/python3.12/site-packages/airflow/example_dags/example_branch_operator.py
[2025-01-13T23:56:19.407+0000] {logging_mixin.py:190} INFO - [2025-01-13T23:56:19.406+0000] {dag.py:3239} INFO - Sync 1 DAGs
[2025-01-13T23:56:19.437+0000] {logging_mixin.py:190} INFO - [2025-01-13T23:56:19.437+0000] {dag.py:4180} INFO - Setting next_dagrun for example_branch_operator to 2025-01-12 00:00:00+00:00, run_after=2025-01-13 00:00:00+00:00
[2025-01-13T23:56:19.461+0000] {processor.py:208} INFO - Processing /home/airflow/.local/lib/python3.12/site-packages/airflow/example_dags/example_branch_operator.py took 0.116 seconds
[2025-01-13T23:56:49.827+0000] {processor.py:186} INFO - Started process (PID=3965) to work on /home/airflow/.local/lib/python3.12/site-packages/airflow/example_dags/example_branch_operator.py
[2025-01-13T23:56:49.828+0000] {processor.py:914} INFO - Processing file /home/airflow/.local/lib/python3.12/site-packages/airflow/example_dags/example_branch_operator.py for tasks to queue
[2025-01-13T23:56:49.831+0000] {logging_mixin.py:190} INFO - [2025-01-13T23:56:49.831+0000] {dagbag.py:588} INFO - Filling up the DagBag from /home/airflow/.local/lib/python3.12/site-packages/airflow/example_dags/example_branch_operator.py
[2025-01-13T23:56:49.857+0000] {processor.py:925} INFO - DAG(s) 'example_branch_operator' retrieved from /home/airflow/.local/lib/python3.12/site-packages/airflow/example_dags/example_branch_operator.py
[2025-01-13T23:56:49.900+0000] {logging_mixin.py:190} INFO - [2025-01-13T23:56:49.899+0000] {dag.py:3239} INFO - Sync 1 DAGs
[2025-01-13T23:56:49.933+0000] {logging_mixin.py:190} INFO - [2025-01-13T23:56:49.932+0000] {dag.py:4180} INFO - Setting next_dagrun for example_branch_operator to 2025-01-12 00:00:00+00:00, run_after=2025-01-13 00:00:00+00:00
[2025-01-13T23:56:49.958+0000] {processor.py:208} INFO - Processing /home/airflow/.local/lib/python3.12/site-packages/airflow/example_dags/example_branch_operator.py took 0.137 seconds
[2025-01-13T23:57:20.275+0000] {processor.py:186} INFO - Started process (PID=4029) to work on /home/airflow/.local/lib/python3.12/site-packages/airflow/example_dags/example_branch_operator.py
[2025-01-13T23:57:20.277+0000] {processor.py:914} INFO - Processing file /home/airflow/.local/lib/python3.12/site-packages/airflow/example_dags/example_branch_operator.py for tasks to queue
[2025-01-13T23:57:20.281+0000] {logging_mixin.py:190} INFO - [2025-01-13T23:57:20.280+0000] {dagbag.py:588} INFO - Filling up the DagBag from /home/airflow/.local/lib/python3.12/site-packages/airflow/example_dags/example_branch_operator.py
[2025-01-13T23:57:20.306+0000] {processor.py:925} INFO - DAG(s) 'example_branch_operator' retrieved from /home/airflow/.local/lib/python3.12/site-packages/airflow/example_dags/example_branch_operator.py
[2025-01-13T23:57:20.344+0000] {logging_mixin.py:190} INFO - [2025-01-13T23:57:20.343+0000] {dag.py:3239} INFO - Sync 1 DAGs
[2025-01-13T23:57:20.376+0000] {logging_mixin.py:190} INFO - [2025-01-13T23:57:20.375+0000] {dag.py:4180} INFO - Setting next_dagrun for example_branch_operator to 2025-01-12 00:00:00+00:00, run_after=2025-01-13 00:00:00+00:00
[2025-01-13T23:57:20.406+0000] {processor.py:208} INFO - Processing /home/airflow/.local/lib/python3.12/site-packages/airflow/example_dags/example_branch_operator.py took 0.138 seconds
[2025-01-13T23:57:50.675+0000] {processor.py:186} INFO - Started process (PID=4092) to work on /home/airflow/.local/lib/python3.12/site-packages/airflow/example_dags/example_branch_operator.py
[2025-01-13T23:57:50.677+0000] {processor.py:914} INFO - Processing file /home/airflow/.local/lib/python3.12/site-packages/airflow/example_dags/example_branch_operator.py for tasks to queue
[2025-01-13T23:57:50.680+0000] {logging_mixin.py:190} INFO - [2025-01-13T23:57:50.679+0000] {dagbag.py:588} INFO - Filling up the DagBag from /home/airflow/.local/lib/python3.12/site-packages/airflow/example_dags/example_branch_operator.py
[2025-01-13T23:57:50.695+0000] {processor.py:925} INFO - DAG(s) 'example_branch_operator' retrieved from /home/airflow/.local/lib/python3.12/site-packages/airflow/example_dags/example_branch_operator.py
[2025-01-13T23:57:50.721+0000] {logging_mixin.py:190} INFO - [2025-01-13T23:57:50.721+0000] {dag.py:3239} INFO - Sync 1 DAGs
[2025-01-13T23:57:50.741+0000] {logging_mixin.py:190} INFO - [2025-01-13T23:57:50.741+0000] {dag.py:4180} INFO - Setting next_dagrun for example_branch_operator to 2025-01-12 00:00:00+00:00, run_after=2025-01-13 00:00:00+00:00
[2025-01-13T23:57:50.758+0000] {processor.py:208} INFO - Processing /home/airflow/.local/lib/python3.12/site-packages/airflow/example_dags/example_branch_operator.py took 0.089 seconds
[2025-01-13T23:58:21.114+0000] {processor.py:186} INFO - Started process (PID=4155) to work on /home/airflow/.local/lib/python3.12/site-packages/airflow/example_dags/example_branch_operator.py
[2025-01-13T23:58:21.115+0000] {processor.py:914} INFO - Processing file /home/airflow/.local/lib/python3.12/site-packages/airflow/example_dags/example_branch_operator.py for tasks to queue
[2025-01-13T23:58:21.118+0000] {logging_mixin.py:190} INFO - [2025-01-13T23:58:21.118+0000] {dagbag.py:588} INFO - Filling up the DagBag from /home/airflow/.local/lib/python3.12/site-packages/airflow/example_dags/example_branch_operator.py
[2025-01-13T23:58:21.136+0000] {processor.py:925} INFO - DAG(s) 'example_branch_operator' retrieved from /home/airflow/.local/lib/python3.12/site-packages/airflow/example_dags/example_branch_operator.py
[2025-01-13T23:58:21.164+0000] {logging_mixin.py:190} INFO - [2025-01-13T23:58:21.164+0000] {dag.py:3239} INFO - Sync 1 DAGs
[2025-01-13T23:58:21.191+0000] {logging_mixin.py:190} INFO - [2025-01-13T23:58:21.191+0000] {dag.py:4180} INFO - Setting next_dagrun for example_branch_operator to 2025-01-12 00:00:00+00:00, run_after=2025-01-13 00:00:00+00:00
[2025-01-13T23:58:21.216+0000] {processor.py:208} INFO - Processing /home/airflow/.local/lib/python3.12/site-packages/airflow/example_dags/example_branch_operator.py took 0.107 seconds
[2025-01-13T23:58:51.886+0000] {processor.py:186} INFO - Started process (PID=4216) to work on /home/airflow/.local/lib/python3.12/site-packages/airflow/example_dags/example_branch_operator.py
[2025-01-13T23:58:51.887+0000] {processor.py:914} INFO - Processing file /home/airflow/.local/lib/python3.12/site-packages/airflow/example_dags/example_branch_operator.py for tasks to queue
[2025-01-13T23:58:51.892+0000] {logging_mixin.py:190} INFO - [2025-01-13T23:58:51.891+0000] {dagbag.py:588} INFO - Filling up the DagBag from /home/airflow/.local/lib/python3.12/site-packages/airflow/example_dags/example_branch_operator.py
[2025-01-13T23:58:51.905+0000] {processor.py:925} INFO - DAG(s) 'example_branch_operator' retrieved from /home/airflow/.local/lib/python3.12/site-packages/airflow/example_dags/example_branch_operator.py
[2025-01-13T23:58:51.930+0000] {logging_mixin.py:190} INFO - [2025-01-13T23:58:51.930+0000] {dag.py:3239} INFO - Sync 1 DAGs
[2025-01-13T23:58:51.953+0000] {logging_mixin.py:190} INFO - [2025-01-13T23:58:51.953+0000] {dag.py:4180} INFO - Setting next_dagrun for example_branch_operator to 2025-01-12 00:00:00+00:00, run_after=2025-01-13 00:00:00+00:00
[2025-01-13T23:58:51.972+0000] {processor.py:208} INFO - Processing /home/airflow/.local/lib/python3.12/site-packages/airflow/example_dags/example_branch_operator.py took 0.091 seconds
[2025-01-13T23:59:22.351+0000] {processor.py:186} INFO - Started process (PID=4280) to work on /home/airflow/.local/lib/python3.12/site-packages/airflow/example_dags/example_branch_operator.py
[2025-01-13T23:59:22.353+0000] {processor.py:914} INFO - Processing file /home/airflow/.local/lib/python3.12/site-packages/airflow/example_dags/example_branch_operator.py for tasks to queue
[2025-01-13T23:59:22.358+0000] {logging_mixin.py:190} INFO - [2025-01-13T23:59:22.357+0000] {dagbag.py:588} INFO - Filling up the DagBag from /home/airflow/.local/lib/python3.12/site-packages/airflow/example_dags/example_branch_operator.py
[2025-01-13T23:59:22.376+0000] {processor.py:925} INFO - DAG(s) 'example_branch_operator' retrieved from /home/airflow/.local/lib/python3.12/site-packages/airflow/example_dags/example_branch_operator.py
[2025-01-13T23:59:22.409+0000] {logging_mixin.py:190} INFO - [2025-01-13T23:59:22.409+0000] {dag.py:3239} INFO - Sync 1 DAGs
[2025-01-13T23:59:22.435+0000] {logging_mixin.py:190} INFO - [2025-01-13T23:59:22.435+0000] {dag.py:4180} INFO - Setting next_dagrun for example_branch_operator to 2025-01-12 00:00:00+00:00, run_after=2025-01-13 00:00:00+00:00
[2025-01-13T23:59:22.463+0000] {processor.py:208} INFO - Processing /home/airflow/.local/lib/python3.12/site-packages/airflow/example_dags/example_branch_operator.py took 0.116 seconds
[2025-01-13T23:59:52.661+0000] {processor.py:186} INFO - Started process (PID=4344) to work on /home/airflow/.local/lib/python3.12/site-packages/airflow/example_dags/example_branch_operator.py
[2025-01-13T23:59:52.663+0000] {processor.py:914} INFO - Processing file /home/airflow/.local/lib/python3.12/site-packages/airflow/example_dags/example_branch_operator.py for tasks to queue
[2025-01-13T23:59:52.666+0000] {logging_mixin.py:190} INFO - [2025-01-13T23:59:52.665+0000] {dagbag.py:588} INFO - Filling up the DagBag from /home/airflow/.local/lib/python3.12/site-packages/airflow/example_dags/example_branch_operator.py
[2025-01-13T23:59:52.682+0000] {processor.py:925} INFO - DAG(s) 'example_branch_operator' retrieved from /home/airflow/.local/lib/python3.12/site-packages/airflow/example_dags/example_branch_operator.py
[2025-01-13T23:59:52.715+0000] {logging_mixin.py:190} INFO - [2025-01-13T23:59:52.715+0000] {dag.py:3239} INFO - Sync 1 DAGs
[2025-01-13T23:59:52.739+0000] {logging_mixin.py:190} INFO - [2025-01-13T23:59:52.739+0000] {dag.py:4180} INFO - Setting next_dagrun for example_branch_operator to 2025-01-12 00:00:00+00:00, run_after=2025-01-13 00:00:00+00:00
[2025-01-13T23:59:52.762+0000] {processor.py:208} INFO - Processing /home/airflow/.local/lib/python3.12/site-packages/airflow/example_dags/example_branch_operator.py took 0.105 seconds
