[2025-01-13T23:25:44.923+0000] {processor.py:186} INFO - Started process (PID=82) to work on /home/airflow/.local/lib/python3.12/site-packages/airflow/example_dags/example_latest_only_with_trigger.py
[2025-01-13T23:25:44.924+0000] {processor.py:914} INFO - Processing file /home/airflow/.local/lib/python3.12/site-packages/airflow/example_dags/example_latest_only_with_trigger.py for tasks to queue
[2025-01-13T23:25:44.926+0000] {logging_mixin.py:190} INFO - [2025-01-13T23:25:44.926+0000] {dagbag.py:588} INFO - Filling up the DagBag from /home/airflow/.local/lib/python3.12/site-packages/airflow/example_dags/example_latest_only_with_trigger.py
[2025-01-13T23:25:44.933+0000] {processor.py:925} INFO - DAG(s) 'latest_only_with_trigger' retrieved from /home/airflow/.local/lib/python3.12/site-packages/airflow/example_dags/example_latest_only_with_trigger.py
[2025-01-13T23:25:44.962+0000] {logging_mixin.py:190} INFO - [2025-01-13T23:25:44.962+0000] {dag.py:3239} INFO - Sync 1 DAGs
[2025-01-13T23:25:44.985+0000] {logging_mixin.py:190} INFO - [2025-01-13T23:25:44.985+0000] {dag.py:4180} INFO - Setting next_dagrun for latest_only_with_trigger to 2025-01-13 16:00:00+00:00, run_after=2025-01-13 20:00:00+00:00
[2025-01-13T23:25:45.007+0000] {processor.py:208} INFO - Processing /home/airflow/.local/lib/python3.12/site-packages/airflow/example_dags/example_latest_only_with_trigger.py took 0.089 seconds
[2025-01-13T23:26:15.439+0000] {processor.py:186} INFO - Started process (PID=146) to work on /home/airflow/.local/lib/python3.12/site-packages/airflow/example_dags/example_latest_only_with_trigger.py
[2025-01-13T23:26:15.440+0000] {processor.py:914} INFO - Processing file /home/airflow/.local/lib/python3.12/site-packages/airflow/example_dags/example_latest_only_with_trigger.py for tasks to queue
[2025-01-13T23:26:15.442+0000] {logging_mixin.py:190} INFO - [2025-01-13T23:26:15.442+0000] {dagbag.py:588} INFO - Filling up the DagBag from /home/airflow/.local/lib/python3.12/site-packages/airflow/example_dags/example_latest_only_with_trigger.py
[2025-01-13T23:26:15.448+0000] {processor.py:925} INFO - DAG(s) 'latest_only_with_trigger' retrieved from /home/airflow/.local/lib/python3.12/site-packages/airflow/example_dags/example_latest_only_with_trigger.py
[2025-01-13T23:26:15.466+0000] {logging_mixin.py:190} INFO - [2025-01-13T23:26:15.465+0000] {dag.py:3239} INFO - Sync 1 DAGs
[2025-01-13T23:26:15.482+0000] {logging_mixin.py:190} INFO - [2025-01-13T23:26:15.481+0000] {dag.py:4180} INFO - Setting next_dagrun for latest_only_with_trigger to 2025-01-13 16:00:00+00:00, run_after=2025-01-13 20:00:00+00:00
[2025-01-13T23:26:15.497+0000] {processor.py:208} INFO - Processing /home/airflow/.local/lib/python3.12/site-packages/airflow/example_dags/example_latest_only_with_trigger.py took 0.062 seconds
[2025-01-13T23:26:46.412+0000] {processor.py:186} INFO - Started process (PID=210) to work on /home/airflow/.local/lib/python3.12/site-packages/airflow/example_dags/example_latest_only_with_trigger.py
[2025-01-13T23:26:46.413+0000] {processor.py:914} INFO - Processing file /home/airflow/.local/lib/python3.12/site-packages/airflow/example_dags/example_latest_only_with_trigger.py for tasks to queue
[2025-01-13T23:26:46.416+0000] {logging_mixin.py:190} INFO - [2025-01-13T23:26:46.415+0000] {dagbag.py:588} INFO - Filling up the DagBag from /home/airflow/.local/lib/python3.12/site-packages/airflow/example_dags/example_latest_only_with_trigger.py
[2025-01-13T23:26:46.422+0000] {processor.py:925} INFO - DAG(s) 'latest_only_with_trigger' retrieved from /home/airflow/.local/lib/python3.12/site-packages/airflow/example_dags/example_latest_only_with_trigger.py
[2025-01-13T23:26:46.435+0000] {logging_mixin.py:190} INFO - [2025-01-13T23:26:46.435+0000] {dag.py:3239} INFO - Sync 1 DAGs
[2025-01-13T23:26:46.451+0000] {logging_mixin.py:190} INFO - [2025-01-13T23:26:46.451+0000] {dag.py:4180} INFO - Setting next_dagrun for latest_only_with_trigger to 2025-01-13 16:00:00+00:00, run_after=2025-01-13 20:00:00+00:00
[2025-01-13T23:26:46.465+0000] {processor.py:208} INFO - Processing /home/airflow/.local/lib/python3.12/site-packages/airflow/example_dags/example_latest_only_with_trigger.py took 0.057 seconds
[2025-01-13T23:27:17.236+0000] {processor.py:186} INFO - Started process (PID=280) to work on /home/airflow/.local/lib/python3.12/site-packages/airflow/example_dags/example_latest_only_with_trigger.py
[2025-01-13T23:27:17.237+0000] {processor.py:914} INFO - Processing file /home/airflow/.local/lib/python3.12/site-packages/airflow/example_dags/example_latest_only_with_trigger.py for tasks to queue
[2025-01-13T23:27:17.240+0000] {logging_mixin.py:190} INFO - [2025-01-13T23:27:17.239+0000] {dagbag.py:588} INFO - Filling up the DagBag from /home/airflow/.local/lib/python3.12/site-packages/airflow/example_dags/example_latest_only_with_trigger.py
[2025-01-13T23:27:17.245+0000] {processor.py:925} INFO - DAG(s) 'latest_only_with_trigger' retrieved from /home/airflow/.local/lib/python3.12/site-packages/airflow/example_dags/example_latest_only_with_trigger.py
[2025-01-13T23:27:17.263+0000] {logging_mixin.py:190} INFO - [2025-01-13T23:27:17.263+0000] {dag.py:3239} INFO - Sync 1 DAGs
[2025-01-13T23:27:17.279+0000] {logging_mixin.py:190} INFO - [2025-01-13T23:27:17.279+0000] {dag.py:4180} INFO - Setting next_dagrun for latest_only_with_trigger to 2025-01-13 16:00:00+00:00, run_after=2025-01-13 20:00:00+00:00
[2025-01-13T23:27:17.298+0000] {processor.py:208} INFO - Processing /home/airflow/.local/lib/python3.12/site-packages/airflow/example_dags/example_latest_only_with_trigger.py took 0.065 seconds
[2025-01-13T23:27:48.187+0000] {processor.py:186} INFO - Started process (PID=344) to work on /home/airflow/.local/lib/python3.12/site-packages/airflow/example_dags/example_latest_only_with_trigger.py
[2025-01-13T23:27:48.188+0000] {processor.py:914} INFO - Processing file /home/airflow/.local/lib/python3.12/site-packages/airflow/example_dags/example_latest_only_with_trigger.py for tasks to queue
[2025-01-13T23:27:48.190+0000] {logging_mixin.py:190} INFO - [2025-01-13T23:27:48.190+0000] {dagbag.py:588} INFO - Filling up the DagBag from /home/airflow/.local/lib/python3.12/site-packages/airflow/example_dags/example_latest_only_with_trigger.py
[2025-01-13T23:27:48.196+0000] {processor.py:925} INFO - DAG(s) 'latest_only_with_trigger' retrieved from /home/airflow/.local/lib/python3.12/site-packages/airflow/example_dags/example_latest_only_with_trigger.py
[2025-01-13T23:27:48.213+0000] {logging_mixin.py:190} INFO - [2025-01-13T23:27:48.212+0000] {dag.py:3239} INFO - Sync 1 DAGs
[2025-01-13T23:27:48.228+0000] {logging_mixin.py:190} INFO - [2025-01-13T23:27:48.228+0000] {dag.py:4180} INFO - Setting next_dagrun for latest_only_with_trigger to 2025-01-13 16:00:00+00:00, run_after=2025-01-13 20:00:00+00:00
[2025-01-13T23:27:48.243+0000] {processor.py:208} INFO - Processing /home/airflow/.local/lib/python3.12/site-packages/airflow/example_dags/example_latest_only_with_trigger.py took 0.059 seconds
[2025-01-13T23:28:19.454+0000] {processor.py:186} INFO - Started process (PID=407) to work on /home/airflow/.local/lib/python3.12/site-packages/airflow/example_dags/example_latest_only_with_trigger.py
[2025-01-13T23:28:19.455+0000] {processor.py:914} INFO - Processing file /home/airflow/.local/lib/python3.12/site-packages/airflow/example_dags/example_latest_only_with_trigger.py for tasks to queue
[2025-01-13T23:28:19.458+0000] {logging_mixin.py:190} INFO - [2025-01-13T23:28:19.458+0000] {dagbag.py:588} INFO - Filling up the DagBag from /home/airflow/.local/lib/python3.12/site-packages/airflow/example_dags/example_latest_only_with_trigger.py
[2025-01-13T23:28:19.464+0000] {processor.py:925} INFO - DAG(s) 'latest_only_with_trigger' retrieved from /home/airflow/.local/lib/python3.12/site-packages/airflow/example_dags/example_latest_only_with_trigger.py
[2025-01-13T23:28:19.482+0000] {logging_mixin.py:190} INFO - [2025-01-13T23:28:19.482+0000] {dag.py:3239} INFO - Sync 1 DAGs
[2025-01-13T23:28:19.508+0000] {logging_mixin.py:190} INFO - [2025-01-13T23:28:19.508+0000] {dag.py:4180} INFO - Setting next_dagrun for latest_only_with_trigger to 2025-01-13 16:00:00+00:00, run_after=2025-01-13 20:00:00+00:00
[2025-01-13T23:28:19.535+0000] {processor.py:208} INFO - Processing /home/airflow/.local/lib/python3.12/site-packages/airflow/example_dags/example_latest_only_with_trigger.py took 0.085 seconds
[2025-01-13T23:28:50.518+0000] {processor.py:186} INFO - Started process (PID=471) to work on /home/airflow/.local/lib/python3.12/site-packages/airflow/example_dags/example_latest_only_with_trigger.py
[2025-01-13T23:28:50.520+0000] {processor.py:914} INFO - Processing file /home/airflow/.local/lib/python3.12/site-packages/airflow/example_dags/example_latest_only_with_trigger.py for tasks to queue
[2025-01-13T23:28:50.522+0000] {logging_mixin.py:190} INFO - [2025-01-13T23:28:50.522+0000] {dagbag.py:588} INFO - Filling up the DagBag from /home/airflow/.local/lib/python3.12/site-packages/airflow/example_dags/example_latest_only_with_trigger.py
[2025-01-13T23:28:50.529+0000] {processor.py:925} INFO - DAG(s) 'latest_only_with_trigger' retrieved from /home/airflow/.local/lib/python3.12/site-packages/airflow/example_dags/example_latest_only_with_trigger.py
[2025-01-13T23:28:50.549+0000] {logging_mixin.py:190} INFO - [2025-01-13T23:28:50.548+0000] {dag.py:3239} INFO - Sync 1 DAGs
[2025-01-13T23:28:50.567+0000] {logging_mixin.py:190} INFO - [2025-01-13T23:28:50.567+0000] {dag.py:4180} INFO - Setting next_dagrun for latest_only_with_trigger to 2025-01-13 16:00:00+00:00, run_after=2025-01-13 20:00:00+00:00
[2025-01-13T23:28:50.584+0000] {processor.py:208} INFO - Processing /home/airflow/.local/lib/python3.12/site-packages/airflow/example_dags/example_latest_only_with_trigger.py took 0.070 seconds
[2025-01-13T23:29:20.824+0000] {processor.py:186} INFO - Started process (PID=533) to work on /home/airflow/.local/lib/python3.12/site-packages/airflow/example_dags/example_latest_only_with_trigger.py
[2025-01-13T23:29:20.825+0000] {processor.py:914} INFO - Processing file /home/airflow/.local/lib/python3.12/site-packages/airflow/example_dags/example_latest_only_with_trigger.py for tasks to queue
[2025-01-13T23:29:20.827+0000] {logging_mixin.py:190} INFO - [2025-01-13T23:29:20.827+0000] {dagbag.py:588} INFO - Filling up the DagBag from /home/airflow/.local/lib/python3.12/site-packages/airflow/example_dags/example_latest_only_with_trigger.py
[2025-01-13T23:29:20.833+0000] {processor.py:925} INFO - DAG(s) 'latest_only_with_trigger' retrieved from /home/airflow/.local/lib/python3.12/site-packages/airflow/example_dags/example_latest_only_with_trigger.py
[2025-01-13T23:29:20.854+0000] {logging_mixin.py:190} INFO - [2025-01-13T23:29:20.854+0000] {dag.py:3239} INFO - Sync 1 DAGs
[2025-01-13T23:29:20.875+0000] {logging_mixin.py:190} INFO - [2025-01-13T23:29:20.875+0000] {dag.py:4180} INFO - Setting next_dagrun for latest_only_with_trigger to 2025-01-13 16:00:00+00:00, run_after=2025-01-13 20:00:00+00:00
[2025-01-13T23:29:20.895+0000] {processor.py:208} INFO - Processing /home/airflow/.local/lib/python3.12/site-packages/airflow/example_dags/example_latest_only_with_trigger.py took 0.075 seconds
[2025-01-13T23:29:51.328+0000] {processor.py:186} INFO - Started process (PID=597) to work on /home/airflow/.local/lib/python3.12/site-packages/airflow/example_dags/example_latest_only_with_trigger.py
[2025-01-13T23:29:51.330+0000] {processor.py:914} INFO - Processing file /home/airflow/.local/lib/python3.12/site-packages/airflow/example_dags/example_latest_only_with_trigger.py for tasks to queue
[2025-01-13T23:29:51.332+0000] {logging_mixin.py:190} INFO - [2025-01-13T23:29:51.331+0000] {dagbag.py:588} INFO - Filling up the DagBag from /home/airflow/.local/lib/python3.12/site-packages/airflow/example_dags/example_latest_only_with_trigger.py
[2025-01-13T23:29:51.338+0000] {processor.py:925} INFO - DAG(s) 'latest_only_with_trigger' retrieved from /home/airflow/.local/lib/python3.12/site-packages/airflow/example_dags/example_latest_only_with_trigger.py
[2025-01-13T23:29:51.356+0000] {logging_mixin.py:190} INFO - [2025-01-13T23:29:51.356+0000] {dag.py:3239} INFO - Sync 1 DAGs
[2025-01-13T23:29:51.374+0000] {logging_mixin.py:190} INFO - [2025-01-13T23:29:51.373+0000] {dag.py:4180} INFO - Setting next_dagrun for latest_only_with_trigger to 2025-01-13 16:00:00+00:00, run_after=2025-01-13 20:00:00+00:00
[2025-01-13T23:29:51.391+0000] {processor.py:208} INFO - Processing /home/airflow/.local/lib/python3.12/site-packages/airflow/example_dags/example_latest_only_with_trigger.py took 0.067 seconds
[2025-01-13T23:30:21.648+0000] {processor.py:186} INFO - Started process (PID=661) to work on /home/airflow/.local/lib/python3.12/site-packages/airflow/example_dags/example_latest_only_with_trigger.py
[2025-01-13T23:30:21.649+0000] {processor.py:914} INFO - Processing file /home/airflow/.local/lib/python3.12/site-packages/airflow/example_dags/example_latest_only_with_trigger.py for tasks to queue
[2025-01-13T23:30:21.651+0000] {logging_mixin.py:190} INFO - [2025-01-13T23:30:21.651+0000] {dagbag.py:588} INFO - Filling up the DagBag from /home/airflow/.local/lib/python3.12/site-packages/airflow/example_dags/example_latest_only_with_trigger.py
[2025-01-13T23:30:21.656+0000] {processor.py:925} INFO - DAG(s) 'latest_only_with_trigger' retrieved from /home/airflow/.local/lib/python3.12/site-packages/airflow/example_dags/example_latest_only_with_trigger.py
[2025-01-13T23:30:21.672+0000] {logging_mixin.py:190} INFO - [2025-01-13T23:30:21.672+0000] {dag.py:3239} INFO - Sync 1 DAGs
[2025-01-13T23:30:21.691+0000] {logging_mixin.py:190} INFO - [2025-01-13T23:30:21.690+0000] {dag.py:4180} INFO - Setting next_dagrun for latest_only_with_trigger to 2025-01-13 16:00:00+00:00, run_after=2025-01-13 20:00:00+00:00
[2025-01-13T23:30:21.705+0000] {processor.py:208} INFO - Processing /home/airflow/.local/lib/python3.12/site-packages/airflow/example_dags/example_latest_only_with_trigger.py took 0.062 seconds
[2025-01-13T23:30:52.537+0000] {processor.py:186} INFO - Started process (PID=725) to work on /home/airflow/.local/lib/python3.12/site-packages/airflow/example_dags/example_latest_only_with_trigger.py
[2025-01-13T23:30:52.538+0000] {processor.py:914} INFO - Processing file /home/airflow/.local/lib/python3.12/site-packages/airflow/example_dags/example_latest_only_with_trigger.py for tasks to queue
[2025-01-13T23:30:52.540+0000] {logging_mixin.py:190} INFO - [2025-01-13T23:30:52.540+0000] {dagbag.py:588} INFO - Filling up the DagBag from /home/airflow/.local/lib/python3.12/site-packages/airflow/example_dags/example_latest_only_with_trigger.py
[2025-01-13T23:30:52.546+0000] {processor.py:925} INFO - DAG(s) 'latest_only_with_trigger' retrieved from /home/airflow/.local/lib/python3.12/site-packages/airflow/example_dags/example_latest_only_with_trigger.py
[2025-01-13T23:30:52.562+0000] {logging_mixin.py:190} INFO - [2025-01-13T23:30:52.562+0000] {dag.py:3239} INFO - Sync 1 DAGs
[2025-01-13T23:30:52.580+0000] {logging_mixin.py:190} INFO - [2025-01-13T23:30:52.580+0000] {dag.py:4180} INFO - Setting next_dagrun for latest_only_with_trigger to 2025-01-13 16:00:00+00:00, run_after=2025-01-13 20:00:00+00:00
[2025-01-13T23:30:52.596+0000] {processor.py:208} INFO - Processing /home/airflow/.local/lib/python3.12/site-packages/airflow/example_dags/example_latest_only_with_trigger.py took 0.062 seconds
[2025-01-13T23:31:22.902+0000] {processor.py:186} INFO - Started process (PID=789) to work on /home/airflow/.local/lib/python3.12/site-packages/airflow/example_dags/example_latest_only_with_trigger.py
[2025-01-13T23:31:22.903+0000] {processor.py:914} INFO - Processing file /home/airflow/.local/lib/python3.12/site-packages/airflow/example_dags/example_latest_only_with_trigger.py for tasks to queue
[2025-01-13T23:31:22.907+0000] {logging_mixin.py:190} INFO - [2025-01-13T23:31:22.907+0000] {dagbag.py:588} INFO - Filling up the DagBag from /home/airflow/.local/lib/python3.12/site-packages/airflow/example_dags/example_latest_only_with_trigger.py
[2025-01-13T23:31:22.912+0000] {processor.py:925} INFO - DAG(s) 'latest_only_with_trigger' retrieved from /home/airflow/.local/lib/python3.12/site-packages/airflow/example_dags/example_latest_only_with_trigger.py
[2025-01-13T23:31:22.931+0000] {logging_mixin.py:190} INFO - [2025-01-13T23:31:22.931+0000] {dag.py:3239} INFO - Sync 1 DAGs
[2025-01-13T23:31:22.950+0000] {logging_mixin.py:190} INFO - [2025-01-13T23:31:22.950+0000] {dag.py:4180} INFO - Setting next_dagrun for latest_only_with_trigger to 2025-01-13 16:00:00+00:00, run_after=2025-01-13 20:00:00+00:00
[2025-01-13T23:31:22.967+0000] {processor.py:208} INFO - Processing /home/airflow/.local/lib/python3.12/site-packages/airflow/example_dags/example_latest_only_with_trigger.py took 0.069 seconds
[2025-01-13T23:31:53.485+0000] {processor.py:186} INFO - Started process (PID=852) to work on /home/airflow/.local/lib/python3.12/site-packages/airflow/example_dags/example_latest_only_with_trigger.py
[2025-01-13T23:31:53.486+0000] {processor.py:914} INFO - Processing file /home/airflow/.local/lib/python3.12/site-packages/airflow/example_dags/example_latest_only_with_trigger.py for tasks to queue
[2025-01-13T23:31:53.489+0000] {logging_mixin.py:190} INFO - [2025-01-13T23:31:53.488+0000] {dagbag.py:588} INFO - Filling up the DagBag from /home/airflow/.local/lib/python3.12/site-packages/airflow/example_dags/example_latest_only_with_trigger.py
[2025-01-13T23:31:53.494+0000] {processor.py:925} INFO - DAG(s) 'latest_only_with_trigger' retrieved from /home/airflow/.local/lib/python3.12/site-packages/airflow/example_dags/example_latest_only_with_trigger.py
[2025-01-13T23:31:53.513+0000] {logging_mixin.py:190} INFO - [2025-01-13T23:31:53.513+0000] {dag.py:3239} INFO - Sync 1 DAGs
[2025-01-13T23:31:53.533+0000] {logging_mixin.py:190} INFO - [2025-01-13T23:31:53.533+0000] {dag.py:4180} INFO - Setting next_dagrun for latest_only_with_trigger to 2025-01-13 16:00:00+00:00, run_after=2025-01-13 20:00:00+00:00
[2025-01-13T23:31:53.549+0000] {processor.py:208} INFO - Processing /home/airflow/.local/lib/python3.12/site-packages/airflow/example_dags/example_latest_only_with_trigger.py took 0.068 seconds
[2025-01-13T23:32:23.702+0000] {processor.py:186} INFO - Started process (PID=916) to work on /home/airflow/.local/lib/python3.12/site-packages/airflow/example_dags/example_latest_only_with_trigger.py
[2025-01-13T23:32:23.703+0000] {processor.py:914} INFO - Processing file /home/airflow/.local/lib/python3.12/site-packages/airflow/example_dags/example_latest_only_with_trigger.py for tasks to queue
[2025-01-13T23:32:23.705+0000] {logging_mixin.py:190} INFO - [2025-01-13T23:32:23.705+0000] {dagbag.py:588} INFO - Filling up the DagBag from /home/airflow/.local/lib/python3.12/site-packages/airflow/example_dags/example_latest_only_with_trigger.py
[2025-01-13T23:32:23.711+0000] {processor.py:925} INFO - DAG(s) 'latest_only_with_trigger' retrieved from /home/airflow/.local/lib/python3.12/site-packages/airflow/example_dags/example_latest_only_with_trigger.py
[2025-01-13T23:32:23.728+0000] {logging_mixin.py:190} INFO - [2025-01-13T23:32:23.728+0000] {dag.py:3239} INFO - Sync 1 DAGs
[2025-01-13T23:32:23.745+0000] {logging_mixin.py:190} INFO - [2025-01-13T23:32:23.745+0000] {dag.py:4180} INFO - Setting next_dagrun for latest_only_with_trigger to 2025-01-13 16:00:00+00:00, run_after=2025-01-13 20:00:00+00:00
[2025-01-13T23:32:23.765+0000] {processor.py:208} INFO - Processing /home/airflow/.local/lib/python3.12/site-packages/airflow/example_dags/example_latest_only_with_trigger.py took 0.069 seconds
[2025-01-13T23:32:53.937+0000] {processor.py:186} INFO - Started process (PID=980) to work on /home/airflow/.local/lib/python3.12/site-packages/airflow/example_dags/example_latest_only_with_trigger.py
[2025-01-13T23:32:53.938+0000] {processor.py:914} INFO - Processing file /home/airflow/.local/lib/python3.12/site-packages/airflow/example_dags/example_latest_only_with_trigger.py for tasks to queue
[2025-01-13T23:32:53.941+0000] {logging_mixin.py:190} INFO - [2025-01-13T23:32:53.940+0000] {dagbag.py:588} INFO - Filling up the DagBag from /home/airflow/.local/lib/python3.12/site-packages/airflow/example_dags/example_latest_only_with_trigger.py
[2025-01-13T23:32:53.947+0000] {processor.py:925} INFO - DAG(s) 'latest_only_with_trigger' retrieved from /home/airflow/.local/lib/python3.12/site-packages/airflow/example_dags/example_latest_only_with_trigger.py
[2025-01-13T23:32:53.965+0000] {logging_mixin.py:190} INFO - [2025-01-13T23:32:53.965+0000] {dag.py:3239} INFO - Sync 1 DAGs
[2025-01-13T23:32:53.987+0000] {logging_mixin.py:190} INFO - [2025-01-13T23:32:53.987+0000] {dag.py:4180} INFO - Setting next_dagrun for latest_only_with_trigger to 2025-01-13 16:00:00+00:00, run_after=2025-01-13 20:00:00+00:00
[2025-01-13T23:32:54.009+0000] {processor.py:208} INFO - Processing /home/airflow/.local/lib/python3.12/site-packages/airflow/example_dags/example_latest_only_with_trigger.py took 0.077 seconds
[2025-01-13T23:33:24.298+0000] {processor.py:186} INFO - Started process (PID=1044) to work on /home/airflow/.local/lib/python3.12/site-packages/airflow/example_dags/example_latest_only_with_trigger.py
[2025-01-13T23:33:24.299+0000] {processor.py:914} INFO - Processing file /home/airflow/.local/lib/python3.12/site-packages/airflow/example_dags/example_latest_only_with_trigger.py for tasks to queue
[2025-01-13T23:33:24.301+0000] {logging_mixin.py:190} INFO - [2025-01-13T23:33:24.301+0000] {dagbag.py:588} INFO - Filling up the DagBag from /home/airflow/.local/lib/python3.12/site-packages/airflow/example_dags/example_latest_only_with_trigger.py
[2025-01-13T23:33:24.308+0000] {processor.py:925} INFO - DAG(s) 'latest_only_with_trigger' retrieved from /home/airflow/.local/lib/python3.12/site-packages/airflow/example_dags/example_latest_only_with_trigger.py
[2025-01-13T23:33:24.326+0000] {logging_mixin.py:190} INFO - [2025-01-13T23:33:24.326+0000] {dag.py:3239} INFO - Sync 1 DAGs
[2025-01-13T23:33:24.343+0000] {logging_mixin.py:190} INFO - [2025-01-13T23:33:24.343+0000] {dag.py:4180} INFO - Setting next_dagrun for latest_only_with_trigger to 2025-01-13 16:00:00+00:00, run_after=2025-01-13 20:00:00+00:00
[2025-01-13T23:33:24.358+0000] {processor.py:208} INFO - Processing /home/airflow/.local/lib/python3.12/site-packages/airflow/example_dags/example_latest_only_with_trigger.py took 0.064 seconds
[2025-01-13T23:33:54.521+0000] {processor.py:186} INFO - Started process (PID=1108) to work on /home/airflow/.local/lib/python3.12/site-packages/airflow/example_dags/example_latest_only_with_trigger.py
[2025-01-13T23:33:54.523+0000] {processor.py:914} INFO - Processing file /home/airflow/.local/lib/python3.12/site-packages/airflow/example_dags/example_latest_only_with_trigger.py for tasks to queue
[2025-01-13T23:33:54.527+0000] {logging_mixin.py:190} INFO - [2025-01-13T23:33:54.527+0000] {dagbag.py:588} INFO - Filling up the DagBag from /home/airflow/.local/lib/python3.12/site-packages/airflow/example_dags/example_latest_only_with_trigger.py
[2025-01-13T23:33:54.533+0000] {processor.py:925} INFO - DAG(s) 'latest_only_with_trigger' retrieved from /home/airflow/.local/lib/python3.12/site-packages/airflow/example_dags/example_latest_only_with_trigger.py
[2025-01-13T23:33:54.557+0000] {logging_mixin.py:190} INFO - [2025-01-13T23:33:54.556+0000] {dag.py:3239} INFO - Sync 1 DAGs
[2025-01-13T23:33:54.576+0000] {logging_mixin.py:190} INFO - [2025-01-13T23:33:54.576+0000] {dag.py:4180} INFO - Setting next_dagrun for latest_only_with_trigger to 2025-01-13 16:00:00+00:00, run_after=2025-01-13 20:00:00+00:00
[2025-01-13T23:33:54.601+0000] {processor.py:208} INFO - Processing /home/airflow/.local/lib/python3.12/site-packages/airflow/example_dags/example_latest_only_with_trigger.py took 0.084 seconds
[2025-01-13T23:34:25.506+0000] {processor.py:186} INFO - Started process (PID=1172) to work on /home/airflow/.local/lib/python3.12/site-packages/airflow/example_dags/example_latest_only_with_trigger.py
[2025-01-13T23:34:25.507+0000] {processor.py:914} INFO - Processing file /home/airflow/.local/lib/python3.12/site-packages/airflow/example_dags/example_latest_only_with_trigger.py for tasks to queue
[2025-01-13T23:34:25.510+0000] {logging_mixin.py:190} INFO - [2025-01-13T23:34:25.510+0000] {dagbag.py:588} INFO - Filling up the DagBag from /home/airflow/.local/lib/python3.12/site-packages/airflow/example_dags/example_latest_only_with_trigger.py
[2025-01-13T23:34:25.517+0000] {processor.py:925} INFO - DAG(s) 'latest_only_with_trigger' retrieved from /home/airflow/.local/lib/python3.12/site-packages/airflow/example_dags/example_latest_only_with_trigger.py
[2025-01-13T23:34:25.539+0000] {logging_mixin.py:190} INFO - [2025-01-13T23:34:25.539+0000] {dag.py:3239} INFO - Sync 1 DAGs
[2025-01-13T23:34:25.562+0000] {logging_mixin.py:190} INFO - [2025-01-13T23:34:25.562+0000] {dag.py:4180} INFO - Setting next_dagrun for latest_only_with_trigger to 2025-01-13 16:00:00+00:00, run_after=2025-01-13 20:00:00+00:00
[2025-01-13T23:34:25.583+0000] {processor.py:208} INFO - Processing /home/airflow/.local/lib/python3.12/site-packages/airflow/example_dags/example_latest_only_with_trigger.py took 0.082 seconds
[2025-01-13T23:34:55.949+0000] {processor.py:186} INFO - Started process (PID=1236) to work on /home/airflow/.local/lib/python3.12/site-packages/airflow/example_dags/example_latest_only_with_trigger.py
[2025-01-13T23:34:55.951+0000] {processor.py:914} INFO - Processing file /home/airflow/.local/lib/python3.12/site-packages/airflow/example_dags/example_latest_only_with_trigger.py for tasks to queue
[2025-01-13T23:34:55.953+0000] {logging_mixin.py:190} INFO - [2025-01-13T23:34:55.953+0000] {dagbag.py:588} INFO - Filling up the DagBag from /home/airflow/.local/lib/python3.12/site-packages/airflow/example_dags/example_latest_only_with_trigger.py
[2025-01-13T23:34:55.958+0000] {processor.py:925} INFO - DAG(s) 'latest_only_with_trigger' retrieved from /home/airflow/.local/lib/python3.12/site-packages/airflow/example_dags/example_latest_only_with_trigger.py
[2025-01-13T23:34:55.982+0000] {logging_mixin.py:190} INFO - [2025-01-13T23:34:55.981+0000] {dag.py:3239} INFO - Sync 1 DAGs
[2025-01-13T23:34:56.000+0000] {logging_mixin.py:190} INFO - [2025-01-13T23:34:56.000+0000] {dag.py:4180} INFO - Setting next_dagrun for latest_only_with_trigger to 2025-01-13 16:00:00+00:00, run_after=2025-01-13 20:00:00+00:00
[2025-01-13T23:34:56.025+0000] {processor.py:208} INFO - Processing /home/airflow/.local/lib/python3.12/site-packages/airflow/example_dags/example_latest_only_with_trigger.py took 0.080 seconds
[2025-01-13T23:35:26.109+0000] {processor.py:186} INFO - Started process (PID=1300) to work on /home/airflow/.local/lib/python3.12/site-packages/airflow/example_dags/example_latest_only_with_trigger.py
[2025-01-13T23:35:26.110+0000] {processor.py:914} INFO - Processing file /home/airflow/.local/lib/python3.12/site-packages/airflow/example_dags/example_latest_only_with_trigger.py for tasks to queue
[2025-01-13T23:35:26.113+0000] {logging_mixin.py:190} INFO - [2025-01-13T23:35:26.113+0000] {dagbag.py:588} INFO - Filling up the DagBag from /home/airflow/.local/lib/python3.12/site-packages/airflow/example_dags/example_latest_only_with_trigger.py
[2025-01-13T23:35:26.123+0000] {processor.py:925} INFO - DAG(s) 'latest_only_with_trigger' retrieved from /home/airflow/.local/lib/python3.12/site-packages/airflow/example_dags/example_latest_only_with_trigger.py
[2025-01-13T23:35:26.148+0000] {logging_mixin.py:190} INFO - [2025-01-13T23:35:26.148+0000] {dag.py:3239} INFO - Sync 1 DAGs
[2025-01-13T23:35:26.174+0000] {logging_mixin.py:190} INFO - [2025-01-13T23:35:26.174+0000] {dag.py:4180} INFO - Setting next_dagrun for latest_only_with_trigger to 2025-01-13 16:00:00+00:00, run_after=2025-01-13 20:00:00+00:00
[2025-01-13T23:35:26.200+0000] {processor.py:208} INFO - Processing /home/airflow/.local/lib/python3.12/site-packages/airflow/example_dags/example_latest_only_with_trigger.py took 0.096 seconds
[2025-01-13T23:35:56.761+0000] {processor.py:186} INFO - Started process (PID=1364) to work on /home/airflow/.local/lib/python3.12/site-packages/airflow/example_dags/example_latest_only_with_trigger.py
[2025-01-13T23:35:56.762+0000] {processor.py:914} INFO - Processing file /home/airflow/.local/lib/python3.12/site-packages/airflow/example_dags/example_latest_only_with_trigger.py for tasks to queue
[2025-01-13T23:35:56.765+0000] {logging_mixin.py:190} INFO - [2025-01-13T23:35:56.765+0000] {dagbag.py:588} INFO - Filling up the DagBag from /home/airflow/.local/lib/python3.12/site-packages/airflow/example_dags/example_latest_only_with_trigger.py
[2025-01-13T23:35:56.774+0000] {processor.py:925} INFO - DAG(s) 'latest_only_with_trigger' retrieved from /home/airflow/.local/lib/python3.12/site-packages/airflow/example_dags/example_latest_only_with_trigger.py
[2025-01-13T23:35:56.799+0000] {logging_mixin.py:190} INFO - [2025-01-13T23:35:56.799+0000] {dag.py:3239} INFO - Sync 1 DAGs
[2025-01-13T23:35:56.824+0000] {logging_mixin.py:190} INFO - [2025-01-13T23:35:56.823+0000] {dag.py:4180} INFO - Setting next_dagrun for latest_only_with_trigger to 2025-01-13 16:00:00+00:00, run_after=2025-01-13 20:00:00+00:00
[2025-01-13T23:35:56.850+0000] {processor.py:208} INFO - Processing /home/airflow/.local/lib/python3.12/site-packages/airflow/example_dags/example_latest_only_with_trigger.py took 0.094 seconds
[2025-01-13T23:36:27.219+0000] {processor.py:186} INFO - Started process (PID=1428) to work on /home/airflow/.local/lib/python3.12/site-packages/airflow/example_dags/example_latest_only_with_trigger.py
[2025-01-13T23:36:27.221+0000] {processor.py:914} INFO - Processing file /home/airflow/.local/lib/python3.12/site-packages/airflow/example_dags/example_latest_only_with_trigger.py for tasks to queue
[2025-01-13T23:36:27.223+0000] {logging_mixin.py:190} INFO - [2025-01-13T23:36:27.223+0000] {dagbag.py:588} INFO - Filling up the DagBag from /home/airflow/.local/lib/python3.12/site-packages/airflow/example_dags/example_latest_only_with_trigger.py
[2025-01-13T23:36:27.230+0000] {processor.py:925} INFO - DAG(s) 'latest_only_with_trigger' retrieved from /home/airflow/.local/lib/python3.12/site-packages/airflow/example_dags/example_latest_only_with_trigger.py
[2025-01-13T23:36:27.255+0000] {logging_mixin.py:190} INFO - [2025-01-13T23:36:27.254+0000] {dag.py:3239} INFO - Sync 1 DAGs
[2025-01-13T23:36:27.285+0000] {logging_mixin.py:190} INFO - [2025-01-13T23:36:27.285+0000] {dag.py:4180} INFO - Setting next_dagrun for latest_only_with_trigger to 2025-01-13 16:00:00+00:00, run_after=2025-01-13 20:00:00+00:00
[2025-01-13T23:36:27.302+0000] {processor.py:208} INFO - Processing /home/airflow/.local/lib/python3.12/site-packages/airflow/example_dags/example_latest_only_with_trigger.py took 0.089 seconds
[2025-01-13T23:36:57.425+0000] {processor.py:186} INFO - Started process (PID=1492) to work on /home/airflow/.local/lib/python3.12/site-packages/airflow/example_dags/example_latest_only_with_trigger.py
[2025-01-13T23:36:57.427+0000] {processor.py:914} INFO - Processing file /home/airflow/.local/lib/python3.12/site-packages/airflow/example_dags/example_latest_only_with_trigger.py for tasks to queue
[2025-01-13T23:36:57.430+0000] {logging_mixin.py:190} INFO - [2025-01-13T23:36:57.430+0000] {dagbag.py:588} INFO - Filling up the DagBag from /home/airflow/.local/lib/python3.12/site-packages/airflow/example_dags/example_latest_only_with_trigger.py
[2025-01-13T23:36:57.437+0000] {processor.py:925} INFO - DAG(s) 'latest_only_with_trigger' retrieved from /home/airflow/.local/lib/python3.12/site-packages/airflow/example_dags/example_latest_only_with_trigger.py
[2025-01-13T23:36:57.461+0000] {logging_mixin.py:190} INFO - [2025-01-13T23:36:57.461+0000] {dag.py:3239} INFO - Sync 1 DAGs
[2025-01-13T23:36:57.487+0000] {logging_mixin.py:190} INFO - [2025-01-13T23:36:57.486+0000] {dag.py:4180} INFO - Setting next_dagrun for latest_only_with_trigger to 2025-01-13 16:00:00+00:00, run_after=2025-01-13 20:00:00+00:00
[2025-01-13T23:36:57.513+0000] {processor.py:208} INFO - Processing /home/airflow/.local/lib/python3.12/site-packages/airflow/example_dags/example_latest_only_with_trigger.py took 0.094 seconds
[2025-01-13T23:37:27.862+0000] {processor.py:186} INFO - Started process (PID=1555) to work on /home/airflow/.local/lib/python3.12/site-packages/airflow/example_dags/example_latest_only_with_trigger.py
[2025-01-13T23:37:27.864+0000] {processor.py:914} INFO - Processing file /home/airflow/.local/lib/python3.12/site-packages/airflow/example_dags/example_latest_only_with_trigger.py for tasks to queue
[2025-01-13T23:37:27.867+0000] {logging_mixin.py:190} INFO - [2025-01-13T23:37:27.867+0000] {dagbag.py:588} INFO - Filling up the DagBag from /home/airflow/.local/lib/python3.12/site-packages/airflow/example_dags/example_latest_only_with_trigger.py
[2025-01-13T23:37:27.880+0000] {processor.py:925} INFO - DAG(s) 'latest_only_with_trigger' retrieved from /home/airflow/.local/lib/python3.12/site-packages/airflow/example_dags/example_latest_only_with_trigger.py
[2025-01-13T23:37:27.907+0000] {logging_mixin.py:190} INFO - [2025-01-13T23:37:27.906+0000] {dag.py:3239} INFO - Sync 1 DAGs
[2025-01-13T23:37:27.937+0000] {logging_mixin.py:190} INFO - [2025-01-13T23:37:27.937+0000] {dag.py:4180} INFO - Setting next_dagrun for latest_only_with_trigger to 2025-01-13 16:00:00+00:00, run_after=2025-01-13 20:00:00+00:00
[2025-01-13T23:37:27.964+0000] {processor.py:208} INFO - Processing /home/airflow/.local/lib/python3.12/site-packages/airflow/example_dags/example_latest_only_with_trigger.py took 0.110 seconds
[2025-01-13T23:37:58.767+0000] {processor.py:186} INFO - Started process (PID=1620) to work on /home/airflow/.local/lib/python3.12/site-packages/airflow/example_dags/example_latest_only_with_trigger.py
[2025-01-13T23:37:58.769+0000] {processor.py:914} INFO - Processing file /home/airflow/.local/lib/python3.12/site-packages/airflow/example_dags/example_latest_only_with_trigger.py for tasks to queue
[2025-01-13T23:37:58.773+0000] {logging_mixin.py:190} INFO - [2025-01-13T23:37:58.772+0000] {dagbag.py:588} INFO - Filling up the DagBag from /home/airflow/.local/lib/python3.12/site-packages/airflow/example_dags/example_latest_only_with_trigger.py
[2025-01-13T23:37:58.781+0000] {processor.py:925} INFO - DAG(s) 'latest_only_with_trigger' retrieved from /home/airflow/.local/lib/python3.12/site-packages/airflow/example_dags/example_latest_only_with_trigger.py
[2025-01-13T23:37:58.804+0000] {logging_mixin.py:190} INFO - [2025-01-13T23:37:58.804+0000] {dag.py:3239} INFO - Sync 1 DAGs
[2025-01-13T23:37:58.832+0000] {logging_mixin.py:190} INFO - [2025-01-13T23:37:58.832+0000] {dag.py:4180} INFO - Setting next_dagrun for latest_only_with_trigger to 2025-01-13 16:00:00+00:00, run_after=2025-01-13 20:00:00+00:00
[2025-01-13T23:37:58.858+0000] {processor.py:208} INFO - Processing /home/airflow/.local/lib/python3.12/site-packages/airflow/example_dags/example_latest_only_with_trigger.py took 0.096 seconds
[2025-01-13T23:38:29.023+0000] {processor.py:186} INFO - Started process (PID=1684) to work on /home/airflow/.local/lib/python3.12/site-packages/airflow/example_dags/example_latest_only_with_trigger.py
[2025-01-13T23:38:29.025+0000] {processor.py:914} INFO - Processing file /home/airflow/.local/lib/python3.12/site-packages/airflow/example_dags/example_latest_only_with_trigger.py for tasks to queue
[2025-01-13T23:38:29.028+0000] {logging_mixin.py:190} INFO - [2025-01-13T23:38:29.028+0000] {dagbag.py:588} INFO - Filling up the DagBag from /home/airflow/.local/lib/python3.12/site-packages/airflow/example_dags/example_latest_only_with_trigger.py
[2025-01-13T23:38:29.038+0000] {processor.py:925} INFO - DAG(s) 'latest_only_with_trigger' retrieved from /home/airflow/.local/lib/python3.12/site-packages/airflow/example_dags/example_latest_only_with_trigger.py
[2025-01-13T23:38:29.070+0000] {logging_mixin.py:190} INFO - [2025-01-13T23:38:29.068+0000] {dag.py:3239} INFO - Sync 1 DAGs
[2025-01-13T23:38:29.101+0000] {logging_mixin.py:190} INFO - [2025-01-13T23:38:29.100+0000] {dag.py:4180} INFO - Setting next_dagrun for latest_only_with_trigger to 2025-01-13 16:00:00+00:00, run_after=2025-01-13 20:00:00+00:00
[2025-01-13T23:38:29.123+0000] {processor.py:208} INFO - Processing /home/airflow/.local/lib/python3.12/site-packages/airflow/example_dags/example_latest_only_with_trigger.py took 0.112 seconds
[2025-01-13T23:38:59.569+0000] {processor.py:186} INFO - Started process (PID=1748) to work on /home/airflow/.local/lib/python3.12/site-packages/airflow/example_dags/example_latest_only_with_trigger.py
[2025-01-13T23:38:59.570+0000] {processor.py:914} INFO - Processing file /home/airflow/.local/lib/python3.12/site-packages/airflow/example_dags/example_latest_only_with_trigger.py for tasks to queue
[2025-01-13T23:38:59.573+0000] {logging_mixin.py:190} INFO - [2025-01-13T23:38:59.572+0000] {dagbag.py:588} INFO - Filling up the DagBag from /home/airflow/.local/lib/python3.12/site-packages/airflow/example_dags/example_latest_only_with_trigger.py
[2025-01-13T23:38:59.579+0000] {processor.py:925} INFO - DAG(s) 'latest_only_with_trigger' retrieved from /home/airflow/.local/lib/python3.12/site-packages/airflow/example_dags/example_latest_only_with_trigger.py
[2025-01-13T23:38:59.594+0000] {logging_mixin.py:190} INFO - [2025-01-13T23:38:59.594+0000] {dag.py:3239} INFO - Sync 1 DAGs
[2025-01-13T23:38:59.612+0000] {logging_mixin.py:190} INFO - [2025-01-13T23:38:59.611+0000] {dag.py:4180} INFO - Setting next_dagrun for latest_only_with_trigger to 2025-01-13 16:00:00+00:00, run_after=2025-01-13 20:00:00+00:00
[2025-01-13T23:38:59.623+0000] {processor.py:208} INFO - Processing /home/airflow/.local/lib/python3.12/site-packages/airflow/example_dags/example_latest_only_with_trigger.py took 0.059 seconds
[2025-01-13T23:39:30.114+0000] {processor.py:186} INFO - Started process (PID=1812) to work on /home/airflow/.local/lib/python3.12/site-packages/airflow/example_dags/example_latest_only_with_trigger.py
[2025-01-13T23:39:30.115+0000] {processor.py:914} INFO - Processing file /home/airflow/.local/lib/python3.12/site-packages/airflow/example_dags/example_latest_only_with_trigger.py for tasks to queue
[2025-01-13T23:39:30.117+0000] {logging_mixin.py:190} INFO - [2025-01-13T23:39:30.117+0000] {dagbag.py:588} INFO - Filling up the DagBag from /home/airflow/.local/lib/python3.12/site-packages/airflow/example_dags/example_latest_only_with_trigger.py
[2025-01-13T23:39:30.123+0000] {processor.py:925} INFO - DAG(s) 'latest_only_with_trigger' retrieved from /home/airflow/.local/lib/python3.12/site-packages/airflow/example_dags/example_latest_only_with_trigger.py
[2025-01-13T23:39:30.139+0000] {logging_mixin.py:190} INFO - [2025-01-13T23:39:30.139+0000] {dag.py:3239} INFO - Sync 1 DAGs
[2025-01-13T23:39:30.155+0000] {logging_mixin.py:190} INFO - [2025-01-13T23:39:30.154+0000] {dag.py:4180} INFO - Setting next_dagrun for latest_only_with_trigger to 2025-01-13 16:00:00+00:00, run_after=2025-01-13 20:00:00+00:00
[2025-01-13T23:39:30.169+0000] {processor.py:208} INFO - Processing /home/airflow/.local/lib/python3.12/site-packages/airflow/example_dags/example_latest_only_with_trigger.py took 0.059 seconds
[2025-01-13T23:40:01.063+0000] {processor.py:186} INFO - Started process (PID=1876) to work on /home/airflow/.local/lib/python3.12/site-packages/airflow/example_dags/example_latest_only_with_trigger.py
[2025-01-13T23:40:01.065+0000] {processor.py:914} INFO - Processing file /home/airflow/.local/lib/python3.12/site-packages/airflow/example_dags/example_latest_only_with_trigger.py for tasks to queue
[2025-01-13T23:40:01.070+0000] {logging_mixin.py:190} INFO - [2025-01-13T23:40:01.069+0000] {dagbag.py:588} INFO - Filling up the DagBag from /home/airflow/.local/lib/python3.12/site-packages/airflow/example_dags/example_latest_only_with_trigger.py
[2025-01-13T23:40:01.078+0000] {processor.py:925} INFO - DAG(s) 'latest_only_with_trigger' retrieved from /home/airflow/.local/lib/python3.12/site-packages/airflow/example_dags/example_latest_only_with_trigger.py
[2025-01-13T23:40:01.096+0000] {logging_mixin.py:190} INFO - [2025-01-13T23:40:01.095+0000] {dag.py:3239} INFO - Sync 1 DAGs
[2025-01-13T23:40:01.114+0000] {logging_mixin.py:190} INFO - [2025-01-13T23:40:01.114+0000] {dag.py:4180} INFO - Setting next_dagrun for latest_only_with_trigger to 2025-01-13 16:00:00+00:00, run_after=2025-01-13 20:00:00+00:00
[2025-01-13T23:40:01.140+0000] {processor.py:208} INFO - Processing /home/airflow/.local/lib/python3.12/site-packages/airflow/example_dags/example_latest_only_with_trigger.py took 0.084 seconds
[2025-01-13T23:40:31.736+0000] {processor.py:186} INFO - Started process (PID=1940) to work on /home/airflow/.local/lib/python3.12/site-packages/airflow/example_dags/example_latest_only_with_trigger.py
[2025-01-13T23:40:31.737+0000] {processor.py:914} INFO - Processing file /home/airflow/.local/lib/python3.12/site-packages/airflow/example_dags/example_latest_only_with_trigger.py for tasks to queue
[2025-01-13T23:40:31.740+0000] {logging_mixin.py:190} INFO - [2025-01-13T23:40:31.740+0000] {dagbag.py:588} INFO - Filling up the DagBag from /home/airflow/.local/lib/python3.12/site-packages/airflow/example_dags/example_latest_only_with_trigger.py
[2025-01-13T23:40:31.747+0000] {processor.py:925} INFO - DAG(s) 'latest_only_with_trigger' retrieved from /home/airflow/.local/lib/python3.12/site-packages/airflow/example_dags/example_latest_only_with_trigger.py
[2025-01-13T23:40:31.763+0000] {logging_mixin.py:190} INFO - [2025-01-13T23:40:31.762+0000] {dag.py:3239} INFO - Sync 1 DAGs
[2025-01-13T23:40:31.786+0000] {logging_mixin.py:190} INFO - [2025-01-13T23:40:31.785+0000] {dag.py:4180} INFO - Setting next_dagrun for latest_only_with_trigger to 2025-01-13 16:00:00+00:00, run_after=2025-01-13 20:00:00+00:00
[2025-01-13T23:40:31.801+0000] {processor.py:208} INFO - Processing /home/airflow/.local/lib/python3.12/site-packages/airflow/example_dags/example_latest_only_with_trigger.py took 0.069 seconds
[2025-01-13T23:41:02.502+0000] {processor.py:186} INFO - Started process (PID=2004) to work on /home/airflow/.local/lib/python3.12/site-packages/airflow/example_dags/example_latest_only_with_trigger.py
[2025-01-13T23:41:02.504+0000] {processor.py:914} INFO - Processing file /home/airflow/.local/lib/python3.12/site-packages/airflow/example_dags/example_latest_only_with_trigger.py for tasks to queue
[2025-01-13T23:41:02.507+0000] {logging_mixin.py:190} INFO - [2025-01-13T23:41:02.507+0000] {dagbag.py:588} INFO - Filling up the DagBag from /home/airflow/.local/lib/python3.12/site-packages/airflow/example_dags/example_latest_only_with_trigger.py
[2025-01-13T23:41:02.513+0000] {processor.py:925} INFO - DAG(s) 'latest_only_with_trigger' retrieved from /home/airflow/.local/lib/python3.12/site-packages/airflow/example_dags/example_latest_only_with_trigger.py
[2025-01-13T23:41:02.531+0000] {logging_mixin.py:190} INFO - [2025-01-13T23:41:02.531+0000] {dag.py:3239} INFO - Sync 1 DAGs
[2025-01-13T23:41:02.554+0000] {logging_mixin.py:190} INFO - [2025-01-13T23:41:02.554+0000] {dag.py:4180} INFO - Setting next_dagrun for latest_only_with_trigger to 2025-01-13 16:00:00+00:00, run_after=2025-01-13 20:00:00+00:00
[2025-01-13T23:41:02.577+0000] {processor.py:208} INFO - Processing /home/airflow/.local/lib/python3.12/site-packages/airflow/example_dags/example_latest_only_with_trigger.py took 0.079 seconds
[2025-01-13T23:41:32.865+0000] {processor.py:186} INFO - Started process (PID=2068) to work on /home/airflow/.local/lib/python3.12/site-packages/airflow/example_dags/example_latest_only_with_trigger.py
[2025-01-13T23:41:32.867+0000] {processor.py:914} INFO - Processing file /home/airflow/.local/lib/python3.12/site-packages/airflow/example_dags/example_latest_only_with_trigger.py for tasks to queue
[2025-01-13T23:41:32.870+0000] {logging_mixin.py:190} INFO - [2025-01-13T23:41:32.870+0000] {dagbag.py:588} INFO - Filling up the DagBag from /home/airflow/.local/lib/python3.12/site-packages/airflow/example_dags/example_latest_only_with_trigger.py
[2025-01-13T23:41:32.877+0000] {processor.py:925} INFO - DAG(s) 'latest_only_with_trigger' retrieved from /home/airflow/.local/lib/python3.12/site-packages/airflow/example_dags/example_latest_only_with_trigger.py
[2025-01-13T23:41:32.902+0000] {logging_mixin.py:190} INFO - [2025-01-13T23:41:32.902+0000] {dag.py:3239} INFO - Sync 1 DAGs
[2025-01-13T23:41:32.927+0000] {logging_mixin.py:190} INFO - [2025-01-13T23:41:32.927+0000] {dag.py:4180} INFO - Setting next_dagrun for latest_only_with_trigger to 2025-01-13 16:00:00+00:00, run_after=2025-01-13 20:00:00+00:00
[2025-01-13T23:41:32.951+0000] {processor.py:208} INFO - Processing /home/airflow/.local/lib/python3.12/site-packages/airflow/example_dags/example_latest_only_with_trigger.py took 0.093 seconds
[2025-01-13T23:42:03.345+0000] {processor.py:186} INFO - Started process (PID=2132) to work on /home/airflow/.local/lib/python3.12/site-packages/airflow/example_dags/example_latest_only_with_trigger.py
[2025-01-13T23:42:03.346+0000] {processor.py:914} INFO - Processing file /home/airflow/.local/lib/python3.12/site-packages/airflow/example_dags/example_latest_only_with_trigger.py for tasks to queue
[2025-01-13T23:42:03.350+0000] {logging_mixin.py:190} INFO - [2025-01-13T23:42:03.349+0000] {dagbag.py:588} INFO - Filling up the DagBag from /home/airflow/.local/lib/python3.12/site-packages/airflow/example_dags/example_latest_only_with_trigger.py
[2025-01-13T23:42:03.356+0000] {processor.py:925} INFO - DAG(s) 'latest_only_with_trigger' retrieved from /home/airflow/.local/lib/python3.12/site-packages/airflow/example_dags/example_latest_only_with_trigger.py
[2025-01-13T23:42:03.384+0000] {logging_mixin.py:190} INFO - [2025-01-13T23:42:03.383+0000] {dag.py:3239} INFO - Sync 1 DAGs
[2025-01-13T23:42:03.412+0000] {logging_mixin.py:190} INFO - [2025-01-13T23:42:03.412+0000] {dag.py:4180} INFO - Setting next_dagrun for latest_only_with_trigger to 2025-01-13 16:00:00+00:00, run_after=2025-01-13 20:00:00+00:00
[2025-01-13T23:42:03.436+0000] {processor.py:208} INFO - Processing /home/airflow/.local/lib/python3.12/site-packages/airflow/example_dags/example_latest_only_with_trigger.py took 0.096 seconds
[2025-01-13T23:42:33.779+0000] {processor.py:186} INFO - Started process (PID=2196) to work on /home/airflow/.local/lib/python3.12/site-packages/airflow/example_dags/example_latest_only_with_trigger.py
[2025-01-13T23:42:33.780+0000] {processor.py:914} INFO - Processing file /home/airflow/.local/lib/python3.12/site-packages/airflow/example_dags/example_latest_only_with_trigger.py for tasks to queue
[2025-01-13T23:42:33.782+0000] {logging_mixin.py:190} INFO - [2025-01-13T23:42:33.782+0000] {dagbag.py:588} INFO - Filling up the DagBag from /home/airflow/.local/lib/python3.12/site-packages/airflow/example_dags/example_latest_only_with_trigger.py
[2025-01-13T23:42:33.789+0000] {processor.py:925} INFO - DAG(s) 'latest_only_with_trigger' retrieved from /home/airflow/.local/lib/python3.12/site-packages/airflow/example_dags/example_latest_only_with_trigger.py
[2025-01-13T23:42:33.806+0000] {logging_mixin.py:190} INFO - [2025-01-13T23:42:33.806+0000] {dag.py:3239} INFO - Sync 1 DAGs
[2025-01-13T23:42:33.825+0000] {logging_mixin.py:190} INFO - [2025-01-13T23:42:33.825+0000] {dag.py:4180} INFO - Setting next_dagrun for latest_only_with_trigger to 2025-01-13 16:00:00+00:00, run_after=2025-01-13 20:00:00+00:00
[2025-01-13T23:42:33.847+0000] {processor.py:208} INFO - Processing /home/airflow/.local/lib/python3.12/site-packages/airflow/example_dags/example_latest_only_with_trigger.py took 0.072 seconds
[2025-01-13T23:43:04.500+0000] {processor.py:186} INFO - Started process (PID=2259) to work on /home/airflow/.local/lib/python3.12/site-packages/airflow/example_dags/example_latest_only_with_trigger.py
[2025-01-13T23:43:04.501+0000] {processor.py:914} INFO - Processing file /home/airflow/.local/lib/python3.12/site-packages/airflow/example_dags/example_latest_only_with_trigger.py for tasks to queue
[2025-01-13T23:43:04.504+0000] {logging_mixin.py:190} INFO - [2025-01-13T23:43:04.503+0000] {dagbag.py:588} INFO - Filling up the DagBag from /home/airflow/.local/lib/python3.12/site-packages/airflow/example_dags/example_latest_only_with_trigger.py
[2025-01-13T23:43:04.511+0000] {processor.py:925} INFO - DAG(s) 'latest_only_with_trigger' retrieved from /home/airflow/.local/lib/python3.12/site-packages/airflow/example_dags/example_latest_only_with_trigger.py
[2025-01-13T23:43:04.533+0000] {logging_mixin.py:190} INFO - [2025-01-13T23:43:04.533+0000] {dag.py:3239} INFO - Sync 1 DAGs
[2025-01-13T23:43:04.557+0000] {logging_mixin.py:190} INFO - [2025-01-13T23:43:04.557+0000] {dag.py:4180} INFO - Setting next_dagrun for latest_only_with_trigger to 2025-01-13 16:00:00+00:00, run_after=2025-01-13 20:00:00+00:00
[2025-01-13T23:43:04.575+0000] {processor.py:208} INFO - Processing /home/airflow/.local/lib/python3.12/site-packages/airflow/example_dags/example_latest_only_with_trigger.py took 0.081 seconds
[2025-01-13T23:43:34.962+0000] {processor.py:186} INFO - Started process (PID=2323) to work on /home/airflow/.local/lib/python3.12/site-packages/airflow/example_dags/example_latest_only_with_trigger.py
[2025-01-13T23:43:34.963+0000] {processor.py:914} INFO - Processing file /home/airflow/.local/lib/python3.12/site-packages/airflow/example_dags/example_latest_only_with_trigger.py for tasks to queue
[2025-01-13T23:43:34.966+0000] {logging_mixin.py:190} INFO - [2025-01-13T23:43:34.965+0000] {dagbag.py:588} INFO - Filling up the DagBag from /home/airflow/.local/lib/python3.12/site-packages/airflow/example_dags/example_latest_only_with_trigger.py
[2025-01-13T23:43:34.974+0000] {processor.py:925} INFO - DAG(s) 'latest_only_with_trigger' retrieved from /home/airflow/.local/lib/python3.12/site-packages/airflow/example_dags/example_latest_only_with_trigger.py
[2025-01-13T23:43:34.997+0000] {logging_mixin.py:190} INFO - [2025-01-13T23:43:34.997+0000] {dag.py:3239} INFO - Sync 1 DAGs
[2025-01-13T23:43:35.020+0000] {logging_mixin.py:190} INFO - [2025-01-13T23:43:35.020+0000] {dag.py:4180} INFO - Setting next_dagrun for latest_only_with_trigger to 2025-01-13 16:00:00+00:00, run_after=2025-01-13 20:00:00+00:00
[2025-01-13T23:43:35.039+0000] {processor.py:208} INFO - Processing /home/airflow/.local/lib/python3.12/site-packages/airflow/example_dags/example_latest_only_with_trigger.py took 0.083 seconds
[2025-01-13T23:44:06.017+0000] {processor.py:186} INFO - Started process (PID=2387) to work on /home/airflow/.local/lib/python3.12/site-packages/airflow/example_dags/example_latest_only_with_trigger.py
[2025-01-13T23:44:06.019+0000] {processor.py:914} INFO - Processing file /home/airflow/.local/lib/python3.12/site-packages/airflow/example_dags/example_latest_only_with_trigger.py for tasks to queue
[2025-01-13T23:44:06.021+0000] {logging_mixin.py:190} INFO - [2025-01-13T23:44:06.021+0000] {dagbag.py:588} INFO - Filling up the DagBag from /home/airflow/.local/lib/python3.12/site-packages/airflow/example_dags/example_latest_only_with_trigger.py
[2025-01-13T23:44:06.027+0000] {processor.py:925} INFO - DAG(s) 'latest_only_with_trigger' retrieved from /home/airflow/.local/lib/python3.12/site-packages/airflow/example_dags/example_latest_only_with_trigger.py
[2025-01-13T23:44:06.051+0000] {logging_mixin.py:190} INFO - [2025-01-13T23:44:06.051+0000] {dag.py:3239} INFO - Sync 1 DAGs
[2025-01-13T23:44:06.077+0000] {logging_mixin.py:190} INFO - [2025-01-13T23:44:06.076+0000] {dag.py:4180} INFO - Setting next_dagrun for latest_only_with_trigger to 2025-01-13 16:00:00+00:00, run_after=2025-01-13 20:00:00+00:00
[2025-01-13T23:44:06.098+0000] {processor.py:208} INFO - Processing /home/airflow/.local/lib/python3.12/site-packages/airflow/example_dags/example_latest_only_with_trigger.py took 0.087 seconds
[2025-01-13T23:44:36.458+0000] {processor.py:186} INFO - Started process (PID=2451) to work on /home/airflow/.local/lib/python3.12/site-packages/airflow/example_dags/example_latest_only_with_trigger.py
[2025-01-13T23:44:36.459+0000] {processor.py:914} INFO - Processing file /home/airflow/.local/lib/python3.12/site-packages/airflow/example_dags/example_latest_only_with_trigger.py for tasks to queue
[2025-01-13T23:44:36.461+0000] {logging_mixin.py:190} INFO - [2025-01-13T23:44:36.461+0000] {dagbag.py:588} INFO - Filling up the DagBag from /home/airflow/.local/lib/python3.12/site-packages/airflow/example_dags/example_latest_only_with_trigger.py
[2025-01-13T23:44:36.467+0000] {processor.py:925} INFO - DAG(s) 'latest_only_with_trigger' retrieved from /home/airflow/.local/lib/python3.12/site-packages/airflow/example_dags/example_latest_only_with_trigger.py
[2025-01-13T23:44:36.485+0000] {logging_mixin.py:190} INFO - [2025-01-13T23:44:36.485+0000] {dag.py:3239} INFO - Sync 1 DAGs
[2025-01-13T23:44:36.502+0000] {logging_mixin.py:190} INFO - [2025-01-13T23:44:36.502+0000] {dag.py:4180} INFO - Setting next_dagrun for latest_only_with_trigger to 2025-01-13 16:00:00+00:00, run_after=2025-01-13 20:00:00+00:00
[2025-01-13T23:44:36.519+0000] {processor.py:208} INFO - Processing /home/airflow/.local/lib/python3.12/site-packages/airflow/example_dags/example_latest_only_with_trigger.py took 0.065 seconds
[2025-01-13T23:45:06.648+0000] {processor.py:186} INFO - Started process (PID=2514) to work on /home/airflow/.local/lib/python3.12/site-packages/airflow/example_dags/example_latest_only_with_trigger.py
[2025-01-13T23:45:06.649+0000] {processor.py:914} INFO - Processing file /home/airflow/.local/lib/python3.12/site-packages/airflow/example_dags/example_latest_only_with_trigger.py for tasks to queue
[2025-01-13T23:45:06.651+0000] {logging_mixin.py:190} INFO - [2025-01-13T23:45:06.651+0000] {dagbag.py:588} INFO - Filling up the DagBag from /home/airflow/.local/lib/python3.12/site-packages/airflow/example_dags/example_latest_only_with_trigger.py
[2025-01-13T23:45:06.658+0000] {processor.py:925} INFO - DAG(s) 'latest_only_with_trigger' retrieved from /home/airflow/.local/lib/python3.12/site-packages/airflow/example_dags/example_latest_only_with_trigger.py
[2025-01-13T23:45:06.673+0000] {logging_mixin.py:190} INFO - [2025-01-13T23:45:06.673+0000] {dag.py:3239} INFO - Sync 1 DAGs
[2025-01-13T23:45:06.690+0000] {logging_mixin.py:190} INFO - [2025-01-13T23:45:06.690+0000] {dag.py:4180} INFO - Setting next_dagrun for latest_only_with_trigger to 2025-01-13 16:00:00+00:00, run_after=2025-01-13 20:00:00+00:00
[2025-01-13T23:45:06.709+0000] {processor.py:208} INFO - Processing /home/airflow/.local/lib/python3.12/site-packages/airflow/example_dags/example_latest_only_with_trigger.py took 0.065 seconds
[2025-01-13T23:45:36.847+0000] {processor.py:186} INFO - Started process (PID=2578) to work on /home/airflow/.local/lib/python3.12/site-packages/airflow/example_dags/example_latest_only_with_trigger.py
[2025-01-13T23:45:36.849+0000] {processor.py:914} INFO - Processing file /home/airflow/.local/lib/python3.12/site-packages/airflow/example_dags/example_latest_only_with_trigger.py for tasks to queue
[2025-01-13T23:45:36.851+0000] {logging_mixin.py:190} INFO - [2025-01-13T23:45:36.851+0000] {dagbag.py:588} INFO - Filling up the DagBag from /home/airflow/.local/lib/python3.12/site-packages/airflow/example_dags/example_latest_only_with_trigger.py
[2025-01-13T23:45:36.856+0000] {processor.py:925} INFO - DAG(s) 'latest_only_with_trigger' retrieved from /home/airflow/.local/lib/python3.12/site-packages/airflow/example_dags/example_latest_only_with_trigger.py
[2025-01-13T23:45:36.875+0000] {logging_mixin.py:190} INFO - [2025-01-13T23:45:36.875+0000] {dag.py:3239} INFO - Sync 1 DAGs
[2025-01-13T23:45:36.891+0000] {logging_mixin.py:190} INFO - [2025-01-13T23:45:36.890+0000] {dag.py:4180} INFO - Setting next_dagrun for latest_only_with_trigger to 2025-01-13 16:00:00+00:00, run_after=2025-01-13 20:00:00+00:00
[2025-01-13T23:45:36.907+0000] {processor.py:208} INFO - Processing /home/airflow/.local/lib/python3.12/site-packages/airflow/example_dags/example_latest_only_with_trigger.py took 0.063 seconds
[2025-01-13T23:46:07.520+0000] {processor.py:186} INFO - Started process (PID=2642) to work on /home/airflow/.local/lib/python3.12/site-packages/airflow/example_dags/example_latest_only_with_trigger.py
[2025-01-13T23:46:07.521+0000] {processor.py:914} INFO - Processing file /home/airflow/.local/lib/python3.12/site-packages/airflow/example_dags/example_latest_only_with_trigger.py for tasks to queue
[2025-01-13T23:46:07.524+0000] {logging_mixin.py:190} INFO - [2025-01-13T23:46:07.523+0000] {dagbag.py:588} INFO - Filling up the DagBag from /home/airflow/.local/lib/python3.12/site-packages/airflow/example_dags/example_latest_only_with_trigger.py
[2025-01-13T23:46:07.530+0000] {processor.py:925} INFO - DAG(s) 'latest_only_with_trigger' retrieved from /home/airflow/.local/lib/python3.12/site-packages/airflow/example_dags/example_latest_only_with_trigger.py
[2025-01-13T23:46:07.549+0000] {logging_mixin.py:190} INFO - [2025-01-13T23:46:07.549+0000] {dag.py:3239} INFO - Sync 1 DAGs
[2025-01-13T23:46:07.569+0000] {logging_mixin.py:190} INFO - [2025-01-13T23:46:07.568+0000] {dag.py:4180} INFO - Setting next_dagrun for latest_only_with_trigger to 2025-01-13 16:00:00+00:00, run_after=2025-01-13 20:00:00+00:00
[2025-01-13T23:46:07.587+0000] {processor.py:208} INFO - Processing /home/airflow/.local/lib/python3.12/site-packages/airflow/example_dags/example_latest_only_with_trigger.py took 0.071 seconds
[2025-01-13T23:46:37.716+0000] {processor.py:186} INFO - Started process (PID=2705) to work on /home/airflow/.local/lib/python3.12/site-packages/airflow/example_dags/example_latest_only_with_trigger.py
[2025-01-13T23:46:37.717+0000] {processor.py:914} INFO - Processing file /home/airflow/.local/lib/python3.12/site-packages/airflow/example_dags/example_latest_only_with_trigger.py for tasks to queue
[2025-01-13T23:46:37.719+0000] {logging_mixin.py:190} INFO - [2025-01-13T23:46:37.719+0000] {dagbag.py:588} INFO - Filling up the DagBag from /home/airflow/.local/lib/python3.12/site-packages/airflow/example_dags/example_latest_only_with_trigger.py
[2025-01-13T23:46:37.724+0000] {processor.py:925} INFO - DAG(s) 'latest_only_with_trigger' retrieved from /home/airflow/.local/lib/python3.12/site-packages/airflow/example_dags/example_latest_only_with_trigger.py
[2025-01-13T23:46:37.743+0000] {logging_mixin.py:190} INFO - [2025-01-13T23:46:37.742+0000] {dag.py:3239} INFO - Sync 1 DAGs
[2025-01-13T23:46:37.765+0000] {logging_mixin.py:190} INFO - [2025-01-13T23:46:37.765+0000] {dag.py:4180} INFO - Setting next_dagrun for latest_only_with_trigger to 2025-01-13 16:00:00+00:00, run_after=2025-01-13 20:00:00+00:00
[2025-01-13T23:46:37.781+0000] {processor.py:208} INFO - Processing /home/airflow/.local/lib/python3.12/site-packages/airflow/example_dags/example_latest_only_with_trigger.py took 0.070 seconds
[2025-01-13T23:47:08.062+0000] {processor.py:186} INFO - Started process (PID=2769) to work on /home/airflow/.local/lib/python3.12/site-packages/airflow/example_dags/example_latest_only_with_trigger.py
[2025-01-13T23:47:08.064+0000] {processor.py:914} INFO - Processing file /home/airflow/.local/lib/python3.12/site-packages/airflow/example_dags/example_latest_only_with_trigger.py for tasks to queue
[2025-01-13T23:47:08.067+0000] {logging_mixin.py:190} INFO - [2025-01-13T23:47:08.066+0000] {dagbag.py:588} INFO - Filling up the DagBag from /home/airflow/.local/lib/python3.12/site-packages/airflow/example_dags/example_latest_only_with_trigger.py
[2025-01-13T23:47:08.074+0000] {processor.py:925} INFO - DAG(s) 'latest_only_with_trigger' retrieved from /home/airflow/.local/lib/python3.12/site-packages/airflow/example_dags/example_latest_only_with_trigger.py
[2025-01-13T23:47:08.092+0000] {logging_mixin.py:190} INFO - [2025-01-13T23:47:08.092+0000] {dag.py:3239} INFO - Sync 1 DAGs
[2025-01-13T23:47:08.113+0000] {logging_mixin.py:190} INFO - [2025-01-13T23:47:08.112+0000] {dag.py:4180} INFO - Setting next_dagrun for latest_only_with_trigger to 2025-01-13 16:00:00+00:00, run_after=2025-01-13 20:00:00+00:00
[2025-01-13T23:47:08.133+0000] {processor.py:208} INFO - Processing /home/airflow/.local/lib/python3.12/site-packages/airflow/example_dags/example_latest_only_with_trigger.py took 0.075 seconds
[2025-01-13T23:47:38.897+0000] {processor.py:186} INFO - Started process (PID=2833) to work on /home/airflow/.local/lib/python3.12/site-packages/airflow/example_dags/example_latest_only_with_trigger.py
[2025-01-13T23:47:38.898+0000] {processor.py:914} INFO - Processing file /home/airflow/.local/lib/python3.12/site-packages/airflow/example_dags/example_latest_only_with_trigger.py for tasks to queue
[2025-01-13T23:47:38.900+0000] {logging_mixin.py:190} INFO - [2025-01-13T23:47:38.899+0000] {dagbag.py:588} INFO - Filling up the DagBag from /home/airflow/.local/lib/python3.12/site-packages/airflow/example_dags/example_latest_only_with_trigger.py
[2025-01-13T23:47:38.905+0000] {processor.py:925} INFO - DAG(s) 'latest_only_with_trigger' retrieved from /home/airflow/.local/lib/python3.12/site-packages/airflow/example_dags/example_latest_only_with_trigger.py
[2025-01-13T23:47:38.922+0000] {logging_mixin.py:190} INFO - [2025-01-13T23:47:38.921+0000] {dag.py:3239} INFO - Sync 1 DAGs
[2025-01-13T23:47:38.938+0000] {logging_mixin.py:190} INFO - [2025-01-13T23:47:38.938+0000] {dag.py:4180} INFO - Setting next_dagrun for latest_only_with_trigger to 2025-01-13 16:00:00+00:00, run_after=2025-01-13 20:00:00+00:00
[2025-01-13T23:47:38.951+0000] {processor.py:208} INFO - Processing /home/airflow/.local/lib/python3.12/site-packages/airflow/example_dags/example_latest_only_with_trigger.py took 0.058 seconds
[2025-01-13T23:48:09.718+0000] {processor.py:186} INFO - Started process (PID=2897) to work on /home/airflow/.local/lib/python3.12/site-packages/airflow/example_dags/example_latest_only_with_trigger.py
[2025-01-13T23:48:09.719+0000] {processor.py:914} INFO - Processing file /home/airflow/.local/lib/python3.12/site-packages/airflow/example_dags/example_latest_only_with_trigger.py for tasks to queue
[2025-01-13T23:48:09.721+0000] {logging_mixin.py:190} INFO - [2025-01-13T23:48:09.721+0000] {dagbag.py:588} INFO - Filling up the DagBag from /home/airflow/.local/lib/python3.12/site-packages/airflow/example_dags/example_latest_only_with_trigger.py
[2025-01-13T23:48:09.726+0000] {processor.py:925} INFO - DAG(s) 'latest_only_with_trigger' retrieved from /home/airflow/.local/lib/python3.12/site-packages/airflow/example_dags/example_latest_only_with_trigger.py
[2025-01-13T23:48:09.742+0000] {logging_mixin.py:190} INFO - [2025-01-13T23:48:09.742+0000] {dag.py:3239} INFO - Sync 1 DAGs
[2025-01-13T23:48:09.759+0000] {logging_mixin.py:190} INFO - [2025-01-13T23:48:09.759+0000] {dag.py:4180} INFO - Setting next_dagrun for latest_only_with_trigger to 2025-01-13 16:00:00+00:00, run_after=2025-01-13 20:00:00+00:00
[2025-01-13T23:48:09.774+0000] {processor.py:208} INFO - Processing /home/airflow/.local/lib/python3.12/site-packages/airflow/example_dags/example_latest_only_with_trigger.py took 0.061 seconds
[2025-01-13T23:48:40.510+0000] {processor.py:186} INFO - Started process (PID=2961) to work on /home/airflow/.local/lib/python3.12/site-packages/airflow/example_dags/example_latest_only_with_trigger.py
[2025-01-13T23:48:40.512+0000] {processor.py:914} INFO - Processing file /home/airflow/.local/lib/python3.12/site-packages/airflow/example_dags/example_latest_only_with_trigger.py for tasks to queue
[2025-01-13T23:48:40.515+0000] {logging_mixin.py:190} INFO - [2025-01-13T23:48:40.514+0000] {dagbag.py:588} INFO - Filling up the DagBag from /home/airflow/.local/lib/python3.12/site-packages/airflow/example_dags/example_latest_only_with_trigger.py
[2025-01-13T23:48:40.523+0000] {processor.py:925} INFO - DAG(s) 'latest_only_with_trigger' retrieved from /home/airflow/.local/lib/python3.12/site-packages/airflow/example_dags/example_latest_only_with_trigger.py
[2025-01-13T23:48:40.540+0000] {logging_mixin.py:190} INFO - [2025-01-13T23:48:40.540+0000] {dag.py:3239} INFO - Sync 1 DAGs
[2025-01-13T23:48:40.556+0000] {logging_mixin.py:190} INFO - [2025-01-13T23:48:40.556+0000] {dag.py:4180} INFO - Setting next_dagrun for latest_only_with_trigger to 2025-01-13 16:00:00+00:00, run_after=2025-01-13 20:00:00+00:00
[2025-01-13T23:48:40.577+0000] {processor.py:208} INFO - Processing /home/airflow/.local/lib/python3.12/site-packages/airflow/example_dags/example_latest_only_with_trigger.py took 0.074 seconds
[2025-01-13T23:49:12.195+0000] {processor.py:186} INFO - Started process (PID=3025) to work on /home/airflow/.local/lib/python3.12/site-packages/airflow/example_dags/example_latest_only_with_trigger.py
[2025-01-13T23:49:12.197+0000] {processor.py:914} INFO - Processing file /home/airflow/.local/lib/python3.12/site-packages/airflow/example_dags/example_latest_only_with_trigger.py for tasks to queue
[2025-01-13T23:49:12.200+0000] {logging_mixin.py:190} INFO - [2025-01-13T23:49:12.199+0000] {dagbag.py:588} INFO - Filling up the DagBag from /home/airflow/.local/lib/python3.12/site-packages/airflow/example_dags/example_latest_only_with_trigger.py
[2025-01-13T23:49:12.207+0000] {processor.py:925} INFO - DAG(s) 'latest_only_with_trigger' retrieved from /home/airflow/.local/lib/python3.12/site-packages/airflow/example_dags/example_latest_only_with_trigger.py
[2025-01-13T23:49:12.235+0000] {logging_mixin.py:190} INFO - [2025-01-13T23:49:12.235+0000] {dag.py:3239} INFO - Sync 1 DAGs
[2025-01-13T23:49:12.259+0000] {logging_mixin.py:190} INFO - [2025-01-13T23:49:12.259+0000] {dag.py:4180} INFO - Setting next_dagrun for latest_only_with_trigger to 2025-01-13 16:00:00+00:00, run_after=2025-01-13 20:00:00+00:00
[2025-01-13T23:49:12.283+0000] {processor.py:208} INFO - Processing /home/airflow/.local/lib/python3.12/site-packages/airflow/example_dags/example_latest_only_with_trigger.py took 0.094 seconds
[2025-01-13T23:49:42.800+0000] {processor.py:186} INFO - Started process (PID=3089) to work on /home/airflow/.local/lib/python3.12/site-packages/airflow/example_dags/example_latest_only_with_trigger.py
[2025-01-13T23:49:42.802+0000] {processor.py:914} INFO - Processing file /home/airflow/.local/lib/python3.12/site-packages/airflow/example_dags/example_latest_only_with_trigger.py for tasks to queue
[2025-01-13T23:49:42.805+0000] {logging_mixin.py:190} INFO - [2025-01-13T23:49:42.804+0000] {dagbag.py:588} INFO - Filling up the DagBag from /home/airflow/.local/lib/python3.12/site-packages/airflow/example_dags/example_latest_only_with_trigger.py
[2025-01-13T23:49:42.811+0000] {processor.py:925} INFO - DAG(s) 'latest_only_with_trigger' retrieved from /home/airflow/.local/lib/python3.12/site-packages/airflow/example_dags/example_latest_only_with_trigger.py
[2025-01-13T23:49:42.832+0000] {logging_mixin.py:190} INFO - [2025-01-13T23:49:42.831+0000] {dag.py:3239} INFO - Sync 1 DAGs
[2025-01-13T23:49:42.981+0000] {logging_mixin.py:190} INFO - [2025-01-13T23:49:42.981+0000] {dag.py:4180} INFO - Setting next_dagrun for latest_only_with_trigger to 2025-01-13 16:00:00+00:00, run_after=2025-01-13 20:00:00+00:00
[2025-01-13T23:49:42.997+0000] {processor.py:208} INFO - Processing /home/airflow/.local/lib/python3.12/site-packages/airflow/example_dags/example_latest_only_with_trigger.py took 0.202 seconds
[2025-01-13T23:50:13.690+0000] {processor.py:186} INFO - Started process (PID=3153) to work on /home/airflow/.local/lib/python3.12/site-packages/airflow/example_dags/example_latest_only_with_trigger.py
[2025-01-13T23:50:13.692+0000] {processor.py:914} INFO - Processing file /home/airflow/.local/lib/python3.12/site-packages/airflow/example_dags/example_latest_only_with_trigger.py for tasks to queue
[2025-01-13T23:50:13.695+0000] {logging_mixin.py:190} INFO - [2025-01-13T23:50:13.694+0000] {dagbag.py:588} INFO - Filling up the DagBag from /home/airflow/.local/lib/python3.12/site-packages/airflow/example_dags/example_latest_only_with_trigger.py
[2025-01-13T23:50:13.703+0000] {processor.py:925} INFO - DAG(s) 'latest_only_with_trigger' retrieved from /home/airflow/.local/lib/python3.12/site-packages/airflow/example_dags/example_latest_only_with_trigger.py
[2025-01-13T23:50:13.727+0000] {logging_mixin.py:190} INFO - [2025-01-13T23:50:13.726+0000] {dag.py:3239} INFO - Sync 1 DAGs
[2025-01-13T23:50:13.931+0000] {logging_mixin.py:190} INFO - [2025-01-13T23:50:13.931+0000] {dag.py:4180} INFO - Setting next_dagrun for latest_only_with_trigger to 2025-01-13 16:00:00+00:00, run_after=2025-01-13 20:00:00+00:00
[2025-01-13T23:50:13.956+0000] {processor.py:208} INFO - Processing /home/airflow/.local/lib/python3.12/site-packages/airflow/example_dags/example_latest_only_with_trigger.py took 0.272 seconds
[2025-01-13T23:50:44.489+0000] {processor.py:186} INFO - Started process (PID=3217) to work on /home/airflow/.local/lib/python3.12/site-packages/airflow/example_dags/example_latest_only_with_trigger.py
[2025-01-13T23:50:44.491+0000] {processor.py:914} INFO - Processing file /home/airflow/.local/lib/python3.12/site-packages/airflow/example_dags/example_latest_only_with_trigger.py for tasks to queue
[2025-01-13T23:50:44.496+0000] {logging_mixin.py:190} INFO - [2025-01-13T23:50:44.495+0000] {dagbag.py:588} INFO - Filling up the DagBag from /home/airflow/.local/lib/python3.12/site-packages/airflow/example_dags/example_latest_only_with_trigger.py
[2025-01-13T23:50:44.507+0000] {processor.py:925} INFO - DAG(s) 'latest_only_with_trigger' retrieved from /home/airflow/.local/lib/python3.12/site-packages/airflow/example_dags/example_latest_only_with_trigger.py
[2025-01-13T23:50:44.532+0000] {logging_mixin.py:190} INFO - [2025-01-13T23:50:44.532+0000] {dag.py:3239} INFO - Sync 1 DAGs
[2025-01-13T23:50:44.562+0000] {logging_mixin.py:190} INFO - [2025-01-13T23:50:44.562+0000] {dag.py:4180} INFO - Setting next_dagrun for latest_only_with_trigger to 2025-01-13 16:00:00+00:00, run_after=2025-01-13 20:00:00+00:00
[2025-01-13T23:50:44.586+0000] {processor.py:208} INFO - Processing /home/airflow/.local/lib/python3.12/site-packages/airflow/example_dags/example_latest_only_with_trigger.py took 0.102 seconds
[2025-01-13T23:51:15.276+0000] {processor.py:186} INFO - Started process (PID=3279) to work on /home/airflow/.local/lib/python3.12/site-packages/airflow/example_dags/example_latest_only_with_trigger.py
[2025-01-13T23:51:15.277+0000] {processor.py:914} INFO - Processing file /home/airflow/.local/lib/python3.12/site-packages/airflow/example_dags/example_latest_only_with_trigger.py for tasks to queue
[2025-01-13T23:51:15.278+0000] {logging_mixin.py:190} INFO - [2025-01-13T23:51:15.278+0000] {dagbag.py:588} INFO - Filling up the DagBag from /home/airflow/.local/lib/python3.12/site-packages/airflow/example_dags/example_latest_only_with_trigger.py
[2025-01-13T23:51:15.285+0000] {processor.py:925} INFO - DAG(s) 'latest_only_with_trigger' retrieved from /home/airflow/.local/lib/python3.12/site-packages/airflow/example_dags/example_latest_only_with_trigger.py
[2025-01-13T23:51:15.302+0000] {logging_mixin.py:190} INFO - [2025-01-13T23:51:15.302+0000] {dag.py:3239} INFO - Sync 1 DAGs
[2025-01-13T23:51:15.319+0000] {logging_mixin.py:190} INFO - [2025-01-13T23:51:15.319+0000] {dag.py:4180} INFO - Setting next_dagrun for latest_only_with_trigger to 2025-01-13 16:00:00+00:00, run_after=2025-01-13 20:00:00+00:00
[2025-01-13T23:51:15.336+0000] {processor.py:208} INFO - Processing /home/airflow/.local/lib/python3.12/site-packages/airflow/example_dags/example_latest_only_with_trigger.py took 0.065 seconds
[2025-01-13T23:51:45.515+0000] {processor.py:186} INFO - Started process (PID=3343) to work on /home/airflow/.local/lib/python3.12/site-packages/airflow/example_dags/example_latest_only_with_trigger.py
[2025-01-13T23:51:45.516+0000] {processor.py:914} INFO - Processing file /home/airflow/.local/lib/python3.12/site-packages/airflow/example_dags/example_latest_only_with_trigger.py for tasks to queue
[2025-01-13T23:51:45.519+0000] {logging_mixin.py:190} INFO - [2025-01-13T23:51:45.519+0000] {dagbag.py:588} INFO - Filling up the DagBag from /home/airflow/.local/lib/python3.12/site-packages/airflow/example_dags/example_latest_only_with_trigger.py
[2025-01-13T23:51:45.525+0000] {processor.py:925} INFO - DAG(s) 'latest_only_with_trigger' retrieved from /home/airflow/.local/lib/python3.12/site-packages/airflow/example_dags/example_latest_only_with_trigger.py
[2025-01-13T23:51:45.545+0000] {logging_mixin.py:190} INFO - [2025-01-13T23:51:45.545+0000] {dag.py:3239} INFO - Sync 1 DAGs
[2025-01-13T23:51:45.563+0000] {logging_mixin.py:190} INFO - [2025-01-13T23:51:45.563+0000] {dag.py:4180} INFO - Setting next_dagrun for latest_only_with_trigger to 2025-01-13 16:00:00+00:00, run_after=2025-01-13 20:00:00+00:00
[2025-01-13T23:51:45.581+0000] {processor.py:208} INFO - Processing /home/airflow/.local/lib/python3.12/site-packages/airflow/example_dags/example_latest_only_with_trigger.py took 0.070 seconds
[2025-01-13T23:52:16.113+0000] {processor.py:186} INFO - Started process (PID=3407) to work on /home/airflow/.local/lib/python3.12/site-packages/airflow/example_dags/example_latest_only_with_trigger.py
[2025-01-13T23:52:16.114+0000] {processor.py:914} INFO - Processing file /home/airflow/.local/lib/python3.12/site-packages/airflow/example_dags/example_latest_only_with_trigger.py for tasks to queue
[2025-01-13T23:52:16.117+0000] {logging_mixin.py:190} INFO - [2025-01-13T23:52:16.116+0000] {dagbag.py:588} INFO - Filling up the DagBag from /home/airflow/.local/lib/python3.12/site-packages/airflow/example_dags/example_latest_only_with_trigger.py
[2025-01-13T23:52:16.123+0000] {processor.py:925} INFO - DAG(s) 'latest_only_with_trigger' retrieved from /home/airflow/.local/lib/python3.12/site-packages/airflow/example_dags/example_latest_only_with_trigger.py
[2025-01-13T23:52:16.150+0000] {logging_mixin.py:190} INFO - [2025-01-13T23:52:16.149+0000] {dag.py:3239} INFO - Sync 1 DAGs
[2025-01-13T23:52:16.178+0000] {logging_mixin.py:190} INFO - [2025-01-13T23:52:16.178+0000] {dag.py:4180} INFO - Setting next_dagrun for latest_only_with_trigger to 2025-01-13 16:00:00+00:00, run_after=2025-01-13 20:00:00+00:00
[2025-01-13T23:52:16.204+0000] {processor.py:208} INFO - Processing /home/airflow/.local/lib/python3.12/site-packages/airflow/example_dags/example_latest_only_with_trigger.py took 0.097 seconds
[2025-01-13T23:52:47.111+0000] {processor.py:186} INFO - Started process (PID=3471) to work on /home/airflow/.local/lib/python3.12/site-packages/airflow/example_dags/example_latest_only_with_trigger.py
[2025-01-13T23:52:47.113+0000] {processor.py:914} INFO - Processing file /home/airflow/.local/lib/python3.12/site-packages/airflow/example_dags/example_latest_only_with_trigger.py for tasks to queue
[2025-01-13T23:52:47.116+0000] {logging_mixin.py:190} INFO - [2025-01-13T23:52:47.116+0000] {dagbag.py:588} INFO - Filling up the DagBag from /home/airflow/.local/lib/python3.12/site-packages/airflow/example_dags/example_latest_only_with_trigger.py
[2025-01-13T23:52:47.125+0000] {processor.py:925} INFO - DAG(s) 'latest_only_with_trigger' retrieved from /home/airflow/.local/lib/python3.12/site-packages/airflow/example_dags/example_latest_only_with_trigger.py
[2025-01-13T23:52:47.146+0000] {logging_mixin.py:190} INFO - [2025-01-13T23:52:47.145+0000] {dag.py:3239} INFO - Sync 1 DAGs
[2025-01-13T23:52:47.164+0000] {logging_mixin.py:190} INFO - [2025-01-13T23:52:47.164+0000] {dag.py:4180} INFO - Setting next_dagrun for latest_only_with_trigger to 2025-01-13 16:00:00+00:00, run_after=2025-01-13 20:00:00+00:00
[2025-01-13T23:52:47.184+0000] {processor.py:208} INFO - Processing /home/airflow/.local/lib/python3.12/site-packages/airflow/example_dags/example_latest_only_with_trigger.py took 0.079 seconds
[2025-01-13T23:53:17.661+0000] {processor.py:186} INFO - Started process (PID=3535) to work on /home/airflow/.local/lib/python3.12/site-packages/airflow/example_dags/example_latest_only_with_trigger.py
[2025-01-13T23:53:17.662+0000] {processor.py:914} INFO - Processing file /home/airflow/.local/lib/python3.12/site-packages/airflow/example_dags/example_latest_only_with_trigger.py for tasks to queue
[2025-01-13T23:53:17.664+0000] {logging_mixin.py:190} INFO - [2025-01-13T23:53:17.664+0000] {dagbag.py:588} INFO - Filling up the DagBag from /home/airflow/.local/lib/python3.12/site-packages/airflow/example_dags/example_latest_only_with_trigger.py
[2025-01-13T23:53:17.672+0000] {processor.py:925} INFO - DAG(s) 'latest_only_with_trigger' retrieved from /home/airflow/.local/lib/python3.12/site-packages/airflow/example_dags/example_latest_only_with_trigger.py
[2025-01-13T23:53:17.689+0000] {logging_mixin.py:190} INFO - [2025-01-13T23:53:17.689+0000] {dag.py:3239} INFO - Sync 1 DAGs
[2025-01-13T23:53:17.705+0000] {logging_mixin.py:190} INFO - [2025-01-13T23:53:17.705+0000] {dag.py:4180} INFO - Setting next_dagrun for latest_only_with_trigger to 2025-01-13 16:00:00+00:00, run_after=2025-01-13 20:00:00+00:00
[2025-01-13T23:53:17.727+0000] {processor.py:208} INFO - Processing /home/airflow/.local/lib/python3.12/site-packages/airflow/example_dags/example_latest_only_with_trigger.py took 0.070 seconds
[2025-01-13T23:53:48.524+0000] {processor.py:186} INFO - Started process (PID=3599) to work on /home/airflow/.local/lib/python3.12/site-packages/airflow/example_dags/example_latest_only_with_trigger.py
[2025-01-13T23:53:48.526+0000] {processor.py:914} INFO - Processing file /home/airflow/.local/lib/python3.12/site-packages/airflow/example_dags/example_latest_only_with_trigger.py for tasks to queue
[2025-01-13T23:53:48.532+0000] {logging_mixin.py:190} INFO - [2025-01-13T23:53:48.531+0000] {dagbag.py:588} INFO - Filling up the DagBag from /home/airflow/.local/lib/python3.12/site-packages/airflow/example_dags/example_latest_only_with_trigger.py
[2025-01-13T23:53:48.545+0000] {processor.py:925} INFO - DAG(s) 'latest_only_with_trigger' retrieved from /home/airflow/.local/lib/python3.12/site-packages/airflow/example_dags/example_latest_only_with_trigger.py
[2025-01-13T23:53:48.576+0000] {logging_mixin.py:190} INFO - [2025-01-13T23:53:48.575+0000] {dag.py:3239} INFO - Sync 1 DAGs
[2025-01-13T23:53:48.603+0000] {logging_mixin.py:190} INFO - [2025-01-13T23:53:48.603+0000] {dag.py:4180} INFO - Setting next_dagrun for latest_only_with_trigger to 2025-01-13 16:00:00+00:00, run_after=2025-01-13 20:00:00+00:00
[2025-01-13T23:53:48.629+0000] {processor.py:208} INFO - Processing /home/airflow/.local/lib/python3.12/site-packages/airflow/example_dags/example_latest_only_with_trigger.py took 0.118 seconds
[2025-01-13T23:54:19.039+0000] {processor.py:186} INFO - Started process (PID=3663) to work on /home/airflow/.local/lib/python3.12/site-packages/airflow/example_dags/example_latest_only_with_trigger.py
[2025-01-13T23:54:19.040+0000] {processor.py:914} INFO - Processing file /home/airflow/.local/lib/python3.12/site-packages/airflow/example_dags/example_latest_only_with_trigger.py for tasks to queue
[2025-01-13T23:54:19.043+0000] {logging_mixin.py:190} INFO - [2025-01-13T23:54:19.043+0000] {dagbag.py:588} INFO - Filling up the DagBag from /home/airflow/.local/lib/python3.12/site-packages/airflow/example_dags/example_latest_only_with_trigger.py
[2025-01-13T23:54:19.052+0000] {processor.py:925} INFO - DAG(s) 'latest_only_with_trigger' retrieved from /home/airflow/.local/lib/python3.12/site-packages/airflow/example_dags/example_latest_only_with_trigger.py
[2025-01-13T23:54:19.076+0000] {logging_mixin.py:190} INFO - [2025-01-13T23:54:19.076+0000] {dag.py:3239} INFO - Sync 1 DAGs
[2025-01-13T23:54:19.098+0000] {logging_mixin.py:190} INFO - [2025-01-13T23:54:19.097+0000] {dag.py:4180} INFO - Setting next_dagrun for latest_only_with_trigger to 2025-01-13 16:00:00+00:00, run_after=2025-01-13 20:00:00+00:00
[2025-01-13T23:54:19.123+0000] {processor.py:208} INFO - Processing /home/airflow/.local/lib/python3.12/site-packages/airflow/example_dags/example_latest_only_with_trigger.py took 0.090 seconds
[2025-01-13T23:54:49.402+0000] {processor.py:186} INFO - Started process (PID=3734) to work on /home/airflow/.local/lib/python3.12/site-packages/airflow/example_dags/example_latest_only_with_trigger.py
[2025-01-13T23:54:49.403+0000] {processor.py:914} INFO - Processing file /home/airflow/.local/lib/python3.12/site-packages/airflow/example_dags/example_latest_only_with_trigger.py for tasks to queue
[2025-01-13T23:54:49.405+0000] {logging_mixin.py:190} INFO - [2025-01-13T23:54:49.405+0000] {dagbag.py:588} INFO - Filling up the DagBag from /home/airflow/.local/lib/python3.12/site-packages/airflow/example_dags/example_latest_only_with_trigger.py
[2025-01-13T23:54:49.411+0000] {processor.py:925} INFO - DAG(s) 'latest_only_with_trigger' retrieved from /home/airflow/.local/lib/python3.12/site-packages/airflow/example_dags/example_latest_only_with_trigger.py
[2025-01-13T23:54:49.427+0000] {logging_mixin.py:190} INFO - [2025-01-13T23:54:49.426+0000] {dag.py:3239} INFO - Sync 1 DAGs
[2025-01-13T23:54:49.447+0000] {logging_mixin.py:190} INFO - [2025-01-13T23:54:49.447+0000] {dag.py:4180} INFO - Setting next_dagrun for latest_only_with_trigger to 2025-01-13 16:00:00+00:00, run_after=2025-01-13 20:00:00+00:00
[2025-01-13T23:54:49.463+0000] {processor.py:208} INFO - Processing /home/airflow/.local/lib/python3.12/site-packages/airflow/example_dags/example_latest_only_with_trigger.py took 0.068 seconds
[2025-01-13T23:55:19.872+0000] {processor.py:186} INFO - Started process (PID=3794) to work on /home/airflow/.local/lib/python3.12/site-packages/airflow/example_dags/example_latest_only_with_trigger.py
[2025-01-13T23:55:19.873+0000] {processor.py:914} INFO - Processing file /home/airflow/.local/lib/python3.12/site-packages/airflow/example_dags/example_latest_only_with_trigger.py for tasks to queue
[2025-01-13T23:55:19.875+0000] {logging_mixin.py:190} INFO - [2025-01-13T23:55:19.875+0000] {dagbag.py:588} INFO - Filling up the DagBag from /home/airflow/.local/lib/python3.12/site-packages/airflow/example_dags/example_latest_only_with_trigger.py
[2025-01-13T23:55:19.881+0000] {processor.py:925} INFO - DAG(s) 'latest_only_with_trigger' retrieved from /home/airflow/.local/lib/python3.12/site-packages/airflow/example_dags/example_latest_only_with_trigger.py
[2025-01-13T23:55:19.898+0000] {logging_mixin.py:190} INFO - [2025-01-13T23:55:19.898+0000] {dag.py:3239} INFO - Sync 1 DAGs
[2025-01-13T23:55:19.918+0000] {logging_mixin.py:190} INFO - [2025-01-13T23:55:19.918+0000] {dag.py:4180} INFO - Setting next_dagrun for latest_only_with_trigger to 2025-01-13 16:00:00+00:00, run_after=2025-01-13 20:00:00+00:00
[2025-01-13T23:55:19.938+0000] {processor.py:208} INFO - Processing /home/airflow/.local/lib/python3.12/site-packages/airflow/example_dags/example_latest_only_with_trigger.py took 0.071 seconds
[2025-01-13T23:55:50.769+0000] {processor.py:186} INFO - Started process (PID=3858) to work on /home/airflow/.local/lib/python3.12/site-packages/airflow/example_dags/example_latest_only_with_trigger.py
[2025-01-13T23:55:50.770+0000] {processor.py:914} INFO - Processing file /home/airflow/.local/lib/python3.12/site-packages/airflow/example_dags/example_latest_only_with_trigger.py for tasks to queue
[2025-01-13T23:55:50.773+0000] {logging_mixin.py:190} INFO - [2025-01-13T23:55:50.772+0000] {dagbag.py:588} INFO - Filling up the DagBag from /home/airflow/.local/lib/python3.12/site-packages/airflow/example_dags/example_latest_only_with_trigger.py
[2025-01-13T23:55:50.780+0000] {processor.py:925} INFO - DAG(s) 'latest_only_with_trigger' retrieved from /home/airflow/.local/lib/python3.12/site-packages/airflow/example_dags/example_latest_only_with_trigger.py
[2025-01-13T23:55:50.809+0000] {logging_mixin.py:190} INFO - [2025-01-13T23:55:50.808+0000] {dag.py:3239} INFO - Sync 1 DAGs
[2025-01-13T23:55:50.835+0000] {logging_mixin.py:190} INFO - [2025-01-13T23:55:50.835+0000] {dag.py:4180} INFO - Setting next_dagrun for latest_only_with_trigger to 2025-01-13 16:00:00+00:00, run_after=2025-01-13 20:00:00+00:00
[2025-01-13T23:55:50.861+0000] {processor.py:208} INFO - Processing /home/airflow/.local/lib/python3.12/site-packages/airflow/example_dags/example_latest_only_with_trigger.py took 0.097 seconds
[2025-01-13T23:56:21.313+0000] {processor.py:186} INFO - Started process (PID=3921) to work on /home/airflow/.local/lib/python3.12/site-packages/airflow/example_dags/example_latest_only_with_trigger.py
[2025-01-13T23:56:21.315+0000] {processor.py:914} INFO - Processing file /home/airflow/.local/lib/python3.12/site-packages/airflow/example_dags/example_latest_only_with_trigger.py for tasks to queue
[2025-01-13T23:56:21.318+0000] {logging_mixin.py:190} INFO - [2025-01-13T23:56:21.317+0000] {dagbag.py:588} INFO - Filling up the DagBag from /home/airflow/.local/lib/python3.12/site-packages/airflow/example_dags/example_latest_only_with_trigger.py
[2025-01-13T23:56:21.326+0000] {processor.py:925} INFO - DAG(s) 'latest_only_with_trigger' retrieved from /home/airflow/.local/lib/python3.12/site-packages/airflow/example_dags/example_latest_only_with_trigger.py
[2025-01-13T23:56:21.355+0000] {logging_mixin.py:190} INFO - [2025-01-13T23:56:21.355+0000] {dag.py:3239} INFO - Sync 1 DAGs
[2025-01-13T23:56:21.382+0000] {logging_mixin.py:190} INFO - [2025-01-13T23:56:21.382+0000] {dag.py:4180} INFO - Setting next_dagrun for latest_only_with_trigger to 2025-01-13 16:00:00+00:00, run_after=2025-01-13 20:00:00+00:00
[2025-01-13T23:56:21.408+0000] {processor.py:208} INFO - Processing /home/airflow/.local/lib/python3.12/site-packages/airflow/example_dags/example_latest_only_with_trigger.py took 0.101 seconds
[2025-01-13T23:56:51.860+0000] {processor.py:186} INFO - Started process (PID=3985) to work on /home/airflow/.local/lib/python3.12/site-packages/airflow/example_dags/example_latest_only_with_trigger.py
[2025-01-13T23:56:51.862+0000] {processor.py:914} INFO - Processing file /home/airflow/.local/lib/python3.12/site-packages/airflow/example_dags/example_latest_only_with_trigger.py for tasks to queue
[2025-01-13T23:56:51.866+0000] {logging_mixin.py:190} INFO - [2025-01-13T23:56:51.865+0000] {dagbag.py:588} INFO - Filling up the DagBag from /home/airflow/.local/lib/python3.12/site-packages/airflow/example_dags/example_latest_only_with_trigger.py
[2025-01-13T23:56:51.876+0000] {processor.py:925} INFO - DAG(s) 'latest_only_with_trigger' retrieved from /home/airflow/.local/lib/python3.12/site-packages/airflow/example_dags/example_latest_only_with_trigger.py
[2025-01-13T23:56:51.905+0000] {logging_mixin.py:190} INFO - [2025-01-13T23:56:51.904+0000] {dag.py:3239} INFO - Sync 1 DAGs
[2025-01-13T23:56:51.934+0000] {logging_mixin.py:190} INFO - [2025-01-13T23:56:51.934+0000] {dag.py:4180} INFO - Setting next_dagrun for latest_only_with_trigger to 2025-01-13 16:00:00+00:00, run_after=2025-01-13 20:00:00+00:00
[2025-01-13T23:56:51.962+0000] {processor.py:208} INFO - Processing /home/airflow/.local/lib/python3.12/site-packages/airflow/example_dags/example_latest_only_with_trigger.py took 0.108 seconds
[2025-01-13T23:57:22.226+0000] {processor.py:186} INFO - Started process (PID=4049) to work on /home/airflow/.local/lib/python3.12/site-packages/airflow/example_dags/example_latest_only_with_trigger.py
[2025-01-13T23:57:22.227+0000] {processor.py:914} INFO - Processing file /home/airflow/.local/lib/python3.12/site-packages/airflow/example_dags/example_latest_only_with_trigger.py for tasks to queue
[2025-01-13T23:57:22.231+0000] {logging_mixin.py:190} INFO - [2025-01-13T23:57:22.230+0000] {dagbag.py:588} INFO - Filling up the DagBag from /home/airflow/.local/lib/python3.12/site-packages/airflow/example_dags/example_latest_only_with_trigger.py
[2025-01-13T23:57:22.241+0000] {processor.py:925} INFO - DAG(s) 'latest_only_with_trigger' retrieved from /home/airflow/.local/lib/python3.12/site-packages/airflow/example_dags/example_latest_only_with_trigger.py
[2025-01-13T23:57:22.268+0000] {logging_mixin.py:190} INFO - [2025-01-13T23:57:22.267+0000] {dag.py:3239} INFO - Sync 1 DAGs
[2025-01-13T23:57:22.300+0000] {logging_mixin.py:190} INFO - [2025-01-13T23:57:22.300+0000] {dag.py:4180} INFO - Setting next_dagrun for latest_only_with_trigger to 2025-01-13 16:00:00+00:00, run_after=2025-01-13 20:00:00+00:00
[2025-01-13T23:57:22.326+0000] {processor.py:208} INFO - Processing /home/airflow/.local/lib/python3.12/site-packages/airflow/example_dags/example_latest_only_with_trigger.py took 0.107 seconds
[2025-01-13T23:57:53.324+0000] {processor.py:186} INFO - Started process (PID=4113) to work on /home/airflow/.local/lib/python3.12/site-packages/airflow/example_dags/example_latest_only_with_trigger.py
[2025-01-13T23:57:53.325+0000] {processor.py:914} INFO - Processing file /home/airflow/.local/lib/python3.12/site-packages/airflow/example_dags/example_latest_only_with_trigger.py for tasks to queue
[2025-01-13T23:57:53.327+0000] {logging_mixin.py:190} INFO - [2025-01-13T23:57:53.326+0000] {dagbag.py:588} INFO - Filling up the DagBag from /home/airflow/.local/lib/python3.12/site-packages/airflow/example_dags/example_latest_only_with_trigger.py
[2025-01-13T23:57:53.333+0000] {processor.py:925} INFO - DAG(s) 'latest_only_with_trigger' retrieved from /home/airflow/.local/lib/python3.12/site-packages/airflow/example_dags/example_latest_only_with_trigger.py
[2025-01-13T23:57:53.356+0000] {logging_mixin.py:190} INFO - [2025-01-13T23:57:53.356+0000] {dag.py:3239} INFO - Sync 1 DAGs
[2025-01-13T23:57:53.380+0000] {logging_mixin.py:190} INFO - [2025-01-13T23:57:53.380+0000] {dag.py:4180} INFO - Setting next_dagrun for latest_only_with_trigger to 2025-01-13 16:00:00+00:00, run_after=2025-01-13 20:00:00+00:00
[2025-01-13T23:57:53.401+0000] {processor.py:208} INFO - Processing /home/airflow/.local/lib/python3.12/site-packages/airflow/example_dags/example_latest_only_with_trigger.py took 0.083 seconds
[2025-01-13T23:58:23.655+0000] {processor.py:186} INFO - Started process (PID=4171) to work on /home/airflow/.local/lib/python3.12/site-packages/airflow/example_dags/example_latest_only_with_trigger.py
[2025-01-13T23:58:23.657+0000] {processor.py:914} INFO - Processing file /home/airflow/.local/lib/python3.12/site-packages/airflow/example_dags/example_latest_only_with_trigger.py for tasks to queue
[2025-01-13T23:58:23.659+0000] {logging_mixin.py:190} INFO - [2025-01-13T23:58:23.659+0000] {dagbag.py:588} INFO - Filling up the DagBag from /home/airflow/.local/lib/python3.12/site-packages/airflow/example_dags/example_latest_only_with_trigger.py
[2025-01-13T23:58:23.667+0000] {processor.py:925} INFO - DAG(s) 'latest_only_with_trigger' retrieved from /home/airflow/.local/lib/python3.12/site-packages/airflow/example_dags/example_latest_only_with_trigger.py
[2025-01-13T23:58:23.689+0000] {logging_mixin.py:190} INFO - [2025-01-13T23:58:23.688+0000] {dag.py:3239} INFO - Sync 1 DAGs
[2025-01-13T23:58:23.714+0000] {logging_mixin.py:190} INFO - [2025-01-13T23:58:23.714+0000] {dag.py:4180} INFO - Setting next_dagrun for latest_only_with_trigger to 2025-01-13 16:00:00+00:00, run_after=2025-01-13 20:00:00+00:00
[2025-01-13T23:58:23.745+0000] {processor.py:208} INFO - Processing /home/airflow/.local/lib/python3.12/site-packages/airflow/example_dags/example_latest_only_with_trigger.py took 0.095 seconds
[2025-01-13T23:58:54.148+0000] {processor.py:186} INFO - Started process (PID=4234) to work on /home/airflow/.local/lib/python3.12/site-packages/airflow/example_dags/example_latest_only_with_trigger.py
[2025-01-13T23:58:54.149+0000] {processor.py:914} INFO - Processing file /home/airflow/.local/lib/python3.12/site-packages/airflow/example_dags/example_latest_only_with_trigger.py for tasks to queue
[2025-01-13T23:58:54.156+0000] {logging_mixin.py:190} INFO - [2025-01-13T23:58:54.155+0000] {dagbag.py:588} INFO - Filling up the DagBag from /home/airflow/.local/lib/python3.12/site-packages/airflow/example_dags/example_latest_only_with_trigger.py
[2025-01-13T23:58:54.165+0000] {processor.py:925} INFO - DAG(s) 'latest_only_with_trigger' retrieved from /home/airflow/.local/lib/python3.12/site-packages/airflow/example_dags/example_latest_only_with_trigger.py
[2025-01-13T23:58:54.188+0000] {logging_mixin.py:190} INFO - [2025-01-13T23:58:54.188+0000] {dag.py:3239} INFO - Sync 1 DAGs
[2025-01-13T23:58:54.208+0000] {logging_mixin.py:190} INFO - [2025-01-13T23:58:54.208+0000] {dag.py:4180} INFO - Setting next_dagrun for latest_only_with_trigger to 2025-01-13 16:00:00+00:00, run_after=2025-01-13 20:00:00+00:00
[2025-01-13T23:58:54.233+0000] {processor.py:208} INFO - Processing /home/airflow/.local/lib/python3.12/site-packages/airflow/example_dags/example_latest_only_with_trigger.py took 0.090 seconds
[2025-01-13T23:59:24.879+0000] {processor.py:186} INFO - Started process (PID=4298) to work on /home/airflow/.local/lib/python3.12/site-packages/airflow/example_dags/example_latest_only_with_trigger.py
[2025-01-13T23:59:24.880+0000] {processor.py:914} INFO - Processing file /home/airflow/.local/lib/python3.12/site-packages/airflow/example_dags/example_latest_only_with_trigger.py for tasks to queue
[2025-01-13T23:59:24.883+0000] {logging_mixin.py:190} INFO - [2025-01-13T23:59:24.882+0000] {dagbag.py:588} INFO - Filling up the DagBag from /home/airflow/.local/lib/python3.12/site-packages/airflow/example_dags/example_latest_only_with_trigger.py
[2025-01-13T23:59:24.889+0000] {processor.py:925} INFO - DAG(s) 'latest_only_with_trigger' retrieved from /home/airflow/.local/lib/python3.12/site-packages/airflow/example_dags/example_latest_only_with_trigger.py
[2025-01-13T23:59:24.916+0000] {logging_mixin.py:190} INFO - [2025-01-13T23:59:24.916+0000] {dag.py:3239} INFO - Sync 1 DAGs
[2025-01-13T23:59:24.946+0000] {logging_mixin.py:190} INFO - [2025-01-13T23:59:24.946+0000] {dag.py:4180} INFO - Setting next_dagrun for latest_only_with_trigger to 2025-01-13 16:00:00+00:00, run_after=2025-01-13 20:00:00+00:00
[2025-01-13T23:59:24.976+0000] {processor.py:208} INFO - Processing /home/airflow/.local/lib/python3.12/site-packages/airflow/example_dags/example_latest_only_with_trigger.py took 0.103 seconds
[2025-01-13T23:59:55.127+0000] {processor.py:186} INFO - Started process (PID=4362) to work on /home/airflow/.local/lib/python3.12/site-packages/airflow/example_dags/example_latest_only_with_trigger.py
[2025-01-13T23:59:55.128+0000] {processor.py:914} INFO - Processing file /home/airflow/.local/lib/python3.12/site-packages/airflow/example_dags/example_latest_only_with_trigger.py for tasks to queue
[2025-01-13T23:59:55.132+0000] {logging_mixin.py:190} INFO - [2025-01-13T23:59:55.131+0000] {dagbag.py:588} INFO - Filling up the DagBag from /home/airflow/.local/lib/python3.12/site-packages/airflow/example_dags/example_latest_only_with_trigger.py
[2025-01-13T23:59:55.150+0000] {processor.py:925} INFO - DAG(s) 'latest_only_with_trigger' retrieved from /home/airflow/.local/lib/python3.12/site-packages/airflow/example_dags/example_latest_only_with_trigger.py
[2025-01-13T23:59:55.178+0000] {logging_mixin.py:190} INFO - [2025-01-13T23:59:55.177+0000] {dag.py:3239} INFO - Sync 1 DAGs
[2025-01-13T23:59:55.210+0000] {logging_mixin.py:190} INFO - [2025-01-13T23:59:55.210+0000] {dag.py:4180} INFO - Setting next_dagrun for latest_only_with_trigger to 2025-01-13 16:00:00+00:00, run_after=2025-01-13 20:00:00+00:00
[2025-01-13T23:59:55.237+0000] {processor.py:208} INFO - Processing /home/airflow/.local/lib/python3.12/site-packages/airflow/example_dags/example_latest_only_with_trigger.py took 0.116 seconds
