[2025-01-13T23:25:49.358+0000] {processor.py:186} INFO - Started process (PID=120) to work on /home/airflow/.local/lib/python3.12/site-packages/airflow/example_dags/example_sla_dag.py
[2025-01-13T23:25:49.359+0000] {processor.py:914} INFO - Processing file /home/airflow/.local/lib/python3.12/site-packages/airflow/example_dags/example_sla_dag.py for tasks to queue
[2025-01-13T23:25:49.362+0000] {logging_mixin.py:190} INFO - [2025-01-13T23:25:49.362+0000] {dagbag.py:588} INFO - Filling up the DagBag from /home/airflow/.local/lib/python3.12/site-packages/airflow/example_dags/example_sla_dag.py
[2025-01-13T23:25:49.371+0000] {processor.py:925} INFO - DAG(s) 'example_sla_dag' retrieved from /home/airflow/.local/lib/python3.12/site-packages/airflow/example_dags/example_sla_dag.py
[2025-01-13T23:25:49.397+0000] {logging_mixin.py:190} INFO - [2025-01-13T23:25:49.397+0000] {dag.py:3239} INFO - Sync 1 DAGs
[2025-01-13T23:25:49.428+0000] {logging_mixin.py:190} INFO - [2025-01-13T23:25:49.428+0000] {dag.py:4180} INFO - Setting next_dagrun for example_sla_dag to 2025-01-13 23:22:00+00:00, run_after=2025-01-13 23:24:00+00:00
[2025-01-13T23:25:49.454+0000] {processor.py:208} INFO - Processing /home/airflow/.local/lib/python3.12/site-packages/airflow/example_dags/example_sla_dag.py took 0.102 seconds
[2025-01-13T23:26:20.557+0000] {processor.py:186} INFO - Started process (PID=184) to work on /home/airflow/.local/lib/python3.12/site-packages/airflow/example_dags/example_sla_dag.py
[2025-01-13T23:26:20.558+0000] {processor.py:914} INFO - Processing file /home/airflow/.local/lib/python3.12/site-packages/airflow/example_dags/example_sla_dag.py for tasks to queue
[2025-01-13T23:26:20.559+0000] {logging_mixin.py:190} INFO - [2025-01-13T23:26:20.559+0000] {dagbag.py:588} INFO - Filling up the DagBag from /home/airflow/.local/lib/python3.12/site-packages/airflow/example_dags/example_sla_dag.py
[2025-01-13T23:26:20.567+0000] {processor.py:925} INFO - DAG(s) 'example_sla_dag' retrieved from /home/airflow/.local/lib/python3.12/site-packages/airflow/example_dags/example_sla_dag.py
[2025-01-13T23:26:20.585+0000] {logging_mixin.py:190} INFO - [2025-01-13T23:26:20.584+0000] {dag.py:3239} INFO - Sync 1 DAGs
[2025-01-13T23:26:20.603+0000] {logging_mixin.py:190} INFO - [2025-01-13T23:26:20.603+0000] {dag.py:4180} INFO - Setting next_dagrun for example_sla_dag to 2025-01-13 23:24:00+00:00, run_after=2025-01-13 23:26:00+00:00
[2025-01-13T23:26:20.617+0000] {processor.py:208} INFO - Processing /home/airflow/.local/lib/python3.12/site-packages/airflow/example_dags/example_sla_dag.py took 0.064 seconds
[2025-01-13T23:26:51.672+0000] {processor.py:186} INFO - Started process (PID=248) to work on /home/airflow/.local/lib/python3.12/site-packages/airflow/example_dags/example_sla_dag.py
[2025-01-13T23:26:51.673+0000] {processor.py:914} INFO - Processing file /home/airflow/.local/lib/python3.12/site-packages/airflow/example_dags/example_sla_dag.py for tasks to queue
[2025-01-13T23:26:51.676+0000] {logging_mixin.py:190} INFO - [2025-01-13T23:26:51.675+0000] {dagbag.py:588} INFO - Filling up the DagBag from /home/airflow/.local/lib/python3.12/site-packages/airflow/example_dags/example_sla_dag.py
[2025-01-13T23:26:51.684+0000] {processor.py:925} INFO - DAG(s) 'example_sla_dag' retrieved from /home/airflow/.local/lib/python3.12/site-packages/airflow/example_dags/example_sla_dag.py
[2025-01-13T23:26:51.706+0000] {logging_mixin.py:190} INFO - [2025-01-13T23:26:51.706+0000] {dag.py:3239} INFO - Sync 1 DAGs
[2025-01-13T23:26:51.736+0000] {logging_mixin.py:190} INFO - [2025-01-13T23:26:51.736+0000] {dag.py:4180} INFO - Setting next_dagrun for example_sla_dag to 2025-01-13 23:24:00+00:00, run_after=2025-01-13 23:26:00+00:00
[2025-01-13T23:26:51.762+0000] {processor.py:208} INFO - Processing /home/airflow/.local/lib/python3.12/site-packages/airflow/example_dags/example_sla_dag.py took 0.095 seconds
[2025-01-13T23:27:23.348+0000] {processor.py:186} INFO - Started process (PID=312) to work on /home/airflow/.local/lib/python3.12/site-packages/airflow/example_dags/example_sla_dag.py
[2025-01-13T23:27:23.350+0000] {processor.py:914} INFO - Processing file /home/airflow/.local/lib/python3.12/site-packages/airflow/example_dags/example_sla_dag.py for tasks to queue
[2025-01-13T23:27:23.351+0000] {logging_mixin.py:190} INFO - [2025-01-13T23:27:23.351+0000] {dagbag.py:588} INFO - Filling up the DagBag from /home/airflow/.local/lib/python3.12/site-packages/airflow/example_dags/example_sla_dag.py
[2025-01-13T23:27:23.361+0000] {processor.py:925} INFO - DAG(s) 'example_sla_dag' retrieved from /home/airflow/.local/lib/python3.12/site-packages/airflow/example_dags/example_sla_dag.py
[2025-01-13T23:27:23.379+0000] {logging_mixin.py:190} INFO - [2025-01-13T23:27:23.379+0000] {dag.py:3239} INFO - Sync 1 DAGs
[2025-01-13T23:27:23.400+0000] {logging_mixin.py:190} INFO - [2025-01-13T23:27:23.400+0000] {dag.py:4180} INFO - Setting next_dagrun for example_sla_dag to 2025-01-13 23:24:00+00:00, run_after=2025-01-13 23:26:00+00:00
[2025-01-13T23:27:23.419+0000] {processor.py:208} INFO - Processing /home/airflow/.local/lib/python3.12/site-packages/airflow/example_dags/example_sla_dag.py took 0.075 seconds
[2025-01-13T23:27:54.537+0000] {processor.py:186} INFO - Started process (PID=376) to work on /home/airflow/.local/lib/python3.12/site-packages/airflow/example_dags/example_sla_dag.py
[2025-01-13T23:27:54.538+0000] {processor.py:914} INFO - Processing file /home/airflow/.local/lib/python3.12/site-packages/airflow/example_dags/example_sla_dag.py for tasks to queue
[2025-01-13T23:27:54.541+0000] {logging_mixin.py:190} INFO - [2025-01-13T23:27:54.540+0000] {dagbag.py:588} INFO - Filling up the DagBag from /home/airflow/.local/lib/python3.12/site-packages/airflow/example_dags/example_sla_dag.py
[2025-01-13T23:27:54.549+0000] {processor.py:925} INFO - DAG(s) 'example_sla_dag' retrieved from /home/airflow/.local/lib/python3.12/site-packages/airflow/example_dags/example_sla_dag.py
[2025-01-13T23:27:54.569+0000] {logging_mixin.py:190} INFO - [2025-01-13T23:27:54.569+0000] {dag.py:3239} INFO - Sync 1 DAGs
[2025-01-13T23:27:54.590+0000] {logging_mixin.py:190} INFO - [2025-01-13T23:27:54.589+0000] {dag.py:4180} INFO - Setting next_dagrun for example_sla_dag to 2025-01-13 23:24:00+00:00, run_after=2025-01-13 23:26:00+00:00
[2025-01-13T23:27:54.609+0000] {processor.py:208} INFO - Processing /home/airflow/.local/lib/python3.12/site-packages/airflow/example_dags/example_sla_dag.py took 0.076 seconds
[2025-01-13T23:28:25.668+0000] {processor.py:186} INFO - Started process (PID=439) to work on /home/airflow/.local/lib/python3.12/site-packages/airflow/example_dags/example_sla_dag.py
[2025-01-13T23:28:25.670+0000] {processor.py:914} INFO - Processing file /home/airflow/.local/lib/python3.12/site-packages/airflow/example_dags/example_sla_dag.py for tasks to queue
[2025-01-13T23:28:25.672+0000] {logging_mixin.py:190} INFO - [2025-01-13T23:28:25.671+0000] {dagbag.py:588} INFO - Filling up the DagBag from /home/airflow/.local/lib/python3.12/site-packages/airflow/example_dags/example_sla_dag.py
[2025-01-13T23:28:25.681+0000] {processor.py:925} INFO - DAG(s) 'example_sla_dag' retrieved from /home/airflow/.local/lib/python3.12/site-packages/airflow/example_dags/example_sla_dag.py
[2025-01-13T23:28:25.696+0000] {logging_mixin.py:190} INFO - [2025-01-13T23:28:25.696+0000] {dag.py:3239} INFO - Sync 1 DAGs
[2025-01-13T23:28:25.713+0000] {logging_mixin.py:190} INFO - [2025-01-13T23:28:25.713+0000] {dag.py:4180} INFO - Setting next_dagrun for example_sla_dag to 2025-01-13 23:26:00+00:00, run_after=2025-01-13 23:28:00+00:00
[2025-01-13T23:28:25.727+0000] {processor.py:208} INFO - Processing /home/airflow/.local/lib/python3.12/site-packages/airflow/example_dags/example_sla_dag.py took 0.063 seconds
[2025-01-13T23:28:56.089+0000] {processor.py:186} INFO - Started process (PID=503) to work on /home/airflow/.local/lib/python3.12/site-packages/airflow/example_dags/example_sla_dag.py
[2025-01-13T23:28:56.090+0000] {processor.py:914} INFO - Processing file /home/airflow/.local/lib/python3.12/site-packages/airflow/example_dags/example_sla_dag.py for tasks to queue
[2025-01-13T23:28:56.091+0000] {logging_mixin.py:190} INFO - [2025-01-13T23:28:56.091+0000] {dagbag.py:588} INFO - Filling up the DagBag from /home/airflow/.local/lib/python3.12/site-packages/airflow/example_dags/example_sla_dag.py
[2025-01-13T23:28:56.098+0000] {processor.py:925} INFO - DAG(s) 'example_sla_dag' retrieved from /home/airflow/.local/lib/python3.12/site-packages/airflow/example_dags/example_sla_dag.py
[2025-01-13T23:28:56.114+0000] {logging_mixin.py:190} INFO - [2025-01-13T23:28:56.114+0000] {dag.py:3239} INFO - Sync 1 DAGs
[2025-01-13T23:28:56.132+0000] {logging_mixin.py:190} INFO - [2025-01-13T23:28:56.132+0000] {dag.py:4180} INFO - Setting next_dagrun for example_sla_dag to 2025-01-13 23:26:00+00:00, run_after=2025-01-13 23:28:00+00:00
[2025-01-13T23:28:56.146+0000] {processor.py:208} INFO - Processing /home/airflow/.local/lib/python3.12/site-packages/airflow/example_dags/example_sla_dag.py took 0.061 seconds
[2025-01-13T23:29:26.756+0000] {processor.py:186} INFO - Started process (PID=565) to work on /home/airflow/.local/lib/python3.12/site-packages/airflow/example_dags/example_sla_dag.py
[2025-01-13T23:29:26.757+0000] {processor.py:914} INFO - Processing file /home/airflow/.local/lib/python3.12/site-packages/airflow/example_dags/example_sla_dag.py for tasks to queue
[2025-01-13T23:29:26.759+0000] {logging_mixin.py:190} INFO - [2025-01-13T23:29:26.759+0000] {dagbag.py:588} INFO - Filling up the DagBag from /home/airflow/.local/lib/python3.12/site-packages/airflow/example_dags/example_sla_dag.py
[2025-01-13T23:29:26.767+0000] {processor.py:925} INFO - DAG(s) 'example_sla_dag' retrieved from /home/airflow/.local/lib/python3.12/site-packages/airflow/example_dags/example_sla_dag.py
[2025-01-13T23:29:26.783+0000] {logging_mixin.py:190} INFO - [2025-01-13T23:29:26.783+0000] {dag.py:3239} INFO - Sync 1 DAGs
[2025-01-13T23:29:26.803+0000] {logging_mixin.py:190} INFO - [2025-01-13T23:29:26.803+0000] {dag.py:4180} INFO - Setting next_dagrun for example_sla_dag to 2025-01-13 23:26:00+00:00, run_after=2025-01-13 23:28:00+00:00
[2025-01-13T23:29:26.819+0000] {processor.py:208} INFO - Processing /home/airflow/.local/lib/python3.12/site-packages/airflow/example_dags/example_sla_dag.py took 0.067 seconds
[2025-01-13T23:29:57.998+0000] {processor.py:186} INFO - Started process (PID=630) to work on /home/airflow/.local/lib/python3.12/site-packages/airflow/example_dags/example_sla_dag.py
[2025-01-13T23:29:58.000+0000] {processor.py:914} INFO - Processing file /home/airflow/.local/lib/python3.12/site-packages/airflow/example_dags/example_sla_dag.py for tasks to queue
[2025-01-13T23:29:58.002+0000] {logging_mixin.py:190} INFO - [2025-01-13T23:29:58.002+0000] {dagbag.py:588} INFO - Filling up the DagBag from /home/airflow/.local/lib/python3.12/site-packages/airflow/example_dags/example_sla_dag.py
[2025-01-13T23:29:58.009+0000] {processor.py:925} INFO - DAG(s) 'example_sla_dag' retrieved from /home/airflow/.local/lib/python3.12/site-packages/airflow/example_dags/example_sla_dag.py
[2025-01-13T23:29:58.030+0000] {logging_mixin.py:190} INFO - [2025-01-13T23:29:58.030+0000] {dag.py:3239} INFO - Sync 1 DAGs
[2025-01-13T23:29:58.052+0000] {logging_mixin.py:190} INFO - [2025-01-13T23:29:58.052+0000] {dag.py:4180} INFO - Setting next_dagrun for example_sla_dag to 2025-01-13 23:26:00+00:00, run_after=2025-01-13 23:28:00+00:00
[2025-01-13T23:29:58.074+0000] {processor.py:208} INFO - Processing /home/airflow/.local/lib/python3.12/site-packages/airflow/example_dags/example_sla_dag.py took 0.082 seconds
[2025-01-13T23:30:29.345+0000] {processor.py:186} INFO - Started process (PID=693) to work on /home/airflow/.local/lib/python3.12/site-packages/airflow/example_dags/example_sla_dag.py
[2025-01-13T23:30:29.346+0000] {processor.py:914} INFO - Processing file /home/airflow/.local/lib/python3.12/site-packages/airflow/example_dags/example_sla_dag.py for tasks to queue
[2025-01-13T23:30:29.349+0000] {logging_mixin.py:190} INFO - [2025-01-13T23:30:29.349+0000] {dagbag.py:588} INFO - Filling up the DagBag from /home/airflow/.local/lib/python3.12/site-packages/airflow/example_dags/example_sla_dag.py
[2025-01-13T23:30:29.357+0000] {processor.py:925} INFO - DAG(s) 'example_sla_dag' retrieved from /home/airflow/.local/lib/python3.12/site-packages/airflow/example_dags/example_sla_dag.py
[2025-01-13T23:30:29.379+0000] {logging_mixin.py:190} INFO - [2025-01-13T23:30:29.379+0000] {dag.py:3239} INFO - Sync 1 DAGs
[2025-01-13T23:30:29.401+0000] {logging_mixin.py:190} INFO - [2025-01-13T23:30:29.400+0000] {dag.py:4180} INFO - Setting next_dagrun for example_sla_dag to 2025-01-13 23:28:00+00:00, run_after=2025-01-13 23:30:00+00:00
[2025-01-13T23:30:29.420+0000] {processor.py:208} INFO - Processing /home/airflow/.local/lib/python3.12/site-packages/airflow/example_dags/example_sla_dag.py took 0.079 seconds
[2025-01-13T23:30:59.903+0000] {processor.py:186} INFO - Started process (PID=757) to work on /home/airflow/.local/lib/python3.12/site-packages/airflow/example_dags/example_sla_dag.py
[2025-01-13T23:30:59.904+0000] {processor.py:914} INFO - Processing file /home/airflow/.local/lib/python3.12/site-packages/airflow/example_dags/example_sla_dag.py for tasks to queue
[2025-01-13T23:30:59.906+0000] {logging_mixin.py:190} INFO - [2025-01-13T23:30:59.906+0000] {dagbag.py:588} INFO - Filling up the DagBag from /home/airflow/.local/lib/python3.12/site-packages/airflow/example_dags/example_sla_dag.py
[2025-01-13T23:30:59.913+0000] {processor.py:925} INFO - DAG(s) 'example_sla_dag' retrieved from /home/airflow/.local/lib/python3.12/site-packages/airflow/example_dags/example_sla_dag.py
[2025-01-13T23:30:59.927+0000] {logging_mixin.py:190} INFO - [2025-01-13T23:30:59.927+0000] {dag.py:3239} INFO - Sync 1 DAGs
[2025-01-13T23:30:59.944+0000] {logging_mixin.py:190} INFO - [2025-01-13T23:30:59.943+0000] {dag.py:4180} INFO - Setting next_dagrun for example_sla_dag to 2025-01-13 23:28:00+00:00, run_after=2025-01-13 23:30:00+00:00
[2025-01-13T23:30:59.956+0000] {processor.py:208} INFO - Processing /home/airflow/.local/lib/python3.12/site-packages/airflow/example_dags/example_sla_dag.py took 0.057 seconds
[2025-01-13T23:31:30.713+0000] {processor.py:186} INFO - Started process (PID=821) to work on /home/airflow/.local/lib/python3.12/site-packages/airflow/example_dags/example_sla_dag.py
[2025-01-13T23:31:30.715+0000] {processor.py:914} INFO - Processing file /home/airflow/.local/lib/python3.12/site-packages/airflow/example_dags/example_sla_dag.py for tasks to queue
[2025-01-13T23:31:30.717+0000] {logging_mixin.py:190} INFO - [2025-01-13T23:31:30.717+0000] {dagbag.py:588} INFO - Filling up the DagBag from /home/airflow/.local/lib/python3.12/site-packages/airflow/example_dags/example_sla_dag.py
[2025-01-13T23:31:30.724+0000] {processor.py:925} INFO - DAG(s) 'example_sla_dag' retrieved from /home/airflow/.local/lib/python3.12/site-packages/airflow/example_dags/example_sla_dag.py
[2025-01-13T23:31:30.739+0000] {logging_mixin.py:190} INFO - [2025-01-13T23:31:30.739+0000] {dag.py:3239} INFO - Sync 1 DAGs
[2025-01-13T23:31:30.755+0000] {logging_mixin.py:190} INFO - [2025-01-13T23:31:30.755+0000] {dag.py:4180} INFO - Setting next_dagrun for example_sla_dag to 2025-01-13 23:28:00+00:00, run_after=2025-01-13 23:30:00+00:00
[2025-01-13T23:31:30.767+0000] {processor.py:208} INFO - Processing /home/airflow/.local/lib/python3.12/site-packages/airflow/example_dags/example_sla_dag.py took 0.058 seconds
[2025-01-13T23:32:01.393+0000] {processor.py:186} INFO - Started process (PID=884) to work on /home/airflow/.local/lib/python3.12/site-packages/airflow/example_dags/example_sla_dag.py
[2025-01-13T23:32:01.394+0000] {processor.py:914} INFO - Processing file /home/airflow/.local/lib/python3.12/site-packages/airflow/example_dags/example_sla_dag.py for tasks to queue
[2025-01-13T23:32:01.397+0000] {logging_mixin.py:190} INFO - [2025-01-13T23:32:01.396+0000] {dagbag.py:588} INFO - Filling up the DagBag from /home/airflow/.local/lib/python3.12/site-packages/airflow/example_dags/example_sla_dag.py
[2025-01-13T23:32:01.404+0000] {processor.py:925} INFO - DAG(s) 'example_sla_dag' retrieved from /home/airflow/.local/lib/python3.12/site-packages/airflow/example_dags/example_sla_dag.py
[2025-01-13T23:32:01.419+0000] {logging_mixin.py:190} INFO - [2025-01-13T23:32:01.419+0000] {dag.py:3239} INFO - Sync 1 DAGs
[2025-01-13T23:32:01.438+0000] {logging_mixin.py:190} INFO - [2025-01-13T23:32:01.438+0000] {dag.py:4180} INFO - Setting next_dagrun for example_sla_dag to 2025-01-13 23:30:00+00:00, run_after=2025-01-13 23:32:00+00:00
[2025-01-13T23:32:01.453+0000] {processor.py:208} INFO - Processing /home/airflow/.local/lib/python3.12/site-packages/airflow/example_dags/example_sla_dag.py took 0.064 seconds
[2025-01-13T23:32:32.339+0000] {processor.py:186} INFO - Started process (PID=949) to work on /home/airflow/.local/lib/python3.12/site-packages/airflow/example_dags/example_sla_dag.py
[2025-01-13T23:32:32.340+0000] {processor.py:914} INFO - Processing file /home/airflow/.local/lib/python3.12/site-packages/airflow/example_dags/example_sla_dag.py for tasks to queue
[2025-01-13T23:32:32.342+0000] {logging_mixin.py:190} INFO - [2025-01-13T23:32:32.341+0000] {dagbag.py:588} INFO - Filling up the DagBag from /home/airflow/.local/lib/python3.12/site-packages/airflow/example_dags/example_sla_dag.py
[2025-01-13T23:32:32.351+0000] {processor.py:925} INFO - DAG(s) 'example_sla_dag' retrieved from /home/airflow/.local/lib/python3.12/site-packages/airflow/example_dags/example_sla_dag.py
[2025-01-13T23:32:32.368+0000] {logging_mixin.py:190} INFO - [2025-01-13T23:32:32.367+0000] {dag.py:3239} INFO - Sync 1 DAGs
[2025-01-13T23:32:32.389+0000] {logging_mixin.py:190} INFO - [2025-01-13T23:32:32.388+0000] {dag.py:4180} INFO - Setting next_dagrun for example_sla_dag to 2025-01-13 23:30:00+00:00, run_after=2025-01-13 23:32:00+00:00
[2025-01-13T23:32:32.407+0000] {processor.py:208} INFO - Processing /home/airflow/.local/lib/python3.12/site-packages/airflow/example_dags/example_sla_dag.py took 0.072 seconds
[2025-01-13T23:33:03.053+0000] {processor.py:186} INFO - Started process (PID=1013) to work on /home/airflow/.local/lib/python3.12/site-packages/airflow/example_dags/example_sla_dag.py
[2025-01-13T23:33:03.054+0000] {processor.py:914} INFO - Processing file /home/airflow/.local/lib/python3.12/site-packages/airflow/example_dags/example_sla_dag.py for tasks to queue
[2025-01-13T23:33:03.056+0000] {logging_mixin.py:190} INFO - [2025-01-13T23:33:03.056+0000] {dagbag.py:588} INFO - Filling up the DagBag from /home/airflow/.local/lib/python3.12/site-packages/airflow/example_dags/example_sla_dag.py
[2025-01-13T23:33:03.064+0000] {processor.py:925} INFO - DAG(s) 'example_sla_dag' retrieved from /home/airflow/.local/lib/python3.12/site-packages/airflow/example_dags/example_sla_dag.py
[2025-01-13T23:33:03.096+0000] {logging_mixin.py:190} INFO - [2025-01-13T23:33:03.096+0000] {dag.py:3239} INFO - Sync 1 DAGs
[2025-01-13T23:33:03.127+0000] {logging_mixin.py:190} INFO - [2025-01-13T23:33:03.127+0000] {dag.py:4180} INFO - Setting next_dagrun for example_sla_dag to 2025-01-13 23:30:00+00:00, run_after=2025-01-13 23:32:00+00:00
[2025-01-13T23:33:03.158+0000] {processor.py:208} INFO - Processing /home/airflow/.local/lib/python3.12/site-packages/airflow/example_dags/example_sla_dag.py took 0.110 seconds
[2025-01-13T23:33:34.395+0000] {processor.py:186} INFO - Started process (PID=1076) to work on /home/airflow/.local/lib/python3.12/site-packages/airflow/example_dags/example_sla_dag.py
[2025-01-13T23:33:34.397+0000] {processor.py:914} INFO - Processing file /home/airflow/.local/lib/python3.12/site-packages/airflow/example_dags/example_sla_dag.py for tasks to queue
[2025-01-13T23:33:34.399+0000] {logging_mixin.py:190} INFO - [2025-01-13T23:33:34.398+0000] {dagbag.py:588} INFO - Filling up the DagBag from /home/airflow/.local/lib/python3.12/site-packages/airflow/example_dags/example_sla_dag.py
[2025-01-13T23:33:34.406+0000] {processor.py:925} INFO - DAG(s) 'example_sla_dag' retrieved from /home/airflow/.local/lib/python3.12/site-packages/airflow/example_dags/example_sla_dag.py
[2025-01-13T23:33:34.421+0000] {logging_mixin.py:190} INFO - [2025-01-13T23:33:34.421+0000] {dag.py:3239} INFO - Sync 1 DAGs
[2025-01-13T23:33:34.440+0000] {logging_mixin.py:190} INFO - [2025-01-13T23:33:34.440+0000] {dag.py:4180} INFO - Setting next_dagrun for example_sla_dag to 2025-01-13 23:30:00+00:00, run_after=2025-01-13 23:32:00+00:00
[2025-01-13T23:33:34.456+0000] {processor.py:208} INFO - Processing /home/airflow/.local/lib/python3.12/site-packages/airflow/example_dags/example_sla_dag.py took 0.066 seconds
[2025-01-13T23:34:05.530+0000] {processor.py:186} INFO - Started process (PID=1141) to work on /home/airflow/.local/lib/python3.12/site-packages/airflow/example_dags/example_sla_dag.py
[2025-01-13T23:34:05.531+0000] {processor.py:914} INFO - Processing file /home/airflow/.local/lib/python3.12/site-packages/airflow/example_dags/example_sla_dag.py for tasks to queue
[2025-01-13T23:34:05.533+0000] {logging_mixin.py:190} INFO - [2025-01-13T23:34:05.533+0000] {dagbag.py:588} INFO - Filling up the DagBag from /home/airflow/.local/lib/python3.12/site-packages/airflow/example_dags/example_sla_dag.py
[2025-01-13T23:34:05.541+0000] {processor.py:925} INFO - DAG(s) 'example_sla_dag' retrieved from /home/airflow/.local/lib/python3.12/site-packages/airflow/example_dags/example_sla_dag.py
[2025-01-13T23:34:05.558+0000] {logging_mixin.py:190} INFO - [2025-01-13T23:34:05.558+0000] {dag.py:3239} INFO - Sync 1 DAGs
[2025-01-13T23:34:05.582+0000] {logging_mixin.py:190} INFO - [2025-01-13T23:34:05.582+0000] {dag.py:4180} INFO - Setting next_dagrun for example_sla_dag to 2025-01-13 23:32:00+00:00, run_after=2025-01-13 23:34:00+00:00
[2025-01-13T23:34:05.603+0000] {processor.py:208} INFO - Processing /home/airflow/.local/lib/python3.12/site-packages/airflow/example_dags/example_sla_dag.py took 0.078 seconds
[2025-01-13T23:34:37.178+0000] {processor.py:186} INFO - Started process (PID=1205) to work on /home/airflow/.local/lib/python3.12/site-packages/airflow/example_dags/example_sla_dag.py
[2025-01-13T23:34:37.179+0000] {processor.py:914} INFO - Processing file /home/airflow/.local/lib/python3.12/site-packages/airflow/example_dags/example_sla_dag.py for tasks to queue
[2025-01-13T23:34:37.182+0000] {logging_mixin.py:190} INFO - [2025-01-13T23:34:37.182+0000] {dagbag.py:588} INFO - Filling up the DagBag from /home/airflow/.local/lib/python3.12/site-packages/airflow/example_dags/example_sla_dag.py
[2025-01-13T23:34:37.189+0000] {processor.py:925} INFO - DAG(s) 'example_sla_dag' retrieved from /home/airflow/.local/lib/python3.12/site-packages/airflow/example_dags/example_sla_dag.py
[2025-01-13T23:34:37.208+0000] {logging_mixin.py:190} INFO - [2025-01-13T23:34:37.208+0000] {dag.py:3239} INFO - Sync 1 DAGs
[2025-01-13T23:34:37.228+0000] {logging_mixin.py:190} INFO - [2025-01-13T23:34:37.228+0000] {dag.py:4180} INFO - Setting next_dagrun for example_sla_dag to 2025-01-13 23:32:00+00:00, run_after=2025-01-13 23:34:00+00:00
[2025-01-13T23:34:37.243+0000] {processor.py:208} INFO - Processing /home/airflow/.local/lib/python3.12/site-packages/airflow/example_dags/example_sla_dag.py took 0.071 seconds
[2025-01-13T23:35:08.085+0000] {processor.py:186} INFO - Started process (PID=1269) to work on /home/airflow/.local/lib/python3.12/site-packages/airflow/example_dags/example_sla_dag.py
[2025-01-13T23:35:08.086+0000] {processor.py:914} INFO - Processing file /home/airflow/.local/lib/python3.12/site-packages/airflow/example_dags/example_sla_dag.py for tasks to queue
[2025-01-13T23:35:08.088+0000] {logging_mixin.py:190} INFO - [2025-01-13T23:35:08.088+0000] {dagbag.py:588} INFO - Filling up the DagBag from /home/airflow/.local/lib/python3.12/site-packages/airflow/example_dags/example_sla_dag.py
[2025-01-13T23:35:08.102+0000] {processor.py:925} INFO - DAG(s) 'example_sla_dag' retrieved from /home/airflow/.local/lib/python3.12/site-packages/airflow/example_dags/example_sla_dag.py
[2025-01-13T23:35:08.122+0000] {logging_mixin.py:190} INFO - [2025-01-13T23:35:08.121+0000] {dag.py:3239} INFO - Sync 1 DAGs
[2025-01-13T23:35:08.144+0000] {logging_mixin.py:190} INFO - [2025-01-13T23:35:08.144+0000] {dag.py:4180} INFO - Setting next_dagrun for example_sla_dag to 2025-01-13 23:32:00+00:00, run_after=2025-01-13 23:34:00+00:00
[2025-01-13T23:35:08.164+0000] {processor.py:208} INFO - Processing /home/airflow/.local/lib/python3.12/site-packages/airflow/example_dags/example_sla_dag.py took 0.083 seconds
[2025-01-13T23:35:38.841+0000] {processor.py:186} INFO - Started process (PID=1333) to work on /home/airflow/.local/lib/python3.12/site-packages/airflow/example_dags/example_sla_dag.py
[2025-01-13T23:35:38.842+0000] {processor.py:914} INFO - Processing file /home/airflow/.local/lib/python3.12/site-packages/airflow/example_dags/example_sla_dag.py for tasks to queue
[2025-01-13T23:35:38.845+0000] {logging_mixin.py:190} INFO - [2025-01-13T23:35:38.845+0000] {dagbag.py:588} INFO - Filling up the DagBag from /home/airflow/.local/lib/python3.12/site-packages/airflow/example_dags/example_sla_dag.py
[2025-01-13T23:35:38.852+0000] {processor.py:925} INFO - DAG(s) 'example_sla_dag' retrieved from /home/airflow/.local/lib/python3.12/site-packages/airflow/example_dags/example_sla_dag.py
[2025-01-13T23:35:38.872+0000] {logging_mixin.py:190} INFO - [2025-01-13T23:35:38.872+0000] {dag.py:3239} INFO - Sync 1 DAGs
[2025-01-13T23:35:38.894+0000] {logging_mixin.py:190} INFO - [2025-01-13T23:35:38.894+0000] {dag.py:4180} INFO - Setting next_dagrun for example_sla_dag to 2025-01-13 23:32:00+00:00, run_after=2025-01-13 23:34:00+00:00
[2025-01-13T23:35:38.915+0000] {processor.py:208} INFO - Processing /home/airflow/.local/lib/python3.12/site-packages/airflow/example_dags/example_sla_dag.py took 0.079 seconds
[2025-01-13T23:36:10.119+0000] {processor.py:186} INFO - Started process (PID=1397) to work on /home/airflow/.local/lib/python3.12/site-packages/airflow/example_dags/example_sla_dag.py
[2025-01-13T23:36:10.120+0000] {processor.py:914} INFO - Processing file /home/airflow/.local/lib/python3.12/site-packages/airflow/example_dags/example_sla_dag.py for tasks to queue
[2025-01-13T23:36:10.122+0000] {logging_mixin.py:190} INFO - [2025-01-13T23:36:10.122+0000] {dagbag.py:588} INFO - Filling up the DagBag from /home/airflow/.local/lib/python3.12/site-packages/airflow/example_dags/example_sla_dag.py
[2025-01-13T23:36:10.135+0000] {processor.py:925} INFO - DAG(s) 'example_sla_dag' retrieved from /home/airflow/.local/lib/python3.12/site-packages/airflow/example_dags/example_sla_dag.py
[2025-01-13T23:36:10.154+0000] {logging_mixin.py:190} INFO - [2025-01-13T23:36:10.153+0000] {dag.py:3239} INFO - Sync 1 DAGs
[2025-01-13T23:36:10.176+0000] {logging_mixin.py:190} INFO - [2025-01-13T23:36:10.176+0000] {dag.py:4180} INFO - Setting next_dagrun for example_sla_dag to 2025-01-13 23:34:00+00:00, run_after=2025-01-13 23:36:00+00:00
[2025-01-13T23:36:10.199+0000] {processor.py:208} INFO - Processing /home/airflow/.local/lib/python3.12/site-packages/airflow/example_dags/example_sla_dag.py took 0.085 seconds
[2025-01-13T23:36:40.350+0000] {processor.py:186} INFO - Started process (PID=1462) to work on /home/airflow/.local/lib/python3.12/site-packages/airflow/example_dags/example_sla_dag.py
[2025-01-13T23:36:40.352+0000] {processor.py:914} INFO - Processing file /home/airflow/.local/lib/python3.12/site-packages/airflow/example_dags/example_sla_dag.py for tasks to queue
[2025-01-13T23:36:40.356+0000] {logging_mixin.py:190} INFO - [2025-01-13T23:36:40.356+0000] {dagbag.py:588} INFO - Filling up the DagBag from /home/airflow/.local/lib/python3.12/site-packages/airflow/example_dags/example_sla_dag.py
[2025-01-13T23:36:40.369+0000] {processor.py:925} INFO - DAG(s) 'example_sla_dag' retrieved from /home/airflow/.local/lib/python3.12/site-packages/airflow/example_dags/example_sla_dag.py
[2025-01-13T23:36:40.390+0000] {logging_mixin.py:190} INFO - [2025-01-13T23:36:40.390+0000] {dag.py:3239} INFO - Sync 1 DAGs
[2025-01-13T23:36:40.410+0000] {logging_mixin.py:190} INFO - [2025-01-13T23:36:40.410+0000] {dag.py:4180} INFO - Setting next_dagrun for example_sla_dag to 2025-01-13 23:34:00+00:00, run_after=2025-01-13 23:36:00+00:00
[2025-01-13T23:36:40.435+0000] {processor.py:208} INFO - Processing /home/airflow/.local/lib/python3.12/site-packages/airflow/example_dags/example_sla_dag.py took 0.091 seconds
[2025-01-13T23:37:11.031+0000] {processor.py:186} INFO - Started process (PID=1524) to work on /home/airflow/.local/lib/python3.12/site-packages/airflow/example_dags/example_sla_dag.py
[2025-01-13T23:37:11.032+0000] {processor.py:914} INFO - Processing file /home/airflow/.local/lib/python3.12/site-packages/airflow/example_dags/example_sla_dag.py for tasks to queue
[2025-01-13T23:37:11.036+0000] {logging_mixin.py:190} INFO - [2025-01-13T23:37:11.036+0000] {dagbag.py:588} INFO - Filling up the DagBag from /home/airflow/.local/lib/python3.12/site-packages/airflow/example_dags/example_sla_dag.py
[2025-01-13T23:37:11.047+0000] {processor.py:925} INFO - DAG(s) 'example_sla_dag' retrieved from /home/airflow/.local/lib/python3.12/site-packages/airflow/example_dags/example_sla_dag.py
[2025-01-13T23:37:11.073+0000] {logging_mixin.py:190} INFO - [2025-01-13T23:37:11.073+0000] {dag.py:3239} INFO - Sync 1 DAGs
[2025-01-13T23:37:11.092+0000] {logging_mixin.py:190} INFO - [2025-01-13T23:37:11.092+0000] {dag.py:4180} INFO - Setting next_dagrun for example_sla_dag to 2025-01-13 23:34:00+00:00, run_after=2025-01-13 23:36:00+00:00
[2025-01-13T23:37:11.107+0000] {processor.py:208} INFO - Processing /home/airflow/.local/lib/python3.12/site-packages/airflow/example_dags/example_sla_dag.py took 0.081 seconds
[2025-01-13T23:37:42.481+0000] {processor.py:186} INFO - Started process (PID=1588) to work on /home/airflow/.local/lib/python3.12/site-packages/airflow/example_dags/example_sla_dag.py
[2025-01-13T23:37:42.483+0000] {processor.py:914} INFO - Processing file /home/airflow/.local/lib/python3.12/site-packages/airflow/example_dags/example_sla_dag.py for tasks to queue
[2025-01-13T23:37:42.486+0000] {logging_mixin.py:190} INFO - [2025-01-13T23:37:42.486+0000] {dagbag.py:588} INFO - Filling up the DagBag from /home/airflow/.local/lib/python3.12/site-packages/airflow/example_dags/example_sla_dag.py
[2025-01-13T23:37:42.498+0000] {processor.py:925} INFO - DAG(s) 'example_sla_dag' retrieved from /home/airflow/.local/lib/python3.12/site-packages/airflow/example_dags/example_sla_dag.py
[2025-01-13T23:37:42.522+0000] {logging_mixin.py:190} INFO - [2025-01-13T23:37:42.522+0000] {dag.py:3239} INFO - Sync 1 DAGs
[2025-01-13T23:37:42.550+0000] {logging_mixin.py:190} INFO - [2025-01-13T23:37:42.550+0000] {dag.py:4180} INFO - Setting next_dagrun for example_sla_dag to 2025-01-13 23:34:00+00:00, run_after=2025-01-13 23:36:00+00:00
[2025-01-13T23:37:42.586+0000] {processor.py:208} INFO - Processing /home/airflow/.local/lib/python3.12/site-packages/airflow/example_dags/example_sla_dag.py took 0.110 seconds
[2025-01-13T23:38:13.605+0000] {processor.py:186} INFO - Started process (PID=1652) to work on /home/airflow/.local/lib/python3.12/site-packages/airflow/example_dags/example_sla_dag.py
[2025-01-13T23:38:13.606+0000] {processor.py:914} INFO - Processing file /home/airflow/.local/lib/python3.12/site-packages/airflow/example_dags/example_sla_dag.py for tasks to queue
[2025-01-13T23:38:13.608+0000] {logging_mixin.py:190} INFO - [2025-01-13T23:38:13.608+0000] {dagbag.py:588} INFO - Filling up the DagBag from /home/airflow/.local/lib/python3.12/site-packages/airflow/example_dags/example_sla_dag.py
[2025-01-13T23:38:13.616+0000] {processor.py:925} INFO - DAG(s) 'example_sla_dag' retrieved from /home/airflow/.local/lib/python3.12/site-packages/airflow/example_dags/example_sla_dag.py
[2025-01-13T23:38:13.634+0000] {logging_mixin.py:190} INFO - [2025-01-13T23:38:13.634+0000] {dag.py:3239} INFO - Sync 1 DAGs
[2025-01-13T23:38:13.657+0000] {logging_mixin.py:190} INFO - [2025-01-13T23:38:13.657+0000] {dag.py:4180} INFO - Setting next_dagrun for example_sla_dag to 2025-01-13 23:36:00+00:00, run_after=2025-01-13 23:38:00+00:00
[2025-01-13T23:38:13.675+0000] {processor.py:208} INFO - Processing /home/airflow/.local/lib/python3.12/site-packages/airflow/example_dags/example_sla_dag.py took 0.075 seconds
[2025-01-13T23:38:44.494+0000] {processor.py:186} INFO - Started process (PID=1716) to work on /home/airflow/.local/lib/python3.12/site-packages/airflow/example_dags/example_sla_dag.py
[2025-01-13T23:38:44.495+0000] {processor.py:914} INFO - Processing file /home/airflow/.local/lib/python3.12/site-packages/airflow/example_dags/example_sla_dag.py for tasks to queue
[2025-01-13T23:38:44.498+0000] {logging_mixin.py:190} INFO - [2025-01-13T23:38:44.497+0000] {dagbag.py:588} INFO - Filling up the DagBag from /home/airflow/.local/lib/python3.12/site-packages/airflow/example_dags/example_sla_dag.py
[2025-01-13T23:38:44.504+0000] {processor.py:925} INFO - DAG(s) 'example_sla_dag' retrieved from /home/airflow/.local/lib/python3.12/site-packages/airflow/example_dags/example_sla_dag.py
[2025-01-13T23:38:44.517+0000] {logging_mixin.py:190} INFO - [2025-01-13T23:38:44.516+0000] {dag.py:3239} INFO - Sync 1 DAGs
[2025-01-13T23:38:44.536+0000] {logging_mixin.py:190} INFO - [2025-01-13T23:38:44.536+0000] {dag.py:4180} INFO - Setting next_dagrun for example_sla_dag to 2025-01-13 23:36:00+00:00, run_after=2025-01-13 23:38:00+00:00
[2025-01-13T23:38:44.564+0000] {processor.py:208} INFO - Processing /home/airflow/.local/lib/python3.12/site-packages/airflow/example_dags/example_sla_dag.py took 0.074 seconds
[2025-01-13T23:39:15.721+0000] {processor.py:186} INFO - Started process (PID=1780) to work on /home/airflow/.local/lib/python3.12/site-packages/airflow/example_dags/example_sla_dag.py
[2025-01-13T23:39:15.723+0000] {processor.py:914} INFO - Processing file /home/airflow/.local/lib/python3.12/site-packages/airflow/example_dags/example_sla_dag.py for tasks to queue
[2025-01-13T23:39:15.725+0000] {logging_mixin.py:190} INFO - [2025-01-13T23:39:15.724+0000] {dagbag.py:588} INFO - Filling up the DagBag from /home/airflow/.local/lib/python3.12/site-packages/airflow/example_dags/example_sla_dag.py
[2025-01-13T23:39:15.732+0000] {processor.py:925} INFO - DAG(s) 'example_sla_dag' retrieved from /home/airflow/.local/lib/python3.12/site-packages/airflow/example_dags/example_sla_dag.py
[2025-01-13T23:39:15.751+0000] {logging_mixin.py:190} INFO - [2025-01-13T23:39:15.751+0000] {dag.py:3239} INFO - Sync 1 DAGs
[2025-01-13T23:39:15.774+0000] {logging_mixin.py:190} INFO - [2025-01-13T23:39:15.774+0000] {dag.py:4180} INFO - Setting next_dagrun for example_sla_dag to 2025-01-13 23:36:00+00:00, run_after=2025-01-13 23:38:00+00:00
[2025-01-13T23:39:15.794+0000] {processor.py:208} INFO - Processing /home/airflow/.local/lib/python3.12/site-packages/airflow/example_dags/example_sla_dag.py took 0.077 seconds
[2025-01-13T23:39:47.068+0000] {processor.py:186} INFO - Started process (PID=1845) to work on /home/airflow/.local/lib/python3.12/site-packages/airflow/example_dags/example_sla_dag.py
[2025-01-13T23:39:47.069+0000] {processor.py:914} INFO - Processing file /home/airflow/.local/lib/python3.12/site-packages/airflow/example_dags/example_sla_dag.py for tasks to queue
[2025-01-13T23:39:47.072+0000] {logging_mixin.py:190} INFO - [2025-01-13T23:39:47.071+0000] {dagbag.py:588} INFO - Filling up the DagBag from /home/airflow/.local/lib/python3.12/site-packages/airflow/example_dags/example_sla_dag.py
[2025-01-13T23:39:47.080+0000] {processor.py:925} INFO - DAG(s) 'example_sla_dag' retrieved from /home/airflow/.local/lib/python3.12/site-packages/airflow/example_dags/example_sla_dag.py
[2025-01-13T23:39:47.103+0000] {logging_mixin.py:190} INFO - [2025-01-13T23:39:47.102+0000] {dag.py:3239} INFO - Sync 1 DAGs
[2025-01-13T23:39:47.127+0000] {logging_mixin.py:190} INFO - [2025-01-13T23:39:47.127+0000] {dag.py:4180} INFO - Setting next_dagrun for example_sla_dag to 2025-01-13 23:36:00+00:00, run_after=2025-01-13 23:38:00+00:00
[2025-01-13T23:39:47.150+0000] {processor.py:208} INFO - Processing /home/airflow/.local/lib/python3.12/site-packages/airflow/example_dags/example_sla_dag.py took 0.088 seconds
[2025-01-13T23:40:18.461+0000] {processor.py:186} INFO - Started process (PID=1914) to work on /home/airflow/.local/lib/python3.12/site-packages/airflow/example_dags/example_sla_dag.py
[2025-01-13T23:40:18.463+0000] {processor.py:914} INFO - Processing file /home/airflow/.local/lib/python3.12/site-packages/airflow/example_dags/example_sla_dag.py for tasks to queue
[2025-01-13T23:40:18.465+0000] {logging_mixin.py:190} INFO - [2025-01-13T23:40:18.465+0000] {dagbag.py:588} INFO - Filling up the DagBag from /home/airflow/.local/lib/python3.12/site-packages/airflow/example_dags/example_sla_dag.py
[2025-01-13T23:40:18.473+0000] {processor.py:925} INFO - DAG(s) 'example_sla_dag' retrieved from /home/airflow/.local/lib/python3.12/site-packages/airflow/example_dags/example_sla_dag.py
[2025-01-13T23:40:18.493+0000] {logging_mixin.py:190} INFO - [2025-01-13T23:40:18.493+0000] {dag.py:3239} INFO - Sync 1 DAGs
[2025-01-13T23:40:18.517+0000] {logging_mixin.py:190} INFO - [2025-01-13T23:40:18.517+0000] {dag.py:4180} INFO - Setting next_dagrun for example_sla_dag to 2025-01-13 23:38:00+00:00, run_after=2025-01-13 23:40:00+00:00
[2025-01-13T23:40:18.533+0000] {processor.py:208} INFO - Processing /home/airflow/.local/lib/python3.12/site-packages/airflow/example_dags/example_sla_dag.py took 0.075 seconds
[2025-01-13T23:40:49.974+0000] {processor.py:186} INFO - Started process (PID=1978) to work on /home/airflow/.local/lib/python3.12/site-packages/airflow/example_dags/example_sla_dag.py
[2025-01-13T23:40:49.975+0000] {processor.py:914} INFO - Processing file /home/airflow/.local/lib/python3.12/site-packages/airflow/example_dags/example_sla_dag.py for tasks to queue
[2025-01-13T23:40:49.978+0000] {logging_mixin.py:190} INFO - [2025-01-13T23:40:49.978+0000] {dagbag.py:588} INFO - Filling up the DagBag from /home/airflow/.local/lib/python3.12/site-packages/airflow/example_dags/example_sla_dag.py
[2025-01-13T23:40:49.989+0000] {processor.py:925} INFO - DAG(s) 'example_sla_dag' retrieved from /home/airflow/.local/lib/python3.12/site-packages/airflow/example_dags/example_sla_dag.py
[2025-01-13T23:40:50.015+0000] {logging_mixin.py:190} INFO - [2025-01-13T23:40:50.015+0000] {dag.py:3239} INFO - Sync 1 DAGs
[2025-01-13T23:40:50.040+0000] {logging_mixin.py:190} INFO - [2025-01-13T23:40:50.040+0000] {dag.py:4180} INFO - Setting next_dagrun for example_sla_dag to 2025-01-13 23:38:00+00:00, run_after=2025-01-13 23:40:00+00:00
[2025-01-13T23:40:50.063+0000] {processor.py:208} INFO - Processing /home/airflow/.local/lib/python3.12/site-packages/airflow/example_dags/example_sla_dag.py took 0.095 seconds
[2025-01-13T23:41:21.498+0000] {processor.py:186} INFO - Started process (PID=2043) to work on /home/airflow/.local/lib/python3.12/site-packages/airflow/example_dags/example_sla_dag.py
[2025-01-13T23:41:21.500+0000] {processor.py:914} INFO - Processing file /home/airflow/.local/lib/python3.12/site-packages/airflow/example_dags/example_sla_dag.py for tasks to queue
[2025-01-13T23:41:21.504+0000] {logging_mixin.py:190} INFO - [2025-01-13T23:41:21.504+0000] {dagbag.py:588} INFO - Filling up the DagBag from /home/airflow/.local/lib/python3.12/site-packages/airflow/example_dags/example_sla_dag.py
[2025-01-13T23:41:21.523+0000] {processor.py:925} INFO - DAG(s) 'example_sla_dag' retrieved from /home/airflow/.local/lib/python3.12/site-packages/airflow/example_dags/example_sla_dag.py
[2025-01-13T23:41:21.549+0000] {logging_mixin.py:190} INFO - [2025-01-13T23:41:21.548+0000] {dag.py:3239} INFO - Sync 1 DAGs
[2025-01-13T23:41:21.588+0000] {logging_mixin.py:190} INFO - [2025-01-13T23:41:21.588+0000] {dag.py:4180} INFO - Setting next_dagrun for example_sla_dag to 2025-01-13 23:38:00+00:00, run_after=2025-01-13 23:40:00+00:00
[2025-01-13T23:41:21.616+0000] {processor.py:208} INFO - Processing /home/airflow/.local/lib/python3.12/site-packages/airflow/example_dags/example_sla_dag.py took 0.127 seconds
[2025-01-13T23:41:52.797+0000] {processor.py:186} INFO - Started process (PID=2107) to work on /home/airflow/.local/lib/python3.12/site-packages/airflow/example_dags/example_sla_dag.py
[2025-01-13T23:41:52.798+0000] {processor.py:914} INFO - Processing file /home/airflow/.local/lib/python3.12/site-packages/airflow/example_dags/example_sla_dag.py for tasks to queue
[2025-01-13T23:41:52.801+0000] {logging_mixin.py:190} INFO - [2025-01-13T23:41:52.801+0000] {dagbag.py:588} INFO - Filling up the DagBag from /home/airflow/.local/lib/python3.12/site-packages/airflow/example_dags/example_sla_dag.py
[2025-01-13T23:41:52.814+0000] {processor.py:925} INFO - DAG(s) 'example_sla_dag' retrieved from /home/airflow/.local/lib/python3.12/site-packages/airflow/example_dags/example_sla_dag.py
[2025-01-13T23:41:52.836+0000] {logging_mixin.py:190} INFO - [2025-01-13T23:41:52.836+0000] {dag.py:3239} INFO - Sync 1 DAGs
[2025-01-13T23:41:52.867+0000] {logging_mixin.py:190} INFO - [2025-01-13T23:41:52.866+0000] {dag.py:4180} INFO - Setting next_dagrun for example_sla_dag to 2025-01-13 23:38:00+00:00, run_after=2025-01-13 23:40:00+00:00
[2025-01-13T23:41:52.892+0000] {processor.py:208} INFO - Processing /home/airflow/.local/lib/python3.12/site-packages/airflow/example_dags/example_sla_dag.py took 0.103 seconds
[2025-01-13T23:42:25.142+0000] {processor.py:186} INFO - Started process (PID=2171) to work on /home/airflow/.local/lib/python3.12/site-packages/airflow/example_dags/example_sla_dag.py
[2025-01-13T23:42:25.144+0000] {processor.py:914} INFO - Processing file /home/airflow/.local/lib/python3.12/site-packages/airflow/example_dags/example_sla_dag.py for tasks to queue
[2025-01-13T23:42:25.146+0000] {logging_mixin.py:190} INFO - [2025-01-13T23:42:25.145+0000] {dagbag.py:588} INFO - Filling up the DagBag from /home/airflow/.local/lib/python3.12/site-packages/airflow/example_dags/example_sla_dag.py
[2025-01-13T23:42:25.158+0000] {processor.py:925} INFO - DAG(s) 'example_sla_dag' retrieved from /home/airflow/.local/lib/python3.12/site-packages/airflow/example_dags/example_sla_dag.py
[2025-01-13T23:42:25.178+0000] {logging_mixin.py:190} INFO - [2025-01-13T23:42:25.177+0000] {dag.py:3239} INFO - Sync 1 DAGs
[2025-01-13T23:42:25.197+0000] {logging_mixin.py:190} INFO - [2025-01-13T23:42:25.197+0000] {dag.py:4180} INFO - Setting next_dagrun for example_sla_dag to 2025-01-13 23:40:00+00:00, run_after=2025-01-13 23:42:00+00:00
[2025-01-13T23:42:25.214+0000] {processor.py:208} INFO - Processing /home/airflow/.local/lib/python3.12/site-packages/airflow/example_dags/example_sla_dag.py took 0.075 seconds
[2025-01-13T23:42:55.947+0000] {processor.py:186} INFO - Started process (PID=2234) to work on /home/airflow/.local/lib/python3.12/site-packages/airflow/example_dags/example_sla_dag.py
[2025-01-13T23:42:55.950+0000] {processor.py:914} INFO - Processing file /home/airflow/.local/lib/python3.12/site-packages/airflow/example_dags/example_sla_dag.py for tasks to queue
[2025-01-13T23:42:55.952+0000] {logging_mixin.py:190} INFO - [2025-01-13T23:42:55.952+0000] {dagbag.py:588} INFO - Filling up the DagBag from /home/airflow/.local/lib/python3.12/site-packages/airflow/example_dags/example_sla_dag.py
[2025-01-13T23:42:55.960+0000] {processor.py:925} INFO - DAG(s) 'example_sla_dag' retrieved from /home/airflow/.local/lib/python3.12/site-packages/airflow/example_dags/example_sla_dag.py
[2025-01-13T23:42:55.979+0000] {logging_mixin.py:190} INFO - [2025-01-13T23:42:55.979+0000] {dag.py:3239} INFO - Sync 1 DAGs
[2025-01-13T23:42:55.997+0000] {logging_mixin.py:190} INFO - [2025-01-13T23:42:55.997+0000] {dag.py:4180} INFO - Setting next_dagrun for example_sla_dag to 2025-01-13 23:40:00+00:00, run_after=2025-01-13 23:42:00+00:00
[2025-01-13T23:42:56.015+0000] {processor.py:208} INFO - Processing /home/airflow/.local/lib/python3.12/site-packages/airflow/example_dags/example_sla_dag.py took 0.072 seconds
[2025-01-13T23:43:26.203+0000] {processor.py:186} INFO - Started process (PID=2297) to work on /home/airflow/.local/lib/python3.12/site-packages/airflow/example_dags/example_sla_dag.py
[2025-01-13T23:43:26.204+0000] {processor.py:914} INFO - Processing file /home/airflow/.local/lib/python3.12/site-packages/airflow/example_dags/example_sla_dag.py for tasks to queue
[2025-01-13T23:43:26.207+0000] {logging_mixin.py:190} INFO - [2025-01-13T23:43:26.207+0000] {dagbag.py:588} INFO - Filling up the DagBag from /home/airflow/.local/lib/python3.12/site-packages/airflow/example_dags/example_sla_dag.py
[2025-01-13T23:43:26.214+0000] {processor.py:925} INFO - DAG(s) 'example_sla_dag' retrieved from /home/airflow/.local/lib/python3.12/site-packages/airflow/example_dags/example_sla_dag.py
[2025-01-13T23:43:26.231+0000] {logging_mixin.py:190} INFO - [2025-01-13T23:43:26.231+0000] {dag.py:3239} INFO - Sync 1 DAGs
[2025-01-13T23:43:26.253+0000] {logging_mixin.py:190} INFO - [2025-01-13T23:43:26.253+0000] {dag.py:4180} INFO - Setting next_dagrun for example_sla_dag to 2025-01-13 23:40:00+00:00, run_after=2025-01-13 23:42:00+00:00
[2025-01-13T23:43:26.272+0000] {processor.py:208} INFO - Processing /home/airflow/.local/lib/python3.12/site-packages/airflow/example_dags/example_sla_dag.py took 0.073 seconds
[2025-01-13T23:43:56.979+0000] {processor.py:186} INFO - Started process (PID=2361) to work on /home/airflow/.local/lib/python3.12/site-packages/airflow/example_dags/example_sla_dag.py
[2025-01-13T23:43:56.980+0000] {processor.py:914} INFO - Processing file /home/airflow/.local/lib/python3.12/site-packages/airflow/example_dags/example_sla_dag.py for tasks to queue
[2025-01-13T23:43:56.981+0000] {logging_mixin.py:190} INFO - [2025-01-13T23:43:56.981+0000] {dagbag.py:588} INFO - Filling up the DagBag from /home/airflow/.local/lib/python3.12/site-packages/airflow/example_dags/example_sla_dag.py
[2025-01-13T23:43:56.989+0000] {processor.py:925} INFO - DAG(s) 'example_sla_dag' retrieved from /home/airflow/.local/lib/python3.12/site-packages/airflow/example_dags/example_sla_dag.py
[2025-01-13T23:43:57.004+0000] {logging_mixin.py:190} INFO - [2025-01-13T23:43:57.004+0000] {dag.py:3239} INFO - Sync 1 DAGs
[2025-01-13T23:43:57.021+0000] {logging_mixin.py:190} INFO - [2025-01-13T23:43:57.021+0000] {dag.py:4180} INFO - Setting next_dagrun for example_sla_dag to 2025-01-13 23:40:00+00:00, run_after=2025-01-13 23:42:00+00:00
[2025-01-13T23:43:57.036+0000] {processor.py:208} INFO - Processing /home/airflow/.local/lib/python3.12/site-packages/airflow/example_dags/example_sla_dag.py took 0.061 seconds
[2025-01-13T23:44:28.009+0000] {processor.py:186} INFO - Started process (PID=2425) to work on /home/airflow/.local/lib/python3.12/site-packages/airflow/example_dags/example_sla_dag.py
[2025-01-13T23:44:28.010+0000] {processor.py:914} INFO - Processing file /home/airflow/.local/lib/python3.12/site-packages/airflow/example_dags/example_sla_dag.py for tasks to queue
[2025-01-13T23:44:28.012+0000] {logging_mixin.py:190} INFO - [2025-01-13T23:44:28.012+0000] {dagbag.py:588} INFO - Filling up the DagBag from /home/airflow/.local/lib/python3.12/site-packages/airflow/example_dags/example_sla_dag.py
[2025-01-13T23:44:28.020+0000] {processor.py:925} INFO - DAG(s) 'example_sla_dag' retrieved from /home/airflow/.local/lib/python3.12/site-packages/airflow/example_dags/example_sla_dag.py
[2025-01-13T23:44:28.033+0000] {logging_mixin.py:190} INFO - [2025-01-13T23:44:28.033+0000] {dag.py:3239} INFO - Sync 1 DAGs
[2025-01-13T23:44:28.048+0000] {logging_mixin.py:190} INFO - [2025-01-13T23:44:28.048+0000] {dag.py:4180} INFO - Setting next_dagrun for example_sla_dag to 2025-01-13 23:42:00+00:00, run_after=2025-01-13 23:44:00+00:00
[2025-01-13T23:44:28.061+0000] {processor.py:208} INFO - Processing /home/airflow/.local/lib/python3.12/site-packages/airflow/example_dags/example_sla_dag.py took 0.055 seconds
[2025-01-13T23:44:59.224+0000] {processor.py:186} INFO - Started process (PID=2488) to work on /home/airflow/.local/lib/python3.12/site-packages/airflow/example_dags/example_sla_dag.py
[2025-01-13T23:44:59.226+0000] {processor.py:914} INFO - Processing file /home/airflow/.local/lib/python3.12/site-packages/airflow/example_dags/example_sla_dag.py for tasks to queue
[2025-01-13T23:44:59.227+0000] {logging_mixin.py:190} INFO - [2025-01-13T23:44:59.227+0000] {dagbag.py:588} INFO - Filling up the DagBag from /home/airflow/.local/lib/python3.12/site-packages/airflow/example_dags/example_sla_dag.py
[2025-01-13T23:44:59.236+0000] {processor.py:925} INFO - DAG(s) 'example_sla_dag' retrieved from /home/airflow/.local/lib/python3.12/site-packages/airflow/example_dags/example_sla_dag.py
[2025-01-13T23:44:59.251+0000] {logging_mixin.py:190} INFO - [2025-01-13T23:44:59.251+0000] {dag.py:3239} INFO - Sync 1 DAGs
[2025-01-13T23:44:59.270+0000] {logging_mixin.py:190} INFO - [2025-01-13T23:44:59.269+0000] {dag.py:4180} INFO - Setting next_dagrun for example_sla_dag to 2025-01-13 23:42:00+00:00, run_after=2025-01-13 23:44:00+00:00
[2025-01-13T23:44:59.286+0000] {processor.py:208} INFO - Processing /home/airflow/.local/lib/python3.12/site-packages/airflow/example_dags/example_sla_dag.py took 0.065 seconds
[2025-01-13T23:45:30.376+0000] {processor.py:186} INFO - Started process (PID=2553) to work on /home/airflow/.local/lib/python3.12/site-packages/airflow/example_dags/example_sla_dag.py
[2025-01-13T23:45:30.378+0000] {processor.py:914} INFO - Processing file /home/airflow/.local/lib/python3.12/site-packages/airflow/example_dags/example_sla_dag.py for tasks to queue
[2025-01-13T23:45:30.381+0000] {logging_mixin.py:190} INFO - [2025-01-13T23:45:30.380+0000] {dagbag.py:588} INFO - Filling up the DagBag from /home/airflow/.local/lib/python3.12/site-packages/airflow/example_dags/example_sla_dag.py
[2025-01-13T23:45:30.389+0000] {processor.py:925} INFO - DAG(s) 'example_sla_dag' retrieved from /home/airflow/.local/lib/python3.12/site-packages/airflow/example_dags/example_sla_dag.py
[2025-01-13T23:45:30.406+0000] {logging_mixin.py:190} INFO - [2025-01-13T23:45:30.406+0000] {dag.py:3239} INFO - Sync 1 DAGs
[2025-01-13T23:45:30.428+0000] {logging_mixin.py:190} INFO - [2025-01-13T23:45:30.428+0000] {dag.py:4180} INFO - Setting next_dagrun for example_sla_dag to 2025-01-13 23:42:00+00:00, run_after=2025-01-13 23:44:00+00:00
[2025-01-13T23:45:30.446+0000] {processor.py:208} INFO - Processing /home/airflow/.local/lib/python3.12/site-packages/airflow/example_dags/example_sla_dag.py took 0.074 seconds
[2025-01-13T23:46:00.938+0000] {processor.py:186} INFO - Started process (PID=2617) to work on /home/airflow/.local/lib/python3.12/site-packages/airflow/example_dags/example_sla_dag.py
[2025-01-13T23:46:00.939+0000] {processor.py:914} INFO - Processing file /home/airflow/.local/lib/python3.12/site-packages/airflow/example_dags/example_sla_dag.py for tasks to queue
[2025-01-13T23:46:00.941+0000] {logging_mixin.py:190} INFO - [2025-01-13T23:46:00.941+0000] {dagbag.py:588} INFO - Filling up the DagBag from /home/airflow/.local/lib/python3.12/site-packages/airflow/example_dags/example_sla_dag.py
[2025-01-13T23:46:00.948+0000] {processor.py:925} INFO - DAG(s) 'example_sla_dag' retrieved from /home/airflow/.local/lib/python3.12/site-packages/airflow/example_dags/example_sla_dag.py
[2025-01-13T23:46:00.965+0000] {logging_mixin.py:190} INFO - [2025-01-13T23:46:00.965+0000] {dag.py:3239} INFO - Sync 1 DAGs
[2025-01-13T23:46:00.984+0000] {logging_mixin.py:190} INFO - [2025-01-13T23:46:00.984+0000] {dag.py:4180} INFO - Setting next_dagrun for example_sla_dag to 2025-01-13 23:44:00+00:00, run_after=2025-01-13 23:46:00+00:00
[2025-01-13T23:46:01.006+0000] {processor.py:208} INFO - Processing /home/airflow/.local/lib/python3.12/site-packages/airflow/example_dags/example_sla_dag.py took 0.071 seconds
[2025-01-13T23:46:32.420+0000] {processor.py:186} INFO - Started process (PID=2679) to work on /home/airflow/.local/lib/python3.12/site-packages/airflow/example_dags/example_sla_dag.py
[2025-01-13T23:46:32.421+0000] {processor.py:914} INFO - Processing file /home/airflow/.local/lib/python3.12/site-packages/airflow/example_dags/example_sla_dag.py for tasks to queue
[2025-01-13T23:46:32.423+0000] {logging_mixin.py:190} INFO - [2025-01-13T23:46:32.423+0000] {dagbag.py:588} INFO - Filling up the DagBag from /home/airflow/.local/lib/python3.12/site-packages/airflow/example_dags/example_sla_dag.py
[2025-01-13T23:46:32.430+0000] {processor.py:925} INFO - DAG(s) 'example_sla_dag' retrieved from /home/airflow/.local/lib/python3.12/site-packages/airflow/example_dags/example_sla_dag.py
[2025-01-13T23:46:32.447+0000] {logging_mixin.py:190} INFO - [2025-01-13T23:46:32.447+0000] {dag.py:3239} INFO - Sync 1 DAGs
[2025-01-13T23:46:32.466+0000] {logging_mixin.py:190} INFO - [2025-01-13T23:46:32.466+0000] {dag.py:4180} INFO - Setting next_dagrun for example_sla_dag to 2025-01-13 23:44:00+00:00, run_after=2025-01-13 23:46:00+00:00
[2025-01-13T23:46:32.481+0000] {processor.py:208} INFO - Processing /home/airflow/.local/lib/python3.12/site-packages/airflow/example_dags/example_sla_dag.py took 0.064 seconds
[2025-01-13T23:47:03.758+0000] {processor.py:186} INFO - Started process (PID=2743) to work on /home/airflow/.local/lib/python3.12/site-packages/airflow/example_dags/example_sla_dag.py
[2025-01-13T23:47:03.759+0000] {processor.py:914} INFO - Processing file /home/airflow/.local/lib/python3.12/site-packages/airflow/example_dags/example_sla_dag.py for tasks to queue
[2025-01-13T23:47:03.761+0000] {logging_mixin.py:190} INFO - [2025-01-13T23:47:03.761+0000] {dagbag.py:588} INFO - Filling up the DagBag from /home/airflow/.local/lib/python3.12/site-packages/airflow/example_dags/example_sla_dag.py
[2025-01-13T23:47:03.767+0000] {processor.py:925} INFO - DAG(s) 'example_sla_dag' retrieved from /home/airflow/.local/lib/python3.12/site-packages/airflow/example_dags/example_sla_dag.py
[2025-01-13T23:47:03.780+0000] {logging_mixin.py:190} INFO - [2025-01-13T23:47:03.780+0000] {dag.py:3239} INFO - Sync 1 DAGs
[2025-01-13T23:47:03.796+0000] {logging_mixin.py:190} INFO - [2025-01-13T23:47:03.796+0000] {dag.py:4180} INFO - Setting next_dagrun for example_sla_dag to 2025-01-13 23:44:00+00:00, run_after=2025-01-13 23:46:00+00:00
[2025-01-13T23:47:03.808+0000] {processor.py:208} INFO - Processing /home/airflow/.local/lib/python3.12/site-packages/airflow/example_dags/example_sla_dag.py took 0.054 seconds
[2025-01-13T23:47:34.983+0000] {processor.py:186} INFO - Started process (PID=2807) to work on /home/airflow/.local/lib/python3.12/site-packages/airflow/example_dags/example_sla_dag.py
[2025-01-13T23:47:34.984+0000] {processor.py:914} INFO - Processing file /home/airflow/.local/lib/python3.12/site-packages/airflow/example_dags/example_sla_dag.py for tasks to queue
[2025-01-13T23:47:34.985+0000] {logging_mixin.py:190} INFO - [2025-01-13T23:47:34.985+0000] {dagbag.py:588} INFO - Filling up the DagBag from /home/airflow/.local/lib/python3.12/site-packages/airflow/example_dags/example_sla_dag.py
[2025-01-13T23:47:34.992+0000] {processor.py:925} INFO - DAG(s) 'example_sla_dag' retrieved from /home/airflow/.local/lib/python3.12/site-packages/airflow/example_dags/example_sla_dag.py
[2025-01-13T23:47:35.007+0000] {logging_mixin.py:190} INFO - [2025-01-13T23:47:35.007+0000] {dag.py:3239} INFO - Sync 1 DAGs
[2025-01-13T23:47:35.025+0000] {logging_mixin.py:190} INFO - [2025-01-13T23:47:35.025+0000] {dag.py:4180} INFO - Setting next_dagrun for example_sla_dag to 2025-01-13 23:44:00+00:00, run_after=2025-01-13 23:46:00+00:00
[2025-01-13T23:47:35.039+0000] {processor.py:208} INFO - Processing /home/airflow/.local/lib/python3.12/site-packages/airflow/example_dags/example_sla_dag.py took 0.060 seconds
[2025-01-13T23:48:06.194+0000] {processor.py:186} INFO - Started process (PID=2871) to work on /home/airflow/.local/lib/python3.12/site-packages/airflow/example_dags/example_sla_dag.py
[2025-01-13T23:48:06.195+0000] {processor.py:914} INFO - Processing file /home/airflow/.local/lib/python3.12/site-packages/airflow/example_dags/example_sla_dag.py for tasks to queue
[2025-01-13T23:48:06.197+0000] {logging_mixin.py:190} INFO - [2025-01-13T23:48:06.197+0000] {dagbag.py:588} INFO - Filling up the DagBag from /home/airflow/.local/lib/python3.12/site-packages/airflow/example_dags/example_sla_dag.py
[2025-01-13T23:48:06.205+0000] {processor.py:925} INFO - DAG(s) 'example_sla_dag' retrieved from /home/airflow/.local/lib/python3.12/site-packages/airflow/example_dags/example_sla_dag.py
[2025-01-13T23:48:06.220+0000] {logging_mixin.py:190} INFO - [2025-01-13T23:48:06.220+0000] {dag.py:3239} INFO - Sync 1 DAGs
[2025-01-13T23:48:06.237+0000] {logging_mixin.py:190} INFO - [2025-01-13T23:48:06.237+0000] {dag.py:4180} INFO - Setting next_dagrun for example_sla_dag to 2025-01-13 23:46:00+00:00, run_after=2025-01-13 23:48:00+00:00
[2025-01-13T23:48:06.250+0000] {processor.py:208} INFO - Processing /home/airflow/.local/lib/python3.12/site-packages/airflow/example_dags/example_sla_dag.py took 0.061 seconds
[2025-01-13T23:48:37.625+0000] {processor.py:186} INFO - Started process (PID=2936) to work on /home/airflow/.local/lib/python3.12/site-packages/airflow/example_dags/example_sla_dag.py
[2025-01-13T23:48:37.626+0000] {processor.py:914} INFO - Processing file /home/airflow/.local/lib/python3.12/site-packages/airflow/example_dags/example_sla_dag.py for tasks to queue
[2025-01-13T23:48:37.629+0000] {logging_mixin.py:190} INFO - [2025-01-13T23:48:37.629+0000] {dagbag.py:588} INFO - Filling up the DagBag from /home/airflow/.local/lib/python3.12/site-packages/airflow/example_dags/example_sla_dag.py
[2025-01-13T23:48:37.638+0000] {processor.py:925} INFO - DAG(s) 'example_sla_dag' retrieved from /home/airflow/.local/lib/python3.12/site-packages/airflow/example_dags/example_sla_dag.py
[2025-01-13T23:48:37.658+0000] {logging_mixin.py:190} INFO - [2025-01-13T23:48:37.657+0000] {dag.py:3239} INFO - Sync 1 DAGs
[2025-01-13T23:48:37.824+0000] {logging_mixin.py:190} INFO - [2025-01-13T23:48:37.824+0000] {dag.py:4180} INFO - Setting next_dagrun for example_sla_dag to 2025-01-13 23:46:00+00:00, run_after=2025-01-13 23:48:00+00:00
[2025-01-13T23:48:37.839+0000] {processor.py:208} INFO - Processing /home/airflow/.local/lib/python3.12/site-packages/airflow/example_dags/example_sla_dag.py took 0.222 seconds
[2025-01-13T23:49:08.736+0000] {processor.py:186} INFO - Started process (PID=3000) to work on /home/airflow/.local/lib/python3.12/site-packages/airflow/example_dags/example_sla_dag.py
[2025-01-13T23:49:08.738+0000] {processor.py:914} INFO - Processing file /home/airflow/.local/lib/python3.12/site-packages/airflow/example_dags/example_sla_dag.py for tasks to queue
[2025-01-13T23:49:08.742+0000] {logging_mixin.py:190} INFO - [2025-01-13T23:49:08.741+0000] {dagbag.py:588} INFO - Filling up the DagBag from /home/airflow/.local/lib/python3.12/site-packages/airflow/example_dags/example_sla_dag.py
[2025-01-13T23:49:08.751+0000] {processor.py:925} INFO - DAG(s) 'example_sla_dag' retrieved from /home/airflow/.local/lib/python3.12/site-packages/airflow/example_dags/example_sla_dag.py
[2025-01-13T23:49:08.776+0000] {logging_mixin.py:190} INFO - [2025-01-13T23:49:08.775+0000] {dag.py:3239} INFO - Sync 1 DAGs
[2025-01-13T23:49:08.805+0000] {logging_mixin.py:190} INFO - [2025-01-13T23:49:08.804+0000] {dag.py:4180} INFO - Setting next_dagrun for example_sla_dag to 2025-01-13 23:46:00+00:00, run_after=2025-01-13 23:48:00+00:00
[2025-01-13T23:49:08.992+0000] {processor.py:208} INFO - Processing /home/airflow/.local/lib/python3.12/site-packages/airflow/example_dags/example_sla_dag.py took 0.263 seconds
[2025-01-13T23:49:39.400+0000] {processor.py:186} INFO - Started process (PID=3064) to work on /home/airflow/.local/lib/python3.12/site-packages/airflow/example_dags/example_sla_dag.py
[2025-01-13T23:49:39.401+0000] {processor.py:914} INFO - Processing file /home/airflow/.local/lib/python3.12/site-packages/airflow/example_dags/example_sla_dag.py for tasks to queue
[2025-01-13T23:49:39.403+0000] {logging_mixin.py:190} INFO - [2025-01-13T23:49:39.403+0000] {dagbag.py:588} INFO - Filling up the DagBag from /home/airflow/.local/lib/python3.12/site-packages/airflow/example_dags/example_sla_dag.py
[2025-01-13T23:49:39.411+0000] {processor.py:925} INFO - DAG(s) 'example_sla_dag' retrieved from /home/airflow/.local/lib/python3.12/site-packages/airflow/example_dags/example_sla_dag.py
[2025-01-13T23:49:39.426+0000] {logging_mixin.py:190} INFO - [2025-01-13T23:49:39.426+0000] {dag.py:3239} INFO - Sync 1 DAGs
[2025-01-13T23:49:39.446+0000] {logging_mixin.py:190} INFO - [2025-01-13T23:49:39.445+0000] {dag.py:4180} INFO - Setting next_dagrun for example_sla_dag to 2025-01-13 23:46:00+00:00, run_after=2025-01-13 23:48:00+00:00
[2025-01-13T23:49:39.461+0000] {processor.py:208} INFO - Processing /home/airflow/.local/lib/python3.12/site-packages/airflow/example_dags/example_sla_dag.py took 0.066 seconds
[2025-01-13T23:50:10.712+0000] {processor.py:186} INFO - Started process (PID=3132) to work on /home/airflow/.local/lib/python3.12/site-packages/airflow/example_dags/example_sla_dag.py
[2025-01-13T23:50:10.713+0000] {processor.py:914} INFO - Processing file /home/airflow/.local/lib/python3.12/site-packages/airflow/example_dags/example_sla_dag.py for tasks to queue
[2025-01-13T23:50:10.716+0000] {logging_mixin.py:190} INFO - [2025-01-13T23:50:10.716+0000] {dagbag.py:588} INFO - Filling up the DagBag from /home/airflow/.local/lib/python3.12/site-packages/airflow/example_dags/example_sla_dag.py
[2025-01-13T23:50:10.726+0000] {processor.py:925} INFO - DAG(s) 'example_sla_dag' retrieved from /home/airflow/.local/lib/python3.12/site-packages/airflow/example_dags/example_sla_dag.py
[2025-01-13T23:50:10.748+0000] {logging_mixin.py:190} INFO - [2025-01-13T23:50:10.747+0000] {dag.py:3239} INFO - Sync 1 DAGs
[2025-01-13T23:50:10.777+0000] {logging_mixin.py:190} INFO - [2025-01-13T23:50:10.777+0000] {dag.py:4180} INFO - Setting next_dagrun for example_sla_dag to 2025-01-13 23:48:00+00:00, run_after=2025-01-13 23:50:00+00:00
[2025-01-13T23:50:10.802+0000] {processor.py:208} INFO - Processing /home/airflow/.local/lib/python3.12/site-packages/airflow/example_dags/example_sla_dag.py took 0.094 seconds
[2025-01-13T23:50:42.502+0000] {processor.py:186} INFO - Started process (PID=3195) to work on /home/airflow/.local/lib/python3.12/site-packages/airflow/example_dags/example_sla_dag.py
[2025-01-13T23:50:42.505+0000] {processor.py:914} INFO - Processing file /home/airflow/.local/lib/python3.12/site-packages/airflow/example_dags/example_sla_dag.py for tasks to queue
[2025-01-13T23:50:42.509+0000] {logging_mixin.py:190} INFO - [2025-01-13T23:50:42.509+0000] {dagbag.py:588} INFO - Filling up the DagBag from /home/airflow/.local/lib/python3.12/site-packages/airflow/example_dags/example_sla_dag.py
[2025-01-13T23:50:42.526+0000] {processor.py:925} INFO - DAG(s) 'example_sla_dag' retrieved from /home/airflow/.local/lib/python3.12/site-packages/airflow/example_dags/example_sla_dag.py
[2025-01-13T23:50:42.549+0000] {logging_mixin.py:190} INFO - [2025-01-13T23:50:42.549+0000] {dag.py:3239} INFO - Sync 1 DAGs
[2025-01-13T23:50:42.582+0000] {logging_mixin.py:190} INFO - [2025-01-13T23:50:42.582+0000] {dag.py:4180} INFO - Setting next_dagrun for example_sla_dag to 2025-01-13 23:48:00+00:00, run_after=2025-01-13 23:50:00+00:00
[2025-01-13T23:50:42.607+0000] {processor.py:208} INFO - Processing /home/airflow/.local/lib/python3.12/site-packages/airflow/example_dags/example_sla_dag.py took 0.110 seconds
[2025-01-13T23:51:12.959+0000] {processor.py:186} INFO - Started process (PID=3258) to work on /home/airflow/.local/lib/python3.12/site-packages/airflow/example_dags/example_sla_dag.py
[2025-01-13T23:51:12.961+0000] {processor.py:914} INFO - Processing file /home/airflow/.local/lib/python3.12/site-packages/airflow/example_dags/example_sla_dag.py for tasks to queue
[2025-01-13T23:51:12.963+0000] {logging_mixin.py:190} INFO - [2025-01-13T23:51:12.962+0000] {dagbag.py:588} INFO - Filling up the DagBag from /home/airflow/.local/lib/python3.12/site-packages/airflow/example_dags/example_sla_dag.py
[2025-01-13T23:51:12.970+0000] {processor.py:925} INFO - DAG(s) 'example_sla_dag' retrieved from /home/airflow/.local/lib/python3.12/site-packages/airflow/example_dags/example_sla_dag.py
[2025-01-13T23:51:12.986+0000] {logging_mixin.py:190} INFO - [2025-01-13T23:51:12.986+0000] {dag.py:3239} INFO - Sync 1 DAGs
[2025-01-13T23:51:13.006+0000] {logging_mixin.py:190} INFO - [2025-01-13T23:51:13.005+0000] {dag.py:4180} INFO - Setting next_dagrun for example_sla_dag to 2025-01-13 23:48:00+00:00, run_after=2025-01-13 23:50:00+00:00
[2025-01-13T23:51:13.021+0000] {processor.py:208} INFO - Processing /home/airflow/.local/lib/python3.12/site-packages/airflow/example_dags/example_sla_dag.py took 0.066 seconds
[2025-01-13T23:51:43.635+0000] {processor.py:186} INFO - Started process (PID=3325) to work on /home/airflow/.local/lib/python3.12/site-packages/airflow/example_dags/example_sla_dag.py
[2025-01-13T23:51:43.636+0000] {processor.py:914} INFO - Processing file /home/airflow/.local/lib/python3.12/site-packages/airflow/example_dags/example_sla_dag.py for tasks to queue
[2025-01-13T23:51:43.638+0000] {logging_mixin.py:190} INFO - [2025-01-13T23:51:43.638+0000] {dagbag.py:588} INFO - Filling up the DagBag from /home/airflow/.local/lib/python3.12/site-packages/airflow/example_dags/example_sla_dag.py
[2025-01-13T23:51:43.646+0000] {processor.py:925} INFO - DAG(s) 'example_sla_dag' retrieved from /home/airflow/.local/lib/python3.12/site-packages/airflow/example_dags/example_sla_dag.py
[2025-01-13T23:51:43.671+0000] {logging_mixin.py:190} INFO - [2025-01-13T23:51:43.671+0000] {dag.py:3239} INFO - Sync 1 DAGs
[2025-01-13T23:51:43.695+0000] {logging_mixin.py:190} INFO - [2025-01-13T23:51:43.694+0000] {dag.py:4180} INFO - Setting next_dagrun for example_sla_dag to 2025-01-13 23:48:00+00:00, run_after=2025-01-13 23:50:00+00:00
[2025-01-13T23:51:43.710+0000] {processor.py:208} INFO - Processing /home/airflow/.local/lib/python3.12/site-packages/airflow/example_dags/example_sla_dag.py took 0.079 seconds
[2025-01-13T23:52:15.049+0000] {processor.py:186} INFO - Started process (PID=3394) to work on /home/airflow/.local/lib/python3.12/site-packages/airflow/example_dags/example_sla_dag.py
[2025-01-13T23:52:15.050+0000] {processor.py:914} INFO - Processing file /home/airflow/.local/lib/python3.12/site-packages/airflow/example_dags/example_sla_dag.py for tasks to queue
[2025-01-13T23:52:15.053+0000] {logging_mixin.py:190} INFO - [2025-01-13T23:52:15.053+0000] {dagbag.py:588} INFO - Filling up the DagBag from /home/airflow/.local/lib/python3.12/site-packages/airflow/example_dags/example_sla_dag.py
[2025-01-13T23:52:15.066+0000] {processor.py:925} INFO - DAG(s) 'example_sla_dag' retrieved from /home/airflow/.local/lib/python3.12/site-packages/airflow/example_dags/example_sla_dag.py
[2025-01-13T23:52:15.092+0000] {logging_mixin.py:190} INFO - [2025-01-13T23:52:15.092+0000] {dag.py:3239} INFO - Sync 1 DAGs
[2025-01-13T23:52:15.127+0000] {logging_mixin.py:190} INFO - [2025-01-13T23:52:15.127+0000] {dag.py:4180} INFO - Setting next_dagrun for example_sla_dag to 2025-01-13 23:50:00+00:00, run_after=2025-01-13 23:52:00+00:00
[2025-01-13T23:52:15.150+0000] {processor.py:208} INFO - Processing /home/airflow/.local/lib/python3.12/site-packages/airflow/example_dags/example_sla_dag.py took 0.108 seconds
[2025-01-13T23:52:45.312+0000] {processor.py:186} INFO - Started process (PID=3458) to work on /home/airflow/.local/lib/python3.12/site-packages/airflow/example_dags/example_sla_dag.py
[2025-01-13T23:52:45.313+0000] {processor.py:914} INFO - Processing file /home/airflow/.local/lib/python3.12/site-packages/airflow/example_dags/example_sla_dag.py for tasks to queue
[2025-01-13T23:52:45.316+0000] {logging_mixin.py:190} INFO - [2025-01-13T23:52:45.315+0000] {dagbag.py:588} INFO - Filling up the DagBag from /home/airflow/.local/lib/python3.12/site-packages/airflow/example_dags/example_sla_dag.py
[2025-01-13T23:52:45.324+0000] {processor.py:925} INFO - DAG(s) 'example_sla_dag' retrieved from /home/airflow/.local/lib/python3.12/site-packages/airflow/example_dags/example_sla_dag.py
[2025-01-13T23:52:45.340+0000] {logging_mixin.py:190} INFO - [2025-01-13T23:52:45.340+0000] {dag.py:3239} INFO - Sync 1 DAGs
[2025-01-13T23:52:45.355+0000] {logging_mixin.py:190} INFO - [2025-01-13T23:52:45.355+0000] {dag.py:4180} INFO - Setting next_dagrun for example_sla_dag to 2025-01-13 23:50:00+00:00, run_after=2025-01-13 23:52:00+00:00
[2025-01-13T23:52:45.369+0000] {processor.py:208} INFO - Processing /home/airflow/.local/lib/python3.12/site-packages/airflow/example_dags/example_sla_dag.py took 0.060 seconds
[2025-01-13T23:53:15.880+0000] {processor.py:186} INFO - Started process (PID=3522) to work on /home/airflow/.local/lib/python3.12/site-packages/airflow/example_dags/example_sla_dag.py
[2025-01-13T23:53:15.881+0000] {processor.py:914} INFO - Processing file /home/airflow/.local/lib/python3.12/site-packages/airflow/example_dags/example_sla_dag.py for tasks to queue
[2025-01-13T23:53:15.882+0000] {logging_mixin.py:190} INFO - [2025-01-13T23:53:15.882+0000] {dagbag.py:588} INFO - Filling up the DagBag from /home/airflow/.local/lib/python3.12/site-packages/airflow/example_dags/example_sla_dag.py
[2025-01-13T23:53:15.889+0000] {processor.py:925} INFO - DAG(s) 'example_sla_dag' retrieved from /home/airflow/.local/lib/python3.12/site-packages/airflow/example_dags/example_sla_dag.py
[2025-01-13T23:53:15.903+0000] {logging_mixin.py:190} INFO - [2025-01-13T23:53:15.902+0000] {dag.py:3239} INFO - Sync 1 DAGs
[2025-01-13T23:53:15.918+0000] {logging_mixin.py:190} INFO - [2025-01-13T23:53:15.918+0000] {dag.py:4180} INFO - Setting next_dagrun for example_sla_dag to 2025-01-13 23:50:00+00:00, run_after=2025-01-13 23:52:00+00:00
[2025-01-13T23:53:15.932+0000] {processor.py:208} INFO - Processing /home/airflow/.local/lib/python3.12/site-packages/airflow/example_dags/example_sla_dag.py took 0.056 seconds
[2025-01-13T23:53:46.891+0000] {processor.py:186} INFO - Started process (PID=3589) to work on /home/airflow/.local/lib/python3.12/site-packages/airflow/example_dags/example_sla_dag.py
[2025-01-13T23:53:46.892+0000] {processor.py:914} INFO - Processing file /home/airflow/.local/lib/python3.12/site-packages/airflow/example_dags/example_sla_dag.py for tasks to queue
[2025-01-13T23:53:46.896+0000] {logging_mixin.py:190} INFO - [2025-01-13T23:53:46.896+0000] {dagbag.py:588} INFO - Filling up the DagBag from /home/airflow/.local/lib/python3.12/site-packages/airflow/example_dags/example_sla_dag.py
[2025-01-13T23:53:46.908+0000] {processor.py:925} INFO - DAG(s) 'example_sla_dag' retrieved from /home/airflow/.local/lib/python3.12/site-packages/airflow/example_dags/example_sla_dag.py
[2025-01-13T23:53:46.930+0000] {logging_mixin.py:190} INFO - [2025-01-13T23:53:46.929+0000] {dag.py:3239} INFO - Sync 1 DAGs
[2025-01-13T23:53:46.955+0000] {logging_mixin.py:190} INFO - [2025-01-13T23:53:46.955+0000] {dag.py:4180} INFO - Setting next_dagrun for example_sla_dag to 2025-01-13 23:50:00+00:00, run_after=2025-01-13 23:52:00+00:00
[2025-01-13T23:53:46.976+0000] {processor.py:208} INFO - Processing /home/airflow/.local/lib/python3.12/site-packages/airflow/example_dags/example_sla_dag.py took 0.091 seconds
[2025-01-13T23:54:18.434+0000] {processor.py:186} INFO - Started process (PID=3655) to work on /home/airflow/.local/lib/python3.12/site-packages/airflow/example_dags/example_sla_dag.py
[2025-01-13T23:54:18.435+0000] {processor.py:914} INFO - Processing file /home/airflow/.local/lib/python3.12/site-packages/airflow/example_dags/example_sla_dag.py for tasks to queue
[2025-01-13T23:54:18.438+0000] {logging_mixin.py:190} INFO - [2025-01-13T23:54:18.438+0000] {dagbag.py:588} INFO - Filling up the DagBag from /home/airflow/.local/lib/python3.12/site-packages/airflow/example_dags/example_sla_dag.py
[2025-01-13T23:54:18.450+0000] {processor.py:925} INFO - DAG(s) 'example_sla_dag' retrieved from /home/airflow/.local/lib/python3.12/site-packages/airflow/example_dags/example_sla_dag.py
[2025-01-13T23:54:18.472+0000] {logging_mixin.py:190} INFO - [2025-01-13T23:54:18.472+0000] {dag.py:3239} INFO - Sync 1 DAGs
[2025-01-13T23:54:18.505+0000] {logging_mixin.py:190} INFO - [2025-01-13T23:54:18.505+0000] {dag.py:4180} INFO - Setting next_dagrun for example_sla_dag to 2025-01-13 23:52:00+00:00, run_after=2025-01-13 23:54:00+00:00
[2025-01-13T23:54:18.531+0000] {processor.py:208} INFO - Processing /home/airflow/.local/lib/python3.12/site-packages/airflow/example_dags/example_sla_dag.py took 0.105 seconds
[2025-01-13T23:54:48.932+0000] {processor.py:186} INFO - Started process (PID=3719) to work on /home/airflow/.local/lib/python3.12/site-packages/airflow/example_dags/example_sla_dag.py
[2025-01-13T23:54:48.934+0000] {processor.py:914} INFO - Processing file /home/airflow/.local/lib/python3.12/site-packages/airflow/example_dags/example_sla_dag.py for tasks to queue
[2025-01-13T23:54:48.936+0000] {logging_mixin.py:190} INFO - [2025-01-13T23:54:48.936+0000] {dagbag.py:588} INFO - Filling up the DagBag from /home/airflow/.local/lib/python3.12/site-packages/airflow/example_dags/example_sla_dag.py
[2025-01-13T23:54:48.945+0000] {processor.py:925} INFO - DAG(s) 'example_sla_dag' retrieved from /home/airflow/.local/lib/python3.12/site-packages/airflow/example_dags/example_sla_dag.py
[2025-01-13T23:54:48.961+0000] {logging_mixin.py:190} INFO - [2025-01-13T23:54:48.960+0000] {dag.py:3239} INFO - Sync 1 DAGs
[2025-01-13T23:54:48.979+0000] {logging_mixin.py:190} INFO - [2025-01-13T23:54:48.979+0000] {dag.py:4180} INFO - Setting next_dagrun for example_sla_dag to 2025-01-13 23:52:00+00:00, run_after=2025-01-13 23:54:00+00:00
[2025-01-13T23:54:48.994+0000] {processor.py:208} INFO - Processing /home/airflow/.local/lib/python3.12/site-packages/airflow/example_dags/example_sla_dag.py took 0.066 seconds
[2025-01-13T23:55:19.546+0000] {processor.py:186} INFO - Started process (PID=3790) to work on /home/airflow/.local/lib/python3.12/site-packages/airflow/example_dags/example_sla_dag.py
[2025-01-13T23:55:19.547+0000] {processor.py:914} INFO - Processing file /home/airflow/.local/lib/python3.12/site-packages/airflow/example_dags/example_sla_dag.py for tasks to queue
[2025-01-13T23:55:19.549+0000] {logging_mixin.py:190} INFO - [2025-01-13T23:55:19.549+0000] {dagbag.py:588} INFO - Filling up the DagBag from /home/airflow/.local/lib/python3.12/site-packages/airflow/example_dags/example_sla_dag.py
[2025-01-13T23:55:19.557+0000] {processor.py:925} INFO - DAG(s) 'example_sla_dag' retrieved from /home/airflow/.local/lib/python3.12/site-packages/airflow/example_dags/example_sla_dag.py
[2025-01-13T23:55:19.576+0000] {logging_mixin.py:190} INFO - [2025-01-13T23:55:19.576+0000] {dag.py:3239} INFO - Sync 1 DAGs
[2025-01-13T23:55:19.596+0000] {logging_mixin.py:190} INFO - [2025-01-13T23:55:19.596+0000] {dag.py:4180} INFO - Setting next_dagrun for example_sla_dag to 2025-01-13 23:52:00+00:00, run_after=2025-01-13 23:54:00+00:00
[2025-01-13T23:55:19.612+0000] {processor.py:208} INFO - Processing /home/airflow/.local/lib/python3.12/site-packages/airflow/example_dags/example_sla_dag.py took 0.070 seconds
[2025-01-13T23:55:50.430+0000] {processor.py:186} INFO - Started process (PID=3854) to work on /home/airflow/.local/lib/python3.12/site-packages/airflow/example_dags/example_sla_dag.py
[2025-01-13T23:55:50.431+0000] {processor.py:914} INFO - Processing file /home/airflow/.local/lib/python3.12/site-packages/airflow/example_dags/example_sla_dag.py for tasks to queue
[2025-01-13T23:55:50.435+0000] {logging_mixin.py:190} INFO - [2025-01-13T23:55:50.434+0000] {dagbag.py:588} INFO - Filling up the DagBag from /home/airflow/.local/lib/python3.12/site-packages/airflow/example_dags/example_sla_dag.py
[2025-01-13T23:55:50.447+0000] {processor.py:925} INFO - DAG(s) 'example_sla_dag' retrieved from /home/airflow/.local/lib/python3.12/site-packages/airflow/example_dags/example_sla_dag.py
[2025-01-13T23:55:50.471+0000] {logging_mixin.py:190} INFO - [2025-01-13T23:55:50.470+0000] {dag.py:3239} INFO - Sync 1 DAGs
[2025-01-13T23:55:50.497+0000] {logging_mixin.py:190} INFO - [2025-01-13T23:55:50.497+0000] {dag.py:4180} INFO - Setting next_dagrun for example_sla_dag to 2025-01-13 23:52:00+00:00, run_after=2025-01-13 23:54:00+00:00
[2025-01-13T23:55:50.520+0000] {processor.py:208} INFO - Processing /home/airflow/.local/lib/python3.12/site-packages/airflow/example_dags/example_sla_dag.py took 0.095 seconds
[2025-01-13T23:56:20.888+0000] {processor.py:186} INFO - Started process (PID=3918) to work on /home/airflow/.local/lib/python3.12/site-packages/airflow/example_dags/example_sla_dag.py
[2025-01-13T23:56:20.891+0000] {processor.py:914} INFO - Processing file /home/airflow/.local/lib/python3.12/site-packages/airflow/example_dags/example_sla_dag.py for tasks to queue
[2025-01-13T23:56:20.894+0000] {logging_mixin.py:190} INFO - [2025-01-13T23:56:20.894+0000] {dagbag.py:588} INFO - Filling up the DagBag from /home/airflow/.local/lib/python3.12/site-packages/airflow/example_dags/example_sla_dag.py
[2025-01-13T23:56:20.906+0000] {processor.py:925} INFO - DAG(s) 'example_sla_dag' retrieved from /home/airflow/.local/lib/python3.12/site-packages/airflow/example_dags/example_sla_dag.py
[2025-01-13T23:56:20.932+0000] {logging_mixin.py:190} INFO - [2025-01-13T23:56:20.931+0000] {dag.py:3239} INFO - Sync 1 DAGs
[2025-01-13T23:56:20.963+0000] {logging_mixin.py:190} INFO - [2025-01-13T23:56:20.962+0000] {dag.py:4180} INFO - Setting next_dagrun for example_sla_dag to 2025-01-13 23:54:00+00:00, run_after=2025-01-13 23:56:00+00:00
[2025-01-13T23:56:20.993+0000] {processor.py:208} INFO - Processing /home/airflow/.local/lib/python3.12/site-packages/airflow/example_dags/example_sla_dag.py took 0.113 seconds
[2025-01-13T23:56:51.700+0000] {processor.py:186} INFO - Started process (PID=3983) to work on /home/airflow/.local/lib/python3.12/site-packages/airflow/example_dags/example_sla_dag.py
[2025-01-13T23:56:51.702+0000] {processor.py:914} INFO - Processing file /home/airflow/.local/lib/python3.12/site-packages/airflow/example_dags/example_sla_dag.py for tasks to queue
[2025-01-13T23:56:51.705+0000] {logging_mixin.py:190} INFO - [2025-01-13T23:56:51.704+0000] {dagbag.py:588} INFO - Filling up the DagBag from /home/airflow/.local/lib/python3.12/site-packages/airflow/example_dags/example_sla_dag.py
[2025-01-13T23:56:51.715+0000] {processor.py:925} INFO - DAG(s) 'example_sla_dag' retrieved from /home/airflow/.local/lib/python3.12/site-packages/airflow/example_dags/example_sla_dag.py
[2025-01-13T23:56:51.746+0000] {logging_mixin.py:190} INFO - [2025-01-13T23:56:51.745+0000] {dag.py:3239} INFO - Sync 1 DAGs
[2025-01-13T23:56:51.781+0000] {logging_mixin.py:190} INFO - [2025-01-13T23:56:51.780+0000] {dag.py:4180} INFO - Setting next_dagrun for example_sla_dag to 2025-01-13 23:54:00+00:00, run_after=2025-01-13 23:56:00+00:00
[2025-01-13T23:56:51.811+0000] {processor.py:208} INFO - Processing /home/airflow/.local/lib/python3.12/site-packages/airflow/example_dags/example_sla_dag.py took 0.118 seconds
[2025-01-13T23:57:22.083+0000] {processor.py:186} INFO - Started process (PID=4047) to work on /home/airflow/.local/lib/python3.12/site-packages/airflow/example_dags/example_sla_dag.py
[2025-01-13T23:57:22.084+0000] {processor.py:914} INFO - Processing file /home/airflow/.local/lib/python3.12/site-packages/airflow/example_dags/example_sla_dag.py for tasks to queue
[2025-01-13T23:57:22.088+0000] {logging_mixin.py:190} INFO - [2025-01-13T23:57:22.087+0000] {dagbag.py:588} INFO - Filling up the DagBag from /home/airflow/.local/lib/python3.12/site-packages/airflow/example_dags/example_sla_dag.py
[2025-01-13T23:57:22.101+0000] {processor.py:925} INFO - DAG(s) 'example_sla_dag' retrieved from /home/airflow/.local/lib/python3.12/site-packages/airflow/example_dags/example_sla_dag.py
[2025-01-13T23:57:22.124+0000] {logging_mixin.py:190} INFO - [2025-01-13T23:57:22.123+0000] {dag.py:3239} INFO - Sync 1 DAGs
[2025-01-13T23:57:22.154+0000] {logging_mixin.py:190} INFO - [2025-01-13T23:57:22.153+0000] {dag.py:4180} INFO - Setting next_dagrun for example_sla_dag to 2025-01-13 23:54:00+00:00, run_after=2025-01-13 23:56:00+00:00
[2025-01-13T23:57:22.178+0000] {processor.py:208} INFO - Processing /home/airflow/.local/lib/python3.12/site-packages/airflow/example_dags/example_sla_dag.py took 0.102 seconds
[2025-01-13T23:57:53.199+0000] {processor.py:186} INFO - Started process (PID=4112) to work on /home/airflow/.local/lib/python3.12/site-packages/airflow/example_dags/example_sla_dag.py
[2025-01-13T23:57:53.201+0000] {processor.py:914} INFO - Processing file /home/airflow/.local/lib/python3.12/site-packages/airflow/example_dags/example_sla_dag.py for tasks to queue
[2025-01-13T23:57:53.205+0000] {logging_mixin.py:190} INFO - [2025-01-13T23:57:53.205+0000] {dagbag.py:588} INFO - Filling up the DagBag from /home/airflow/.local/lib/python3.12/site-packages/airflow/example_dags/example_sla_dag.py
[2025-01-13T23:57:53.213+0000] {processor.py:925} INFO - DAG(s) 'example_sla_dag' retrieved from /home/airflow/.local/lib/python3.12/site-packages/airflow/example_dags/example_sla_dag.py
[2025-01-13T23:57:53.228+0000] {logging_mixin.py:190} INFO - [2025-01-13T23:57:53.228+0000] {dag.py:3239} INFO - Sync 1 DAGs
[2025-01-13T23:57:53.250+0000] {logging_mixin.py:190} INFO - [2025-01-13T23:57:53.250+0000] {dag.py:4180} INFO - Setting next_dagrun for example_sla_dag to 2025-01-13 23:54:00+00:00, run_after=2025-01-13 23:56:00+00:00
[2025-01-13T23:57:53.265+0000] {processor.py:208} INFO - Processing /home/airflow/.local/lib/python3.12/site-packages/airflow/example_dags/example_sla_dag.py took 0.072 seconds
[2025-01-13T23:58:24.344+0000] {processor.py:186} INFO - Started process (PID=4178) to work on /home/airflow/.local/lib/python3.12/site-packages/airflow/example_dags/example_sla_dag.py
[2025-01-13T23:58:24.345+0000] {processor.py:914} INFO - Processing file /home/airflow/.local/lib/python3.12/site-packages/airflow/example_dags/example_sla_dag.py for tasks to queue
[2025-01-13T23:58:24.348+0000] {logging_mixin.py:190} INFO - [2025-01-13T23:58:24.347+0000] {dagbag.py:588} INFO - Filling up the DagBag from /home/airflow/.local/lib/python3.12/site-packages/airflow/example_dags/example_sla_dag.py
[2025-01-13T23:58:24.359+0000] {processor.py:925} INFO - DAG(s) 'example_sla_dag' retrieved from /home/airflow/.local/lib/python3.12/site-packages/airflow/example_dags/example_sla_dag.py
[2025-01-13T23:58:24.382+0000] {logging_mixin.py:190} INFO - [2025-01-13T23:58:24.381+0000] {dag.py:3239} INFO - Sync 1 DAGs
[2025-01-13T23:58:24.409+0000] {logging_mixin.py:190} INFO - [2025-01-13T23:58:24.408+0000] {dag.py:4180} INFO - Setting next_dagrun for example_sla_dag to 2025-01-13 23:56:00+00:00, run_after=2025-01-13 23:58:00+00:00
[2025-01-13T23:58:24.439+0000] {processor.py:208} INFO - Processing /home/airflow/.local/lib/python3.12/site-packages/airflow/example_dags/example_sla_dag.py took 0.103 seconds
[2025-01-13T23:58:55.194+0000] {processor.py:186} INFO - Started process (PID=4242) to work on /home/airflow/.local/lib/python3.12/site-packages/airflow/example_dags/example_sla_dag.py
[2025-01-13T23:58:55.196+0000] {processor.py:914} INFO - Processing file /home/airflow/.local/lib/python3.12/site-packages/airflow/example_dags/example_sla_dag.py for tasks to queue
[2025-01-13T23:58:55.198+0000] {logging_mixin.py:190} INFO - [2025-01-13T23:58:55.198+0000] {dagbag.py:588} INFO - Filling up the DagBag from /home/airflow/.local/lib/python3.12/site-packages/airflow/example_dags/example_sla_dag.py
[2025-01-13T23:58:55.213+0000] {processor.py:925} INFO - DAG(s) 'example_sla_dag' retrieved from /home/airflow/.local/lib/python3.12/site-packages/airflow/example_dags/example_sla_dag.py
[2025-01-13T23:58:55.237+0000] {logging_mixin.py:190} INFO - [2025-01-13T23:58:55.237+0000] {dag.py:3239} INFO - Sync 1 DAGs
[2025-01-13T23:58:55.271+0000] {logging_mixin.py:190} INFO - [2025-01-13T23:58:55.270+0000] {dag.py:4180} INFO - Setting next_dagrun for example_sla_dag to 2025-01-13 23:56:00+00:00, run_after=2025-01-13 23:58:00+00:00
[2025-01-13T23:58:55.291+0000] {processor.py:208} INFO - Processing /home/airflow/.local/lib/python3.12/site-packages/airflow/example_dags/example_sla_dag.py took 0.101 seconds
[2025-01-13T23:59:26.175+0000] {processor.py:186} INFO - Started process (PID=4306) to work on /home/airflow/.local/lib/python3.12/site-packages/airflow/example_dags/example_sla_dag.py
[2025-01-13T23:59:26.177+0000] {processor.py:914} INFO - Processing file /home/airflow/.local/lib/python3.12/site-packages/airflow/example_dags/example_sla_dag.py for tasks to queue
[2025-01-13T23:59:26.179+0000] {logging_mixin.py:190} INFO - [2025-01-13T23:59:26.179+0000] {dagbag.py:588} INFO - Filling up the DagBag from /home/airflow/.local/lib/python3.12/site-packages/airflow/example_dags/example_sla_dag.py
[2025-01-13T23:59:26.191+0000] {processor.py:925} INFO - DAG(s) 'example_sla_dag' retrieved from /home/airflow/.local/lib/python3.12/site-packages/airflow/example_dags/example_sla_dag.py
[2025-01-13T23:59:26.215+0000] {logging_mixin.py:190} INFO - [2025-01-13T23:59:26.215+0000] {dag.py:3239} INFO - Sync 1 DAGs
[2025-01-13T23:59:26.245+0000] {logging_mixin.py:190} INFO - [2025-01-13T23:59:26.245+0000] {dag.py:4180} INFO - Setting next_dagrun for example_sla_dag to 2025-01-13 23:56:00+00:00, run_after=2025-01-13 23:58:00+00:00
[2025-01-13T23:59:26.270+0000] {processor.py:208} INFO - Processing /home/airflow/.local/lib/python3.12/site-packages/airflow/example_dags/example_sla_dag.py took 0.102 seconds
[2025-01-13T23:59:56.942+0000] {processor.py:186} INFO - Started process (PID=4370) to work on /home/airflow/.local/lib/python3.12/site-packages/airflow/example_dags/example_sla_dag.py
[2025-01-13T23:59:56.944+0000] {processor.py:914} INFO - Processing file /home/airflow/.local/lib/python3.12/site-packages/airflow/example_dags/example_sla_dag.py for tasks to queue
[2025-01-13T23:59:56.946+0000] {logging_mixin.py:190} INFO - [2025-01-13T23:59:56.946+0000] {dagbag.py:588} INFO - Filling up the DagBag from /home/airflow/.local/lib/python3.12/site-packages/airflow/example_dags/example_sla_dag.py
[2025-01-13T23:59:56.955+0000] {processor.py:925} INFO - DAG(s) 'example_sla_dag' retrieved from /home/airflow/.local/lib/python3.12/site-packages/airflow/example_dags/example_sla_dag.py
[2025-01-13T23:59:56.974+0000] {logging_mixin.py:190} INFO - [2025-01-13T23:59:56.974+0000] {dag.py:3239} INFO - Sync 1 DAGs
[2025-01-13T23:59:57.002+0000] {logging_mixin.py:190} INFO - [2025-01-13T23:59:57.002+0000] {dag.py:4180} INFO - Setting next_dagrun for example_sla_dag to 2025-01-13 23:56:00+00:00, run_after=2025-01-13 23:58:00+00:00
[2025-01-13T23:59:57.024+0000] {processor.py:208} INFO - Processing /home/airflow/.local/lib/python3.12/site-packages/airflow/example_dags/example_sla_dag.py took 0.087 seconds
