[2025-01-13T23:25:45.196+0000] {processor.py:186} INFO - Started process (PID=85) to work on /home/airflow/.local/lib/python3.12/site-packages/airflow/example_dags/example_python_decorator.py
[2025-01-13T23:25:45.198+0000] {processor.py:914} INFO - Processing file /home/airflow/.local/lib/python3.12/site-packages/airflow/example_dags/example_python_decorator.py for tasks to queue
[2025-01-13T23:25:45.201+0000] {logging_mixin.py:190} INFO - [2025-01-13T23:25:45.200+0000] {dagbag.py:588} INFO - Filling up the DagBag from /home/airflow/.local/lib/python3.12/site-packages/airflow/example_dags/example_python_decorator.py
[2025-01-13T23:25:45.215+0000] {processor.py:925} INFO - DAG(s) 'example_python_decorator' retrieved from /home/airflow/.local/lib/python3.12/site-packages/airflow/example_dags/example_python_decorator.py
[2025-01-13T23:25:45.347+0000] {logging_mixin.py:190} INFO - [2025-01-13T23:25:45.347+0000] {dag.py:3239} INFO - Sync 1 DAGs
[2025-01-13T23:25:45.360+0000] {logging_mixin.py:190} INFO - [2025-01-13T23:25:45.360+0000] {dag.py:4180} INFO - Setting next_dagrun for example_python_decorator to None, run_after=None
[2025-01-13T23:25:45.386+0000] {processor.py:208} INFO - Processing /home/airflow/.local/lib/python3.12/site-packages/airflow/example_dags/example_python_decorator.py took 0.197 seconds
[2025-01-13T23:26:15.529+0000] {processor.py:186} INFO - Started process (PID=148) to work on /home/airflow/.local/lib/python3.12/site-packages/airflow/example_dags/example_python_decorator.py
[2025-01-13T23:26:15.531+0000] {processor.py:914} INFO - Processing file /home/airflow/.local/lib/python3.12/site-packages/airflow/example_dags/example_python_decorator.py for tasks to queue
[2025-01-13T23:26:15.533+0000] {logging_mixin.py:190} INFO - [2025-01-13T23:26:15.533+0000] {dagbag.py:588} INFO - Filling up the DagBag from /home/airflow/.local/lib/python3.12/site-packages/airflow/example_dags/example_python_decorator.py
[2025-01-13T23:26:15.544+0000] {processor.py:925} INFO - DAG(s) 'example_python_decorator' retrieved from /home/airflow/.local/lib/python3.12/site-packages/airflow/example_dags/example_python_decorator.py
[2025-01-13T23:26:15.561+0000] {logging_mixin.py:190} INFO - [2025-01-13T23:26:15.561+0000] {dag.py:3239} INFO - Sync 1 DAGs
[2025-01-13T23:26:15.574+0000] {logging_mixin.py:190} INFO - [2025-01-13T23:26:15.574+0000] {dag.py:4180} INFO - Setting next_dagrun for example_python_decorator to None, run_after=None
[2025-01-13T23:26:15.590+0000] {processor.py:208} INFO - Processing /home/airflow/.local/lib/python3.12/site-packages/airflow/example_dags/example_python_decorator.py took 0.064 seconds
[2025-01-13T23:26:46.529+0000] {processor.py:186} INFO - Started process (PID=213) to work on /home/airflow/.local/lib/python3.12/site-packages/airflow/example_dags/example_python_decorator.py
[2025-01-13T23:26:46.530+0000] {processor.py:914} INFO - Processing file /home/airflow/.local/lib/python3.12/site-packages/airflow/example_dags/example_python_decorator.py for tasks to queue
[2025-01-13T23:26:46.532+0000] {logging_mixin.py:190} INFO - [2025-01-13T23:26:46.532+0000] {dagbag.py:588} INFO - Filling up the DagBag from /home/airflow/.local/lib/python3.12/site-packages/airflow/example_dags/example_python_decorator.py
[2025-01-13T23:26:46.542+0000] {processor.py:925} INFO - DAG(s) 'example_python_decorator' retrieved from /home/airflow/.local/lib/python3.12/site-packages/airflow/example_dags/example_python_decorator.py
[2025-01-13T23:26:46.559+0000] {logging_mixin.py:190} INFO - [2025-01-13T23:26:46.558+0000] {dag.py:3239} INFO - Sync 1 DAGs
[2025-01-13T23:26:46.570+0000] {logging_mixin.py:190} INFO - [2025-01-13T23:26:46.570+0000] {dag.py:4180} INFO - Setting next_dagrun for example_python_decorator to None, run_after=None
[2025-01-13T23:26:46.587+0000] {processor.py:208} INFO - Processing /home/airflow/.local/lib/python3.12/site-packages/airflow/example_dags/example_python_decorator.py took 0.062 seconds
[2025-01-13T23:27:17.430+0000] {processor.py:186} INFO - Started process (PID=282) to work on /home/airflow/.local/lib/python3.12/site-packages/airflow/example_dags/example_python_decorator.py
[2025-01-13T23:27:17.431+0000] {processor.py:914} INFO - Processing file /home/airflow/.local/lib/python3.12/site-packages/airflow/example_dags/example_python_decorator.py for tasks to queue
[2025-01-13T23:27:17.433+0000] {logging_mixin.py:190} INFO - [2025-01-13T23:27:17.433+0000] {dagbag.py:588} INFO - Filling up the DagBag from /home/airflow/.local/lib/python3.12/site-packages/airflow/example_dags/example_python_decorator.py
[2025-01-13T23:27:17.443+0000] {processor.py:925} INFO - DAG(s) 'example_python_decorator' retrieved from /home/airflow/.local/lib/python3.12/site-packages/airflow/example_dags/example_python_decorator.py
[2025-01-13T23:27:17.460+0000] {logging_mixin.py:190} INFO - [2025-01-13T23:27:17.460+0000] {dag.py:3239} INFO - Sync 1 DAGs
[2025-01-13T23:27:17.471+0000] {logging_mixin.py:190} INFO - [2025-01-13T23:27:17.471+0000] {dag.py:4180} INFO - Setting next_dagrun for example_python_decorator to None, run_after=None
[2025-01-13T23:27:17.487+0000] {processor.py:208} INFO - Processing /home/airflow/.local/lib/python3.12/site-packages/airflow/example_dags/example_python_decorator.py took 0.060 seconds
[2025-01-13T23:27:48.420+0000] {processor.py:186} INFO - Started process (PID=347) to work on /home/airflow/.local/lib/python3.12/site-packages/airflow/example_dags/example_python_decorator.py
[2025-01-13T23:27:48.421+0000] {processor.py:914} INFO - Processing file /home/airflow/.local/lib/python3.12/site-packages/airflow/example_dags/example_python_decorator.py for tasks to queue
[2025-01-13T23:27:48.425+0000] {logging_mixin.py:190} INFO - [2025-01-13T23:27:48.424+0000] {dagbag.py:588} INFO - Filling up the DagBag from /home/airflow/.local/lib/python3.12/site-packages/airflow/example_dags/example_python_decorator.py
[2025-01-13T23:27:48.440+0000] {processor.py:925} INFO - DAG(s) 'example_python_decorator' retrieved from /home/airflow/.local/lib/python3.12/site-packages/airflow/example_dags/example_python_decorator.py
[2025-01-13T23:27:48.469+0000] {logging_mixin.py:190} INFO - [2025-01-13T23:27:48.469+0000] {dag.py:3239} INFO - Sync 1 DAGs
[2025-01-13T23:27:48.482+0000] {logging_mixin.py:190} INFO - [2025-01-13T23:27:48.482+0000] {dag.py:4180} INFO - Setting next_dagrun for example_python_decorator to None, run_after=None
[2025-01-13T23:27:48.508+0000] {processor.py:208} INFO - Processing /home/airflow/.local/lib/python3.12/site-packages/airflow/example_dags/example_python_decorator.py took 0.093 seconds
[2025-01-13T23:28:19.573+0000] {processor.py:186} INFO - Started process (PID=409) to work on /home/airflow/.local/lib/python3.12/site-packages/airflow/example_dags/example_python_decorator.py
[2025-01-13T23:28:19.574+0000] {processor.py:914} INFO - Processing file /home/airflow/.local/lib/python3.12/site-packages/airflow/example_dags/example_python_decorator.py for tasks to queue
[2025-01-13T23:28:19.576+0000] {logging_mixin.py:190} INFO - [2025-01-13T23:28:19.576+0000] {dagbag.py:588} INFO - Filling up the DagBag from /home/airflow/.local/lib/python3.12/site-packages/airflow/example_dags/example_python_decorator.py
[2025-01-13T23:28:19.586+0000] {processor.py:925} INFO - DAG(s) 'example_python_decorator' retrieved from /home/airflow/.local/lib/python3.12/site-packages/airflow/example_dags/example_python_decorator.py
[2025-01-13T23:28:19.609+0000] {logging_mixin.py:190} INFO - [2025-01-13T23:28:19.608+0000] {dag.py:3239} INFO - Sync 1 DAGs
[2025-01-13T23:28:19.622+0000] {logging_mixin.py:190} INFO - [2025-01-13T23:28:19.622+0000] {dag.py:4180} INFO - Setting next_dagrun for example_python_decorator to None, run_after=None
[2025-01-13T23:28:19.639+0000] {processor.py:208} INFO - Processing /home/airflow/.local/lib/python3.12/site-packages/airflow/example_dags/example_python_decorator.py took 0.070 seconds
[2025-01-13T23:28:50.716+0000] {processor.py:186} INFO - Started process (PID=473) to work on /home/airflow/.local/lib/python3.12/site-packages/airflow/example_dags/example_python_decorator.py
[2025-01-13T23:28:50.717+0000] {processor.py:914} INFO - Processing file /home/airflow/.local/lib/python3.12/site-packages/airflow/example_dags/example_python_decorator.py for tasks to queue
[2025-01-13T23:28:50.719+0000] {logging_mixin.py:190} INFO - [2025-01-13T23:28:50.719+0000] {dagbag.py:588} INFO - Filling up the DagBag from /home/airflow/.local/lib/python3.12/site-packages/airflow/example_dags/example_python_decorator.py
[2025-01-13T23:28:50.729+0000] {processor.py:925} INFO - DAG(s) 'example_python_decorator' retrieved from /home/airflow/.local/lib/python3.12/site-packages/airflow/example_dags/example_python_decorator.py
[2025-01-13T23:28:50.748+0000] {logging_mixin.py:190} INFO - [2025-01-13T23:28:50.748+0000] {dag.py:3239} INFO - Sync 1 DAGs
[2025-01-13T23:28:50.760+0000] {logging_mixin.py:190} INFO - [2025-01-13T23:28:50.759+0000] {dag.py:4180} INFO - Setting next_dagrun for example_python_decorator to None, run_after=None
[2025-01-13T23:28:50.775+0000] {processor.py:208} INFO - Processing /home/airflow/.local/lib/python3.12/site-packages/airflow/example_dags/example_python_decorator.py took 0.062 seconds
[2025-01-13T23:29:21.028+0000] {processor.py:186} INFO - Started process (PID=536) to work on /home/airflow/.local/lib/python3.12/site-packages/airflow/example_dags/example_python_decorator.py
[2025-01-13T23:29:21.029+0000] {processor.py:914} INFO - Processing file /home/airflow/.local/lib/python3.12/site-packages/airflow/example_dags/example_python_decorator.py for tasks to queue
[2025-01-13T23:29:21.031+0000] {logging_mixin.py:190} INFO - [2025-01-13T23:29:21.030+0000] {dagbag.py:588} INFO - Filling up the DagBag from /home/airflow/.local/lib/python3.12/site-packages/airflow/example_dags/example_python_decorator.py
[2025-01-13T23:29:21.040+0000] {processor.py:925} INFO - DAG(s) 'example_python_decorator' retrieved from /home/airflow/.local/lib/python3.12/site-packages/airflow/example_dags/example_python_decorator.py
[2025-01-13T23:29:21.058+0000] {logging_mixin.py:190} INFO - [2025-01-13T23:29:21.058+0000] {dag.py:3239} INFO - Sync 1 DAGs
[2025-01-13T23:29:21.071+0000] {logging_mixin.py:190} INFO - [2025-01-13T23:29:21.070+0000] {dag.py:4180} INFO - Setting next_dagrun for example_python_decorator to None, run_after=None
[2025-01-13T23:29:21.090+0000] {processor.py:208} INFO - Processing /home/airflow/.local/lib/python3.12/site-packages/airflow/example_dags/example_python_decorator.py took 0.067 seconds
[2025-01-13T23:29:51.425+0000] {processor.py:186} INFO - Started process (PID=599) to work on /home/airflow/.local/lib/python3.12/site-packages/airflow/example_dags/example_python_decorator.py
[2025-01-13T23:29:51.427+0000] {processor.py:914} INFO - Processing file /home/airflow/.local/lib/python3.12/site-packages/airflow/example_dags/example_python_decorator.py for tasks to queue
[2025-01-13T23:29:51.429+0000] {logging_mixin.py:190} INFO - [2025-01-13T23:29:51.428+0000] {dagbag.py:588} INFO - Filling up the DagBag from /home/airflow/.local/lib/python3.12/site-packages/airflow/example_dags/example_python_decorator.py
[2025-01-13T23:29:51.439+0000] {processor.py:925} INFO - DAG(s) 'example_python_decorator' retrieved from /home/airflow/.local/lib/python3.12/site-packages/airflow/example_dags/example_python_decorator.py
[2025-01-13T23:29:51.455+0000] {logging_mixin.py:190} INFO - [2025-01-13T23:29:51.455+0000] {dag.py:3239} INFO - Sync 1 DAGs
[2025-01-13T23:29:51.466+0000] {logging_mixin.py:190} INFO - [2025-01-13T23:29:51.466+0000] {dag.py:4180} INFO - Setting next_dagrun for example_python_decorator to None, run_after=None
[2025-01-13T23:29:51.481+0000] {processor.py:208} INFO - Processing /home/airflow/.local/lib/python3.12/site-packages/airflow/example_dags/example_python_decorator.py took 0.060 seconds
[2025-01-13T23:30:21.740+0000] {processor.py:186} INFO - Started process (PID=663) to work on /home/airflow/.local/lib/python3.12/site-packages/airflow/example_dags/example_python_decorator.py
[2025-01-13T23:30:21.741+0000] {processor.py:914} INFO - Processing file /home/airflow/.local/lib/python3.12/site-packages/airflow/example_dags/example_python_decorator.py for tasks to queue
[2025-01-13T23:30:21.743+0000] {logging_mixin.py:190} INFO - [2025-01-13T23:30:21.743+0000] {dagbag.py:588} INFO - Filling up the DagBag from /home/airflow/.local/lib/python3.12/site-packages/airflow/example_dags/example_python_decorator.py
[2025-01-13T23:30:21.753+0000] {processor.py:925} INFO - DAG(s) 'example_python_decorator' retrieved from /home/airflow/.local/lib/python3.12/site-packages/airflow/example_dags/example_python_decorator.py
[2025-01-13T23:30:21.772+0000] {logging_mixin.py:190} INFO - [2025-01-13T23:30:21.771+0000] {dag.py:3239} INFO - Sync 1 DAGs
[2025-01-13T23:30:21.787+0000] {logging_mixin.py:190} INFO - [2025-01-13T23:30:21.787+0000] {dag.py:4180} INFO - Setting next_dagrun for example_python_decorator to None, run_after=None
[2025-01-13T23:30:21.801+0000] {processor.py:208} INFO - Processing /home/airflow/.local/lib/python3.12/site-packages/airflow/example_dags/example_python_decorator.py took 0.065 seconds
[2025-01-13T23:30:52.629+0000] {processor.py:186} INFO - Started process (PID=727) to work on /home/airflow/.local/lib/python3.12/site-packages/airflow/example_dags/example_python_decorator.py
[2025-01-13T23:30:52.630+0000] {processor.py:914} INFO - Processing file /home/airflow/.local/lib/python3.12/site-packages/airflow/example_dags/example_python_decorator.py for tasks to queue
[2025-01-13T23:30:52.632+0000] {logging_mixin.py:190} INFO - [2025-01-13T23:30:52.632+0000] {dagbag.py:588} INFO - Filling up the DagBag from /home/airflow/.local/lib/python3.12/site-packages/airflow/example_dags/example_python_decorator.py
[2025-01-13T23:30:52.646+0000] {processor.py:925} INFO - DAG(s) 'example_python_decorator' retrieved from /home/airflow/.local/lib/python3.12/site-packages/airflow/example_dags/example_python_decorator.py
[2025-01-13T23:30:52.674+0000] {logging_mixin.py:190} INFO - [2025-01-13T23:30:52.674+0000] {dag.py:3239} INFO - Sync 1 DAGs
[2025-01-13T23:30:52.693+0000] {logging_mixin.py:190} INFO - [2025-01-13T23:30:52.693+0000] {dag.py:4180} INFO - Setting next_dagrun for example_python_decorator to None, run_after=None
[2025-01-13T23:30:52.718+0000] {processor.py:208} INFO - Processing /home/airflow/.local/lib/python3.12/site-packages/airflow/example_dags/example_python_decorator.py took 0.093 seconds
[2025-01-13T23:31:22.997+0000] {processor.py:186} INFO - Started process (PID=791) to work on /home/airflow/.local/lib/python3.12/site-packages/airflow/example_dags/example_python_decorator.py
[2025-01-13T23:31:22.998+0000] {processor.py:914} INFO - Processing file /home/airflow/.local/lib/python3.12/site-packages/airflow/example_dags/example_python_decorator.py for tasks to queue
[2025-01-13T23:31:23.000+0000] {logging_mixin.py:190} INFO - [2025-01-13T23:31:23.000+0000] {dagbag.py:588} INFO - Filling up the DagBag from /home/airflow/.local/lib/python3.12/site-packages/airflow/example_dags/example_python_decorator.py
[2025-01-13T23:31:23.010+0000] {processor.py:925} INFO - DAG(s) 'example_python_decorator' retrieved from /home/airflow/.local/lib/python3.12/site-packages/airflow/example_dags/example_python_decorator.py
[2025-01-13T23:31:23.027+0000] {logging_mixin.py:190} INFO - [2025-01-13T23:31:23.027+0000] {dag.py:3239} INFO - Sync 1 DAGs
[2025-01-13T23:31:23.039+0000] {logging_mixin.py:190} INFO - [2025-01-13T23:31:23.039+0000] {dag.py:4180} INFO - Setting next_dagrun for example_python_decorator to None, run_after=None
[2025-01-13T23:31:23.054+0000] {processor.py:208} INFO - Processing /home/airflow/.local/lib/python3.12/site-packages/airflow/example_dags/example_python_decorator.py took 0.061 seconds
[2025-01-13T23:31:53.582+0000] {processor.py:186} INFO - Started process (PID=854) to work on /home/airflow/.local/lib/python3.12/site-packages/airflow/example_dags/example_python_decorator.py
[2025-01-13T23:31:53.584+0000] {processor.py:914} INFO - Processing file /home/airflow/.local/lib/python3.12/site-packages/airflow/example_dags/example_python_decorator.py for tasks to queue
[2025-01-13T23:31:53.586+0000] {logging_mixin.py:190} INFO - [2025-01-13T23:31:53.586+0000] {dagbag.py:588} INFO - Filling up the DagBag from /home/airflow/.local/lib/python3.12/site-packages/airflow/example_dags/example_python_decorator.py
[2025-01-13T23:31:53.597+0000] {processor.py:925} INFO - DAG(s) 'example_python_decorator' retrieved from /home/airflow/.local/lib/python3.12/site-packages/airflow/example_dags/example_python_decorator.py
[2025-01-13T23:31:53.616+0000] {logging_mixin.py:190} INFO - [2025-01-13T23:31:53.616+0000] {dag.py:3239} INFO - Sync 1 DAGs
[2025-01-13T23:31:53.628+0000] {logging_mixin.py:190} INFO - [2025-01-13T23:31:53.627+0000] {dag.py:4180} INFO - Setting next_dagrun for example_python_decorator to None, run_after=None
[2025-01-13T23:31:53.643+0000] {processor.py:208} INFO - Processing /home/airflow/.local/lib/python3.12/site-packages/airflow/example_dags/example_python_decorator.py took 0.065 seconds
[2025-01-13T23:32:23.802+0000] {processor.py:186} INFO - Started process (PID=918) to work on /home/airflow/.local/lib/python3.12/site-packages/airflow/example_dags/example_python_decorator.py
[2025-01-13T23:32:23.803+0000] {processor.py:914} INFO - Processing file /home/airflow/.local/lib/python3.12/site-packages/airflow/example_dags/example_python_decorator.py for tasks to queue
[2025-01-13T23:32:23.806+0000] {logging_mixin.py:190} INFO - [2025-01-13T23:32:23.805+0000] {dagbag.py:588} INFO - Filling up the DagBag from /home/airflow/.local/lib/python3.12/site-packages/airflow/example_dags/example_python_decorator.py
[2025-01-13T23:32:23.821+0000] {processor.py:925} INFO - DAG(s) 'example_python_decorator' retrieved from /home/airflow/.local/lib/python3.12/site-packages/airflow/example_dags/example_python_decorator.py
[2025-01-13T23:32:23.841+0000] {logging_mixin.py:190} INFO - [2025-01-13T23:32:23.840+0000] {dag.py:3239} INFO - Sync 1 DAGs
[2025-01-13T23:32:23.854+0000] {logging_mixin.py:190} INFO - [2025-01-13T23:32:23.854+0000] {dag.py:4180} INFO - Setting next_dagrun for example_python_decorator to None, run_after=None
[2025-01-13T23:32:23.876+0000] {processor.py:208} INFO - Processing /home/airflow/.local/lib/python3.12/site-packages/airflow/example_dags/example_python_decorator.py took 0.079 seconds
[2025-01-13T23:32:54.046+0000] {processor.py:186} INFO - Started process (PID=982) to work on /home/airflow/.local/lib/python3.12/site-packages/airflow/example_dags/example_python_decorator.py
[2025-01-13T23:32:54.047+0000] {processor.py:914} INFO - Processing file /home/airflow/.local/lib/python3.12/site-packages/airflow/example_dags/example_python_decorator.py for tasks to queue
[2025-01-13T23:32:54.049+0000] {logging_mixin.py:190} INFO - [2025-01-13T23:32:54.048+0000] {dagbag.py:588} INFO - Filling up the DagBag from /home/airflow/.local/lib/python3.12/site-packages/airflow/example_dags/example_python_decorator.py
[2025-01-13T23:32:54.062+0000] {processor.py:925} INFO - DAG(s) 'example_python_decorator' retrieved from /home/airflow/.local/lib/python3.12/site-packages/airflow/example_dags/example_python_decorator.py
[2025-01-13T23:32:54.084+0000] {logging_mixin.py:190} INFO - [2025-01-13T23:32:54.084+0000] {dag.py:3239} INFO - Sync 1 DAGs
[2025-01-13T23:32:54.099+0000] {logging_mixin.py:190} INFO - [2025-01-13T23:32:54.099+0000] {dag.py:4180} INFO - Setting next_dagrun for example_python_decorator to None, run_after=None
[2025-01-13T23:32:54.122+0000] {processor.py:208} INFO - Processing /home/airflow/.local/lib/python3.12/site-packages/airflow/example_dags/example_python_decorator.py took 0.081 seconds
[2025-01-13T23:33:24.388+0000] {processor.py:186} INFO - Started process (PID=1046) to work on /home/airflow/.local/lib/python3.12/site-packages/airflow/example_dags/example_python_decorator.py
[2025-01-13T23:33:24.389+0000] {processor.py:914} INFO - Processing file /home/airflow/.local/lib/python3.12/site-packages/airflow/example_dags/example_python_decorator.py for tasks to queue
[2025-01-13T23:33:24.391+0000] {logging_mixin.py:190} INFO - [2025-01-13T23:33:24.391+0000] {dagbag.py:588} INFO - Filling up the DagBag from /home/airflow/.local/lib/python3.12/site-packages/airflow/example_dags/example_python_decorator.py
[2025-01-13T23:33:24.400+0000] {processor.py:925} INFO - DAG(s) 'example_python_decorator' retrieved from /home/airflow/.local/lib/python3.12/site-packages/airflow/example_dags/example_python_decorator.py
[2025-01-13T23:33:24.416+0000] {logging_mixin.py:190} INFO - [2025-01-13T23:33:24.416+0000] {dag.py:3239} INFO - Sync 1 DAGs
[2025-01-13T23:33:24.427+0000] {logging_mixin.py:190} INFO - [2025-01-13T23:33:24.426+0000] {dag.py:4180} INFO - Setting next_dagrun for example_python_decorator to None, run_after=None
[2025-01-13T23:33:24.442+0000] {processor.py:208} INFO - Processing /home/airflow/.local/lib/python3.12/site-packages/airflow/example_dags/example_python_decorator.py took 0.057 seconds
[2025-01-13T23:33:54.637+0000] {processor.py:186} INFO - Started process (PID=1110) to work on /home/airflow/.local/lib/python3.12/site-packages/airflow/example_dags/example_python_decorator.py
[2025-01-13T23:33:54.638+0000] {processor.py:914} INFO - Processing file /home/airflow/.local/lib/python3.12/site-packages/airflow/example_dags/example_python_decorator.py for tasks to queue
[2025-01-13T23:33:54.641+0000] {logging_mixin.py:190} INFO - [2025-01-13T23:33:54.641+0000] {dagbag.py:588} INFO - Filling up the DagBag from /home/airflow/.local/lib/python3.12/site-packages/airflow/example_dags/example_python_decorator.py
[2025-01-13T23:33:54.653+0000] {processor.py:925} INFO - DAG(s) 'example_python_decorator' retrieved from /home/airflow/.local/lib/python3.12/site-packages/airflow/example_dags/example_python_decorator.py
[2025-01-13T23:33:54.673+0000] {logging_mixin.py:190} INFO - [2025-01-13T23:33:54.673+0000] {dag.py:3239} INFO - Sync 1 DAGs
[2025-01-13T23:33:54.685+0000] {logging_mixin.py:190} INFO - [2025-01-13T23:33:54.685+0000] {dag.py:4180} INFO - Setting next_dagrun for example_python_decorator to None, run_after=None
[2025-01-13T23:33:54.699+0000] {processor.py:208} INFO - Processing /home/airflow/.local/lib/python3.12/site-packages/airflow/example_dags/example_python_decorator.py took 0.068 seconds
[2025-01-13T23:34:25.625+0000] {processor.py:186} INFO - Started process (PID=1174) to work on /home/airflow/.local/lib/python3.12/site-packages/airflow/example_dags/example_python_decorator.py
[2025-01-13T23:34:25.626+0000] {processor.py:914} INFO - Processing file /home/airflow/.local/lib/python3.12/site-packages/airflow/example_dags/example_python_decorator.py for tasks to queue
[2025-01-13T23:34:25.629+0000] {logging_mixin.py:190} INFO - [2025-01-13T23:34:25.628+0000] {dagbag.py:588} INFO - Filling up the DagBag from /home/airflow/.local/lib/python3.12/site-packages/airflow/example_dags/example_python_decorator.py
[2025-01-13T23:34:25.646+0000] {processor.py:925} INFO - DAG(s) 'example_python_decorator' retrieved from /home/airflow/.local/lib/python3.12/site-packages/airflow/example_dags/example_python_decorator.py
[2025-01-13T23:34:25.668+0000] {logging_mixin.py:190} INFO - [2025-01-13T23:34:25.667+0000] {dag.py:3239} INFO - Sync 1 DAGs
[2025-01-13T23:34:25.682+0000] {logging_mixin.py:190} INFO - [2025-01-13T23:34:25.682+0000] {dag.py:4180} INFO - Setting next_dagrun for example_python_decorator to None, run_after=None
[2025-01-13T23:34:25.709+0000] {processor.py:208} INFO - Processing /home/airflow/.local/lib/python3.12/site-packages/airflow/example_dags/example_python_decorator.py took 0.090 seconds
[2025-01-13T23:34:56.060+0000] {processor.py:186} INFO - Started process (PID=1238) to work on /home/airflow/.local/lib/python3.12/site-packages/airflow/example_dags/example_python_decorator.py
[2025-01-13T23:34:56.061+0000] {processor.py:914} INFO - Processing file /home/airflow/.local/lib/python3.12/site-packages/airflow/example_dags/example_python_decorator.py for tasks to queue
[2025-01-13T23:34:56.063+0000] {logging_mixin.py:190} INFO - [2025-01-13T23:34:56.063+0000] {dagbag.py:588} INFO - Filling up the DagBag from /home/airflow/.local/lib/python3.12/site-packages/airflow/example_dags/example_python_decorator.py
[2025-01-13T23:34:56.073+0000] {processor.py:925} INFO - DAG(s) 'example_python_decorator' retrieved from /home/airflow/.local/lib/python3.12/site-packages/airflow/example_dags/example_python_decorator.py
[2025-01-13T23:34:56.095+0000] {logging_mixin.py:190} INFO - [2025-01-13T23:34:56.094+0000] {dag.py:3239} INFO - Sync 1 DAGs
[2025-01-13T23:34:56.106+0000] {logging_mixin.py:190} INFO - [2025-01-13T23:34:56.106+0000] {dag.py:4180} INFO - Setting next_dagrun for example_python_decorator to None, run_after=None
[2025-01-13T23:34:56.130+0000] {processor.py:208} INFO - Processing /home/airflow/.local/lib/python3.12/site-packages/airflow/example_dags/example_python_decorator.py took 0.074 seconds
[2025-01-13T23:35:26.348+0000] {processor.py:186} INFO - Started process (PID=1302) to work on /home/airflow/.local/lib/python3.12/site-packages/airflow/example_dags/example_python_decorator.py
[2025-01-13T23:35:26.349+0000] {processor.py:914} INFO - Processing file /home/airflow/.local/lib/python3.12/site-packages/airflow/example_dags/example_python_decorator.py for tasks to queue
[2025-01-13T23:35:26.352+0000] {logging_mixin.py:190} INFO - [2025-01-13T23:35:26.352+0000] {dagbag.py:588} INFO - Filling up the DagBag from /home/airflow/.local/lib/python3.12/site-packages/airflow/example_dags/example_python_decorator.py
[2025-01-13T23:35:26.366+0000] {processor.py:925} INFO - DAG(s) 'example_python_decorator' retrieved from /home/airflow/.local/lib/python3.12/site-packages/airflow/example_dags/example_python_decorator.py
[2025-01-13T23:35:26.393+0000] {logging_mixin.py:190} INFO - [2025-01-13T23:35:26.393+0000] {dag.py:3239} INFO - Sync 1 DAGs
[2025-01-13T23:35:26.407+0000] {logging_mixin.py:190} INFO - [2025-01-13T23:35:26.407+0000] {dag.py:4180} INFO - Setting next_dagrun for example_python_decorator to None, run_after=None
[2025-01-13T23:35:26.430+0000] {processor.py:208} INFO - Processing /home/airflow/.local/lib/python3.12/site-packages/airflow/example_dags/example_python_decorator.py took 0.087 seconds
[2025-01-13T23:35:57.016+0000] {processor.py:186} INFO - Started process (PID=1366) to work on /home/airflow/.local/lib/python3.12/site-packages/airflow/example_dags/example_python_decorator.py
[2025-01-13T23:35:57.017+0000] {processor.py:914} INFO - Processing file /home/airflow/.local/lib/python3.12/site-packages/airflow/example_dags/example_python_decorator.py for tasks to queue
[2025-01-13T23:35:57.019+0000] {logging_mixin.py:190} INFO - [2025-01-13T23:35:57.019+0000] {dagbag.py:588} INFO - Filling up the DagBag from /home/airflow/.local/lib/python3.12/site-packages/airflow/example_dags/example_python_decorator.py
[2025-01-13T23:35:57.035+0000] {processor.py:925} INFO - DAG(s) 'example_python_decorator' retrieved from /home/airflow/.local/lib/python3.12/site-packages/airflow/example_dags/example_python_decorator.py
[2025-01-13T23:35:57.053+0000] {logging_mixin.py:190} INFO - [2025-01-13T23:35:57.053+0000] {dag.py:3239} INFO - Sync 1 DAGs
[2025-01-13T23:35:57.066+0000] {logging_mixin.py:190} INFO - [2025-01-13T23:35:57.066+0000] {dag.py:4180} INFO - Setting next_dagrun for example_python_decorator to None, run_after=None
[2025-01-13T23:35:57.085+0000] {processor.py:208} INFO - Processing /home/airflow/.local/lib/python3.12/site-packages/airflow/example_dags/example_python_decorator.py took 0.072 seconds
[2025-01-13T23:36:27.343+0000] {processor.py:186} INFO - Started process (PID=1430) to work on /home/airflow/.local/lib/python3.12/site-packages/airflow/example_dags/example_python_decorator.py
[2025-01-13T23:36:27.344+0000] {processor.py:914} INFO - Processing file /home/airflow/.local/lib/python3.12/site-packages/airflow/example_dags/example_python_decorator.py for tasks to queue
[2025-01-13T23:36:27.347+0000] {logging_mixin.py:190} INFO - [2025-01-13T23:36:27.346+0000] {dagbag.py:588} INFO - Filling up the DagBag from /home/airflow/.local/lib/python3.12/site-packages/airflow/example_dags/example_python_decorator.py
[2025-01-13T23:36:27.359+0000] {processor.py:925} INFO - DAG(s) 'example_python_decorator' retrieved from /home/airflow/.local/lib/python3.12/site-packages/airflow/example_dags/example_python_decorator.py
[2025-01-13T23:36:27.384+0000] {logging_mixin.py:190} INFO - [2025-01-13T23:36:27.384+0000] {dag.py:3239} INFO - Sync 1 DAGs
[2025-01-13T23:36:27.396+0000] {logging_mixin.py:190} INFO - [2025-01-13T23:36:27.395+0000] {dag.py:4180} INFO - Setting next_dagrun for example_python_decorator to None, run_after=None
[2025-01-13T23:36:27.412+0000] {processor.py:208} INFO - Processing /home/airflow/.local/lib/python3.12/site-packages/airflow/example_dags/example_python_decorator.py took 0.073 seconds
[2025-01-13T23:36:57.655+0000] {processor.py:186} INFO - Started process (PID=1494) to work on /home/airflow/.local/lib/python3.12/site-packages/airflow/example_dags/example_python_decorator.py
[2025-01-13T23:36:57.656+0000] {processor.py:914} INFO - Processing file /home/airflow/.local/lib/python3.12/site-packages/airflow/example_dags/example_python_decorator.py for tasks to queue
[2025-01-13T23:36:57.660+0000] {logging_mixin.py:190} INFO - [2025-01-13T23:36:57.659+0000] {dagbag.py:588} INFO - Filling up the DagBag from /home/airflow/.local/lib/python3.12/site-packages/airflow/example_dags/example_python_decorator.py
[2025-01-13T23:36:57.688+0000] {processor.py:925} INFO - DAG(s) 'example_python_decorator' retrieved from /home/airflow/.local/lib/python3.12/site-packages/airflow/example_dags/example_python_decorator.py
[2025-01-13T23:36:57.711+0000] {logging_mixin.py:190} INFO - [2025-01-13T23:36:57.710+0000] {dag.py:3239} INFO - Sync 1 DAGs
[2025-01-13T23:36:57.724+0000] {logging_mixin.py:190} INFO - [2025-01-13T23:36:57.723+0000] {dag.py:4180} INFO - Setting next_dagrun for example_python_decorator to None, run_after=None
[2025-01-13T23:36:57.751+0000] {processor.py:208} INFO - Processing /home/airflow/.local/lib/python3.12/site-packages/airflow/example_dags/example_python_decorator.py took 0.101 seconds
[2025-01-13T23:37:28.187+0000] {processor.py:186} INFO - Started process (PID=1558) to work on /home/airflow/.local/lib/python3.12/site-packages/airflow/example_dags/example_python_decorator.py
[2025-01-13T23:37:28.189+0000] {processor.py:914} INFO - Processing file /home/airflow/.local/lib/python3.12/site-packages/airflow/example_dags/example_python_decorator.py for tasks to queue
[2025-01-13T23:37:28.193+0000] {logging_mixin.py:190} INFO - [2025-01-13T23:37:28.193+0000] {dagbag.py:588} INFO - Filling up the DagBag from /home/airflow/.local/lib/python3.12/site-packages/airflow/example_dags/example_python_decorator.py
[2025-01-13T23:37:28.212+0000] {processor.py:925} INFO - DAG(s) 'example_python_decorator' retrieved from /home/airflow/.local/lib/python3.12/site-packages/airflow/example_dags/example_python_decorator.py
[2025-01-13T23:37:28.242+0000] {logging_mixin.py:190} INFO - [2025-01-13T23:37:28.241+0000] {dag.py:3239} INFO - Sync 1 DAGs
[2025-01-13T23:37:28.260+0000] {logging_mixin.py:190} INFO - [2025-01-13T23:37:28.259+0000] {dag.py:4180} INFO - Setting next_dagrun for example_python_decorator to None, run_after=None
[2025-01-13T23:37:28.289+0000] {processor.py:208} INFO - Processing /home/airflow/.local/lib/python3.12/site-packages/airflow/example_dags/example_python_decorator.py took 0.109 seconds
[2025-01-13T23:37:59.083+0000] {processor.py:186} INFO - Started process (PID=1622) to work on /home/airflow/.local/lib/python3.12/site-packages/airflow/example_dags/example_python_decorator.py
[2025-01-13T23:37:59.085+0000] {processor.py:914} INFO - Processing file /home/airflow/.local/lib/python3.12/site-packages/airflow/example_dags/example_python_decorator.py for tasks to queue
[2025-01-13T23:37:59.089+0000] {logging_mixin.py:190} INFO - [2025-01-13T23:37:59.089+0000] {dagbag.py:588} INFO - Filling up the DagBag from /home/airflow/.local/lib/python3.12/site-packages/airflow/example_dags/example_python_decorator.py
[2025-01-13T23:37:59.105+0000] {processor.py:925} INFO - DAG(s) 'example_python_decorator' retrieved from /home/airflow/.local/lib/python3.12/site-packages/airflow/example_dags/example_python_decorator.py
[2025-01-13T23:37:59.132+0000] {logging_mixin.py:190} INFO - [2025-01-13T23:37:59.132+0000] {dag.py:3239} INFO - Sync 1 DAGs
[2025-01-13T23:37:59.147+0000] {logging_mixin.py:190} INFO - [2025-01-13T23:37:59.146+0000] {dag.py:4180} INFO - Setting next_dagrun for example_python_decorator to None, run_after=None
[2025-01-13T23:37:59.175+0000] {processor.py:208} INFO - Processing /home/airflow/.local/lib/python3.12/site-packages/airflow/example_dags/example_python_decorator.py took 0.098 seconds
[2025-01-13T23:38:29.329+0000] {processor.py:186} INFO - Started process (PID=1686) to work on /home/airflow/.local/lib/python3.12/site-packages/airflow/example_dags/example_python_decorator.py
[2025-01-13T23:38:29.330+0000] {processor.py:914} INFO - Processing file /home/airflow/.local/lib/python3.12/site-packages/airflow/example_dags/example_python_decorator.py for tasks to queue
[2025-01-13T23:38:29.333+0000] {logging_mixin.py:190} INFO - [2025-01-13T23:38:29.332+0000] {dagbag.py:588} INFO - Filling up the DagBag from /home/airflow/.local/lib/python3.12/site-packages/airflow/example_dags/example_python_decorator.py
[2025-01-13T23:38:29.349+0000] {processor.py:925} INFO - DAG(s) 'example_python_decorator' retrieved from /home/airflow/.local/lib/python3.12/site-packages/airflow/example_dags/example_python_decorator.py
[2025-01-13T23:38:29.371+0000] {logging_mixin.py:190} INFO - [2025-01-13T23:38:29.371+0000] {dag.py:3239} INFO - Sync 1 DAGs
[2025-01-13T23:38:29.388+0000] {logging_mixin.py:190} INFO - [2025-01-13T23:38:29.387+0000] {dag.py:4180} INFO - Setting next_dagrun for example_python_decorator to None, run_after=None
[2025-01-13T23:38:29.411+0000] {processor.py:208} INFO - Processing /home/airflow/.local/lib/python3.12/site-packages/airflow/example_dags/example_python_decorator.py took 0.086 seconds
[2025-01-13T23:38:59.661+0000] {processor.py:186} INFO - Started process (PID=1750) to work on /home/airflow/.local/lib/python3.12/site-packages/airflow/example_dags/example_python_decorator.py
[2025-01-13T23:38:59.662+0000] {processor.py:914} INFO - Processing file /home/airflow/.local/lib/python3.12/site-packages/airflow/example_dags/example_python_decorator.py for tasks to queue
[2025-01-13T23:38:59.664+0000] {logging_mixin.py:190} INFO - [2025-01-13T23:38:59.664+0000] {dagbag.py:588} INFO - Filling up the DagBag from /home/airflow/.local/lib/python3.12/site-packages/airflow/example_dags/example_python_decorator.py
[2025-01-13T23:38:59.677+0000] {processor.py:925} INFO - DAG(s) 'example_python_decorator' retrieved from /home/airflow/.local/lib/python3.12/site-packages/airflow/example_dags/example_python_decorator.py
[2025-01-13T23:38:59.698+0000] {logging_mixin.py:190} INFO - [2025-01-13T23:38:59.698+0000] {dag.py:3239} INFO - Sync 1 DAGs
[2025-01-13T23:38:59.711+0000] {logging_mixin.py:190} INFO - [2025-01-13T23:38:59.711+0000] {dag.py:4180} INFO - Setting next_dagrun for example_python_decorator to None, run_after=None
[2025-01-13T23:38:59.727+0000] {processor.py:208} INFO - Processing /home/airflow/.local/lib/python3.12/site-packages/airflow/example_dags/example_python_decorator.py took 0.070 seconds
[2025-01-13T23:39:30.199+0000] {processor.py:186} INFO - Started process (PID=1814) to work on /home/airflow/.local/lib/python3.12/site-packages/airflow/example_dags/example_python_decorator.py
[2025-01-13T23:39:30.200+0000] {processor.py:914} INFO - Processing file /home/airflow/.local/lib/python3.12/site-packages/airflow/example_dags/example_python_decorator.py for tasks to queue
[2025-01-13T23:39:30.203+0000] {logging_mixin.py:190} INFO - [2025-01-13T23:39:30.202+0000] {dagbag.py:588} INFO - Filling up the DagBag from /home/airflow/.local/lib/python3.12/site-packages/airflow/example_dags/example_python_decorator.py
[2025-01-13T23:39:30.213+0000] {processor.py:925} INFO - DAG(s) 'example_python_decorator' retrieved from /home/airflow/.local/lib/python3.12/site-packages/airflow/example_dags/example_python_decorator.py
[2025-01-13T23:39:30.230+0000] {logging_mixin.py:190} INFO - [2025-01-13T23:39:30.230+0000] {dag.py:3239} INFO - Sync 1 DAGs
[2025-01-13T23:39:30.241+0000] {logging_mixin.py:190} INFO - [2025-01-13T23:39:30.241+0000] {dag.py:4180} INFO - Setting next_dagrun for example_python_decorator to None, run_after=None
[2025-01-13T23:39:30.257+0000] {processor.py:208} INFO - Processing /home/airflow/.local/lib/python3.12/site-packages/airflow/example_dags/example_python_decorator.py took 0.062 seconds
[2025-01-13T23:40:01.184+0000] {processor.py:186} INFO - Started process (PID=1878) to work on /home/airflow/.local/lib/python3.12/site-packages/airflow/example_dags/example_python_decorator.py
[2025-01-13T23:40:01.186+0000] {processor.py:914} INFO - Processing file /home/airflow/.local/lib/python3.12/site-packages/airflow/example_dags/example_python_decorator.py for tasks to queue
[2025-01-13T23:40:01.190+0000] {logging_mixin.py:190} INFO - [2025-01-13T23:40:01.189+0000] {dagbag.py:588} INFO - Filling up the DagBag from /home/airflow/.local/lib/python3.12/site-packages/airflow/example_dags/example_python_decorator.py
[2025-01-13T23:40:01.203+0000] {processor.py:925} INFO - DAG(s) 'example_python_decorator' retrieved from /home/airflow/.local/lib/python3.12/site-packages/airflow/example_dags/example_python_decorator.py
[2025-01-13T23:40:01.223+0000] {logging_mixin.py:190} INFO - [2025-01-13T23:40:01.223+0000] {dag.py:3239} INFO - Sync 1 DAGs
[2025-01-13T23:40:01.238+0000] {logging_mixin.py:190} INFO - [2025-01-13T23:40:01.238+0000] {dag.py:4180} INFO - Setting next_dagrun for example_python_decorator to None, run_after=None
[2025-01-13T23:40:01.255+0000] {processor.py:208} INFO - Processing /home/airflow/.local/lib/python3.12/site-packages/airflow/example_dags/example_python_decorator.py took 0.076 seconds
[2025-01-13T23:40:31.840+0000] {processor.py:186} INFO - Started process (PID=1942) to work on /home/airflow/.local/lib/python3.12/site-packages/airflow/example_dags/example_python_decorator.py
[2025-01-13T23:40:31.841+0000] {processor.py:914} INFO - Processing file /home/airflow/.local/lib/python3.12/site-packages/airflow/example_dags/example_python_decorator.py for tasks to queue
[2025-01-13T23:40:31.844+0000] {logging_mixin.py:190} INFO - [2025-01-13T23:40:31.843+0000] {dagbag.py:588} INFO - Filling up the DagBag from /home/airflow/.local/lib/python3.12/site-packages/airflow/example_dags/example_python_decorator.py
[2025-01-13T23:40:31.854+0000] {processor.py:925} INFO - DAG(s) 'example_python_decorator' retrieved from /home/airflow/.local/lib/python3.12/site-packages/airflow/example_dags/example_python_decorator.py
[2025-01-13T23:40:31.875+0000] {logging_mixin.py:190} INFO - [2025-01-13T23:40:31.875+0000] {dag.py:3239} INFO - Sync 1 DAGs
[2025-01-13T23:40:31.891+0000] {logging_mixin.py:190} INFO - [2025-01-13T23:40:31.890+0000] {dag.py:4180} INFO - Setting next_dagrun for example_python_decorator to None, run_after=None
[2025-01-13T23:40:31.910+0000] {processor.py:208} INFO - Processing /home/airflow/.local/lib/python3.12/site-packages/airflow/example_dags/example_python_decorator.py took 0.074 seconds
[2025-01-13T23:41:02.622+0000] {processor.py:186} INFO - Started process (PID=2006) to work on /home/airflow/.local/lib/python3.12/site-packages/airflow/example_dags/example_python_decorator.py
[2025-01-13T23:41:02.624+0000] {processor.py:914} INFO - Processing file /home/airflow/.local/lib/python3.12/site-packages/airflow/example_dags/example_python_decorator.py for tasks to queue
[2025-01-13T23:41:02.626+0000] {logging_mixin.py:190} INFO - [2025-01-13T23:41:02.626+0000] {dagbag.py:588} INFO - Filling up the DagBag from /home/airflow/.local/lib/python3.12/site-packages/airflow/example_dags/example_python_decorator.py
[2025-01-13T23:41:02.640+0000] {processor.py:925} INFO - DAG(s) 'example_python_decorator' retrieved from /home/airflow/.local/lib/python3.12/site-packages/airflow/example_dags/example_python_decorator.py
[2025-01-13T23:41:02.664+0000] {logging_mixin.py:190} INFO - [2025-01-13T23:41:02.663+0000] {dag.py:3239} INFO - Sync 1 DAGs
[2025-01-13T23:41:02.683+0000] {logging_mixin.py:190} INFO - [2025-01-13T23:41:02.683+0000] {dag.py:4180} INFO - Setting next_dagrun for example_python_decorator to None, run_after=None
[2025-01-13T23:41:02.705+0000] {processor.py:208} INFO - Processing /home/airflow/.local/lib/python3.12/site-packages/airflow/example_dags/example_python_decorator.py took 0.087 seconds
[2025-01-13T23:41:33.007+0000] {processor.py:186} INFO - Started process (PID=2070) to work on /home/airflow/.local/lib/python3.12/site-packages/airflow/example_dags/example_python_decorator.py
[2025-01-13T23:41:33.009+0000] {processor.py:914} INFO - Processing file /home/airflow/.local/lib/python3.12/site-packages/airflow/example_dags/example_python_decorator.py for tasks to queue
[2025-01-13T23:41:33.013+0000] {logging_mixin.py:190} INFO - [2025-01-13T23:41:33.012+0000] {dagbag.py:588} INFO - Filling up the DagBag from /home/airflow/.local/lib/python3.12/site-packages/airflow/example_dags/example_python_decorator.py
[2025-01-13T23:41:33.029+0000] {processor.py:925} INFO - DAG(s) 'example_python_decorator' retrieved from /home/airflow/.local/lib/python3.12/site-packages/airflow/example_dags/example_python_decorator.py
[2025-01-13T23:41:33.053+0000] {logging_mixin.py:190} INFO - [2025-01-13T23:41:33.052+0000] {dag.py:3239} INFO - Sync 1 DAGs
[2025-01-13T23:41:33.068+0000] {logging_mixin.py:190} INFO - [2025-01-13T23:41:33.068+0000] {dag.py:4180} INFO - Setting next_dagrun for example_python_decorator to None, run_after=None
[2025-01-13T23:41:33.095+0000] {processor.py:208} INFO - Processing /home/airflow/.local/lib/python3.12/site-packages/airflow/example_dags/example_python_decorator.py took 0.094 seconds
[2025-01-13T23:42:03.476+0000] {processor.py:186} INFO - Started process (PID=2134) to work on /home/airflow/.local/lib/python3.12/site-packages/airflow/example_dags/example_python_decorator.py
[2025-01-13T23:42:03.477+0000] {processor.py:914} INFO - Processing file /home/airflow/.local/lib/python3.12/site-packages/airflow/example_dags/example_python_decorator.py for tasks to queue
[2025-01-13T23:42:03.481+0000] {logging_mixin.py:190} INFO - [2025-01-13T23:42:03.480+0000] {dagbag.py:588} INFO - Filling up the DagBag from /home/airflow/.local/lib/python3.12/site-packages/airflow/example_dags/example_python_decorator.py
[2025-01-13T23:42:03.500+0000] {processor.py:925} INFO - DAG(s) 'example_python_decorator' retrieved from /home/airflow/.local/lib/python3.12/site-packages/airflow/example_dags/example_python_decorator.py
[2025-01-13T23:42:03.526+0000] {logging_mixin.py:190} INFO - [2025-01-13T23:42:03.525+0000] {dag.py:3239} INFO - Sync 1 DAGs
[2025-01-13T23:42:03.542+0000] {logging_mixin.py:190} INFO - [2025-01-13T23:42:03.542+0000] {dag.py:4180} INFO - Setting next_dagrun for example_python_decorator to None, run_after=None
[2025-01-13T23:42:03.568+0000] {processor.py:208} INFO - Processing /home/airflow/.local/lib/python3.12/site-packages/airflow/example_dags/example_python_decorator.py took 0.098 seconds
[2025-01-13T23:42:34.121+0000] {processor.py:186} INFO - Started process (PID=2198) to work on /home/airflow/.local/lib/python3.12/site-packages/airflow/example_dags/example_python_decorator.py
[2025-01-13T23:42:34.122+0000] {processor.py:914} INFO - Processing file /home/airflow/.local/lib/python3.12/site-packages/airflow/example_dags/example_python_decorator.py for tasks to queue
[2025-01-13T23:42:34.124+0000] {logging_mixin.py:190} INFO - [2025-01-13T23:42:34.124+0000] {dagbag.py:588} INFO - Filling up the DagBag from /home/airflow/.local/lib/python3.12/site-packages/airflow/example_dags/example_python_decorator.py
[2025-01-13T23:42:34.135+0000] {processor.py:925} INFO - DAG(s) 'example_python_decorator' retrieved from /home/airflow/.local/lib/python3.12/site-packages/airflow/example_dags/example_python_decorator.py
[2025-01-13T23:42:34.153+0000] {logging_mixin.py:190} INFO - [2025-01-13T23:42:34.153+0000] {dag.py:3239} INFO - Sync 1 DAGs
[2025-01-13T23:42:34.165+0000] {logging_mixin.py:190} INFO - [2025-01-13T23:42:34.165+0000] {dag.py:4180} INFO - Setting next_dagrun for example_python_decorator to None, run_after=None
[2025-01-13T23:42:34.180+0000] {processor.py:208} INFO - Processing /home/airflow/.local/lib/python3.12/site-packages/airflow/example_dags/example_python_decorator.py took 0.063 seconds
[2025-01-13T23:43:04.608+0000] {processor.py:186} INFO - Started process (PID=2261) to work on /home/airflow/.local/lib/python3.12/site-packages/airflow/example_dags/example_python_decorator.py
[2025-01-13T23:43:04.609+0000] {processor.py:914} INFO - Processing file /home/airflow/.local/lib/python3.12/site-packages/airflow/example_dags/example_python_decorator.py for tasks to queue
[2025-01-13T23:43:04.611+0000] {logging_mixin.py:190} INFO - [2025-01-13T23:43:04.611+0000] {dagbag.py:588} INFO - Filling up the DagBag from /home/airflow/.local/lib/python3.12/site-packages/airflow/example_dags/example_python_decorator.py
[2025-01-13T23:43:04.629+0000] {processor.py:925} INFO - DAG(s) 'example_python_decorator' retrieved from /home/airflow/.local/lib/python3.12/site-packages/airflow/example_dags/example_python_decorator.py
[2025-01-13T23:43:04.645+0000] {logging_mixin.py:190} INFO - [2025-01-13T23:43:04.645+0000] {dag.py:3239} INFO - Sync 1 DAGs
[2025-01-13T23:43:04.656+0000] {logging_mixin.py:190} INFO - [2025-01-13T23:43:04.656+0000] {dag.py:4180} INFO - Setting next_dagrun for example_python_decorator to None, run_after=None
[2025-01-13T23:43:04.671+0000] {processor.py:208} INFO - Processing /home/airflow/.local/lib/python3.12/site-packages/airflow/example_dags/example_python_decorator.py took 0.067 seconds
[2025-01-13T23:43:35.080+0000] {processor.py:186} INFO - Started process (PID=2325) to work on /home/airflow/.local/lib/python3.12/site-packages/airflow/example_dags/example_python_decorator.py
[2025-01-13T23:43:35.082+0000] {processor.py:914} INFO - Processing file /home/airflow/.local/lib/python3.12/site-packages/airflow/example_dags/example_python_decorator.py for tasks to queue
[2025-01-13T23:43:35.084+0000] {logging_mixin.py:190} INFO - [2025-01-13T23:43:35.084+0000] {dagbag.py:588} INFO - Filling up the DagBag from /home/airflow/.local/lib/python3.12/site-packages/airflow/example_dags/example_python_decorator.py
[2025-01-13T23:43:35.097+0000] {processor.py:925} INFO - DAG(s) 'example_python_decorator' retrieved from /home/airflow/.local/lib/python3.12/site-packages/airflow/example_dags/example_python_decorator.py
[2025-01-13T23:43:35.119+0000] {logging_mixin.py:190} INFO - [2025-01-13T23:43:35.119+0000] {dag.py:3239} INFO - Sync 1 DAGs
[2025-01-13T23:43:35.137+0000] {logging_mixin.py:190} INFO - [2025-01-13T23:43:35.136+0000] {dag.py:4180} INFO - Setting next_dagrun for example_python_decorator to None, run_after=None
[2025-01-13T23:43:35.161+0000] {processor.py:208} INFO - Processing /home/airflow/.local/lib/python3.12/site-packages/airflow/example_dags/example_python_decorator.py took 0.085 seconds
[2025-01-13T23:44:06.204+0000] {processor.py:186} INFO - Started process (PID=2389) to work on /home/airflow/.local/lib/python3.12/site-packages/airflow/example_dags/example_python_decorator.py
[2025-01-13T23:44:06.206+0000] {processor.py:914} INFO - Processing file /home/airflow/.local/lib/python3.12/site-packages/airflow/example_dags/example_python_decorator.py for tasks to queue
[2025-01-13T23:44:06.208+0000] {logging_mixin.py:190} INFO - [2025-01-13T23:44:06.207+0000] {dagbag.py:588} INFO - Filling up the DagBag from /home/airflow/.local/lib/python3.12/site-packages/airflow/example_dags/example_python_decorator.py
[2025-01-13T23:44:06.217+0000] {processor.py:925} INFO - DAG(s) 'example_python_decorator' retrieved from /home/airflow/.local/lib/python3.12/site-packages/airflow/example_dags/example_python_decorator.py
[2025-01-13T23:44:06.237+0000] {logging_mixin.py:190} INFO - [2025-01-13T23:44:06.237+0000] {dag.py:3239} INFO - Sync 1 DAGs
[2025-01-13T23:44:06.248+0000] {logging_mixin.py:190} INFO - [2025-01-13T23:44:06.248+0000] {dag.py:4180} INFO - Setting next_dagrun for example_python_decorator to None, run_after=None
[2025-01-13T23:44:06.266+0000] {processor.py:208} INFO - Processing /home/airflow/.local/lib/python3.12/site-packages/airflow/example_dags/example_python_decorator.py took 0.065 seconds
[2025-01-13T23:44:36.552+0000] {processor.py:186} INFO - Started process (PID=2453) to work on /home/airflow/.local/lib/python3.12/site-packages/airflow/example_dags/example_python_decorator.py
[2025-01-13T23:44:36.553+0000] {processor.py:914} INFO - Processing file /home/airflow/.local/lib/python3.12/site-packages/airflow/example_dags/example_python_decorator.py for tasks to queue
[2025-01-13T23:44:36.555+0000] {logging_mixin.py:190} INFO - [2025-01-13T23:44:36.554+0000] {dagbag.py:588} INFO - Filling up the DagBag from /home/airflow/.local/lib/python3.12/site-packages/airflow/example_dags/example_python_decorator.py
[2025-01-13T23:44:36.565+0000] {processor.py:925} INFO - DAG(s) 'example_python_decorator' retrieved from /home/airflow/.local/lib/python3.12/site-packages/airflow/example_dags/example_python_decorator.py
[2025-01-13T23:44:36.581+0000] {logging_mixin.py:190} INFO - [2025-01-13T23:44:36.581+0000] {dag.py:3239} INFO - Sync 1 DAGs
[2025-01-13T23:44:36.593+0000] {logging_mixin.py:190} INFO - [2025-01-13T23:44:36.593+0000] {dag.py:4180} INFO - Setting next_dagrun for example_python_decorator to None, run_after=None
[2025-01-13T23:44:36.609+0000] {processor.py:208} INFO - Processing /home/airflow/.local/lib/python3.12/site-packages/airflow/example_dags/example_python_decorator.py took 0.061 seconds
[2025-01-13T23:45:06.747+0000] {processor.py:186} INFO - Started process (PID=2516) to work on /home/airflow/.local/lib/python3.12/site-packages/airflow/example_dags/example_python_decorator.py
[2025-01-13T23:45:06.748+0000] {processor.py:914} INFO - Processing file /home/airflow/.local/lib/python3.12/site-packages/airflow/example_dags/example_python_decorator.py for tasks to queue
[2025-01-13T23:45:06.750+0000] {logging_mixin.py:190} INFO - [2025-01-13T23:45:06.750+0000] {dagbag.py:588} INFO - Filling up the DagBag from /home/airflow/.local/lib/python3.12/site-packages/airflow/example_dags/example_python_decorator.py
[2025-01-13T23:45:06.763+0000] {processor.py:925} INFO - DAG(s) 'example_python_decorator' retrieved from /home/airflow/.local/lib/python3.12/site-packages/airflow/example_dags/example_python_decorator.py
[2025-01-13T23:45:06.780+0000] {logging_mixin.py:190} INFO - [2025-01-13T23:45:06.779+0000] {dag.py:3239} INFO - Sync 1 DAGs
[2025-01-13T23:45:06.790+0000] {logging_mixin.py:190} INFO - [2025-01-13T23:45:06.790+0000] {dag.py:4180} INFO - Setting next_dagrun for example_python_decorator to None, run_after=None
[2025-01-13T23:45:06.807+0000] {processor.py:208} INFO - Processing /home/airflow/.local/lib/python3.12/site-packages/airflow/example_dags/example_python_decorator.py took 0.064 seconds
[2025-01-13T23:45:36.943+0000] {processor.py:186} INFO - Started process (PID=2580) to work on /home/airflow/.local/lib/python3.12/site-packages/airflow/example_dags/example_python_decorator.py
[2025-01-13T23:45:36.944+0000] {processor.py:914} INFO - Processing file /home/airflow/.local/lib/python3.12/site-packages/airflow/example_dags/example_python_decorator.py for tasks to queue
[2025-01-13T23:45:36.946+0000] {logging_mixin.py:190} INFO - [2025-01-13T23:45:36.946+0000] {dagbag.py:588} INFO - Filling up the DagBag from /home/airflow/.local/lib/python3.12/site-packages/airflow/example_dags/example_python_decorator.py
[2025-01-13T23:45:36.955+0000] {processor.py:925} INFO - DAG(s) 'example_python_decorator' retrieved from /home/airflow/.local/lib/python3.12/site-packages/airflow/example_dags/example_python_decorator.py
[2025-01-13T23:45:36.969+0000] {logging_mixin.py:190} INFO - [2025-01-13T23:45:36.969+0000] {dag.py:3239} INFO - Sync 1 DAGs
[2025-01-13T23:45:36.978+0000] {logging_mixin.py:190} INFO - [2025-01-13T23:45:36.977+0000] {dag.py:4180} INFO - Setting next_dagrun for example_python_decorator to None, run_after=None
[2025-01-13T23:45:36.989+0000] {processor.py:208} INFO - Processing /home/airflow/.local/lib/python3.12/site-packages/airflow/example_dags/example_python_decorator.py took 0.050 seconds
[2025-01-13T23:46:07.690+0000] {processor.py:186} INFO - Started process (PID=2644) to work on /home/airflow/.local/lib/python3.12/site-packages/airflow/example_dags/example_python_decorator.py
[2025-01-13T23:46:07.691+0000] {processor.py:914} INFO - Processing file /home/airflow/.local/lib/python3.12/site-packages/airflow/example_dags/example_python_decorator.py for tasks to queue
[2025-01-13T23:46:07.693+0000] {logging_mixin.py:190} INFO - [2025-01-13T23:46:07.693+0000] {dagbag.py:588} INFO - Filling up the DagBag from /home/airflow/.local/lib/python3.12/site-packages/airflow/example_dags/example_python_decorator.py
[2025-01-13T23:46:07.705+0000] {processor.py:925} INFO - DAG(s) 'example_python_decorator' retrieved from /home/airflow/.local/lib/python3.12/site-packages/airflow/example_dags/example_python_decorator.py
[2025-01-13T23:46:07.722+0000] {logging_mixin.py:190} INFO - [2025-01-13T23:46:07.722+0000] {dag.py:3239} INFO - Sync 1 DAGs
[2025-01-13T23:46:07.732+0000] {logging_mixin.py:190} INFO - [2025-01-13T23:46:07.732+0000] {dag.py:4180} INFO - Setting next_dagrun for example_python_decorator to None, run_after=None
[2025-01-13T23:46:07.746+0000] {processor.py:208} INFO - Processing /home/airflow/.local/lib/python3.12/site-packages/airflow/example_dags/example_python_decorator.py took 0.061 seconds
[2025-01-13T23:46:37.923+0000] {processor.py:186} INFO - Started process (PID=2707) to work on /home/airflow/.local/lib/python3.12/site-packages/airflow/example_dags/example_python_decorator.py
[2025-01-13T23:46:37.925+0000] {processor.py:914} INFO - Processing file /home/airflow/.local/lib/python3.12/site-packages/airflow/example_dags/example_python_decorator.py for tasks to queue
[2025-01-13T23:46:37.927+0000] {logging_mixin.py:190} INFO - [2025-01-13T23:46:37.927+0000] {dagbag.py:588} INFO - Filling up the DagBag from /home/airflow/.local/lib/python3.12/site-packages/airflow/example_dags/example_python_decorator.py
[2025-01-13T23:46:37.939+0000] {processor.py:925} INFO - DAG(s) 'example_python_decorator' retrieved from /home/airflow/.local/lib/python3.12/site-packages/airflow/example_dags/example_python_decorator.py
[2025-01-13T23:46:37.961+0000] {logging_mixin.py:190} INFO - [2025-01-13T23:46:37.961+0000] {dag.py:3239} INFO - Sync 1 DAGs
[2025-01-13T23:46:37.974+0000] {logging_mixin.py:190} INFO - [2025-01-13T23:46:37.974+0000] {dag.py:4180} INFO - Setting next_dagrun for example_python_decorator to None, run_after=None
[2025-01-13T23:46:37.994+0000] {processor.py:208} INFO - Processing /home/airflow/.local/lib/python3.12/site-packages/airflow/example_dags/example_python_decorator.py took 0.075 seconds
[2025-01-13T23:47:08.221+0000] {processor.py:186} INFO - Started process (PID=2771) to work on /home/airflow/.local/lib/python3.12/site-packages/airflow/example_dags/example_python_decorator.py
[2025-01-13T23:47:08.222+0000] {processor.py:914} INFO - Processing file /home/airflow/.local/lib/python3.12/site-packages/airflow/example_dags/example_python_decorator.py for tasks to queue
[2025-01-13T23:47:08.224+0000] {logging_mixin.py:190} INFO - [2025-01-13T23:47:08.224+0000] {dagbag.py:588} INFO - Filling up the DagBag from /home/airflow/.local/lib/python3.12/site-packages/airflow/example_dags/example_python_decorator.py
[2025-01-13T23:47:08.234+0000] {processor.py:925} INFO - DAG(s) 'example_python_decorator' retrieved from /home/airflow/.local/lib/python3.12/site-packages/airflow/example_dags/example_python_decorator.py
[2025-01-13T23:47:08.252+0000] {logging_mixin.py:190} INFO - [2025-01-13T23:47:08.251+0000] {dag.py:3239} INFO - Sync 1 DAGs
[2025-01-13T23:47:08.263+0000] {logging_mixin.py:190} INFO - [2025-01-13T23:47:08.263+0000] {dag.py:4180} INFO - Setting next_dagrun for example_python_decorator to None, run_after=None
[2025-01-13T23:47:08.278+0000] {processor.py:208} INFO - Processing /home/airflow/.local/lib/python3.12/site-packages/airflow/example_dags/example_python_decorator.py took 0.061 seconds
[2025-01-13T23:47:39.100+0000] {processor.py:186} INFO - Started process (PID=2835) to work on /home/airflow/.local/lib/python3.12/site-packages/airflow/example_dags/example_python_decorator.py
[2025-01-13T23:47:39.101+0000] {processor.py:914} INFO - Processing file /home/airflow/.local/lib/python3.12/site-packages/airflow/example_dags/example_python_decorator.py for tasks to queue
[2025-01-13T23:47:39.104+0000] {logging_mixin.py:190} INFO - [2025-01-13T23:47:39.103+0000] {dagbag.py:588} INFO - Filling up the DagBag from /home/airflow/.local/lib/python3.12/site-packages/airflow/example_dags/example_python_decorator.py
[2025-01-13T23:47:39.114+0000] {processor.py:925} INFO - DAG(s) 'example_python_decorator' retrieved from /home/airflow/.local/lib/python3.12/site-packages/airflow/example_dags/example_python_decorator.py
[2025-01-13T23:47:39.133+0000] {logging_mixin.py:190} INFO - [2025-01-13T23:47:39.132+0000] {dag.py:3239} INFO - Sync 1 DAGs
[2025-01-13T23:47:39.142+0000] {logging_mixin.py:190} INFO - [2025-01-13T23:47:39.142+0000] {dag.py:4180} INFO - Setting next_dagrun for example_python_decorator to None, run_after=None
[2025-01-13T23:47:39.158+0000] {processor.py:208} INFO - Processing /home/airflow/.local/lib/python3.12/site-packages/airflow/example_dags/example_python_decorator.py took 0.062 seconds
[2025-01-13T23:48:09.928+0000] {processor.py:186} INFO - Started process (PID=2899) to work on /home/airflow/.local/lib/python3.12/site-packages/airflow/example_dags/example_python_decorator.py
[2025-01-13T23:48:09.930+0000] {processor.py:914} INFO - Processing file /home/airflow/.local/lib/python3.12/site-packages/airflow/example_dags/example_python_decorator.py for tasks to queue
[2025-01-13T23:48:09.932+0000] {logging_mixin.py:190} INFO - [2025-01-13T23:48:09.932+0000] {dagbag.py:588} INFO - Filling up the DagBag from /home/airflow/.local/lib/python3.12/site-packages/airflow/example_dags/example_python_decorator.py
[2025-01-13T23:48:09.944+0000] {processor.py:925} INFO - DAG(s) 'example_python_decorator' retrieved from /home/airflow/.local/lib/python3.12/site-packages/airflow/example_dags/example_python_decorator.py
[2025-01-13T23:48:09.963+0000] {logging_mixin.py:190} INFO - [2025-01-13T23:48:09.963+0000] {dag.py:3239} INFO - Sync 1 DAGs
[2025-01-13T23:48:09.975+0000] {logging_mixin.py:190} INFO - [2025-01-13T23:48:09.975+0000] {dag.py:4180} INFO - Setting next_dagrun for example_python_decorator to None, run_after=None
[2025-01-13T23:48:09.990+0000] {processor.py:208} INFO - Processing /home/airflow/.local/lib/python3.12/site-packages/airflow/example_dags/example_python_decorator.py took 0.066 seconds
[2025-01-13T23:48:40.724+0000] {processor.py:186} INFO - Started process (PID=2963) to work on /home/airflow/.local/lib/python3.12/site-packages/airflow/example_dags/example_python_decorator.py
[2025-01-13T23:48:40.726+0000] {processor.py:914} INFO - Processing file /home/airflow/.local/lib/python3.12/site-packages/airflow/example_dags/example_python_decorator.py for tasks to queue
[2025-01-13T23:48:40.729+0000] {logging_mixin.py:190} INFO - [2025-01-13T23:48:40.728+0000] {dagbag.py:588} INFO - Filling up the DagBag from /home/airflow/.local/lib/python3.12/site-packages/airflow/example_dags/example_python_decorator.py
[2025-01-13T23:48:40.742+0000] {processor.py:925} INFO - DAG(s) 'example_python_decorator' retrieved from /home/airflow/.local/lib/python3.12/site-packages/airflow/example_dags/example_python_decorator.py
[2025-01-13T23:48:40.762+0000] {logging_mixin.py:190} INFO - [2025-01-13T23:48:40.761+0000] {dag.py:3239} INFO - Sync 1 DAGs
[2025-01-13T23:48:40.772+0000] {logging_mixin.py:190} INFO - [2025-01-13T23:48:40.772+0000] {dag.py:4180} INFO - Setting next_dagrun for example_python_decorator to None, run_after=None
[2025-01-13T23:48:40.789+0000] {processor.py:208} INFO - Processing /home/airflow/.local/lib/python3.12/site-packages/airflow/example_dags/example_python_decorator.py took 0.069 seconds
[2025-01-13T23:49:12.471+0000] {processor.py:186} INFO - Started process (PID=3027) to work on /home/airflow/.local/lib/python3.12/site-packages/airflow/example_dags/example_python_decorator.py
[2025-01-13T23:49:12.472+0000] {processor.py:914} INFO - Processing file /home/airflow/.local/lib/python3.12/site-packages/airflow/example_dags/example_python_decorator.py for tasks to queue
[2025-01-13T23:49:12.475+0000] {logging_mixin.py:190} INFO - [2025-01-13T23:49:12.475+0000] {dagbag.py:588} INFO - Filling up the DagBag from /home/airflow/.local/lib/python3.12/site-packages/airflow/example_dags/example_python_decorator.py
[2025-01-13T23:49:12.490+0000] {processor.py:925} INFO - DAG(s) 'example_python_decorator' retrieved from /home/airflow/.local/lib/python3.12/site-packages/airflow/example_dags/example_python_decorator.py
[2025-01-13T23:49:12.508+0000] {logging_mixin.py:190} INFO - [2025-01-13T23:49:12.508+0000] {dag.py:3239} INFO - Sync 1 DAGs
[2025-01-13T23:49:12.522+0000] {logging_mixin.py:190} INFO - [2025-01-13T23:49:12.522+0000] {dag.py:4180} INFO - Setting next_dagrun for example_python_decorator to None, run_after=None
[2025-01-13T23:49:12.542+0000] {processor.py:208} INFO - Processing /home/airflow/.local/lib/python3.12/site-packages/airflow/example_dags/example_python_decorator.py took 0.078 seconds
[2025-01-13T23:49:43.035+0000] {processor.py:186} INFO - Started process (PID=3091) to work on /home/airflow/.local/lib/python3.12/site-packages/airflow/example_dags/example_python_decorator.py
[2025-01-13T23:49:43.037+0000] {processor.py:914} INFO - Processing file /home/airflow/.local/lib/python3.12/site-packages/airflow/example_dags/example_python_decorator.py for tasks to queue
[2025-01-13T23:49:43.039+0000] {logging_mixin.py:190} INFO - [2025-01-13T23:49:43.039+0000] {dagbag.py:588} INFO - Filling up the DagBag from /home/airflow/.local/lib/python3.12/site-packages/airflow/example_dags/example_python_decorator.py
[2025-01-13T23:49:43.050+0000] {processor.py:925} INFO - DAG(s) 'example_python_decorator' retrieved from /home/airflow/.local/lib/python3.12/site-packages/airflow/example_dags/example_python_decorator.py
[2025-01-13T23:49:43.070+0000] {logging_mixin.py:190} INFO - [2025-01-13T23:49:43.069+0000] {dag.py:3239} INFO - Sync 1 DAGs
[2025-01-13T23:49:43.215+0000] {logging_mixin.py:190} INFO - [2025-01-13T23:49:43.215+0000] {dag.py:4180} INFO - Setting next_dagrun for example_python_decorator to None, run_after=None
[2025-01-13T23:49:43.232+0000] {processor.py:208} INFO - Processing /home/airflow/.local/lib/python3.12/site-packages/airflow/example_dags/example_python_decorator.py took 0.200 seconds
[2025-01-13T23:50:14.015+0000] {processor.py:186} INFO - Started process (PID=3155) to work on /home/airflow/.local/lib/python3.12/site-packages/airflow/example_dags/example_python_decorator.py
[2025-01-13T23:50:14.016+0000] {processor.py:914} INFO - Processing file /home/airflow/.local/lib/python3.12/site-packages/airflow/example_dags/example_python_decorator.py for tasks to queue
[2025-01-13T23:50:14.018+0000] {logging_mixin.py:190} INFO - [2025-01-13T23:50:14.018+0000] {dagbag.py:588} INFO - Filling up the DagBag from /home/airflow/.local/lib/python3.12/site-packages/airflow/example_dags/example_python_decorator.py
[2025-01-13T23:50:14.036+0000] {processor.py:925} INFO - DAG(s) 'example_python_decorator' retrieved from /home/airflow/.local/lib/python3.12/site-packages/airflow/example_dags/example_python_decorator.py
[2025-01-13T23:50:14.066+0000] {logging_mixin.py:190} INFO - [2025-01-13T23:50:14.066+0000] {dag.py:3239} INFO - Sync 1 DAGs
[2025-01-13T23:50:14.258+0000] {logging_mixin.py:190} INFO - [2025-01-13T23:50:14.258+0000] {dag.py:4180} INFO - Setting next_dagrun for example_python_decorator to None, run_after=None
[2025-01-13T23:50:14.283+0000] {processor.py:208} INFO - Processing /home/airflow/.local/lib/python3.12/site-packages/airflow/example_dags/example_python_decorator.py took 0.274 seconds
[2025-01-13T23:50:44.646+0000] {processor.py:186} INFO - Started process (PID=3219) to work on /home/airflow/.local/lib/python3.12/site-packages/airflow/example_dags/example_python_decorator.py
[2025-01-13T23:50:44.648+0000] {processor.py:914} INFO - Processing file /home/airflow/.local/lib/python3.12/site-packages/airflow/example_dags/example_python_decorator.py for tasks to queue
[2025-01-13T23:50:44.651+0000] {logging_mixin.py:190} INFO - [2025-01-13T23:50:44.651+0000] {dagbag.py:588} INFO - Filling up the DagBag from /home/airflow/.local/lib/python3.12/site-packages/airflow/example_dags/example_python_decorator.py
[2025-01-13T23:50:44.666+0000] {processor.py:925} INFO - DAG(s) 'example_python_decorator' retrieved from /home/airflow/.local/lib/python3.12/site-packages/airflow/example_dags/example_python_decorator.py
[2025-01-13T23:50:44.696+0000] {logging_mixin.py:190} INFO - [2025-01-13T23:50:44.696+0000] {dag.py:3239} INFO - Sync 1 DAGs
[2025-01-13T23:50:44.717+0000] {logging_mixin.py:190} INFO - [2025-01-13T23:50:44.716+0000] {dag.py:4180} INFO - Setting next_dagrun for example_python_decorator to None, run_after=None
[2025-01-13T23:50:44.746+0000] {processor.py:208} INFO - Processing /home/airflow/.local/lib/python3.12/site-packages/airflow/example_dags/example_python_decorator.py took 0.105 seconds
[2025-01-13T23:51:15.489+0000] {processor.py:186} INFO - Started process (PID=3281) to work on /home/airflow/.local/lib/python3.12/site-packages/airflow/example_dags/example_python_decorator.py
[2025-01-13T23:51:15.490+0000] {processor.py:914} INFO - Processing file /home/airflow/.local/lib/python3.12/site-packages/airflow/example_dags/example_python_decorator.py for tasks to queue
[2025-01-13T23:51:15.493+0000] {logging_mixin.py:190} INFO - [2025-01-13T23:51:15.492+0000] {dagbag.py:588} INFO - Filling up the DagBag from /home/airflow/.local/lib/python3.12/site-packages/airflow/example_dags/example_python_decorator.py
[2025-01-13T23:51:15.503+0000] {processor.py:925} INFO - DAG(s) 'example_python_decorator' retrieved from /home/airflow/.local/lib/python3.12/site-packages/airflow/example_dags/example_python_decorator.py
[2025-01-13T23:51:15.525+0000] {logging_mixin.py:190} INFO - [2025-01-13T23:51:15.525+0000] {dag.py:3239} INFO - Sync 1 DAGs
[2025-01-13T23:51:15.536+0000] {logging_mixin.py:190} INFO - [2025-01-13T23:51:15.536+0000] {dag.py:4180} INFO - Setting next_dagrun for example_python_decorator to None, run_after=None
[2025-01-13T23:51:15.555+0000] {processor.py:208} INFO - Processing /home/airflow/.local/lib/python3.12/site-packages/airflow/example_dags/example_python_decorator.py took 0.071 seconds
[2025-01-13T23:51:45.615+0000] {processor.py:186} INFO - Started process (PID=3345) to work on /home/airflow/.local/lib/python3.12/site-packages/airflow/example_dags/example_python_decorator.py
[2025-01-13T23:51:45.616+0000] {processor.py:914} INFO - Processing file /home/airflow/.local/lib/python3.12/site-packages/airflow/example_dags/example_python_decorator.py for tasks to queue
[2025-01-13T23:51:45.618+0000] {logging_mixin.py:190} INFO - [2025-01-13T23:51:45.617+0000] {dagbag.py:588} INFO - Filling up the DagBag from /home/airflow/.local/lib/python3.12/site-packages/airflow/example_dags/example_python_decorator.py
[2025-01-13T23:51:45.628+0000] {processor.py:925} INFO - DAG(s) 'example_python_decorator' retrieved from /home/airflow/.local/lib/python3.12/site-packages/airflow/example_dags/example_python_decorator.py
[2025-01-13T23:51:45.646+0000] {logging_mixin.py:190} INFO - [2025-01-13T23:51:45.646+0000] {dag.py:3239} INFO - Sync 1 DAGs
[2025-01-13T23:51:45.658+0000] {logging_mixin.py:190} INFO - [2025-01-13T23:51:45.657+0000] {dag.py:4180} INFO - Setting next_dagrun for example_python_decorator to None, run_after=None
[2025-01-13T23:51:45.675+0000] {processor.py:208} INFO - Processing /home/airflow/.local/lib/python3.12/site-packages/airflow/example_dags/example_python_decorator.py took 0.064 seconds
[2025-01-13T23:52:16.252+0000] {processor.py:186} INFO - Started process (PID=3409) to work on /home/airflow/.local/lib/python3.12/site-packages/airflow/example_dags/example_python_decorator.py
[2025-01-13T23:52:16.253+0000] {processor.py:914} INFO - Processing file /home/airflow/.local/lib/python3.12/site-packages/airflow/example_dags/example_python_decorator.py for tasks to queue
[2025-01-13T23:52:16.256+0000] {logging_mixin.py:190} INFO - [2025-01-13T23:52:16.255+0000] {dagbag.py:588} INFO - Filling up the DagBag from /home/airflow/.local/lib/python3.12/site-packages/airflow/example_dags/example_python_decorator.py
[2025-01-13T23:52:16.271+0000] {processor.py:925} INFO - DAG(s) 'example_python_decorator' retrieved from /home/airflow/.local/lib/python3.12/site-packages/airflow/example_dags/example_python_decorator.py
[2025-01-13T23:52:16.302+0000] {logging_mixin.py:190} INFO - [2025-01-13T23:52:16.302+0000] {dag.py:3239} INFO - Sync 1 DAGs
[2025-01-13T23:52:16.319+0000] {logging_mixin.py:190} INFO - [2025-01-13T23:52:16.319+0000] {dag.py:4180} INFO - Setting next_dagrun for example_python_decorator to None, run_after=None
[2025-01-13T23:52:16.344+0000] {processor.py:208} INFO - Processing /home/airflow/.local/lib/python3.12/site-packages/airflow/example_dags/example_python_decorator.py took 0.101 seconds
[2025-01-13T23:52:47.224+0000] {processor.py:186} INFO - Started process (PID=3473) to work on /home/airflow/.local/lib/python3.12/site-packages/airflow/example_dags/example_python_decorator.py
[2025-01-13T23:52:47.225+0000] {processor.py:914} INFO - Processing file /home/airflow/.local/lib/python3.12/site-packages/airflow/example_dags/example_python_decorator.py for tasks to queue
[2025-01-13T23:52:47.227+0000] {logging_mixin.py:190} INFO - [2025-01-13T23:52:47.227+0000] {dagbag.py:588} INFO - Filling up the DagBag from /home/airflow/.local/lib/python3.12/site-packages/airflow/example_dags/example_python_decorator.py
[2025-01-13T23:52:47.238+0000] {processor.py:925} INFO - DAG(s) 'example_python_decorator' retrieved from /home/airflow/.local/lib/python3.12/site-packages/airflow/example_dags/example_python_decorator.py
[2025-01-13T23:52:47.261+0000] {logging_mixin.py:190} INFO - [2025-01-13T23:52:47.261+0000] {dag.py:3239} INFO - Sync 1 DAGs
[2025-01-13T23:52:47.272+0000] {logging_mixin.py:190} INFO - [2025-01-13T23:52:47.272+0000] {dag.py:4180} INFO - Setting next_dagrun for example_python_decorator to None, run_after=None
[2025-01-13T23:52:47.294+0000] {processor.py:208} INFO - Processing /home/airflow/.local/lib/python3.12/site-packages/airflow/example_dags/example_python_decorator.py took 0.074 seconds
[2025-01-13T23:53:17.760+0000] {processor.py:186} INFO - Started process (PID=3537) to work on /home/airflow/.local/lib/python3.12/site-packages/airflow/example_dags/example_python_decorator.py
[2025-01-13T23:53:17.764+0000] {processor.py:914} INFO - Processing file /home/airflow/.local/lib/python3.12/site-packages/airflow/example_dags/example_python_decorator.py for tasks to queue
[2025-01-13T23:53:17.771+0000] {logging_mixin.py:190} INFO - [2025-01-13T23:53:17.769+0000] {dagbag.py:588} INFO - Filling up the DagBag from /home/airflow/.local/lib/python3.12/site-packages/airflow/example_dags/example_python_decorator.py
[2025-01-13T23:53:17.792+0000] {processor.py:925} INFO - DAG(s) 'example_python_decorator' retrieved from /home/airflow/.local/lib/python3.12/site-packages/airflow/example_dags/example_python_decorator.py
[2025-01-13T23:53:17.816+0000] {logging_mixin.py:190} INFO - [2025-01-13T23:53:17.816+0000] {dag.py:3239} INFO - Sync 1 DAGs
[2025-01-13T23:53:17.829+0000] {logging_mixin.py:190} INFO - [2025-01-13T23:53:17.829+0000] {dag.py:4180} INFO - Setting next_dagrun for example_python_decorator to None, run_after=None
[2025-01-13T23:53:17.850+0000] {processor.py:208} INFO - Processing /home/airflow/.local/lib/python3.12/site-packages/airflow/example_dags/example_python_decorator.py took 0.095 seconds
[2025-01-13T23:53:48.676+0000] {processor.py:186} INFO - Started process (PID=3601) to work on /home/airflow/.local/lib/python3.12/site-packages/airflow/example_dags/example_python_decorator.py
[2025-01-13T23:53:48.677+0000] {processor.py:914} INFO - Processing file /home/airflow/.local/lib/python3.12/site-packages/airflow/example_dags/example_python_decorator.py for tasks to queue
[2025-01-13T23:53:48.680+0000] {logging_mixin.py:190} INFO - [2025-01-13T23:53:48.679+0000] {dagbag.py:588} INFO - Filling up the DagBag from /home/airflow/.local/lib/python3.12/site-packages/airflow/example_dags/example_python_decorator.py
[2025-01-13T23:53:48.698+0000] {processor.py:925} INFO - DAG(s) 'example_python_decorator' retrieved from /home/airflow/.local/lib/python3.12/site-packages/airflow/example_dags/example_python_decorator.py
[2025-01-13T23:53:48.723+0000] {logging_mixin.py:190} INFO - [2025-01-13T23:53:48.722+0000] {dag.py:3239} INFO - Sync 1 DAGs
[2025-01-13T23:53:48.737+0000] {logging_mixin.py:190} INFO - [2025-01-13T23:53:48.737+0000] {dag.py:4180} INFO - Setting next_dagrun for example_python_decorator to None, run_after=None
[2025-01-13T23:53:48.757+0000] {processor.py:208} INFO - Processing /home/airflow/.local/lib/python3.12/site-packages/airflow/example_dags/example_python_decorator.py took 0.086 seconds
[2025-01-13T23:54:19.172+0000] {processor.py:186} INFO - Started process (PID=3665) to work on /home/airflow/.local/lib/python3.12/site-packages/airflow/example_dags/example_python_decorator.py
[2025-01-13T23:54:19.174+0000] {processor.py:914} INFO - Processing file /home/airflow/.local/lib/python3.12/site-packages/airflow/example_dags/example_python_decorator.py for tasks to queue
[2025-01-13T23:54:19.177+0000] {logging_mixin.py:190} INFO - [2025-01-13T23:54:19.176+0000] {dagbag.py:588} INFO - Filling up the DagBag from /home/airflow/.local/lib/python3.12/site-packages/airflow/example_dags/example_python_decorator.py
[2025-01-13T23:54:19.196+0000] {processor.py:925} INFO - DAG(s) 'example_python_decorator' retrieved from /home/airflow/.local/lib/python3.12/site-packages/airflow/example_dags/example_python_decorator.py
[2025-01-13T23:54:19.223+0000] {logging_mixin.py:190} INFO - [2025-01-13T23:54:19.223+0000] {dag.py:3239} INFO - Sync 1 DAGs
[2025-01-13T23:54:19.241+0000] {logging_mixin.py:190} INFO - [2025-01-13T23:54:19.240+0000] {dag.py:4180} INFO - Setting next_dagrun for example_python_decorator to None, run_after=None
[2025-01-13T23:54:19.268+0000] {processor.py:208} INFO - Processing /home/airflow/.local/lib/python3.12/site-packages/airflow/example_dags/example_python_decorator.py took 0.102 seconds
[2025-01-13T23:54:49.496+0000] {processor.py:186} INFO - Started process (PID=3736) to work on /home/airflow/.local/lib/python3.12/site-packages/airflow/example_dags/example_python_decorator.py
[2025-01-13T23:54:49.497+0000] {processor.py:914} INFO - Processing file /home/airflow/.local/lib/python3.12/site-packages/airflow/example_dags/example_python_decorator.py for tasks to queue
[2025-01-13T23:54:49.499+0000] {logging_mixin.py:190} INFO - [2025-01-13T23:54:49.499+0000] {dagbag.py:588} INFO - Filling up the DagBag from /home/airflow/.local/lib/python3.12/site-packages/airflow/example_dags/example_python_decorator.py
[2025-01-13T23:54:49.512+0000] {processor.py:925} INFO - DAG(s) 'example_python_decorator' retrieved from /home/airflow/.local/lib/python3.12/site-packages/airflow/example_dags/example_python_decorator.py
[2025-01-13T23:54:49.531+0000] {logging_mixin.py:190} INFO - [2025-01-13T23:54:49.531+0000] {dag.py:3239} INFO - Sync 1 DAGs
[2025-01-13T23:54:49.542+0000] {logging_mixin.py:190} INFO - [2025-01-13T23:54:49.542+0000] {dag.py:4180} INFO - Setting next_dagrun for example_python_decorator to None, run_after=None
[2025-01-13T23:54:49.559+0000] {processor.py:208} INFO - Processing /home/airflow/.local/lib/python3.12/site-packages/airflow/example_dags/example_python_decorator.py took 0.068 seconds
[2025-01-13T23:55:19.979+0000] {processor.py:186} INFO - Started process (PID=3796) to work on /home/airflow/.local/lib/python3.12/site-packages/airflow/example_dags/example_python_decorator.py
[2025-01-13T23:55:19.981+0000] {processor.py:914} INFO - Processing file /home/airflow/.local/lib/python3.12/site-packages/airflow/example_dags/example_python_decorator.py for tasks to queue
[2025-01-13T23:55:19.983+0000] {logging_mixin.py:190} INFO - [2025-01-13T23:55:19.983+0000] {dagbag.py:588} INFO - Filling up the DagBag from /home/airflow/.local/lib/python3.12/site-packages/airflow/example_dags/example_python_decorator.py
[2025-01-13T23:55:19.993+0000] {processor.py:925} INFO - DAG(s) 'example_python_decorator' retrieved from /home/airflow/.local/lib/python3.12/site-packages/airflow/example_dags/example_python_decorator.py
[2025-01-13T23:55:20.010+0000] {logging_mixin.py:190} INFO - [2025-01-13T23:55:20.010+0000] {dag.py:3239} INFO - Sync 1 DAGs
[2025-01-13T23:55:20.022+0000] {logging_mixin.py:190} INFO - [2025-01-13T23:55:20.022+0000] {dag.py:4180} INFO - Setting next_dagrun for example_python_decorator to None, run_after=None
[2025-01-13T23:55:20.043+0000] {processor.py:208} INFO - Processing /home/airflow/.local/lib/python3.12/site-packages/airflow/example_dags/example_python_decorator.py took 0.069 seconds
[2025-01-13T23:55:50.904+0000] {processor.py:186} INFO - Started process (PID=3860) to work on /home/airflow/.local/lib/python3.12/site-packages/airflow/example_dags/example_python_decorator.py
[2025-01-13T23:55:50.906+0000] {processor.py:914} INFO - Processing file /home/airflow/.local/lib/python3.12/site-packages/airflow/example_dags/example_python_decorator.py for tasks to queue
[2025-01-13T23:55:50.909+0000] {logging_mixin.py:190} INFO - [2025-01-13T23:55:50.908+0000] {dagbag.py:588} INFO - Filling up the DagBag from /home/airflow/.local/lib/python3.12/site-packages/airflow/example_dags/example_python_decorator.py
[2025-01-13T23:55:50.924+0000] {processor.py:925} INFO - DAG(s) 'example_python_decorator' retrieved from /home/airflow/.local/lib/python3.12/site-packages/airflow/example_dags/example_python_decorator.py
[2025-01-13T23:55:50.948+0000] {logging_mixin.py:190} INFO - [2025-01-13T23:55:50.948+0000] {dag.py:3239} INFO - Sync 1 DAGs
[2025-01-13T23:55:50.961+0000] {logging_mixin.py:190} INFO - [2025-01-13T23:55:50.961+0000] {dag.py:4180} INFO - Setting next_dagrun for example_python_decorator to None, run_after=None
[2025-01-13T23:55:50.985+0000] {processor.py:208} INFO - Processing /home/airflow/.local/lib/python3.12/site-packages/airflow/example_dags/example_python_decorator.py took 0.086 seconds
[2025-01-13T23:56:21.631+0000] {processor.py:186} INFO - Started process (PID=3923) to work on /home/airflow/.local/lib/python3.12/site-packages/airflow/example_dags/example_python_decorator.py
[2025-01-13T23:56:21.632+0000] {processor.py:914} INFO - Processing file /home/airflow/.local/lib/python3.12/site-packages/airflow/example_dags/example_python_decorator.py for tasks to queue
[2025-01-13T23:56:21.636+0000] {logging_mixin.py:190} INFO - [2025-01-13T23:56:21.635+0000] {dagbag.py:588} INFO - Filling up the DagBag from /home/airflow/.local/lib/python3.12/site-packages/airflow/example_dags/example_python_decorator.py
[2025-01-13T23:56:21.651+0000] {processor.py:925} INFO - DAG(s) 'example_python_decorator' retrieved from /home/airflow/.local/lib/python3.12/site-packages/airflow/example_dags/example_python_decorator.py
[2025-01-13T23:56:21.680+0000] {logging_mixin.py:190} INFO - [2025-01-13T23:56:21.679+0000] {dag.py:3239} INFO - Sync 1 DAGs
[2025-01-13T23:56:21.693+0000] {logging_mixin.py:190} INFO - [2025-01-13T23:56:21.693+0000] {dag.py:4180} INFO - Setting next_dagrun for example_python_decorator to None, run_after=None
[2025-01-13T23:56:21.725+0000] {processor.py:208} INFO - Processing /home/airflow/.local/lib/python3.12/site-packages/airflow/example_dags/example_python_decorator.py took 0.101 seconds
[2025-01-13T23:56:52.183+0000] {processor.py:186} INFO - Started process (PID=3987) to work on /home/airflow/.local/lib/python3.12/site-packages/airflow/example_dags/example_python_decorator.py
[2025-01-13T23:56:52.184+0000] {processor.py:914} INFO - Processing file /home/airflow/.local/lib/python3.12/site-packages/airflow/example_dags/example_python_decorator.py for tasks to queue
[2025-01-13T23:56:52.188+0000] {logging_mixin.py:190} INFO - [2025-01-13T23:56:52.188+0000] {dagbag.py:588} INFO - Filling up the DagBag from /home/airflow/.local/lib/python3.12/site-packages/airflow/example_dags/example_python_decorator.py
[2025-01-13T23:56:52.204+0000] {processor.py:925} INFO - DAG(s) 'example_python_decorator' retrieved from /home/airflow/.local/lib/python3.12/site-packages/airflow/example_dags/example_python_decorator.py
[2025-01-13T23:56:52.240+0000] {logging_mixin.py:190} INFO - [2025-01-13T23:56:52.239+0000] {dag.py:3239} INFO - Sync 1 DAGs
[2025-01-13T23:56:52.261+0000] {logging_mixin.py:190} INFO - [2025-01-13T23:56:52.260+0000] {dag.py:4180} INFO - Setting next_dagrun for example_python_decorator to None, run_after=None
[2025-01-13T23:56:52.293+0000] {processor.py:208} INFO - Processing /home/airflow/.local/lib/python3.12/site-packages/airflow/example_dags/example_python_decorator.py took 0.117 seconds
[2025-01-13T23:57:22.379+0000] {processor.py:186} INFO - Started process (PID=4051) to work on /home/airflow/.local/lib/python3.12/site-packages/airflow/example_dags/example_python_decorator.py
[2025-01-13T23:57:22.381+0000] {processor.py:914} INFO - Processing file /home/airflow/.local/lib/python3.12/site-packages/airflow/example_dags/example_python_decorator.py for tasks to queue
[2025-01-13T23:57:22.385+0000] {logging_mixin.py:190} INFO - [2025-01-13T23:57:22.384+0000] {dagbag.py:588} INFO - Filling up the DagBag from /home/airflow/.local/lib/python3.12/site-packages/airflow/example_dags/example_python_decorator.py
[2025-01-13T23:57:22.399+0000] {processor.py:925} INFO - DAG(s) 'example_python_decorator' retrieved from /home/airflow/.local/lib/python3.12/site-packages/airflow/example_dags/example_python_decorator.py
[2025-01-13T23:57:22.428+0000] {logging_mixin.py:190} INFO - [2025-01-13T23:57:22.427+0000] {dag.py:3239} INFO - Sync 1 DAGs
[2025-01-13T23:57:22.442+0000] {logging_mixin.py:190} INFO - [2025-01-13T23:57:22.442+0000] {dag.py:4180} INFO - Setting next_dagrun for example_python_decorator to None, run_after=None
[2025-01-13T23:57:22.471+0000] {processor.py:208} INFO - Processing /home/airflow/.local/lib/python3.12/site-packages/airflow/example_dags/example_python_decorator.py took 0.097 seconds
[2025-01-13T23:57:53.461+0000] {processor.py:186} INFO - Started process (PID=4115) to work on /home/airflow/.local/lib/python3.12/site-packages/airflow/example_dags/example_python_decorator.py
[2025-01-13T23:57:53.462+0000] {processor.py:914} INFO - Processing file /home/airflow/.local/lib/python3.12/site-packages/airflow/example_dags/example_python_decorator.py for tasks to queue
[2025-01-13T23:57:53.464+0000] {logging_mixin.py:190} INFO - [2025-01-13T23:57:53.464+0000] {dagbag.py:588} INFO - Filling up the DagBag from /home/airflow/.local/lib/python3.12/site-packages/airflow/example_dags/example_python_decorator.py
[2025-01-13T23:57:53.480+0000] {processor.py:925} INFO - DAG(s) 'example_python_decorator' retrieved from /home/airflow/.local/lib/python3.12/site-packages/airflow/example_dags/example_python_decorator.py
[2025-01-13T23:57:53.501+0000] {logging_mixin.py:190} INFO - [2025-01-13T23:57:53.501+0000] {dag.py:3239} INFO - Sync 1 DAGs
[2025-01-13T23:57:53.513+0000] {logging_mixin.py:190} INFO - [2025-01-13T23:57:53.513+0000] {dag.py:4180} INFO - Setting next_dagrun for example_python_decorator to None, run_after=None
[2025-01-13T23:57:53.532+0000] {processor.py:208} INFO - Processing /home/airflow/.local/lib/python3.12/site-packages/airflow/example_dags/example_python_decorator.py took 0.075 seconds
[2025-01-13T23:58:23.814+0000] {processor.py:186} INFO - Started process (PID=4173) to work on /home/airflow/.local/lib/python3.12/site-packages/airflow/example_dags/example_python_decorator.py
[2025-01-13T23:58:23.815+0000] {processor.py:914} INFO - Processing file /home/airflow/.local/lib/python3.12/site-packages/airflow/example_dags/example_python_decorator.py for tasks to queue
[2025-01-13T23:58:23.818+0000] {logging_mixin.py:190} INFO - [2025-01-13T23:58:23.817+0000] {dagbag.py:588} INFO - Filling up the DagBag from /home/airflow/.local/lib/python3.12/site-packages/airflow/example_dags/example_python_decorator.py
[2025-01-13T23:58:23.835+0000] {processor.py:925} INFO - DAG(s) 'example_python_decorator' retrieved from /home/airflow/.local/lib/python3.12/site-packages/airflow/example_dags/example_python_decorator.py
[2025-01-13T23:58:23.861+0000] {logging_mixin.py:190} INFO - [2025-01-13T23:58:23.861+0000] {dag.py:3239} INFO - Sync 1 DAGs
[2025-01-13T23:58:23.875+0000] {logging_mixin.py:190} INFO - [2025-01-13T23:58:23.874+0000] {dag.py:4180} INFO - Setting next_dagrun for example_python_decorator to None, run_after=None
[2025-01-13T23:58:23.902+0000] {processor.py:208} INFO - Processing /home/airflow/.local/lib/python3.12/site-packages/airflow/example_dags/example_python_decorator.py took 0.094 seconds
[2025-01-13T23:58:54.291+0000] {processor.py:186} INFO - Started process (PID=4236) to work on /home/airflow/.local/lib/python3.12/site-packages/airflow/example_dags/example_python_decorator.py
[2025-01-13T23:58:54.294+0000] {processor.py:914} INFO - Processing file /home/airflow/.local/lib/python3.12/site-packages/airflow/example_dags/example_python_decorator.py for tasks to queue
[2025-01-13T23:58:54.297+0000] {logging_mixin.py:190} INFO - [2025-01-13T23:58:54.296+0000] {dagbag.py:588} INFO - Filling up the DagBag from /home/airflow/.local/lib/python3.12/site-packages/airflow/example_dags/example_python_decorator.py
[2025-01-13T23:58:54.317+0000] {processor.py:925} INFO - DAG(s) 'example_python_decorator' retrieved from /home/airflow/.local/lib/python3.12/site-packages/airflow/example_dags/example_python_decorator.py
[2025-01-13T23:58:54.341+0000] {logging_mixin.py:190} INFO - [2025-01-13T23:58:54.341+0000] {dag.py:3239} INFO - Sync 1 DAGs
[2025-01-13T23:58:54.358+0000] {logging_mixin.py:190} INFO - [2025-01-13T23:58:54.357+0000] {dag.py:4180} INFO - Setting next_dagrun for example_python_decorator to None, run_after=None
[2025-01-13T23:58:54.379+0000] {processor.py:208} INFO - Processing /home/airflow/.local/lib/python3.12/site-packages/airflow/example_dags/example_python_decorator.py took 0.096 seconds
[2025-01-13T23:59:25.029+0000] {processor.py:186} INFO - Started process (PID=4300) to work on /home/airflow/.local/lib/python3.12/site-packages/airflow/example_dags/example_python_decorator.py
[2025-01-13T23:59:25.031+0000] {processor.py:914} INFO - Processing file /home/airflow/.local/lib/python3.12/site-packages/airflow/example_dags/example_python_decorator.py for tasks to queue
[2025-01-13T23:59:25.034+0000] {logging_mixin.py:190} INFO - [2025-01-13T23:59:25.034+0000] {dagbag.py:588} INFO - Filling up the DagBag from /home/airflow/.local/lib/python3.12/site-packages/airflow/example_dags/example_python_decorator.py
[2025-01-13T23:59:25.048+0000] {processor.py:925} INFO - DAG(s) 'example_python_decorator' retrieved from /home/airflow/.local/lib/python3.12/site-packages/airflow/example_dags/example_python_decorator.py
[2025-01-13T23:59:25.074+0000] {logging_mixin.py:190} INFO - [2025-01-13T23:59:25.073+0000] {dag.py:3239} INFO - Sync 1 DAGs
[2025-01-13T23:59:25.090+0000] {logging_mixin.py:190} INFO - [2025-01-13T23:59:25.090+0000] {dag.py:4180} INFO - Setting next_dagrun for example_python_decorator to None, run_after=None
[2025-01-13T23:59:25.115+0000] {processor.py:208} INFO - Processing /home/airflow/.local/lib/python3.12/site-packages/airflow/example_dags/example_python_decorator.py took 0.092 seconds
[2025-01-13T23:59:55.296+0000] {processor.py:186} INFO - Started process (PID=4364) to work on /home/airflow/.local/lib/python3.12/site-packages/airflow/example_dags/example_python_decorator.py
[2025-01-13T23:59:55.297+0000] {processor.py:914} INFO - Processing file /home/airflow/.local/lib/python3.12/site-packages/airflow/example_dags/example_python_decorator.py for tasks to queue
[2025-01-13T23:59:55.302+0000] {logging_mixin.py:190} INFO - [2025-01-13T23:59:55.301+0000] {dagbag.py:588} INFO - Filling up the DagBag from /home/airflow/.local/lib/python3.12/site-packages/airflow/example_dags/example_python_decorator.py
[2025-01-13T23:59:55.328+0000] {processor.py:925} INFO - DAG(s) 'example_python_decorator' retrieved from /home/airflow/.local/lib/python3.12/site-packages/airflow/example_dags/example_python_decorator.py
[2025-01-13T23:59:55.354+0000] {logging_mixin.py:190} INFO - [2025-01-13T23:59:55.354+0000] {dag.py:3239} INFO - Sync 1 DAGs
[2025-01-13T23:59:55.373+0000] {logging_mixin.py:190} INFO - [2025-01-13T23:59:55.372+0000] {dag.py:4180} INFO - Setting next_dagrun for example_python_decorator to None, run_after=None
[2025-01-13T23:59:55.395+0000] {processor.py:208} INFO - Processing /home/airflow/.local/lib/python3.12/site-packages/airflow/example_dags/example_python_decorator.py took 0.105 seconds
