[2025-01-13T23:25:45.897+0000] {processor.py:186} INFO - Started process (PID=89) to work on /home/airflow/.local/lib/python3.12/site-packages/airflow/example_dags/tutorial_taskflow_templates.py
[2025-01-13T23:25:45.898+0000] {processor.py:914} INFO - Processing file /home/airflow/.local/lib/python3.12/site-packages/airflow/example_dags/tutorial_taskflow_templates.py for tasks to queue
[2025-01-13T23:25:45.901+0000] {logging_mixin.py:190} INFO - [2025-01-13T23:25:45.901+0000] {dagbag.py:588} INFO - Filling up the DagBag from /home/airflow/.local/lib/python3.12/site-packages/airflow/example_dags/tutorial_taskflow_templates.py
[2025-01-13T23:25:45.915+0000] {processor.py:925} INFO - DAG(s) 'tutorial_taskflow_templates' retrieved from /home/airflow/.local/lib/python3.12/site-packages/airflow/example_dags/tutorial_taskflow_templates.py
[2025-01-13T23:25:45.941+0000] {logging_mixin.py:190} INFO - [2025-01-13T23:25:45.941+0000] {dag.py:3239} INFO - Sync 1 DAGs
[2025-01-13T23:25:45.964+0000] {logging_mixin.py:190} INFO - [2025-01-13T23:25:45.964+0000] {dag.py:4180} INFO - Setting next_dagrun for tutorial_taskflow_templates to 2025-01-12 00:00:00+00:00, run_after=2025-01-13 00:00:00+00:00
[2025-01-13T23:25:45.986+0000] {processor.py:208} INFO - Processing /home/airflow/.local/lib/python3.12/site-packages/airflow/example_dags/tutorial_taskflow_templates.py took 0.095 seconds
[2025-01-13T23:26:16.368+0000] {processor.py:186} INFO - Started process (PID=153) to work on /home/airflow/.local/lib/python3.12/site-packages/airflow/example_dags/tutorial_taskflow_templates.py
[2025-01-13T23:26:16.369+0000] {processor.py:914} INFO - Processing file /home/airflow/.local/lib/python3.12/site-packages/airflow/example_dags/tutorial_taskflow_templates.py for tasks to queue
[2025-01-13T23:26:16.372+0000] {logging_mixin.py:190} INFO - [2025-01-13T23:26:16.371+0000] {dagbag.py:588} INFO - Filling up the DagBag from /home/airflow/.local/lib/python3.12/site-packages/airflow/example_dags/tutorial_taskflow_templates.py
[2025-01-13T23:26:16.386+0000] {processor.py:925} INFO - DAG(s) 'tutorial_taskflow_templates' retrieved from /home/airflow/.local/lib/python3.12/site-packages/airflow/example_dags/tutorial_taskflow_templates.py
[2025-01-13T23:26:16.411+0000] {logging_mixin.py:190} INFO - [2025-01-13T23:26:16.411+0000] {dag.py:3239} INFO - Sync 1 DAGs
[2025-01-13T23:26:16.442+0000] {logging_mixin.py:190} INFO - [2025-01-13T23:26:16.442+0000] {dag.py:4180} INFO - Setting next_dagrun for tutorial_taskflow_templates to 2025-01-12 00:00:00+00:00, run_after=2025-01-13 00:00:00+00:00
[2025-01-13T23:26:16.478+0000] {processor.py:208} INFO - Processing /home/airflow/.local/lib/python3.12/site-packages/airflow/example_dags/tutorial_taskflow_templates.py took 0.115 seconds
[2025-01-13T23:26:46.900+0000] {processor.py:186} INFO - Started process (PID=217) to work on /home/airflow/.local/lib/python3.12/site-packages/airflow/example_dags/tutorial_taskflow_templates.py
[2025-01-13T23:26:46.901+0000] {processor.py:914} INFO - Processing file /home/airflow/.local/lib/python3.12/site-packages/airflow/example_dags/tutorial_taskflow_templates.py for tasks to queue
[2025-01-13T23:26:46.903+0000] {logging_mixin.py:190} INFO - [2025-01-13T23:26:46.903+0000] {dagbag.py:588} INFO - Filling up the DagBag from /home/airflow/.local/lib/python3.12/site-packages/airflow/example_dags/tutorial_taskflow_templates.py
[2025-01-13T23:26:46.912+0000] {processor.py:925} INFO - DAG(s) 'tutorial_taskflow_templates' retrieved from /home/airflow/.local/lib/python3.12/site-packages/airflow/example_dags/tutorial_taskflow_templates.py
[2025-01-13T23:26:46.927+0000] {logging_mixin.py:190} INFO - [2025-01-13T23:26:46.927+0000] {dag.py:3239} INFO - Sync 1 DAGs
[2025-01-13T23:26:46.945+0000] {logging_mixin.py:190} INFO - [2025-01-13T23:26:46.945+0000] {dag.py:4180} INFO - Setting next_dagrun for tutorial_taskflow_templates to 2025-01-12 00:00:00+00:00, run_after=2025-01-13 00:00:00+00:00
[2025-01-13T23:26:46.959+0000] {processor.py:208} INFO - Processing /home/airflow/.local/lib/python3.12/site-packages/airflow/example_dags/tutorial_taskflow_templates.py took 0.063 seconds
[2025-01-13T23:27:17.743+0000] {processor.py:186} INFO - Started process (PID=287) to work on /home/airflow/.local/lib/python3.12/site-packages/airflow/example_dags/tutorial_taskflow_templates.py
[2025-01-13T23:27:17.744+0000] {processor.py:914} INFO - Processing file /home/airflow/.local/lib/python3.12/site-packages/airflow/example_dags/tutorial_taskflow_templates.py for tasks to queue
[2025-01-13T23:27:17.746+0000] {logging_mixin.py:190} INFO - [2025-01-13T23:27:17.746+0000] {dagbag.py:588} INFO - Filling up the DagBag from /home/airflow/.local/lib/python3.12/site-packages/airflow/example_dags/tutorial_taskflow_templates.py
[2025-01-13T23:27:17.759+0000] {processor.py:925} INFO - DAG(s) 'tutorial_taskflow_templates' retrieved from /home/airflow/.local/lib/python3.12/site-packages/airflow/example_dags/tutorial_taskflow_templates.py
[2025-01-13T23:27:17.780+0000] {logging_mixin.py:190} INFO - [2025-01-13T23:27:17.779+0000] {dag.py:3239} INFO - Sync 1 DAGs
[2025-01-13T23:27:17.800+0000] {logging_mixin.py:190} INFO - [2025-01-13T23:27:17.799+0000] {dag.py:4180} INFO - Setting next_dagrun for tutorial_taskflow_templates to 2025-01-12 00:00:00+00:00, run_after=2025-01-13 00:00:00+00:00
[2025-01-13T23:27:17.820+0000] {processor.py:208} INFO - Processing /home/airflow/.local/lib/python3.12/site-packages/airflow/example_dags/tutorial_taskflow_templates.py took 0.082 seconds
[2025-01-13T23:27:48.925+0000] {processor.py:186} INFO - Started process (PID=351) to work on /home/airflow/.local/lib/python3.12/site-packages/airflow/example_dags/tutorial_taskflow_templates.py
[2025-01-13T23:27:48.926+0000] {processor.py:914} INFO - Processing file /home/airflow/.local/lib/python3.12/site-packages/airflow/example_dags/tutorial_taskflow_templates.py for tasks to queue
[2025-01-13T23:27:48.928+0000] {logging_mixin.py:190} INFO - [2025-01-13T23:27:48.928+0000] {dagbag.py:588} INFO - Filling up the DagBag from /home/airflow/.local/lib/python3.12/site-packages/airflow/example_dags/tutorial_taskflow_templates.py
[2025-01-13T23:27:48.937+0000] {processor.py:925} INFO - DAG(s) 'tutorial_taskflow_templates' retrieved from /home/airflow/.local/lib/python3.12/site-packages/airflow/example_dags/tutorial_taskflow_templates.py
[2025-01-13T23:27:48.954+0000] {logging_mixin.py:190} INFO - [2025-01-13T23:27:48.954+0000] {dag.py:3239} INFO - Sync 1 DAGs
[2025-01-13T23:27:48.975+0000] {logging_mixin.py:190} INFO - [2025-01-13T23:27:48.974+0000] {dag.py:4180} INFO - Setting next_dagrun for tutorial_taskflow_templates to 2025-01-12 00:00:00+00:00, run_after=2025-01-13 00:00:00+00:00
[2025-01-13T23:27:49.014+0000] {processor.py:208} INFO - Processing /home/airflow/.local/lib/python3.12/site-packages/airflow/example_dags/tutorial_taskflow_templates.py took 0.093 seconds
[2025-01-13T23:28:20.019+0000] {processor.py:186} INFO - Started process (PID=414) to work on /home/airflow/.local/lib/python3.12/site-packages/airflow/example_dags/tutorial_taskflow_templates.py
[2025-01-13T23:28:20.020+0000] {processor.py:914} INFO - Processing file /home/airflow/.local/lib/python3.12/site-packages/airflow/example_dags/tutorial_taskflow_templates.py for tasks to queue
[2025-01-13T23:28:20.023+0000] {logging_mixin.py:190} INFO - [2025-01-13T23:28:20.022+0000] {dagbag.py:588} INFO - Filling up the DagBag from /home/airflow/.local/lib/python3.12/site-packages/airflow/example_dags/tutorial_taskflow_templates.py
[2025-01-13T23:28:20.032+0000] {processor.py:925} INFO - DAG(s) 'tutorial_taskflow_templates' retrieved from /home/airflow/.local/lib/python3.12/site-packages/airflow/example_dags/tutorial_taskflow_templates.py
[2025-01-13T23:28:20.053+0000] {logging_mixin.py:190} INFO - [2025-01-13T23:28:20.053+0000] {dag.py:3239} INFO - Sync 1 DAGs
[2025-01-13T23:28:20.076+0000] {logging_mixin.py:190} INFO - [2025-01-13T23:28:20.075+0000] {dag.py:4180} INFO - Setting next_dagrun for tutorial_taskflow_templates to 2025-01-12 00:00:00+00:00, run_after=2025-01-13 00:00:00+00:00
[2025-01-13T23:28:20.097+0000] {processor.py:208} INFO - Processing /home/airflow/.local/lib/python3.12/site-packages/airflow/example_dags/tutorial_taskflow_templates.py took 0.083 seconds
[2025-01-13T23:28:50.899+0000] {processor.py:186} INFO - Started process (PID=477) to work on /home/airflow/.local/lib/python3.12/site-packages/airflow/example_dags/tutorial_taskflow_templates.py
[2025-01-13T23:28:50.900+0000] {processor.py:914} INFO - Processing file /home/airflow/.local/lib/python3.12/site-packages/airflow/example_dags/tutorial_taskflow_templates.py for tasks to queue
[2025-01-13T23:28:50.901+0000] {logging_mixin.py:190} INFO - [2025-01-13T23:28:50.901+0000] {dagbag.py:588} INFO - Filling up the DagBag from /home/airflow/.local/lib/python3.12/site-packages/airflow/example_dags/tutorial_taskflow_templates.py
[2025-01-13T23:28:50.910+0000] {processor.py:925} INFO - DAG(s) 'tutorial_taskflow_templates' retrieved from /home/airflow/.local/lib/python3.12/site-packages/airflow/example_dags/tutorial_taskflow_templates.py
[2025-01-13T23:28:50.926+0000] {logging_mixin.py:190} INFO - [2025-01-13T23:28:50.926+0000] {dag.py:3239} INFO - Sync 1 DAGs
[2025-01-13T23:28:50.945+0000] {logging_mixin.py:190} INFO - [2025-01-13T23:28:50.945+0000] {dag.py:4180} INFO - Setting next_dagrun for tutorial_taskflow_templates to 2025-01-12 00:00:00+00:00, run_after=2025-01-13 00:00:00+00:00
[2025-01-13T23:28:50.964+0000] {processor.py:208} INFO - Processing /home/airflow/.local/lib/python3.12/site-packages/airflow/example_dags/tutorial_taskflow_templates.py took 0.070 seconds
[2025-01-13T23:29:21.412+0000] {processor.py:186} INFO - Started process (PID=540) to work on /home/airflow/.local/lib/python3.12/site-packages/airflow/example_dags/tutorial_taskflow_templates.py
[2025-01-13T23:29:21.413+0000] {processor.py:914} INFO - Processing file /home/airflow/.local/lib/python3.12/site-packages/airflow/example_dags/tutorial_taskflow_templates.py for tasks to queue
[2025-01-13T23:29:21.415+0000] {logging_mixin.py:190} INFO - [2025-01-13T23:29:21.414+0000] {dagbag.py:588} INFO - Filling up the DagBag from /home/airflow/.local/lib/python3.12/site-packages/airflow/example_dags/tutorial_taskflow_templates.py
[2025-01-13T23:29:21.424+0000] {processor.py:925} INFO - DAG(s) 'tutorial_taskflow_templates' retrieved from /home/airflow/.local/lib/python3.12/site-packages/airflow/example_dags/tutorial_taskflow_templates.py
[2025-01-13T23:29:21.438+0000] {logging_mixin.py:190} INFO - [2025-01-13T23:29:21.438+0000] {dag.py:3239} INFO - Sync 1 DAGs
[2025-01-13T23:29:21.453+0000] {logging_mixin.py:190} INFO - [2025-01-13T23:29:21.453+0000] {dag.py:4180} INFO - Setting next_dagrun for tutorial_taskflow_templates to 2025-01-12 00:00:00+00:00, run_after=2025-01-13 00:00:00+00:00
[2025-01-13T23:29:21.467+0000] {processor.py:208} INFO - Processing /home/airflow/.local/lib/python3.12/site-packages/airflow/example_dags/tutorial_taskflow_templates.py took 0.059 seconds
[2025-01-13T23:29:51.798+0000] {processor.py:186} INFO - Started process (PID=604) to work on /home/airflow/.local/lib/python3.12/site-packages/airflow/example_dags/tutorial_taskflow_templates.py
[2025-01-13T23:29:51.799+0000] {processor.py:914} INFO - Processing file /home/airflow/.local/lib/python3.12/site-packages/airflow/example_dags/tutorial_taskflow_templates.py for tasks to queue
[2025-01-13T23:29:51.801+0000] {logging_mixin.py:190} INFO - [2025-01-13T23:29:51.800+0000] {dagbag.py:588} INFO - Filling up the DagBag from /home/airflow/.local/lib/python3.12/site-packages/airflow/example_dags/tutorial_taskflow_templates.py
[2025-01-13T23:29:51.809+0000] {processor.py:925} INFO - DAG(s) 'tutorial_taskflow_templates' retrieved from /home/airflow/.local/lib/python3.12/site-packages/airflow/example_dags/tutorial_taskflow_templates.py
[2025-01-13T23:29:51.824+0000] {logging_mixin.py:190} INFO - [2025-01-13T23:29:51.824+0000] {dag.py:3239} INFO - Sync 1 DAGs
[2025-01-13T23:29:51.843+0000] {logging_mixin.py:190} INFO - [2025-01-13T23:29:51.842+0000] {dag.py:4180} INFO - Setting next_dagrun for tutorial_taskflow_templates to 2025-01-12 00:00:00+00:00, run_after=2025-01-13 00:00:00+00:00
[2025-01-13T23:29:51.861+0000] {processor.py:208} INFO - Processing /home/airflow/.local/lib/python3.12/site-packages/airflow/example_dags/tutorial_taskflow_templates.py took 0.066 seconds
[2025-01-13T23:30:21.931+0000] {processor.py:186} INFO - Started process (PID=667) to work on /home/airflow/.local/lib/python3.12/site-packages/airflow/example_dags/tutorial_taskflow_templates.py
[2025-01-13T23:30:21.932+0000] {processor.py:914} INFO - Processing file /home/airflow/.local/lib/python3.12/site-packages/airflow/example_dags/tutorial_taskflow_templates.py for tasks to queue
[2025-01-13T23:30:21.934+0000] {logging_mixin.py:190} INFO - [2025-01-13T23:30:21.933+0000] {dagbag.py:588} INFO - Filling up the DagBag from /home/airflow/.local/lib/python3.12/site-packages/airflow/example_dags/tutorial_taskflow_templates.py
[2025-01-13T23:30:21.943+0000] {processor.py:925} INFO - DAG(s) 'tutorial_taskflow_templates' retrieved from /home/airflow/.local/lib/python3.12/site-packages/airflow/example_dags/tutorial_taskflow_templates.py
[2025-01-13T23:30:21.959+0000] {logging_mixin.py:190} INFO - [2025-01-13T23:30:21.959+0000] {dag.py:3239} INFO - Sync 1 DAGs
[2025-01-13T23:30:21.978+0000] {logging_mixin.py:190} INFO - [2025-01-13T23:30:21.978+0000] {dag.py:4180} INFO - Setting next_dagrun for tutorial_taskflow_templates to 2025-01-12 00:00:00+00:00, run_after=2025-01-13 00:00:00+00:00
[2025-01-13T23:30:21.994+0000] {processor.py:208} INFO - Processing /home/airflow/.local/lib/python3.12/site-packages/airflow/example_dags/tutorial_taskflow_templates.py took 0.067 seconds
[2025-01-13T23:30:52.845+0000] {processor.py:186} INFO - Started process (PID=731) to work on /home/airflow/.local/lib/python3.12/site-packages/airflow/example_dags/tutorial_taskflow_templates.py
[2025-01-13T23:30:52.846+0000] {processor.py:914} INFO - Processing file /home/airflow/.local/lib/python3.12/site-packages/airflow/example_dags/tutorial_taskflow_templates.py for tasks to queue
[2025-01-13T23:30:52.848+0000] {logging_mixin.py:190} INFO - [2025-01-13T23:30:52.848+0000] {dagbag.py:588} INFO - Filling up the DagBag from /home/airflow/.local/lib/python3.12/site-packages/airflow/example_dags/tutorial_taskflow_templates.py
[2025-01-13T23:30:52.856+0000] {processor.py:925} INFO - DAG(s) 'tutorial_taskflow_templates' retrieved from /home/airflow/.local/lib/python3.12/site-packages/airflow/example_dags/tutorial_taskflow_templates.py
[2025-01-13T23:30:52.872+0000] {logging_mixin.py:190} INFO - [2025-01-13T23:30:52.872+0000] {dag.py:3239} INFO - Sync 1 DAGs
[2025-01-13T23:30:52.890+0000] {logging_mixin.py:190} INFO - [2025-01-13T23:30:52.890+0000] {dag.py:4180} INFO - Setting next_dagrun for tutorial_taskflow_templates to 2025-01-12 00:00:00+00:00, run_after=2025-01-13 00:00:00+00:00
[2025-01-13T23:30:52.905+0000] {processor.py:208} INFO - Processing /home/airflow/.local/lib/python3.12/site-packages/airflow/example_dags/tutorial_taskflow_templates.py took 0.064 seconds
[2025-01-13T23:31:23.180+0000] {processor.py:186} INFO - Started process (PID=795) to work on /home/airflow/.local/lib/python3.12/site-packages/airflow/example_dags/tutorial_taskflow_templates.py
[2025-01-13T23:31:23.181+0000] {processor.py:914} INFO - Processing file /home/airflow/.local/lib/python3.12/site-packages/airflow/example_dags/tutorial_taskflow_templates.py for tasks to queue
[2025-01-13T23:31:23.184+0000] {logging_mixin.py:190} INFO - [2025-01-13T23:31:23.183+0000] {dagbag.py:588} INFO - Filling up the DagBag from /home/airflow/.local/lib/python3.12/site-packages/airflow/example_dags/tutorial_taskflow_templates.py
[2025-01-13T23:31:23.194+0000] {processor.py:925} INFO - DAG(s) 'tutorial_taskflow_templates' retrieved from /home/airflow/.local/lib/python3.12/site-packages/airflow/example_dags/tutorial_taskflow_templates.py
[2025-01-13T23:31:23.211+0000] {logging_mixin.py:190} INFO - [2025-01-13T23:31:23.211+0000] {dag.py:3239} INFO - Sync 1 DAGs
[2025-01-13T23:31:23.228+0000] {logging_mixin.py:190} INFO - [2025-01-13T23:31:23.228+0000] {dag.py:4180} INFO - Setting next_dagrun for tutorial_taskflow_templates to 2025-01-12 00:00:00+00:00, run_after=2025-01-13 00:00:00+00:00
[2025-01-13T23:31:23.243+0000] {processor.py:208} INFO - Processing /home/airflow/.local/lib/python3.12/site-packages/airflow/example_dags/tutorial_taskflow_templates.py took 0.068 seconds
[2025-01-13T23:31:53.778+0000] {processor.py:186} INFO - Started process (PID=858) to work on /home/airflow/.local/lib/python3.12/site-packages/airflow/example_dags/tutorial_taskflow_templates.py
[2025-01-13T23:31:53.779+0000] {processor.py:914} INFO - Processing file /home/airflow/.local/lib/python3.12/site-packages/airflow/example_dags/tutorial_taskflow_templates.py for tasks to queue
[2025-01-13T23:31:53.782+0000] {logging_mixin.py:190} INFO - [2025-01-13T23:31:53.781+0000] {dagbag.py:588} INFO - Filling up the DagBag from /home/airflow/.local/lib/python3.12/site-packages/airflow/example_dags/tutorial_taskflow_templates.py
[2025-01-13T23:31:53.793+0000] {processor.py:925} INFO - DAG(s) 'tutorial_taskflow_templates' retrieved from /home/airflow/.local/lib/python3.12/site-packages/airflow/example_dags/tutorial_taskflow_templates.py
[2025-01-13T23:31:53.816+0000] {logging_mixin.py:190} INFO - [2025-01-13T23:31:53.815+0000] {dag.py:3239} INFO - Sync 1 DAGs
[2025-01-13T23:31:53.838+0000] {logging_mixin.py:190} INFO - [2025-01-13T23:31:53.838+0000] {dag.py:4180} INFO - Setting next_dagrun for tutorial_taskflow_templates to 2025-01-12 00:00:00+00:00, run_after=2025-01-13 00:00:00+00:00
[2025-01-13T23:31:53.857+0000] {processor.py:208} INFO - Processing /home/airflow/.local/lib/python3.12/site-packages/airflow/example_dags/tutorial_taskflow_templates.py took 0.085 seconds
[2025-01-13T23:32:24.020+0000] {processor.py:186} INFO - Started process (PID=922) to work on /home/airflow/.local/lib/python3.12/site-packages/airflow/example_dags/tutorial_taskflow_templates.py
[2025-01-13T23:32:24.022+0000] {processor.py:914} INFO - Processing file /home/airflow/.local/lib/python3.12/site-packages/airflow/example_dags/tutorial_taskflow_templates.py for tasks to queue
[2025-01-13T23:32:24.024+0000] {logging_mixin.py:190} INFO - [2025-01-13T23:32:24.023+0000] {dagbag.py:588} INFO - Filling up the DagBag from /home/airflow/.local/lib/python3.12/site-packages/airflow/example_dags/tutorial_taskflow_templates.py
[2025-01-13T23:32:24.036+0000] {processor.py:925} INFO - DAG(s) 'tutorial_taskflow_templates' retrieved from /home/airflow/.local/lib/python3.12/site-packages/airflow/example_dags/tutorial_taskflow_templates.py
[2025-01-13T23:32:24.056+0000] {logging_mixin.py:190} INFO - [2025-01-13T23:32:24.055+0000] {dag.py:3239} INFO - Sync 1 DAGs
[2025-01-13T23:32:24.080+0000] {logging_mixin.py:190} INFO - [2025-01-13T23:32:24.079+0000] {dag.py:4180} INFO - Setting next_dagrun for tutorial_taskflow_templates to 2025-01-12 00:00:00+00:00, run_after=2025-01-13 00:00:00+00:00
[2025-01-13T23:32:24.100+0000] {processor.py:208} INFO - Processing /home/airflow/.local/lib/python3.12/site-packages/airflow/example_dags/tutorial_taskflow_templates.py took 0.085 seconds
[2025-01-13T23:32:54.261+0000] {processor.py:186} INFO - Started process (PID=986) to work on /home/airflow/.local/lib/python3.12/site-packages/airflow/example_dags/tutorial_taskflow_templates.py
[2025-01-13T23:32:54.263+0000] {processor.py:914} INFO - Processing file /home/airflow/.local/lib/python3.12/site-packages/airflow/example_dags/tutorial_taskflow_templates.py for tasks to queue
[2025-01-13T23:32:54.264+0000] {logging_mixin.py:190} INFO - [2025-01-13T23:32:54.264+0000] {dagbag.py:588} INFO - Filling up the DagBag from /home/airflow/.local/lib/python3.12/site-packages/airflow/example_dags/tutorial_taskflow_templates.py
[2025-01-13T23:32:54.273+0000] {processor.py:925} INFO - DAG(s) 'tutorial_taskflow_templates' retrieved from /home/airflow/.local/lib/python3.12/site-packages/airflow/example_dags/tutorial_taskflow_templates.py
[2025-01-13T23:32:54.289+0000] {logging_mixin.py:190} INFO - [2025-01-13T23:32:54.289+0000] {dag.py:3239} INFO - Sync 1 DAGs
[2025-01-13T23:32:54.308+0000] {logging_mixin.py:190} INFO - [2025-01-13T23:32:54.307+0000] {dag.py:4180} INFO - Setting next_dagrun for tutorial_taskflow_templates to 2025-01-12 00:00:00+00:00, run_after=2025-01-13 00:00:00+00:00
[2025-01-13T23:32:54.323+0000] {processor.py:208} INFO - Processing /home/airflow/.local/lib/python3.12/site-packages/airflow/example_dags/tutorial_taskflow_templates.py took 0.066 seconds
[2025-01-13T23:33:24.562+0000] {processor.py:186} INFO - Started process (PID=1050) to work on /home/airflow/.local/lib/python3.12/site-packages/airflow/example_dags/tutorial_taskflow_templates.py
[2025-01-13T23:33:24.563+0000] {processor.py:914} INFO - Processing file /home/airflow/.local/lib/python3.12/site-packages/airflow/example_dags/tutorial_taskflow_templates.py for tasks to queue
[2025-01-13T23:33:24.566+0000] {logging_mixin.py:190} INFO - [2025-01-13T23:33:24.565+0000] {dagbag.py:588} INFO - Filling up the DagBag from /home/airflow/.local/lib/python3.12/site-packages/airflow/example_dags/tutorial_taskflow_templates.py
[2025-01-13T23:33:24.575+0000] {processor.py:925} INFO - DAG(s) 'tutorial_taskflow_templates' retrieved from /home/airflow/.local/lib/python3.12/site-packages/airflow/example_dags/tutorial_taskflow_templates.py
[2025-01-13T23:33:24.591+0000] {logging_mixin.py:190} INFO - [2025-01-13T23:33:24.590+0000] {dag.py:3239} INFO - Sync 1 DAGs
[2025-01-13T23:33:24.607+0000] {logging_mixin.py:190} INFO - [2025-01-13T23:33:24.607+0000] {dag.py:4180} INFO - Setting next_dagrun for tutorial_taskflow_templates to 2025-01-12 00:00:00+00:00, run_after=2025-01-13 00:00:00+00:00
[2025-01-13T23:33:24.621+0000] {processor.py:208} INFO - Processing /home/airflow/.local/lib/python3.12/site-packages/airflow/example_dags/tutorial_taskflow_templates.py took 0.063 seconds
[2025-01-13T23:33:54.845+0000] {processor.py:186} INFO - Started process (PID=1114) to work on /home/airflow/.local/lib/python3.12/site-packages/airflow/example_dags/tutorial_taskflow_templates.py
[2025-01-13T23:33:54.846+0000] {processor.py:914} INFO - Processing file /home/airflow/.local/lib/python3.12/site-packages/airflow/example_dags/tutorial_taskflow_templates.py for tasks to queue
[2025-01-13T23:33:54.849+0000] {logging_mixin.py:190} INFO - [2025-01-13T23:33:54.849+0000] {dagbag.py:588} INFO - Filling up the DagBag from /home/airflow/.local/lib/python3.12/site-packages/airflow/example_dags/tutorial_taskflow_templates.py
[2025-01-13T23:33:54.862+0000] {processor.py:925} INFO - DAG(s) 'tutorial_taskflow_templates' retrieved from /home/airflow/.local/lib/python3.12/site-packages/airflow/example_dags/tutorial_taskflow_templates.py
[2025-01-13T23:33:54.882+0000] {logging_mixin.py:190} INFO - [2025-01-13T23:33:54.882+0000] {dag.py:3239} INFO - Sync 1 DAGs
[2025-01-13T23:33:54.905+0000] {logging_mixin.py:190} INFO - [2025-01-13T23:33:54.905+0000] {dag.py:4180} INFO - Setting next_dagrun for tutorial_taskflow_templates to 2025-01-12 00:00:00+00:00, run_after=2025-01-13 00:00:00+00:00
[2025-01-13T23:33:54.920+0000] {processor.py:208} INFO - Processing /home/airflow/.local/lib/python3.12/site-packages/airflow/example_dags/tutorial_taskflow_templates.py took 0.080 seconds
[2025-01-13T23:34:25.859+0000] {processor.py:186} INFO - Started process (PID=1178) to work on /home/airflow/.local/lib/python3.12/site-packages/airflow/example_dags/tutorial_taskflow_templates.py
[2025-01-13T23:34:25.860+0000] {processor.py:914} INFO - Processing file /home/airflow/.local/lib/python3.12/site-packages/airflow/example_dags/tutorial_taskflow_templates.py for tasks to queue
[2025-01-13T23:34:25.862+0000] {logging_mixin.py:190} INFO - [2025-01-13T23:34:25.862+0000] {dagbag.py:588} INFO - Filling up the DagBag from /home/airflow/.local/lib/python3.12/site-packages/airflow/example_dags/tutorial_taskflow_templates.py
[2025-01-13T23:34:25.874+0000] {processor.py:925} INFO - DAG(s) 'tutorial_taskflow_templates' retrieved from /home/airflow/.local/lib/python3.12/site-packages/airflow/example_dags/tutorial_taskflow_templates.py
[2025-01-13T23:34:25.894+0000] {logging_mixin.py:190} INFO - [2025-01-13T23:34:25.894+0000] {dag.py:3239} INFO - Sync 1 DAGs
[2025-01-13T23:34:25.924+0000] {logging_mixin.py:190} INFO - [2025-01-13T23:34:25.923+0000] {dag.py:4180} INFO - Setting next_dagrun for tutorial_taskflow_templates to 2025-01-12 00:00:00+00:00, run_after=2025-01-13 00:00:00+00:00
[2025-01-13T23:34:25.944+0000] {processor.py:208} INFO - Processing /home/airflow/.local/lib/python3.12/site-packages/airflow/example_dags/tutorial_taskflow_templates.py took 0.093 seconds
[2025-01-13T23:34:56.275+0000] {processor.py:186} INFO - Started process (PID=1242) to work on /home/airflow/.local/lib/python3.12/site-packages/airflow/example_dags/tutorial_taskflow_templates.py
[2025-01-13T23:34:56.277+0000] {processor.py:914} INFO - Processing file /home/airflow/.local/lib/python3.12/site-packages/airflow/example_dags/tutorial_taskflow_templates.py for tasks to queue
[2025-01-13T23:34:56.279+0000] {logging_mixin.py:190} INFO - [2025-01-13T23:34:56.279+0000] {dagbag.py:588} INFO - Filling up the DagBag from /home/airflow/.local/lib/python3.12/site-packages/airflow/example_dags/tutorial_taskflow_templates.py
[2025-01-13T23:34:56.289+0000] {processor.py:925} INFO - DAG(s) 'tutorial_taskflow_templates' retrieved from /home/airflow/.local/lib/python3.12/site-packages/airflow/example_dags/tutorial_taskflow_templates.py
[2025-01-13T23:34:56.306+0000] {logging_mixin.py:190} INFO - [2025-01-13T23:34:56.306+0000] {dag.py:3239} INFO - Sync 1 DAGs
[2025-01-13T23:34:56.335+0000] {logging_mixin.py:190} INFO - [2025-01-13T23:34:56.334+0000] {dag.py:4180} INFO - Setting next_dagrun for tutorial_taskflow_templates to 2025-01-12 00:00:00+00:00, run_after=2025-01-13 00:00:00+00:00
[2025-01-13T23:34:56.357+0000] {processor.py:208} INFO - Processing /home/airflow/.local/lib/python3.12/site-packages/airflow/example_dags/tutorial_taskflow_templates.py took 0.089 seconds
[2025-01-13T23:35:26.609+0000] {processor.py:186} INFO - Started process (PID=1306) to work on /home/airflow/.local/lib/python3.12/site-packages/airflow/example_dags/tutorial_taskflow_templates.py
[2025-01-13T23:35:26.611+0000] {processor.py:914} INFO - Processing file /home/airflow/.local/lib/python3.12/site-packages/airflow/example_dags/tutorial_taskflow_templates.py for tasks to queue
[2025-01-13T23:35:26.614+0000] {logging_mixin.py:190} INFO - [2025-01-13T23:35:26.614+0000] {dagbag.py:588} INFO - Filling up the DagBag from /home/airflow/.local/lib/python3.12/site-packages/airflow/example_dags/tutorial_taskflow_templates.py
[2025-01-13T23:35:26.628+0000] {processor.py:925} INFO - DAG(s) 'tutorial_taskflow_templates' retrieved from /home/airflow/.local/lib/python3.12/site-packages/airflow/example_dags/tutorial_taskflow_templates.py
[2025-01-13T23:35:26.650+0000] {logging_mixin.py:190} INFO - [2025-01-13T23:35:26.649+0000] {dag.py:3239} INFO - Sync 1 DAGs
[2025-01-13T23:35:26.681+0000] {logging_mixin.py:190} INFO - [2025-01-13T23:35:26.681+0000] {dag.py:4180} INFO - Setting next_dagrun for tutorial_taskflow_templates to 2025-01-12 00:00:00+00:00, run_after=2025-01-13 00:00:00+00:00
[2025-01-13T23:35:26.703+0000] {processor.py:208} INFO - Processing /home/airflow/.local/lib/python3.12/site-packages/airflow/example_dags/tutorial_taskflow_templates.py took 0.100 seconds
[2025-01-13T23:35:57.261+0000] {processor.py:186} INFO - Started process (PID=1370) to work on /home/airflow/.local/lib/python3.12/site-packages/airflow/example_dags/tutorial_taskflow_templates.py
[2025-01-13T23:35:57.263+0000] {processor.py:914} INFO - Processing file /home/airflow/.local/lib/python3.12/site-packages/airflow/example_dags/tutorial_taskflow_templates.py for tasks to queue
[2025-01-13T23:35:57.266+0000] {logging_mixin.py:190} INFO - [2025-01-13T23:35:57.265+0000] {dagbag.py:588} INFO - Filling up the DagBag from /home/airflow/.local/lib/python3.12/site-packages/airflow/example_dags/tutorial_taskflow_templates.py
[2025-01-13T23:35:57.280+0000] {processor.py:925} INFO - DAG(s) 'tutorial_taskflow_templates' retrieved from /home/airflow/.local/lib/python3.12/site-packages/airflow/example_dags/tutorial_taskflow_templates.py
[2025-01-13T23:35:57.304+0000] {logging_mixin.py:190} INFO - [2025-01-13T23:35:57.304+0000] {dag.py:3239} INFO - Sync 1 DAGs
[2025-01-13T23:35:57.328+0000] {logging_mixin.py:190} INFO - [2025-01-13T23:35:57.327+0000] {dag.py:4180} INFO - Setting next_dagrun for tutorial_taskflow_templates to 2025-01-12 00:00:00+00:00, run_after=2025-01-13 00:00:00+00:00
[2025-01-13T23:35:57.349+0000] {processor.py:208} INFO - Processing /home/airflow/.local/lib/python3.12/site-packages/airflow/example_dags/tutorial_taskflow_templates.py took 0.094 seconds
[2025-01-13T23:36:27.575+0000] {processor.py:186} INFO - Started process (PID=1434) to work on /home/airflow/.local/lib/python3.12/site-packages/airflow/example_dags/tutorial_taskflow_templates.py
[2025-01-13T23:36:27.577+0000] {processor.py:914} INFO - Processing file /home/airflow/.local/lib/python3.12/site-packages/airflow/example_dags/tutorial_taskflow_templates.py for tasks to queue
[2025-01-13T23:36:27.580+0000] {logging_mixin.py:190} INFO - [2025-01-13T23:36:27.580+0000] {dagbag.py:588} INFO - Filling up the DagBag from /home/airflow/.local/lib/python3.12/site-packages/airflow/example_dags/tutorial_taskflow_templates.py
[2025-01-13T23:36:27.593+0000] {processor.py:925} INFO - DAG(s) 'tutorial_taskflow_templates' retrieved from /home/airflow/.local/lib/python3.12/site-packages/airflow/example_dags/tutorial_taskflow_templates.py
[2025-01-13T23:36:27.618+0000] {logging_mixin.py:190} INFO - [2025-01-13T23:36:27.617+0000] {dag.py:3239} INFO - Sync 1 DAGs
[2025-01-13T23:36:27.645+0000] {logging_mixin.py:190} INFO - [2025-01-13T23:36:27.645+0000] {dag.py:4180} INFO - Setting next_dagrun for tutorial_taskflow_templates to 2025-01-12 00:00:00+00:00, run_after=2025-01-13 00:00:00+00:00
[2025-01-13T23:36:27.662+0000] {processor.py:208} INFO - Processing /home/airflow/.local/lib/python3.12/site-packages/airflow/example_dags/tutorial_taskflow_templates.py took 0.092 seconds
[2025-01-13T23:36:57.944+0000] {processor.py:186} INFO - Started process (PID=1498) to work on /home/airflow/.local/lib/python3.12/site-packages/airflow/example_dags/tutorial_taskflow_templates.py
[2025-01-13T23:36:57.945+0000] {processor.py:914} INFO - Processing file /home/airflow/.local/lib/python3.12/site-packages/airflow/example_dags/tutorial_taskflow_templates.py for tasks to queue
[2025-01-13T23:36:57.949+0000] {logging_mixin.py:190} INFO - [2025-01-13T23:36:57.949+0000] {dagbag.py:588} INFO - Filling up the DagBag from /home/airflow/.local/lib/python3.12/site-packages/airflow/example_dags/tutorial_taskflow_templates.py
[2025-01-13T23:36:57.964+0000] {processor.py:925} INFO - DAG(s) 'tutorial_taskflow_templates' retrieved from /home/airflow/.local/lib/python3.12/site-packages/airflow/example_dags/tutorial_taskflow_templates.py
[2025-01-13T23:36:57.992+0000] {logging_mixin.py:190} INFO - [2025-01-13T23:36:57.991+0000] {dag.py:3239} INFO - Sync 1 DAGs
[2025-01-13T23:36:58.037+0000] {logging_mixin.py:190} INFO - [2025-01-13T23:36:58.036+0000] {dag.py:4180} INFO - Setting next_dagrun for tutorial_taskflow_templates to 2025-01-12 00:00:00+00:00, run_after=2025-01-13 00:00:00+00:00
[2025-01-13T23:36:58.073+0000] {processor.py:208} INFO - Processing /home/airflow/.local/lib/python3.12/site-packages/airflow/example_dags/tutorial_taskflow_templates.py took 0.134 seconds
[2025-01-13T23:37:28.483+0000] {processor.py:186} INFO - Started process (PID=1562) to work on /home/airflow/.local/lib/python3.12/site-packages/airflow/example_dags/tutorial_taskflow_templates.py
[2025-01-13T23:37:28.484+0000] {processor.py:914} INFO - Processing file /home/airflow/.local/lib/python3.12/site-packages/airflow/example_dags/tutorial_taskflow_templates.py for tasks to queue
[2025-01-13T23:37:28.488+0000] {logging_mixin.py:190} INFO - [2025-01-13T23:37:28.487+0000] {dagbag.py:588} INFO - Filling up the DagBag from /home/airflow/.local/lib/python3.12/site-packages/airflow/example_dags/tutorial_taskflow_templates.py
[2025-01-13T23:37:28.507+0000] {processor.py:925} INFO - DAG(s) 'tutorial_taskflow_templates' retrieved from /home/airflow/.local/lib/python3.12/site-packages/airflow/example_dags/tutorial_taskflow_templates.py
[2025-01-13T23:37:28.534+0000] {logging_mixin.py:190} INFO - [2025-01-13T23:37:28.534+0000] {dag.py:3239} INFO - Sync 1 DAGs
[2025-01-13T23:37:28.570+0000] {logging_mixin.py:190} INFO - [2025-01-13T23:37:28.569+0000] {dag.py:4180} INFO - Setting next_dagrun for tutorial_taskflow_templates to 2025-01-12 00:00:00+00:00, run_after=2025-01-13 00:00:00+00:00
[2025-01-13T23:37:28.597+0000] {processor.py:208} INFO - Processing /home/airflow/.local/lib/python3.12/site-packages/airflow/example_dags/tutorial_taskflow_templates.py took 0.121 seconds
[2025-01-13T23:37:59.375+0000] {processor.py:186} INFO - Started process (PID=1626) to work on /home/airflow/.local/lib/python3.12/site-packages/airflow/example_dags/tutorial_taskflow_templates.py
[2025-01-13T23:37:59.376+0000] {processor.py:914} INFO - Processing file /home/airflow/.local/lib/python3.12/site-packages/airflow/example_dags/tutorial_taskflow_templates.py for tasks to queue
[2025-01-13T23:37:59.379+0000] {logging_mixin.py:190} INFO - [2025-01-13T23:37:59.379+0000] {dagbag.py:588} INFO - Filling up the DagBag from /home/airflow/.local/lib/python3.12/site-packages/airflow/example_dags/tutorial_taskflow_templates.py
[2025-01-13T23:37:59.392+0000] {processor.py:925} INFO - DAG(s) 'tutorial_taskflow_templates' retrieved from /home/airflow/.local/lib/python3.12/site-packages/airflow/example_dags/tutorial_taskflow_templates.py
[2025-01-13T23:37:59.417+0000] {logging_mixin.py:190} INFO - [2025-01-13T23:37:59.416+0000] {dag.py:3239} INFO - Sync 1 DAGs
[2025-01-13T23:37:59.442+0000] {logging_mixin.py:190} INFO - [2025-01-13T23:37:59.442+0000] {dag.py:4180} INFO - Setting next_dagrun for tutorial_taskflow_templates to 2025-01-12 00:00:00+00:00, run_after=2025-01-13 00:00:00+00:00
[2025-01-13T23:37:59.465+0000] {processor.py:208} INFO - Processing /home/airflow/.local/lib/python3.12/site-packages/airflow/example_dags/tutorial_taskflow_templates.py took 0.097 seconds
[2025-01-13T23:38:29.558+0000] {processor.py:186} INFO - Started process (PID=1690) to work on /home/airflow/.local/lib/python3.12/site-packages/airflow/example_dags/tutorial_taskflow_templates.py
[2025-01-13T23:38:29.559+0000] {processor.py:914} INFO - Processing file /home/airflow/.local/lib/python3.12/site-packages/airflow/example_dags/tutorial_taskflow_templates.py for tasks to queue
[2025-01-13T23:38:29.561+0000] {logging_mixin.py:190} INFO - [2025-01-13T23:38:29.561+0000] {dagbag.py:588} INFO - Filling up the DagBag from /home/airflow/.local/lib/python3.12/site-packages/airflow/example_dags/tutorial_taskflow_templates.py
[2025-01-13T23:38:29.572+0000] {processor.py:925} INFO - DAG(s) 'tutorial_taskflow_templates' retrieved from /home/airflow/.local/lib/python3.12/site-packages/airflow/example_dags/tutorial_taskflow_templates.py
[2025-01-13T23:38:29.591+0000] {logging_mixin.py:190} INFO - [2025-01-13T23:38:29.591+0000] {dag.py:3239} INFO - Sync 1 DAGs
[2025-01-13T23:38:29.610+0000] {logging_mixin.py:190} INFO - [2025-01-13T23:38:29.610+0000] {dag.py:4180} INFO - Setting next_dagrun for tutorial_taskflow_templates to 2025-01-12 00:00:00+00:00, run_after=2025-01-13 00:00:00+00:00
[2025-01-13T23:38:29.629+0000] {processor.py:208} INFO - Processing /home/airflow/.local/lib/python3.12/site-packages/airflow/example_dags/tutorial_taskflow_templates.py took 0.076 seconds
[2025-01-13T23:38:59.968+0000] {processor.py:186} INFO - Started process (PID=1754) to work on /home/airflow/.local/lib/python3.12/site-packages/airflow/example_dags/tutorial_taskflow_templates.py
[2025-01-13T23:38:59.969+0000] {processor.py:914} INFO - Processing file /home/airflow/.local/lib/python3.12/site-packages/airflow/example_dags/tutorial_taskflow_templates.py for tasks to queue
[2025-01-13T23:38:59.972+0000] {logging_mixin.py:190} INFO - [2025-01-13T23:38:59.971+0000] {dagbag.py:588} INFO - Filling up the DagBag from /home/airflow/.local/lib/python3.12/site-packages/airflow/example_dags/tutorial_taskflow_templates.py
[2025-01-13T23:38:59.981+0000] {processor.py:925} INFO - DAG(s) 'tutorial_taskflow_templates' retrieved from /home/airflow/.local/lib/python3.12/site-packages/airflow/example_dags/tutorial_taskflow_templates.py
[2025-01-13T23:38:59.999+0000] {logging_mixin.py:190} INFO - [2025-01-13T23:38:59.998+0000] {dag.py:3239} INFO - Sync 1 DAGs
[2025-01-13T23:39:00.017+0000] {logging_mixin.py:190} INFO - [2025-01-13T23:39:00.017+0000] {dag.py:4180} INFO - Setting next_dagrun for tutorial_taskflow_templates to 2025-01-12 00:00:00+00:00, run_after=2025-01-13 00:00:00+00:00
[2025-01-13T23:39:00.037+0000] {processor.py:208} INFO - Processing /home/airflow/.local/lib/python3.12/site-packages/airflow/example_dags/tutorial_taskflow_templates.py took 0.073 seconds
[2025-01-13T23:39:30.381+0000] {processor.py:186} INFO - Started process (PID=1818) to work on /home/airflow/.local/lib/python3.12/site-packages/airflow/example_dags/tutorial_taskflow_templates.py
[2025-01-13T23:39:30.383+0000] {processor.py:914} INFO - Processing file /home/airflow/.local/lib/python3.12/site-packages/airflow/example_dags/tutorial_taskflow_templates.py for tasks to queue
[2025-01-13T23:39:30.385+0000] {logging_mixin.py:190} INFO - [2025-01-13T23:39:30.385+0000] {dagbag.py:588} INFO - Filling up the DagBag from /home/airflow/.local/lib/python3.12/site-packages/airflow/example_dags/tutorial_taskflow_templates.py
[2025-01-13T23:39:30.396+0000] {processor.py:925} INFO - DAG(s) 'tutorial_taskflow_templates' retrieved from /home/airflow/.local/lib/python3.12/site-packages/airflow/example_dags/tutorial_taskflow_templates.py
[2025-01-13T23:39:30.415+0000] {logging_mixin.py:190} INFO - [2025-01-13T23:39:30.414+0000] {dag.py:3239} INFO - Sync 1 DAGs
[2025-01-13T23:39:30.432+0000] {logging_mixin.py:190} INFO - [2025-01-13T23:39:30.432+0000] {dag.py:4180} INFO - Setting next_dagrun for tutorial_taskflow_templates to 2025-01-12 00:00:00+00:00, run_after=2025-01-13 00:00:00+00:00
[2025-01-13T23:39:30.446+0000] {processor.py:208} INFO - Processing /home/airflow/.local/lib/python3.12/site-packages/airflow/example_dags/tutorial_taskflow_templates.py took 0.069 seconds
[2025-01-13T23:40:01.543+0000] {processor.py:186} INFO - Started process (PID=1882) to work on /home/airflow/.local/lib/python3.12/site-packages/airflow/example_dags/tutorial_taskflow_templates.py
[2025-01-13T23:40:01.544+0000] {processor.py:914} INFO - Processing file /home/airflow/.local/lib/python3.12/site-packages/airflow/example_dags/tutorial_taskflow_templates.py for tasks to queue
[2025-01-13T23:40:01.547+0000] {logging_mixin.py:190} INFO - [2025-01-13T23:40:01.547+0000] {dagbag.py:588} INFO - Filling up the DagBag from /home/airflow/.local/lib/python3.12/site-packages/airflow/example_dags/tutorial_taskflow_templates.py
[2025-01-13T23:40:01.564+0000] {processor.py:925} INFO - DAG(s) 'tutorial_taskflow_templates' retrieved from /home/airflow/.local/lib/python3.12/site-packages/airflow/example_dags/tutorial_taskflow_templates.py
[2025-01-13T23:40:01.585+0000] {logging_mixin.py:190} INFO - [2025-01-13T23:40:01.585+0000] {dag.py:3239} INFO - Sync 1 DAGs
[2025-01-13T23:40:01.609+0000] {logging_mixin.py:190} INFO - [2025-01-13T23:40:01.609+0000] {dag.py:4180} INFO - Setting next_dagrun for tutorial_taskflow_templates to 2025-01-12 00:00:00+00:00, run_after=2025-01-13 00:00:00+00:00
[2025-01-13T23:40:01.625+0000] {processor.py:208} INFO - Processing /home/airflow/.local/lib/python3.12/site-packages/airflow/example_dags/tutorial_taskflow_templates.py took 0.088 seconds
[2025-01-13T23:40:32.056+0000] {processor.py:186} INFO - Started process (PID=1946) to work on /home/airflow/.local/lib/python3.12/site-packages/airflow/example_dags/tutorial_taskflow_templates.py
[2025-01-13T23:40:32.058+0000] {processor.py:914} INFO - Processing file /home/airflow/.local/lib/python3.12/site-packages/airflow/example_dags/tutorial_taskflow_templates.py for tasks to queue
[2025-01-13T23:40:32.061+0000] {logging_mixin.py:190} INFO - [2025-01-13T23:40:32.060+0000] {dagbag.py:588} INFO - Filling up the DagBag from /home/airflow/.local/lib/python3.12/site-packages/airflow/example_dags/tutorial_taskflow_templates.py
[2025-01-13T23:40:32.071+0000] {processor.py:925} INFO - DAG(s) 'tutorial_taskflow_templates' retrieved from /home/airflow/.local/lib/python3.12/site-packages/airflow/example_dags/tutorial_taskflow_templates.py
[2025-01-13T23:40:32.096+0000] {logging_mixin.py:190} INFO - [2025-01-13T23:40:32.096+0000] {dag.py:3239} INFO - Sync 1 DAGs
[2025-01-13T23:40:32.115+0000] {logging_mixin.py:190} INFO - [2025-01-13T23:40:32.114+0000] {dag.py:4180} INFO - Setting next_dagrun for tutorial_taskflow_templates to 2025-01-12 00:00:00+00:00, run_after=2025-01-13 00:00:00+00:00
[2025-01-13T23:40:32.139+0000] {processor.py:208} INFO - Processing /home/airflow/.local/lib/python3.12/site-packages/airflow/example_dags/tutorial_taskflow_templates.py took 0.087 seconds
[2025-01-13T23:41:03.005+0000] {processor.py:186} INFO - Started process (PID=2010) to work on /home/airflow/.local/lib/python3.12/site-packages/airflow/example_dags/tutorial_taskflow_templates.py
[2025-01-13T23:41:03.007+0000] {processor.py:914} INFO - Processing file /home/airflow/.local/lib/python3.12/site-packages/airflow/example_dags/tutorial_taskflow_templates.py for tasks to queue
[2025-01-13T23:41:03.010+0000] {logging_mixin.py:190} INFO - [2025-01-13T23:41:03.010+0000] {dagbag.py:588} INFO - Filling up the DagBag from /home/airflow/.local/lib/python3.12/site-packages/airflow/example_dags/tutorial_taskflow_templates.py
[2025-01-13T23:41:03.020+0000] {processor.py:925} INFO - DAG(s) 'tutorial_taskflow_templates' retrieved from /home/airflow/.local/lib/python3.12/site-packages/airflow/example_dags/tutorial_taskflow_templates.py
[2025-01-13T23:41:03.046+0000] {logging_mixin.py:190} INFO - [2025-01-13T23:41:03.046+0000] {dag.py:3239} INFO - Sync 1 DAGs
[2025-01-13T23:41:03.068+0000] {logging_mixin.py:190} INFO - [2025-01-13T23:41:03.067+0000] {dag.py:4180} INFO - Setting next_dagrun for tutorial_taskflow_templates to 2025-01-12 00:00:00+00:00, run_after=2025-01-13 00:00:00+00:00
[2025-01-13T23:41:03.085+0000] {processor.py:208} INFO - Processing /home/airflow/.local/lib/python3.12/site-packages/airflow/example_dags/tutorial_taskflow_templates.py took 0.087 seconds
[2025-01-13T23:41:33.585+0000] {processor.py:186} INFO - Started process (PID=2075) to work on /home/airflow/.local/lib/python3.12/site-packages/airflow/example_dags/tutorial_taskflow_templates.py
[2025-01-13T23:41:33.587+0000] {processor.py:914} INFO - Processing file /home/airflow/.local/lib/python3.12/site-packages/airflow/example_dags/tutorial_taskflow_templates.py for tasks to queue
[2025-01-13T23:41:33.590+0000] {logging_mixin.py:190} INFO - [2025-01-13T23:41:33.589+0000] {dagbag.py:588} INFO - Filling up the DagBag from /home/airflow/.local/lib/python3.12/site-packages/airflow/example_dags/tutorial_taskflow_templates.py
[2025-01-13T23:41:33.605+0000] {processor.py:925} INFO - DAG(s) 'tutorial_taskflow_templates' retrieved from /home/airflow/.local/lib/python3.12/site-packages/airflow/example_dags/tutorial_taskflow_templates.py
[2025-01-13T23:41:33.630+0000] {logging_mixin.py:190} INFO - [2025-01-13T23:41:33.630+0000] {dag.py:3239} INFO - Sync 1 DAGs
[2025-01-13T23:41:33.663+0000] {logging_mixin.py:190} INFO - [2025-01-13T23:41:33.663+0000] {dag.py:4180} INFO - Setting next_dagrun for tutorial_taskflow_templates to 2025-01-12 00:00:00+00:00, run_after=2025-01-13 00:00:00+00:00
[2025-01-13T23:41:33.689+0000] {processor.py:208} INFO - Processing /home/airflow/.local/lib/python3.12/site-packages/airflow/example_dags/tutorial_taskflow_templates.py took 0.109 seconds
[2025-01-13T23:42:03.829+0000] {processor.py:186} INFO - Started process (PID=2139) to work on /home/airflow/.local/lib/python3.12/site-packages/airflow/example_dags/tutorial_taskflow_templates.py
[2025-01-13T23:42:03.830+0000] {processor.py:914} INFO - Processing file /home/airflow/.local/lib/python3.12/site-packages/airflow/example_dags/tutorial_taskflow_templates.py for tasks to queue
[2025-01-13T23:42:03.833+0000] {logging_mixin.py:190} INFO - [2025-01-13T23:42:03.832+0000] {dagbag.py:588} INFO - Filling up the DagBag from /home/airflow/.local/lib/python3.12/site-packages/airflow/example_dags/tutorial_taskflow_templates.py
[2025-01-13T23:42:03.849+0000] {processor.py:925} INFO - DAG(s) 'tutorial_taskflow_templates' retrieved from /home/airflow/.local/lib/python3.12/site-packages/airflow/example_dags/tutorial_taskflow_templates.py
[2025-01-13T23:42:03.876+0000] {logging_mixin.py:190} INFO - [2025-01-13T23:42:03.876+0000] {dag.py:3239} INFO - Sync 1 DAGs
[2025-01-13T23:42:03.900+0000] {logging_mixin.py:190} INFO - [2025-01-13T23:42:03.900+0000] {dag.py:4180} INFO - Setting next_dagrun for tutorial_taskflow_templates to 2025-01-12 00:00:00+00:00, run_after=2025-01-13 00:00:00+00:00
[2025-01-13T23:42:03.932+0000] {processor.py:208} INFO - Processing /home/airflow/.local/lib/python3.12/site-packages/airflow/example_dags/tutorial_taskflow_templates.py took 0.109 seconds
[2025-01-13T23:42:34.498+0000] {processor.py:186} INFO - Started process (PID=2202) to work on /home/airflow/.local/lib/python3.12/site-packages/airflow/example_dags/tutorial_taskflow_templates.py
[2025-01-13T23:42:34.499+0000] {processor.py:914} INFO - Processing file /home/airflow/.local/lib/python3.12/site-packages/airflow/example_dags/tutorial_taskflow_templates.py for tasks to queue
[2025-01-13T23:42:34.502+0000] {logging_mixin.py:190} INFO - [2025-01-13T23:42:34.501+0000] {dagbag.py:588} INFO - Filling up the DagBag from /home/airflow/.local/lib/python3.12/site-packages/airflow/example_dags/tutorial_taskflow_templates.py
[2025-01-13T23:42:34.514+0000] {processor.py:925} INFO - DAG(s) 'tutorial_taskflow_templates' retrieved from /home/airflow/.local/lib/python3.12/site-packages/airflow/example_dags/tutorial_taskflow_templates.py
[2025-01-13T23:42:34.533+0000] {logging_mixin.py:190} INFO - [2025-01-13T23:42:34.533+0000] {dag.py:3239} INFO - Sync 1 DAGs
[2025-01-13T23:42:34.560+0000] {logging_mixin.py:190} INFO - [2025-01-13T23:42:34.559+0000] {dag.py:4180} INFO - Setting next_dagrun for tutorial_taskflow_templates to 2025-01-12 00:00:00+00:00, run_after=2025-01-13 00:00:00+00:00
[2025-01-13T23:42:34.587+0000] {processor.py:208} INFO - Processing /home/airflow/.local/lib/python3.12/site-packages/airflow/example_dags/tutorial_taskflow_templates.py took 0.093 seconds
[2025-01-13T23:43:04.826+0000] {processor.py:186} INFO - Started process (PID=2266) to work on /home/airflow/.local/lib/python3.12/site-packages/airflow/example_dags/tutorial_taskflow_templates.py
[2025-01-13T23:43:04.827+0000] {processor.py:914} INFO - Processing file /home/airflow/.local/lib/python3.12/site-packages/airflow/example_dags/tutorial_taskflow_templates.py for tasks to queue
[2025-01-13T23:43:04.830+0000] {logging_mixin.py:190} INFO - [2025-01-13T23:43:04.830+0000] {dagbag.py:588} INFO - Filling up the DagBag from /home/airflow/.local/lib/python3.12/site-packages/airflow/example_dags/tutorial_taskflow_templates.py
[2025-01-13T23:43:04.839+0000] {processor.py:925} INFO - DAG(s) 'tutorial_taskflow_templates' retrieved from /home/airflow/.local/lib/python3.12/site-packages/airflow/example_dags/tutorial_taskflow_templates.py
[2025-01-13T23:43:04.854+0000] {logging_mixin.py:190} INFO - [2025-01-13T23:43:04.854+0000] {dag.py:3239} INFO - Sync 1 DAGs
[2025-01-13T23:43:04.873+0000] {logging_mixin.py:190} INFO - [2025-01-13T23:43:04.872+0000] {dag.py:4180} INFO - Setting next_dagrun for tutorial_taskflow_templates to 2025-01-12 00:00:00+00:00, run_after=2025-01-13 00:00:00+00:00
[2025-01-13T23:43:04.887+0000] {processor.py:208} INFO - Processing /home/airflow/.local/lib/python3.12/site-packages/airflow/example_dags/tutorial_taskflow_templates.py took 0.066 seconds
[2025-01-13T23:43:35.484+0000] {processor.py:186} INFO - Started process (PID=2329) to work on /home/airflow/.local/lib/python3.12/site-packages/airflow/example_dags/tutorial_taskflow_templates.py
[2025-01-13T23:43:35.485+0000] {processor.py:914} INFO - Processing file /home/airflow/.local/lib/python3.12/site-packages/airflow/example_dags/tutorial_taskflow_templates.py for tasks to queue
[2025-01-13T23:43:35.487+0000] {logging_mixin.py:190} INFO - [2025-01-13T23:43:35.487+0000] {dagbag.py:588} INFO - Filling up the DagBag from /home/airflow/.local/lib/python3.12/site-packages/airflow/example_dags/tutorial_taskflow_templates.py
[2025-01-13T23:43:35.501+0000] {processor.py:925} INFO - DAG(s) 'tutorial_taskflow_templates' retrieved from /home/airflow/.local/lib/python3.12/site-packages/airflow/example_dags/tutorial_taskflow_templates.py
[2025-01-13T23:43:35.526+0000] {logging_mixin.py:190} INFO - [2025-01-13T23:43:35.525+0000] {dag.py:3239} INFO - Sync 1 DAGs
[2025-01-13T23:43:35.553+0000] {logging_mixin.py:190} INFO - [2025-01-13T23:43:35.552+0000] {dag.py:4180} INFO - Setting next_dagrun for tutorial_taskflow_templates to 2025-01-12 00:00:00+00:00, run_after=2025-01-13 00:00:00+00:00
[2025-01-13T23:43:35.573+0000] {processor.py:208} INFO - Processing /home/airflow/.local/lib/python3.12/site-packages/airflow/example_dags/tutorial_taskflow_templates.py took 0.095 seconds
[2025-01-13T23:44:06.403+0000] {processor.py:186} INFO - Started process (PID=2393) to work on /home/airflow/.local/lib/python3.12/site-packages/airflow/example_dags/tutorial_taskflow_templates.py
[2025-01-13T23:44:06.405+0000] {processor.py:914} INFO - Processing file /home/airflow/.local/lib/python3.12/site-packages/airflow/example_dags/tutorial_taskflow_templates.py for tasks to queue
[2025-01-13T23:44:06.407+0000] {logging_mixin.py:190} INFO - [2025-01-13T23:44:06.406+0000] {dagbag.py:588} INFO - Filling up the DagBag from /home/airflow/.local/lib/python3.12/site-packages/airflow/example_dags/tutorial_taskflow_templates.py
[2025-01-13T23:44:06.416+0000] {processor.py:925} INFO - DAG(s) 'tutorial_taskflow_templates' retrieved from /home/airflow/.local/lib/python3.12/site-packages/airflow/example_dags/tutorial_taskflow_templates.py
[2025-01-13T23:44:06.435+0000] {logging_mixin.py:190} INFO - [2025-01-13T23:44:06.435+0000] {dag.py:3239} INFO - Sync 1 DAGs
[2025-01-13T23:44:06.456+0000] {logging_mixin.py:190} INFO - [2025-01-13T23:44:06.456+0000] {dag.py:4180} INFO - Setting next_dagrun for tutorial_taskflow_templates to 2025-01-12 00:00:00+00:00, run_after=2025-01-13 00:00:00+00:00
[2025-01-13T23:44:06.475+0000] {processor.py:208} INFO - Processing /home/airflow/.local/lib/python3.12/site-packages/airflow/example_dags/tutorial_taskflow_templates.py took 0.077 seconds
[2025-01-13T23:44:36.733+0000] {processor.py:186} INFO - Started process (PID=2457) to work on /home/airflow/.local/lib/python3.12/site-packages/airflow/example_dags/tutorial_taskflow_templates.py
[2025-01-13T23:44:36.734+0000] {processor.py:914} INFO - Processing file /home/airflow/.local/lib/python3.12/site-packages/airflow/example_dags/tutorial_taskflow_templates.py for tasks to queue
[2025-01-13T23:44:36.736+0000] {logging_mixin.py:190} INFO - [2025-01-13T23:44:36.736+0000] {dagbag.py:588} INFO - Filling up the DagBag from /home/airflow/.local/lib/python3.12/site-packages/airflow/example_dags/tutorial_taskflow_templates.py
[2025-01-13T23:44:36.745+0000] {processor.py:925} INFO - DAG(s) 'tutorial_taskflow_templates' retrieved from /home/airflow/.local/lib/python3.12/site-packages/airflow/example_dags/tutorial_taskflow_templates.py
[2025-01-13T23:44:36.761+0000] {logging_mixin.py:190} INFO - [2025-01-13T23:44:36.760+0000] {dag.py:3239} INFO - Sync 1 DAGs
[2025-01-13T23:44:36.778+0000] {logging_mixin.py:190} INFO - [2025-01-13T23:44:36.778+0000] {dag.py:4180} INFO - Setting next_dagrun for tutorial_taskflow_templates to 2025-01-12 00:00:00+00:00, run_after=2025-01-13 00:00:00+00:00
[2025-01-13T23:44:36.795+0000] {processor.py:208} INFO - Processing /home/airflow/.local/lib/python3.12/site-packages/airflow/example_dags/tutorial_taskflow_templates.py took 0.067 seconds
[2025-01-13T23:45:06.931+0000] {processor.py:186} INFO - Started process (PID=2520) to work on /home/airflow/.local/lib/python3.12/site-packages/airflow/example_dags/tutorial_taskflow_templates.py
[2025-01-13T23:45:06.932+0000] {processor.py:914} INFO - Processing file /home/airflow/.local/lib/python3.12/site-packages/airflow/example_dags/tutorial_taskflow_templates.py for tasks to queue
[2025-01-13T23:45:06.934+0000] {logging_mixin.py:190} INFO - [2025-01-13T23:45:06.934+0000] {dagbag.py:588} INFO - Filling up the DagBag from /home/airflow/.local/lib/python3.12/site-packages/airflow/example_dags/tutorial_taskflow_templates.py
[2025-01-13T23:45:06.944+0000] {processor.py:925} INFO - DAG(s) 'tutorial_taskflow_templates' retrieved from /home/airflow/.local/lib/python3.12/site-packages/airflow/example_dags/tutorial_taskflow_templates.py
[2025-01-13T23:45:06.961+0000] {logging_mixin.py:190} INFO - [2025-01-13T23:45:06.961+0000] {dag.py:3239} INFO - Sync 1 DAGs
[2025-01-13T23:45:06.978+0000] {logging_mixin.py:190} INFO - [2025-01-13T23:45:06.978+0000] {dag.py:4180} INFO - Setting next_dagrun for tutorial_taskflow_templates to 2025-01-12 00:00:00+00:00, run_after=2025-01-13 00:00:00+00:00
[2025-01-13T23:45:06.993+0000] {processor.py:208} INFO - Processing /home/airflow/.local/lib/python3.12/site-packages/airflow/example_dags/tutorial_taskflow_templates.py took 0.066 seconds
[2025-01-13T23:45:37.231+0000] {processor.py:186} INFO - Started process (PID=2584) to work on /home/airflow/.local/lib/python3.12/site-packages/airflow/example_dags/tutorial_taskflow_templates.py
[2025-01-13T23:45:37.232+0000] {processor.py:914} INFO - Processing file /home/airflow/.local/lib/python3.12/site-packages/airflow/example_dags/tutorial_taskflow_templates.py for tasks to queue
[2025-01-13T23:45:37.235+0000] {logging_mixin.py:190} INFO - [2025-01-13T23:45:37.235+0000] {dagbag.py:588} INFO - Filling up the DagBag from /home/airflow/.local/lib/python3.12/site-packages/airflow/example_dags/tutorial_taskflow_templates.py
[2025-01-13T23:45:37.244+0000] {processor.py:925} INFO - DAG(s) 'tutorial_taskflow_templates' retrieved from /home/airflow/.local/lib/python3.12/site-packages/airflow/example_dags/tutorial_taskflow_templates.py
[2025-01-13T23:45:37.260+0000] {logging_mixin.py:190} INFO - [2025-01-13T23:45:37.260+0000] {dag.py:3239} INFO - Sync 1 DAGs
[2025-01-13T23:45:37.277+0000] {logging_mixin.py:190} INFO - [2025-01-13T23:45:37.276+0000] {dag.py:4180} INFO - Setting next_dagrun for tutorial_taskflow_templates to 2025-01-12 00:00:00+00:00, run_after=2025-01-13 00:00:00+00:00
[2025-01-13T23:45:37.293+0000] {processor.py:208} INFO - Processing /home/airflow/.local/lib/python3.12/site-packages/airflow/example_dags/tutorial_taskflow_templates.py took 0.065 seconds
[2025-01-13T23:46:07.887+0000] {processor.py:186} INFO - Started process (PID=2648) to work on /home/airflow/.local/lib/python3.12/site-packages/airflow/example_dags/tutorial_taskflow_templates.py
[2025-01-13T23:46:07.888+0000] {processor.py:914} INFO - Processing file /home/airflow/.local/lib/python3.12/site-packages/airflow/example_dags/tutorial_taskflow_templates.py for tasks to queue
[2025-01-13T23:46:07.891+0000] {logging_mixin.py:190} INFO - [2025-01-13T23:46:07.890+0000] {dagbag.py:588} INFO - Filling up the DagBag from /home/airflow/.local/lib/python3.12/site-packages/airflow/example_dags/tutorial_taskflow_templates.py
[2025-01-13T23:46:07.901+0000] {processor.py:925} INFO - DAG(s) 'tutorial_taskflow_templates' retrieved from /home/airflow/.local/lib/python3.12/site-packages/airflow/example_dags/tutorial_taskflow_templates.py
[2025-01-13T23:46:07.919+0000] {logging_mixin.py:190} INFO - [2025-01-13T23:46:07.918+0000] {dag.py:3239} INFO - Sync 1 DAGs
[2025-01-13T23:46:07.936+0000] {logging_mixin.py:190} INFO - [2025-01-13T23:46:07.936+0000] {dag.py:4180} INFO - Setting next_dagrun for tutorial_taskflow_templates to 2025-01-12 00:00:00+00:00, run_after=2025-01-13 00:00:00+00:00
[2025-01-13T23:46:07.953+0000] {processor.py:208} INFO - Processing /home/airflow/.local/lib/python3.12/site-packages/airflow/example_dags/tutorial_taskflow_templates.py took 0.071 seconds
[2025-01-13T23:46:38.215+0000] {processor.py:186} INFO - Started process (PID=2711) to work on /home/airflow/.local/lib/python3.12/site-packages/airflow/example_dags/tutorial_taskflow_templates.py
[2025-01-13T23:46:38.216+0000] {processor.py:914} INFO - Processing file /home/airflow/.local/lib/python3.12/site-packages/airflow/example_dags/tutorial_taskflow_templates.py for tasks to queue
[2025-01-13T23:46:38.218+0000] {logging_mixin.py:190} INFO - [2025-01-13T23:46:38.218+0000] {dagbag.py:588} INFO - Filling up the DagBag from /home/airflow/.local/lib/python3.12/site-packages/airflow/example_dags/tutorial_taskflow_templates.py
[2025-01-13T23:46:38.228+0000] {processor.py:925} INFO - DAG(s) 'tutorial_taskflow_templates' retrieved from /home/airflow/.local/lib/python3.12/site-packages/airflow/example_dags/tutorial_taskflow_templates.py
[2025-01-13T23:46:38.243+0000] {logging_mixin.py:190} INFO - [2025-01-13T23:46:38.243+0000] {dag.py:3239} INFO - Sync 1 DAGs
[2025-01-13T23:46:38.259+0000] {logging_mixin.py:190} INFO - [2025-01-13T23:46:38.259+0000] {dag.py:4180} INFO - Setting next_dagrun for tutorial_taskflow_templates to 2025-01-12 00:00:00+00:00, run_after=2025-01-13 00:00:00+00:00
[2025-01-13T23:46:38.273+0000] {processor.py:208} INFO - Processing /home/airflow/.local/lib/python3.12/site-packages/airflow/example_dags/tutorial_taskflow_templates.py took 0.062 seconds
[2025-01-13T23:47:08.404+0000] {processor.py:186} INFO - Started process (PID=2775) to work on /home/airflow/.local/lib/python3.12/site-packages/airflow/example_dags/tutorial_taskflow_templates.py
[2025-01-13T23:47:08.405+0000] {processor.py:914} INFO - Processing file /home/airflow/.local/lib/python3.12/site-packages/airflow/example_dags/tutorial_taskflow_templates.py for tasks to queue
[2025-01-13T23:47:08.407+0000] {logging_mixin.py:190} INFO - [2025-01-13T23:47:08.407+0000] {dagbag.py:588} INFO - Filling up the DagBag from /home/airflow/.local/lib/python3.12/site-packages/airflow/example_dags/tutorial_taskflow_templates.py
[2025-01-13T23:47:08.416+0000] {processor.py:925} INFO - DAG(s) 'tutorial_taskflow_templates' retrieved from /home/airflow/.local/lib/python3.12/site-packages/airflow/example_dags/tutorial_taskflow_templates.py
[2025-01-13T23:47:08.433+0000] {logging_mixin.py:190} INFO - [2025-01-13T23:47:08.433+0000] {dag.py:3239} INFO - Sync 1 DAGs
[2025-01-13T23:47:08.450+0000] {logging_mixin.py:190} INFO - [2025-01-13T23:47:08.450+0000] {dag.py:4180} INFO - Setting next_dagrun for tutorial_taskflow_templates to 2025-01-12 00:00:00+00:00, run_after=2025-01-13 00:00:00+00:00
[2025-01-13T23:47:08.464+0000] {processor.py:208} INFO - Processing /home/airflow/.local/lib/python3.12/site-packages/airflow/example_dags/tutorial_taskflow_templates.py took 0.064 seconds
[2025-01-13T23:47:39.285+0000] {processor.py:186} INFO - Started process (PID=2839) to work on /home/airflow/.local/lib/python3.12/site-packages/airflow/example_dags/tutorial_taskflow_templates.py
[2025-01-13T23:47:39.286+0000] {processor.py:914} INFO - Processing file /home/airflow/.local/lib/python3.12/site-packages/airflow/example_dags/tutorial_taskflow_templates.py for tasks to queue
[2025-01-13T23:47:39.288+0000] {logging_mixin.py:190} INFO - [2025-01-13T23:47:39.288+0000] {dagbag.py:588} INFO - Filling up the DagBag from /home/airflow/.local/lib/python3.12/site-packages/airflow/example_dags/tutorial_taskflow_templates.py
[2025-01-13T23:47:39.297+0000] {processor.py:925} INFO - DAG(s) 'tutorial_taskflow_templates' retrieved from /home/airflow/.local/lib/python3.12/site-packages/airflow/example_dags/tutorial_taskflow_templates.py
[2025-01-13T23:47:39.314+0000] {logging_mixin.py:190} INFO - [2025-01-13T23:47:39.314+0000] {dag.py:3239} INFO - Sync 1 DAGs
[2025-01-13T23:47:39.332+0000] {logging_mixin.py:190} INFO - [2025-01-13T23:47:39.332+0000] {dag.py:4180} INFO - Setting next_dagrun for tutorial_taskflow_templates to 2025-01-12 00:00:00+00:00, run_after=2025-01-13 00:00:00+00:00
[2025-01-13T23:47:39.347+0000] {processor.py:208} INFO - Processing /home/airflow/.local/lib/python3.12/site-packages/airflow/example_dags/tutorial_taskflow_templates.py took 0.066 seconds
[2025-01-13T23:48:10.116+0000] {processor.py:186} INFO - Started process (PID=2903) to work on /home/airflow/.local/lib/python3.12/site-packages/airflow/example_dags/tutorial_taskflow_templates.py
[2025-01-13T23:48:10.117+0000] {processor.py:914} INFO - Processing file /home/airflow/.local/lib/python3.12/site-packages/airflow/example_dags/tutorial_taskflow_templates.py for tasks to queue
[2025-01-13T23:48:10.119+0000] {logging_mixin.py:190} INFO - [2025-01-13T23:48:10.118+0000] {dagbag.py:588} INFO - Filling up the DagBag from /home/airflow/.local/lib/python3.12/site-packages/airflow/example_dags/tutorial_taskflow_templates.py
[2025-01-13T23:48:10.129+0000] {processor.py:925} INFO - DAG(s) 'tutorial_taskflow_templates' retrieved from /home/airflow/.local/lib/python3.12/site-packages/airflow/example_dags/tutorial_taskflow_templates.py
[2025-01-13T23:48:10.144+0000] {logging_mixin.py:190} INFO - [2025-01-13T23:48:10.144+0000] {dag.py:3239} INFO - Sync 1 DAGs
[2025-01-13T23:48:10.160+0000] {logging_mixin.py:190} INFO - [2025-01-13T23:48:10.160+0000] {dag.py:4180} INFO - Setting next_dagrun for tutorial_taskflow_templates to 2025-01-12 00:00:00+00:00, run_after=2025-01-13 00:00:00+00:00
[2025-01-13T23:48:10.175+0000] {processor.py:208} INFO - Processing /home/airflow/.local/lib/python3.12/site-packages/airflow/example_dags/tutorial_taskflow_templates.py took 0.062 seconds
[2025-01-13T23:48:40.934+0000] {processor.py:186} INFO - Started process (PID=2967) to work on /home/airflow/.local/lib/python3.12/site-packages/airflow/example_dags/tutorial_taskflow_templates.py
[2025-01-13T23:48:40.935+0000] {processor.py:914} INFO - Processing file /home/airflow/.local/lib/python3.12/site-packages/airflow/example_dags/tutorial_taskflow_templates.py for tasks to queue
[2025-01-13T23:48:40.939+0000] {logging_mixin.py:190} INFO - [2025-01-13T23:48:40.938+0000] {dagbag.py:588} INFO - Filling up the DagBag from /home/airflow/.local/lib/python3.12/site-packages/airflow/example_dags/tutorial_taskflow_templates.py
[2025-01-13T23:48:40.951+0000] {processor.py:925} INFO - DAG(s) 'tutorial_taskflow_templates' retrieved from /home/airflow/.local/lib/python3.12/site-packages/airflow/example_dags/tutorial_taskflow_templates.py
[2025-01-13T23:48:40.967+0000] {logging_mixin.py:190} INFO - [2025-01-13T23:48:40.966+0000] {dag.py:3239} INFO - Sync 1 DAGs
[2025-01-13T23:48:40.986+0000] {logging_mixin.py:190} INFO - [2025-01-13T23:48:40.985+0000] {dag.py:4180} INFO - Setting next_dagrun for tutorial_taskflow_templates to 2025-01-12 00:00:00+00:00, run_after=2025-01-13 00:00:00+00:00
[2025-01-13T23:48:41.000+0000] {processor.py:208} INFO - Processing /home/airflow/.local/lib/python3.12/site-packages/airflow/example_dags/tutorial_taskflow_templates.py took 0.071 seconds
[2025-01-13T23:49:12.874+0000] {processor.py:186} INFO - Started process (PID=3031) to work on /home/airflow/.local/lib/python3.12/site-packages/airflow/example_dags/tutorial_taskflow_templates.py
[2025-01-13T23:49:12.876+0000] {processor.py:914} INFO - Processing file /home/airflow/.local/lib/python3.12/site-packages/airflow/example_dags/tutorial_taskflow_templates.py for tasks to queue
[2025-01-13T23:49:12.878+0000] {logging_mixin.py:190} INFO - [2025-01-13T23:49:12.878+0000] {dagbag.py:588} INFO - Filling up the DagBag from /home/airflow/.local/lib/python3.12/site-packages/airflow/example_dags/tutorial_taskflow_templates.py
[2025-01-13T23:49:12.891+0000] {processor.py:925} INFO - DAG(s) 'tutorial_taskflow_templates' retrieved from /home/airflow/.local/lib/python3.12/site-packages/airflow/example_dags/tutorial_taskflow_templates.py
[2025-01-13T23:49:12.917+0000] {logging_mixin.py:190} INFO - [2025-01-13T23:49:12.916+0000] {dag.py:3239} INFO - Sync 1 DAGs
[2025-01-13T23:49:12.939+0000] {logging_mixin.py:190} INFO - [2025-01-13T23:49:12.939+0000] {dag.py:4180} INFO - Setting next_dagrun for tutorial_taskflow_templates to 2025-01-12 00:00:00+00:00, run_after=2025-01-13 00:00:00+00:00
[2025-01-13T23:49:12.965+0000] {processor.py:208} INFO - Processing /home/airflow/.local/lib/python3.12/site-packages/airflow/example_dags/tutorial_taskflow_templates.py took 0.097 seconds
[2025-01-13T23:49:43.514+0000] {processor.py:186} INFO - Started process (PID=3095) to work on /home/airflow/.local/lib/python3.12/site-packages/airflow/example_dags/tutorial_taskflow_templates.py
[2025-01-13T23:49:43.516+0000] {processor.py:914} INFO - Processing file /home/airflow/.local/lib/python3.12/site-packages/airflow/example_dags/tutorial_taskflow_templates.py for tasks to queue
[2025-01-13T23:49:43.518+0000] {logging_mixin.py:190} INFO - [2025-01-13T23:49:43.518+0000] {dagbag.py:588} INFO - Filling up the DagBag from /home/airflow/.local/lib/python3.12/site-packages/airflow/example_dags/tutorial_taskflow_templates.py
[2025-01-13T23:49:43.529+0000] {processor.py:925} INFO - DAG(s) 'tutorial_taskflow_templates' retrieved from /home/airflow/.local/lib/python3.12/site-packages/airflow/example_dags/tutorial_taskflow_templates.py
[2025-01-13T23:49:43.547+0000] {logging_mixin.py:190} INFO - [2025-01-13T23:49:43.547+0000] {dag.py:3239} INFO - Sync 1 DAGs
[2025-01-13T23:49:43.703+0000] {logging_mixin.py:190} INFO - [2025-01-13T23:49:43.703+0000] {dag.py:4180} INFO - Setting next_dagrun for tutorial_taskflow_templates to 2025-01-12 00:00:00+00:00, run_after=2025-01-13 00:00:00+00:00
[2025-01-13T23:49:43.718+0000] {processor.py:208} INFO - Processing /home/airflow/.local/lib/python3.12/site-packages/airflow/example_dags/tutorial_taskflow_templates.py took 0.208 seconds
[2025-01-13T23:50:15.025+0000] {processor.py:186} INFO - Started process (PID=3159) to work on /home/airflow/.local/lib/python3.12/site-packages/airflow/example_dags/tutorial_taskflow_templates.py
[2025-01-13T23:50:15.026+0000] {processor.py:914} INFO - Processing file /home/airflow/.local/lib/python3.12/site-packages/airflow/example_dags/tutorial_taskflow_templates.py for tasks to queue
[2025-01-13T23:50:15.031+0000] {logging_mixin.py:190} INFO - [2025-01-13T23:50:15.030+0000] {dagbag.py:588} INFO - Filling up the DagBag from /home/airflow/.local/lib/python3.12/site-packages/airflow/example_dags/tutorial_taskflow_templates.py
[2025-01-13T23:50:15.051+0000] {processor.py:925} INFO - DAG(s) 'tutorial_taskflow_templates' retrieved from /home/airflow/.local/lib/python3.12/site-packages/airflow/example_dags/tutorial_taskflow_templates.py
[2025-01-13T23:50:15.079+0000] {logging_mixin.py:190} INFO - [2025-01-13T23:50:15.079+0000] {dag.py:3239} INFO - Sync 1 DAGs
[2025-01-13T23:50:15.308+0000] {logging_mixin.py:190} INFO - [2025-01-13T23:50:15.308+0000] {dag.py:4180} INFO - Setting next_dagrun for tutorial_taskflow_templates to 2025-01-12 00:00:00+00:00, run_after=2025-01-13 00:00:00+00:00
[2025-01-13T23:50:15.333+0000] {processor.py:208} INFO - Processing /home/airflow/.local/lib/python3.12/site-packages/airflow/example_dags/tutorial_taskflow_templates.py took 0.316 seconds
[2025-01-13T23:50:46.063+0000] {processor.py:186} INFO - Started process (PID=3223) to work on /home/airflow/.local/lib/python3.12/site-packages/airflow/example_dags/tutorial_taskflow_templates.py
[2025-01-13T23:50:46.064+0000] {processor.py:914} INFO - Processing file /home/airflow/.local/lib/python3.12/site-packages/airflow/example_dags/tutorial_taskflow_templates.py for tasks to queue
[2025-01-13T23:50:46.066+0000] {logging_mixin.py:190} INFO - [2025-01-13T23:50:46.066+0000] {dagbag.py:588} INFO - Filling up the DagBag from /home/airflow/.local/lib/python3.12/site-packages/airflow/example_dags/tutorial_taskflow_templates.py
[2025-01-13T23:50:46.078+0000] {processor.py:925} INFO - DAG(s) 'tutorial_taskflow_templates' retrieved from /home/airflow/.local/lib/python3.12/site-packages/airflow/example_dags/tutorial_taskflow_templates.py
[2025-01-13T23:50:46.099+0000] {logging_mixin.py:190} INFO - [2025-01-13T23:50:46.099+0000] {dag.py:3239} INFO - Sync 1 DAGs
[2025-01-13T23:50:46.126+0000] {logging_mixin.py:190} INFO - [2025-01-13T23:50:46.126+0000] {dag.py:4180} INFO - Setting next_dagrun for tutorial_taskflow_templates to 2025-01-12 00:00:00+00:00, run_after=2025-01-13 00:00:00+00:00
[2025-01-13T23:50:46.151+0000] {processor.py:208} INFO - Processing /home/airflow/.local/lib/python3.12/site-packages/airflow/example_dags/tutorial_taskflow_templates.py took 0.094 seconds
[2025-01-13T23:51:16.908+0000] {processor.py:186} INFO - Started process (PID=3287) to work on /home/airflow/.local/lib/python3.12/site-packages/airflow/example_dags/tutorial_taskflow_templates.py
[2025-01-13T23:51:16.910+0000] {processor.py:914} INFO - Processing file /home/airflow/.local/lib/python3.12/site-packages/airflow/example_dags/tutorial_taskflow_templates.py for tasks to queue
[2025-01-13T23:51:16.913+0000] {logging_mixin.py:190} INFO - [2025-01-13T23:51:16.912+0000] {dagbag.py:588} INFO - Filling up the DagBag from /home/airflow/.local/lib/python3.12/site-packages/airflow/example_dags/tutorial_taskflow_templates.py
[2025-01-13T23:51:16.923+0000] {processor.py:925} INFO - DAG(s) 'tutorial_taskflow_templates' retrieved from /home/airflow/.local/lib/python3.12/site-packages/airflow/example_dags/tutorial_taskflow_templates.py
[2025-01-13T23:51:16.942+0000] {logging_mixin.py:190} INFO - [2025-01-13T23:51:16.942+0000] {dag.py:3239} INFO - Sync 1 DAGs
[2025-01-13T23:51:16.962+0000] {logging_mixin.py:190} INFO - [2025-01-13T23:51:16.962+0000] {dag.py:4180} INFO - Setting next_dagrun for tutorial_taskflow_templates to 2025-01-12 00:00:00+00:00, run_after=2025-01-13 00:00:00+00:00
[2025-01-13T23:51:16.997+0000] {processor.py:208} INFO - Processing /home/airflow/.local/lib/python3.12/site-packages/airflow/example_dags/tutorial_taskflow_templates.py took 0.093 seconds
[2025-01-13T23:51:47.287+0000] {processor.py:186} INFO - Started process (PID=3351) to work on /home/airflow/.local/lib/python3.12/site-packages/airflow/example_dags/tutorial_taskflow_templates.py
[2025-01-13T23:51:47.288+0000] {processor.py:914} INFO - Processing file /home/airflow/.local/lib/python3.12/site-packages/airflow/example_dags/tutorial_taskflow_templates.py for tasks to queue
[2025-01-13T23:51:47.290+0000] {logging_mixin.py:190} INFO - [2025-01-13T23:51:47.290+0000] {dagbag.py:588} INFO - Filling up the DagBag from /home/airflow/.local/lib/python3.12/site-packages/airflow/example_dags/tutorial_taskflow_templates.py
[2025-01-13T23:51:47.305+0000] {processor.py:925} INFO - DAG(s) 'tutorial_taskflow_templates' retrieved from /home/airflow/.local/lib/python3.12/site-packages/airflow/example_dags/tutorial_taskflow_templates.py
[2025-01-13T23:51:47.324+0000] {logging_mixin.py:190} INFO - [2025-01-13T23:51:47.324+0000] {dag.py:3239} INFO - Sync 1 DAGs
[2025-01-13T23:51:47.342+0000] {logging_mixin.py:190} INFO - [2025-01-13T23:51:47.342+0000] {dag.py:4180} INFO - Setting next_dagrun for tutorial_taskflow_templates to 2025-01-12 00:00:00+00:00, run_after=2025-01-13 00:00:00+00:00
[2025-01-13T23:51:47.360+0000] {processor.py:208} INFO - Processing /home/airflow/.local/lib/python3.12/site-packages/airflow/example_dags/tutorial_taskflow_templates.py took 0.080 seconds
[2025-01-13T23:52:18.046+0000] {processor.py:186} INFO - Started process (PID=3415) to work on /home/airflow/.local/lib/python3.12/site-packages/airflow/example_dags/tutorial_taskflow_templates.py
[2025-01-13T23:52:18.048+0000] {processor.py:914} INFO - Processing file /home/airflow/.local/lib/python3.12/site-packages/airflow/example_dags/tutorial_taskflow_templates.py for tasks to queue
[2025-01-13T23:52:18.051+0000] {logging_mixin.py:190} INFO - [2025-01-13T23:52:18.050+0000] {dagbag.py:588} INFO - Filling up the DagBag from /home/airflow/.local/lib/python3.12/site-packages/airflow/example_dags/tutorial_taskflow_templates.py
[2025-01-13T23:52:18.066+0000] {processor.py:925} INFO - DAG(s) 'tutorial_taskflow_templates' retrieved from /home/airflow/.local/lib/python3.12/site-packages/airflow/example_dags/tutorial_taskflow_templates.py
[2025-01-13T23:52:18.088+0000] {logging_mixin.py:190} INFO - [2025-01-13T23:52:18.088+0000] {dag.py:3239} INFO - Sync 1 DAGs
[2025-01-13T23:52:18.111+0000] {logging_mixin.py:190} INFO - [2025-01-13T23:52:18.111+0000] {dag.py:4180} INFO - Setting next_dagrun for tutorial_taskflow_templates to 2025-01-12 00:00:00+00:00, run_after=2025-01-13 00:00:00+00:00
[2025-01-13T23:52:18.135+0000] {processor.py:208} INFO - Processing /home/airflow/.local/lib/python3.12/site-packages/airflow/example_dags/tutorial_taskflow_templates.py took 0.096 seconds
[2025-01-13T23:52:48.571+0000] {processor.py:186} INFO - Started process (PID=3478) to work on /home/airflow/.local/lib/python3.12/site-packages/airflow/example_dags/tutorial_taskflow_templates.py
[2025-01-13T23:52:48.572+0000] {processor.py:914} INFO - Processing file /home/airflow/.local/lib/python3.12/site-packages/airflow/example_dags/tutorial_taskflow_templates.py for tasks to queue
[2025-01-13T23:52:48.575+0000] {logging_mixin.py:190} INFO - [2025-01-13T23:52:48.574+0000] {dagbag.py:588} INFO - Filling up the DagBag from /home/airflow/.local/lib/python3.12/site-packages/airflow/example_dags/tutorial_taskflow_templates.py
[2025-01-13T23:52:48.584+0000] {processor.py:925} INFO - DAG(s) 'tutorial_taskflow_templates' retrieved from /home/airflow/.local/lib/python3.12/site-packages/airflow/example_dags/tutorial_taskflow_templates.py
[2025-01-13T23:52:48.602+0000] {logging_mixin.py:190} INFO - [2025-01-13T23:52:48.602+0000] {dag.py:3239} INFO - Sync 1 DAGs
[2025-01-13T23:52:48.621+0000] {logging_mixin.py:190} INFO - [2025-01-13T23:52:48.621+0000] {dag.py:4180} INFO - Setting next_dagrun for tutorial_taskflow_templates to 2025-01-12 00:00:00+00:00, run_after=2025-01-13 00:00:00+00:00
[2025-01-13T23:52:48.644+0000] {processor.py:208} INFO - Processing /home/airflow/.local/lib/python3.12/site-packages/airflow/example_dags/tutorial_taskflow_templates.py took 0.077 seconds
[2025-01-13T23:53:19.069+0000] {processor.py:186} INFO - Started process (PID=3542) to work on /home/airflow/.local/lib/python3.12/site-packages/airflow/example_dags/tutorial_taskflow_templates.py
[2025-01-13T23:53:19.070+0000] {processor.py:914} INFO - Processing file /home/airflow/.local/lib/python3.12/site-packages/airflow/example_dags/tutorial_taskflow_templates.py for tasks to queue
[2025-01-13T23:53:19.072+0000] {logging_mixin.py:190} INFO - [2025-01-13T23:53:19.072+0000] {dagbag.py:588} INFO - Filling up the DagBag from /home/airflow/.local/lib/python3.12/site-packages/airflow/example_dags/tutorial_taskflow_templates.py
[2025-01-13T23:53:19.083+0000] {processor.py:925} INFO - DAG(s) 'tutorial_taskflow_templates' retrieved from /home/airflow/.local/lib/python3.12/site-packages/airflow/example_dags/tutorial_taskflow_templates.py
[2025-01-13T23:53:19.103+0000] {logging_mixin.py:190} INFO - [2025-01-13T23:53:19.103+0000] {dag.py:3239} INFO - Sync 1 DAGs
[2025-01-13T23:53:19.122+0000] {logging_mixin.py:190} INFO - [2025-01-13T23:53:19.121+0000] {dag.py:4180} INFO - Setting next_dagrun for tutorial_taskflow_templates to 2025-01-12 00:00:00+00:00, run_after=2025-01-13 00:00:00+00:00
[2025-01-13T23:53:19.139+0000] {processor.py:208} INFO - Processing /home/airflow/.local/lib/python3.12/site-packages/airflow/example_dags/tutorial_taskflow_templates.py took 0.075 seconds
[2025-01-13T23:53:50.100+0000] {processor.py:186} INFO - Started process (PID=3612) to work on /home/airflow/.local/lib/python3.12/site-packages/airflow/example_dags/tutorial_taskflow_templates.py
[2025-01-13T23:53:50.101+0000] {processor.py:914} INFO - Processing file /home/airflow/.local/lib/python3.12/site-packages/airflow/example_dags/tutorial_taskflow_templates.py for tasks to queue
[2025-01-13T23:53:50.104+0000] {logging_mixin.py:190} INFO - [2025-01-13T23:53:50.104+0000] {dagbag.py:588} INFO - Filling up the DagBag from /home/airflow/.local/lib/python3.12/site-packages/airflow/example_dags/tutorial_taskflow_templates.py
[2025-01-13T23:53:50.117+0000] {processor.py:925} INFO - DAG(s) 'tutorial_taskflow_templates' retrieved from /home/airflow/.local/lib/python3.12/site-packages/airflow/example_dags/tutorial_taskflow_templates.py
[2025-01-13T23:53:50.140+0000] {logging_mixin.py:190} INFO - [2025-01-13T23:53:50.140+0000] {dag.py:3239} INFO - Sync 1 DAGs
[2025-01-13T23:53:50.166+0000] {logging_mixin.py:190} INFO - [2025-01-13T23:53:50.166+0000] {dag.py:4180} INFO - Setting next_dagrun for tutorial_taskflow_templates to 2025-01-12 00:00:00+00:00, run_after=2025-01-13 00:00:00+00:00
[2025-01-13T23:53:50.189+0000] {processor.py:208} INFO - Processing /home/airflow/.local/lib/python3.12/site-packages/airflow/example_dags/tutorial_taskflow_templates.py took 0.094 seconds
[2025-01-13T23:54:20.618+0000] {processor.py:186} INFO - Started process (PID=3676) to work on /home/airflow/.local/lib/python3.12/site-packages/airflow/example_dags/tutorial_taskflow_templates.py
[2025-01-13T23:54:20.619+0000] {processor.py:914} INFO - Processing file /home/airflow/.local/lib/python3.12/site-packages/airflow/example_dags/tutorial_taskflow_templates.py for tasks to queue
[2025-01-13T23:54:20.622+0000] {logging_mixin.py:190} INFO - [2025-01-13T23:54:20.621+0000] {dagbag.py:588} INFO - Filling up the DagBag from /home/airflow/.local/lib/python3.12/site-packages/airflow/example_dags/tutorial_taskflow_templates.py
[2025-01-13T23:54:20.633+0000] {processor.py:925} INFO - DAG(s) 'tutorial_taskflow_templates' retrieved from /home/airflow/.local/lib/python3.12/site-packages/airflow/example_dags/tutorial_taskflow_templates.py
[2025-01-13T23:54:20.654+0000] {logging_mixin.py:190} INFO - [2025-01-13T23:54:20.653+0000] {dag.py:3239} INFO - Sync 1 DAGs
[2025-01-13T23:54:20.686+0000] {logging_mixin.py:190} INFO - [2025-01-13T23:54:20.686+0000] {dag.py:4180} INFO - Setting next_dagrun for tutorial_taskflow_templates to 2025-01-12 00:00:00+00:00, run_after=2025-01-13 00:00:00+00:00
[2025-01-13T23:54:20.708+0000] {processor.py:208} INFO - Processing /home/airflow/.local/lib/python3.12/site-packages/airflow/example_dags/tutorial_taskflow_templates.py took 0.095 seconds
[2025-01-13T23:54:50.823+0000] {processor.py:186} INFO - Started process (PID=3741) to work on /home/airflow/.local/lib/python3.12/site-packages/airflow/example_dags/tutorial_taskflow_templates.py
[2025-01-13T23:54:50.824+0000] {processor.py:914} INFO - Processing file /home/airflow/.local/lib/python3.12/site-packages/airflow/example_dags/tutorial_taskflow_templates.py for tasks to queue
[2025-01-13T23:54:50.827+0000] {logging_mixin.py:190} INFO - [2025-01-13T23:54:50.827+0000] {dagbag.py:588} INFO - Filling up the DagBag from /home/airflow/.local/lib/python3.12/site-packages/airflow/example_dags/tutorial_taskflow_templates.py
[2025-01-13T23:54:50.838+0000] {processor.py:925} INFO - DAG(s) 'tutorial_taskflow_templates' retrieved from /home/airflow/.local/lib/python3.12/site-packages/airflow/example_dags/tutorial_taskflow_templates.py
[2025-01-13T23:54:50.857+0000] {logging_mixin.py:190} INFO - [2025-01-13T23:54:50.856+0000] {dag.py:3239} INFO - Sync 1 DAGs
[2025-01-13T23:54:50.878+0000] {logging_mixin.py:190} INFO - [2025-01-13T23:54:50.878+0000] {dag.py:4180} INFO - Setting next_dagrun for tutorial_taskflow_templates to 2025-01-12 00:00:00+00:00, run_after=2025-01-13 00:00:00+00:00
[2025-01-13T23:54:50.894+0000] {processor.py:208} INFO - Processing /home/airflow/.local/lib/python3.12/site-packages/airflow/example_dags/tutorial_taskflow_templates.py took 0.076 seconds
[2025-01-13T23:55:21.596+0000] {processor.py:186} INFO - Started process (PID=3805) to work on /home/airflow/.local/lib/python3.12/site-packages/airflow/example_dags/tutorial_taskflow_templates.py
[2025-01-13T23:55:21.597+0000] {processor.py:914} INFO - Processing file /home/airflow/.local/lib/python3.12/site-packages/airflow/example_dags/tutorial_taskflow_templates.py for tasks to queue
[2025-01-13T23:55:21.600+0000] {logging_mixin.py:190} INFO - [2025-01-13T23:55:21.600+0000] {dagbag.py:588} INFO - Filling up the DagBag from /home/airflow/.local/lib/python3.12/site-packages/airflow/example_dags/tutorial_taskflow_templates.py
[2025-01-13T23:55:21.618+0000] {processor.py:925} INFO - DAG(s) 'tutorial_taskflow_templates' retrieved from /home/airflow/.local/lib/python3.12/site-packages/airflow/example_dags/tutorial_taskflow_templates.py
[2025-01-13T23:55:21.636+0000] {logging_mixin.py:190} INFO - [2025-01-13T23:55:21.636+0000] {dag.py:3239} INFO - Sync 1 DAGs
[2025-01-13T23:55:21.656+0000] {logging_mixin.py:190} INFO - [2025-01-13T23:55:21.656+0000] {dag.py:4180} INFO - Setting next_dagrun for tutorial_taskflow_templates to 2025-01-12 00:00:00+00:00, run_after=2025-01-13 00:00:00+00:00
[2025-01-13T23:55:21.680+0000] {processor.py:208} INFO - Processing /home/airflow/.local/lib/python3.12/site-packages/airflow/example_dags/tutorial_taskflow_templates.py took 0.088 seconds
[2025-01-13T23:55:52.510+0000] {processor.py:186} INFO - Started process (PID=3869) to work on /home/airflow/.local/lib/python3.12/site-packages/airflow/example_dags/tutorial_taskflow_templates.py
[2025-01-13T23:55:52.511+0000] {processor.py:914} INFO - Processing file /home/airflow/.local/lib/python3.12/site-packages/airflow/example_dags/tutorial_taskflow_templates.py for tasks to queue
[2025-01-13T23:55:52.514+0000] {logging_mixin.py:190} INFO - [2025-01-13T23:55:52.514+0000] {dagbag.py:588} INFO - Filling up the DagBag from /home/airflow/.local/lib/python3.12/site-packages/airflow/example_dags/tutorial_taskflow_templates.py
[2025-01-13T23:55:52.526+0000] {processor.py:925} INFO - DAG(s) 'tutorial_taskflow_templates' retrieved from /home/airflow/.local/lib/python3.12/site-packages/airflow/example_dags/tutorial_taskflow_templates.py
[2025-01-13T23:55:52.552+0000] {logging_mixin.py:190} INFO - [2025-01-13T23:55:52.551+0000] {dag.py:3239} INFO - Sync 1 DAGs
[2025-01-13T23:55:52.578+0000] {logging_mixin.py:190} INFO - [2025-01-13T23:55:52.577+0000] {dag.py:4180} INFO - Setting next_dagrun for tutorial_taskflow_templates to 2025-01-12 00:00:00+00:00, run_after=2025-01-13 00:00:00+00:00
[2025-01-13T23:55:52.600+0000] {processor.py:208} INFO - Processing /home/airflow/.local/lib/python3.12/site-packages/airflow/example_dags/tutorial_taskflow_templates.py took 0.095 seconds
[2025-01-13T23:56:23.262+0000] {processor.py:186} INFO - Started process (PID=3933) to work on /home/airflow/.local/lib/python3.12/site-packages/airflow/example_dags/tutorial_taskflow_templates.py
[2025-01-13T23:56:23.264+0000] {processor.py:914} INFO - Processing file /home/airflow/.local/lib/python3.12/site-packages/airflow/example_dags/tutorial_taskflow_templates.py for tasks to queue
[2025-01-13T23:56:23.267+0000] {logging_mixin.py:190} INFO - [2025-01-13T23:56:23.267+0000] {dagbag.py:588} INFO - Filling up the DagBag from /home/airflow/.local/lib/python3.12/site-packages/airflow/example_dags/tutorial_taskflow_templates.py
[2025-01-13T23:56:23.283+0000] {processor.py:925} INFO - DAG(s) 'tutorial_taskflow_templates' retrieved from /home/airflow/.local/lib/python3.12/site-packages/airflow/example_dags/tutorial_taskflow_templates.py
[2025-01-13T23:56:23.308+0000] {logging_mixin.py:190} INFO - [2025-01-13T23:56:23.308+0000] {dag.py:3239} INFO - Sync 1 DAGs
[2025-01-13T23:56:23.336+0000] {logging_mixin.py:190} INFO - [2025-01-13T23:56:23.335+0000] {dag.py:4180} INFO - Setting next_dagrun for tutorial_taskflow_templates to 2025-01-12 00:00:00+00:00, run_after=2025-01-13 00:00:00+00:00
[2025-01-13T23:56:23.362+0000] {processor.py:208} INFO - Processing /home/airflow/.local/lib/python3.12/site-packages/airflow/example_dags/tutorial_taskflow_templates.py took 0.106 seconds
[2025-01-13T23:56:53.818+0000] {processor.py:186} INFO - Started process (PID=3997) to work on /home/airflow/.local/lib/python3.12/site-packages/airflow/example_dags/tutorial_taskflow_templates.py
[2025-01-13T23:56:53.820+0000] {processor.py:914} INFO - Processing file /home/airflow/.local/lib/python3.12/site-packages/airflow/example_dags/tutorial_taskflow_templates.py for tasks to queue
[2025-01-13T23:56:53.823+0000] {logging_mixin.py:190} INFO - [2025-01-13T23:56:53.823+0000] {dagbag.py:588} INFO - Filling up the DagBag from /home/airflow/.local/lib/python3.12/site-packages/airflow/example_dags/tutorial_taskflow_templates.py
[2025-01-13T23:56:53.837+0000] {processor.py:925} INFO - DAG(s) 'tutorial_taskflow_templates' retrieved from /home/airflow/.local/lib/python3.12/site-packages/airflow/example_dags/tutorial_taskflow_templates.py
[2025-01-13T23:56:53.863+0000] {logging_mixin.py:190} INFO - [2025-01-13T23:56:53.863+0000] {dag.py:3239} INFO - Sync 1 DAGs
[2025-01-13T23:56:53.890+0000] {logging_mixin.py:190} INFO - [2025-01-13T23:56:53.889+0000] {dag.py:4180} INFO - Setting next_dagrun for tutorial_taskflow_templates to 2025-01-12 00:00:00+00:00, run_after=2025-01-13 00:00:00+00:00
[2025-01-13T23:56:53.915+0000] {processor.py:208} INFO - Processing /home/airflow/.local/lib/python3.12/site-packages/airflow/example_dags/tutorial_taskflow_templates.py took 0.102 seconds
[2025-01-13T23:57:24.003+0000] {processor.py:186} INFO - Started process (PID=4061) to work on /home/airflow/.local/lib/python3.12/site-packages/airflow/example_dags/tutorial_taskflow_templates.py
[2025-01-13T23:57:24.004+0000] {processor.py:914} INFO - Processing file /home/airflow/.local/lib/python3.12/site-packages/airflow/example_dags/tutorial_taskflow_templates.py for tasks to queue
[2025-01-13T23:57:24.008+0000] {logging_mixin.py:190} INFO - [2025-01-13T23:57:24.007+0000] {dagbag.py:588} INFO - Filling up the DagBag from /home/airflow/.local/lib/python3.12/site-packages/airflow/example_dags/tutorial_taskflow_templates.py
[2025-01-13T23:57:24.023+0000] {processor.py:925} INFO - DAG(s) 'tutorial_taskflow_templates' retrieved from /home/airflow/.local/lib/python3.12/site-packages/airflow/example_dags/tutorial_taskflow_templates.py
[2025-01-13T23:57:24.048+0000] {logging_mixin.py:190} INFO - [2025-01-13T23:57:24.047+0000] {dag.py:3239} INFO - Sync 1 DAGs
[2025-01-13T23:57:24.072+0000] {logging_mixin.py:190} INFO - [2025-01-13T23:57:24.072+0000] {dag.py:4180} INFO - Setting next_dagrun for tutorial_taskflow_templates to 2025-01-12 00:00:00+00:00, run_after=2025-01-13 00:00:00+00:00
[2025-01-13T23:57:24.098+0000] {processor.py:208} INFO - Processing /home/airflow/.local/lib/python3.12/site-packages/airflow/example_dags/tutorial_taskflow_templates.py took 0.103 seconds
[2025-01-13T23:57:55.027+0000] {processor.py:186} INFO - Started process (PID=4125) to work on /home/airflow/.local/lib/python3.12/site-packages/airflow/example_dags/tutorial_taskflow_templates.py
[2025-01-13T23:57:55.028+0000] {processor.py:914} INFO - Processing file /home/airflow/.local/lib/python3.12/site-packages/airflow/example_dags/tutorial_taskflow_templates.py for tasks to queue
[2025-01-13T23:57:55.030+0000] {logging_mixin.py:190} INFO - [2025-01-13T23:57:55.030+0000] {dagbag.py:588} INFO - Filling up the DagBag from /home/airflow/.local/lib/python3.12/site-packages/airflow/example_dags/tutorial_taskflow_templates.py
[2025-01-13T23:57:55.041+0000] {processor.py:925} INFO - DAG(s) 'tutorial_taskflow_templates' retrieved from /home/airflow/.local/lib/python3.12/site-packages/airflow/example_dags/tutorial_taskflow_templates.py
[2025-01-13T23:57:55.062+0000] {logging_mixin.py:190} INFO - [2025-01-13T23:57:55.062+0000] {dag.py:3239} INFO - Sync 1 DAGs
[2025-01-13T23:57:55.081+0000] {logging_mixin.py:190} INFO - [2025-01-13T23:57:55.081+0000] {dag.py:4180} INFO - Setting next_dagrun for tutorial_taskflow_templates to 2025-01-12 00:00:00+00:00, run_after=2025-01-13 00:00:00+00:00
[2025-01-13T23:57:55.101+0000] {processor.py:208} INFO - Processing /home/airflow/.local/lib/python3.12/site-packages/airflow/example_dags/tutorial_taskflow_templates.py took 0.078 seconds
[2025-01-13T23:58:25.905+0000] {processor.py:186} INFO - Started process (PID=4188) to work on /home/airflow/.local/lib/python3.12/site-packages/airflow/example_dags/tutorial_taskflow_templates.py
[2025-01-13T23:58:25.906+0000] {processor.py:914} INFO - Processing file /home/airflow/.local/lib/python3.12/site-packages/airflow/example_dags/tutorial_taskflow_templates.py for tasks to queue
[2025-01-13T23:58:25.908+0000] {logging_mixin.py:190} INFO - [2025-01-13T23:58:25.908+0000] {dagbag.py:588} INFO - Filling up the DagBag from /home/airflow/.local/lib/python3.12/site-packages/airflow/example_dags/tutorial_taskflow_templates.py
[2025-01-13T23:58:25.918+0000] {processor.py:925} INFO - DAG(s) 'tutorial_taskflow_templates' retrieved from /home/airflow/.local/lib/python3.12/site-packages/airflow/example_dags/tutorial_taskflow_templates.py
[2025-01-13T23:58:25.937+0000] {logging_mixin.py:190} INFO - [2025-01-13T23:58:25.936+0000] {dag.py:3239} INFO - Sync 1 DAGs
[2025-01-13T23:58:25.958+0000] {logging_mixin.py:190} INFO - [2025-01-13T23:58:25.958+0000] {dag.py:4180} INFO - Setting next_dagrun for tutorial_taskflow_templates to 2025-01-12 00:00:00+00:00, run_after=2025-01-13 00:00:00+00:00
[2025-01-13T23:58:25.975+0000] {processor.py:208} INFO - Processing /home/airflow/.local/lib/python3.12/site-packages/airflow/example_dags/tutorial_taskflow_templates.py took 0.076 seconds
[2025-01-13T23:58:56.966+0000] {processor.py:186} INFO - Started process (PID=4252) to work on /home/airflow/.local/lib/python3.12/site-packages/airflow/example_dags/tutorial_taskflow_templates.py
[2025-01-13T23:58:56.967+0000] {processor.py:914} INFO - Processing file /home/airflow/.local/lib/python3.12/site-packages/airflow/example_dags/tutorial_taskflow_templates.py for tasks to queue
[2025-01-13T23:58:56.970+0000] {logging_mixin.py:190} INFO - [2025-01-13T23:58:56.970+0000] {dagbag.py:588} INFO - Filling up the DagBag from /home/airflow/.local/lib/python3.12/site-packages/airflow/example_dags/tutorial_taskflow_templates.py
[2025-01-13T23:58:56.981+0000] {processor.py:925} INFO - DAG(s) 'tutorial_taskflow_templates' retrieved from /home/airflow/.local/lib/python3.12/site-packages/airflow/example_dags/tutorial_taskflow_templates.py
[2025-01-13T23:58:57.001+0000] {logging_mixin.py:190} INFO - [2025-01-13T23:58:57.001+0000] {dag.py:3239} INFO - Sync 1 DAGs
[2025-01-13T23:58:57.021+0000] {logging_mixin.py:190} INFO - [2025-01-13T23:58:57.021+0000] {dag.py:4180} INFO - Setting next_dagrun for tutorial_taskflow_templates to 2025-01-12 00:00:00+00:00, run_after=2025-01-13 00:00:00+00:00
[2025-01-13T23:58:57.040+0000] {processor.py:208} INFO - Processing /home/airflow/.local/lib/python3.12/site-packages/airflow/example_dags/tutorial_taskflow_templates.py took 0.079 seconds
[2025-01-13T23:59:27.722+0000] {processor.py:186} INFO - Started process (PID=4316) to work on /home/airflow/.local/lib/python3.12/site-packages/airflow/example_dags/tutorial_taskflow_templates.py
[2025-01-13T23:59:27.723+0000] {processor.py:914} INFO - Processing file /home/airflow/.local/lib/python3.12/site-packages/airflow/example_dags/tutorial_taskflow_templates.py for tasks to queue
[2025-01-13T23:59:27.726+0000] {logging_mixin.py:190} INFO - [2025-01-13T23:59:27.726+0000] {dagbag.py:588} INFO - Filling up the DagBag from /home/airflow/.local/lib/python3.12/site-packages/airflow/example_dags/tutorial_taskflow_templates.py
[2025-01-13T23:59:27.741+0000] {processor.py:925} INFO - DAG(s) 'tutorial_taskflow_templates' retrieved from /home/airflow/.local/lib/python3.12/site-packages/airflow/example_dags/tutorial_taskflow_templates.py
[2025-01-13T23:59:27.763+0000] {logging_mixin.py:190} INFO - [2025-01-13T23:59:27.763+0000] {dag.py:3239} INFO - Sync 1 DAGs
[2025-01-13T23:59:27.791+0000] {logging_mixin.py:190} INFO - [2025-01-13T23:59:27.791+0000] {dag.py:4180} INFO - Setting next_dagrun for tutorial_taskflow_templates to 2025-01-12 00:00:00+00:00, run_after=2025-01-13 00:00:00+00:00
[2025-01-13T23:59:27.815+0000] {processor.py:208} INFO - Processing /home/airflow/.local/lib/python3.12/site-packages/airflow/example_dags/tutorial_taskflow_templates.py took 0.099 seconds
[2025-01-13T23:59:59.157+0000] {processor.py:186} INFO - Started process (PID=4380) to work on /home/airflow/.local/lib/python3.12/site-packages/airflow/example_dags/tutorial_taskflow_templates.py
[2025-01-13T23:59:59.159+0000] {processor.py:914} INFO - Processing file /home/airflow/.local/lib/python3.12/site-packages/airflow/example_dags/tutorial_taskflow_templates.py for tasks to queue
[2025-01-13T23:59:59.161+0000] {logging_mixin.py:190} INFO - [2025-01-13T23:59:59.161+0000] {dagbag.py:588} INFO - Filling up the DagBag from /home/airflow/.local/lib/python3.12/site-packages/airflow/example_dags/tutorial_taskflow_templates.py
[2025-01-13T23:59:59.175+0000] {processor.py:925} INFO - DAG(s) 'tutorial_taskflow_templates' retrieved from /home/airflow/.local/lib/python3.12/site-packages/airflow/example_dags/tutorial_taskflow_templates.py
[2025-01-13T23:59:59.194+0000] {logging_mixin.py:190} INFO - [2025-01-13T23:59:59.193+0000] {dag.py:3239} INFO - Sync 1 DAGs
[2025-01-13T23:59:59.213+0000] {logging_mixin.py:190} INFO - [2025-01-13T23:59:59.213+0000] {dag.py:4180} INFO - Setting next_dagrun for tutorial_taskflow_templates to 2025-01-12 00:00:00+00:00, run_after=2025-01-13 00:00:00+00:00
[2025-01-13T23:59:59.229+0000] {processor.py:208} INFO - Processing /home/airflow/.local/lib/python3.12/site-packages/airflow/example_dags/tutorial_taskflow_templates.py took 0.076 seconds
