[2025-01-13T23:25:44.630+0000] {processor.py:186} INFO - Started process (PID=78) to work on /home/airflow/.local/lib/python3.12/site-packages/airflow/example_dags/tutorial.py
[2025-01-13T23:25:44.630+0000] {processor.py:914} INFO - Processing file /home/airflow/.local/lib/python3.12/site-packages/airflow/example_dags/tutorial.py for tasks to queue
[2025-01-13T23:25:44.632+0000] {logging_mixin.py:190} INFO - [2025-01-13T23:25:44.632+0000] {dagbag.py:588} INFO - Filling up the DagBag from /home/airflow/.local/lib/python3.12/site-packages/airflow/example_dags/tutorial.py
[2025-01-13T23:25:44.642+0000] {processor.py:925} INFO - DAG(s) 'tutorial' retrieved from /home/airflow/.local/lib/python3.12/site-packages/airflow/example_dags/tutorial.py
[2025-01-13T23:25:44.670+0000] {logging_mixin.py:190} INFO - [2025-01-13T23:25:44.669+0000] {dag.py:3239} INFO - Sync 1 DAGs
[2025-01-13T23:25:44.690+0000] {logging_mixin.py:190} INFO - [2025-01-13T23:25:44.690+0000] {dag.py:4180} INFO - Setting next_dagrun for tutorial to 2025-01-12 00:00:00+00:00, run_after=2025-01-13 00:00:00+00:00
[2025-01-13T23:25:44.710+0000] {processor.py:208} INFO - Processing /home/airflow/.local/lib/python3.12/site-packages/airflow/example_dags/tutorial.py took 0.086 seconds
[2025-01-13T23:26:15.199+0000] {processor.py:186} INFO - Started process (PID=142) to work on /home/airflow/.local/lib/python3.12/site-packages/airflow/example_dags/tutorial.py
[2025-01-13T23:26:15.200+0000] {processor.py:914} INFO - Processing file /home/airflow/.local/lib/python3.12/site-packages/airflow/example_dags/tutorial.py for tasks to queue
[2025-01-13T23:26:15.202+0000] {logging_mixin.py:190} INFO - [2025-01-13T23:26:15.202+0000] {dagbag.py:588} INFO - Filling up the DagBag from /home/airflow/.local/lib/python3.12/site-packages/airflow/example_dags/tutorial.py
[2025-01-13T23:26:15.209+0000] {processor.py:925} INFO - DAG(s) 'tutorial' retrieved from /home/airflow/.local/lib/python3.12/site-packages/airflow/example_dags/tutorial.py
[2025-01-13T23:26:15.227+0000] {logging_mixin.py:190} INFO - [2025-01-13T23:26:15.227+0000] {dag.py:3239} INFO - Sync 1 DAGs
[2025-01-13T23:26:15.245+0000] {logging_mixin.py:190} INFO - [2025-01-13T23:26:15.244+0000] {dag.py:4180} INFO - Setting next_dagrun for tutorial to 2025-01-12 00:00:00+00:00, run_after=2025-01-13 00:00:00+00:00
[2025-01-13T23:26:15.261+0000] {processor.py:208} INFO - Processing /home/airflow/.local/lib/python3.12/site-packages/airflow/example_dags/tutorial.py took 0.066 seconds
[2025-01-13T23:26:46.202+0000] {processor.py:186} INFO - Started process (PID=206) to work on /home/airflow/.local/lib/python3.12/site-packages/airflow/example_dags/tutorial.py
[2025-01-13T23:26:46.203+0000] {processor.py:914} INFO - Processing file /home/airflow/.local/lib/python3.12/site-packages/airflow/example_dags/tutorial.py for tasks to queue
[2025-01-13T23:26:46.205+0000] {logging_mixin.py:190} INFO - [2025-01-13T23:26:46.205+0000] {dagbag.py:588} INFO - Filling up the DagBag from /home/airflow/.local/lib/python3.12/site-packages/airflow/example_dags/tutorial.py
[2025-01-13T23:26:46.211+0000] {processor.py:925} INFO - DAG(s) 'tutorial' retrieved from /home/airflow/.local/lib/python3.12/site-packages/airflow/example_dags/tutorial.py
[2025-01-13T23:26:46.227+0000] {logging_mixin.py:190} INFO - [2025-01-13T23:26:46.227+0000] {dag.py:3239} INFO - Sync 1 DAGs
[2025-01-13T23:26:46.244+0000] {logging_mixin.py:190} INFO - [2025-01-13T23:26:46.244+0000] {dag.py:4180} INFO - Setting next_dagrun for tutorial to 2025-01-12 00:00:00+00:00, run_after=2025-01-13 00:00:00+00:00
[2025-01-13T23:26:46.258+0000] {processor.py:208} INFO - Processing /home/airflow/.local/lib/python3.12/site-packages/airflow/example_dags/tutorial.py took 0.060 seconds
[2025-01-13T23:27:16.964+0000] {processor.py:186} INFO - Started process (PID=270) to work on /home/airflow/.local/lib/python3.12/site-packages/airflow/example_dags/tutorial.py
[2025-01-13T23:27:16.964+0000] {processor.py:914} INFO - Processing file /home/airflow/.local/lib/python3.12/site-packages/airflow/example_dags/tutorial.py for tasks to queue
[2025-01-13T23:27:16.966+0000] {logging_mixin.py:190} INFO - [2025-01-13T23:27:16.966+0000] {dagbag.py:588} INFO - Filling up the DagBag from /home/airflow/.local/lib/python3.12/site-packages/airflow/example_dags/tutorial.py
[2025-01-13T23:27:16.973+0000] {processor.py:925} INFO - DAG(s) 'tutorial' retrieved from /home/airflow/.local/lib/python3.12/site-packages/airflow/example_dags/tutorial.py
[2025-01-13T23:27:16.990+0000] {logging_mixin.py:190} INFO - [2025-01-13T23:27:16.990+0000] {dag.py:3239} INFO - Sync 1 DAGs
[2025-01-13T23:27:17.007+0000] {logging_mixin.py:190} INFO - [2025-01-13T23:27:17.007+0000] {dag.py:4180} INFO - Setting next_dagrun for tutorial to 2025-01-12 00:00:00+00:00, run_after=2025-01-13 00:00:00+00:00
[2025-01-13T23:27:17.033+0000] {processor.py:208} INFO - Processing /home/airflow/.local/lib/python3.12/site-packages/airflow/example_dags/tutorial.py took 0.073 seconds
[2025-01-13T23:27:47.826+0000] {processor.py:186} INFO - Started process (PID=340) to work on /home/airflow/.local/lib/python3.12/site-packages/airflow/example_dags/tutorial.py
[2025-01-13T23:27:47.827+0000] {processor.py:914} INFO - Processing file /home/airflow/.local/lib/python3.12/site-packages/airflow/example_dags/tutorial.py for tasks to queue
[2025-01-13T23:27:47.830+0000] {logging_mixin.py:190} INFO - [2025-01-13T23:27:47.830+0000] {dagbag.py:588} INFO - Filling up the DagBag from /home/airflow/.local/lib/python3.12/site-packages/airflow/example_dags/tutorial.py
[2025-01-13T23:27:47.838+0000] {processor.py:925} INFO - DAG(s) 'tutorial' retrieved from /home/airflow/.local/lib/python3.12/site-packages/airflow/example_dags/tutorial.py
[2025-01-13T23:27:47.861+0000] {logging_mixin.py:190} INFO - [2025-01-13T23:27:47.860+0000] {dag.py:3239} INFO - Sync 1 DAGs
[2025-01-13T23:27:47.882+0000] {logging_mixin.py:190} INFO - [2025-01-13T23:27:47.882+0000] {dag.py:4180} INFO - Setting next_dagrun for tutorial to 2025-01-12 00:00:00+00:00, run_after=2025-01-13 00:00:00+00:00
[2025-01-13T23:27:47.904+0000] {processor.py:208} INFO - Processing /home/airflow/.local/lib/python3.12/site-packages/airflow/example_dags/tutorial.py took 0.083 seconds
[2025-01-13T23:28:18.884+0000] {processor.py:186} INFO - Started process (PID=403) to work on /home/airflow/.local/lib/python3.12/site-packages/airflow/example_dags/tutorial.py
[2025-01-13T23:28:18.886+0000] {processor.py:914} INFO - Processing file /home/airflow/.local/lib/python3.12/site-packages/airflow/example_dags/tutorial.py for tasks to queue
[2025-01-13T23:28:18.888+0000] {logging_mixin.py:190} INFO - [2025-01-13T23:28:18.888+0000] {dagbag.py:588} INFO - Filling up the DagBag from /home/airflow/.local/lib/python3.12/site-packages/airflow/example_dags/tutorial.py
[2025-01-13T23:28:18.898+0000] {processor.py:925} INFO - DAG(s) 'tutorial' retrieved from /home/airflow/.local/lib/python3.12/site-packages/airflow/example_dags/tutorial.py
[2025-01-13T23:28:18.924+0000] {logging_mixin.py:190} INFO - [2025-01-13T23:28:18.924+0000] {dag.py:3239} INFO - Sync 1 DAGs
[2025-01-13T23:28:18.946+0000] {logging_mixin.py:190} INFO - [2025-01-13T23:28:18.946+0000] {dag.py:4180} INFO - Setting next_dagrun for tutorial to 2025-01-12 00:00:00+00:00, run_after=2025-01-13 00:00:00+00:00
[2025-01-13T23:28:18.981+0000] {processor.py:208} INFO - Processing /home/airflow/.local/lib/python3.12/site-packages/airflow/example_dags/tutorial.py took 0.101 seconds
[2025-01-13T23:28:49.077+0000] {processor.py:186} INFO - Started process (PID=466) to work on /home/airflow/.local/lib/python3.12/site-packages/airflow/example_dags/tutorial.py
[2025-01-13T23:28:49.078+0000] {processor.py:914} INFO - Processing file /home/airflow/.local/lib/python3.12/site-packages/airflow/example_dags/tutorial.py for tasks to queue
[2025-01-13T23:28:49.082+0000] {logging_mixin.py:190} INFO - [2025-01-13T23:28:49.082+0000] {dagbag.py:588} INFO - Filling up the DagBag from /home/airflow/.local/lib/python3.12/site-packages/airflow/example_dags/tutorial.py
[2025-01-13T23:28:49.097+0000] {processor.py:925} INFO - DAG(s) 'tutorial' retrieved from /home/airflow/.local/lib/python3.12/site-packages/airflow/example_dags/tutorial.py
[2025-01-13T23:28:49.115+0000] {logging_mixin.py:190} INFO - [2025-01-13T23:28:49.115+0000] {dag.py:3239} INFO - Sync 1 DAGs
[2025-01-13T23:28:49.144+0000] {logging_mixin.py:190} INFO - [2025-01-13T23:28:49.143+0000] {dag.py:4180} INFO - Setting next_dagrun for tutorial to 2025-01-12 00:00:00+00:00, run_after=2025-01-13 00:00:00+00:00
[2025-01-13T23:28:49.167+0000] {processor.py:208} INFO - Processing /home/airflow/.local/lib/python3.12/site-packages/airflow/example_dags/tutorial.py took 0.102 seconds
[2025-01-13T23:29:19.585+0000] {processor.py:186} INFO - Started process (PID=529) to work on /home/airflow/.local/lib/python3.12/site-packages/airflow/example_dags/tutorial.py
[2025-01-13T23:29:19.586+0000] {processor.py:914} INFO - Processing file /home/airflow/.local/lib/python3.12/site-packages/airflow/example_dags/tutorial.py for tasks to queue
[2025-01-13T23:29:19.588+0000] {logging_mixin.py:190} INFO - [2025-01-13T23:29:19.588+0000] {dagbag.py:588} INFO - Filling up the DagBag from /home/airflow/.local/lib/python3.12/site-packages/airflow/example_dags/tutorial.py
[2025-01-13T23:29:19.597+0000] {processor.py:925} INFO - DAG(s) 'tutorial' retrieved from /home/airflow/.local/lib/python3.12/site-packages/airflow/example_dags/tutorial.py
[2025-01-13T23:29:19.613+0000] {logging_mixin.py:190} INFO - [2025-01-13T23:29:19.613+0000] {dag.py:3239} INFO - Sync 1 DAGs
[2025-01-13T23:29:19.632+0000] {logging_mixin.py:190} INFO - [2025-01-13T23:29:19.632+0000] {dag.py:4180} INFO - Setting next_dagrun for tutorial to 2025-01-12 00:00:00+00:00, run_after=2025-01-13 00:00:00+00:00
[2025-01-13T23:29:19.651+0000] {processor.py:208} INFO - Processing /home/airflow/.local/lib/python3.12/site-packages/airflow/example_dags/tutorial.py took 0.070 seconds
[2025-01-13T23:29:50.117+0000] {processor.py:186} INFO - Started process (PID=593) to work on /home/airflow/.local/lib/python3.12/site-packages/airflow/example_dags/tutorial.py
[2025-01-13T23:29:50.118+0000] {processor.py:914} INFO - Processing file /home/airflow/.local/lib/python3.12/site-packages/airflow/example_dags/tutorial.py for tasks to queue
[2025-01-13T23:29:50.120+0000] {logging_mixin.py:190} INFO - [2025-01-13T23:29:50.120+0000] {dagbag.py:588} INFO - Filling up the DagBag from /home/airflow/.local/lib/python3.12/site-packages/airflow/example_dags/tutorial.py
[2025-01-13T23:29:50.127+0000] {processor.py:925} INFO - DAG(s) 'tutorial' retrieved from /home/airflow/.local/lib/python3.12/site-packages/airflow/example_dags/tutorial.py
[2025-01-13T23:29:50.143+0000] {logging_mixin.py:190} INFO - [2025-01-13T23:29:50.143+0000] {dag.py:3239} INFO - Sync 1 DAGs
[2025-01-13T23:29:50.160+0000] {logging_mixin.py:190} INFO - [2025-01-13T23:29:50.160+0000] {dag.py:4180} INFO - Setting next_dagrun for tutorial to 2025-01-12 00:00:00+00:00, run_after=2025-01-13 00:00:00+00:00
[2025-01-13T23:29:50.174+0000] {processor.py:208} INFO - Processing /home/airflow/.local/lib/python3.12/site-packages/airflow/example_dags/tutorial.py took 0.060 seconds
[2025-01-13T23:30:20.405+0000] {processor.py:186} INFO - Started process (PID=657) to work on /home/airflow/.local/lib/python3.12/site-packages/airflow/example_dags/tutorial.py
[2025-01-13T23:30:20.413+0000] {processor.py:914} INFO - Processing file /home/airflow/.local/lib/python3.12/site-packages/airflow/example_dags/tutorial.py for tasks to queue
[2025-01-13T23:30:20.415+0000] {logging_mixin.py:190} INFO - [2025-01-13T23:30:20.415+0000] {dagbag.py:588} INFO - Filling up the DagBag from /home/airflow/.local/lib/python3.12/site-packages/airflow/example_dags/tutorial.py
[2025-01-13T23:30:20.421+0000] {processor.py:925} INFO - DAG(s) 'tutorial' retrieved from /home/airflow/.local/lib/python3.12/site-packages/airflow/example_dags/tutorial.py
[2025-01-13T23:30:20.442+0000] {logging_mixin.py:190} INFO - [2025-01-13T23:30:20.442+0000] {dag.py:3239} INFO - Sync 1 DAGs
[2025-01-13T23:30:20.459+0000] {logging_mixin.py:190} INFO - [2025-01-13T23:30:20.459+0000] {dag.py:4180} INFO - Setting next_dagrun for tutorial to 2025-01-12 00:00:00+00:00, run_after=2025-01-13 00:00:00+00:00
[2025-01-13T23:30:20.479+0000] {processor.py:208} INFO - Processing /home/airflow/.local/lib/python3.12/site-packages/airflow/example_dags/tutorial.py took 0.078 seconds
[2025-01-13T23:30:51.335+0000] {processor.py:186} INFO - Started process (PID=721) to work on /home/airflow/.local/lib/python3.12/site-packages/airflow/example_dags/tutorial.py
[2025-01-13T23:30:51.337+0000] {processor.py:914} INFO - Processing file /home/airflow/.local/lib/python3.12/site-packages/airflow/example_dags/tutorial.py for tasks to queue
[2025-01-13T23:30:51.341+0000] {logging_mixin.py:190} INFO - [2025-01-13T23:30:51.341+0000] {dagbag.py:588} INFO - Filling up the DagBag from /home/airflow/.local/lib/python3.12/site-packages/airflow/example_dags/tutorial.py
[2025-01-13T23:30:51.350+0000] {processor.py:925} INFO - DAG(s) 'tutorial' retrieved from /home/airflow/.local/lib/python3.12/site-packages/airflow/example_dags/tutorial.py
[2025-01-13T23:30:51.370+0000] {logging_mixin.py:190} INFO - [2025-01-13T23:30:51.370+0000] {dag.py:3239} INFO - Sync 1 DAGs
[2025-01-13T23:30:51.388+0000] {logging_mixin.py:190} INFO - [2025-01-13T23:30:51.388+0000] {dag.py:4180} INFO - Setting next_dagrun for tutorial to 2025-01-12 00:00:00+00:00, run_after=2025-01-13 00:00:00+00:00
[2025-01-13T23:30:51.404+0000] {processor.py:208} INFO - Processing /home/airflow/.local/lib/python3.12/site-packages/airflow/example_dags/tutorial.py took 0.072 seconds
[2025-01-13T23:31:21.775+0000] {processor.py:186} INFO - Started process (PID=785) to work on /home/airflow/.local/lib/python3.12/site-packages/airflow/example_dags/tutorial.py
[2025-01-13T23:31:21.776+0000] {processor.py:914} INFO - Processing file /home/airflow/.local/lib/python3.12/site-packages/airflow/example_dags/tutorial.py for tasks to queue
[2025-01-13T23:31:21.778+0000] {logging_mixin.py:190} INFO - [2025-01-13T23:31:21.778+0000] {dagbag.py:588} INFO - Filling up the DagBag from /home/airflow/.local/lib/python3.12/site-packages/airflow/example_dags/tutorial.py
[2025-01-13T23:31:21.784+0000] {processor.py:925} INFO - DAG(s) 'tutorial' retrieved from /home/airflow/.local/lib/python3.12/site-packages/airflow/example_dags/tutorial.py
[2025-01-13T23:31:21.801+0000] {logging_mixin.py:190} INFO - [2025-01-13T23:31:21.800+0000] {dag.py:3239} INFO - Sync 1 DAGs
[2025-01-13T23:31:21.819+0000] {logging_mixin.py:190} INFO - [2025-01-13T23:31:21.819+0000] {dag.py:4180} INFO - Setting next_dagrun for tutorial to 2025-01-12 00:00:00+00:00, run_after=2025-01-13 00:00:00+00:00
[2025-01-13T23:31:21.835+0000] {processor.py:208} INFO - Processing /home/airflow/.local/lib/python3.12/site-packages/airflow/example_dags/tutorial.py took 0.064 seconds
[2025-01-13T23:31:52.202+0000] {processor.py:186} INFO - Started process (PID=848) to work on /home/airflow/.local/lib/python3.12/site-packages/airflow/example_dags/tutorial.py
[2025-01-13T23:31:52.204+0000] {processor.py:914} INFO - Processing file /home/airflow/.local/lib/python3.12/site-packages/airflow/example_dags/tutorial.py for tasks to queue
[2025-01-13T23:31:52.206+0000] {logging_mixin.py:190} INFO - [2025-01-13T23:31:52.205+0000] {dagbag.py:588} INFO - Filling up the DagBag from /home/airflow/.local/lib/python3.12/site-packages/airflow/example_dags/tutorial.py
[2025-01-13T23:31:52.212+0000] {processor.py:925} INFO - DAG(s) 'tutorial' retrieved from /home/airflow/.local/lib/python3.12/site-packages/airflow/example_dags/tutorial.py
[2025-01-13T23:31:52.230+0000] {logging_mixin.py:190} INFO - [2025-01-13T23:31:52.230+0000] {dag.py:3239} INFO - Sync 1 DAGs
[2025-01-13T23:31:52.246+0000] {logging_mixin.py:190} INFO - [2025-01-13T23:31:52.246+0000] {dag.py:4180} INFO - Setting next_dagrun for tutorial to 2025-01-12 00:00:00+00:00, run_after=2025-01-13 00:00:00+00:00
[2025-01-13T23:31:52.282+0000] {processor.py:208} INFO - Processing /home/airflow/.local/lib/python3.12/site-packages/airflow/example_dags/tutorial.py took 0.083 seconds
[2025-01-13T23:32:22.443+0000] {processor.py:186} INFO - Started process (PID=913) to work on /home/airflow/.local/lib/python3.12/site-packages/airflow/example_dags/tutorial.py
[2025-01-13T23:32:22.445+0000] {processor.py:914} INFO - Processing file /home/airflow/.local/lib/python3.12/site-packages/airflow/example_dags/tutorial.py for tasks to queue
[2025-01-13T23:32:22.447+0000] {logging_mixin.py:190} INFO - [2025-01-13T23:32:22.446+0000] {dagbag.py:588} INFO - Filling up the DagBag from /home/airflow/.local/lib/python3.12/site-packages/airflow/example_dags/tutorial.py
[2025-01-13T23:32:22.453+0000] {processor.py:925} INFO - DAG(s) 'tutorial' retrieved from /home/airflow/.local/lib/python3.12/site-packages/airflow/example_dags/tutorial.py
[2025-01-13T23:32:22.469+0000] {logging_mixin.py:190} INFO - [2025-01-13T23:32:22.469+0000] {dag.py:3239} INFO - Sync 1 DAGs
[2025-01-13T23:32:22.484+0000] {logging_mixin.py:190} INFO - [2025-01-13T23:32:22.484+0000] {dag.py:4180} INFO - Setting next_dagrun for tutorial to 2025-01-12 00:00:00+00:00, run_after=2025-01-13 00:00:00+00:00
[2025-01-13T23:32:22.501+0000] {processor.py:208} INFO - Processing /home/airflow/.local/lib/python3.12/site-packages/airflow/example_dags/tutorial.py took 0.062 seconds
[2025-01-13T23:32:52.686+0000] {processor.py:186} INFO - Started process (PID=976) to work on /home/airflow/.local/lib/python3.12/site-packages/airflow/example_dags/tutorial.py
[2025-01-13T23:32:52.687+0000] {processor.py:914} INFO - Processing file /home/airflow/.local/lib/python3.12/site-packages/airflow/example_dags/tutorial.py for tasks to queue
[2025-01-13T23:32:52.689+0000] {logging_mixin.py:190} INFO - [2025-01-13T23:32:52.689+0000] {dagbag.py:588} INFO - Filling up the DagBag from /home/airflow/.local/lib/python3.12/site-packages/airflow/example_dags/tutorial.py
[2025-01-13T23:32:52.696+0000] {processor.py:925} INFO - DAG(s) 'tutorial' retrieved from /home/airflow/.local/lib/python3.12/site-packages/airflow/example_dags/tutorial.py
[2025-01-13T23:32:52.714+0000] {logging_mixin.py:190} INFO - [2025-01-13T23:32:52.714+0000] {dag.py:3239} INFO - Sync 1 DAGs
[2025-01-13T23:32:52.732+0000] {logging_mixin.py:190} INFO - [2025-01-13T23:32:52.732+0000] {dag.py:4180} INFO - Setting next_dagrun for tutorial to 2025-01-12 00:00:00+00:00, run_after=2025-01-13 00:00:00+00:00
[2025-01-13T23:32:52.749+0000] {processor.py:208} INFO - Processing /home/airflow/.local/lib/python3.12/site-packages/airflow/example_dags/tutorial.py took 0.068 seconds
[2025-01-13T23:33:23.083+0000] {processor.py:186} INFO - Started process (PID=1040) to work on /home/airflow/.local/lib/python3.12/site-packages/airflow/example_dags/tutorial.py
[2025-01-13T23:33:23.084+0000] {processor.py:914} INFO - Processing file /home/airflow/.local/lib/python3.12/site-packages/airflow/example_dags/tutorial.py for tasks to queue
[2025-01-13T23:33:23.086+0000] {logging_mixin.py:190} INFO - [2025-01-13T23:33:23.086+0000] {dagbag.py:588} INFO - Filling up the DagBag from /home/airflow/.local/lib/python3.12/site-packages/airflow/example_dags/tutorial.py
[2025-01-13T23:33:23.093+0000] {processor.py:925} INFO - DAG(s) 'tutorial' retrieved from /home/airflow/.local/lib/python3.12/site-packages/airflow/example_dags/tutorial.py
[2025-01-13T23:33:23.109+0000] {logging_mixin.py:190} INFO - [2025-01-13T23:33:23.108+0000] {dag.py:3239} INFO - Sync 1 DAGs
[2025-01-13T23:33:23.125+0000] {logging_mixin.py:190} INFO - [2025-01-13T23:33:23.125+0000] {dag.py:4180} INFO - Setting next_dagrun for tutorial to 2025-01-12 00:00:00+00:00, run_after=2025-01-13 00:00:00+00:00
[2025-01-13T23:33:23.150+0000] {processor.py:208} INFO - Processing /home/airflow/.local/lib/python3.12/site-packages/airflow/example_dags/tutorial.py took 0.072 seconds
[2025-01-13T23:33:53.267+0000] {processor.py:186} INFO - Started process (PID=1104) to work on /home/airflow/.local/lib/python3.12/site-packages/airflow/example_dags/tutorial.py
[2025-01-13T23:33:53.268+0000] {processor.py:914} INFO - Processing file /home/airflow/.local/lib/python3.12/site-packages/airflow/example_dags/tutorial.py for tasks to queue
[2025-01-13T23:33:53.270+0000] {logging_mixin.py:190} INFO - [2025-01-13T23:33:53.270+0000] {dagbag.py:588} INFO - Filling up the DagBag from /home/airflow/.local/lib/python3.12/site-packages/airflow/example_dags/tutorial.py
[2025-01-13T23:33:53.280+0000] {processor.py:925} INFO - DAG(s) 'tutorial' retrieved from /home/airflow/.local/lib/python3.12/site-packages/airflow/example_dags/tutorial.py
[2025-01-13T23:33:53.297+0000] {logging_mixin.py:190} INFO - [2025-01-13T23:33:53.297+0000] {dag.py:3239} INFO - Sync 1 DAGs
[2025-01-13T23:33:53.314+0000] {logging_mixin.py:190} INFO - [2025-01-13T23:33:53.313+0000] {dag.py:4180} INFO - Setting next_dagrun for tutorial to 2025-01-12 00:00:00+00:00, run_after=2025-01-13 00:00:00+00:00
[2025-01-13T23:33:53.332+0000] {processor.py:208} INFO - Processing /home/airflow/.local/lib/python3.12/site-packages/airflow/example_dags/tutorial.py took 0.070 seconds
[2025-01-13T23:34:24.209+0000] {processor.py:186} INFO - Started process (PID=1168) to work on /home/airflow/.local/lib/python3.12/site-packages/airflow/example_dags/tutorial.py
[2025-01-13T23:34:24.210+0000] {processor.py:914} INFO - Processing file /home/airflow/.local/lib/python3.12/site-packages/airflow/example_dags/tutorial.py for tasks to queue
[2025-01-13T23:34:24.213+0000] {logging_mixin.py:190} INFO - [2025-01-13T23:34:24.212+0000] {dagbag.py:588} INFO - Filling up the DagBag from /home/airflow/.local/lib/python3.12/site-packages/airflow/example_dags/tutorial.py
[2025-01-13T23:34:24.222+0000] {processor.py:925} INFO - DAG(s) 'tutorial' retrieved from /home/airflow/.local/lib/python3.12/site-packages/airflow/example_dags/tutorial.py
[2025-01-13T23:34:24.240+0000] {logging_mixin.py:190} INFO - [2025-01-13T23:34:24.240+0000] {dag.py:3239} INFO - Sync 1 DAGs
[2025-01-13T23:34:24.267+0000] {logging_mixin.py:190} INFO - [2025-01-13T23:34:24.266+0000] {dag.py:4180} INFO - Setting next_dagrun for tutorial to 2025-01-12 00:00:00+00:00, run_after=2025-01-13 00:00:00+00:00
[2025-01-13T23:34:24.288+0000] {processor.py:208} INFO - Processing /home/airflow/.local/lib/python3.12/site-packages/airflow/example_dags/tutorial.py took 0.085 seconds
[2025-01-13T23:34:54.648+0000] {processor.py:186} INFO - Started process (PID=1232) to work on /home/airflow/.local/lib/python3.12/site-packages/airflow/example_dags/tutorial.py
[2025-01-13T23:34:54.650+0000] {processor.py:914} INFO - Processing file /home/airflow/.local/lib/python3.12/site-packages/airflow/example_dags/tutorial.py for tasks to queue
[2025-01-13T23:34:54.653+0000] {logging_mixin.py:190} INFO - [2025-01-13T23:34:54.652+0000] {dagbag.py:588} INFO - Filling up the DagBag from /home/airflow/.local/lib/python3.12/site-packages/airflow/example_dags/tutorial.py
[2025-01-13T23:34:54.661+0000] {processor.py:925} INFO - DAG(s) 'tutorial' retrieved from /home/airflow/.local/lib/python3.12/site-packages/airflow/example_dags/tutorial.py
[2025-01-13T23:34:54.688+0000] {logging_mixin.py:190} INFO - [2025-01-13T23:34:54.688+0000] {dag.py:3239} INFO - Sync 1 DAGs
[2025-01-13T23:34:54.728+0000] {logging_mixin.py:190} INFO - [2025-01-13T23:34:54.727+0000] {dag.py:4180} INFO - Setting next_dagrun for tutorial to 2025-01-12 00:00:00+00:00, run_after=2025-01-13 00:00:00+00:00
[2025-01-13T23:34:54.753+0000] {processor.py:208} INFO - Processing /home/airflow/.local/lib/python3.12/site-packages/airflow/example_dags/tutorial.py took 0.110 seconds
[2025-01-13T23:35:25.857+0000] {processor.py:186} INFO - Started process (PID=1296) to work on /home/airflow/.local/lib/python3.12/site-packages/airflow/example_dags/tutorial.py
[2025-01-13T23:35:25.859+0000] {processor.py:914} INFO - Processing file /home/airflow/.local/lib/python3.12/site-packages/airflow/example_dags/tutorial.py for tasks to queue
[2025-01-13T23:35:25.861+0000] {logging_mixin.py:190} INFO - [2025-01-13T23:35:25.861+0000] {dagbag.py:588} INFO - Filling up the DagBag from /home/airflow/.local/lib/python3.12/site-packages/airflow/example_dags/tutorial.py
[2025-01-13T23:35:25.868+0000] {processor.py:925} INFO - DAG(s) 'tutorial' retrieved from /home/airflow/.local/lib/python3.12/site-packages/airflow/example_dags/tutorial.py
[2025-01-13T23:35:25.893+0000] {logging_mixin.py:190} INFO - [2025-01-13T23:35:25.892+0000] {dag.py:3239} INFO - Sync 1 DAGs
[2025-01-13T23:35:25.921+0000] {logging_mixin.py:190} INFO - [2025-01-13T23:35:25.921+0000] {dag.py:4180} INFO - Setting next_dagrun for tutorial to 2025-01-12 00:00:00+00:00, run_after=2025-01-13 00:00:00+00:00
[2025-01-13T23:35:25.941+0000] {processor.py:208} INFO - Processing /home/airflow/.local/lib/python3.12/site-packages/airflow/example_dags/tutorial.py took 0.089 seconds
[2025-01-13T23:35:56.418+0000] {processor.py:186} INFO - Started process (PID=1360) to work on /home/airflow/.local/lib/python3.12/site-packages/airflow/example_dags/tutorial.py
[2025-01-13T23:35:56.419+0000] {processor.py:914} INFO - Processing file /home/airflow/.local/lib/python3.12/site-packages/airflow/example_dags/tutorial.py for tasks to queue
[2025-01-13T23:35:56.423+0000] {logging_mixin.py:190} INFO - [2025-01-13T23:35:56.423+0000] {dagbag.py:588} INFO - Filling up the DagBag from /home/airflow/.local/lib/python3.12/site-packages/airflow/example_dags/tutorial.py
[2025-01-13T23:35:56.432+0000] {processor.py:925} INFO - DAG(s) 'tutorial' retrieved from /home/airflow/.local/lib/python3.12/site-packages/airflow/example_dags/tutorial.py
[2025-01-13T23:35:56.455+0000] {logging_mixin.py:190} INFO - [2025-01-13T23:35:56.454+0000] {dag.py:3239} INFO - Sync 1 DAGs
[2025-01-13T23:35:56.478+0000] {logging_mixin.py:190} INFO - [2025-01-13T23:35:56.478+0000] {dag.py:4180} INFO - Setting next_dagrun for tutorial to 2025-01-12 00:00:00+00:00, run_after=2025-01-13 00:00:00+00:00
[2025-01-13T23:35:56.505+0000] {processor.py:208} INFO - Processing /home/airflow/.local/lib/python3.12/site-packages/airflow/example_dags/tutorial.py took 0.093 seconds
[2025-01-13T23:36:26.787+0000] {processor.py:186} INFO - Started process (PID=1424) to work on /home/airflow/.local/lib/python3.12/site-packages/airflow/example_dags/tutorial.py
[2025-01-13T23:36:26.788+0000] {processor.py:914} INFO - Processing file /home/airflow/.local/lib/python3.12/site-packages/airflow/example_dags/tutorial.py for tasks to queue
[2025-01-13T23:36:26.791+0000] {logging_mixin.py:190} INFO - [2025-01-13T23:36:26.790+0000] {dagbag.py:588} INFO - Filling up the DagBag from /home/airflow/.local/lib/python3.12/site-packages/airflow/example_dags/tutorial.py
[2025-01-13T23:36:26.798+0000] {processor.py:925} INFO - DAG(s) 'tutorial' retrieved from /home/airflow/.local/lib/python3.12/site-packages/airflow/example_dags/tutorial.py
[2025-01-13T23:36:26.818+0000] {logging_mixin.py:190} INFO - [2025-01-13T23:36:26.818+0000] {dag.py:3239} INFO - Sync 1 DAGs
[2025-01-13T23:36:26.844+0000] {logging_mixin.py:190} INFO - [2025-01-13T23:36:26.844+0000] {dag.py:4180} INFO - Setting next_dagrun for tutorial to 2025-01-12 00:00:00+00:00, run_after=2025-01-13 00:00:00+00:00
[2025-01-13T23:36:26.864+0000] {processor.py:208} INFO - Processing /home/airflow/.local/lib/python3.12/site-packages/airflow/example_dags/tutorial.py took 0.081 seconds
[2025-01-13T23:36:57.072+0000] {processor.py:186} INFO - Started process (PID=1488) to work on /home/airflow/.local/lib/python3.12/site-packages/airflow/example_dags/tutorial.py
[2025-01-13T23:36:57.073+0000] {processor.py:914} INFO - Processing file /home/airflow/.local/lib/python3.12/site-packages/airflow/example_dags/tutorial.py for tasks to queue
[2025-01-13T23:36:57.077+0000] {logging_mixin.py:190} INFO - [2025-01-13T23:36:57.077+0000] {dagbag.py:588} INFO - Filling up the DagBag from /home/airflow/.local/lib/python3.12/site-packages/airflow/example_dags/tutorial.py
[2025-01-13T23:36:57.086+0000] {processor.py:925} INFO - DAG(s) 'tutorial' retrieved from /home/airflow/.local/lib/python3.12/site-packages/airflow/example_dags/tutorial.py
[2025-01-13T23:36:57.108+0000] {logging_mixin.py:190} INFO - [2025-01-13T23:36:57.108+0000] {dag.py:3239} INFO - Sync 1 DAGs
[2025-01-13T23:36:57.136+0000] {logging_mixin.py:190} INFO - [2025-01-13T23:36:57.135+0000] {dag.py:4180} INFO - Setting next_dagrun for tutorial to 2025-01-12 00:00:00+00:00, run_after=2025-01-13 00:00:00+00:00
[2025-01-13T23:36:57.161+0000] {processor.py:208} INFO - Processing /home/airflow/.local/lib/python3.12/site-packages/airflow/example_dags/tutorial.py took 0.095 seconds
[2025-01-13T23:37:27.670+0000] {processor.py:186} INFO - Started process (PID=1552) to work on /home/airflow/.local/lib/python3.12/site-packages/airflow/example_dags/tutorial.py
[2025-01-13T23:37:27.672+0000] {processor.py:914} INFO - Processing file /home/airflow/.local/lib/python3.12/site-packages/airflow/example_dags/tutorial.py for tasks to queue
[2025-01-13T23:37:27.675+0000] {logging_mixin.py:190} INFO - [2025-01-13T23:37:27.675+0000] {dagbag.py:588} INFO - Filling up the DagBag from /home/airflow/.local/lib/python3.12/site-packages/airflow/example_dags/tutorial.py
[2025-01-13T23:37:27.686+0000] {processor.py:925} INFO - DAG(s) 'tutorial' retrieved from /home/airflow/.local/lib/python3.12/site-packages/airflow/example_dags/tutorial.py
[2025-01-13T23:37:27.712+0000] {logging_mixin.py:190} INFO - [2025-01-13T23:37:27.712+0000] {dag.py:3239} INFO - Sync 1 DAGs
[2025-01-13T23:37:27.740+0000] {logging_mixin.py:190} INFO - [2025-01-13T23:37:27.740+0000] {dag.py:4180} INFO - Setting next_dagrun for tutorial to 2025-01-12 00:00:00+00:00, run_after=2025-01-13 00:00:00+00:00
[2025-01-13T23:37:27.764+0000] {processor.py:208} INFO - Processing /home/airflow/.local/lib/python3.12/site-packages/airflow/example_dags/tutorial.py took 0.102 seconds
[2025-01-13T23:37:58.377+0000] {processor.py:186} INFO - Started process (PID=1616) to work on /home/airflow/.local/lib/python3.12/site-packages/airflow/example_dags/tutorial.py
[2025-01-13T23:37:58.378+0000] {processor.py:914} INFO - Processing file /home/airflow/.local/lib/python3.12/site-packages/airflow/example_dags/tutorial.py for tasks to queue
[2025-01-13T23:37:58.381+0000] {logging_mixin.py:190} INFO - [2025-01-13T23:37:58.381+0000] {dagbag.py:588} INFO - Filling up the DagBag from /home/airflow/.local/lib/python3.12/site-packages/airflow/example_dags/tutorial.py
[2025-01-13T23:37:58.393+0000] {processor.py:925} INFO - DAG(s) 'tutorial' retrieved from /home/airflow/.local/lib/python3.12/site-packages/airflow/example_dags/tutorial.py
[2025-01-13T23:37:58.416+0000] {logging_mixin.py:190} INFO - [2025-01-13T23:37:58.416+0000] {dag.py:3239} INFO - Sync 1 DAGs
[2025-01-13T23:37:58.442+0000] {logging_mixin.py:190} INFO - [2025-01-13T23:37:58.442+0000] {dag.py:4180} INFO - Setting next_dagrun for tutorial to 2025-01-12 00:00:00+00:00, run_after=2025-01-13 00:00:00+00:00
[2025-01-13T23:37:58.468+0000] {processor.py:208} INFO - Processing /home/airflow/.local/lib/python3.12/site-packages/airflow/example_dags/tutorial.py took 0.099 seconds
[2025-01-13T23:38:28.626+0000] {processor.py:186} INFO - Started process (PID=1680) to work on /home/airflow/.local/lib/python3.12/site-packages/airflow/example_dags/tutorial.py
[2025-01-13T23:38:28.627+0000] {processor.py:914} INFO - Processing file /home/airflow/.local/lib/python3.12/site-packages/airflow/example_dags/tutorial.py for tasks to queue
[2025-01-13T23:38:28.629+0000] {logging_mixin.py:190} INFO - [2025-01-13T23:38:28.629+0000] {dagbag.py:588} INFO - Filling up the DagBag from /home/airflow/.local/lib/python3.12/site-packages/airflow/example_dags/tutorial.py
[2025-01-13T23:38:28.636+0000] {processor.py:925} INFO - DAG(s) 'tutorial' retrieved from /home/airflow/.local/lib/python3.12/site-packages/airflow/example_dags/tutorial.py
[2025-01-13T23:38:28.655+0000] {logging_mixin.py:190} INFO - [2025-01-13T23:38:28.655+0000] {dag.py:3239} INFO - Sync 1 DAGs
[2025-01-13T23:38:28.684+0000] {logging_mixin.py:190} INFO - [2025-01-13T23:38:28.683+0000] {dag.py:4180} INFO - Setting next_dagrun for tutorial to 2025-01-12 00:00:00+00:00, run_after=2025-01-13 00:00:00+00:00
[2025-01-13T23:38:28.709+0000] {processor.py:208} INFO - Processing /home/airflow/.local/lib/python3.12/site-packages/airflow/example_dags/tutorial.py took 0.088 seconds
[2025-01-13T23:38:59.312+0000] {processor.py:186} INFO - Started process (PID=1744) to work on /home/airflow/.local/lib/python3.12/site-packages/airflow/example_dags/tutorial.py
[2025-01-13T23:38:59.313+0000] {processor.py:914} INFO - Processing file /home/airflow/.local/lib/python3.12/site-packages/airflow/example_dags/tutorial.py for tasks to queue
[2025-01-13T23:38:59.315+0000] {logging_mixin.py:190} INFO - [2025-01-13T23:38:59.315+0000] {dagbag.py:588} INFO - Filling up the DagBag from /home/airflow/.local/lib/python3.12/site-packages/airflow/example_dags/tutorial.py
[2025-01-13T23:38:59.323+0000] {processor.py:925} INFO - DAG(s) 'tutorial' retrieved from /home/airflow/.local/lib/python3.12/site-packages/airflow/example_dags/tutorial.py
[2025-01-13T23:38:59.341+0000] {logging_mixin.py:190} INFO - [2025-01-13T23:38:59.341+0000] {dag.py:3239} INFO - Sync 1 DAGs
[2025-01-13T23:38:59.362+0000] {logging_mixin.py:190} INFO - [2025-01-13T23:38:59.361+0000] {dag.py:4180} INFO - Setting next_dagrun for tutorial to 2025-01-12 00:00:00+00:00, run_after=2025-01-13 00:00:00+00:00
[2025-01-13T23:38:59.379+0000] {processor.py:208} INFO - Processing /home/airflow/.local/lib/python3.12/site-packages/airflow/example_dags/tutorial.py took 0.071 seconds
[2025-01-13T23:39:29.862+0000] {processor.py:186} INFO - Started process (PID=1808) to work on /home/airflow/.local/lib/python3.12/site-packages/airflow/example_dags/tutorial.py
[2025-01-13T23:39:29.863+0000] {processor.py:914} INFO - Processing file /home/airflow/.local/lib/python3.12/site-packages/airflow/example_dags/tutorial.py for tasks to queue
[2025-01-13T23:39:29.865+0000] {logging_mixin.py:190} INFO - [2025-01-13T23:39:29.865+0000] {dagbag.py:588} INFO - Filling up the DagBag from /home/airflow/.local/lib/python3.12/site-packages/airflow/example_dags/tutorial.py
[2025-01-13T23:39:29.872+0000] {processor.py:925} INFO - DAG(s) 'tutorial' retrieved from /home/airflow/.local/lib/python3.12/site-packages/airflow/example_dags/tutorial.py
[2025-01-13T23:39:29.885+0000] {logging_mixin.py:190} INFO - [2025-01-13T23:39:29.885+0000] {dag.py:3239} INFO - Sync 1 DAGs
[2025-01-13T23:39:29.902+0000] {logging_mixin.py:190} INFO - [2025-01-13T23:39:29.901+0000] {dag.py:4180} INFO - Setting next_dagrun for tutorial to 2025-01-12 00:00:00+00:00, run_after=2025-01-13 00:00:00+00:00
[2025-01-13T23:39:29.916+0000] {processor.py:208} INFO - Processing /home/airflow/.local/lib/python3.12/site-packages/airflow/example_dags/tutorial.py took 0.058 seconds
[2025-01-13T23:40:00.736+0000] {processor.py:186} INFO - Started process (PID=1872) to work on /home/airflow/.local/lib/python3.12/site-packages/airflow/example_dags/tutorial.py
[2025-01-13T23:40:00.737+0000] {processor.py:914} INFO - Processing file /home/airflow/.local/lib/python3.12/site-packages/airflow/example_dags/tutorial.py for tasks to queue
[2025-01-13T23:40:00.741+0000] {logging_mixin.py:190} INFO - [2025-01-13T23:40:00.740+0000] {dagbag.py:588} INFO - Filling up the DagBag from /home/airflow/.local/lib/python3.12/site-packages/airflow/example_dags/tutorial.py
[2025-01-13T23:40:00.753+0000] {processor.py:925} INFO - DAG(s) 'tutorial' retrieved from /home/airflow/.local/lib/python3.12/site-packages/airflow/example_dags/tutorial.py
[2025-01-13T23:40:00.776+0000] {logging_mixin.py:190} INFO - [2025-01-13T23:40:00.776+0000] {dag.py:3239} INFO - Sync 1 DAGs
[2025-01-13T23:40:00.795+0000] {logging_mixin.py:190} INFO - [2025-01-13T23:40:00.795+0000] {dag.py:4180} INFO - Setting next_dagrun for tutorial to 2025-01-12 00:00:00+00:00, run_after=2025-01-13 00:00:00+00:00
[2025-01-13T23:40:00.819+0000] {processor.py:208} INFO - Processing /home/airflow/.local/lib/python3.12/site-packages/airflow/example_dags/tutorial.py took 0.088 seconds
[2025-01-13T23:40:31.445+0000] {processor.py:186} INFO - Started process (PID=1936) to work on /home/airflow/.local/lib/python3.12/site-packages/airflow/example_dags/tutorial.py
[2025-01-13T23:40:31.447+0000] {processor.py:914} INFO - Processing file /home/airflow/.local/lib/python3.12/site-packages/airflow/example_dags/tutorial.py for tasks to queue
[2025-01-13T23:40:31.451+0000] {logging_mixin.py:190} INFO - [2025-01-13T23:40:31.451+0000] {dagbag.py:588} INFO - Filling up the DagBag from /home/airflow/.local/lib/python3.12/site-packages/airflow/example_dags/tutorial.py
[2025-01-13T23:40:31.458+0000] {processor.py:925} INFO - DAG(s) 'tutorial' retrieved from /home/airflow/.local/lib/python3.12/site-packages/airflow/example_dags/tutorial.py
[2025-01-13T23:40:31.479+0000] {logging_mixin.py:190} INFO - [2025-01-13T23:40:31.479+0000] {dag.py:3239} INFO - Sync 1 DAGs
[2025-01-13T23:40:31.501+0000] {logging_mixin.py:190} INFO - [2025-01-13T23:40:31.501+0000] {dag.py:4180} INFO - Setting next_dagrun for tutorial to 2025-01-12 00:00:00+00:00, run_after=2025-01-13 00:00:00+00:00
[2025-01-13T23:40:31.525+0000] {processor.py:208} INFO - Processing /home/airflow/.local/lib/python3.12/site-packages/airflow/example_dags/tutorial.py took 0.086 seconds
[2025-01-13T23:41:02.157+0000] {processor.py:186} INFO - Started process (PID=2000) to work on /home/airflow/.local/lib/python3.12/site-packages/airflow/example_dags/tutorial.py
[2025-01-13T23:41:02.158+0000] {processor.py:914} INFO - Processing file /home/airflow/.local/lib/python3.12/site-packages/airflow/example_dags/tutorial.py for tasks to queue
[2025-01-13T23:41:02.161+0000] {logging_mixin.py:190} INFO - [2025-01-13T23:41:02.161+0000] {dagbag.py:588} INFO - Filling up the DagBag from /home/airflow/.local/lib/python3.12/site-packages/airflow/example_dags/tutorial.py
[2025-01-13T23:41:02.169+0000] {processor.py:925} INFO - DAG(s) 'tutorial' retrieved from /home/airflow/.local/lib/python3.12/site-packages/airflow/example_dags/tutorial.py
[2025-01-13T23:41:02.191+0000] {logging_mixin.py:190} INFO - [2025-01-13T23:41:02.191+0000] {dag.py:3239} INFO - Sync 1 DAGs
[2025-01-13T23:41:02.214+0000] {logging_mixin.py:190} INFO - [2025-01-13T23:41:02.214+0000] {dag.py:4180} INFO - Setting next_dagrun for tutorial to 2025-01-12 00:00:00+00:00, run_after=2025-01-13 00:00:00+00:00
[2025-01-13T23:41:02.239+0000] {processor.py:208} INFO - Processing /home/airflow/.local/lib/python3.12/site-packages/airflow/example_dags/tutorial.py took 0.086 seconds
[2025-01-13T23:41:32.465+0000] {processor.py:186} INFO - Started process (PID=2064) to work on /home/airflow/.local/lib/python3.12/site-packages/airflow/example_dags/tutorial.py
[2025-01-13T23:41:32.467+0000] {processor.py:914} INFO - Processing file /home/airflow/.local/lib/python3.12/site-packages/airflow/example_dags/tutorial.py for tasks to queue
[2025-01-13T23:41:32.471+0000] {logging_mixin.py:190} INFO - [2025-01-13T23:41:32.470+0000] {dagbag.py:588} INFO - Filling up the DagBag from /home/airflow/.local/lib/python3.12/site-packages/airflow/example_dags/tutorial.py
[2025-01-13T23:41:32.485+0000] {processor.py:925} INFO - DAG(s) 'tutorial' retrieved from /home/airflow/.local/lib/python3.12/site-packages/airflow/example_dags/tutorial.py
[2025-01-13T23:41:32.509+0000] {logging_mixin.py:190} INFO - [2025-01-13T23:41:32.509+0000] {dag.py:3239} INFO - Sync 1 DAGs
[2025-01-13T23:41:32.540+0000] {logging_mixin.py:190} INFO - [2025-01-13T23:41:32.540+0000] {dag.py:4180} INFO - Setting next_dagrun for tutorial to 2025-01-12 00:00:00+00:00, run_after=2025-01-13 00:00:00+00:00
[2025-01-13T23:41:32.565+0000] {processor.py:208} INFO - Processing /home/airflow/.local/lib/python3.12/site-packages/airflow/example_dags/tutorial.py took 0.107 seconds
[2025-01-13T23:42:02.915+0000] {processor.py:186} INFO - Started process (PID=2128) to work on /home/airflow/.local/lib/python3.12/site-packages/airflow/example_dags/tutorial.py
[2025-01-13T23:42:02.916+0000] {processor.py:914} INFO - Processing file /home/airflow/.local/lib/python3.12/site-packages/airflow/example_dags/tutorial.py for tasks to queue
[2025-01-13T23:42:02.920+0000] {logging_mixin.py:190} INFO - [2025-01-13T23:42:02.919+0000] {dagbag.py:588} INFO - Filling up the DagBag from /home/airflow/.local/lib/python3.12/site-packages/airflow/example_dags/tutorial.py
[2025-01-13T23:42:02.933+0000] {processor.py:925} INFO - DAG(s) 'tutorial' retrieved from /home/airflow/.local/lib/python3.12/site-packages/airflow/example_dags/tutorial.py
[2025-01-13T23:42:02.955+0000] {logging_mixin.py:190} INFO - [2025-01-13T23:42:02.955+0000] {dag.py:3239} INFO - Sync 1 DAGs
[2025-01-13T23:42:02.983+0000] {logging_mixin.py:190} INFO - [2025-01-13T23:42:02.983+0000] {dag.py:4180} INFO - Setting next_dagrun for tutorial to 2025-01-12 00:00:00+00:00, run_after=2025-01-13 00:00:00+00:00
[2025-01-13T23:42:03.009+0000] {processor.py:208} INFO - Processing /home/airflow/.local/lib/python3.12/site-packages/airflow/example_dags/tutorial.py took 0.100 seconds
[2025-01-13T23:42:33.516+0000] {processor.py:186} INFO - Started process (PID=2192) to work on /home/airflow/.local/lib/python3.12/site-packages/airflow/example_dags/tutorial.py
[2025-01-13T23:42:33.518+0000] {processor.py:914} INFO - Processing file /home/airflow/.local/lib/python3.12/site-packages/airflow/example_dags/tutorial.py for tasks to queue
[2025-01-13T23:42:33.521+0000] {logging_mixin.py:190} INFO - [2025-01-13T23:42:33.520+0000] {dagbag.py:588} INFO - Filling up the DagBag from /home/airflow/.local/lib/python3.12/site-packages/airflow/example_dags/tutorial.py
[2025-01-13T23:42:33.529+0000] {processor.py:925} INFO - DAG(s) 'tutorial' retrieved from /home/airflow/.local/lib/python3.12/site-packages/airflow/example_dags/tutorial.py
[2025-01-13T23:42:33.548+0000] {logging_mixin.py:190} INFO - [2025-01-13T23:42:33.547+0000] {dag.py:3239} INFO - Sync 1 DAGs
[2025-01-13T23:42:33.567+0000] {logging_mixin.py:190} INFO - [2025-01-13T23:42:33.567+0000] {dag.py:4180} INFO - Setting next_dagrun for tutorial to 2025-01-12 00:00:00+00:00, run_after=2025-01-13 00:00:00+00:00
[2025-01-13T23:42:33.583+0000] {processor.py:208} INFO - Processing /home/airflow/.local/lib/python3.12/site-packages/airflow/example_dags/tutorial.py took 0.073 seconds
[2025-01-13T23:43:04.247+0000] {processor.py:186} INFO - Started process (PID=2255) to work on /home/airflow/.local/lib/python3.12/site-packages/airflow/example_dags/tutorial.py
[2025-01-13T23:43:04.248+0000] {processor.py:914} INFO - Processing file /home/airflow/.local/lib/python3.12/site-packages/airflow/example_dags/tutorial.py for tasks to queue
[2025-01-13T23:43:04.251+0000] {logging_mixin.py:190} INFO - [2025-01-13T23:43:04.250+0000] {dagbag.py:588} INFO - Filling up the DagBag from /home/airflow/.local/lib/python3.12/site-packages/airflow/example_dags/tutorial.py
[2025-01-13T23:43:04.258+0000] {processor.py:925} INFO - DAG(s) 'tutorial' retrieved from /home/airflow/.local/lib/python3.12/site-packages/airflow/example_dags/tutorial.py
[2025-01-13T23:43:04.278+0000] {logging_mixin.py:190} INFO - [2025-01-13T23:43:04.278+0000] {dag.py:3239} INFO - Sync 1 DAGs
[2025-01-13T23:43:04.295+0000] {logging_mixin.py:190} INFO - [2025-01-13T23:43:04.295+0000] {dag.py:4180} INFO - Setting next_dagrun for tutorial to 2025-01-12 00:00:00+00:00, run_after=2025-01-13 00:00:00+00:00
[2025-01-13T23:43:04.313+0000] {processor.py:208} INFO - Processing /home/airflow/.local/lib/python3.12/site-packages/airflow/example_dags/tutorial.py took 0.070 seconds
[2025-01-13T23:43:34.597+0000] {processor.py:186} INFO - Started process (PID=2319) to work on /home/airflow/.local/lib/python3.12/site-packages/airflow/example_dags/tutorial.py
[2025-01-13T23:43:34.599+0000] {processor.py:914} INFO - Processing file /home/airflow/.local/lib/python3.12/site-packages/airflow/example_dags/tutorial.py for tasks to queue
[2025-01-13T23:43:34.602+0000] {logging_mixin.py:190} INFO - [2025-01-13T23:43:34.601+0000] {dagbag.py:588} INFO - Filling up the DagBag from /home/airflow/.local/lib/python3.12/site-packages/airflow/example_dags/tutorial.py
[2025-01-13T23:43:34.613+0000] {processor.py:925} INFO - DAG(s) 'tutorial' retrieved from /home/airflow/.local/lib/python3.12/site-packages/airflow/example_dags/tutorial.py
[2025-01-13T23:43:34.645+0000] {logging_mixin.py:190} INFO - [2025-01-13T23:43:34.644+0000] {dag.py:3239} INFO - Sync 1 DAGs
[2025-01-13T23:43:34.680+0000] {logging_mixin.py:190} INFO - [2025-01-13T23:43:34.679+0000] {dag.py:4180} INFO - Setting next_dagrun for tutorial to 2025-01-12 00:00:00+00:00, run_after=2025-01-13 00:00:00+00:00
[2025-01-13T23:43:34.706+0000] {processor.py:208} INFO - Processing /home/airflow/.local/lib/python3.12/site-packages/airflow/example_dags/tutorial.py took 0.115 seconds
[2025-01-13T23:44:04.791+0000] {processor.py:186} INFO - Started process (PID=2383) to work on /home/airflow/.local/lib/python3.12/site-packages/airflow/example_dags/tutorial.py
[2025-01-13T23:44:04.792+0000] {processor.py:914} INFO - Processing file /home/airflow/.local/lib/python3.12/site-packages/airflow/example_dags/tutorial.py for tasks to queue
[2025-01-13T23:44:04.794+0000] {logging_mixin.py:190} INFO - [2025-01-13T23:44:04.794+0000] {dagbag.py:588} INFO - Filling up the DagBag from /home/airflow/.local/lib/python3.12/site-packages/airflow/example_dags/tutorial.py
[2025-01-13T23:44:04.800+0000] {processor.py:925} INFO - DAG(s) 'tutorial' retrieved from /home/airflow/.local/lib/python3.12/site-packages/airflow/example_dags/tutorial.py
[2025-01-13T23:44:04.820+0000] {logging_mixin.py:190} INFO - [2025-01-13T23:44:04.819+0000] {dag.py:3239} INFO - Sync 1 DAGs
[2025-01-13T23:44:04.838+0000] {logging_mixin.py:190} INFO - [2025-01-13T23:44:04.837+0000] {dag.py:4180} INFO - Setting next_dagrun for tutorial to 2025-01-12 00:00:00+00:00, run_after=2025-01-13 00:00:00+00:00
[2025-01-13T23:44:04.851+0000] {processor.py:208} INFO - Processing /home/airflow/.local/lib/python3.12/site-packages/airflow/example_dags/tutorial.py took 0.065 seconds
[2025-01-13T23:44:35.176+0000] {processor.py:186} INFO - Started process (PID=2447) to work on /home/airflow/.local/lib/python3.12/site-packages/airflow/example_dags/tutorial.py
[2025-01-13T23:44:35.177+0000] {processor.py:914} INFO - Processing file /home/airflow/.local/lib/python3.12/site-packages/airflow/example_dags/tutorial.py for tasks to queue
[2025-01-13T23:44:35.179+0000] {logging_mixin.py:190} INFO - [2025-01-13T23:44:35.178+0000] {dagbag.py:588} INFO - Filling up the DagBag from /home/airflow/.local/lib/python3.12/site-packages/airflow/example_dags/tutorial.py
[2025-01-13T23:44:35.185+0000] {processor.py:925} INFO - DAG(s) 'tutorial' retrieved from /home/airflow/.local/lib/python3.12/site-packages/airflow/example_dags/tutorial.py
[2025-01-13T23:44:35.201+0000] {logging_mixin.py:190} INFO - [2025-01-13T23:44:35.201+0000] {dag.py:3239} INFO - Sync 1 DAGs
[2025-01-13T23:44:35.224+0000] {logging_mixin.py:190} INFO - [2025-01-13T23:44:35.224+0000] {dag.py:4180} INFO - Setting next_dagrun for tutorial to 2025-01-12 00:00:00+00:00, run_after=2025-01-13 00:00:00+00:00
[2025-01-13T23:44:35.241+0000] {processor.py:208} INFO - Processing /home/airflow/.local/lib/python3.12/site-packages/airflow/example_dags/tutorial.py took 0.068 seconds
[2025-01-13T23:45:05.436+0000] {processor.py:186} INFO - Started process (PID=2510) to work on /home/airflow/.local/lib/python3.12/site-packages/airflow/example_dags/tutorial.py
[2025-01-13T23:45:05.437+0000] {processor.py:914} INFO - Processing file /home/airflow/.local/lib/python3.12/site-packages/airflow/example_dags/tutorial.py for tasks to queue
[2025-01-13T23:45:05.439+0000] {logging_mixin.py:190} INFO - [2025-01-13T23:45:05.439+0000] {dagbag.py:588} INFO - Filling up the DagBag from /home/airflow/.local/lib/python3.12/site-packages/airflow/example_dags/tutorial.py
[2025-01-13T23:45:05.445+0000] {processor.py:925} INFO - DAG(s) 'tutorial' retrieved from /home/airflow/.local/lib/python3.12/site-packages/airflow/example_dags/tutorial.py
[2025-01-13T23:45:05.462+0000] {logging_mixin.py:190} INFO - [2025-01-13T23:45:05.462+0000] {dag.py:3239} INFO - Sync 1 DAGs
[2025-01-13T23:45:05.477+0000] {logging_mixin.py:190} INFO - [2025-01-13T23:45:05.477+0000] {dag.py:4180} INFO - Setting next_dagrun for tutorial to 2025-01-12 00:00:00+00:00, run_after=2025-01-13 00:00:00+00:00
[2025-01-13T23:45:05.491+0000] {processor.py:208} INFO - Processing /home/airflow/.local/lib/python3.12/site-packages/airflow/example_dags/tutorial.py took 0.059 seconds
[2025-01-13T23:45:35.568+0000] {processor.py:186} INFO - Started process (PID=2574) to work on /home/airflow/.local/lib/python3.12/site-packages/airflow/example_dags/tutorial.py
[2025-01-13T23:45:35.570+0000] {processor.py:914} INFO - Processing file /home/airflow/.local/lib/python3.12/site-packages/airflow/example_dags/tutorial.py for tasks to queue
[2025-01-13T23:45:35.572+0000] {logging_mixin.py:190} INFO - [2025-01-13T23:45:35.571+0000] {dagbag.py:588} INFO - Filling up the DagBag from /home/airflow/.local/lib/python3.12/site-packages/airflow/example_dags/tutorial.py
[2025-01-13T23:45:35.578+0000] {processor.py:925} INFO - DAG(s) 'tutorial' retrieved from /home/airflow/.local/lib/python3.12/site-packages/airflow/example_dags/tutorial.py
[2025-01-13T23:45:35.592+0000] {logging_mixin.py:190} INFO - [2025-01-13T23:45:35.592+0000] {dag.py:3239} INFO - Sync 1 DAGs
[2025-01-13T23:45:35.609+0000] {logging_mixin.py:190} INFO - [2025-01-13T23:45:35.608+0000] {dag.py:4180} INFO - Setting next_dagrun for tutorial to 2025-01-12 00:00:00+00:00, run_after=2025-01-13 00:00:00+00:00
[2025-01-13T23:45:35.622+0000] {processor.py:208} INFO - Processing /home/airflow/.local/lib/python3.12/site-packages/airflow/example_dags/tutorial.py took 0.057 seconds
[2025-01-13T23:46:06.358+0000] {processor.py:186} INFO - Started process (PID=2638) to work on /home/airflow/.local/lib/python3.12/site-packages/airflow/example_dags/tutorial.py
[2025-01-13T23:46:06.359+0000] {processor.py:914} INFO - Processing file /home/airflow/.local/lib/python3.12/site-packages/airflow/example_dags/tutorial.py for tasks to queue
[2025-01-13T23:46:06.361+0000] {logging_mixin.py:190} INFO - [2025-01-13T23:46:06.361+0000] {dagbag.py:588} INFO - Filling up the DagBag from /home/airflow/.local/lib/python3.12/site-packages/airflow/example_dags/tutorial.py
[2025-01-13T23:46:06.366+0000] {processor.py:925} INFO - DAG(s) 'tutorial' retrieved from /home/airflow/.local/lib/python3.12/site-packages/airflow/example_dags/tutorial.py
[2025-01-13T23:46:06.381+0000] {logging_mixin.py:190} INFO - [2025-01-13T23:46:06.381+0000] {dag.py:3239} INFO - Sync 1 DAGs
[2025-01-13T23:46:06.396+0000] {logging_mixin.py:190} INFO - [2025-01-13T23:46:06.396+0000] {dag.py:4180} INFO - Setting next_dagrun for tutorial to 2025-01-12 00:00:00+00:00, run_after=2025-01-13 00:00:00+00:00
[2025-01-13T23:46:06.411+0000] {processor.py:208} INFO - Processing /home/airflow/.local/lib/python3.12/site-packages/airflow/example_dags/tutorial.py took 0.056 seconds
[2025-01-13T23:46:36.507+0000] {processor.py:186} INFO - Started process (PID=2701) to work on /home/airflow/.local/lib/python3.12/site-packages/airflow/example_dags/tutorial.py
[2025-01-13T23:46:36.508+0000] {processor.py:914} INFO - Processing file /home/airflow/.local/lib/python3.12/site-packages/airflow/example_dags/tutorial.py for tasks to queue
[2025-01-13T23:46:36.510+0000] {logging_mixin.py:190} INFO - [2025-01-13T23:46:36.510+0000] {dagbag.py:588} INFO - Filling up the DagBag from /home/airflow/.local/lib/python3.12/site-packages/airflow/example_dags/tutorial.py
[2025-01-13T23:46:36.516+0000] {processor.py:925} INFO - DAG(s) 'tutorial' retrieved from /home/airflow/.local/lib/python3.12/site-packages/airflow/example_dags/tutorial.py
[2025-01-13T23:46:36.531+0000] {logging_mixin.py:190} INFO - [2025-01-13T23:46:36.531+0000] {dag.py:3239} INFO - Sync 1 DAGs
[2025-01-13T23:46:36.548+0000] {logging_mixin.py:190} INFO - [2025-01-13T23:46:36.548+0000] {dag.py:4180} INFO - Setting next_dagrun for tutorial to 2025-01-12 00:00:00+00:00, run_after=2025-01-13 00:00:00+00:00
[2025-01-13T23:46:36.562+0000] {processor.py:208} INFO - Processing /home/airflow/.local/lib/python3.12/site-packages/airflow/example_dags/tutorial.py took 0.059 seconds
[2025-01-13T23:47:07.449+0000] {processor.py:186} INFO - Started process (PID=2765) to work on /home/airflow/.local/lib/python3.12/site-packages/airflow/example_dags/tutorial.py
[2025-01-13T23:47:07.450+0000] {processor.py:914} INFO - Processing file /home/airflow/.local/lib/python3.12/site-packages/airflow/example_dags/tutorial.py for tasks to queue
[2025-01-13T23:47:07.452+0000] {logging_mixin.py:190} INFO - [2025-01-13T23:47:07.452+0000] {dagbag.py:588} INFO - Filling up the DagBag from /home/airflow/.local/lib/python3.12/site-packages/airflow/example_dags/tutorial.py
[2025-01-13T23:47:07.457+0000] {processor.py:925} INFO - DAG(s) 'tutorial' retrieved from /home/airflow/.local/lib/python3.12/site-packages/airflow/example_dags/tutorial.py
[2025-01-13T23:47:07.470+0000] {logging_mixin.py:190} INFO - [2025-01-13T23:47:07.470+0000] {dag.py:3239} INFO - Sync 1 DAGs
[2025-01-13T23:47:07.484+0000] {logging_mixin.py:190} INFO - [2025-01-13T23:47:07.484+0000] {dag.py:4180} INFO - Setting next_dagrun for tutorial to 2025-01-12 00:00:00+00:00, run_after=2025-01-13 00:00:00+00:00
[2025-01-13T23:47:07.619+0000] {processor.py:208} INFO - Processing /home/airflow/.local/lib/python3.12/site-packages/airflow/example_dags/tutorial.py took 0.174 seconds
[2025-01-13T23:47:37.661+0000] {processor.py:186} INFO - Started process (PID=2829) to work on /home/airflow/.local/lib/python3.12/site-packages/airflow/example_dags/tutorial.py
[2025-01-13T23:47:37.662+0000] {processor.py:914} INFO - Processing file /home/airflow/.local/lib/python3.12/site-packages/airflow/example_dags/tutorial.py for tasks to queue
[2025-01-13T23:47:37.664+0000] {logging_mixin.py:190} INFO - [2025-01-13T23:47:37.664+0000] {dagbag.py:588} INFO - Filling up the DagBag from /home/airflow/.local/lib/python3.12/site-packages/airflow/example_dags/tutorial.py
[2025-01-13T23:47:37.670+0000] {processor.py:925} INFO - DAG(s) 'tutorial' retrieved from /home/airflow/.local/lib/python3.12/site-packages/airflow/example_dags/tutorial.py
[2025-01-13T23:47:37.684+0000] {logging_mixin.py:190} INFO - [2025-01-13T23:47:37.684+0000] {dag.py:3239} INFO - Sync 1 DAGs
[2025-01-13T23:47:37.700+0000] {logging_mixin.py:190} INFO - [2025-01-13T23:47:37.700+0000] {dag.py:4180} INFO - Setting next_dagrun for tutorial to 2025-01-12 00:00:00+00:00, run_after=2025-01-13 00:00:00+00:00
[2025-01-13T23:47:37.715+0000] {processor.py:208} INFO - Processing /home/airflow/.local/lib/python3.12/site-packages/airflow/example_dags/tutorial.py took 0.058 seconds
[2025-01-13T23:48:08.422+0000] {processor.py:186} INFO - Started process (PID=2893) to work on /home/airflow/.local/lib/python3.12/site-packages/airflow/example_dags/tutorial.py
[2025-01-13T23:48:08.423+0000] {processor.py:914} INFO - Processing file /home/airflow/.local/lib/python3.12/site-packages/airflow/example_dags/tutorial.py for tasks to queue
[2025-01-13T23:48:08.425+0000] {logging_mixin.py:190} INFO - [2025-01-13T23:48:08.424+0000] {dagbag.py:588} INFO - Filling up the DagBag from /home/airflow/.local/lib/python3.12/site-packages/airflow/example_dags/tutorial.py
[2025-01-13T23:48:08.430+0000] {processor.py:925} INFO - DAG(s) 'tutorial' retrieved from /home/airflow/.local/lib/python3.12/site-packages/airflow/example_dags/tutorial.py
[2025-01-13T23:48:08.446+0000] {logging_mixin.py:190} INFO - [2025-01-13T23:48:08.445+0000] {dag.py:3239} INFO - Sync 1 DAGs
[2025-01-13T23:48:08.460+0000] {logging_mixin.py:190} INFO - [2025-01-13T23:48:08.460+0000] {dag.py:4180} INFO - Setting next_dagrun for tutorial to 2025-01-12 00:00:00+00:00, run_after=2025-01-13 00:00:00+00:00
[2025-01-13T23:48:08.472+0000] {processor.py:208} INFO - Processing /home/airflow/.local/lib/python3.12/site-packages/airflow/example_dags/tutorial.py took 0.054 seconds
[2025-01-13T23:48:39.251+0000] {processor.py:186} INFO - Started process (PID=2957) to work on /home/airflow/.local/lib/python3.12/site-packages/airflow/example_dags/tutorial.py
[2025-01-13T23:48:39.252+0000] {processor.py:914} INFO - Processing file /home/airflow/.local/lib/python3.12/site-packages/airflow/example_dags/tutorial.py for tasks to queue
[2025-01-13T23:48:39.254+0000] {logging_mixin.py:190} INFO - [2025-01-13T23:48:39.254+0000] {dagbag.py:588} INFO - Filling up the DagBag from /home/airflow/.local/lib/python3.12/site-packages/airflow/example_dags/tutorial.py
[2025-01-13T23:48:39.261+0000] {processor.py:925} INFO - DAG(s) 'tutorial' retrieved from /home/airflow/.local/lib/python3.12/site-packages/airflow/example_dags/tutorial.py
[2025-01-13T23:48:39.275+0000] {logging_mixin.py:190} INFO - [2025-01-13T23:48:39.275+0000] {dag.py:3239} INFO - Sync 1 DAGs
[2025-01-13T23:48:39.292+0000] {logging_mixin.py:190} INFO - [2025-01-13T23:48:39.292+0000] {dag.py:4180} INFO - Setting next_dagrun for tutorial to 2025-01-12 00:00:00+00:00, run_after=2025-01-13 00:00:00+00:00
[2025-01-13T23:48:39.316+0000] {processor.py:208} INFO - Processing /home/airflow/.local/lib/python3.12/site-packages/airflow/example_dags/tutorial.py took 0.069 seconds
[2025-01-13T23:49:11.808+0000] {processor.py:186} INFO - Started process (PID=3021) to work on /home/airflow/.local/lib/python3.12/site-packages/airflow/example_dags/tutorial.py
[2025-01-13T23:49:11.809+0000] {processor.py:914} INFO - Processing file /home/airflow/.local/lib/python3.12/site-packages/airflow/example_dags/tutorial.py for tasks to queue
[2025-01-13T23:49:11.812+0000] {logging_mixin.py:190} INFO - [2025-01-13T23:49:11.812+0000] {dagbag.py:588} INFO - Filling up the DagBag from /home/airflow/.local/lib/python3.12/site-packages/airflow/example_dags/tutorial.py
[2025-01-13T23:49:11.821+0000] {processor.py:925} INFO - DAG(s) 'tutorial' retrieved from /home/airflow/.local/lib/python3.12/site-packages/airflow/example_dags/tutorial.py
[2025-01-13T23:49:11.844+0000] {logging_mixin.py:190} INFO - [2025-01-13T23:49:11.844+0000] {dag.py:3239} INFO - Sync 1 DAGs
[2025-01-13T23:49:11.866+0000] {logging_mixin.py:190} INFO - [2025-01-13T23:49:11.865+0000] {dag.py:4180} INFO - Setting next_dagrun for tutorial to 2025-01-12 00:00:00+00:00, run_after=2025-01-13 00:00:00+00:00
[2025-01-13T23:49:11.892+0000] {processor.py:208} INFO - Processing /home/airflow/.local/lib/python3.12/site-packages/airflow/example_dags/tutorial.py took 0.091 seconds
[2025-01-13T23:49:42.270+0000] {processor.py:186} INFO - Started process (PID=3084) to work on /home/airflow/.local/lib/python3.12/site-packages/airflow/example_dags/tutorial.py
[2025-01-13T23:49:42.271+0000] {processor.py:914} INFO - Processing file /home/airflow/.local/lib/python3.12/site-packages/airflow/example_dags/tutorial.py for tasks to queue
[2025-01-13T23:49:42.273+0000] {logging_mixin.py:190} INFO - [2025-01-13T23:49:42.273+0000] {dagbag.py:588} INFO - Filling up the DagBag from /home/airflow/.local/lib/python3.12/site-packages/airflow/example_dags/tutorial.py
[2025-01-13T23:49:42.281+0000] {processor.py:925} INFO - DAG(s) 'tutorial' retrieved from /home/airflow/.local/lib/python3.12/site-packages/airflow/example_dags/tutorial.py
[2025-01-13T23:49:42.297+0000] {logging_mixin.py:190} INFO - [2025-01-13T23:49:42.297+0000] {dag.py:3239} INFO - Sync 1 DAGs
[2025-01-13T23:49:42.450+0000] {logging_mixin.py:190} INFO - [2025-01-13T23:49:42.450+0000] {dag.py:4180} INFO - Setting next_dagrun for tutorial to 2025-01-12 00:00:00+00:00, run_after=2025-01-13 00:00:00+00:00
[2025-01-13T23:49:42.465+0000] {processor.py:208} INFO - Processing /home/airflow/.local/lib/python3.12/site-packages/airflow/example_dags/tutorial.py took 0.199 seconds
[2025-01-13T23:50:12.868+0000] {processor.py:186} INFO - Started process (PID=3148) to work on /home/airflow/.local/lib/python3.12/site-packages/airflow/example_dags/tutorial.py
[2025-01-13T23:50:12.869+0000] {processor.py:914} INFO - Processing file /home/airflow/.local/lib/python3.12/site-packages/airflow/example_dags/tutorial.py for tasks to queue
[2025-01-13T23:50:12.872+0000] {logging_mixin.py:190} INFO - [2025-01-13T23:50:12.871+0000] {dagbag.py:588} INFO - Filling up the DagBag from /home/airflow/.local/lib/python3.12/site-packages/airflow/example_dags/tutorial.py
[2025-01-13T23:50:12.886+0000] {processor.py:925} INFO - DAG(s) 'tutorial' retrieved from /home/airflow/.local/lib/python3.12/site-packages/airflow/example_dags/tutorial.py
[2025-01-13T23:50:12.909+0000] {logging_mixin.py:190} INFO - [2025-01-13T23:50:12.909+0000] {dag.py:3239} INFO - Sync 1 DAGs
[2025-01-13T23:50:13.131+0000] {logging_mixin.py:190} INFO - [2025-01-13T23:50:13.131+0000] {dag.py:4180} INFO - Setting next_dagrun for tutorial to 2025-01-12 00:00:00+00:00, run_after=2025-01-13 00:00:00+00:00
[2025-01-13T23:50:13.158+0000] {processor.py:208} INFO - Processing /home/airflow/.local/lib/python3.12/site-packages/airflow/example_dags/tutorial.py took 0.297 seconds
[2025-01-13T23:50:44.012+0000] {processor.py:186} INFO - Started process (PID=3212) to work on /home/airflow/.local/lib/python3.12/site-packages/airflow/example_dags/tutorial.py
[2025-01-13T23:50:44.014+0000] {processor.py:914} INFO - Processing file /home/airflow/.local/lib/python3.12/site-packages/airflow/example_dags/tutorial.py for tasks to queue
[2025-01-13T23:50:44.017+0000] {logging_mixin.py:190} INFO - [2025-01-13T23:50:44.017+0000] {dagbag.py:588} INFO - Filling up the DagBag from /home/airflow/.local/lib/python3.12/site-packages/airflow/example_dags/tutorial.py
[2025-01-13T23:50:44.026+0000] {processor.py:925} INFO - DAG(s) 'tutorial' retrieved from /home/airflow/.local/lib/python3.12/site-packages/airflow/example_dags/tutorial.py
[2025-01-13T23:50:44.053+0000] {logging_mixin.py:190} INFO - [2025-01-13T23:50:44.052+0000] {dag.py:3239} INFO - Sync 1 DAGs
[2025-01-13T23:50:44.080+0000] {logging_mixin.py:190} INFO - [2025-01-13T23:50:44.080+0000] {dag.py:4180} INFO - Setting next_dagrun for tutorial to 2025-01-12 00:00:00+00:00, run_after=2025-01-13 00:00:00+00:00
[2025-01-13T23:50:44.108+0000] {processor.py:208} INFO - Processing /home/airflow/.local/lib/python3.12/site-packages/airflow/example_dags/tutorial.py took 0.103 seconds
[2025-01-13T23:51:15.007+0000] {processor.py:186} INFO - Started process (PID=3275) to work on /home/airflow/.local/lib/python3.12/site-packages/airflow/example_dags/tutorial.py
[2025-01-13T23:51:15.008+0000] {processor.py:914} INFO - Processing file /home/airflow/.local/lib/python3.12/site-packages/airflow/example_dags/tutorial.py for tasks to queue
[2025-01-13T23:51:15.011+0000] {logging_mixin.py:190} INFO - [2025-01-13T23:51:15.011+0000] {dagbag.py:588} INFO - Filling up the DagBag from /home/airflow/.local/lib/python3.12/site-packages/airflow/example_dags/tutorial.py
[2025-01-13T23:51:15.020+0000] {processor.py:925} INFO - DAG(s) 'tutorial' retrieved from /home/airflow/.local/lib/python3.12/site-packages/airflow/example_dags/tutorial.py
[2025-01-13T23:51:15.040+0000] {logging_mixin.py:190} INFO - [2025-01-13T23:51:15.040+0000] {dag.py:3239} INFO - Sync 1 DAGs
[2025-01-13T23:51:15.061+0000] {logging_mixin.py:190} INFO - [2025-01-13T23:51:15.061+0000] {dag.py:4180} INFO - Setting next_dagrun for tutorial to 2025-01-12 00:00:00+00:00, run_after=2025-01-13 00:00:00+00:00
[2025-01-13T23:51:15.080+0000] {processor.py:208} INFO - Processing /home/airflow/.local/lib/python3.12/site-packages/airflow/example_dags/tutorial.py took 0.077 seconds
[2025-01-13T23:51:45.352+0000] {processor.py:186} INFO - Started process (PID=3340) to work on /home/airflow/.local/lib/python3.12/site-packages/airflow/example_dags/tutorial.py
[2025-01-13T23:51:45.353+0000] {processor.py:914} INFO - Processing file /home/airflow/.local/lib/python3.12/site-packages/airflow/example_dags/tutorial.py for tasks to queue
[2025-01-13T23:51:45.355+0000] {logging_mixin.py:190} INFO - [2025-01-13T23:51:45.355+0000] {dagbag.py:588} INFO - Filling up the DagBag from /home/airflow/.local/lib/python3.12/site-packages/airflow/example_dags/tutorial.py
[2025-01-13T23:51:45.361+0000] {processor.py:925} INFO - DAG(s) 'tutorial' retrieved from /home/airflow/.local/lib/python3.12/site-packages/airflow/example_dags/tutorial.py
[2025-01-13T23:51:45.380+0000] {logging_mixin.py:190} INFO - [2025-01-13T23:51:45.380+0000] {dag.py:3239} INFO - Sync 1 DAGs
[2025-01-13T23:51:45.399+0000] {logging_mixin.py:190} INFO - [2025-01-13T23:51:45.398+0000] {dag.py:4180} INFO - Setting next_dagrun for tutorial to 2025-01-12 00:00:00+00:00, run_after=2025-01-13 00:00:00+00:00
[2025-01-13T23:51:45.417+0000] {processor.py:208} INFO - Processing /home/airflow/.local/lib/python3.12/site-packages/airflow/example_dags/tutorial.py took 0.070 seconds
[2025-01-13T23:52:15.710+0000] {processor.py:186} INFO - Started process (PID=3403) to work on /home/airflow/.local/lib/python3.12/site-packages/airflow/example_dags/tutorial.py
[2025-01-13T23:52:15.712+0000] {processor.py:914} INFO - Processing file /home/airflow/.local/lib/python3.12/site-packages/airflow/example_dags/tutorial.py for tasks to queue
[2025-01-13T23:52:15.715+0000] {logging_mixin.py:190} INFO - [2025-01-13T23:52:15.715+0000] {dagbag.py:588} INFO - Filling up the DagBag from /home/airflow/.local/lib/python3.12/site-packages/airflow/example_dags/tutorial.py
[2025-01-13T23:52:15.726+0000] {processor.py:925} INFO - DAG(s) 'tutorial' retrieved from /home/airflow/.local/lib/python3.12/site-packages/airflow/example_dags/tutorial.py
[2025-01-13T23:52:15.748+0000] {logging_mixin.py:190} INFO - [2025-01-13T23:52:15.747+0000] {dag.py:3239} INFO - Sync 1 DAGs
[2025-01-13T23:52:15.769+0000] {logging_mixin.py:190} INFO - [2025-01-13T23:52:15.768+0000] {dag.py:4180} INFO - Setting next_dagrun for tutorial to 2025-01-12 00:00:00+00:00, run_after=2025-01-13 00:00:00+00:00
[2025-01-13T23:52:15.789+0000] {processor.py:208} INFO - Processing /home/airflow/.local/lib/python3.12/site-packages/airflow/example_dags/tutorial.py took 0.084 seconds
[2025-01-13T23:52:45.863+0000] {processor.py:186} INFO - Started process (PID=3467) to work on /home/airflow/.local/lib/python3.12/site-packages/airflow/example_dags/tutorial.py
[2025-01-13T23:52:45.864+0000] {processor.py:914} INFO - Processing file /home/airflow/.local/lib/python3.12/site-packages/airflow/example_dags/tutorial.py for tasks to queue
[2025-01-13T23:52:45.866+0000] {logging_mixin.py:190} INFO - [2025-01-13T23:52:45.866+0000] {dagbag.py:588} INFO - Filling up the DagBag from /home/airflow/.local/lib/python3.12/site-packages/airflow/example_dags/tutorial.py
[2025-01-13T23:52:45.872+0000] {processor.py:925} INFO - DAG(s) 'tutorial' retrieved from /home/airflow/.local/lib/python3.12/site-packages/airflow/example_dags/tutorial.py
[2025-01-13T23:52:45.892+0000] {logging_mixin.py:190} INFO - [2025-01-13T23:52:45.892+0000] {dag.py:3239} INFO - Sync 1 DAGs
[2025-01-13T23:52:45.913+0000] {logging_mixin.py:190} INFO - [2025-01-13T23:52:45.913+0000] {dag.py:4180} INFO - Setting next_dagrun for tutorial to 2025-01-12 00:00:00+00:00, run_after=2025-01-13 00:00:00+00:00
[2025-01-13T23:52:45.932+0000] {processor.py:208} INFO - Processing /home/airflow/.local/lib/python3.12/site-packages/airflow/example_dags/tutorial.py took 0.073 seconds
[2025-01-13T23:53:16.394+0000] {processor.py:186} INFO - Started process (PID=3531) to work on /home/airflow/.local/lib/python3.12/site-packages/airflow/example_dags/tutorial.py
[2025-01-13T23:53:16.395+0000] {processor.py:914} INFO - Processing file /home/airflow/.local/lib/python3.12/site-packages/airflow/example_dags/tutorial.py for tasks to queue
[2025-01-13T23:53:16.397+0000] {logging_mixin.py:190} INFO - [2025-01-13T23:53:16.397+0000] {dagbag.py:588} INFO - Filling up the DagBag from /home/airflow/.local/lib/python3.12/site-packages/airflow/example_dags/tutorial.py
[2025-01-13T23:53:16.403+0000] {processor.py:925} INFO - DAG(s) 'tutorial' retrieved from /home/airflow/.local/lib/python3.12/site-packages/airflow/example_dags/tutorial.py
[2025-01-13T23:53:16.418+0000] {logging_mixin.py:190} INFO - [2025-01-13T23:53:16.418+0000] {dag.py:3239} INFO - Sync 1 DAGs
[2025-01-13T23:53:16.436+0000] {logging_mixin.py:190} INFO - [2025-01-13T23:53:16.436+0000] {dag.py:4180} INFO - Setting next_dagrun for tutorial to 2025-01-12 00:00:00+00:00, run_after=2025-01-13 00:00:00+00:00
[2025-01-13T23:53:16.452+0000] {processor.py:208} INFO - Processing /home/airflow/.local/lib/python3.12/site-packages/airflow/example_dags/tutorial.py took 0.062 seconds
[2025-01-13T23:53:47.237+0000] {processor.py:186} INFO - Started process (PID=3595) to work on /home/airflow/.local/lib/python3.12/site-packages/airflow/example_dags/tutorial.py
[2025-01-13T23:53:47.238+0000] {processor.py:914} INFO - Processing file /home/airflow/.local/lib/python3.12/site-packages/airflow/example_dags/tutorial.py for tasks to queue
[2025-01-13T23:53:47.240+0000] {logging_mixin.py:190} INFO - [2025-01-13T23:53:47.240+0000] {dagbag.py:588} INFO - Filling up the DagBag from /home/airflow/.local/lib/python3.12/site-packages/airflow/example_dags/tutorial.py
[2025-01-13T23:53:47.246+0000] {processor.py:925} INFO - DAG(s) 'tutorial' retrieved from /home/airflow/.local/lib/python3.12/site-packages/airflow/example_dags/tutorial.py
[2025-01-13T23:53:47.264+0000] {logging_mixin.py:190} INFO - [2025-01-13T23:53:47.264+0000] {dag.py:3239} INFO - Sync 1 DAGs
[2025-01-13T23:53:47.284+0000] {logging_mixin.py:190} INFO - [2025-01-13T23:53:47.284+0000] {dag.py:4180} INFO - Setting next_dagrun for tutorial to 2025-01-12 00:00:00+00:00, run_after=2025-01-13 00:00:00+00:00
[2025-01-13T23:53:47.302+0000] {processor.py:208} INFO - Processing /home/airflow/.local/lib/python3.12/site-packages/airflow/example_dags/tutorial.py took 0.069 seconds
[2025-01-13T23:54:17.992+0000] {processor.py:186} INFO - Started process (PID=3650) to work on /home/airflow/.local/lib/python3.12/site-packages/airflow/example_dags/tutorial.py
[2025-01-13T23:54:17.993+0000] {processor.py:914} INFO - Processing file /home/airflow/.local/lib/python3.12/site-packages/airflow/example_dags/tutorial.py for tasks to queue
[2025-01-13T23:54:17.996+0000] {logging_mixin.py:190} INFO - [2025-01-13T23:54:17.995+0000] {dagbag.py:588} INFO - Filling up the DagBag from /home/airflow/.local/lib/python3.12/site-packages/airflow/example_dags/tutorial.py
[2025-01-13T23:54:18.006+0000] {processor.py:925} INFO - DAG(s) 'tutorial' retrieved from /home/airflow/.local/lib/python3.12/site-packages/airflow/example_dags/tutorial.py
[2025-01-13T23:54:18.030+0000] {logging_mixin.py:190} INFO - [2025-01-13T23:54:18.029+0000] {dag.py:3239} INFO - Sync 1 DAGs
[2025-01-13T23:54:18.055+0000] {logging_mixin.py:190} INFO - [2025-01-13T23:54:18.055+0000] {dag.py:4180} INFO - Setting next_dagrun for tutorial to 2025-01-12 00:00:00+00:00, run_after=2025-01-13 00:00:00+00:00
[2025-01-13T23:54:18.083+0000] {processor.py:208} INFO - Processing /home/airflow/.local/lib/python3.12/site-packages/airflow/example_dags/tutorial.py took 0.097 seconds
[2025-01-13T23:54:48.268+0000] {processor.py:186} INFO - Started process (PID=3711) to work on /home/airflow/.local/lib/python3.12/site-packages/airflow/example_dags/tutorial.py
[2025-01-13T23:54:48.270+0000] {processor.py:914} INFO - Processing file /home/airflow/.local/lib/python3.12/site-packages/airflow/example_dags/tutorial.py for tasks to queue
[2025-01-13T23:54:48.274+0000] {logging_mixin.py:190} INFO - [2025-01-13T23:54:48.273+0000] {dagbag.py:588} INFO - Filling up the DagBag from /home/airflow/.local/lib/python3.12/site-packages/airflow/example_dags/tutorial.py
[2025-01-13T23:54:48.283+0000] {processor.py:925} INFO - DAG(s) 'tutorial' retrieved from /home/airflow/.local/lib/python3.12/site-packages/airflow/example_dags/tutorial.py
[2025-01-13T23:54:48.307+0000] {logging_mixin.py:190} INFO - [2025-01-13T23:54:48.307+0000] {dag.py:3239} INFO - Sync 1 DAGs
[2025-01-13T23:54:48.325+0000] {logging_mixin.py:190} INFO - [2025-01-13T23:54:48.325+0000] {dag.py:4180} INFO - Setting next_dagrun for tutorial to 2025-01-12 00:00:00+00:00, run_after=2025-01-13 00:00:00+00:00
[2025-01-13T23:54:48.344+0000] {processor.py:208} INFO - Processing /home/airflow/.local/lib/python3.12/site-packages/airflow/example_dags/tutorial.py took 0.082 seconds
[2025-01-13T23:55:18.999+0000] {processor.py:186} INFO - Started process (PID=3776) to work on /home/airflow/.local/lib/python3.12/site-packages/airflow/example_dags/tutorial.py
[2025-01-13T23:55:19.000+0000] {processor.py:914} INFO - Processing file /home/airflow/.local/lib/python3.12/site-packages/airflow/example_dags/tutorial.py for tasks to queue
[2025-01-13T23:55:19.002+0000] {logging_mixin.py:190} INFO - [2025-01-13T23:55:19.002+0000] {dagbag.py:588} INFO - Filling up the DagBag from /home/airflow/.local/lib/python3.12/site-packages/airflow/example_dags/tutorial.py
[2025-01-13T23:55:19.011+0000] {processor.py:925} INFO - DAG(s) 'tutorial' retrieved from /home/airflow/.local/lib/python3.12/site-packages/airflow/example_dags/tutorial.py
[2025-01-13T23:55:19.032+0000] {logging_mixin.py:190} INFO - [2025-01-13T23:55:19.032+0000] {dag.py:3239} INFO - Sync 1 DAGs
[2025-01-13T23:55:19.050+0000] {logging_mixin.py:190} INFO - [2025-01-13T23:55:19.049+0000] {dag.py:4180} INFO - Setting next_dagrun for tutorial to 2025-01-12 00:00:00+00:00, run_after=2025-01-13 00:00:00+00:00
[2025-01-13T23:55:19.070+0000] {processor.py:208} INFO - Processing /home/airflow/.local/lib/python3.12/site-packages/airflow/example_dags/tutorial.py took 0.075 seconds
[2025-01-13T23:55:49.882+0000] {processor.py:186} INFO - Started process (PID=3846) to work on /home/airflow/.local/lib/python3.12/site-packages/airflow/example_dags/tutorial.py
[2025-01-13T23:55:49.884+0000] {processor.py:914} INFO - Processing file /home/airflow/.local/lib/python3.12/site-packages/airflow/example_dags/tutorial.py for tasks to queue
[2025-01-13T23:55:49.888+0000] {logging_mixin.py:190} INFO - [2025-01-13T23:55:49.887+0000] {dagbag.py:588} INFO - Filling up the DagBag from /home/airflow/.local/lib/python3.12/site-packages/airflow/example_dags/tutorial.py
[2025-01-13T23:55:49.897+0000] {processor.py:925} INFO - DAG(s) 'tutorial' retrieved from /home/airflow/.local/lib/python3.12/site-packages/airflow/example_dags/tutorial.py
[2025-01-13T23:55:49.924+0000] {logging_mixin.py:190} INFO - [2025-01-13T23:55:49.923+0000] {dag.py:3239} INFO - Sync 1 DAGs
[2025-01-13T23:55:49.949+0000] {logging_mixin.py:190} INFO - [2025-01-13T23:55:49.948+0000] {dag.py:4180} INFO - Setting next_dagrun for tutorial to 2025-01-12 00:00:00+00:00, run_after=2025-01-13 00:00:00+00:00
[2025-01-13T23:55:49.974+0000] {processor.py:208} INFO - Processing /home/airflow/.local/lib/python3.12/site-packages/airflow/example_dags/tutorial.py took 0.099 seconds
[2025-01-13T23:56:20.124+0000] {processor.py:186} INFO - Started process (PID=3910) to work on /home/airflow/.local/lib/python3.12/site-packages/airflow/example_dags/tutorial.py
[2025-01-13T23:56:20.125+0000] {processor.py:914} INFO - Processing file /home/airflow/.local/lib/python3.12/site-packages/airflow/example_dags/tutorial.py for tasks to queue
[2025-01-13T23:56:20.131+0000] {logging_mixin.py:190} INFO - [2025-01-13T23:56:20.130+0000] {dagbag.py:588} INFO - Filling up the DagBag from /home/airflow/.local/lib/python3.12/site-packages/airflow/example_dags/tutorial.py
[2025-01-13T23:56:20.143+0000] {processor.py:925} INFO - DAG(s) 'tutorial' retrieved from /home/airflow/.local/lib/python3.12/site-packages/airflow/example_dags/tutorial.py
[2025-01-13T23:56:20.170+0000] {logging_mixin.py:190} INFO - [2025-01-13T23:56:20.170+0000] {dag.py:3239} INFO - Sync 1 DAGs
[2025-01-13T23:56:20.199+0000] {logging_mixin.py:190} INFO - [2025-01-13T23:56:20.198+0000] {dag.py:4180} INFO - Setting next_dagrun for tutorial to 2025-01-12 00:00:00+00:00, run_after=2025-01-13 00:00:00+00:00
[2025-01-13T23:56:20.226+0000] {processor.py:208} INFO - Processing /home/airflow/.local/lib/python3.12/site-packages/airflow/example_dags/tutorial.py took 0.110 seconds
[2025-01-13T23:56:50.923+0000] {processor.py:186} INFO - Started process (PID=3974) to work on /home/airflow/.local/lib/python3.12/site-packages/airflow/example_dags/tutorial.py
[2025-01-13T23:56:50.925+0000] {processor.py:914} INFO - Processing file /home/airflow/.local/lib/python3.12/site-packages/airflow/example_dags/tutorial.py for tasks to queue
[2025-01-13T23:56:50.929+0000] {logging_mixin.py:190} INFO - [2025-01-13T23:56:50.928+0000] {dagbag.py:588} INFO - Filling up the DagBag from /home/airflow/.local/lib/python3.12/site-packages/airflow/example_dags/tutorial.py
[2025-01-13T23:56:50.939+0000] {processor.py:925} INFO - DAG(s) 'tutorial' retrieved from /home/airflow/.local/lib/python3.12/site-packages/airflow/example_dags/tutorial.py
[2025-01-13T23:56:50.966+0000] {logging_mixin.py:190} INFO - [2025-01-13T23:56:50.965+0000] {dag.py:3239} INFO - Sync 1 DAGs
[2025-01-13T23:56:51.002+0000] {logging_mixin.py:190} INFO - [2025-01-13T23:56:51.002+0000] {dag.py:4180} INFO - Setting next_dagrun for tutorial to 2025-01-12 00:00:00+00:00, run_after=2025-01-13 00:00:00+00:00
[2025-01-13T23:56:51.032+0000] {processor.py:208} INFO - Processing /home/airflow/.local/lib/python3.12/site-packages/airflow/example_dags/tutorial.py took 0.117 seconds
[2025-01-13T23:57:21.348+0000] {processor.py:186} INFO - Started process (PID=4038) to work on /home/airflow/.local/lib/python3.12/site-packages/airflow/example_dags/tutorial.py
[2025-01-13T23:57:21.349+0000] {processor.py:914} INFO - Processing file /home/airflow/.local/lib/python3.12/site-packages/airflow/example_dags/tutorial.py for tasks to queue
[2025-01-13T23:57:21.353+0000] {logging_mixin.py:190} INFO - [2025-01-13T23:57:21.353+0000] {dagbag.py:588} INFO - Filling up the DagBag from /home/airflow/.local/lib/python3.12/site-packages/airflow/example_dags/tutorial.py
[2025-01-13T23:57:21.364+0000] {processor.py:925} INFO - DAG(s) 'tutorial' retrieved from /home/airflow/.local/lib/python3.12/site-packages/airflow/example_dags/tutorial.py
[2025-01-13T23:57:21.392+0000] {logging_mixin.py:190} INFO - [2025-01-13T23:57:21.392+0000] {dag.py:3239} INFO - Sync 1 DAGs
[2025-01-13T23:57:21.416+0000] {logging_mixin.py:190} INFO - [2025-01-13T23:57:21.416+0000] {dag.py:4180} INFO - Setting next_dagrun for tutorial to 2025-01-12 00:00:00+00:00, run_after=2025-01-13 00:00:00+00:00
[2025-01-13T23:57:21.442+0000] {processor.py:208} INFO - Processing /home/airflow/.local/lib/python3.12/site-packages/airflow/example_dags/tutorial.py took 0.101 seconds
[2025-01-13T23:57:52.385+0000] {processor.py:186} INFO - Started process (PID=4101) to work on /home/airflow/.local/lib/python3.12/site-packages/airflow/example_dags/tutorial.py
[2025-01-13T23:57:52.387+0000] {processor.py:914} INFO - Processing file /home/airflow/.local/lib/python3.12/site-packages/airflow/example_dags/tutorial.py for tasks to queue
[2025-01-13T23:57:52.392+0000] {logging_mixin.py:190} INFO - [2025-01-13T23:57:52.391+0000] {dagbag.py:588} INFO - Filling up the DagBag from /home/airflow/.local/lib/python3.12/site-packages/airflow/example_dags/tutorial.py
[2025-01-13T23:57:52.400+0000] {processor.py:925} INFO - DAG(s) 'tutorial' retrieved from /home/airflow/.local/lib/python3.12/site-packages/airflow/example_dags/tutorial.py
[2025-01-13T23:57:52.421+0000] {logging_mixin.py:190} INFO - [2025-01-13T23:57:52.421+0000] {dag.py:3239} INFO - Sync 1 DAGs
[2025-01-13T23:57:52.445+0000] {logging_mixin.py:190} INFO - [2025-01-13T23:57:52.445+0000] {dag.py:4180} INFO - Setting next_dagrun for tutorial to 2025-01-12 00:00:00+00:00, run_after=2025-01-13 00:00:00+00:00
[2025-01-13T23:57:52.480+0000] {processor.py:208} INFO - Processing /home/airflow/.local/lib/python3.12/site-packages/airflow/example_dags/tutorial.py took 0.099 seconds
[2025-01-13T23:58:23.061+0000] {processor.py:186} INFO - Started process (PID=4164) to work on /home/airflow/.local/lib/python3.12/site-packages/airflow/example_dags/tutorial.py
[2025-01-13T23:58:23.062+0000] {processor.py:914} INFO - Processing file /home/airflow/.local/lib/python3.12/site-packages/airflow/example_dags/tutorial.py for tasks to queue
[2025-01-13T23:58:23.065+0000] {logging_mixin.py:190} INFO - [2025-01-13T23:58:23.065+0000] {dagbag.py:588} INFO - Filling up the DagBag from /home/airflow/.local/lib/python3.12/site-packages/airflow/example_dags/tutorial.py
[2025-01-13T23:58:23.073+0000] {processor.py:925} INFO - DAG(s) 'tutorial' retrieved from /home/airflow/.local/lib/python3.12/site-packages/airflow/example_dags/tutorial.py
[2025-01-13T23:58:23.093+0000] {logging_mixin.py:190} INFO - [2025-01-13T23:58:23.093+0000] {dag.py:3239} INFO - Sync 1 DAGs
[2025-01-13T23:58:23.115+0000] {logging_mixin.py:190} INFO - [2025-01-13T23:58:23.115+0000] {dag.py:4180} INFO - Setting next_dagrun for tutorial to 2025-01-12 00:00:00+00:00, run_after=2025-01-13 00:00:00+00:00
[2025-01-13T23:58:23.135+0000] {processor.py:208} INFO - Processing /home/airflow/.local/lib/python3.12/site-packages/airflow/example_dags/tutorial.py took 0.080 seconds
[2025-01-13T23:58:53.614+0000] {processor.py:186} INFO - Started process (PID=4228) to work on /home/airflow/.local/lib/python3.12/site-packages/airflow/example_dags/tutorial.py
[2025-01-13T23:58:53.615+0000] {processor.py:914} INFO - Processing file /home/airflow/.local/lib/python3.12/site-packages/airflow/example_dags/tutorial.py for tasks to queue
[2025-01-13T23:58:53.617+0000] {logging_mixin.py:190} INFO - [2025-01-13T23:58:53.617+0000] {dagbag.py:588} INFO - Filling up the DagBag from /home/airflow/.local/lib/python3.12/site-packages/airflow/example_dags/tutorial.py
[2025-01-13T23:58:53.625+0000] {processor.py:925} INFO - DAG(s) 'tutorial' retrieved from /home/airflow/.local/lib/python3.12/site-packages/airflow/example_dags/tutorial.py
[2025-01-13T23:58:53.646+0000] {logging_mixin.py:190} INFO - [2025-01-13T23:58:53.646+0000] {dag.py:3239} INFO - Sync 1 DAGs
[2025-01-13T23:58:53.664+0000] {logging_mixin.py:190} INFO - [2025-01-13T23:58:53.664+0000] {dag.py:4180} INFO - Setting next_dagrun for tutorial to 2025-01-12 00:00:00+00:00, run_after=2025-01-13 00:00:00+00:00
[2025-01-13T23:58:53.689+0000] {processor.py:208} INFO - Processing /home/airflow/.local/lib/python3.12/site-packages/airflow/example_dags/tutorial.py took 0.081 seconds
[2025-01-13T23:59:24.207+0000] {processor.py:186} INFO - Started process (PID=4292) to work on /home/airflow/.local/lib/python3.12/site-packages/airflow/example_dags/tutorial.py
[2025-01-13T23:59:24.209+0000] {processor.py:914} INFO - Processing file /home/airflow/.local/lib/python3.12/site-packages/airflow/example_dags/tutorial.py for tasks to queue
[2025-01-13T23:59:24.212+0000] {logging_mixin.py:190} INFO - [2025-01-13T23:59:24.212+0000] {dagbag.py:588} INFO - Filling up the DagBag from /home/airflow/.local/lib/python3.12/site-packages/airflow/example_dags/tutorial.py
[2025-01-13T23:59:24.222+0000] {processor.py:925} INFO - DAG(s) 'tutorial' retrieved from /home/airflow/.local/lib/python3.12/site-packages/airflow/example_dags/tutorial.py
[2025-01-13T23:59:24.247+0000] {logging_mixin.py:190} INFO - [2025-01-13T23:59:24.246+0000] {dag.py:3239} INFO - Sync 1 DAGs
[2025-01-13T23:59:24.272+0000] {logging_mixin.py:190} INFO - [2025-01-13T23:59:24.272+0000] {dag.py:4180} INFO - Setting next_dagrun for tutorial to 2025-01-12 00:00:00+00:00, run_after=2025-01-13 00:00:00+00:00
[2025-01-13T23:59:24.305+0000] {processor.py:208} INFO - Processing /home/airflow/.local/lib/python3.12/site-packages/airflow/example_dags/tutorial.py took 0.102 seconds
[2025-01-13T23:59:54.463+0000] {processor.py:186} INFO - Started process (PID=4357) to work on /home/airflow/.local/lib/python3.12/site-packages/airflow/example_dags/tutorial.py
[2025-01-13T23:59:54.464+0000] {processor.py:914} INFO - Processing file /home/airflow/.local/lib/python3.12/site-packages/airflow/example_dags/tutorial.py for tasks to queue
[2025-01-13T23:59:54.467+0000] {logging_mixin.py:190} INFO - [2025-01-13T23:59:54.466+0000] {dagbag.py:588} INFO - Filling up the DagBag from /home/airflow/.local/lib/python3.12/site-packages/airflow/example_dags/tutorial.py
[2025-01-13T23:59:54.473+0000] {processor.py:925} INFO - DAG(s) 'tutorial' retrieved from /home/airflow/.local/lib/python3.12/site-packages/airflow/example_dags/tutorial.py
[2025-01-13T23:59:54.492+0000] {logging_mixin.py:190} INFO - [2025-01-13T23:59:54.492+0000] {dag.py:3239} INFO - Sync 1 DAGs
[2025-01-13T23:59:54.512+0000] {logging_mixin.py:190} INFO - [2025-01-13T23:59:54.512+0000] {dag.py:4180} INFO - Setting next_dagrun for tutorial to 2025-01-12 00:00:00+00:00, run_after=2025-01-13 00:00:00+00:00
[2025-01-13T23:59:54.540+0000] {processor.py:208} INFO - Processing /home/airflow/.local/lib/python3.12/site-packages/airflow/example_dags/tutorial.py took 0.081 seconds
